CRITICAL [2025-01-12 11:45:27] --- Start Planner Vehicle ID: 3250 (frenet_interface.py:67)
INFO     [2025-01-12 11:45:29] --- Sampled interval of velocity: 0.00 m/s - 17.14 m/s (planner.py:310)
INFO     [2025-01-12 11:45:29] --- select trajectory 21 (reactive_planner_cpp.py:382)
INFO     [2025-01-12 11:45:29] --- current time step: 0 (frenet_interface.py:257)
INFO     [2025-01-12 11:45:29] --- current velocity: 11.342648370498289 (frenet_interface.py:258)
INFO     [2025-01-12 11:45:29] --- current target velocity: 6.3924 (frenet_interface.py:259)
INFO     [2025-01-12 11:45:31] --- Sampled interval of velocity: 0.00 m/s - 17.09 m/s (planner.py:310)
INFO     [2025-01-12 11:45:31] --- current time step: 1 (frenet_interface.py:280)
INFO     [2025-01-12 11:45:31] --- current velocity: 11.202118612827018 (frenet_interface.py:281)
INFO     [2025-01-12 11:45:31] --- current target velocity: 6.342648370498289 (frenet_interface.py:282)
INFO     [2025-01-12 11:45:31] --- Sampled interval of velocity: 0.00 m/s - 16.95 m/s (planner.py:310)
INFO     [2025-01-12 11:45:31] --- current time step: 2 (frenet_interface.py:280)
INFO     [2025-01-12 11:45:31] --- current velocity: 10.983613779571723 (frenet_interface.py:281)
INFO     [2025-01-12 11:45:31] --- current target velocity: 6.202118612827018 (frenet_interface.py:282)
INFO     [2025-01-12 11:45:32] --- Sampled interval of velocity: 0.00 m/s - 16.73 m/s (planner.py:310)
INFO     [2025-01-12 11:45:32] --- select trajectory 321 (reactive_planner_cpp.py:382)
INFO     [2025-01-12 11:45:32] --- current time step: 3 (frenet_interface.py:257)
INFO     [2025-01-12 11:45:32] --- current velocity: 10.842102193753334 (frenet_interface.py:258)
INFO     [2025-01-12 11:45:32] --- current target velocity: 5.983613779571723 (frenet_interface.py:259)
INFO     [2025-01-12 11:45:34] --- Sampled interval of velocity: 0.00 m/s - 16.59 m/s (planner.py:310)
INFO     [2025-01-12 11:45:34] --- current time step: 4 (frenet_interface.py:280)
INFO     [2025-01-12 11:45:34] --- current velocity: 10.67243033219071 (frenet_interface.py:281)
INFO     [2025-01-12 11:45:34] --- current target velocity: 5.842102193753334 (frenet_interface.py:282)
INFO     [2025-01-12 11:45:34] --- Sampled interval of velocity: 0.00 m/s - 16.42 m/s (planner.py:310)
INFO     [2025-01-12 11:45:34] --- current time step: 5 (frenet_interface.py:280)
INFO     [2025-01-12 11:45:34] --- current velocity: 10.477595867173266 (frenet_interface.py:281)
INFO     [2025-01-12 11:45:34] --- current target velocity: 5.672430332190711 (frenet_interface.py:282)
INFO     [2025-01-12 11:45:35] --- Sampled interval of velocity: 0.00 m/s - 16.23 m/s (planner.py:310)
INFO     [2025-01-12 11:45:35] --- select trajectory 621 (reactive_planner_cpp.py:382)
INFO     [2025-01-12 11:45:35] --- current time step: 6 (frenet_interface.py:257)
INFO     [2025-01-12 11:45:35] --- current velocity: 10.36613881471745 (frenet_interface.py:258)
INFO     [2025-01-12 11:45:35] --- current target velocity: 5.477595867173266 (frenet_interface.py:259)
INFO     [2025-01-12 11:45:37] --- Sampled interval of velocity: 0.00 m/s - 16.12 m/s (planner.py:310)
INFO     [2025-01-12 11:45:37] --- current time step: 7 (frenet_interface.py:280)
INFO     [2025-01-12 11:45:37] --- current velocity: 10.238913931932714 (frenet_interface.py:281)
INFO     [2025-01-12 11:45:37] --- current target velocity: 5.36613881471745 (frenet_interface.py:282)
INFO     [2025-01-12 11:45:37] --- Sampled interval of velocity: 0.00 m/s - 15.99 m/s (planner.py:310)
INFO     [2025-01-12 11:45:37] --- current time step: 8 (frenet_interface.py:280)
INFO     [2025-01-12 11:45:37] --- current velocity: 10.097408122036176 (frenet_interface.py:281)
INFO     [2025-01-12 11:45:37] --- current target velocity: 5.238913931932714 (frenet_interface.py:282)
INFO     [2025-01-12 11:45:38] --- Sampled interval of velocity: 0.00 m/s - 15.85 m/s (planner.py:310)
INFO     [2025-01-12 11:45:38] --- select trajectory 231 (reactive_planner_cpp.py:382)
INFO     [2025-01-12 11:45:38] --- current time step: 9 (frenet_interface.py:257)
INFO     [2025-01-12 11:45:38] --- current velocity: 10.014758044739644 (frenet_interface.py:258)
INFO     [2025-01-12 11:45:38] --- current target velocity: 5.097408122036176 (frenet_interface.py:259)
INFO     [2025-01-12 11:45:40] --- Sampled interval of velocity: 0.00 m/s - 15.76 m/s (planner.py:310)
INFO     [2025-01-12 11:45:40] --- current time step: 10 (frenet_interface.py:280)
INFO     [2025-01-12 11:45:40] --- current velocity: 9.916453599895378 (frenet_interface.py:281)
INFO     [2025-01-12 11:45:40] --- current target velocity: 5.014758044739644 (frenet_interface.py:282)
INFO     [2025-01-12 11:45:41] --- Sampled interval of velocity: 0.00 m/s - 15.67 m/s (planner.py:310)
INFO     [2025-01-12 11:45:41] --- current time step: 11 (frenet_interface.py:280)
INFO     [2025-01-12 11:45:41] --- current velocity: 9.804682162168598 (frenet_interface.py:281)
INFO     [2025-01-12 11:45:41] --- current target velocity: 4.9164535998953784 (frenet_interface.py:282)
INFO     [2025-01-12 11:45:41] --- Sampled interval of velocity: 0.00 m/s - 15.55 m/s (planner.py:310)
INFO     [2025-01-12 11:45:42] --- select trajectory 731 (reactive_planner_cpp.py:382)
INFO     [2025-01-12 11:45:42] --- current time step: 12 (frenet_interface.py:257)
INFO     [2025-01-12 11:45:42] --- current velocity: 9.743047758407094 (frenet_interface.py:258)
INFO     [2025-01-12 11:45:42] --- current target velocity: 4.804682162168598 (frenet_interface.py:259)
INFO     [2025-01-12 11:45:44] --- Sampled interval of velocity: 0.00 m/s - 15.49 m/s (planner.py:310)
INFO     [2025-01-12 11:45:44] --- current time step: 13 (frenet_interface.py:280)
INFO     [2025-01-12 11:45:44] --- current velocity: 9.6762888403652 (frenet_interface.py:281)
INFO     [2025-01-12 11:45:44] --- current target velocity: 4.743047758407094 (frenet_interface.py:282)
INFO     [2025-01-12 11:45:44] --- Sampled interval of velocity: 0.00 m/s - 15.43 m/s (planner.py:310)
INFO     [2025-01-12 11:45:44] --- current time step: 14 (frenet_interface.py:280)
INFO     [2025-01-12 11:45:44] --- current velocity: 9.604905049368927 (frenet_interface.py:281)
INFO     [2025-01-12 11:45:44] --- current target velocity: 4.676288840365199 (frenet_interface.py:282)
INFO     [2025-01-12 11:45:45] --- Sampled interval of velocity: 0.00 m/s - 15.35 m/s (planner.py:310)
INFO     [2025-01-12 11:45:45] --- select trajectory 191 (reactive_planner_cpp.py:382)
INFO     [2025-01-12 11:45:45] --- current time step: 15 (frenet_interface.py:257)
INFO     [2025-01-12 11:45:45] --- current velocity: 9.350869679195473 (frenet_interface.py:258)
INFO     [2025-01-12 11:45:45] --- current target velocity: 4.604905049368927 (frenet_interface.py:259)
INFO     [2025-01-12 11:45:47] --- Sampled interval of velocity: 0.00 m/s - 15.10 m/s (planner.py:310)
INFO     [2025-01-12 11:45:47] --- current time step: 16 (frenet_interface.py:280)
INFO     [2025-01-12 11:45:47] --- current velocity: 8.718739460164961 (frenet_interface.py:281)
INFO     [2025-01-12 11:45:47] --- current target velocity: 4.350869679195473 (frenet_interface.py:282)
INFO     [2025-01-12 11:45:47] --- Sampled interval of velocity: 0.00 m/s - 14.47 m/s (planner.py:310)
INFO     [2025-01-12 11:45:47] --- current time step: 17 (frenet_interface.py:280)
INFO     [2025-01-12 11:45:47] --- current velocity: 7.793260291563398 (frenet_interface.py:281)
INFO     [2025-01-12 11:45:47] --- current target velocity: 3.7187394601649615 (frenet_interface.py:282)
INFO     [2025-01-12 11:45:48] --- Sampled interval of velocity: 0.00 m/s - 13.54 m/s (planner.py:310)
INFO     [2025-01-12 11:45:48] --- select trajectory 196 (reactive_planner_cpp.py:382)
INFO     [2025-01-12 11:45:48] --- current time step: 18 (frenet_interface.py:257)
INFO     [2025-01-12 11:45:48] --- current velocity: 7.180410478170479 (frenet_interface.py:258)
INFO     [2025-01-12 11:45:48] --- current target velocity: 2.7932602915633984 (frenet_interface.py:259)
INFO     [2025-01-12 11:45:50] --- Sampled interval of velocity: 0.00 m/s - 12.93 m/s (planner.py:310)
INFO     [2025-01-12 11:45:51] --- current time step: 19 (frenet_interface.py:280)
INFO     [2025-01-12 11:45:51] --- current velocity: 6.415332762083788 (frenet_interface.py:281)
INFO     [2025-01-12 11:45:51] --- current target velocity: 2.719434740766813 (frenet_interface.py:282)
INFO     [2025-01-12 11:45:51] --- Sampled interval of velocity: 0.00 m/s - 12.17 m/s (planner.py:310)
INFO     [2025-01-12 11:45:51] --- current time step: 20 (frenet_interface.py:280)
INFO     [2025-01-12 11:45:51] --- current velocity: 5.542403372199976 (frenet_interface.py:281)
INFO     [2025-01-12 11:45:51] --- current target velocity: 2.6877356308680884 (frenet_interface.py:282)
INFO     [2025-01-12 11:45:52] --- Sampled interval of velocity: 0.00 m/s - 11.29 m/s (planner.py:310)
INFO     [2025-01-12 11:45:52] --- select trajectory 196 (reactive_planner_cpp.py:382)
INFO     [2025-01-12 11:45:52] --- current time step: 21 (frenet_interface.py:257)
INFO     [2025-01-12 11:45:52] --- current velocity: 5.036452304988939 (frenet_interface.py:258)
INFO     [2025-01-12 11:45:52] --- current target velocity: 2.6619684861950788 (frenet_interface.py:259)
INFO     [2025-01-12 11:45:54] --- Sampled interval of velocity: 0.00 m/s - 10.79 m/s (planner.py:310)
INFO     [2025-01-12 11:45:54] --- current time step: 22 (frenet_interface.py:280)
INFO     [2025-01-12 11:45:54] --- current velocity: 4.448898054211856 (frenet_interface.py:281)
INFO     [2025-01-12 11:45:54] --- current target velocity: 2.6412178203474945 (frenet_interface.py:282)
INFO     [2025-01-12 11:45:54] --- Sampled interval of velocity: 0.00 m/s - 10.20 m/s (planner.py:310)
INFO     [2025-01-12 11:45:54] --- current time step: 23 (frenet_interface.py:280)
INFO     [2025-01-12 11:45:54] --- current velocity: 3.807088742914818 (frenet_interface.py:281)
INFO     [2025-01-12 11:45:54] --- current target velocity: 2.6244950954663833 (frenet_interface.py:282)
INFO     [2025-01-12 11:45:55] --- Sampled interval of velocity: 0.00 m/s - 9.56 m/s (planner.py:310)
INFO     [2025-01-12 11:45:55] --- select trajectory 196 (reactive_planner_cpp.py:382)
INFO     [2025-01-12 11:45:55] --- current time step: 24 (frenet_interface.py:257)
INFO     [2025-01-12 11:45:55] --- current velocity: 3.4457881110541733 (frenet_interface.py:258)
INFO     [2025-01-12 11:45:55] --- current target velocity: 2.6124404214414185 (frenet_interface.py:259)
INFO     [2025-01-12 11:45:56] --- Sampled interval of velocity: 0.00 m/s - 9.20 m/s (planner.py:310)
INFO     [2025-01-12 11:45:56] --- current time step: 25 (frenet_interface.py:280)
INFO     [2025-01-12 11:45:56] --- current velocity: 3.033679717518885 (frenet_interface.py:281)
INFO     [2025-01-12 11:45:56] --- current target velocity: 2.6042231595637473 (frenet_interface.py:282)
INFO     [2025-01-12 11:45:56] --- Sampled interval of velocity: 0.00 m/s - 8.78 m/s (planner.py:310)
INFO     [2025-01-12 11:45:56] --- current time step: 26 (frenet_interface.py:280)
INFO     [2025-01-12 11:45:56] --- current velocity: 2.5887189129848 (frenet_interface.py:281)
INFO     [2025-01-12 11:45:56] --- current target velocity: 2.5990283518235904 (frenet_interface.py:282)
INFO     [2025-01-12 11:45:57] --- Sampled interval of velocity: 0.00 m/s - 8.34 m/s (planner.py:310)
INFO     [2025-01-12 11:45:57] --- select trajectory 86 (reactive_planner_cpp.py:382)
INFO     [2025-01-12 11:45:57] --- current time step: 27 (frenet_interface.py:257)
INFO     [2025-01-12 11:45:57] --- current velocity: 2.3870185885491697 (frenet_interface.py:258)
INFO     [2025-01-12 11:45:57] --- current target velocity: 2.5972731917638145 (frenet_interface.py:259)
INFO     [2025-01-12 11:45:58] --- Sampled interval of velocity: 0.00 m/s - 8.14 m/s (planner.py:310)
INFO     [2025-01-12 11:45:58] --- current time step: 28 (frenet_interface.py:280)
INFO     [2025-01-12 11:45:58] --- current velocity: 2.2341676033970432 (frenet_interface.py:281)
INFO     [2025-01-12 11:45:58] --- current target velocity: 2.5982128629874826 (frenet_interface.py:282)
INFO     [2025-01-12 11:45:59] --- Sampled interval of velocity: 0.00 m/s - 7.98 m/s (planner.py:310)
INFO     [2025-01-12 11:45:59] --- current time step: 29 (frenet_interface.py:280)
INFO     [2025-01-12 11:45:59] --- current velocity: 2.125438819938968 (frenet_interface.py:281)
INFO     [2025-01-12 11:45:59] --- current target velocity: 2.600642197538784 (frenet_interface.py:282)
INFO     [2025-01-12 11:45:59] --- Sampled interval of velocity: 0.00 m/s - 7.88 m/s (planner.py:310)
INFO     [2025-01-12 11:45:59] --- select trajectory 106 (reactive_planner_cpp.py:382)
INFO     [2025-01-12 11:45:59] --- current time step: 30 (frenet_interface.py:257)
INFO     [2025-01-12 11:45:59] --- current velocity: 2.062420719592594 (frenet_interface.py:258)
INFO     [2025-01-12 11:45:59] --- current target velocity: 2.6042081177323264 (frenet_interface.py:259)
INFO     [2025-01-12 11:46:01] --- Sampled interval of velocity: 0.00 m/s - 7.81 m/s (planner.py:310)
INFO     [2025-01-12 11:46:01] --- current time step: 31 (frenet_interface.py:280)
INFO     [2025-01-12 11:46:01] --- current velocity: 1.9670031494117375 (frenet_interface.py:281)
INFO     [2025-01-12 11:46:01] --- current target velocity: 2.6085069880157317 (frenet_interface.py:282)
INFO     [2025-01-12 11:46:01] --- Sampled interval of velocity: 0.00 m/s - 7.72 m/s (planner.py:310)
INFO     [2025-01-12 11:46:01] --- current time step: 32 (frenet_interface.py:280)
INFO     [2025-01-12 11:46:01] --- current velocity: 1.8472772914911226 (frenet_interface.py:281)
INFO     [2025-01-12 11:46:01] --- current target velocity: 2.6135621796614092 (frenet_interface.py:282)
INFO     [2025-01-12 11:46:01] --- Sampled interval of velocity: 0.00 m/s - 7.60 m/s (planner.py:310)
INFO     [2025-01-12 11:46:01] --- select trajectory 621 (reactive_planner_cpp.py:382)
INFO     [2025-01-12 11:46:02] --- current time step: 33 (frenet_interface.py:257)
INFO     [2025-01-12 11:46:02] --- current velocity: 1.7905572989207879 (frenet_interface.py:258)
INFO     [2025-01-12 11:46:02] --- current target velocity: 2.619637678752852 (frenet_interface.py:259)
INFO     [2025-01-12 11:46:03] --- Sampled interval of velocity: 0.00 m/s - 7.54 m/s (planner.py:310)
INFO     [2025-01-12 11:46:03] --- current time step: 34 (frenet_interface.py:280)
INFO     [2025-01-12 11:46:03] --- current velocity: 1.7489436504456186 (frenet_interface.py:281)
INFO     [2025-01-12 11:46:03] --- current target velocity: 2.6266119648482147 (frenet_interface.py:282)
INFO     [2025-01-12 11:46:03] --- Sampled interval of velocity: 0.00 m/s - 7.50 m/s (planner.py:310)
INFO     [2025-01-12 11:46:03] --- current time step: 35 (frenet_interface.py:280)
INFO     [2025-01-12 11:46:03] --- current velocity: 1.7214823371238817 (frenet_interface.py:281)
INFO     [2025-01-12 11:46:03] --- current target velocity: 2.63413919624856 (frenet_interface.py:282)
INFO     [2025-01-12 11:46:04] --- Sampled interval of velocity: 0.00 m/s - 7.47 m/s (planner.py:310)
INFO     [2025-01-12 11:46:04] --- select trajectory 421 (reactive_planner_cpp.py:382)
INFO     [2025-01-12 11:46:04] --- current time step: 36 (frenet_interface.py:257)
INFO     [2025-01-12 11:46:04] --- current velocity: 1.7283147397924836 (frenet_interface.py:258)
INFO     [2025-01-12 11:46:04] --- current target velocity: 2.6421045906876635 (frenet_interface.py:259)
INFO     [2025-01-12 11:46:06] --- Sampled interval of velocity: 0.00 m/s - 7.48 m/s (planner.py:310)
INFO     [2025-01-12 11:46:06] --- current time step: 37 (frenet_interface.py:280)
INFO     [2025-01-12 11:46:06] --- current velocity: 1.7661518173915711 (frenet_interface.py:281)
INFO     [2025-01-12 11:46:06] --- current target velocity: 2.6503190899396833 (frenet_interface.py:282)
INFO     [2025-01-12 11:46:06] --- Sampled interval of velocity: 0.00 m/s - 7.52 m/s (planner.py:310)
INFO     [2025-01-12 11:46:06] --- current time step: 38 (frenet_interface.py:280)
INFO     [2025-01-12 11:46:06] --- current velocity: 1.8299491917175743 (frenet_interface.py:281)
INFO     [2025-01-12 11:46:06] --- current target velocity: 2.658476602263305 (frenet_interface.py:282)
INFO     [2025-01-12 11:46:06] --- Sampled interval of velocity: 0.00 m/s - 7.58 m/s (planner.py:310)
INFO     [2025-01-12 11:46:07] --- select trajectory 121 (reactive_planner_cpp.py:382)
INFO     [2025-01-12 11:46:07] --- current time step: 39 (frenet_interface.py:257)
INFO     [2025-01-12 11:46:07] --- current velocity: 1.8845782720161595 (frenet_interface.py:258)
INFO     [2025-01-12 11:46:07] --- current target velocity: 2.666316643127638 (frenet_interface.py:259)
INFO     [2025-01-12 11:46:08] --- Sampled interval of velocity: 0.00 m/s - 7.63 m/s (planner.py:310)
INFO     [2025-01-12 11:46:08] --- current time step: 40 (frenet_interface.py:280)
INFO     [2025-01-12 11:46:08] --- current velocity: 1.9685209496044955 (frenet_interface.py:281)
INFO     [2025-01-12 11:46:08] --- current target velocity: 2.6737645735447217 (frenet_interface.py:282)
INFO     [2025-01-12 11:46:09] --- Sampled interval of velocity: 0.00 m/s - 7.72 m/s (planner.py:310)
INFO     [2025-01-12 11:46:09] --- current time step: 41 (frenet_interface.py:280)
INFO     [2025-01-12 11:46:09] --- current velocity: 2.0745043105504064 (frenet_interface.py:281)
INFO     [2025-01-12 11:46:09] --- current target velocity: 2.680703280495171 (frenet_interface.py:282)
INFO     [2025-01-12 11:46:10] --- Sampled interval of velocity: 0.00 m/s - 7.82 m/s (planner.py:310)
INFO     [2025-01-12 11:46:10] --- select trajectory 721 (reactive_planner_cpp.py:382)
INFO     [2025-01-12 11:46:10] --- current time step: 42 (frenet_interface.py:257)
INFO     [2025-01-12 11:46:10] --- current velocity: 2.130841616907647 (frenet_interface.py:258)
INFO     [2025-01-12 11:46:10] --- current target velocity: 2.6868785091041727 (frenet_interface.py:259)
