CRITICAL [2025-01-12 11:29:37] --- Start Planner Vehicle ID: 30738 (frenet_interface.py:67)
INFO     [2025-01-12 11:29:41] --- Sampled interval of velocity: 0.00 m/s - 17.14 m/s (planner.py:310)
INFO     [2025-01-12 11:29:41] --- select trajectory 121 (reactive_planner_cpp.py:382)
INFO     [2025-01-12 11:29:41] --- current time step: 0 (frenet_interface.py:257)
INFO     [2025-01-12 11:29:41] --- current velocity: 11.272660394520917 (frenet_interface.py:258)
INFO     [2025-01-12 11:29:41] --- current target velocity: 6.388199999999999 (frenet_interface.py:259)
INFO     [2025-01-12 11:29:43] --- Sampled interval of velocity: 0.00 m/s - 17.02 m/s (planner.py:310)
INFO     [2025-01-12 11:29:43] --- current time step: 1 (frenet_interface.py:280)
INFO     [2025-01-12 11:29:43] --- current velocity: 10.955858275287543 (frenet_interface.py:281)
INFO     [2025-01-12 11:29:43] --- current target velocity: 6.272660394520917 (frenet_interface.py:282)
INFO     [2025-01-12 11:29:44] --- Sampled interval of velocity: 0.00 m/s - 16.71 m/s (planner.py:310)
INFO     [2025-01-12 11:29:44] --- current time step: 2 (frenet_interface.py:280)
INFO     [2025-01-12 11:29:44] --- current velocity: 10.482518637664969 (frenet_interface.py:281)
INFO     [2025-01-12 11:29:44] --- current target velocity: 5.955858275287543 (frenet_interface.py:282)
INFO     [2025-01-12 11:29:45] --- Sampled interval of velocity: 0.00 m/s - 16.23 m/s (planner.py:310)
INFO     [2025-01-12 11:29:45] --- select trajectory 121 (reactive_planner_cpp.py:382)
INFO     [2025-01-12 11:29:45] --- current time step: 3 (frenet_interface.py:257)
INFO     [2025-01-12 11:29:45] --- current velocity: 10.158385880311862 (frenet_interface.py:258)
INFO     [2025-01-12 11:29:45] --- current target velocity: 5.482518637664969 (frenet_interface.py:259)
INFO     [2025-01-12 11:29:48] --- Sampled interval of velocity: 0.00 m/s - 15.91 m/s (planner.py:310)
INFO     [2025-01-12 11:29:48] --- current time step: 4 (frenet_interface.py:280)
INFO     [2025-01-12 11:29:48] --- current velocity: 9.740230959627446 (frenet_interface.py:281)
INFO     [2025-01-12 11:29:48] --- current target velocity: 5.158385880311862 (frenet_interface.py:282)
INFO     [2025-01-12 11:29:48] --- Sampled interval of velocity: 0.00 m/s - 15.49 m/s (planner.py:310)
INFO     [2025-01-12 11:29:48] --- current time step: 5 (frenet_interface.py:280)
INFO     [2025-01-12 11:29:48] --- current velocity: 9.25436889789918 (frenet_interface.py:281)
INFO     [2025-01-12 11:29:48] --- current target velocity: 4.740230959627446 (frenet_interface.py:282)
INFO     [2025-01-12 11:29:49] --- Sampled interval of velocity: 0.00 m/s - 15.00 m/s (planner.py:310)
INFO     [2025-01-12 11:29:50] --- select trajectory 111 (reactive_planner_cpp.py:382)
INFO     [2025-01-12 11:29:50] --- current time step: 6 (frenet_interface.py:257)
INFO     [2025-01-12 11:29:50] --- current velocity: 8.915076975145773 (frenet_interface.py:258)
INFO     [2025-01-12 11:29:50] --- current target velocity: 4.25436889789918 (frenet_interface.py:259)
INFO     [2025-01-12 11:29:52] --- Sampled interval of velocity: 0.00 m/s - 14.67 m/s (planner.py:310)
INFO     [2025-01-12 11:29:52] --- current time step: 7 (frenet_interface.py:280)
INFO     [2025-01-12 11:29:52] --- current velocity: 8.432772923108478 (frenet_interface.py:281)
INFO     [2025-01-12 11:29:52] --- current target velocity: 3.915076975145773 (frenet_interface.py:282)
INFO     [2025-01-12 11:29:53] --- Sampled interval of velocity: 0.00 m/s - 14.18 m/s (planner.py:310)
INFO     [2025-01-12 11:29:53] --- current time step: 8 (frenet_interface.py:280)
INFO     [2025-01-12 11:29:53] --- current velocity: 7.8443982848678315 (frenet_interface.py:281)
INFO     [2025-01-12 11:29:53] --- current target velocity: 3.4327729231084785 (frenet_interface.py:282)
INFO     [2025-01-12 11:29:54] --- Sampled interval of velocity: 0.00 m/s - 13.59 m/s (planner.py:310)
INFO     [2025-01-12 11:29:54] --- select trajectory 111 (reactive_planner_cpp.py:382)
INFO     [2025-01-12 11:29:54] --- current time step: 9 (frenet_interface.py:257)
INFO     [2025-01-12 11:29:54] --- current velocity: 7.480912673522752 (frenet_interface.py:258)
INFO     [2025-01-12 11:29:54] --- current target velocity: 2.8443982848678315 (frenet_interface.py:259)
INFO     [2025-01-12 11:29:57] --- Sampled interval of velocity: 0.00 m/s - 13.23 m/s (planner.py:310)
INFO     [2025-01-12 11:29:57] --- current time step: 10 (frenet_interface.py:280)
INFO     [2025-01-12 11:29:57] --- current velocity: 7.035870668127794 (frenet_interface.py:281)
INFO     [2025-01-12 11:29:57] --- current target velocity: 2.4809126735227522 (frenet_interface.py:282)
INFO     [2025-01-12 11:29:57] --- Sampled interval of velocity: 0.00 m/s - 12.79 m/s (planner.py:310)
INFO     [2025-01-12 11:29:57] --- current time step: 11 (frenet_interface.py:280)
INFO     [2025-01-12 11:29:57] --- current velocity: 6.533750408234463 (frenet_interface.py:281)
INFO     [2025-01-12 11:29:57] --- current target velocity: 2.035870668127794 (frenet_interface.py:282)
INFO     [2025-01-12 11:29:59] --- Sampled interval of velocity: 0.00 m/s - 12.28 m/s (planner.py:310)
INFO     [2025-01-12 11:29:59] --- select trajectory 101 (reactive_planner_cpp.py:382)
INFO     [2025-01-12 11:29:59] --- current time step: 12 (frenet_interface.py:257)
INFO     [2025-01-12 11:29:59] --- current velocity: 6.201447911451116 (frenet_interface.py:258)
INFO     [2025-01-12 11:29:59] --- current target velocity: 1.5337504082344626 (frenet_interface.py:259)
INFO     [2025-01-12 11:30:01] --- Sampled interval of velocity: 0.00 m/s - 11.95 m/s (planner.py:310)
INFO     [2025-01-12 11:30:01] --- current time step: 13 (frenet_interface.py:280)
INFO     [2025-01-12 11:30:01] --- current velocity: 5.748441088601775 (frenet_interface.py:281)
INFO     [2025-01-12 11:30:01] --- current target velocity: 1.2466251276266975 (frenet_interface.py:282)
INFO     [2025-01-12 11:30:02] --- Sampled interval of velocity: 0.00 m/s - 11.50 m/s (planner.py:310)
INFO     [2025-01-12 11:30:02] --- current time step: 14 (frenet_interface.py:280)
INFO     [2025-01-12 11:30:02] --- current velocity: 5.206830913705772 (frenet_interface.py:281)
INFO     [2025-01-12 11:30:02] --- current target velocity: 1.2115359382827753 (frenet_interface.py:282)
INFO     [2025-01-12 11:30:03] --- Sampled interval of velocity: 0.00 m/s - 10.96 m/s (planner.py:310)
INFO     [2025-01-12 11:30:03] --- select trajectory 101 (reactive_planner_cpp.py:382)
INFO     [2025-01-12 11:30:03] --- current time step: 15 (frenet_interface.py:257)
INFO     [2025-01-12 11:30:03] --- current velocity: 4.879788654868779 (frenet_interface.py:258)
INFO     [2025-01-12 11:30:03] --- current target velocity: 1.1796542503288976 (frenet_interface.py:259)
INFO     [2025-01-12 11:30:05] --- Sampled interval of velocity: 0.00 m/s - 10.63 m/s (planner.py:310)
INFO     [2025-01-12 11:30:05] --- current time step: 16 (frenet_interface.py:280)
INFO     [2025-01-12 11:30:05] --- current velocity: 4.4874242362285255 (frenet_interface.py:281)
INFO     [2025-01-12 11:30:05] --- current target velocity: 1.1505569118093542 (frenet_interface.py:282)
INFO     [2025-01-12 11:30:06] --- Sampled interval of velocity: 0.00 m/s - 10.24 m/s (planner.py:310)
INFO     [2025-01-12 11:30:06] --- current time step: 17 (frenet_interface.py:280)
INFO     [2025-01-12 11:30:06] --- current velocity: 4.050063912195173 (frenet_interface.py:281)
INFO     [2025-01-12 11:30:06] --- current target velocity: 1.1237565621371794 (frenet_interface.py:282)
INFO     [2025-01-12 11:30:08] --- Sampled interval of velocity: 0.00 m/s - 9.80 m/s (planner.py:310)
INFO     [2025-01-12 11:30:08] --- select trajectory 101 (reactive_planner_cpp.py:382)
INFO     [2025-01-12 11:30:08] --- current time step: 18 (frenet_interface.py:257)
INFO     [2025-01-12 11:30:08] --- current velocity: 3.7970622749280087 (frenet_interface.py:258)
INFO     [2025-01-12 11:30:08] --- current target velocity: 1.0997268654773777 (frenet_interface.py:259)
INFO     [2025-01-12 11:30:10] --- Sampled interval of velocity: 0.00 m/s - 9.55 m/s (planner.py:310)
INFO     [2025-01-12 11:30:10] --- current time step: 19 (frenet_interface.py:280)
INFO     [2025-01-12 11:30:10] --- current velocity: 3.5006260380564993 (frenet_interface.py:281)
INFO     [2025-01-12 11:30:10] --- current target velocity: 1.0779726451444025 (frenet_interface.py:282)
INFO     [2025-01-12 11:30:11] --- Sampled interval of velocity: 0.00 m/s - 9.25 m/s (planner.py:310)
INFO     [2025-01-12 11:30:11] --- current time step: 20 (frenet_interface.py:280)
INFO     [2025-01-12 11:30:11] --- current velocity: 3.174983925382084 (frenet_interface.py:281)
INFO     [2025-01-12 11:30:11] --- current target velocity: 1.0580199460019801 (frenet_interface.py:282)
INFO     [2025-01-12 11:30:12] --- Sampled interval of velocity: 0.00 m/s - 8.92 m/s (planner.py:310)
INFO     [2025-01-12 11:30:12] --- select trajectory 101 (reactive_planner_cpp.py:382)
INFO     [2025-01-12 11:30:12] --- current time step: 21 (frenet_interface.py:257)
INFO     [2025-01-12 11:30:12] --- current velocity: 2.988402976432985 (frenet_interface.py:258)
INFO     [2025-01-12 11:30:12] --- current target velocity: 1.0401947430207104 (frenet_interface.py:259)
INFO     [2025-01-12 11:30:14] --- Sampled interval of velocity: 0.00 m/s - 8.74 m/s (planner.py:310)
INFO     [2025-01-12 11:30:14] --- current time step: 22 (frenet_interface.py:280)
INFO     [2025-01-12 11:30:14] --- current velocity: 2.7709893488136976 (frenet_interface.py:281)
INFO     [2025-01-12 11:30:14] --- current target velocity: 1.0240963589470702 (frenet_interface.py:282)
INFO     [2025-01-12 11:30:15] --- Sampled interval of velocity: 0.00 m/s - 8.52 m/s (planner.py:310)
INFO     [2025-01-12 11:30:15] --- current time step: 23 (frenet_interface.py:280)
INFO     [2025-01-12 11:30:15] --- current velocity: 2.5329836607998155 (frenet_interface.py:281)
INFO     [2025-01-12 11:30:15] --- current target velocity: 1.0093523709190648 (frenet_interface.py:282)
INFO     [2025-01-12 11:30:16] --- Sampled interval of velocity: 0.00 m/s - 8.28 m/s (planner.py:310)
INFO     [2025-01-12 11:30:16] --- select trajectory 101 (reactive_planner_cpp.py:382)
INFO     [2025-01-12 11:30:16] --- current time step: 24 (frenet_interface.py:257)
INFO     [2025-01-12 11:30:16] --- current velocity: 2.3969300863171226 (frenet_interface.py:258)
INFO     [2025-01-12 11:30:16] --- current target velocity: 0.9962009833890284 (frenet_interface.py:259)
INFO     [2025-01-12 11:30:18] --- Sampled interval of velocity: 0.00 m/s - 8.15 m/s (planner.py:310)
INFO     [2025-01-12 11:30:18] --- current time step: 25 (frenet_interface.py:280)
INFO     [2025-01-12 11:30:18] --- current velocity: 2.238605964674929 (frenet_interface.py:281)
INFO     [2025-01-12 11:30:18] --- current target velocity: 0.9843387169054059 (frenet_interface.py:282)
INFO     [2025-01-12 11:30:19] --- Sampled interval of velocity: 0.00 m/s - 7.99 m/s (planner.py:310)
INFO     [2025-01-12 11:30:19] --- current time step: 26 (frenet_interface.py:280)
INFO     [2025-01-12 11:30:19] --- current velocity: 2.065433925087315 (frenet_interface.py:281)
INFO     [2025-01-12 11:30:19] --- current target velocity: 0.9734852541966951 (frenet_interface.py:282)
INFO     [2025-01-12 11:30:20] --- Sampled interval of velocity: 0.00 m/s - 7.82 m/s (planner.py:310)
INFO     [2025-01-12 11:30:21] --- select trajectory 101 (reactive_planner_cpp.py:382)
INFO     [2025-01-12 11:30:21] --- current time step: 27 (frenet_interface.py:257)
INFO     [2025-01-12 11:30:21] --- current velocity: 1.966498158937357 (frenet_interface.py:258)
INFO     [2025-01-12 11:30:21] --- current target velocity: 0.9638175267786432 (frenet_interface.py:259)
INFO     [2025-01-12 11:30:22] --- Sampled interval of velocity: 0.00 m/s - 7.72 m/s (planner.py:310)
INFO     [2025-01-12 11:30:22] --- current time step: 28 (frenet_interface.py:280)
INFO     [2025-01-12 11:30:22] --- current velocity: 1.8514057071117151 (frenet_interface.py:281)
INFO     [2025-01-12 11:30:22] --- current target velocity: 0.9551091013512436 (frenet_interface.py:282)
INFO     [2025-01-12 11:30:23] --- Sampled interval of velocity: 0.00 m/s - 7.60 m/s (planner.py:310)
INFO     [2025-01-12 11:30:23] --- current time step: 29 (frenet_interface.py:280)
INFO     [2025-01-12 11:30:23] --- current velocity: 1.7255461542297792 (frenet_interface.py:281)
INFO     [2025-01-12 11:30:23] --- current target velocity: 0.9471510625061796 (frenet_interface.py:282)
INFO     [2025-01-12 11:30:25] --- Sampled interval of velocity: 0.00 m/s - 7.48 m/s (planner.py:310)
INFO     [2025-01-12 11:30:25] --- select trajectory 101 (reactive_planner_cpp.py:382)
INFO     [2025-01-12 11:30:25] --- current time step: 30 (frenet_interface.py:257)
INFO     [2025-01-12 11:30:25] --- current velocity: 1.6536508275440873 (frenet_interface.py:258)
INFO     [2025-01-12 11:30:25] --- current target velocity: 0.9400754527113843 (frenet_interface.py:259)
INFO     [2025-01-12 11:30:26] --- Sampled interval of velocity: 0.00 m/s - 7.40 m/s (planner.py:310)
INFO     [2025-01-12 11:30:26] --- current time step: 31 (frenet_interface.py:280)
INFO     [2025-01-12 11:30:26] --- current velocity: 1.570021487647647 (frenet_interface.py:281)
INFO     [2025-01-12 11:30:26] --- current target velocity: 0.9337138933392476 (frenet_interface.py:282)
INFO     [2025-01-12 11:30:27] --- Sampled interval of velocity: 0.00 m/s - 7.32 m/s (planner.py:310)
INFO     [2025-01-12 11:30:27] --- current time step: 32 (frenet_interface.py:280)
INFO     [2025-01-12 11:30:27] --- current velocity: 1.4785732339048665 (frenet_interface.py:281)
INFO     [2025-01-12 11:30:27] --- current target velocity: 0.9279110132324029 (frenet_interface.py:282)
INFO     [2025-01-12 11:30:28] --- Sampled interval of velocity: 0.00 m/s - 7.23 m/s (planner.py:310)
INFO     [2025-01-12 11:30:28] --- select trajectory 101 (reactive_planner_cpp.py:382)
INFO     [2025-01-12 11:30:28] --- current time step: 33 (frenet_interface.py:257)
INFO     [2025-01-12 11:30:28] --- current velocity: 1.426336647741731 (frenet_interface.py:258)
INFO     [2025-01-12 11:30:28] --- current target velocity: 0.9227655408497404 (frenet_interface.py:259)
INFO     [2025-01-12 11:30:30] --- Sampled interval of velocity: 0.00 m/s - 7.18 m/s (planner.py:310)
INFO     [2025-01-12 11:30:30] --- current time step: 34 (frenet_interface.py:280)
INFO     [2025-01-12 11:30:30] --- current velocity: 1.3655757746504742 (frenet_interface.py:281)
INFO     [2025-01-12 11:30:30] --- current target velocity: 0.9181523384907058 (frenet_interface.py:282)
INFO     [2025-01-12 11:30:31] --- Sampled interval of velocity: 0.00 m/s - 7.12 m/s (planner.py:310)
INFO     [2025-01-12 11:30:31] --- current time step: 35 (frenet_interface.py:280)
INFO     [2025-01-12 11:30:31] --- current velocity: 1.2991349276387134 (frenet_interface.py:281)
INFO     [2025-01-12 11:30:31] --- current target velocity: 0.9139558848294751 (frenet_interface.py:282)
INFO     [2025-01-12 11:30:33] --- Sampled interval of velocity: 0.00 m/s - 7.05 m/s (planner.py:310)
INFO     [2025-01-12 11:30:33] --- select trajectory 101 (reactive_planner_cpp.py:382)
INFO     [2025-01-12 11:30:33] --- current time step: 36 (frenet_interface.py:257)
INFO     [2025-01-12 11:30:33] --- current velocity: 1.261183266390062 (frenet_interface.py:258)
INFO     [2025-01-12 11:30:33] --- current target velocity: 0.9102500947006644 (frenet_interface.py:259)
INFO     [2025-01-12 11:30:34] --- Sampled interval of velocity: 0.00 m/s - 7.01 m/s (planner.py:310)
INFO     [2025-01-12 11:30:34] --- current time step: 37 (frenet_interface.py:280)
INFO     [2025-01-12 11:30:34] --- current velocity: 1.2170386412806595 (frenet_interface.py:281)
INFO     [2025-01-12 11:30:34] --- current target velocity: 0.9069419591256864 (frenet_interface.py:282)
INFO     [2025-01-12 11:30:35] --- Sampled interval of velocity: 0.00 m/s - 6.97 m/s (planner.py:310)
INFO     [2025-01-12 11:30:35] --- current time step: 38 (frenet_interface.py:280)
INFO     [2025-01-12 11:30:35] --- current velocity: 1.168767496094131 (frenet_interface.py:281)
INFO     [2025-01-12 11:30:35] --- current target velocity: 0.9039455719811191 (frenet_interface.py:282)
INFO     [2025-01-12 11:30:36] --- Sampled interval of velocity: 0.00 m/s - 6.92 m/s (planner.py:310)
INFO     [2025-01-12 11:30:36] --- select trajectory 101 (reactive_planner_cpp.py:382)
INFO     [2025-01-12 11:30:36] --- current time step: 39 (frenet_interface.py:257)
INFO     [2025-01-12 11:30:36] --- current velocity: 1.141194604892117 (frenet_interface.py:258)
INFO     [2025-01-12 11:30:36] --- current target velocity: 0.9013163422414721 (frenet_interface.py:259)
INFO     [2025-01-12 11:30:38] --- Sampled interval of velocity: 0.00 m/s - 6.89 m/s (planner.py:310)
INFO     [2025-01-12 11:30:38] --- current time step: 40 (frenet_interface.py:280)
INFO     [2025-01-12 11:30:38] --- current velocity: 1.1091224005760223 (frenet_interface.py:281)
INFO     [2025-01-12 11:30:38] --- current target velocity: 0.8989851293447456 (frenet_interface.py:282)
INFO     [2025-01-12 11:30:38] --- Sampled interval of velocity: 0.00 m/s - 6.86 m/s (planner.py:310)
INFO     [2025-01-12 11:30:38] --- current time step: 41 (frenet_interface.py:280)
INFO     [2025-01-12 11:30:38] --- current velocity: 1.0740522011212408 (frenet_interface.py:281)
INFO     [2025-01-12 11:30:38] --- current target velocity: 0.8968880389644208 (frenet_interface.py:282)
INFO     [2025-01-12 11:30:39] --- Sampled interval of velocity: 0.00 m/s - 6.82 m/s (planner.py:310)
INFO     [2025-01-12 11:30:39] --- select trajectory 181 (reactive_planner_cpp.py:382)
INFO     [2025-01-12 11:30:39] --- current time step: 42 (frenet_interface.py:257)
INFO     [2025-01-12 11:30:39] --- current velocity: 1.0591477557750082 (frenet_interface.py:258)
INFO     [2025-01-12 11:30:39] --- current target velocity: 1.0740522011212408 (frenet_interface.py:259)
INFO     [2025-01-12 11:30:41] --- Sampled interval of velocity: 0.00 m/s - 6.81 m/s (planner.py:310)
INFO     [2025-01-12 11:30:41] --- current time step: 43 (frenet_interface.py:280)
INFO     [2025-01-12 11:30:41] --- current velocity: 1.049906999653506 (frenet_interface.py:281)
INFO     [2025-01-12 11:30:41] --- current target velocity: 1.0591477557750082 (frenet_interface.py:282)
INFO     [2025-01-12 11:30:42] --- Sampled interval of velocity: 0.00 m/s - 6.80 m/s (planner.py:310)
INFO     [2025-01-12 11:30:42] --- current time step: 44 (frenet_interface.py:280)
INFO     [2025-01-12 11:30:42] --- current velocity: 1.0454356660385684 (frenet_interface.py:281)
INFO     [2025-01-12 11:30:42] --- current target velocity: 1.049906999653506 (frenet_interface.py:282)
INFO     [2025-01-12 11:30:43] --- Sampled interval of velocity: 0.00 m/s - 6.80 m/s (planner.py:310)
INFO     [2025-01-12 11:30:43] --- select trajectory 181 (reactive_planner_cpp.py:382)
INFO     [2025-01-12 11:30:43] --- current time step: 45 (frenet_interface.py:257)
INFO     [2025-01-12 11:30:43] --- current velocity: 1.0444502481508733 (frenet_interface.py:258)
INFO     [2025-01-12 11:30:43] --- current target velocity: 1.0454356660385684 (frenet_interface.py:259)
INFO     [2025-01-12 11:30:44] --- Sampled interval of velocity: 0.00 m/s - 6.79 m/s (planner.py:310)
INFO     [2025-01-12 11:30:44] --- current time step: 46 (frenet_interface.py:280)
INFO     [2025-01-12 11:30:44] --- current velocity: 1.043839289058425 (frenet_interface.py:281)
INFO     [2025-01-12 11:30:44] --- current target velocity: 1.0444502481508733 (frenet_interface.py:282)
INFO     [2025-01-12 11:30:46] --- Sampled interval of velocity: 0.00 m/s - 6.79 m/s (planner.py:310)
INFO     [2025-01-12 11:30:46] --- current time step: 47 (frenet_interface.py:280)
INFO     [2025-01-12 11:30:46] --- current velocity: 1.0435436636890376 (frenet_interface.py:281)
INFO     [2025-01-12 11:30:46] --- current target velocity: 1.043839289058425 (frenet_interface.py:282)
INFO     [2025-01-12 11:30:47] --- Sampled interval of velocity: 0.00 m/s - 6.79 m/s (planner.py:310)
INFO     [2025-01-12 11:30:47] --- select trajectory 181 (reactive_planner_cpp.py:382)
INFO     [2025-01-12 11:30:47] --- current time step: 48 (frenet_interface.py:257)
INFO     [2025-01-12 11:30:47] --- current velocity: 1.0434785120893895 (frenet_interface.py:258)
INFO     [2025-01-12 11:30:47] --- current target velocity: 1.0435436636890376 (frenet_interface.py:259)
INFO     [2025-01-12 11:30:48] --- Sampled interval of velocity: 0.00 m/s - 6.79 m/s (planner.py:310)
INFO     [2025-01-12 11:30:48] --- current time step: 49 (frenet_interface.py:280)
INFO     [2025-01-12 11:30:48] --- current velocity: 1.0434381180978345 (frenet_interface.py:281)
INFO     [2025-01-12 11:30:48] --- current target velocity: 1.0434785120893895 (frenet_interface.py:282)
