CRITICAL [2025-01-12 11:43:40] --- Start Planner Vehicle ID: 30195 (frenet_interface.py:67)
INFO     [2025-01-12 11:43:42] --- Sampled interval of velocity: 0.00 m/s - 12.00 m/s (planner.py:310)
INFO     [2025-01-12 11:43:42] --- select trajectory 611 (reactive_planner_cpp.py:382)
INFO     [2025-01-12 11:43:42] --- current time step: 0 (frenet_interface.py:257)
INFO     [2025-01-12 11:43:42] --- current velocity: 6.2340076890431435 (frenet_interface.py:258)
INFO     [2025-01-12 11:43:42] --- current target velocity: 6.853843644720603 (frenet_interface.py:259)
INFO     [2025-01-12 11:43:43] --- Sampled interval of velocity: 0.00 m/s - 11.98 m/s (planner.py:310)
INFO     [2025-01-12 11:43:43] --- current time step: 1 (frenet_interface.py:280)
INFO     [2025-01-12 11:43:43] --- current velocity: 6.195132752410111 (frenet_interface.py:281)
INFO     [2025-01-12 11:43:43] --- current target velocity: 6.858844534433051 (frenet_interface.py:282)
INFO     [2025-01-12 11:43:43] --- Sampled interval of velocity: 0.00 m/s - 11.95 m/s (planner.py:310)
INFO     [2025-01-12 11:43:43] --- current time step: 2 (frenet_interface.py:280)
INFO     [2025-01-12 11:43:43] --- current velocity: 6.133012530100464 (frenet_interface.py:281)
INFO     [2025-01-12 11:43:43] --- current target velocity: 6.864076425272582 (frenet_interface.py:282)
INFO     [2025-01-12 11:43:44] --- Sampled interval of velocity: 0.00 m/s - 11.88 m/s (planner.py:310)
INFO     [2025-01-12 11:43:44] --- select trajectory 211 (reactive_planner_cpp.py:382)
INFO     [2025-01-12 11:43:44] --- current time step: 3 (frenet_interface.py:257)
INFO     [2025-01-12 11:43:44] --- current velocity: 6.073578570418137 (frenet_interface.py:258)
INFO     [2025-01-12 11:43:44] --- current target velocity: 6.869678085097338 (frenet_interface.py:259)
INFO     [2025-01-12 11:43:45] --- Sampled interval of velocity: 0.00 m/s - 11.82 m/s (planner.py:310)
INFO     [2025-01-12 11:43:45] --- current time step: 4 (frenet_interface.py:280)
INFO     [2025-01-12 11:43:45] --- current velocity: 5.972085895121682 (frenet_interface.py:281)
INFO     [2025-01-12 11:43:45] --- current target velocity: 6.875700102416437 (frenet_interface.py:282)
INFO     [2025-01-12 11:43:45] --- Sampled interval of velocity: 0.00 m/s - 11.72 m/s (planner.py:310)
INFO     [2025-01-12 11:43:45] --- current time step: 5 (frenet_interface.py:280)
INFO     [2025-01-12 11:43:45] --- current velocity: 5.835008252453145 (frenet_interface.py:281)
INFO     [2025-01-12 11:43:45] --- current target velocity: 6.882277893494492 (frenet_interface.py:282)
INFO     [2025-01-12 11:43:47] --- Sampled interval of velocity: 0.00 m/s - 11.59 m/s (planner.py:310)
INFO     [2025-01-12 11:43:47] --- select trajectory 111 (reactive_planner_cpp.py:382)
INFO     [2025-01-12 11:43:47] --- current time step: 6 (frenet_interface.py:257)
INFO     [2025-01-12 11:43:47] --- current velocity: 5.696583941886754 (frenet_interface.py:258)
INFO     [2025-01-12 11:43:47] --- current target velocity: 6.889656481026415 (frenet_interface.py:259)
INFO     [2025-01-12 11:43:48] --- Sampled interval of velocity: 0.00 m/s - 11.45 m/s (planner.py:310)
INFO     [2025-01-12 11:43:48] --- current time step: 7 (frenet_interface.py:280)
INFO     [2025-01-12 11:43:48] --- current velocity: 5.458005961412049 (frenet_interface.py:281)
INFO     [2025-01-12 11:43:48] --- current target velocity: 6.89792997448414 (frenet_interface.py:282)
INFO     [2025-01-12 11:43:48] --- Sampled interval of velocity: 0.00 m/s - 11.21 m/s (planner.py:310)
INFO     [2025-01-12 11:43:48] --- current time step: 8 (frenet_interface.py:280)
INFO     [2025-01-12 11:43:48] --- current velocity: 5.151112451714777 (frenet_interface.py:281)
INFO     [2025-01-12 11:43:48] --- current target velocity: 6.907531860319854 (frenet_interface.py:282)
INFO     [2025-01-12 11:43:49] --- Sampled interval of velocity: 0.00 m/s - 10.90 m/s (planner.py:310)
INFO     [2025-01-12 11:43:49] --- select trajectory 701 (reactive_planner_cpp.py:382)
INFO     [2025-01-12 11:43:49] --- current time step: 9 (frenet_interface.py:257)
INFO     [2025-01-12 11:43:49] --- current velocity: 4.98525730867545 (frenet_interface.py:258)
INFO     [2025-01-12 11:43:49] --- current target velocity: 6.919094440028963 (frenet_interface.py:259)
INFO     [2025-01-12 11:43:50] --- Sampled interval of velocity: 0.00 m/s - 10.74 m/s (planner.py:310)
INFO     [2025-01-12 11:43:50] --- current time step: 10 (frenet_interface.py:280)
INFO     [2025-01-12 11:43:50] --- current velocity: 4.818473054437631 (frenet_interface.py:281)
INFO     [2025-01-12 11:43:50] --- current target velocity: 6.932482141939075 (frenet_interface.py:282)
INFO     [2025-01-12 11:43:50] --- Sampled interval of velocity: 0.00 m/s - 10.57 m/s (planner.py:310)
INFO     [2025-01-12 11:43:50] --- current time step: 11 (frenet_interface.py:280)
INFO     [2025-01-12 11:43:50] --- current velocity: 4.650367484168264 (frenet_interface.py:281)
INFO     [2025-01-12 11:43:50] --- current target velocity: 6.947245626946349 (frenet_interface.py:282)
INFO     [2025-01-12 11:43:50] --- Sampled interval of velocity: 0.00 m/s - 10.40 m/s (planner.py:310)
INFO     [2025-01-12 11:43:50] --- select trajectory 501 (reactive_planner_cpp.py:382)
INFO     [2025-01-12 11:43:50] --- current time step: 12 (frenet_interface.py:257)
INFO     [2025-01-12 11:43:50] --- current velocity: 4.557670319227138 (frenet_interface.py:258)
INFO     [2025-01-12 11:43:50] --- current target velocity: 6.96343672322156 (frenet_interface.py:259)
INFO     [2025-01-12 11:43:52] --- Sampled interval of velocity: 0.00 m/s - 10.31 m/s (planner.py:310)
INFO     [2025-01-12 11:43:52] --- current time step: 13 (frenet_interface.py:280)
INFO     [2025-01-12 11:43:52] --- current velocity: 4.448337897763175 (frenet_interface.py:281)
INFO     [2025-01-12 11:43:52] --- current target velocity: 6.980812285665595 (frenet_interface.py:282)
INFO     [2025-01-12 11:43:52] --- Sampled interval of velocity: 0.00 m/s - 10.20 m/s (planner.py:310)
INFO     [2025-01-12 11:43:52] --- current time step: 14 (frenet_interface.py:280)
INFO     [2025-01-12 11:43:52] --- current velocity: 4.324701187041211 (frenet_interface.py:281)
INFO     [2025-01-12 11:43:52] --- current target velocity: 6.9991864577176806 (frenet_interface.py:282)
INFO     [2025-01-12 11:43:52] --- Sampled interval of velocity: 0.00 m/s - 10.07 m/s (planner.py:310)
INFO     [2025-01-12 11:43:53] --- select trajectory 706 (reactive_planner_cpp.py:382)
INFO     [2025-01-12 11:43:53] --- current time step: 15 (frenet_interface.py:257)
INFO     [2025-01-12 11:43:53] --- current velocity: 4.249384507642343 (frenet_interface.py:258)
INFO     [2025-01-12 11:43:53] --- current target velocity: 7.018689212165129 (frenet_interface.py:259)
INFO     [2025-01-12 11:43:53] --- Sampled interval of velocity: 0.00 m/s - 10.00 m/s (planner.py:310)
INFO     [2025-01-12 11:43:53] --- current time step: 16 (frenet_interface.py:280)
INFO     [2025-01-12 11:43:53] --- current velocity: 4.163274229272309 (frenet_interface.py:281)
INFO     [2025-01-12 11:43:53] --- current target velocity: 7.039203182036321 (frenet_interface.py:282)
INFO     [2025-01-12 11:43:53] --- Sampled interval of velocity: 0.00 m/s - 9.91 m/s (planner.py:310)
INFO     [2025-01-12 11:43:53] --- current time step: 17 (frenet_interface.py:280)
INFO     [2025-01-12 11:43:53] --- current velocity: 4.065525497921514 (frenet_interface.py:281)
INFO     [2025-01-12 11:43:53] --- current target velocity: 7.06059711697614 (frenet_interface.py:282)
INFO     [2025-01-12 11:43:54] --- Sampled interval of velocity: 0.00 m/s - 9.82 m/s (planner.py:310)
INFO     [2025-01-12 11:43:54] --- select trajectory 16 (reactive_planner_cpp.py:382)
INFO     [2025-01-12 11:43:54] --- current time step: 18 (frenet_interface.py:257)
INFO     [2025-01-12 11:43:54] --- current velocity: 3.999760401140281 (frenet_interface.py:258)
INFO     [2025-01-12 11:43:54] --- current target velocity: 7.082971485524883 (frenet_interface.py:259)
INFO     [2025-01-12 11:43:56] --- Sampled interval of velocity: 0.00 m/s - 9.75 m/s (planner.py:310)
INFO     [2025-01-12 11:43:56] --- current time step: 19 (frenet_interface.py:280)
INFO     [2025-01-12 11:43:56] --- current velocity: 3.915027157848764 (frenet_interface.py:281)
INFO     [2025-01-12 11:43:56] --- current target velocity: 7.1062559831272685 (frenet_interface.py:282)
INFO     [2025-01-12 11:43:56] --- Sampled interval of velocity: 0.00 m/s - 9.67 m/s (planner.py:310)
INFO     [2025-01-12 11:43:56] --- current time step: 20 (frenet_interface.py:280)
INFO     [2025-01-12 11:43:56] --- current velocity: 3.814496704822436 (frenet_interface.py:281)
INFO     [2025-01-12 11:43:56] --- current target velocity: 7.130432609219978 (frenet_interface.py:282)
INFO     [2025-01-12 11:43:56] --- Sampled interval of velocity: 0.00 m/s - 9.56 m/s (planner.py:310)
INFO     [2025-01-12 11:43:57] --- select trajectory 416 (reactive_planner_cpp.py:382)
INFO     [2025-01-12 11:43:57] --- current time step: 21 (frenet_interface.py:257)
INFO     [2025-01-12 11:43:57] --- current velocity: 3.743542762464063 (frenet_interface.py:258)
INFO     [2025-01-12 11:43:57] --- current target velocity: 7.155663833979628 (frenet_interface.py:259)
INFO     [2025-01-12 11:43:57] --- Sampled interval of velocity: 0.00 m/s - 9.49 m/s (planner.py:310)
INFO     [2025-01-12 11:43:57] --- current time step: 22 (frenet_interface.py:280)
INFO     [2025-01-12 11:43:57] --- current velocity: 3.6492954337205217 (frenet_interface.py:281)
INFO     [2025-01-12 11:43:57] --- current target velocity: 7.181913936128684 (frenet_interface.py:282)
INFO     [2025-01-12 11:43:58] --- Sampled interval of velocity: 0.00 m/s - 9.40 m/s (planner.py:310)
INFO     [2025-01-12 11:43:58] --- current time step: 23 (frenet_interface.py:280)
INFO     [2025-01-12 11:43:58] --- current velocity: 3.535591398636553 (frenet_interface.py:281)
INFO     [2025-01-12 11:43:58] --- current target velocity: 7.209202326507743 (frenet_interface.py:282)
INFO     [2025-01-12 11:43:58] --- Sampled interval of velocity: 0.00 m/s - 9.29 m/s (planner.py:310)
INFO     [2025-01-12 11:43:58] --- select trajectory 116 (reactive_planner_cpp.py:382)
INFO     [2025-01-12 11:43:58] --- current time step: 24 (frenet_interface.py:257)
INFO     [2025-01-12 11:43:58] --- current velocity: 3.453945188922218 (frenet_interface.py:258)
INFO     [2025-01-12 11:43:58] --- current target velocity: 7.237737073216011 (frenet_interface.py:259)
INFO     [2025-01-12 11:44:00] --- Sampled interval of velocity: 0.00 m/s - 9.20 m/s (planner.py:310)
INFO     [2025-01-12 11:44:00] --- current time step: 25 (frenet_interface.py:280)
INFO     [2025-01-12 11:44:00] --- current velocity: 3.3416430338411343 (frenet_interface.py:281)
INFO     [2025-01-12 11:44:00] --- current target velocity: 7.267485426216886 (frenet_interface.py:282)
INFO     [2025-01-12 11:44:01] --- Sampled interval of velocity: 0.00 m/s - 9.09 m/s (planner.py:310)
INFO     [2025-01-12 11:44:01] --- current time step: 26 (frenet_interface.py:280)
INFO     [2025-01-12 11:44:01] --- current velocity: 3.2059574949441045 (frenet_interface.py:281)
INFO     [2025-01-12 11:44:01] --- current target velocity: 7.298496413752319 (frenet_interface.py:282)
INFO     [2025-01-12 11:44:01] --- Sampled interval of velocity: 0.00 m/s - 8.96 m/s (planner.py:310)
WARNING  [2025-01-12 11:44:01] --- No optimal trajectory available. Select stopping trajectory! (reactive_planner_cpp.py:407)
INFO     [2025-01-12 11:44:01] --- current time step: 27 (frenet_interface.py:257)
INFO     [2025-01-12 11:44:01] --- current velocity: 3.070268114943408 (frenet_interface.py:258)
INFO     [2025-01-12 11:44:01] --- current target velocity: 7.331032590536999 (frenet_interface.py:259)
INFO     [2025-01-12 11:44:02] --- Sampled interval of velocity: 0.00 m/s - 8.82 m/s (planner.py:310)
INFO     [2025-01-12 11:44:02] --- current time step: 28 (frenet_interface.py:280)
INFO     [2025-01-12 11:44:02] --- current velocity: 2.8263723783161527 (frenet_interface.py:281)
INFO     [2025-01-12 11:44:02] --- current target velocity: 7.365155767693329 (frenet_interface.py:282)
INFO     [2025-01-12 11:44:03] --- Sampled interval of velocity: 0.00 m/s - 8.58 m/s (planner.py:310)
INFO     [2025-01-12 11:44:03] --- current time step: 29 (frenet_interface.py:280)
INFO     [2025-01-12 11:44:03] --- current velocity: 2.501136840200864 (frenet_interface.py:281)
INFO     [2025-01-12 11:44:03] --- current target velocity: 7.40145220350978 (frenet_interface.py:282)
INFO     [2025-01-12 11:44:03] --- Sampled interval of velocity: 0.00 m/s - 8.25 m/s (planner.py:310)
WARNING  [2025-01-12 11:44:03] --- No optimal trajectory available. Select stopping trajectory! (reactive_planner_cpp.py:407)
INFO     [2025-01-12 11:44:03] --- current time step: 30 (frenet_interface.py:257)
INFO     [2025-01-12 11:44:03] --- current velocity: 2.2941747721570245 (frenet_interface.py:258)
INFO     [2025-01-12 11:44:03] --- current target velocity: 7.4407885422686855 (frenet_interface.py:259)
INFO     [2025-01-12 11:44:06] --- Sampled interval of velocity: 0.00 m/s - 8.04 m/s (planner.py:310)
INFO     [2025-01-12 11:44:06] --- current time step: 31 (frenet_interface.py:280)
INFO     [2025-01-12 11:44:06] --- current velocity: 2.0419938308120833 (frenet_interface.py:281)
INFO     [2025-01-12 11:44:06] --- current target velocity: 7.2941747721570245 (frenet_interface.py:282)
INFO     [2025-01-12 11:44:06] --- Sampled interval of velocity: 0.00 m/s - 7.79 m/s (planner.py:310)
INFO     [2025-01-12 11:44:06] --- current time step: 32 (frenet_interface.py:280)
INFO     [2025-01-12 11:44:06] --- current velocity: 1.7581427519234885 (frenet_interface.py:281)
INFO     [2025-01-12 11:44:06] --- current target velocity: 7.041993830812084 (frenet_interface.py:282)
INFO     [2025-01-12 11:44:07] --- Sampled interval of velocity: 0.00 m/s - 7.51 m/s (planner.py:310)
WARNING  [2025-01-12 11:44:07] --- No optimal trajectory available. Select stopping trajectory! (reactive_planner_cpp.py:407)
INFO     [2025-01-12 11:44:07] --- current time step: 33 (frenet_interface.py:257)
INFO     [2025-01-12 11:44:07] --- current velocity: 1.6047193779279674 (frenet_interface.py:258)
INFO     [2025-01-12 11:44:07] --- current target velocity: 6.758142751923488 (frenet_interface.py:259)
INFO     [2025-01-12 11:44:09] --- Sampled interval of velocity: 0.00 m/s - 7.35 m/s (planner.py:310)
INFO     [2025-01-12 11:44:09] --- current time step: 34 (frenet_interface.py:280)
INFO     [2025-01-12 11:44:09] --- current velocity: 1.4429861720244357 (frenet_interface.py:281)
INFO     [2025-01-12 11:44:09] --- current target velocity: 6.604719377927967 (frenet_interface.py:282)
INFO     [2025-01-12 11:44:09] --- Sampled interval of velocity: 0.00 m/s - 7.19 m/s (planner.py:310)
INFO     [2025-01-12 11:44:09] --- current time step: 35 (frenet_interface.py:280)
INFO     [2025-01-12 11:44:09] --- current velocity: 1.2761183265232143 (frenet_interface.py:281)
INFO     [2025-01-12 11:44:09] --- current target velocity: 6.442986172024436 (frenet_interface.py:282)
INFO     [2025-01-12 11:44:10] --- Sampled interval of velocity: 0.00 m/s - 7.03 m/s (planner.py:310)
WARNING  [2025-01-12 11:44:10] --- No optimal trajectory available. Select stopping trajectory! (reactive_planner_cpp.py:407)
INFO     [2025-01-12 11:44:10] --- current time step: 36 (frenet_interface.py:257)
INFO     [2025-01-12 11:44:10] --- current velocity: 1.1845394264325273 (frenet_interface.py:258)
INFO     [2025-01-12 11:44:10] --- current target velocity: 6.276118326523214 (frenet_interface.py:259)
INFO     [2025-01-12 11:44:11] --- Sampled interval of velocity: 0.00 m/s - 6.93 m/s (planner.py:310)
INFO     [2025-01-12 11:44:11] --- current time step: 37 (frenet_interface.py:280)
INFO     [2025-01-12 11:44:11] --- current velocity: 1.0810583653884966 (frenet_interface.py:281)
INFO     [2025-01-12 11:44:11] --- current target velocity: 6.1845394264325275 (frenet_interface.py:282)
INFO     [2025-01-12 11:44:12] --- Sampled interval of velocity: 0.00 m/s - 6.83 m/s (planner.py:310)
INFO     [2025-01-12 11:44:12] --- current time step: 38 (frenet_interface.py:280)
INFO     [2025-01-12 11:44:12] --- current velocity: 0.9688632265102783 (frenet_interface.py:281)
INFO     [2025-01-12 11:44:12] --- current target velocity: 6.081058365388497 (frenet_interface.py:282)
INFO     [2025-01-12 11:44:12] --- Sampled interval of velocity: 0.00 m/s - 6.72 m/s (planner.py:310)
WARNING  [2025-01-12 11:44:13] --- No optimal trajectory available. Select stopping trajectory! (reactive_planner_cpp.py:407)
INFO     [2025-01-12 11:44:13] --- current time step: 39 (frenet_interface.py:257)
INFO     [2025-01-12 11:44:13] --- current velocity: 0.9048480749157519 (frenet_interface.py:258)
INFO     [2025-01-12 11:44:13] --- current target velocity: 5.968863226510278 (frenet_interface.py:259)
