CRITICAL [2025-01-12 11:39:51] --- Start Planner Vehicle ID: 30697 (frenet_interface.py:67)
INFO     [2025-01-12 11:39:51] --- Sampled interval of velocity: 0.00 m/s - 18.07 m/s (planner.py:310)
INFO     [2025-01-12 11:39:51] --- select trajectory 321 (reactive_planner_cpp.py:382)
INFO     [2025-01-12 11:39:51] --- current time step: 0 (frenet_interface.py:257)
INFO     [2025-01-12 11:39:51] --- current velocity: 12.290573947820038 (frenet_interface.py:258)
INFO     [2025-01-12 11:39:51] --- current target velocity: 7.3210999999999995 (frenet_interface.py:259)
INFO     [2025-01-12 11:39:53] --- Sampled interval of velocity: 0.00 m/s - 18.04 m/s (planner.py:310)
INFO     [2025-01-12 11:39:53] --- current time step: 1 (frenet_interface.py:280)
INFO     [2025-01-12 11:39:53] --- current velocity: 12.202648198664969 (frenet_interface.py:281)
INFO     [2025-01-12 11:39:53] --- current target velocity: 7.290573947820038 (frenet_interface.py:282)
INFO     [2025-01-12 11:39:54] --- Sampled interval of velocity: 0.00 m/s - 17.95 m/s (planner.py:310)
INFO     [2025-01-12 11:39:54] --- current time step: 2 (frenet_interface.py:280)
INFO     [2025-01-12 11:39:54] --- current velocity: 12.062788634075895 (frenet_interface.py:281)
INFO     [2025-01-12 11:39:54] --- current target velocity: 7.202648198664969 (frenet_interface.py:282)
INFO     [2025-01-12 11:39:55] --- Sampled interval of velocity: 0.00 m/s - 17.81 m/s (planner.py:310)
INFO     [2025-01-12 11:39:55] --- select trajectory 121 (reactive_planner_cpp.py:382)
INFO     [2025-01-12 11:39:55] --- current time step: 3 (frenet_interface.py:257)
INFO     [2025-01-12 11:39:55] --- current velocity: 11.86965591507739 (frenet_interface.py:258)
INFO     [2025-01-12 11:39:55] --- current target velocity: 7.062788634075895 (frenet_interface.py:259)
INFO     [2025-01-12 11:39:57] --- Sampled interval of velocity: 0.00 m/s - 17.62 m/s (planner.py:310)
INFO     [2025-01-12 11:39:57] --- current time step: 4 (frenet_interface.py:280)
INFO     [2025-01-12 11:39:57] --- current velocity: 11.483904588890391 (frenet_interface.py:281)
INFO     [2025-01-12 11:39:57] --- current target velocity: 6.86965591507739 (frenet_interface.py:282)
INFO     [2025-01-12 11:39:58] --- Sampled interval of velocity: 0.00 m/s - 17.23 m/s (planner.py:310)
INFO     [2025-01-12 11:39:58] --- current time step: 5 (frenet_interface.py:280)
INFO     [2025-01-12 11:39:58] --- current velocity: 10.950000264783883 (frenet_interface.py:281)
INFO     [2025-01-12 11:39:58] --- current target velocity: 6.4839045888903915 (frenet_interface.py:282)
INFO     [2025-01-12 11:39:59] --- Sampled interval of velocity: 0.00 m/s - 16.70 m/s (planner.py:310)
INFO     [2025-01-12 11:39:59] --- select trajectory 121 (reactive_planner_cpp.py:382)
INFO     [2025-01-12 11:39:59] --- current time step: 6 (frenet_interface.py:257)
INFO     [2025-01-12 11:39:59] --- current velocity: 10.595731675187874 (frenet_interface.py:258)
INFO     [2025-01-12 11:39:59] --- current target velocity: 5.950000264783883 (frenet_interface.py:259)
INFO     [2025-01-12 11:40:01] --- Sampled interval of velocity: 0.00 m/s - 16.35 m/s (planner.py:310)
INFO     [2025-01-12 11:40:01] --- current time step: 7 (frenet_interface.py:280)
INFO     [2025-01-12 11:40:01] --- current velocity: 10.144453687879432 (frenet_interface.py:281)
INFO     [2025-01-12 11:40:01] --- current target velocity: 5.817042113509933 (frenet_interface.py:282)
INFO     [2025-01-12 11:40:02] --- Sampled interval of velocity: 0.00 m/s - 15.89 m/s (planner.py:310)
INFO     [2025-01-12 11:40:02] --- current time step: 8 (frenet_interface.py:280)
INFO     [2025-01-12 11:40:02] --- current velocity: 9.623715966999521 (frenet_interface.py:281)
INFO     [2025-01-12 11:40:02] --- current target velocity: 5.7847017693957365 (frenet_interface.py:282)
INFO     [2025-01-12 11:40:03] --- Sampled interval of velocity: 0.00 m/s - 15.37 m/s (planner.py:310)
INFO     [2025-01-12 11:40:03] --- select trajectory 121 (reactive_planner_cpp.py:382)
INFO     [2025-01-12 11:40:03] --- current time step: 9 (frenet_interface.py:257)
INFO     [2025-01-12 11:40:03] --- current velocity: 9.308125198041965 (frenet_interface.py:258)
INFO     [2025-01-12 11:40:03] --- current target velocity: 5.7553873112565315 (frenet_interface.py:259)
INFO     [2025-01-12 11:40:05] --- Sampled interval of velocity: 0.00 m/s - 15.06 m/s (planner.py:310)
INFO     [2025-01-12 11:40:05] --- current time step: 10 (frenet_interface.py:280)
INFO     [2025-01-12 11:40:05] --- current velocity: 8.921793557260463 (frenet_interface.py:281)
INFO     [2025-01-12 11:40:05] --- current target velocity: 5.728644061488964 (frenet_interface.py:282)
INFO     [2025-01-12 11:40:06] --- Sampled interval of velocity: 0.00 m/s - 14.67 m/s (planner.py:310)
INFO     [2025-01-12 11:40:06] --- current time step: 11 (frenet_interface.py:280)
INFO     [2025-01-12 11:40:06] --- current velocity: 8.48595871504849 (frenet_interface.py:281)
INFO     [2025-01-12 11:40:06] --- current target velocity: 5.704069263800388 (frenet_interface.py:282)
INFO     [2025-01-12 11:40:06] --- Sampled interval of velocity: 0.00 m/s - 14.24 m/s (planner.py:310)
INFO     [2025-01-12 11:40:07] --- select trajectory 121 (reactive_planner_cpp.py:382)
INFO     [2025-01-12 11:40:07] --- current time step: 12 (frenet_interface.py:257)
INFO     [2025-01-12 11:40:07] --- current velocity: 8.225266313235759 (frenet_interface.py:258)
INFO     [2025-01-12 11:40:07] --- current target velocity: 5.682149242789215 (frenet_interface.py:259)
INFO     [2025-01-12 11:40:09] --- Sampled interval of velocity: 0.00 m/s - 13.98 m/s (planner.py:310)
INFO     [2025-01-12 11:40:09] --- current time step: 13 (frenet_interface.py:280)
INFO     [2025-01-12 11:40:09] --- current velocity: 7.908114578033403 (frenet_interface.py:281)
INFO     [2025-01-12 11:40:09] --- current target velocity: 5.66245161323034 (frenet_interface.py:282)
INFO     [2025-01-12 11:40:10] --- Sampled interval of velocity: 0.00 m/s - 13.66 m/s (planner.py:310)
INFO     [2025-01-12 11:40:10] --- current time step: 14 (frenet_interface.py:280)
INFO     [2025-01-12 11:40:10] --- current velocity: 7.551631236166813 (frenet_interface.py:281)
INFO     [2025-01-12 11:40:10] --- current target velocity: 5.644612897425231 (frenet_interface.py:282)
INFO     [2025-01-12 11:40:11] --- Sampled interval of velocity: 0.00 m/s - 13.30 m/s (planner.py:310)
INFO     [2025-01-12 11:40:11] --- select trajectory 721 (reactive_planner_cpp.py:382)
INFO     [2025-01-12 11:40:11] --- current time step: 15 (frenet_interface.py:257)
INFO     [2025-01-12 11:40:11] --- current velocity: 7.370199930631467 (frenet_interface.py:258)
INFO     [2025-01-12 11:40:11] --- current target velocity: 5.629032139519757 (frenet_interface.py:259)
INFO     [2025-01-12 11:40:12] --- Sampled interval of velocity: 0.00 m/s - 13.12 m/s (planner.py:310)
INFO     [2025-01-12 11:40:12] --- current time step: 16 (frenet_interface.py:280)
INFO     [2025-01-12 11:40:12] --- current velocity: 7.196282955788415 (frenet_interface.py:281)
INFO     [2025-01-12 11:40:12] --- current target velocity: 5.615263329098429 (frenet_interface.py:282)
INFO     [2025-01-12 11:40:13] --- Sampled interval of velocity: 0.00 m/s - 12.95 m/s (planner.py:310)
INFO     [2025-01-12 11:40:13] --- current time step: 17 (frenet_interface.py:280)
INFO     [2025-01-12 11:40:13] --- current velocity: 7.029784645701889 (frenet_interface.py:281)
INFO     [2025-01-12 11:40:13] --- current target velocity: 5.602631849906738 (frenet_interface.py:282)
INFO     [2025-01-12 11:40:14] --- Sampled interval of velocity: 0.00 m/s - 12.78 m/s (planner.py:310)
INFO     [2025-01-12 11:40:14] --- select trajectory 721 (reactive_planner_cpp.py:382)
INFO     [2025-01-12 11:40:14] --- current time step: 18 (frenet_interface.py:257)
INFO     [2025-01-12 11:40:14] --- current velocity: 6.946420864984667 (frenet_interface.py:258)
INFO     [2025-01-12 11:40:14] --- current target velocity: 5.591106752430643 (frenet_interface.py:259)
INFO     [2025-01-12 11:40:16] --- Sampled interval of velocity: 0.00 m/s - 12.70 m/s (planner.py:310)
INFO     [2025-01-12 11:40:16] --- current time step: 19 (frenet_interface.py:280)
INFO     [2025-01-12 11:40:16] --- current velocity: 6.859451799593684 (frenet_interface.py:281)
INFO     [2025-01-12 11:40:16] --- current target velocity: 5.580358169236225 (frenet_interface.py:282)
INFO     [2025-01-12 11:40:16] --- Sampled interval of velocity: 0.00 m/s - 12.61 m/s (planner.py:310)
INFO     [2025-01-12 11:40:16] --- current time step: 20 (frenet_interface.py:280)
INFO     [2025-01-12 11:40:16] --- current velocity: 6.769328819800844 (frenet_interface.py:281)
INFO     [2025-01-12 11:40:16] --- current target velocity: 5.5701034357938015 (frenet_interface.py:282)
INFO     [2025-01-12 11:40:17] --- Sampled interval of velocity: 0.00 m/s - 12.52 m/s (planner.py:310)
INFO     [2025-01-12 11:40:17] --- select trajectory 721 (reactive_planner_cpp.py:382)
INFO     [2025-01-12 11:40:17] --- current time step: 21 (frenet_interface.py:257)
INFO     [2025-01-12 11:40:17] --- current velocity: 6.719795510190058 (frenet_interface.py:258)
INFO     [2025-01-12 11:40:17] --- current target velocity: 5.560380531839699 (frenet_interface.py:259)
INFO     [2025-01-12 11:40:19] --- Sampled interval of velocity: 0.00 m/s - 12.47 m/s (planner.py:310)
INFO     [2025-01-12 11:40:19] --- current time step: 22 (frenet_interface.py:280)
INFO     [2025-01-12 11:40:19] --- current velocity: 6.6631557807541135 (frenet_interface.py:281)
INFO     [2025-01-12 11:40:19] --- current target velocity: 5.5510513972464945 (frenet_interface.py:282)
INFO     [2025-01-12 11:40:20] --- Sampled interval of velocity: 0.00 m/s - 12.41 m/s (planner.py:310)
INFO     [2025-01-12 11:40:20] --- current time step: 23 (frenet_interface.py:280)
INFO     [2025-01-12 11:40:20] --- current velocity: 6.600026166818278 (frenet_interface.py:281)
INFO     [2025-01-12 11:40:20] --- current target velocity: 5.541995913294997 (frenet_interface.py:282)
INFO     [2025-01-12 11:40:21] --- Sampled interval of velocity: 0.00 m/s - 12.35 m/s (planner.py:310)
INFO     [2025-01-12 11:40:21] --- select trajectory 721 (reactive_planner_cpp.py:382)
INFO     [2025-01-12 11:40:21] --- current time step: 24 (frenet_interface.py:257)
INFO     [2025-01-12 11:40:21] --- current velocity: 6.562695823958216 (frenet_interface.py:258)
INFO     [2025-01-12 11:40:21] --- current target velocity: 5.53327503296152 (frenet_interface.py:259)
INFO     [2025-01-12 11:40:23] --- Sampled interval of velocity: 0.00 m/s - 12.31 m/s (planner.py:310)
INFO     [2025-01-12 11:40:23] --- current time step: 25 (frenet_interface.py:280)
INFO     [2025-01-12 11:40:23] --- current velocity: 6.5173098503363285 (frenet_interface.py:281)
INFO     [2025-01-12 11:40:23] --- current target velocity: 5.524817096613961 (frenet_interface.py:282)
INFO     [2025-01-12 11:40:23] --- Sampled interval of velocity: 0.00 m/s - 12.27 m/s (planner.py:310)
INFO     [2025-01-12 11:40:23] --- current time step: 26 (frenet_interface.py:280)
INFO     [2025-01-12 11:40:23] --- current velocity: 6.464522451289282 (frenet_interface.py:281)
INFO     [2025-01-12 11:40:23] --- current target velocity: 5.516558321807539 (frenet_interface.py:282)
INFO     [2025-01-12 11:40:24] --- Sampled interval of velocity: 0.00 m/s - 12.21 m/s (planner.py:310)
INFO     [2025-01-12 11:40:24] --- select trajectory 721 (reactive_planner_cpp.py:382)
INFO     [2025-01-12 11:40:24] --- current time step: 27 (frenet_interface.py:257)
INFO     [2025-01-12 11:40:24] --- current velocity: 6.4320930807139405 (frenet_interface.py:258)
INFO     [2025-01-12 11:40:24] --- current target velocity: 5.5085669535065005 (frenet_interface.py:259)
INFO     [2025-01-12 11:40:25] --- Sampled interval of velocity: 0.00 m/s - 12.18 m/s (planner.py:310)
INFO     [2025-01-12 11:40:25] --- current time step: 28 (frenet_interface.py:280)
INFO     [2025-01-12 11:40:25] --- current velocity: 6.39150823502035 (frenet_interface.py:281)
INFO     [2025-01-12 11:40:25] --- current target velocity: 5.500794662394397 (frenet_interface.py:282)
INFO     [2025-01-12 11:40:26] --- Sampled interval of velocity: 0.00 m/s - 12.14 m/s (planner.py:310)
INFO     [2025-01-12 11:40:26] --- current time step: 29 (frenet_interface.py:280)
INFO     [2025-01-12 11:40:26] --- current velocity: 6.343417438930032 (frenet_interface.py:281)
INFO     [2025-01-12 11:40:26] --- current target velocity: 5.493197508706127 (frenet_interface.py:282)
INFO     [2025-01-12 11:40:26] --- Sampled interval of velocity: 0.00 m/s - 12.09 m/s (planner.py:310)
INFO     [2025-01-12 11:40:26] --- select trajectory 131 (reactive_planner_cpp.py:382)
INFO     [2025-01-12 11:40:26] --- current time step: 30 (frenet_interface.py:257)
INFO     [2025-01-12 11:40:26] --- current velocity: 6.315184943655045 (frenet_interface.py:258)
INFO     [2025-01-12 11:40:26] --- current target velocity: 5.48584571212696 (frenet_interface.py:259)
INFO     [2025-01-12 11:40:28] --- Sampled interval of velocity: 0.00 m/s - 12.07 m/s (planner.py:310)
INFO     [2025-01-12 11:40:28] --- current time step: 31 (frenet_interface.py:280)
INFO     [2025-01-12 11:40:28] --- current velocity: 6.2830417450656215 (frenet_interface.py:281)
INFO     [2025-01-12 11:40:28] --- current target velocity: 5.478694530500084 (frenet_interface.py:282)
INFO     [2025-01-12 11:40:29] --- Sampled interval of velocity: 0.00 m/s - 12.03 m/s (planner.py:310)
INFO     [2025-01-12 11:40:29] --- current time step: 32 (frenet_interface.py:280)
INFO     [2025-01-12 11:40:29] --- current velocity: 6.248378400028476 (frenet_interface.py:281)
INFO     [2025-01-12 11:40:29] --- current target velocity: 5.471680112503616 (frenet_interface.py:282)
INFO     [2025-01-12 11:40:29] --- Sampled interval of velocity: 0.00 m/s - 12.00 m/s (planner.py:310)
INFO     [2025-01-12 11:40:29] --- select trajectory 131 (reactive_planner_cpp.py:382)
INFO     [2025-01-12 11:40:29] --- current time step: 33 (frenet_interface.py:257)
INFO     [2025-01-12 11:40:29] --- current velocity: 6.2279334058269065 (frenet_interface.py:258)
INFO     [2025-01-12 11:40:29] --- current target velocity: 5.46483371475347 (frenet_interface.py:259)
INFO     [2025-01-12 11:40:31] --- Sampled interval of velocity: 0.00 m/s - 11.98 m/s (planner.py:310)
INFO     [2025-01-12 11:40:31] --- current time step: 34 (frenet_interface.py:280)
INFO     [2025-01-12 11:40:31] --- current velocity: 6.2029669224142365 (frenet_interface.py:281)
INFO     [2025-01-12 11:40:31] --- current target velocity: 5.458105403391892 (frenet_interface.py:282)
INFO     [2025-01-12 11:40:31] --- Sampled interval of velocity: 0.00 m/s - 11.95 m/s (planner.py:310)
INFO     [2025-01-12 11:40:31] --- current time step: 35 (frenet_interface.py:280)
INFO     [2025-01-12 11:40:31] --- current velocity: 6.174841895756286 (frenet_interface.py:281)
INFO     [2025-01-12 11:40:31] --- current target velocity: 5.451459221390352 (frenet_interface.py:282)
INFO     [2025-01-12 11:40:32] --- Sampled interval of velocity: 0.00 m/s - 11.92 m/s (planner.py:310)
INFO     [2025-01-12 11:40:32] --- select trajectory 131 (reactive_planner_cpp.py:382)
INFO     [2025-01-12 11:40:32] --- current time step: 36 (frenet_interface.py:257)
INFO     [2025-01-12 11:40:32] --- current velocity: 6.157819325256385 (frenet_interface.py:258)
INFO     [2025-01-12 11:40:32] --- current target velocity: 5.444931331443444 (frenet_interface.py:259)
INFO     [2025-01-12 11:40:34] --- Sampled interval of velocity: 0.00 m/s - 11.91 m/s (planner.py:310)
INFO     [2025-01-12 11:40:34] --- current time step: 37 (frenet_interface.py:280)
INFO     [2025-01-12 11:40:34] --- current velocity: 6.136791873616005 (frenet_interface.py:281)
INFO     [2025-01-12 11:40:34] --- current target velocity: 5.438486846112926 (frenet_interface.py:282)
INFO     [2025-01-12 11:40:34] --- Sampled interval of velocity: 0.00 m/s - 11.89 m/s (planner.py:310)
INFO     [2025-01-12 11:40:34] --- current time step: 38 (frenet_interface.py:280)
INFO     [2025-01-12 11:40:34] --- current velocity: 6.112944973760473 (frenet_interface.py:281)
INFO     [2025-01-12 11:40:34] --- current target velocity: 5.432098530330289 (frenet_interface.py:282)
INFO     [2025-01-12 11:40:35] --- Sampled interval of velocity: 0.00 m/s - 11.86 m/s (planner.py:310)
INFO     [2025-01-12 11:40:35] --- select trajectory 131 (reactive_planner_cpp.py:382)
INFO     [2025-01-12 11:40:35] --- current time step: 39 (frenet_interface.py:257)
INFO     [2025-01-12 11:40:35] --- current velocity: 6.098456646217348 (frenet_interface.py:258)
INFO     [2025-01-12 11:40:35] --- current target velocity: 5.425798935595744 (frenet_interface.py:259)
INFO     [2025-01-12 11:40:36] --- Sampled interval of velocity: 0.00 m/s - 11.85 m/s (planner.py:310)
INFO     [2025-01-12 11:40:36] --- current time step: 40 (frenet_interface.py:280)
INFO     [2025-01-12 11:40:36] --- current velocity: 6.0805299528673045 (frenet_interface.py:281)
INFO     [2025-01-12 11:40:36] --- current target velocity: 5.419558287109932 (frenet_interface.py:282)
INFO     [2025-01-12 11:40:37] --- Sampled interval of velocity: 0.00 m/s - 11.83 m/s (planner.py:310)
INFO     [2025-01-12 11:40:37] --- current time step: 41 (frenet_interface.py:280)
INFO     [2025-01-12 11:40:37] --- current velocity: 6.060180102776448 (frenet_interface.py:281)
INFO     [2025-01-12 11:40:37] --- current target velocity: 5.41335292385849 (frenet_interface.py:282)
INFO     [2025-01-12 11:40:37] --- Sampled interval of velocity: 0.00 m/s - 11.81 m/s (planner.py:310)
INFO     [2025-01-12 11:40:37] --- select trajectory 131 (reactive_planner_cpp.py:382)
INFO     [2025-01-12 11:40:37] --- current time step: 42 (frenet_interface.py:257)
INFO     [2025-01-12 11:40:37] --- current velocity: 6.047809737838374 (frenet_interface.py:258)
INFO     [2025-01-12 11:40:37] --- current target velocity: 5.407211225461873 (frenet_interface.py:259)
INFO     [2025-01-12 11:40:40] --- Sampled interval of velocity: 0.00 m/s - 11.80 m/s (planner.py:310)
INFO     [2025-01-12 11:40:40] --- current time step: 43 (frenet_interface.py:280)
INFO     [2025-01-12 11:40:40] --- current velocity: 6.032500041502826 (frenet_interface.py:281)
INFO     [2025-01-12 11:40:40] --- current target velocity: 5.401106840694848 (frenet_interface.py:282)
INFO     [2025-01-12 11:40:40] --- Sampled interval of velocity: 0.00 m/s - 11.78 m/s (planner.py:310)
INFO     [2025-01-12 11:40:40] --- current time step: 44 (frenet_interface.py:280)
INFO     [2025-01-12 11:40:40] --- current velocity: 6.015118572555349 (frenet_interface.py:281)
INFO     [2025-01-12 11:40:40] --- current target velocity: 5.395018680277091 (frenet_interface.py:282)
INFO     [2025-01-12 11:40:41] --- Sampled interval of velocity: 0.00 m/s - 11.77 m/s (planner.py:310)
INFO     [2025-01-12 11:40:41] --- select trajectory 131 (reactive_planner_cpp.py:382)
INFO     [2025-01-12 11:40:41] --- current time step: 45 (frenet_interface.py:257)
INFO     [2025-01-12 11:40:41] --- current velocity: 6.004551832621809 (frenet_interface.py:258)
INFO     [2025-01-12 11:40:41] --- current target velocity: 5.388971304070205 (frenet_interface.py:259)
INFO     [2025-01-12 11:40:42] --- Sampled interval of velocity: 0.00 m/s - 11.75 m/s (planner.py:310)
INFO     [2025-01-12 11:40:42] --- current time step: 46 (frenet_interface.py:280)
INFO     [2025-01-12 11:40:42] --- current velocity: 5.991473887506788 (frenet_interface.py:281)
INFO     [2025-01-12 11:40:42] --- current target velocity: 5.382941167695371 (frenet_interface.py:282)
INFO     [2025-01-12 11:40:43] --- Sampled interval of velocity: 0.00 m/s - 11.74 m/s (planner.py:310)
INFO     [2025-01-12 11:40:43] --- current time step: 47 (frenet_interface.py:280)
INFO     [2025-01-12 11:40:43] --- current velocity: 5.976625895615172 (frenet_interface.py:281)
INFO     [2025-01-12 11:40:43] --- current target velocity: 5.376909304192685 (frenet_interface.py:282)
INFO     [2025-01-12 11:40:43] --- Sampled interval of velocity: 0.00 m/s - 11.73 m/s (planner.py:310)
INFO     [2025-01-12 11:40:43] --- select trajectory 131 (reactive_planner_cpp.py:382)
INFO     [2025-01-12 11:40:43] --- current time step: 48 (frenet_interface.py:257)
INFO     [2025-01-12 11:40:43] --- current velocity: 5.967599238358345 (frenet_interface.py:258)
INFO     [2025-01-12 11:40:43] --- current target velocity: 5.370896856577883 (frenet_interface.py:259)
INFO     [2025-01-12 11:40:45] --- Sampled interval of velocity: 0.00 m/s - 11.72 m/s (planner.py:310)
INFO     [2025-01-12 11:40:45] --- current time step: 49 (frenet_interface.py:280)
INFO     [2025-01-12 11:40:45] --- current velocity: 5.956427327142249 (frenet_interface.py:281)
INFO     [2025-01-12 11:40:45] --- current target velocity: 5.3648826479561205 (frenet_interface.py:282)
INFO     [2025-01-12 11:40:45] --- Sampled interval of velocity: 0.00 m/s - 11.71 m/s (planner.py:310)
INFO     [2025-01-12 11:40:45] --- current time step: 50 (frenet_interface.py:280)
INFO     [2025-01-12 11:40:45] --- current velocity: 5.943743308943316 (frenet_interface.py:281)
INFO     [2025-01-12 11:40:45] --- current target velocity: 5.358849486093523 (frenet_interface.py:282)
INFO     [2025-01-12 11:40:46] --- Sampled interval of velocity: 0.00 m/s - 11.69 m/s (planner.py:310)
INFO     [2025-01-12 11:40:46] --- select trajectory 131 (reactive_planner_cpp.py:382)
INFO     [2025-01-12 11:40:46] --- current time step: 51 (frenet_interface.py:257)
INFO     [2025-01-12 11:40:46] --- current velocity: 5.9360322016431715 (frenet_interface.py:258)
INFO     [2025-01-12 11:40:46] --- current target velocity: 5.352815450793574 (frenet_interface.py:259)
INFO     [2025-01-12 11:40:47] --- Sampled interval of velocity: 0.00 m/s - 11.69 m/s (planner.py:310)
INFO     [2025-01-12 11:40:47] --- current time step: 52 (frenet_interface.py:280)
INFO     [2025-01-12 11:40:47] --- current velocity: 5.92648848457377 (frenet_interface.py:281)
INFO     [2025-01-12 11:40:47] --- current target velocity: 5.346761352256505 (frenet_interface.py:282)
INFO     [2025-01-12 11:40:48] --- Sampled interval of velocity: 0.00 m/s - 11.68 m/s (planner.py:310)
INFO     [2025-01-12 11:40:48] --- current time step: 53 (frenet_interface.py:280)
INFO     [2025-01-12 11:40:48] --- current velocity: 5.915653030855747 (frenet_interface.py:281)
INFO     [2025-01-12 11:40:48] --- current target velocity: 5.340671465050614 (frenet_interface.py:282)
INFO     [2025-01-12 11:40:48] --- Sampled interval of velocity: 0.00 m/s - 11.67 m/s (planner.py:310)
INFO     [2025-01-12 11:40:48] --- select trajectory 131 (reactive_planner_cpp.py:382)
INFO     [2025-01-12 11:40:48] --- current time step: 54 (frenet_interface.py:257)
INFO     [2025-01-12 11:40:48] --- current velocity: 5.909065736300302 (frenet_interface.py:258)
INFO     [2025-01-12 11:40:48] --- current target velocity: 5.334561102935976 (frenet_interface.py:259)
INFO     [2025-01-12 11:40:50] --- Sampled interval of velocity: 0.00 m/s - 11.66 m/s (planner.py:310)
INFO     [2025-01-12 11:40:50] --- current time step: 55 (frenet_interface.py:280)
INFO     [2025-01-12 11:40:50] --- current velocity: 5.900912914807706 (frenet_interface.py:281)
INFO     [2025-01-12 11:40:50] --- current target velocity: 5.328412720030602 (frenet_interface.py:282)
INFO     [2025-01-12 11:40:50] --- Sampled interval of velocity: 0.00 m/s - 11.65 m/s (planner.py:310)
INFO     [2025-01-12 11:40:50] --- current time step: 56 (frenet_interface.py:280)
INFO     [2025-01-12 11:40:50] --- current velocity: 5.891656613084735 (frenet_interface.py:281)
INFO     [2025-01-12 11:40:50] --- current target velocity: 5.3222117757926 (frenet_interface.py:282)
INFO     [2025-01-12 11:40:51] --- Sampled interval of velocity: 0.00 m/s - 11.64 m/s (planner.py:310)
INFO     [2025-01-12 11:40:51] --- select trajectory 131 (reactive_planner_cpp.py:382)
INFO     [2025-01-12 11:40:51] --- current time step: 57 (frenet_interface.py:257)
INFO     [2025-01-12 11:40:51] --- current velocity: 5.886029346393363 (frenet_interface.py:258)
INFO     [2025-01-12 11:40:51] --- current target velocity: 5.315971061739281 (frenet_interface.py:259)
INFO     [2025-01-12 11:40:52] --- Sampled interval of velocity: 0.00 m/s - 11.64 m/s (planner.py:310)
INFO     [2025-01-12 11:40:52] --- current time step: 58 (frenet_interface.py:280)
INFO     [2025-01-12 11:40:52] --- current velocity: 5.879064711507748 (frenet_interface.py:281)
INFO     [2025-01-12 11:40:52] --- current target velocity: 5.3096743605132755 (frenet_interface.py:282)
INFO     [2025-01-12 11:40:53] --- Sampled interval of velocity: 0.00 m/s - 11.63 m/s (planner.py:310)
INFO     [2025-01-12 11:40:53] --- current time step: 59 (frenet_interface.py:280)
INFO     [2025-01-12 11:40:53] --- current velocity: 5.871157416782778 (frenet_interface.py:281)
INFO     [2025-01-12 11:40:53] --- current target velocity: 5.303308053072595 (frenet_interface.py:282)
INFO     [2025-01-12 11:40:53] --- Sampled interval of velocity: 0.00 m/s - 11.62 m/s (planner.py:310)
INFO     [2025-01-12 11:40:53] --- select trajectory 131 (reactive_planner_cpp.py:382)
INFO     [2025-01-12 11:40:53] --- current time step: 60 (frenet_interface.py:257)
INFO     [2025-01-12 11:40:53] --- current velocity: 5.866350264026138 (frenet_interface.py:258)
INFO     [2025-01-12 11:40:53] --- current target velocity: 5.296882602286653 (frenet_interface.py:259)
INFO     [2025-01-12 11:40:54] --- Sampled interval of velocity: 0.00 m/s - 11.62 m/s (planner.py:310)
INFO     [2025-01-12 11:40:54] --- current time step: 61 (frenet_interface.py:280)
INFO     [2025-01-12 11:40:54] --- current velocity: 5.86040065018418 (frenet_interface.py:281)
INFO     [2025-01-12 11:40:54] --- current target velocity: 5.290382823961511 (frenet_interface.py:282)
INFO     [2025-01-12 11:40:55] --- Sampled interval of velocity: 0.00 m/s - 11.61 m/s (planner.py:310)
INFO     [2025-01-12 11:40:55] --- current time step: 62 (frenet_interface.py:280)
INFO     [2025-01-12 11:40:55] --- current velocity: 5.853645759083307 (frenet_interface.py:281)
INFO     [2025-01-12 11:40:55] --- current target velocity: 5.283795768915752 (frenet_interface.py:282)
INFO     [2025-01-12 11:40:55] --- Sampled interval of velocity: 0.00 m/s - 11.60 m/s (planner.py:310)
INFO     [2025-01-12 11:40:56] --- select trajectory 131 (reactive_planner_cpp.py:382)
INFO     [2025-01-12 11:40:56] --- current time step: 63 (frenet_interface.py:257)
INFO     [2025-01-12 11:40:56] --- current velocity: 5.849539197436867 (frenet_interface.py:258)
INFO     [2025-01-12 11:40:56] --- current target velocity: 5.277129716672878 (frenet_interface.py:259)
INFO     [2025-01-12 11:40:57] --- Sampled interval of velocity: 0.00 m/s - 11.60 m/s (planner.py:310)
INFO     [2025-01-12 11:40:57] --- current time step: 64 (frenet_interface.py:280)
INFO     [2025-01-12 11:40:57] --- current velocity: 5.844456676162375 (frenet_interface.py:281)
INFO     [2025-01-12 11:40:57] --- current target velocity: 5.270370233221435 (frenet_interface.py:282)
INFO     [2025-01-12 11:40:58] --- Sampled interval of velocity: 0.00 m/s - 11.59 m/s (planner.py:310)
INFO     [2025-01-12 11:40:58] --- current time step: 65 (frenet_interface.py:280)
INFO     [2025-01-12 11:40:58] --- current velocity: 5.838686238158757 (frenet_interface.py:281)
INFO     [2025-01-12 11:40:58] --- current target velocity: 5.263504792367147 (frenet_interface.py:282)
INFO     [2025-01-12 11:40:58] --- Sampled interval of velocity: 0.00 m/s - 11.59 m/s (planner.py:310)
INFO     [2025-01-12 11:40:58] --- select trajectory 131 (reactive_planner_cpp.py:382)
INFO     [2025-01-12 11:40:58] --- current time step: 66 (frenet_interface.py:257)
INFO     [2025-01-12 11:40:58] --- current velocity: 5.835178163903114 (frenet_interface.py:258)
INFO     [2025-01-12 11:40:58] --- current target velocity: 5.256539587675825 (frenet_interface.py:259)
INFO     [2025-01-12 11:41:00] --- Sampled interval of velocity: 0.00 m/s - 11.59 m/s (planner.py:310)
INFO     [2025-01-12 11:41:00] --- current time step: 67 (frenet_interface.py:280)
INFO     [2025-01-12 11:41:00] --- current velocity: 5.830836365689652 (frenet_interface.py:281)
INFO     [2025-01-12 11:41:00] --- current target velocity: 5.249460656663919 (frenet_interface.py:282)
INFO     [2025-01-12 11:41:01] --- Sampled interval of velocity: 0.00 m/s - 11.58 m/s (planner.py:310)
INFO     [2025-01-12 11:41:01] --- current time step: 68 (frenet_interface.py:280)
INFO     [2025-01-12 11:41:01] --- current velocity: 5.82590690724986 (frenet_interface.py:281)
INFO     [2025-01-12 11:41:01] --- current target velocity: 5.2422556463867975 (frenet_interface.py:282)
INFO     [2025-01-12 11:41:01] --- Sampled interval of velocity: 0.00 m/s - 11.58 m/s (planner.py:310)
INFO     [2025-01-12 11:41:01] --- select trajectory 721 (reactive_planner_cpp.py:382)
INFO     [2025-01-12 11:41:01] --- current time step: 69 (frenet_interface.py:257)
INFO     [2025-01-12 11:41:01] --- current velocity: 5.818667019579226 (frenet_interface.py:258)
INFO     [2025-01-12 11:41:01] --- current target velocity: 5.234928712523061 (frenet_interface.py:259)
INFO     [2025-01-12 11:41:02] --- Sampled interval of velocity: 0.00 m/s - 11.57 m/s (planner.py:310)
INFO     [2025-01-12 11:41:02] --- current time step: 70 (frenet_interface.py:280)
INFO     [2025-01-12 11:41:02] --- current velocity: 5.8025169964318275 (frenet_interface.py:281)
INFO     [2025-01-12 11:41:02] --- current target velocity: 5.227484060175398 (frenet_interface.py:282)
INFO     [2025-01-12 11:41:03] --- Sampled interval of velocity: 0.00 m/s - 11.55 m/s (planner.py:310)
INFO     [2025-01-12 11:41:03] --- current time step: 71 (frenet_interface.py:280)
INFO     [2025-01-12 11:41:03] --- current velocity: 5.778099396614201 (frenet_interface.py:281)
INFO     [2025-01-12 11:41:03] --- current target velocity: 5.219999141126136 (frenet_interface.py:282)
INFO     [2025-01-12 11:41:04] --- Sampled interval of velocity: 0.00 m/s - 11.53 m/s (planner.py:310)
INFO     [2025-01-12 11:41:04] --- select trajectory 731 (reactive_planner_cpp.py:382)
INFO     [2025-01-12 11:41:04] --- current time step: 72 (frenet_interface.py:257)
INFO     [2025-01-12 11:41:04] --- current velocity: 5.764815464218758 (frenet_interface.py:258)
INFO     [2025-01-12 11:41:04] --- current target velocity: 5.212583930128273 (frenet_interface.py:259)
INFO     [2025-01-12 11:41:05] --- Sampled interval of velocity: 0.00 m/s - 11.51 m/s (planner.py:310)
INFO     [2025-01-12 11:41:05] --- current time step: 73 (frenet_interface.py:280)
INFO     [2025-01-12 11:41:05] --- current velocity: 5.753241912050645 (frenet_interface.py:281)
INFO     [2025-01-12 11:41:05] --- current target velocity: 5.205232255341714 (frenet_interface.py:282)
INFO     [2025-01-12 11:41:05] --- Sampled interval of velocity: 0.00 m/s - 11.50 m/s (planner.py:310)
INFO     [2025-01-12 11:41:05] --- current time step: 74 (frenet_interface.py:280)
INFO     [2025-01-12 11:41:05] --- current velocity: 5.743290304855251 (frenet_interface.py:281)
INFO     [2025-01-12 11:41:05] --- current target velocity: 5.197850154196984 (frenet_interface.py:282)
INFO     [2025-01-12 11:41:05] --- Sampled interval of velocity: 0.00 m/s - 11.49 m/s (planner.py:310)
INFO     [2025-01-12 11:41:05] --- select trajectory 741 (reactive_planner_cpp.py:382)
INFO     [2025-01-12 11:41:05] --- current time step: 75 (frenet_interface.py:257)
INFO     [2025-01-12 11:41:05] --- current velocity: 5.739005824216548 (frenet_interface.py:258)
INFO     [2025-01-12 11:41:05] --- current target velocity: 5.190413877482342 (frenet_interface.py:259)
INFO     [2025-01-12 11:41:07] --- Sampled interval of velocity: 0.00 m/s - 11.49 m/s (planner.py:310)
INFO     [2025-01-12 11:41:07] --- current time step: 76 (frenet_interface.py:280)
INFO     [2025-01-12 11:41:07] --- current velocity: 5.735302117399737 (frenet_interface.py:281)
INFO     [2025-01-12 11:41:07] --- current target velocity: 5.1828702539825375 (frenet_interface.py:282)
INFO     [2025-01-12 11:41:08] --- Sampled interval of velocity: 0.00 m/s - 11.49 m/s (planner.py:310)
INFO     [2025-01-12 11:41:08] --- current time step: 77 (frenet_interface.py:280)
INFO     [2025-01-12 11:41:08] --- current velocity: 5.732148617287179 (frenet_interface.py:281)
INFO     [2025-01-12 11:41:08] --- current target velocity: 5.1751725235311 (frenet_interface.py:282)
