CRITICAL [2025-01-12 11:27:31] --- Start Planner Vehicle ID: 30819 (frenet_interface.py:67)
INFO     [2025-01-12 11:27:36] --- Sampled interval of velocity: 0.00 m/s - 11.96 m/s (planner.py:310)
INFO     [2025-01-12 11:27:36] --- select trajectory 121 (reactive_planner_cpp.py:382)
INFO     [2025-01-12 11:27:36] --- current time step: 0 (frenet_interface.py:257)
INFO     [2025-01-12 11:27:36] --- current velocity: 6.1719073891210385 (frenet_interface.py:258)
INFO     [2025-01-12 11:27:36] --- current target velocity: 2.8755962619322664 (frenet_interface.py:259)
INFO     [2025-01-12 11:27:39] --- Sampled interval of velocity: 0.00 m/s - 11.92 m/s (planner.py:310)
INFO     [2025-01-12 11:27:39] --- current time step: 1 (frenet_interface.py:280)
INFO     [2025-01-12 11:27:39] --- current velocity: 6.061701873193609 (frenet_interface.py:281)
INFO     [2025-01-12 11:27:39] --- current target velocity: 2.8531443038886275 (frenet_interface.py:282)
INFO     [2025-01-12 11:27:39] --- Sampled interval of velocity: 0.00 m/s - 11.81 m/s (planner.py:310)
INFO     [2025-01-12 11:27:39] --- current time step: 2 (frenet_interface.py:280)
INFO     [2025-01-12 11:27:39] --- current velocity: 5.897041686052847 (frenet_interface.py:281)
INFO     [2025-01-12 11:27:39] --- current target velocity: 2.8309072551329577 (frenet_interface.py:282)
INFO     [2025-01-12 11:27:41] --- Sampled interval of velocity: 0.00 m/s - 11.65 m/s (planner.py:310)
INFO     [2025-01-12 11:27:41] --- select trajectory 111 (reactive_planner_cpp.py:382)
INFO     [2025-01-12 11:27:41] --- current time step: 3 (frenet_interface.py:257)
INFO     [2025-01-12 11:27:41] --- current velocity: 5.750380187073514 (frenet_interface.py:258)
INFO     [2025-01-12 11:27:41] --- current target velocity: 2.809315789307338 (frenet_interface.py:259)
INFO     [2025-01-12 11:27:44] --- Sampled interval of velocity: 0.00 m/s - 11.50 m/s (planner.py:310)
INFO     [2025-01-12 11:27:44] --- current time step: 4 (frenet_interface.py:280)
INFO     [2025-01-12 11:27:44] --- current velocity: 5.51194990970641 (frenet_interface.py:281)
INFO     [2025-01-12 11:27:44] --- current target velocity: 2.788467713164554 (frenet_interface.py:282)
INFO     [2025-01-12 11:27:44] --- Sampled interval of velocity: 0.00 m/s - 11.26 m/s (planner.py:310)
INFO     [2025-01-12 11:27:44] --- current time step: 5 (frenet_interface.py:280)
INFO     [2025-01-12 11:27:44] --- current velocity: 5.204030275244064 (frenet_interface.py:281)
INFO     [2025-01-12 11:27:44] --- current target velocity: 2.768680094990374 (frenet_interface.py:282)
INFO     [2025-01-12 11:27:45] --- Sampled interval of velocity: 0.00 m/s - 10.95 m/s (planner.py:310)
INFO     [2025-01-12 11:27:45] --- select trajectory 111 (reactive_planner_cpp.py:382)
INFO     [2025-01-12 11:27:45] --- current time step: 6 (frenet_interface.py:257)
INFO     [2025-01-12 11:27:45] --- current velocity: 5.008095835511382 (frenet_interface.py:258)
INFO     [2025-01-12 11:27:45] --- current target velocity: 2.750539023257522 (frenet_interface.py:259)
INFO     [2025-01-12 11:27:48] --- Sampled interval of velocity: 0.00 m/s - 10.76 m/s (planner.py:310)
INFO     [2025-01-12 11:27:48] --- current time step: 7 (frenet_interface.py:280)
INFO     [2025-01-12 11:27:48] --- current velocity: 4.764804124243135 (frenet_interface.py:281)
INFO     [2025-01-12 11:27:48] --- current target velocity: 2.7339189481454795 (frenet_interface.py:282)
INFO     [2025-01-12 11:27:48] --- Sampled interval of velocity: 0.00 m/s - 10.51 m/s (planner.py:310)
INFO     [2025-01-12 11:27:48] --- current time step: 8 (frenet_interface.py:280)
INFO     [2025-01-12 11:27:48] --- current velocity: 4.488064833332848 (frenet_interface.py:281)
INFO     [2025-01-12 11:27:48] --- current target velocity: 2.7186288907383913 (frenet_interface.py:282)
INFO     [2025-01-12 11:27:49] --- Sampled interval of velocity: 0.00 m/s - 10.24 m/s (planner.py:310)
INFO     [2025-01-12 11:27:49] --- select trajectory 111 (reactive_planner_cpp.py:382)
INFO     [2025-01-12 11:27:49] --- current time step: 9 (frenet_interface.py:257)
INFO     [2025-01-12 11:27:49] --- current velocity: 4.323815305318992 (frenet_interface.py:258)
INFO     [2025-01-12 11:27:49] --- current target velocity: 2.704985940813349 (frenet_interface.py:259)
INFO     [2025-01-12 11:27:51] --- Sampled interval of velocity: 0.00 m/s - 10.07 m/s (planner.py:310)
INFO     [2025-01-12 11:27:51] --- current time step: 10 (frenet_interface.py:280)
INFO     [2025-01-12 11:27:51] --- current velocity: 4.126705825586892 (frenet_interface.py:281)
INFO     [2025-01-12 11:27:51] --- current target velocity: 2.692726101665147 (frenet_interface.py:282)
INFO     [2025-01-12 11:27:52] --- Sampled interval of velocity: 0.00 m/s - 9.88 m/s (planner.py:310)
INFO     [2025-01-12 11:27:52] --- current time step: 11 (frenet_interface.py:280)
INFO     [2025-01-12 11:27:52] --- current velocity: 3.9069560277463484 (frenet_interface.py:281)
INFO     [2025-01-12 11:27:52] --- current target velocity: 2.6816040276276834 (frenet_interface.py:282)
INFO     [2025-01-12 11:27:53] --- Sampled interval of velocity: 0.00 m/s - 9.66 m/s (planner.py:310)
INFO     [2025-01-12 11:27:53] --- select trajectory 411 (reactive_planner_cpp.py:382)
INFO     [2025-01-12 11:27:53] --- current time step: 12 (frenet_interface.py:257)
INFO     [2025-01-12 11:27:53] --- current velocity: 3.7870563127688825 (frenet_interface.py:258)
INFO     [2025-01-12 11:27:53] --- current target velocity: 2.67184718756989 (frenet_interface.py:259)
INFO     [2025-01-12 11:27:55] --- Sampled interval of velocity: 0.00 m/s - 9.54 m/s (planner.py:310)
INFO     [2025-01-12 11:27:55] --- current time step: 13 (frenet_interface.py:280)
INFO     [2025-01-12 11:27:55] --- current velocity: 3.6570474179067634 (frenet_interface.py:281)
INFO     [2025-01-12 11:27:55] --- current target velocity: 2.663199190511344 (frenet_interface.py:282)
INFO     [2025-01-12 11:27:55] --- Sampled interval of velocity: 0.00 m/s - 9.41 m/s (planner.py:310)
INFO     [2025-01-12 11:27:55] --- current time step: 14 (frenet_interface.py:280)
INFO     [2025-01-12 11:27:55] --- current velocity: 3.519969401183373 (frenet_interface.py:281)
INFO     [2025-01-12 11:27:55] --- current target velocity: 2.6553505371029242 (frenet_interface.py:282)
INFO     [2025-01-12 11:27:56] --- Sampled interval of velocity: 0.00 m/s - 9.27 m/s (planner.py:310)
INFO     [2025-01-12 11:27:56] --- select trajectory 711 (reactive_planner_cpp.py:382)
INFO     [2025-01-12 11:27:56] --- current time step: 15 (frenet_interface.py:257)
INFO     [2025-01-12 11:27:56] --- current velocity: 3.450828699378377 (frenet_interface.py:258)
INFO     [2025-01-12 11:27:56] --- current target velocity: 2.648383221160669 (frenet_interface.py:259)
INFO     [2025-01-12 11:27:58] --- Sampled interval of velocity: 0.00 m/s - 9.20 m/s (planner.py:310)
INFO     [2025-01-12 11:27:58] --- current time step: 16 (frenet_interface.py:280)
INFO     [2025-01-12 11:27:58] --- current velocity: 3.383051882969447 (frenet_interface.py:281)
INFO     [2025-01-12 11:27:58] --- current target velocity: 2.6420907000946188 (frenet_interface.py:282)
INFO     [2025-01-12 11:27:58] --- Sampled interval of velocity: 0.00 m/s - 9.13 m/s (planner.py:310)
INFO     [2025-01-12 11:27:58] --- current time step: 17 (frenet_interface.py:280)
INFO     [2025-01-12 11:27:58] --- current velocity: 3.316707762152951 (frenet_interface.py:281)
INFO     [2025-01-12 11:27:58] --- current target velocity: 2.636221506748055 (frenet_interface.py:282)
INFO     [2025-01-12 11:27:59] --- Sampled interval of velocity: 0.00 m/s - 9.07 m/s (planner.py:310)
INFO     [2025-01-12 11:27:59] --- select trajectory 711 (reactive_planner_cpp.py:382)
INFO     [2025-01-12 11:27:59] --- current time step: 18 (frenet_interface.py:257)
INFO     [2025-01-12 11:27:59] --- current velocity: 3.2826358172017027 (frenet_interface.py:258)
INFO     [2025-01-12 11:27:59] --- current target velocity: 2.630774662044894 (frenet_interface.py:259)
INFO     [2025-01-12 11:28:01] --- Sampled interval of velocity: 0.00 m/s - 9.03 m/s (planner.py:310)
INFO     [2025-01-12 11:28:01] --- current time step: 19 (frenet_interface.py:280)
INFO     [2025-01-12 11:28:01] --- current velocity: 3.2461900025450214 (frenet_interface.py:281)
INFO     [2025-01-12 11:28:01] --- current target velocity: 2.625627693247912 (frenet_interface.py:282)
INFO     [2025-01-12 11:28:01] --- Sampled interval of velocity: 0.00 m/s - 9.00 m/s (planner.py:310)
INFO     [2025-01-12 11:28:01] --- current time step: 20 (frenet_interface.py:280)
INFO     [2025-01-12 11:28:01] --- current velocity: 3.207618008236001 (frenet_interface.py:281)
INFO     [2025-01-12 11:28:01] --- current target velocity: 2.620674410789729 (frenet_interface.py:282)
INFO     [2025-01-12 11:28:02] --- Sampled interval of velocity: 0.00 m/s - 8.96 m/s (planner.py:310)
INFO     [2025-01-12 11:28:02] --- select trajectory 711 (reactive_planner_cpp.py:382)
INFO     [2025-01-12 11:28:02] --- current time step: 21 (frenet_interface.py:257)
INFO     [2025-01-12 11:28:02] --- current velocity: 3.185985004531885 (frenet_interface.py:258)
INFO     [2025-01-12 11:28:02] --- current target velocity: 2.6159369327946504 (frenet_interface.py:259)
INFO     [2025-01-12 11:28:03] --- Sampled interval of velocity: 0.00 m/s - 8.94 m/s (planner.py:310)
INFO     [2025-01-12 11:28:03] --- current time step: 22 (frenet_interface.py:280)
INFO     [2025-01-12 11:28:03] --- current velocity: 3.1608372327206378 (frenet_interface.py:281)
INFO     [2025-01-12 11:28:03] --- current target velocity: 2.6113607864817387 (frenet_interface.py:282)
INFO     [2025-01-12 11:28:04] --- Sampled interval of velocity: 0.00 m/s - 8.91 m/s (planner.py:310)
INFO     [2025-01-12 11:28:04] --- current time step: 23 (frenet_interface.py:280)
INFO     [2025-01-12 11:28:04] --- current velocity: 3.132472835190147 (frenet_interface.py:281)
INFO     [2025-01-12 11:28:04] --- current target velocity: 2.6068978385817725 (frenet_interface.py:282)
INFO     [2025-01-12 11:28:04] --- Sampled interval of velocity: 0.00 m/s - 8.88 m/s (planner.py:310)
INFO     [2025-01-12 11:28:04] --- select trajectory 711 (reactive_planner_cpp.py:382)
INFO     [2025-01-12 11:28:04] --- current time step: 24 (frenet_interface.py:257)
INFO     [2025-01-12 11:28:04] --- current velocity: 3.115545871588254 (frenet_interface.py:258)
INFO     [2025-01-12 11:28:04] --- current target velocity: 2.6025777315374814 (frenet_interface.py:259)
INFO     [2025-01-12 11:28:06] --- Sampled interval of velocity: 0.00 m/s - 8.87 m/s (planner.py:310)
INFO     [2025-01-12 11:28:06] --- current time step: 25 (frenet_interface.py:280)
INFO     [2025-01-12 11:28:06] --- current velocity: 3.094841796262465 (frenet_interface.py:281)
INFO     [2025-01-12 11:28:06] --- current target velocity: 2.598369993025799 (frenet_interface.py:282)
INFO     [2025-01-12 11:28:07] --- Sampled interval of velocity: 0.00 m/s - 8.84 m/s (planner.py:310)
INFO     [2025-01-12 11:28:07] --- current time step: 26 (frenet_interface.py:280)
INFO     [2025-01-12 11:28:07] --- current velocity: 3.0706659602646122 (frenet_interface.py:281)
INFO     [2025-01-12 11:28:07] --- current target velocity: 2.594247015317961 (frenet_interface.py:282)
INFO     [2025-01-12 11:28:08] --- Sampled interval of velocity: 0.00 m/s - 8.82 m/s (planner.py:310)
INFO     [2025-01-12 11:28:08] --- select trajectory 711 (reactive_planner_cpp.py:382)
INFO     [2025-01-12 11:28:08] --- current time step: 27 (frenet_interface.py:257)
INFO     [2025-01-12 11:28:08] --- current velocity: 3.055788573804098 (frenet_interface.py:258)
INFO     [2025-01-12 11:28:08] --- current target velocity: 2.590240591194956 (frenet_interface.py:259)
INFO     [2025-01-12 11:28:10] --- Sampled interval of velocity: 0.00 m/s - 8.81 m/s (planner.py:310)
INFO     [2025-01-12 11:28:10] --- current time step: 28 (frenet_interface.py:280)
INFO     [2025-01-12 11:28:10] --- current velocity: 3.0371651559168784 (frenet_interface.py:281)
INFO     [2025-01-12 11:28:10] --- current target velocity: 2.586328926037873 (frenet_interface.py:282)
INFO     [2025-01-12 11:28:11] --- Sampled interval of velocity: 0.00 m/s - 8.79 m/s (planner.py:310)
INFO     [2025-01-12 11:28:11] --- current time step: 29 (frenet_interface.py:280)
INFO     [2025-01-12 11:28:11] --- current velocity: 3.0150940051626707 (frenet_interface.py:281)
INFO     [2025-01-12 11:28:11] --- current target velocity: 2.5824918608885477 (frenet_interface.py:282)
INFO     [2025-01-12 11:28:11] --- Sampled interval of velocity: 0.00 m/s - 8.77 m/s (planner.py:310)
INFO     [2025-01-12 11:28:11] --- select trajectory 711 (reactive_planner_cpp.py:382)
INFO     [2025-01-12 11:28:11] --- current time step: 30 (frenet_interface.py:257)
INFO     [2025-01-12 11:28:11] --- current velocity: 3.0013403034176194 (frenet_interface.py:258)
INFO     [2025-01-12 11:28:11] --- current target velocity: 2.5787615023058668 (frenet_interface.py:259)
INFO     [2025-01-12 11:28:13] --- Sampled interval of velocity: 0.00 m/s - 8.75 m/s (planner.py:310)
INFO     [2025-01-12 11:28:13] --- current time step: 31 (frenet_interface.py:280)
INFO     [2025-01-12 11:28:13] --- current velocity: 2.983965993948544 (frenet_interface.py:281)
INFO     [2025-01-12 11:28:13] --- current target velocity: 2.575119389260621 (frenet_interface.py:282)
INFO     [2025-01-12 11:28:14] --- Sampled interval of velocity: 0.00 m/s - 8.73 m/s (planner.py:310)
INFO     [2025-01-12 11:28:14] --- current time step: 32 (frenet_interface.py:280)
INFO     [2025-01-12 11:28:14] --- current velocity: 2.9632579027306223 (frenet_interface.py:281)
INFO     [2025-01-12 11:28:14] --- current target velocity: 2.571548248115988 (frenet_interface.py:282)
INFO     [2025-01-12 11:28:15] --- Sampled interval of velocity: 0.00 m/s - 8.71 m/s (planner.py:310)
INFO     [2025-01-12 11:28:15] --- select trajectory 711 (reactive_planner_cpp.py:382)
INFO     [2025-01-12 11:28:15] --- current time step: 33 (frenet_interface.py:257)
INFO     [2025-01-12 11:28:15] --- current velocity: 2.950292595706823 (frenet_interface.py:258)
INFO     [2025-01-12 11:28:15] --- current target velocity: 2.5680798901404724 (frenet_interface.py:259)
INFO     [2025-01-12 11:28:16] --- Sampled interval of velocity: 0.00 m/s - 8.70 m/s (planner.py:310)
INFO     [2025-01-12 11:28:16] --- current time step: 34 (frenet_interface.py:280)
INFO     [2025-01-12 11:28:16] --- current velocity: 2.9338588824106813 (frenet_interface.py:281)
INFO     [2025-01-12 11:28:16] --- current target velocity: 2.5646973183056714 (frenet_interface.py:282)
INFO     [2025-01-12 11:28:17] --- Sampled interval of velocity: 0.00 m/s - 8.68 m/s (planner.py:310)
INFO     [2025-01-12 11:28:17] --- current time step: 35 (frenet_interface.py:280)
INFO     [2025-01-12 11:28:17] --- current velocity: 2.914231037221557 (frenet_interface.py:281)
INFO     [2025-01-12 11:28:17] --- current target velocity: 2.561384546737166 (frenet_interface.py:282)
INFO     [2025-01-12 11:28:18] --- Sampled interval of velocity: 0.00 m/s - 8.66 m/s (planner.py:310)
INFO     [2025-01-12 11:28:18] --- select trajectory 711 (reactive_planner_cpp.py:382)
INFO     [2025-01-12 11:28:18] --- current time step: 36 (frenet_interface.py:257)
INFO     [2025-01-12 11:28:18] --- current velocity: 2.9019209559198926 (frenet_interface.py:258)
INFO     [2025-01-12 11:28:18] --- current target velocity: 2.558172908751175 (frenet_interface.py:259)
INFO     [2025-01-12 11:28:19] --- Sampled interval of velocity: 0.00 m/s - 8.65 m/s (planner.py:310)
INFO     [2025-01-12 11:28:19] --- current time step: 37 (frenet_interface.py:280)
INFO     [2025-01-12 11:28:19] --- current velocity: 2.8862986919359304 (frenet_interface.py:281)
INFO     [2025-01-12 11:28:19] --- current target velocity: 2.5550462128945863 (frenet_interface.py:282)
INFO     [2025-01-12 11:28:20] --- Sampled interval of velocity: 0.00 m/s - 8.64 m/s (planner.py:310)
INFO     [2025-01-12 11:28:20] --- current time step: 38 (frenet_interface.py:280)
INFO     [2025-01-12 11:28:20] --- current velocity: 2.867625991931616 (frenet_interface.py:281)
INFO     [2025-01-12 11:28:20] --- current target velocity: 2.551989198052005 (frenet_interface.py:282)
INFO     [2025-01-12 11:28:20] --- Sampled interval of velocity: 0.00 m/s - 8.62 m/s (planner.py:310)
INFO     [2025-01-12 11:28:20] --- select trajectory 711 (reactive_planner_cpp.py:382)
INFO     [2025-01-12 11:28:21] --- current time step: 39 (frenet_interface.py:257)
INFO     [2025-01-12 11:28:21] --- current velocity: 2.8559077159383497 (frenet_interface.py:258)
INFO     [2025-01-12 11:28:21] --- current target velocity: 2.549032685589731 (frenet_interface.py:259)
INFO     [2025-01-12 11:28:22] --- Sampled interval of velocity: 0.00 m/s - 8.61 m/s (planner.py:310)
INFO     [2025-01-12 11:28:22] --- current time step: 40 (frenet_interface.py:280)
INFO     [2025-01-12 11:28:22] --- current velocity: 2.8410299701376274 (frenet_interface.py:281)
INFO     [2025-01-12 11:28:22] --- current target velocity: 2.546161054483444 (frenet_interface.py:282)
INFO     [2025-01-12 11:28:23] --- Sampled interval of velocity: 0.00 m/s - 8.59 m/s (planner.py:310)
INFO     [2025-01-12 11:28:23] --- current time step: 41 (frenet_interface.py:280)
INFO     [2025-01-12 11:28:23] --- current velocity: 2.8232423735618233 (frenet_interface.py:281)
INFO     [2025-01-12 11:28:23] --- current target velocity: 2.543359567324865 (frenet_interface.py:282)
INFO     [2025-01-12 11:28:24] --- Sampled interval of velocity: 0.00 m/s - 8.57 m/s (planner.py:310)
INFO     [2025-01-12 11:28:24] --- select trajectory 711 (reactive_planner_cpp.py:382)
INFO     [2025-01-12 11:28:24] --- current time step: 42 (frenet_interface.py:257)
INFO     [2025-01-12 11:28:24] --- current velocity: 2.8120770834942515 (frenet_interface.py:258)
INFO     [2025-01-12 11:28:24] --- current target velocity: 2.5406585520631575 (frenet_interface.py:259)
INFO     [2025-01-12 11:28:25] --- Sampled interval of velocity: 0.00 m/s - 8.56 m/s (planner.py:310)
INFO     [2025-01-12 11:28:25] --- current time step: 43 (frenet_interface.py:280)
INFO     [2025-01-12 11:28:25] --- current velocity: 2.7978991963943867 (frenet_interface.py:281)
INFO     [2025-01-12 11:28:25] --- current target velocity: 2.538042871969788 (frenet_interface.py:282)
INFO     [2025-01-12 11:28:26] --- Sampled interval of velocity: 0.00 m/s - 8.55 m/s (planner.py:310)
INFO     [2025-01-12 11:28:26] --- current time step: 44 (frenet_interface.py:280)
INFO     [2025-01-12 11:28:26] --- current velocity: 2.780946703933405 (frenet_interface.py:281)
INFO     [2025-01-12 11:28:26] --- current target velocity: 2.5354982400257713 (frenet_interface.py:282)
INFO     [2025-01-12 11:28:27] --- Sampled interval of velocity: 0.00 m/s - 8.53 m/s (planner.py:310)
INFO     [2025-01-12 11:28:27] --- select trajectory 781 (reactive_planner_cpp.py:382)
INFO     [2025-01-12 11:28:27] --- current time step: 45 (frenet_interface.py:257)
INFO     [2025-01-12 11:28:27] --- current velocity: 2.7724150066161286 (frenet_interface.py:258)
INFO     [2025-01-12 11:28:27] --- current target velocity: 2.5330545287697337 (frenet_interface.py:259)
INFO     [2025-01-12 11:28:28] --- Sampled interval of velocity: 0.00 m/s - 8.52 m/s (planner.py:310)
INFO     [2025-01-12 11:28:28] --- current time step: 46 (frenet_interface.py:280)
INFO     [2025-01-12 11:28:28] --- current velocity: 2.7650398056019294 (frenet_interface.py:281)
INFO     [2025-01-12 11:28:28] --- current target velocity: 2.530690185237148 (frenet_interface.py:282)
INFO     [2025-01-12 11:28:30] --- Sampled interval of velocity: 0.00 m/s - 8.52 m/s (planner.py:310)
INFO     [2025-01-12 11:28:30] --- current time step: 47 (frenet_interface.py:280)
INFO     [2025-01-12 11:28:30] --- current velocity: 2.7587602316780218 (frenet_interface.py:281)
INFO     [2025-01-12 11:28:30] --- current target velocity: 2.5283574072205695 (frenet_interface.py:282)
INFO     [2025-01-12 11:28:31] --- Sampled interval of velocity: 0.00 m/s - 8.51 m/s (planner.py:310)
INFO     [2025-01-12 11:28:31] --- select trajectory 781 (reactive_planner_cpp.py:382)
INFO     [2025-01-12 11:28:31] --- current time step: 48 (frenet_interface.py:257)
INFO     [2025-01-12 11:28:31] --- current velocity: 2.7560727428906744 (frenet_interface.py:258)
INFO     [2025-01-12 11:28:31] --- current target velocity: 2.526045983187698 (frenet_interface.py:259)
INFO     [2025-01-12 11:28:32] --- Sampled interval of velocity: 0.00 m/s - 8.51 m/s (planner.py:310)
INFO     [2025-01-12 11:28:32] --- current time step: 49 (frenet_interface.py:280)
INFO     [2025-01-12 11:28:32] --- current velocity: 2.7537495512754755 (frenet_interface.py:281)
INFO     [2025-01-12 11:28:32] --- current target velocity: 2.523732589829195 (frenet_interface.py:282)
INFO     [2025-01-12 11:28:33] --- Sampled interval of velocity: 0.00 m/s - 8.50 m/s (planner.py:310)
INFO     [2025-01-12 11:28:33] --- current time step: 50 (frenet_interface.py:280)
INFO     [2025-01-12 11:28:33] --- current velocity: 2.7517714832999833 (frenet_interface.py:281)
INFO     [2025-01-12 11:28:33] --- current target velocity: 2.5213977515185477 (frenet_interface.py:282)
INFO     [2025-01-12 11:28:35] --- Sampled interval of velocity: 0.00 m/s - 8.50 m/s (planner.py:310)
INFO     [2025-01-12 11:28:35] --- select trajectory 781 (reactive_planner_cpp.py:382)
INFO     [2025-01-12 11:28:35] --- current time step: 51 (frenet_interface.py:257)
INFO     [2025-01-12 11:28:35] --- current velocity: 2.7509249232662847 (frenet_interface.py:258)
INFO     [2025-01-12 11:28:35] --- current target velocity: 2.5190371922948485 (frenet_interface.py:259)
INFO     [2025-01-12 11:28:37] --- Sampled interval of velocity: 0.00 m/s - 8.50 m/s (planner.py:310)
INFO     [2025-01-12 11:28:37] --- current time step: 52 (frenet_interface.py:280)
INFO     [2025-01-12 11:28:37] --- current velocity: 2.7501931173838763 (frenet_interface.py:281)
INFO     [2025-01-12 11:28:37] --- current target velocity: 2.5166423345653333 (frenet_interface.py:282)
INFO     [2025-01-12 11:28:38] --- Sampled interval of velocity: 0.00 m/s - 8.50 m/s (planner.py:310)
INFO     [2025-01-12 11:28:38] --- current time step: 53 (frenet_interface.py:280)
INFO     [2025-01-12 11:28:38] --- current velocity: 2.74957002591381 (frenet_interface.py:281)
INFO     [2025-01-12 11:28:38] --- current target velocity: 2.514205799351696 (frenet_interface.py:282)
INFO     [2025-01-12 11:28:39] --- Sampled interval of velocity: 0.00 m/s - 8.50 m/s (planner.py:310)
INFO     [2025-01-12 11:28:39] --- select trajectory 781 (reactive_planner_cpp.py:382)
INFO     [2025-01-12 11:28:39] --- current time step: 54 (frenet_interface.py:257)
INFO     [2025-01-12 11:28:39] --- current velocity: 2.7493033603096055 (frenet_interface.py:258)
INFO     [2025-01-12 11:28:39] --- current target velocity: 2.5117250943814526 (frenet_interface.py:259)
INFO     [2025-01-12 11:28:41] --- Sampled interval of velocity: 0.00 m/s - 8.50 m/s (planner.py:310)
INFO     [2025-01-12 11:28:41] --- current time step: 55 (frenet_interface.py:280)
INFO     [2025-01-12 11:28:41] --- current velocity: 2.749072843530637 (frenet_interface.py:281)
INFO     [2025-01-12 11:28:41] --- current target velocity: 2.509196280384882 (frenet_interface.py:282)
INFO     [2025-01-12 11:28:43] --- Sampled interval of velocity: 0.00 m/s - 8.50 m/s (planner.py:310)
INFO     [2025-01-12 11:28:43] --- current time step: 56 (frenet_interface.py:280)
INFO     [2025-01-12 11:28:43] --- current velocity: 2.748876571524471 (frenet_interface.py:281)
INFO     [2025-01-12 11:28:43] --- current target velocity: 2.5066157546168775 (frenet_interface.py:282)
INFO     [2025-01-12 11:28:45] --- Sampled interval of velocity: 0.00 m/s - 8.50 m/s (planner.py:310)
INFO     [2025-01-12 11:28:45] --- select trajectory 711 (reactive_planner_cpp.py:382)
INFO     [2025-01-12 11:28:45] --- current time step: 57 (frenet_interface.py:257)
INFO     [2025-01-12 11:28:45] --- current velocity: 2.746760726816902 (frenet_interface.py:258)
INFO     [2025-01-12 11:28:45] --- current target velocity: 2.503981448258463 (frenet_interface.py:259)
INFO     [2025-01-12 11:28:47] --- Sampled interval of velocity: 0.00 m/s - 8.50 m/s (planner.py:310)
INFO     [2025-01-12 11:28:48] --- current time step: 58 (frenet_interface.py:280)
INFO     [2025-01-12 11:28:48] --- current velocity: 2.740777289557398 (frenet_interface.py:281)
INFO     [2025-01-12 11:28:48] --- current target velocity: 2.501298250180157 (frenet_interface.py:282)
INFO     [2025-01-12 11:28:48] --- Sampled interval of velocity: 0.00 m/s - 8.49 m/s (planner.py:310)
INFO     [2025-01-12 11:28:48] --- current time step: 59 (frenet_interface.py:280)
INFO     [2025-01-12 11:28:48] --- current velocity: 2.7312027293891172 (frenet_interface.py:281)
INFO     [2025-01-12 11:28:48] --- current target velocity: 2.4986006774988576 (frenet_interface.py:282)
INFO     [2025-01-12 11:28:50] --- Sampled interval of velocity: 0.00 m/s - 8.48 m/s (planner.py:310)
INFO     [2025-01-12 11:28:50] --- select trajectory 786 (reactive_planner_cpp.py:382)
INFO     [2025-01-12 11:28:50] --- current time step: 60 (frenet_interface.py:257)
INFO     [2025-01-12 11:28:50] --- current velocity: 2.725933413777384 (frenet_interface.py:258)
INFO     [2025-01-12 11:28:50] --- current target velocity: 2.4959301485746552 (frenet_interface.py:259)
INFO     [2025-01-12 11:28:51] --- Sampled interval of velocity: 0.00 m/s - 8.48 m/s (planner.py:310)
INFO     [2025-01-12 11:28:51] --- current time step: 61 (frenet_interface.py:280)
INFO     [2025-01-12 11:28:51] --- current velocity: 2.7213783686309196 (frenet_interface.py:281)
INFO     [2025-01-12 11:28:51] --- current target velocity: 2.493287230000697 (frenet_interface.py:282)
INFO     [2025-01-12 11:28:53] --- Sampled interval of velocity: 0.00 m/s - 8.47 m/s (planner.py:310)
INFO     [2025-01-12 11:28:53] --- current time step: 62 (frenet_interface.py:280)
INFO     [2025-01-12 11:28:53] --- current velocity: 2.717500000500915 (frenet_interface.py:281)
INFO     [2025-01-12 11:28:53] --- current target velocity: 2.4906399805174346 (frenet_interface.py:282)
INFO     [2025-01-12 11:28:54] --- Sampled interval of velocity: 0.00 m/s - 8.47 m/s (planner.py:310)
INFO     [2025-01-12 11:28:54] --- select trajectory 781 (reactive_planner_cpp.py:382)
INFO     [2025-01-12 11:28:54] --- current time step: 63 (frenet_interface.py:257)
INFO     [2025-01-12 11:28:54] --- current velocity: 2.7158401640319054 (frenet_interface.py:258)
INFO     [2025-01-12 11:28:54] --- current target velocity: 2.4879801621329323 (frenet_interface.py:259)
INFO     [2025-01-12 11:28:56] --- Sampled interval of velocity: 0.00 m/s - 8.47 m/s (planner.py:310)
INFO     [2025-01-12 11:28:56] --- current time step: 64 (frenet_interface.py:280)
INFO     [2025-01-12 11:28:56] --- current velocity: 2.7144053221988718 (frenet_interface.py:281)
INFO     [2025-01-12 11:28:56] --- current target velocity: 2.4852899188515987 (frenet_interface.py:282)
INFO     [2025-01-12 11:28:56] --- Sampled interval of velocity: 0.00 m/s - 8.46 m/s (planner.py:310)
INFO     [2025-01-12 11:28:56] --- current time step: 65 (frenet_interface.py:280)
INFO     [2025-01-12 11:28:56] --- current velocity: 2.7131836332740695 (frenet_interface.py:281)
INFO     [2025-01-12 11:28:56] --- current target velocity: 2.48255403108895 (frenet_interface.py:282)
INFO     [2025-01-12 11:28:58] --- Sampled interval of velocity: 0.00 m/s - 8.46 m/s (planner.py:310)
INFO     [2025-01-12 11:28:58] --- select trajectory 711 (reactive_planner_cpp.py:382)
INFO     [2025-01-12 11:28:58] --- current time step: 66 (frenet_interface.py:257)
INFO     [2025-01-12 11:28:58] --- current velocity: 2.710716184472826 (frenet_interface.py:258)
INFO     [2025-01-12 11:28:58] --- current target velocity: 2.4797682095927427 (frenet_interface.py:259)
INFO     [2025-01-12 11:29:00] --- Sampled interval of velocity: 0.00 m/s - 8.46 m/s (planner.py:310)
INFO     [2025-01-12 11:29:00] --- current time step: 67 (frenet_interface.py:280)
INFO     [2025-01-12 11:29:00] --- current velocity: 2.7046071962502145 (frenet_interface.py:281)
INFO     [2025-01-12 11:29:00] --- current target velocity: 2.476932891730014 (frenet_interface.py:282)
INFO     [2025-01-12 11:29:01] --- Sampled interval of velocity: 0.00 m/s - 8.45 m/s (planner.py:310)
INFO     [2025-01-12 11:29:01] --- current time step: 68 (frenet_interface.py:280)
INFO     [2025-01-12 11:29:01] --- current velocity: 2.6951181109302955 (frenet_interface.py:281)
INFO     [2025-01-12 11:29:01] --- current target velocity: 2.474080775911721 (frenet_interface.py:282)
INFO     [2025-01-12 11:29:02] --- Sampled interval of velocity: 0.00 m/s - 8.45 m/s (planner.py:310)
INFO     [2025-01-12 11:29:02] --- select trajectory 101 (reactive_planner_cpp.py:382)
INFO     [2025-01-12 11:29:02] --- current time step: 69 (frenet_interface.py:257)
INFO     [2025-01-12 11:29:02] --- current velocity: 2.652370327852175 (frenet_interface.py:258)
INFO     [2025-01-12 11:29:02] --- current target velocity: 2.47125511743873 (frenet_interface.py:259)
INFO     [2025-01-12 11:29:04] --- Sampled interval of velocity: 0.00 m/s - 8.40 m/s (planner.py:310)
INFO     [2025-01-12 11:29:04] --- current time step: 70 (frenet_interface.py:280)
INFO     [2025-01-12 11:29:04] --- current velocity: 2.5448844870924776 (frenet_interface.py:281)
INFO     [2025-01-12 11:29:04] --- current target velocity: 2.4686160280971374 (frenet_interface.py:282)
INFO     [2025-01-12 11:29:05] --- Sampled interval of velocity: 0.00 m/s - 8.29 m/s (planner.py:310)
INFO     [2025-01-12 11:29:05] --- current time step: 71 (frenet_interface.py:280)
INFO     [2025-01-12 11:29:05] --- current velocity: 2.3871588647961697 (frenet_interface.py:281)
INFO     [2025-01-12 11:29:05] --- current target velocity: 2.4668877954266506 (frenet_interface.py:282)
INFO     [2025-01-12 11:29:07] --- Sampled interval of velocity: 0.00 m/s - 8.14 m/s (planner.py:310)
INFO     [2025-01-12 11:29:07] --- select trajectory 101 (reactive_planner_cpp.py:382)
INFO     [2025-01-12 11:29:07] --- current time step: 72 (frenet_interface.py:257)
INFO     [2025-01-12 11:29:07] --- current velocity: 2.2817115895643147 (frenet_interface.py:258)
INFO     [2025-01-12 11:29:07] --- current target velocity: 2.4668525167258735 (frenet_interface.py:259)
INFO     [2025-01-12 11:29:08] --- Sampled interval of velocity: 0.00 m/s - 8.03 m/s (planner.py:310)
INFO     [2025-01-12 11:29:08] --- current time step: 73 (frenet_interface.py:280)
INFO     [2025-01-12 11:29:08] --- current velocity: 2.1486693936139973 (frenet_interface.py:281)
INFO     [2025-01-12 11:29:08] --- current target velocity: 2.4685602438184118 (frenet_interface.py:282)
INFO     [2025-01-12 11:29:10] --- Sampled interval of velocity: 0.00 m/s - 7.90 m/s (planner.py:310)
INFO     [2025-01-12 11:29:10] --- current time step: 74 (frenet_interface.py:280)
INFO     [2025-01-12 11:29:10] --- current velocity: 1.9959625896420405 (frenet_interface.py:281)
INFO     [2025-01-12 11:29:10] --- current target velocity: 2.471912251607219 (frenet_interface.py:282)
INFO     [2025-01-12 11:29:10] --- Sampled interval of velocity: 0.00 m/s - 7.75 m/s (planner.py:310)
INFO     [2025-01-12 11:29:10] --- select trajectory 101 (reactive_planner_cpp.py:382)
INFO     [2025-01-12 11:29:11] --- current time step: 75 (frenet_interface.py:257)
INFO     [2025-01-12 11:29:11] --- current velocity: 1.905974067567985 (frenet_interface.py:258)
INFO     [2025-01-12 11:29:11] --- current target velocity: 2.4772945212753297 (frenet_interface.py:259)
INFO     [2025-01-12 11:29:13] --- Sampled interval of velocity: 0.00 m/s - 7.66 m/s (planner.py:310)
INFO     [2025-01-12 11:29:13] --- current time step: 76 (frenet_interface.py:280)
INFO     [2025-01-12 11:29:13] --- current velocity: 1.7994331114763311 (frenet_interface.py:281)
INFO     [2025-01-12 11:29:13] --- current target velocity: 2.4844825521326284 (frenet_interface.py:282)
INFO     [2025-01-12 11:29:13] --- Sampled interval of velocity: 0.00 m/s - 7.55 m/s (planner.py:310)
INFO     [2025-01-12 11:29:13] --- current time step: 77 (frenet_interface.py:280)
INFO     [2025-01-12 11:29:13] --- current velocity: 1.6816331472795847 (frenet_interface.py:281)
INFO     [2025-01-12 11:29:13] --- current target velocity: 2.4932411652873063 (frenet_interface.py:282)
INFO     [2025-01-12 11:29:14] --- Sampled interval of velocity: 0.00 m/s - 7.43 m/s (planner.py:310)
INFO     [2025-01-12 11:29:14] --- select trajectory 101 (reactive_planner_cpp.py:382)
INFO     [2025-01-12 11:29:14] --- current time step: 78 (frenet_interface.py:257)
INFO     [2025-01-12 11:29:14] --- current velocity: 1.6138482717901086 (frenet_interface.py:258)
INFO     [2025-01-12 11:29:14] --- current target velocity: 2.5038325785696753 (frenet_interface.py:259)
INFO     [2025-01-12 11:29:16] --- Sampled interval of velocity: 0.00 m/s - 7.36 m/s (planner.py:310)
INFO     [2025-01-12 11:29:16] --- current time step: 79 (frenet_interface.py:280)
INFO     [2025-01-12 11:29:16] --- current velocity: 1.5346663764492012 (frenet_interface.py:281)
INFO     [2025-01-12 11:29:16] --- current target velocity: 2.5160466554836844 (frenet_interface.py:282)
INFO     [2025-01-12 11:29:17] --- Sampled interval of velocity: 0.00 m/s - 7.28 m/s (planner.py:310)
INFO     [2025-01-12 11:29:17] --- current time step: 80 (frenet_interface.py:280)
INFO     [2025-01-12 11:29:17] --- current velocity: 1.4478490717089092 (frenet_interface.py:281)
INFO     [2025-01-12 11:29:17] --- current target velocity: 2.5296842832350386 (frenet_interface.py:282)
INFO     [2025-01-12 11:29:18] --- Sampled interval of velocity: 0.00 m/s - 7.20 m/s (planner.py:310)
INFO     [2025-01-12 11:29:18] --- select trajectory 196 (reactive_planner_cpp.py:382)
INFO     [2025-01-12 11:29:18] --- current time step: 81 (frenet_interface.py:257)
INFO     [2025-01-12 11:29:18] --- current velocity: 1.3772165037833337 (frenet_interface.py:258)
INFO     [2025-01-12 11:29:18] --- current target velocity: 2.544948209859724 (frenet_interface.py:259)
INFO     [2025-01-12 11:29:20] --- Sampled interval of velocity: 0.00 m/s - 7.13 m/s (planner.py:310)
INFO     [2025-01-12 11:29:20] --- current time step: 82 (frenet_interface.py:280)
INFO     [2025-01-12 11:29:20] --- current velocity: 1.2619188782336104 (frenet_interface.py:281)
INFO     [2025-01-12 11:29:20] --- current target velocity: 2.561787644962154 (frenet_interface.py:282)
INFO     [2025-01-12 11:29:20] --- Sampled interval of velocity: 0.00 m/s - 7.01 m/s (planner.py:310)
INFO     [2025-01-12 11:29:20] --- current time step: 83 (frenet_interface.py:280)
INFO     [2025-01-12 11:29:20] --- current velocity: 1.1127846032327564 (frenet_interface.py:281)
INFO     [2025-01-12 11:29:20] --- current target velocity: 2.580559600278508 (frenet_interface.py:282)
INFO     [2025-01-12 11:29:22] --- Sampled interval of velocity: 0.00 m/s - 6.86 m/s (planner.py:310)
WARNING  [2025-01-12 11:29:23] --- No optimal trajectory available. Select stopping trajectory! (reactive_planner_cpp.py:407)
INFO     [2025-01-12 11:29:23] --- current time step: 84 (frenet_interface.py:257)
INFO     [2025-01-12 11:29:23] --- current velocity: 1.0197650357055128 (frenet_interface.py:258)
INFO     [2025-01-12 11:29:23] --- current target velocity: 2.601957128334945 (frenet_interface.py:259)
INFO     [2025-01-12 11:29:25] --- Sampled interval of velocity: 0.00 m/s - 6.77 m/s (planner.py:310)
INFO     [2025-01-12 11:29:25] --- current time step: 85 (frenet_interface.py:280)
INFO     [2025-01-12 11:29:25] --- current velocity: 0.9071468548365137 (frenet_interface.py:281)
INFO     [2025-01-12 11:29:25] --- current target velocity: 2.6259227416985143 (frenet_interface.py:282)
INFO     [2025-01-12 11:29:26] --- Sampled interval of velocity: 0.00 m/s - 6.66 m/s (planner.py:310)
INFO     [2025-01-12 11:29:26] --- current time step: 86 (frenet_interface.py:280)
INFO     [2025-01-12 11:29:26] --- current velocity: 0.7809261477415633 (frenet_interface.py:281)
INFO     [2025-01-12 11:29:26] --- current target velocity: 2.6522891451376047 (frenet_interface.py:282)
INFO     [2025-01-12 11:29:27] --- Sampled interval of velocity: 0.00 m/s - 6.53 m/s (planner.py:310)
WARNING  [2025-01-12 11:29:27] --- No optimal trajectory available. Select stopping trajectory! (reactive_planner_cpp.py:407)
INFO     [2025-01-12 11:29:27] --- current time step: 87 (frenet_interface.py:257)
INFO     [2025-01-12 11:29:27] --- current velocity: 0.70861922695952 (frenet_interface.py:258)
INFO     [2025-01-12 11:29:27] --- current target velocity: 2.68144025703885 (frenet_interface.py:259)
INFO     [2025-01-12 11:29:29] --- Sampled interval of velocity: 0.00 m/s - 6.46 m/s (planner.py:310)
INFO     [2025-01-12 11:29:29] --- current time step: 88 (frenet_interface.py:280)
INFO     [2025-01-12 11:29:29] --- current velocity: 0.6252438256368545 (frenet_interface.py:281)
INFO     [2025-01-12 11:29:29] --- current target velocity: 2.7131712007552897 (frenet_interface.py:282)
INFO     [2025-01-12 11:29:29] --- Sampled interval of velocity: 0.00 m/s - 6.38 m/s (planner.py:310)
INFO     [2025-01-12 11:29:29] --- current time step: 89 (frenet_interface.py:280)
INFO     [2025-01-12 11:29:29] --- current velocity: 0.5345830735329199 (frenet_interface.py:281)
INFO     [2025-01-12 11:29:29] --- current target velocity: 0.6252438256368545 (frenet_interface.py:282)
INFO     [2025-01-12 11:29:31] --- Sampled interval of velocity: 0.00 m/s - 6.28 m/s (planner.py:310)
WARNING  [2025-01-12 11:29:31] --- No optimal trajectory available. Select stopping trajectory! (reactive_planner_cpp.py:407)
INFO     [2025-01-12 11:29:31] --- current time step: 90 (frenet_interface.py:257)
INFO     [2025-01-12 11:29:31] --- current velocity: 0.4837082526374025 (frenet_interface.py:258)
INFO     [2025-01-12 11:29:31] --- current target velocity: 0.5345830735329199 (frenet_interface.py:259)
INFO     [2025-01-12 11:29:33] --- Sampled interval of velocity: 0.00 m/s - 6.23 m/s (planner.py:310)
INFO     [2025-01-12 11:29:33] --- current time step: 91 (frenet_interface.py:280)
INFO     [2025-01-12 11:29:33] --- current velocity: 0.42579539442719655 (frenet_interface.py:281)
INFO     [2025-01-12 11:29:33] --- current target velocity: 0.4837082526374025 (frenet_interface.py:282)
INFO     [2025-01-12 11:29:33] --- Sampled interval of velocity: 0.00 m/s - 6.18 m/s (planner.py:310)
INFO     [2025-01-12 11:29:33] --- current time step: 92 (frenet_interface.py:280)
INFO     [2025-01-12 11:29:33] --- current velocity: 0.363348329258134 (frenet_interface.py:281)
INFO     [2025-01-12 11:29:33] --- current target velocity: 0.42579539442719655 (frenet_interface.py:282)
