CRITICAL [2025-01-12 11:27:23] --- Start Planner Vehicle ID: 30742 (frenet_interface.py:67)
INFO     [2025-01-12 11:27:24] --- Sampled interval of velocity: 0.00 m/s - 16.55 m/s (planner.py:310)
INFO     [2025-01-12 11:27:24] --- select trajectory 191 (reactive_planner_cpp.py:382)
INFO     [2025-01-12 11:27:24] --- current time step: 0 (frenet_interface.py:257)
INFO     [2025-01-12 11:27:24] --- current velocity: 10.551706152269702 (frenet_interface.py:258)
INFO     [2025-01-12 11:27:24] --- current target velocity: 5.8033 (frenet_interface.py:259)
INFO     [2025-01-12 11:27:26] --- Sampled interval of velocity: 0.00 m/s - 16.30 m/s (planner.py:310)
INFO     [2025-01-12 11:27:26] --- current time step: 1 (frenet_interface.py:280)
INFO     [2025-01-12 11:27:26] --- current velocity: 9.861852212186575 (frenet_interface.py:281)
INFO     [2025-01-12 11:27:26] --- current target velocity: 5.551706152269702 (frenet_interface.py:282)
INFO     [2025-01-12 11:27:27] --- Sampled interval of velocity: 0.00 m/s - 15.61 m/s (planner.py:310)
INFO     [2025-01-12 11:27:27] --- current time step: 2 (frenet_interface.py:280)
INFO     [2025-01-12 11:27:27] --- current velocity: 8.831129516004532 (frenet_interface.py:281)
INFO     [2025-01-12 11:27:27] --- current target velocity: 4.861852212186575 (frenet_interface.py:282)
INFO     [2025-01-12 11:27:28] --- Sampled interval of velocity: 0.00 m/s - 14.58 m/s (planner.py:310)
INFO     [2025-01-12 11:27:28] --- select trajectory 425 (reactive_planner_cpp.py:382)
INFO     [2025-01-12 11:27:28] --- current time step: 3 (frenet_interface.py:257)
INFO     [2025-01-12 11:27:28] --- current velocity: 8.283024960504392 (frenet_interface.py:258)
INFO     [2025-01-12 11:27:28] --- current target velocity: 3.831129516004532 (frenet_interface.py:259)
INFO     [2025-01-12 11:27:31] --- Sampled interval of velocity: 0.00 m/s - 14.03 m/s (planner.py:310)
INFO     [2025-01-12 11:27:31] --- current time step: 4 (frenet_interface.py:280)
INFO     [2025-01-12 11:27:31] --- current velocity: 7.845385751920332 (frenet_interface.py:281)
INFO     [2025-01-12 11:27:31] --- current target velocity: 3.2830249605043917 (frenet_interface.py:282)
INFO     [2025-01-12 11:27:31] --- Sampled interval of velocity: 0.00 m/s - 13.60 m/s (planner.py:310)
INFO     [2025-01-12 11:27:31] --- current time step: 5 (frenet_interface.py:280)
INFO     [2025-01-12 11:27:31] --- current velocity: 7.573765189518539 (frenet_interface.py:281)
INFO     [2025-01-12 11:27:31] --- current target velocity: 2.8453857519203316 (frenet_interface.py:282)
INFO     [2025-01-12 11:27:32] --- Sampled interval of velocity: 0.00 m/s - 13.32 m/s (planner.py:310)
WARNING  [2025-01-12 11:27:32] --- No optimal trajectory available. Select stopping trajectory! (reactive_planner_cpp.py:407)
INFO     [2025-01-12 11:27:32] --- current time step: 6 (frenet_interface.py:257)
INFO     [2025-01-12 11:27:32] --- current velocity: 7.400209954727525 (frenet_interface.py:258)
INFO     [2025-01-12 11:27:32] --- current target velocity: 2.7470517230109093 (frenet_interface.py:259)
INFO     [2025-01-12 11:27:35] --- Sampled interval of velocity: 0.00 m/s - 13.15 m/s (planner.py:310)
INFO     [2025-01-12 11:27:36] --- current time step: 7 (frenet_interface.py:280)
INFO     [2025-01-12 11:27:36] --- current velocity: 7.0703207791964715 (frenet_interface.py:281)
INFO     [2025-01-12 11:27:36] --- current target velocity: 2.6983060516994546 (frenet_interface.py:282)
INFO     [2025-01-12 11:27:36] --- Sampled interval of velocity: 0.00 m/s - 12.82 m/s (planner.py:310)
INFO     [2025-01-12 11:27:36] --- current time step: 8 (frenet_interface.py:280)
INFO     [2025-01-12 11:27:36] --- current velocity: 6.6120477283109675 (frenet_interface.py:281)
INFO     [2025-01-12 11:27:36] --- current target velocity: 2.651877955826403 (frenet_interface.py:282)
INFO     [2025-01-12 11:27:36] --- Sampled interval of velocity: 0.00 m/s - 12.36 m/s (planner.py:310)
WARNING  [2025-01-12 11:27:37] --- No optimal trajectory available. Select stopping trajectory! (reactive_planner_cpp.py:407)
INFO     [2025-01-12 11:27:37] --- current time step: 9 (frenet_interface.py:257)
INFO     [2025-01-12 11:27:37] --- current velocity: 6.342354274343354 (frenet_interface.py:258)
INFO     [2025-01-12 11:27:37] --- current target velocity: 2.6088224533719333 (frenet_interface.py:259)
INFO     [2025-01-12 11:27:39] --- Sampled interval of velocity: 0.00 m/s - 12.09 m/s (planner.py:310)
INFO     [2025-01-12 11:27:39] --- current time step: 10 (frenet_interface.py:280)
INFO     [2025-01-12 11:27:39] --- current velocity: 6.047429645247649 (frenet_interface.py:281)
INFO     [2025-01-12 11:27:39] --- current target velocity: 2.56866062669998 (frenet_interface.py:282)
INFO     [2025-01-12 11:27:40] --- Sampled interval of velocity: 0.00 m/s - 11.80 m/s (planner.py:310)
INFO     [2025-01-12 11:27:40] --- current time step: 11 (frenet_interface.py:280)
INFO     [2025-01-12 11:27:40] --- current velocity: 5.732680249570605 (frenet_interface.py:281)
INFO     [2025-01-12 11:27:40] --- current target velocity: 2.530497055177579 (frenet_interface.py:282)
INFO     [2025-01-12 11:27:41] --- Sampled interval of velocity: 0.00 m/s - 11.48 m/s (planner.py:310)
WARNING  [2025-01-12 11:27:41] --- No optimal trajectory available. Select stopping trajectory! (reactive_planner_cpp.py:407)
INFO     [2025-01-12 11:27:41] --- current time step: 12 (frenet_interface.py:257)
INFO     [2025-01-12 11:27:41] --- current velocity: 5.527467812852165 (frenet_interface.py:258)
INFO     [2025-01-12 11:27:41] --- current target velocity: 2.4946212174043354 (frenet_interface.py:259)
INFO     [2025-01-12 11:27:43] --- Sampled interval of velocity: 0.00 m/s - 11.28 m/s (planner.py:310)
INFO     [2025-01-12 11:27:43] --- current time step: 13 (frenet_interface.py:280)
INFO     [2025-01-12 11:27:43] --- current velocity: 5.246053254132815 (frenet_interface.py:281)
INFO     [2025-01-12 11:27:43] --- current target velocity: 2.4605768800374803 (frenet_interface.py:282)
INFO     [2025-01-12 11:27:44] --- Sampled interval of velocity: 0.00 m/s - 11.00 m/s (planner.py:310)
INFO     [2025-01-12 11:27:44] --- current time step: 14 (frenet_interface.py:280)
INFO     [2025-01-12 11:27:44] --- current velocity: 4.905092108183352 (frenet_interface.py:281)
INFO     [2025-01-12 11:27:44] --- current target velocity: 2.428330107403186 (frenet_interface.py:282)
INFO     [2025-01-12 11:27:44] --- Sampled interval of velocity: 0.00 m/s - 10.66 m/s (planner.py:310)
WARNING  [2025-01-12 11:27:44] --- No optimal trajectory available. Select stopping trajectory! (reactive_planner_cpp.py:407)
INFO     [2025-01-12 11:27:44] --- current time step: 15 (frenet_interface.py:257)
INFO     [2025-01-12 11:27:44] --- current velocity: 4.665202451254676 (frenet_interface.py:258)
INFO     [2025-01-12 11:27:44] --- current target velocity: 2.3986954858429432 (frenet_interface.py:259)
INFO     [2025-01-12 11:27:47] --- Sampled interval of velocity: 0.00 m/s - 10.42 m/s (planner.py:310)
INFO     [2025-01-12 11:27:47] --- current time step: 16 (frenet_interface.py:280)
INFO     [2025-01-12 11:27:47] --- current velocity: 4.331400318140122 (frenet_interface.py:281)
INFO     [2025-01-12 11:27:47] --- current target velocity: 2.371485708164009 (frenet_interface.py:282)
INFO     [2025-01-12 11:27:47] --- Sampled interval of velocity: 0.00 m/s - 10.08 m/s (planner.py:310)
INFO     [2025-01-12 11:27:47] --- current time step: 17 (frenet_interface.py:280)
INFO     [2025-01-12 11:27:47] --- current velocity: 3.9332057027146186 (frenet_interface.py:281)
INFO     [2025-01-12 11:27:47] --- current target velocity: 2.3468216879018 (frenet_interface.py:282)
