CRITICAL [2025-01-12 11:42:34] --- Start Planner Vehicle ID: 30507 (frenet_interface.py:67)
INFO     [2025-01-12 11:42:35] --- Sampled interval of velocity: 0.00 m/s - 17.14 m/s (planner.py:310)
INFO     [2025-01-12 11:42:35] --- select trajectory 121 (reactive_planner_cpp.py:382)
INFO     [2025-01-12 11:42:35] --- current time step: 0 (frenet_interface.py:257)
INFO     [2025-01-12 11:42:35] --- current velocity: 11.276356542803406 (frenet_interface.py:258)
INFO     [2025-01-12 11:42:35] --- current target velocity: 6.391500000000001 (frenet_interface.py:259)
INFO     [2025-01-12 11:42:37] --- Sampled interval of velocity: 0.00 m/s - 17.03 m/s (planner.py:310)
INFO     [2025-01-12 11:42:37] --- current time step: 1 (frenet_interface.py:280)
INFO     [2025-01-12 11:42:37] --- current velocity: 10.96037523621203 (frenet_interface.py:281)
INFO     [2025-01-12 11:42:37] --- current target velocity: 6.276356542803406 (frenet_interface.py:282)
INFO     [2025-01-12 11:42:37] --- Sampled interval of velocity: 0.00 m/s - 16.71 m/s (planner.py:310)
INFO     [2025-01-12 11:42:37] --- current time step: 2 (frenet_interface.py:280)
INFO     [2025-01-12 11:42:37] --- current velocity: 10.487541140406012 (frenet_interface.py:281)
INFO     [2025-01-12 11:42:37] --- current target velocity: 5.96037523621203 (frenet_interface.py:282)
INFO     [2025-01-12 11:42:38] --- Sampled interval of velocity: 0.00 m/s - 16.24 m/s (planner.py:310)
INFO     [2025-01-12 11:42:38] --- select trajectory 491 (reactive_planner_cpp.py:382)
INFO     [2025-01-12 11:42:38] --- current time step: 3 (frenet_interface.py:257)
INFO     [2025-01-12 11:42:38] --- current velocity: 10.10346399720327 (frenet_interface.py:258)
INFO     [2025-01-12 11:42:38] --- current target velocity: 5.487541140406012 (frenet_interface.py:259)
INFO     [2025-01-12 11:42:40] --- Sampled interval of velocity: 0.00 m/s - 15.85 m/s (planner.py:310)
INFO     [2025-01-12 11:42:40] --- current time step: 4 (frenet_interface.py:280)
INFO     [2025-01-12 11:42:40] --- current velocity: 9.512499793158376 (frenet_interface.py:281)
INFO     [2025-01-12 11:42:40] --- current target velocity: 5.103463997203271 (frenet_interface.py:282)
INFO     [2025-01-12 11:42:40] --- Sampled interval of velocity: 0.00 m/s - 15.26 m/s (planner.py:310)
INFO     [2025-01-12 11:42:40] --- current time step: 5 (frenet_interface.py:280)
INFO     [2025-01-12 11:42:40] --- current velocity: 8.75242506551688 (frenet_interface.py:281)
INFO     [2025-01-12 11:42:40] --- current target velocity: 4.512499793158376 (frenet_interface.py:282)
INFO     [2025-01-12 11:42:41] --- Sampled interval of velocity: 0.00 m/s - 14.50 m/s (planner.py:310)
INFO     [2025-01-12 11:42:41] --- select trajectory 411 (reactive_planner_cpp.py:382)
INFO     [2025-01-12 11:42:41] --- current time step: 6 (frenet_interface.py:257)
INFO     [2025-01-12 11:42:41] --- current velocity: 8.318977656652134 (frenet_interface.py:258)
INFO     [2025-01-12 11:42:41] --- current target velocity: 3.7524250655168796 (frenet_interface.py:259)
INFO     [2025-01-12 11:42:43] --- Sampled interval of velocity: 0.00 m/s - 14.07 m/s (planner.py:310)
INFO     [2025-01-12 11:42:43] --- current time step: 7 (frenet_interface.py:280)
INFO     [2025-01-12 11:42:43] --- current velocity: 7.8571553809552706 (frenet_interface.py:281)
INFO     [2025-01-12 11:42:43] --- current target velocity: 3.318977656652134 (frenet_interface.py:282)
INFO     [2025-01-12 11:42:43] --- Sampled interval of velocity: 0.00 m/s - 13.61 m/s (planner.py:310)
INFO     [2025-01-12 11:42:43] --- current time step: 8 (frenet_interface.py:280)
INFO     [2025-01-12 11:42:43] --- current velocity: 7.376647286358382 (frenet_interface.py:281)
INFO     [2025-01-12 11:42:43] --- current target velocity: 2.8571553809552706 (frenet_interface.py:282)
INFO     [2025-01-12 11:42:43] --- Sampled interval of velocity: 0.00 m/s - 13.13 m/s (planner.py:310)
INFO     [2025-01-12 11:42:43] --- select trajectory 111 (reactive_planner_cpp.py:382)
INFO     [2025-01-12 11:42:43] --- current time step: 9 (frenet_interface.py:257)
INFO     [2025-01-12 11:42:43] --- current velocity: 7.080210427739359 (frenet_interface.py:258)
INFO     [2025-01-12 11:42:43] --- current target velocity: 2.8205067408323683 (frenet_interface.py:259)
INFO     [2025-01-12 11:42:45] --- Sampled interval of velocity: 0.00 m/s - 12.83 m/s (planner.py:310)
INFO     [2025-01-12 11:42:45] --- current time step: 10 (frenet_interface.py:280)
INFO     [2025-01-12 11:42:45] --- current velocity: 6.694084030142178 (frenet_interface.py:281)
INFO     [2025-01-12 11:42:45] --- current target velocity: 2.7887338701757556 (frenet_interface.py:282)
INFO     [2025-01-12 11:42:45] --- Sampled interval of velocity: 0.00 m/s - 12.44 m/s (planner.py:310)
INFO     [2025-01-12 11:42:45] --- current time step: 11 (frenet_interface.py:280)
INFO     [2025-01-12 11:42:45] --- current velocity: 6.243110702194143 (frenet_interface.py:281)
INFO     [2025-01-12 11:42:45] --- current target velocity: 2.7589886298800144 (frenet_interface.py:282)
INFO     [2025-01-12 11:42:45] --- Sampled interval of velocity: 0.00 m/s - 11.99 m/s (planner.py:310)
INFO     [2025-01-12 11:42:45] --- select trajectory 111 (reactive_planner_cpp.py:382)
INFO     [2025-01-12 11:42:45] --- current time step: 12 (frenet_interface.py:257)
INFO     [2025-01-12 11:42:45] --- current velocity: 5.971228872172302 (frenet_interface.py:258)
INFO     [2025-01-12 11:42:45] --- current target velocity: 2.7318794498076806 (frenet_interface.py:259)
INFO     [2025-01-12 11:42:46] --- Sampled interval of velocity: 0.00 m/s - 11.72 m/s (planner.py:310)
INFO     [2025-01-12 11:42:46] --- current time step: 13 (frenet_interface.py:280)
INFO     [2025-01-12 11:42:46] --- current velocity: 5.642336351070188 (frenet_interface.py:281)
INFO     [2025-01-12 11:42:46] --- current target velocity: 2.7070210684779963 (frenet_interface.py:282)
INFO     [2025-01-12 11:42:47] --- Sampled interval of velocity: 0.00 m/s - 11.39 m/s (planner.py:310)
INFO     [2025-01-12 11:42:47] --- current time step: 14 (frenet_interface.py:280)
INFO     [2025-01-12 11:42:47] --- current velocity: 5.273898549673331 (frenet_interface.py:281)
INFO     [2025-01-12 11:42:47] --- current target velocity: 2.684030334802506 (frenet_interface.py:282)
INFO     [2025-01-12 11:42:47] --- Sampled interval of velocity: 0.00 m/s - 11.02 m/s (planner.py:310)
INFO     [2025-01-12 11:42:47] --- select trajectory 111 (reactive_planner_cpp.py:382)
INFO     [2025-01-12 11:42:47] --- current time step: 15 (frenet_interface.py:257)
INFO     [2025-01-12 11:42:47] --- current velocity: 5.057260130981922 (frenet_interface.py:258)
INFO     [2025-01-12 11:42:47] --- current target velocity: 2.663309317778322 (frenet_interface.py:259)
INFO     [2025-01-12 11:42:48] --- Sampled interval of velocity: 0.00 m/s - 10.81 m/s (planner.py:310)
INFO     [2025-01-12 11:42:48] --- current time step: 16 (frenet_interface.py:280)
INFO     [2025-01-12 11:42:48] --- current velocity: 4.798538873610873 (frenet_interface.py:281)
INFO     [2025-01-12 11:42:48] --- current target velocity: 2.6444650332373127 (frenet_interface.py:282)
INFO     [2025-01-12 11:42:49] --- Sampled interval of velocity: 0.00 m/s - 10.55 m/s (planner.py:310)
INFO     [2025-01-12 11:42:49] --- current time step: 17 (frenet_interface.py:280)
INFO     [2025-01-12 11:42:49] --- current velocity: 4.510950809980721 (frenet_interface.py:281)
INFO     [2025-01-12 11:42:49] --- current target velocity: 2.627144146448322 (frenet_interface.py:282)
INFO     [2025-01-12 11:42:49] --- Sampled interval of velocity: 0.00 m/s - 10.26 m/s (planner.py:310)
INFO     [2025-01-12 11:42:49] --- select trajectory 111 (reactive_planner_cpp.py:382)
INFO     [2025-01-12 11:42:49] --- current time step: 18 (frenet_interface.py:257)
INFO     [2025-01-12 11:42:49] --- current velocity: 4.342665531492935 (frenet_interface.py:258)
INFO     [2025-01-12 11:42:49] --- current target velocity: 2.611652323196674 (frenet_interface.py:259)
INFO     [2025-01-12 11:42:50] --- Sampled interval of velocity: 0.00 m/s - 10.09 m/s (planner.py:310)
INFO     [2025-01-12 11:42:50] --- current time step: 19 (frenet_interface.py:280)
INFO     [2025-01-12 11:42:50] --- current velocity: 4.14220387455211 (frenet_interface.py:281)
INFO     [2025-01-12 11:42:50] --- current target velocity: 2.597665854305604 (frenet_interface.py:282)
INFO     [2025-01-12 11:42:50] --- Sampled interval of velocity: 0.00 m/s - 9.89 m/s (planner.py:310)
INFO     [2025-01-12 11:42:50] --- current time step: 20 (frenet_interface.py:280)
INFO     [2025-01-12 11:42:50] --- current velocity: 3.9197238532493794 (frenet_interface.py:281)
INFO     [2025-01-12 11:42:50] --- current target velocity: 2.5848982966348015 (frenet_interface.py:282)
INFO     [2025-01-12 11:42:51] --- Sampled interval of velocity: 0.00 m/s - 9.67 m/s (planner.py:310)
INFO     [2025-01-12 11:42:51] --- select trajectory 201 (reactive_planner_cpp.py:382)
INFO     [2025-01-12 11:42:51] --- current time step: 21 (frenet_interface.py:257)
INFO     [2025-01-12 11:42:51] --- current velocity: 3.7962392922282313 (frenet_interface.py:258)
INFO     [2025-01-12 11:42:51] --- current target velocity: 2.5735899213383537 (frenet_interface.py:259)
INFO     [2025-01-12 11:42:51] --- Sampled interval of velocity: 0.00 m/s - 9.55 m/s (planner.py:310)
INFO     [2025-01-12 11:42:51] --- current time step: 22 (frenet_interface.py:280)
INFO     [2025-01-12 11:42:51] --- current velocity: 3.6574531385043776 (frenet_interface.py:281)
INFO     [2025-01-12 11:42:51] --- current target velocity: 2.563465794135043 (frenet_interface.py:282)
INFO     [2025-01-12 11:42:52] --- Sampled interval of velocity: 0.00 m/s - 9.41 m/s (planner.py:310)
INFO     [2025-01-12 11:42:52] --- current time step: 23 (frenet_interface.py:280)
INFO     [2025-01-12 11:42:52] --- current velocity: 3.5057048143630287 (frenet_interface.py:281)
INFO     [2025-01-12 11:42:52] --- current target velocity: 2.554223241396357 (frenet_interface.py:282)
INFO     [2025-01-12 11:42:52] --- Sampled interval of velocity: 0.00 m/s - 9.26 m/s (planner.py:310)
INFO     [2025-01-12 11:42:52] --- select trajectory 401 (reactive_planner_cpp.py:382)
INFO     [2025-01-12 11:42:52] --- current time step: 24 (frenet_interface.py:257)
INFO     [2025-01-12 11:42:52] --- current velocity: 3.4035989950053676 (frenet_interface.py:258)
INFO     [2025-01-12 11:42:52] --- current target velocity: 2.5459964844230343 (frenet_interface.py:259)
INFO     [2025-01-12 11:42:53] --- Sampled interval of velocity: 0.00 m/s - 9.15 m/s (planner.py:310)
INFO     [2025-01-12 11:42:53] --- current time step: 25 (frenet_interface.py:280)
INFO     [2025-01-12 11:42:53] --- current velocity: 3.259970694643648 (frenet_interface.py:281)
INFO     [2025-01-12 11:42:53] --- current target velocity: 2.5386380110935893 (frenet_interface.py:282)
INFO     [2025-01-12 11:42:53] --- Sampled interval of velocity: 0.00 m/s - 9.01 m/s (planner.py:310)
INFO     [2025-01-12 11:42:53] --- current time step: 26 (frenet_interface.py:280)
INFO     [2025-01-12 11:42:53] --- current velocity: 3.0826774269540516 (frenet_interface.py:281)
INFO     [2025-01-12 11:42:53] --- current target velocity: 2.5321641270914577 (frenet_interface.py:282)
INFO     [2025-01-12 11:42:53] --- Sampled interval of velocity: 0.00 m/s - 8.83 m/s (planner.py:310)
INFO     [2025-01-12 11:42:53] --- select trajectory 618 (reactive_planner_cpp.py:382)
INFO     [2025-01-12 11:42:53] --- current time step: 27 (frenet_interface.py:257)
INFO     [2025-01-12 11:42:53] --- current velocity: 2.9904926234119555 (frenet_interface.py:258)
INFO     [2025-01-12 11:42:53] --- current target velocity: 2.5269047361654478 (frenet_interface.py:259)
INFO     [2025-01-12 11:42:55] --- Sampled interval of velocity: 0.00 m/s - 8.74 m/s (planner.py:310)
INFO     [2025-01-12 11:42:55] --- current time step: 28 (frenet_interface.py:280)
INFO     [2025-01-12 11:42:55] --- current velocity: 2.9064430095291667 (frenet_interface.py:281)
INFO     [2025-01-12 11:42:55] --- current target velocity: 2.522697670717024 (frenet_interface.py:282)
INFO     [2025-01-12 11:42:55] --- Sampled interval of velocity: 0.00 m/s - 8.66 m/s (planner.py:310)
INFO     [2025-01-12 11:42:55] --- current time step: 29 (frenet_interface.py:280)
INFO     [2025-01-12 11:42:55] --- current velocity: 2.8329502752278524 (frenet_interface.py:281)
INFO     [2025-01-12 11:42:55] --- current target velocity: 2.5191615525242335 (frenet_interface.py:282)
INFO     [2025-01-12 11:42:55] --- Sampled interval of velocity: 0.00 m/s - 8.58 m/s (planner.py:310)
INFO     [2025-01-12 11:42:55] --- select trajectory 281 (reactive_planner_cpp.py:382)
INFO     [2025-01-12 11:42:55] --- current time step: 30 (frenet_interface.py:257)
INFO     [2025-01-12 11:42:55] --- current velocity: 2.8018320892486583 (frenet_interface.py:258)
INFO     [2025-01-12 11:42:55] --- current target velocity: 2.5162578860541456 (frenet_interface.py:259)
INFO     [2025-01-12 11:42:56] --- Sampled interval of velocity: 0.00 m/s - 8.55 m/s (planner.py:310)
INFO     [2025-01-12 11:42:56] --- current time step: 31 (frenet_interface.py:280)
INFO     [2025-01-12 11:42:56] --- current velocity: 2.7748739792063177 (frenet_interface.py:281)
INFO     [2025-01-12 11:42:56] --- current target velocity: 2.5137862165817695 (frenet_interface.py:282)
INFO     [2025-01-12 11:42:56] --- Sampled interval of velocity: 0.00 m/s - 8.52 m/s (planner.py:310)
INFO     [2025-01-12 11:42:56] --- current time step: 32 (frenet_interface.py:280)
INFO     [2025-01-12 11:42:56] --- current velocity: 2.7520462553421927 (frenet_interface.py:281)
INFO     [2025-01-12 11:42:56] --- current target velocity: 2.5115348715747845 (frenet_interface.py:282)
INFO     [2025-01-12 11:42:57] --- Sampled interval of velocity: 0.00 m/s - 8.50 m/s (planner.py:310)
INFO     [2025-01-12 11:42:57] --- select trajectory 81 (reactive_planner_cpp.py:382)
INFO     [2025-01-12 11:42:57] --- current time step: 33 (frenet_interface.py:257)
INFO     [2025-01-12 11:42:57] --- current velocity: 2.7419058776374614 (frenet_interface.py:258)
INFO     [2025-01-12 11:42:57] --- current target velocity: 2.5094514237159857 (frenet_interface.py:259)
INFO     [2025-01-12 11:42:58] --- Sampled interval of velocity: 0.00 m/s - 8.49 m/s (planner.py:310)
INFO     [2025-01-12 11:42:58] --- current time step: 34 (frenet_interface.py:280)
INFO     [2025-01-12 11:42:58] --- current velocity: 2.732974160545935 (frenet_interface.py:281)
INFO     [2025-01-12 11:42:58] --- current target velocity: 2.5074533369369116 (frenet_interface.py:282)
INFO     [2025-01-12 11:42:58] --- Sampled interval of velocity: 0.00 m/s - 8.48 m/s (planner.py:310)
INFO     [2025-01-12 11:42:58] --- current time step: 35 (frenet_interface.py:280)
INFO     [2025-01-12 11:42:58] --- current velocity: 2.726309479024089 (frenet_interface.py:281)
INFO     [2025-01-12 11:42:58] --- current target velocity: 2.5054807009092084 (frenet_interface.py:282)
INFO     [2025-01-12 11:42:58] --- Sampled interval of velocity: 0.00 m/s - 8.48 m/s (planner.py:310)
INFO     [2025-01-12 11:42:58] --- select trajectory 81 (reactive_planner_cpp.py:382)
INFO     [2025-01-12 11:42:58] --- current time step: 36 (frenet_interface.py:257)
INFO     [2025-01-12 11:42:58] --- current velocity: 2.7238978761241017 (frenet_interface.py:258)
INFO     [2025-01-12 11:42:58] --- current target velocity: 2.5035181495326855 (frenet_interface.py:259)
INFO     [2025-01-12 11:43:00] --- Sampled interval of velocity: 0.00 m/s - 8.47 m/s (planner.py:310)
INFO     [2025-01-12 11:43:00] --- current time step: 37 (frenet_interface.py:280)
INFO     [2025-01-12 11:43:00] --- current velocity: 2.7223060635879857 (frenet_interface.py:281)
INFO     [2025-01-12 11:43:00] --- current target velocity: 2.501545361121984 (frenet_interface.py:282)
INFO     [2025-01-12 11:43:00] --- Sampled interval of velocity: 0.00 m/s - 8.47 m/s (planner.py:310)
INFO     [2025-01-12 11:43:00] --- current time step: 38 (frenet_interface.py:280)
INFO     [2025-01-12 11:43:00] --- current velocity: 2.721769910675441 (frenet_interface.py:281)
INFO     [2025-01-12 11:43:00] --- current target velocity: 2.499549067976554 (frenet_interface.py:282)
INFO     [2025-01-12 11:43:00] --- Sampled interval of velocity: 0.00 m/s - 8.47 m/s (planner.py:310)
INFO     [2025-01-12 11:43:00] --- select trajectory 81 (reactive_planner_cpp.py:382)
INFO     [2025-01-12 11:43:00] --- current time step: 39 (frenet_interface.py:257)
INFO     [2025-01-12 11:43:00] --- current velocity: 2.7218432105772483 (frenet_interface.py:258)
INFO     [2025-01-12 11:43:00] --- current target velocity: 2.497525435839925 (frenet_interface.py:259)
INFO     [2025-01-12 11:43:01] --- Sampled interval of velocity: 0.00 m/s - 8.47 m/s (planner.py:310)
INFO     [2025-01-12 11:43:01] --- current time step: 40 (frenet_interface.py:280)
INFO     [2025-01-12 11:43:01] --- current velocity: 2.722143120334066 (frenet_interface.py:281)
INFO     [2025-01-12 11:43:01] --- current target velocity: 2.495469612334794 (frenet_interface.py:282)
INFO     [2025-01-12 11:43:01] --- Sampled interval of velocity: 0.00 m/s - 8.47 m/s (planner.py:310)
INFO     [2025-01-12 11:43:01] --- current time step: 41 (frenet_interface.py:280)
INFO     [2025-01-12 11:43:01] --- current velocity: 2.722622619059824 (frenet_interface.py:281)
INFO     [2025-01-12 11:43:01] --- current target velocity: 2.493378116039868 (frenet_interface.py:282)
INFO     [2025-01-12 11:43:01] --- Sampled interval of velocity: 0.00 m/s - 8.47 m/s (planner.py:310)
INFO     [2025-01-12 11:43:01] --- select trajectory 481 (reactive_planner_cpp.py:382)
INFO     [2025-01-12 11:43:01] --- current time step: 42 (frenet_interface.py:257)
INFO     [2025-01-12 11:43:01] --- current velocity: 2.7229892821353 (frenet_interface.py:258)
INFO     [2025-01-12 11:43:01] --- current target velocity: 2.491249310680105 (frenet_interface.py:259)
INFO     [2025-01-12 11:43:03] --- Sampled interval of velocity: 0.00 m/s - 8.47 m/s (planner.py:310)
INFO     [2025-01-12 11:43:03] --- current time step: 43 (frenet_interface.py:280)
INFO     [2025-01-12 11:43:03] --- current velocity: 2.7233980275809824 (frenet_interface.py:281)
INFO     [2025-01-12 11:43:03] --- current target velocity: 2.48908131853312 (frenet_interface.py:282)
INFO     [2025-01-12 11:43:03] --- Sampled interval of velocity: 0.00 m/s - 8.47 m/s (planner.py:310)
INFO     [2025-01-12 11:43:03] --- current time step: 44 (frenet_interface.py:280)
INFO     [2025-01-12 11:43:03] --- current velocity: 2.7237538514026682 (frenet_interface.py:281)
INFO     [2025-01-12 11:43:03] --- current target velocity: 2.486872481755321 (frenet_interface.py:282)
INFO     [2025-01-12 11:43:04] --- Sampled interval of velocity: 0.00 m/s - 8.47 m/s (planner.py:310)
INFO     [2025-01-12 11:43:04] --- select trajectory 181 (reactive_planner_cpp.py:382)
INFO     [2025-01-12 11:43:04] --- current time step: 45 (frenet_interface.py:257)
INFO     [2025-01-12 11:43:04] --- current velocity: 2.723890126682154 (frenet_interface.py:258)
INFO     [2025-01-12 11:43:04] --- current target velocity: 2.4846214731809178 (frenet_interface.py:259)
INFO     [2025-01-12 11:43:05] --- Sampled interval of velocity: 0.00 m/s - 8.47 m/s (planner.py:310)
INFO     [2025-01-12 11:43:05] --- current time step: 46 (frenet_interface.py:280)
INFO     [2025-01-12 11:43:05] --- current velocity: 2.7238865984092557 (frenet_interface.py:281)
INFO     [2025-01-12 11:43:05] --- current target velocity: 2.4823269036187425 (frenet_interface.py:282)
INFO     [2025-01-12 11:43:05] --- Sampled interval of velocity: 0.00 m/s - 8.47 m/s (planner.py:310)
INFO     [2025-01-12 11:43:05] --- current time step: 47 (frenet_interface.py:280)
INFO     [2025-01-12 11:43:05] --- current velocity: 2.7236895725067374 (frenet_interface.py:281)
INFO     [2025-01-12 11:43:05] --- current target velocity: 2.4799874016165284 (frenet_interface.py:282)
INFO     [2025-01-12 11:43:05] --- Sampled interval of velocity: 0.00 m/s - 8.47 m/s (planner.py:310)
INFO     [2025-01-12 11:43:05] --- select trajectory 81 (reactive_planner_cpp.py:382)
INFO     [2025-01-12 11:43:05] --- current time step: 48 (frenet_interface.py:257)
INFO     [2025-01-12 11:43:05] --- current velocity: 2.7234056068634986 (frenet_interface.py:258)
INFO     [2025-01-12 11:43:05] --- current target velocity: 2.4776016065884954 (frenet_interface.py:259)
INFO     [2025-01-12 11:43:07] --- Sampled interval of velocity: 0.00 m/s - 8.47 m/s (planner.py:310)
INFO     [2025-01-12 11:43:07] --- current time step: 49 (frenet_interface.py:280)
INFO     [2025-01-12 11:43:07] --- current velocity: 2.7229168797657675 (frenet_interface.py:281)
INFO     [2025-01-12 11:43:07] --- current target velocity: 2.475168107852619 (frenet_interface.py:282)
INFO     [2025-01-12 11:43:07] --- Sampled interval of velocity: 0.00 m/s - 8.47 m/s (planner.py:310)
INFO     [2025-01-12 11:43:07] --- current time step: 50 (frenet_interface.py:280)
INFO     [2025-01-12 11:43:07] --- current velocity: 2.722364935966259 (frenet_interface.py:281)
INFO     [2025-01-12 11:43:07] --- current target velocity: 2.4726854522284376 (frenet_interface.py:282)
INFO     [2025-01-12 11:43:08] --- Sampled interval of velocity: 0.00 m/s - 8.47 m/s (planner.py:310)
INFO     [2025-01-12 11:43:08] --- select trajectory 81 (reactive_planner_cpp.py:382)
INFO     [2025-01-12 11:43:08] --- current time step: 51 (frenet_interface.py:257)
INFO     [2025-01-12 11:43:08] --- current velocity: 2.7220475364314 (frenet_interface.py:258)
INFO     [2025-01-12 11:43:08] --- current target velocity: 2.470152133664837 (frenet_interface.py:259)
INFO     [2025-01-12 11:43:09] --- Sampled interval of velocity: 0.00 m/s - 8.47 m/s (planner.py:310)
INFO     [2025-01-12 11:43:09] --- current time step: 52 (frenet_interface.py:280)
INFO     [2025-01-12 11:43:09] --- current velocity: 2.7216965275778007 (frenet_interface.py:281)
INFO     [2025-01-12 11:43:09] --- current target velocity: 2.4675665836620952 (frenet_interface.py:282)
INFO     [2025-01-12 11:43:09] --- Sampled interval of velocity: 0.00 m/s - 8.47 m/s (planner.py:310)
INFO     [2025-01-12 11:43:09] --- current time step: 53 (frenet_interface.py:280)
INFO     [2025-01-12 11:43:09] --- current velocity: 2.7213833128850404 (frenet_interface.py:281)
INFO     [2025-01-12 11:43:09] --- current target velocity: 2.4649271689739445 (frenet_interface.py:282)
INFO     [2025-01-12 11:43:10] --- Sampled interval of velocity: 0.00 m/s - 8.47 m/s (planner.py:310)
INFO     [2025-01-12 11:43:10] --- select trajectory 711 (reactive_planner_cpp.py:382)
INFO     [2025-01-12 11:43:10] --- current time step: 54 (frenet_interface.py:257)
INFO     [2025-01-12 11:43:10] --- current velocity: 2.719292375943281 (frenet_interface.py:258)
INFO     [2025-01-12 11:43:10] --- current target velocity: 2.4622321883607734 (frenet_interface.py:259)
INFO     [2025-01-12 11:43:11] --- Sampled interval of velocity: 0.00 m/s - 8.47 m/s (planner.py:310)
INFO     [2025-01-12 11:43:11] --- current time step: 55 (frenet_interface.py:280)
INFO     [2025-01-12 11:43:11] --- current velocity: 2.7134783845784596 (frenet_interface.py:281)
INFO     [2025-01-12 11:43:11] --- current target velocity: 2.459486869487134 (frenet_interface.py:282)
INFO     [2025-01-12 11:43:11] --- Sampled interval of velocity: 0.00 m/s - 8.46 m/s (planner.py:310)
INFO     [2025-01-12 11:43:11] --- current time step: 56 (frenet_interface.py:280)
INFO     [2025-01-12 11:43:11] --- current velocity: 2.7042090446816966 (frenet_interface.py:281)
INFO     [2025-01-12 11:43:11] --- current target velocity: 2.4567240120366596 (frenet_interface.py:282)
INFO     [2025-01-12 11:43:12] --- Sampled interval of velocity: 0.00 m/s - 8.45 m/s (planner.py:310)
INFO     [2025-01-12 11:43:12] --- select trajectory 711 (reactive_planner_cpp.py:382)
INFO     [2025-01-12 11:43:12] --- current time step: 57 (frenet_interface.py:257)
INFO     [2025-01-12 11:43:12] --- current velocity: 2.6971894344494034 (frenet_interface.py:258)
INFO     [2025-01-12 11:43:12] --- current target velocity: 2.45398232805644 (frenet_interface.py:259)
INFO     [2025-01-12 11:43:13] --- Sampled interval of velocity: 0.00 m/s - 8.45 m/s (planner.py:310)
INFO     [2025-01-12 11:43:13] --- current time step: 58 (frenet_interface.py:280)
INFO     [2025-01-12 11:43:13] --- current velocity: 2.687189936522039 (frenet_interface.py:281)
INFO     [2025-01-12 11:43:13] --- current target velocity: 2.451269515218248 (frenet_interface.py:282)
INFO     [2025-01-12 11:43:13] --- Sampled interval of velocity: 0.00 m/s - 8.44 m/s (planner.py:310)
INFO     [2025-01-12 11:43:13] --- current time step: 59 (frenet_interface.py:280)
INFO     [2025-01-12 11:43:13] --- current velocity: 2.6744383373713405 (frenet_interface.py:281)
INFO     [2025-01-12 11:43:13] --- current target velocity: 2.4485908446215143 (frenet_interface.py:282)
INFO     [2025-01-12 11:43:14] --- Sampled interval of velocity: 0.00 m/s - 8.42 m/s (planner.py:310)
INFO     [2025-01-12 11:43:14] --- select trajectory 281 (reactive_planner_cpp.py:382)
INFO     [2025-01-12 11:43:14] --- current time step: 60 (frenet_interface.py:257)
INFO     [2025-01-12 11:43:14] --- current velocity: 2.6680949489444865 (frenet_interface.py:258)
INFO     [2025-01-12 11:43:14] --- current target velocity: 2.4459797151959766 (frenet_interface.py:259)
INFO     [2025-01-12 11:43:14] --- Sampled interval of velocity: 0.00 m/s - 8.42 m/s (planner.py:310)
INFO     [2025-01-12 11:43:14] --- current time step: 61 (frenet_interface.py:280)
INFO     [2025-01-12 11:43:14] --- current velocity: 2.6630483588080742 (frenet_interface.py:281)
INFO     [2025-01-12 11:43:14] --- current target velocity: 2.4434213195887526 (frenet_interface.py:282)
INFO     [2025-01-12 11:43:15] --- Sampled interval of velocity: 0.00 m/s - 8.41 m/s (planner.py:310)
INFO     [2025-01-12 11:43:15] --- current time step: 62 (frenet_interface.py:280)
INFO     [2025-01-12 11:43:15] --- current velocity: 2.659201509376363 (frenet_interface.py:281)
INFO     [2025-01-12 11:43:15] --- current target velocity: 2.440869328221323 (frenet_interface.py:282)
INFO     [2025-01-12 11:43:15] --- Sampled interval of velocity: 0.00 m/s - 8.41 m/s (planner.py:310)
INFO     [2025-01-12 11:43:15] --- select trajectory 281 (reactive_planner_cpp.py:382)
INFO     [2025-01-12 11:43:15] --- current time step: 63 (frenet_interface.py:257)
INFO     [2025-01-12 11:43:15] --- current velocity: 2.6577248787672128 (frenet_interface.py:258)
INFO     [2025-01-12 11:43:15] --- current target velocity: 2.4383094843865054 (frenet_interface.py:259)
INFO     [2025-01-12 11:43:16] --- Sampled interval of velocity: 0.00 m/s - 8.41 m/s (planner.py:310)
INFO     [2025-01-12 11:43:16] --- current time step: 64 (frenet_interface.py:280)
INFO     [2025-01-12 11:43:16] --- current velocity: 2.6565537529441925 (frenet_interface.py:281)
INFO     [2025-01-12 11:43:16] --- current target velocity: 2.4357199015237825 (frenet_interface.py:282)
INFO     [2025-01-12 11:43:16] --- Sampled interval of velocity: 0.00 m/s - 8.41 m/s (planner.py:310)
INFO     [2025-01-12 11:43:16] --- current time step: 65 (frenet_interface.py:280)
INFO     [2025-01-12 11:43:16] --- current velocity: 2.6556671225583233 (frenet_interface.py:281)
INFO     [2025-01-12 11:43:16] --- current target velocity: 2.43308445107109 (frenet_interface.py:282)
INFO     [2025-01-12 11:43:17] --- Sampled interval of velocity: 0.00 m/s - 8.41 m/s (planner.py:310)
INFO     [2025-01-12 11:43:17] --- select trajectory 711 (reactive_planner_cpp.py:382)
INFO     [2025-01-12 11:43:17] --- current time step: 66 (frenet_interface.py:257)
INFO     [2025-01-12 11:43:17] --- current velocity: 2.6535124121266978 (frenet_interface.py:258)
INFO     [2025-01-12 11:43:17] --- current target velocity: 2.4303979680983128 (frenet_interface.py:259)
INFO     [2025-01-12 11:43:18] --- Sampled interval of velocity: 0.00 m/s - 8.40 m/s (planner.py:310)
INFO     [2025-01-12 11:43:18] --- current time step: 67 (frenet_interface.py:280)
INFO     [2025-01-12 11:43:18] --- current velocity: 2.6479595577988255 (frenet_interface.py:281)
INFO     [2025-01-12 11:43:18] --- current target velocity: 2.427660774467597 (frenet_interface.py:282)
INFO     [2025-01-12 11:43:18] --- Sampled interval of velocity: 0.00 m/s - 8.40 m/s (planner.py:310)
INFO     [2025-01-12 11:43:18] --- current time step: 68 (frenet_interface.py:280)
INFO     [2025-01-12 11:43:18] --- current velocity: 2.63925106474713 (frenet_interface.py:281)
INFO     [2025-01-12 11:43:18] --- current target velocity: 2.4249038972103465 (frenet_interface.py:282)
INFO     [2025-01-12 11:43:18] --- Sampled interval of velocity: 0.00 m/s - 8.39 m/s (planner.py:310)
INFO     [2025-01-12 11:43:18] --- select trajectory 711 (reactive_planner_cpp.py:382)
INFO     [2025-01-12 11:43:18] --- current time step: 69 (frenet_interface.py:257)
INFO     [2025-01-12 11:43:18] --- current velocity: 2.6327176357812743 (frenet_interface.py:258)
INFO     [2025-01-12 11:43:18] --- current target velocity: 2.422167517397849 (frenet_interface.py:259)
INFO     [2025-01-12 11:43:19] --- Sampled interval of velocity: 0.00 m/s - 8.38 m/s (planner.py:310)
INFO     [2025-01-12 11:43:19] --- current time step: 70 (frenet_interface.py:280)
INFO     [2025-01-12 11:43:19] --- current velocity: 2.6234630520704885 (frenet_interface.py:281)
INFO     [2025-01-12 11:43:19] --- current target velocity: 2.4194585377441706 (frenet_interface.py:282)
INFO     [2025-01-12 11:43:19] --- Sampled interval of velocity: 0.00 m/s - 8.37 m/s (planner.py:310)
INFO     [2025-01-12 11:43:19] --- current time step: 71 (frenet_interface.py:280)
INFO     [2025-01-12 11:43:19] --- current velocity: 2.6116920191283524 (frenet_interface.py:281)
INFO     [2025-01-12 11:43:19] --- current target velocity: 2.4167814929956513 (frenet_interface.py:282)
INFO     [2025-01-12 11:43:20] --- Sampled interval of velocity: 0.00 m/s - 8.36 m/s (planner.py:310)
INFO     [2025-01-12 11:43:20] --- select trajectory 781 (reactive_planner_cpp.py:382)
INFO     [2025-01-12 11:43:20] --- current time step: 72 (frenet_interface.py:257)
INFO     [2025-01-12 11:43:20] --- current velocity: 2.605633573001529 (frenet_interface.py:258)
INFO     [2025-01-12 11:43:20] --- current target velocity: 2.41417162247893 (frenet_interface.py:259)
INFO     [2025-01-12 11:43:20] --- Sampled interval of velocity: 0.00 m/s - 8.36 m/s (planner.py:310)
INFO     [2025-01-12 11:43:20] --- current time step: 73 (frenet_interface.py:280)
INFO     [2025-01-12 11:43:20] --- current velocity: 2.600395813225218 (frenet_interface.py:281)
INFO     [2025-01-12 11:43:20] --- current target velocity: 2.4116138703283467 (frenet_interface.py:282)
INFO     [2025-01-12 11:43:21] --- Sampled interval of velocity: 0.00 m/s - 8.35 m/s (planner.py:310)
INFO     [2025-01-12 11:43:21] --- current time step: 74 (frenet_interface.py:280)
INFO     [2025-01-12 11:43:21] --- current velocity: 2.5959356330114143 (frenet_interface.py:281)
INFO     [2025-01-12 11:43:21] --- current target velocity: 2.4090630975138843 (frenet_interface.py:282)
INFO     [2025-01-12 11:43:21] --- Sampled interval of velocity: 0.00 m/s - 8.35 m/s (planner.py:310)
INFO     [2025-01-12 11:43:21] --- select trajectory 781 (reactive_planner_cpp.py:382)
INFO     [2025-01-12 11:43:21] --- current time step: 75 (frenet_interface.py:257)
INFO     [2025-01-12 11:43:21] --- current velocity: 2.594024579647043 (frenet_interface.py:258)
INFO     [2025-01-12 11:43:21] --- current target velocity: 2.4065087912805514 (frenet_interface.py:259)
INFO     [2025-01-12 11:43:22] --- Sampled interval of velocity: 0.00 m/s - 8.34 m/s (planner.py:310)
INFO     [2025-01-12 11:43:22] --- current time step: 76 (frenet_interface.py:280)
INFO     [2025-01-12 11:43:22] --- current velocity: 2.592372111295943 (frenet_interface.py:281)
INFO     [2025-01-12 11:43:22] --- current target velocity: 2.403927517159134 (frenet_interface.py:282)
INFO     [2025-01-12 11:43:22] --- Sampled interval of velocity: 0.00 m/s - 8.34 m/s (planner.py:310)
INFO     [2025-01-12 11:43:22] --- current time step: 77 (frenet_interface.py:280)
INFO     [2025-01-12 11:43:22] --- current velocity: 2.5909648508846423 (frenet_interface.py:281)
INFO     [2025-01-12 11:43:22] --- current target velocity: 2.4012992114047744 (frenet_interface.py:282)
INFO     [2025-01-12 11:43:23] --- Sampled interval of velocity: 0.00 m/s - 8.34 m/s (planner.py:310)
INFO     [2025-01-12 11:43:23] --- select trajectory 581 (reactive_planner_cpp.py:382)
INFO     [2025-01-12 11:43:23] --- current time step: 78 (frenet_interface.py:257)
INFO     [2025-01-12 11:43:23] --- current velocity: 2.590368212425106 (frenet_interface.py:258)
INFO     [2025-01-12 11:43:23] --- current target velocity: 2.3986183424302827 (frenet_interface.py:259)
INFO     [2025-01-12 11:43:23] --- Sampled interval of velocity: 0.00 m/s - 8.34 m/s (planner.py:310)
INFO     [2025-01-12 11:43:23] --- current time step: 79 (frenet_interface.py:280)
INFO     [2025-01-12 11:43:23] --- current velocity: 2.5898646550069793 (frenet_interface.py:281)
INFO     [2025-01-12 11:43:23] --- current target velocity: 2.395874976458791 (frenet_interface.py:282)
INFO     [2025-01-12 11:43:24] --- Sampled interval of velocity: 0.00 m/s - 8.34 m/s (planner.py:310)
INFO     [2025-01-12 11:43:24] --- current time step: 80 (frenet_interface.py:280)
INFO     [2025-01-12 11:43:24] --- current velocity: 2.58944884057986 (frenet_interface.py:281)
INFO     [2025-01-12 11:43:24] --- current target velocity: 2.393060022625048 (frenet_interface.py:282)
INFO     [2025-01-12 11:43:24] --- Sampled interval of velocity: 0.00 m/s - 8.34 m/s (planner.py:310)
INFO     [2025-01-12 11:43:24] --- select trajectory 711 (reactive_planner_cpp.py:382)
INFO     [2025-01-12 11:43:24] --- current time step: 81 (frenet_interface.py:257)
INFO     [2025-01-12 11:43:24] --- current velocity: 2.587632505182518 (frenet_interface.py:258)
INFO     [2025-01-12 11:43:24] --- current target velocity: 2.3901689943562 (frenet_interface.py:259)
INFO     [2025-01-12 11:43:25] --- Sampled interval of velocity: 0.00 m/s - 8.34 m/s (planner.py:310)
INFO     [2025-01-12 11:43:25] --- current time step: 82 (frenet_interface.py:280)
INFO     [2025-01-12 11:43:25] --- current velocity: 2.5827049427968833 (frenet_interface.py:281)
INFO     [2025-01-12 11:43:25] --- current target velocity: 2.3872041904690984 (frenet_interface.py:282)
INFO     [2025-01-12 11:43:25] --- Sampled interval of velocity: 0.00 m/s - 8.33 m/s (planner.py:310)
INFO     [2025-01-12 11:43:25] --- current time step: 83 (frenet_interface.py:280)
INFO     [2025-01-12 11:43:25] --- current velocity: 2.574888721710364 (frenet_interface.py:281)
INFO     [2025-01-12 11:43:25] --- current target velocity: 2.38420090935297 (frenet_interface.py:282)
INFO     [2025-01-12 11:43:25] --- Sampled interval of velocity: 0.00 m/s - 8.32 m/s (planner.py:310)
INFO     [2025-01-12 11:43:25] --- select trajectory 711 (reactive_planner_cpp.py:382)
INFO     [2025-01-12 11:43:25] --- current time step: 84 (frenet_interface.py:257)
INFO     [2025-01-12 11:43:25] --- current velocity: 2.5689914214026195 (frenet_interface.py:258)
INFO     [2025-01-12 11:43:25] --- current target velocity: 2.3812035305704127 (frenet_interface.py:259)
INFO     [2025-01-12 11:43:26] --- Sampled interval of velocity: 0.00 m/s - 8.32 m/s (planner.py:310)
INFO     [2025-01-12 11:43:26] --- current time step: 85 (frenet_interface.py:280)
INFO     [2025-01-12 11:43:26] --- current velocity: 2.5606090335385785 (frenet_interface.py:281)
INFO     [2025-01-12 11:43:26] --- current target velocity: 2.378219886548605 (frenet_interface.py:282)
INFO     [2025-01-12 11:43:26] --- Sampled interval of velocity: 0.00 m/s - 8.31 m/s (planner.py:310)
INFO     [2025-01-12 11:43:26] --- current time step: 86 (frenet_interface.py:280)
INFO     [2025-01-12 11:43:26] --- current velocity: 2.5499300088408168 (frenet_interface.py:281)
INFO     [2025-01-12 11:43:26] --- current target velocity: 2.3752551248531795 (frenet_interface.py:282)
INFO     [2025-01-12 11:43:27] --- Sampled interval of velocity: 0.00 m/s - 8.30 m/s (planner.py:310)
INFO     [2025-01-12 11:43:27] --- select trajectory 781 (reactive_planner_cpp.py:382)
INFO     [2025-01-12 11:43:27] --- current time step: 87 (frenet_interface.py:257)
INFO     [2025-01-12 11:43:27] --- current velocity: 2.54443518191155 (frenet_interface.py:258)
INFO     [2025-01-12 11:43:27] --- current target velocity: 2.3723487241745906 (frenet_interface.py:259)
INFO     [2025-01-12 11:43:27] --- Sampled interval of velocity: 0.00 m/s - 8.29 m/s (planner.py:310)
INFO     [2025-01-12 11:43:27] --- current time step: 88 (frenet_interface.py:280)
INFO     [2025-01-12 11:43:27] --- current velocity: 2.539685627179895 (frenet_interface.py:281)
INFO     [2025-01-12 11:43:27] --- current target velocity: 2.3694836922618565 (frenet_interface.py:282)
INFO     [2025-01-12 11:43:28] --- Sampled interval of velocity: 0.00 m/s - 8.29 m/s (planner.py:310)
INFO     [2025-01-12 11:43:28] --- current time step: 89 (frenet_interface.py:280)
INFO     [2025-01-12 11:43:28] --- current velocity: 2.5356421149283395 (frenet_interface.py:281)
INFO     [2025-01-12 11:43:28] --- current target velocity: 2.3666085186240906 (frenet_interface.py:282)
INFO     [2025-01-12 11:43:29] --- Sampled interval of velocity: 0.00 m/s - 8.29 m/s (planner.py:310)
INFO     [2025-01-12 11:43:29] --- select trajectory 111 (reactive_planner_cpp.py:382)
INFO     [2025-01-12 11:43:29] --- current time step: 90 (frenet_interface.py:257)
INFO     [2025-01-12 11:43:29] --- current velocity: 2.5233181269682383 (frenet_interface.py:258)
INFO     [2025-01-12 11:43:29] --- current target velocity: 2.363710389586862 (frenet_interface.py:259)
INFO     [2025-01-12 11:43:29] --- Sampled interval of velocity: 0.00 m/s - 8.27 m/s (planner.py:310)
INFO     [2025-01-12 11:43:29] --- current time step: 91 (frenet_interface.py:280)
INFO     [2025-01-12 11:43:29] --- current velocity: 2.4927710999262658 (frenet_interface.py:281)
INFO     [2025-01-12 11:43:29] --- current target velocity: 2.360823364278917 (frenet_interface.py:282)
INFO     [2025-01-12 11:43:30] --- Sampled interval of velocity: 0.00 m/s - 8.24 m/s (planner.py:310)
INFO     [2025-01-12 11:43:30] --- current time step: 92 (frenet_interface.py:280)
INFO     [2025-01-12 11:43:30] --- current velocity: 2.4480889569941504 (frenet_interface.py:281)
INFO     [2025-01-12 11:43:30] --- current target velocity: 2.3582171007419155 (frenet_interface.py:282)
INFO     [2025-01-12 11:43:30] --- Sampled interval of velocity: 0.00 m/s - 8.20 m/s (planner.py:310)
INFO     [2025-01-12 11:43:30] --- select trajectory 106 (reactive_planner_cpp.py:382)
INFO     [2025-01-12 11:43:30] --- current time step: 93 (frenet_interface.py:257)
INFO     [2025-01-12 11:43:30] --- current velocity: 2.394138279987149 (frenet_interface.py:258)
INFO     [2025-01-12 11:43:30] --- current target velocity: 2.356195535994508 (frenet_interface.py:259)
INFO     [2025-01-12 11:43:31] --- Sampled interval of velocity: 0.00 m/s - 8.14 m/s (planner.py:310)
INFO     [2025-01-12 11:43:31] --- current time step: 94 (frenet_interface.py:280)
INFO     [2025-01-12 11:43:31] --- current velocity: 2.2903892440648383 (frenet_interface.py:281)
INFO     [2025-01-12 11:43:31] --- current target velocity: 2.3549312294314344 (frenet_interface.py:282)
INFO     [2025-01-12 11:43:31] --- Sampled interval of velocity: 0.00 m/s - 8.04 m/s (planner.py:310)
INFO     [2025-01-12 11:43:31] --- current time step: 95 (frenet_interface.py:280)
INFO     [2025-01-12 11:43:31] --- current velocity: 2.1484171628895856 (frenet_interface.py:281)
INFO     [2025-01-12 11:43:31] --- current target velocity: 2.2903892440648383 (frenet_interface.py:282)
INFO     [2025-01-12 11:43:32] --- Sampled interval of velocity: 0.00 m/s - 7.90 m/s (planner.py:310)
WARNING  [2025-01-12 11:43:32] --- No optimal trajectory available. Select stopping trajectory! (reactive_planner_cpp.py:407)
INFO     [2025-01-12 11:43:32] --- current time step: 96 (frenet_interface.py:257)
INFO     [2025-01-12 11:43:32] --- current velocity: 2.033433199609981 (frenet_interface.py:258)
INFO     [2025-01-12 11:43:32] --- current target velocity: 2.1484171628895856 (frenet_interface.py:259)
INFO     [2025-01-12 11:43:34] --- Sampled interval of velocity: 0.00 m/s - 7.78 m/s (planner.py:310)
INFO     [2025-01-12 11:43:34] --- current time step: 97 (frenet_interface.py:280)
INFO     [2025-01-12 11:43:34] --- current velocity: 1.856014657207238 (frenet_interface.py:281)
INFO     [2025-01-12 11:43:34] --- current target velocity: 2.033433199609981 (frenet_interface.py:282)
INFO     [2025-01-12 11:43:34] --- Sampled interval of velocity: 0.00 m/s - 7.61 m/s (planner.py:310)
INFO     [2025-01-12 11:43:34] --- current time step: 98 (frenet_interface.py:280)
INFO     [2025-01-12 11:43:34] --- current velocity: 1.6316240170393301 (frenet_interface.py:281)
INFO     [2025-01-12 11:43:34] --- current target velocity: 1.856014657207238 (frenet_interface.py:282)
INFO     [2025-01-12 11:43:34] --- Sampled interval of velocity: 0.00 m/s - 7.38 m/s (planner.py:310)
WARNING  [2025-01-12 11:43:35] --- No optimal trajectory available. Select stopping trajectory! (reactive_planner_cpp.py:407)
INFO     [2025-01-12 11:43:35] --- current time step: 99 (frenet_interface.py:257)
INFO     [2025-01-12 11:43:35] --- current velocity: 1.4933470814530188 (frenet_interface.py:258)
INFO     [2025-01-12 11:43:35] --- current target velocity: 1.6316240170393301 (frenet_interface.py:259)
INFO     [2025-01-12 11:43:35] --- Sampled interval of velocity: 0.00 m/s - 7.24 m/s (planner.py:310)
INFO     [2025-01-12 11:43:35] --- current time step: 100 (frenet_interface.py:280)
INFO     [2025-01-12 11:43:35] --- current velocity: 1.327027495866926 (frenet_interface.py:281)
INFO     [2025-01-12 11:43:35] --- current target velocity: 1.4933470814530188 (frenet_interface.py:282)
INFO     [2025-01-12 11:43:36] --- Sampled interval of velocity: 0.00 m/s - 7.08 m/s (planner.py:310)
INFO     [2025-01-12 11:43:36] --- current time step: 101 (frenet_interface.py:280)
INFO     [2025-01-12 11:43:36] --- current velocity: 1.1413487271490388 (frenet_interface.py:281)
INFO     [2025-01-12 11:43:36] --- current target velocity: 1.327027495866926 (frenet_interface.py:282)
INFO     [2025-01-12 11:43:36] --- Sampled interval of velocity: 0.00 m/s - 6.89 m/s (planner.py:310)
WARNING  [2025-01-12 11:43:36] --- No optimal trajectory available. Select stopping trajectory! (reactive_planner_cpp.py:407)
INFO     [2025-01-12 11:43:36] --- current time step: 102 (frenet_interface.py:257)
INFO     [2025-01-12 11:43:36] --- current velocity: 1.0352586419440397 (frenet_interface.py:258)
INFO     [2025-01-12 11:43:36] --- current target velocity: 1.1413487271490388 (frenet_interface.py:259)
INFO     [2025-01-12 11:43:38] --- Sampled interval of velocity: 0.00 m/s - 6.79 m/s (planner.py:310)
INFO     [2025-01-12 11:43:38] --- current time step: 103 (frenet_interface.py:280)
INFO     [2025-01-12 11:43:38] --- current velocity: 0.9131250603756066 (frenet_interface.py:281)
INFO     [2025-01-12 11:43:38] --- current target velocity: 1.0352586419440397 (frenet_interface.py:282)
INFO     [2025-01-12 11:43:38] --- Sampled interval of velocity: 0.00 m/s - 6.66 m/s (planner.py:310)
INFO     [2025-01-12 11:43:38] --- current time step: 104 (frenet_interface.py:280)
INFO     [2025-01-12 11:43:38] --- current velocity: 0.7804572809522405 (frenet_interface.py:281)
INFO     [2025-01-12 11:43:38] --- current target velocity: 0.9131250603756066 (frenet_interface.py:282)
INFO     [2025-01-12 11:43:38] --- Sampled interval of velocity: 0.00 m/s - 6.53 m/s (planner.py:310)
WARNING  [2025-01-12 11:43:39] --- No optimal trajectory available. Select stopping trajectory! (reactive_planner_cpp.py:407)
INFO     [2025-01-12 11:43:39] --- current time step: 105 (frenet_interface.py:257)
INFO     [2025-01-12 11:43:39] --- current velocity: 0.7060641171099733 (frenet_interface.py:258)
INFO     [2025-01-12 11:43:39] --- current target velocity: 0.7804572809522405 (frenet_interface.py:259)
INFO     [2025-01-12 11:43:39] --- Sampled interval of velocity: 0.00 m/s - 6.46 m/s (planner.py:310)
INFO     [2025-01-12 11:43:39] --- current time step: 106 (frenet_interface.py:280)
INFO     [2025-01-12 11:43:39] --- current velocity: 0.6214184191450525 (frenet_interface.py:281)
INFO     [2025-01-12 11:43:39] --- current target velocity: 0.7060641171099733 (frenet_interface.py:282)
INFO     [2025-01-12 11:43:40] --- Sampled interval of velocity: 0.00 m/s - 6.37 m/s (planner.py:310)
INFO     [2025-01-12 11:43:40] --- current time step: 107 (frenet_interface.py:280)
INFO     [2025-01-12 11:43:40] --- current velocity: 0.5301732579248482 (frenet_interface.py:281)
INFO     [2025-01-12 11:43:40] --- current target velocity: 0.6214184191450525 (frenet_interface.py:282)
