CRITICAL [2025-01-12 11:20:04] --- Start Planner Vehicle ID: 30788 (frenet_interface.py:67)
INFO     [2025-01-12 11:20:05] --- Sampled interval of velocity: 0.00 m/s - 18.24 m/s (planner.py:310)
INFO     [2025-01-12 11:20:05] --- select trajectory 121 (reactive_planner_cpp.py:382)
INFO     [2025-01-12 11:20:05] --- current time step: 0 (frenet_interface.py:257)
INFO     [2025-01-12 11:20:05] --- current velocity: 12.356845070180638 (frenet_interface.py:258)
INFO     [2025-01-12 11:20:05] --- current target velocity: 7.4884 (frenet_interface.py:259)
INFO     [2025-01-12 11:20:07] --- Sampled interval of velocity: 0.00 m/s - 18.11 m/s (planner.py:310)
INFO     [2025-01-12 11:20:07] --- current time step: 1 (frenet_interface.py:280)
INFO     [2025-01-12 11:20:07] --- current velocity: 11.99613003757266 (frenet_interface.py:281)
INFO     [2025-01-12 11:20:07] --- current target velocity: 7.356845070180638 (frenet_interface.py:282)
INFO     [2025-01-12 11:20:07] --- Sampled interval of velocity: 0.00 m/s - 17.75 m/s (planner.py:310)
INFO     [2025-01-12 11:20:07] --- current time step: 2 (frenet_interface.py:280)
INFO     [2025-01-12 11:20:07] --- current velocity: 11.45717948919864 (frenet_interface.py:281)
INFO     [2025-01-12 11:20:07] --- current target velocity: 7.255816255611459 (frenet_interface.py:282)
INFO     [2025-01-12 11:20:08] --- Sampled interval of velocity: 0.00 m/s - 17.21 m/s (planner.py:310)
INFO     [2025-01-12 11:20:08] --- select trajectory 121 (reactive_planner_cpp.py:382)
INFO     [2025-01-12 11:20:08] --- current time step: 3 (frenet_interface.py:257)
INFO     [2025-01-12 11:20:08] --- current velocity: 11.088117793670841 (frenet_interface.py:258)
INFO     [2025-01-12 11:20:08] --- current target velocity: 7.225106876693321 (frenet_interface.py:259)
INFO     [2025-01-12 11:20:09] --- Sampled interval of velocity: 0.00 m/s - 16.84 m/s (planner.py:310)
INFO     [2025-01-12 11:20:09] --- current time step: 4 (frenet_interface.py:280)
INFO     [2025-01-12 11:20:09] --- current velocity: 10.612001255393624 (frenet_interface.py:281)
INFO     [2025-01-12 11:20:09] --- current target velocity: 7.197122663808111 (frenet_interface.py:282)
INFO     [2025-01-12 11:20:09] --- Sampled interval of velocity: 0.00 m/s - 16.36 m/s (planner.py:310)
INFO     [2025-01-12 11:20:09] --- current time step: 5 (frenet_interface.py:280)
INFO     [2025-01-12 11:20:09] --- current velocity: 10.058792471687958 (frenet_interface.py:281)
INFO     [2025-01-12 11:20:09] --- current target velocity: 7.171701768481084 (frenet_interface.py:282)
INFO     [2025-01-12 11:20:11] --- Sampled interval of velocity: 0.00 m/s - 15.81 m/s (planner.py:310)
INFO     [2025-01-12 11:20:11] --- select trajectory 131 (reactive_planner_cpp.py:382)
INFO     [2025-01-12 11:20:11] --- current time step: 6 (frenet_interface.py:257)
INFO     [2025-01-12 11:20:11] --- current velocity: 9.768226801824666 (frenet_interface.py:258)
INFO     [2025-01-12 11:20:11] --- current target velocity: 7.149541836996894 (frenet_interface.py:259)
INFO     [2025-01-12 11:20:12] --- Sampled interval of velocity: 0.00 m/s - 15.52 m/s (planner.py:310)
INFO     [2025-01-12 11:20:12] --- current time step: 7 (frenet_interface.py:280)
INFO     [2025-01-12 11:20:12] --- current velocity: 9.481627243028939 (frenet_interface.py:281)
INFO     [2025-01-12 11:20:12] --- current target velocity: 7.130078142377571 (frenet_interface.py:282)
INFO     [2025-01-12 11:20:12] --- Sampled interval of velocity: 0.00 m/s - 15.23 m/s (planner.py:310)
INFO     [2025-01-12 11:20:12] --- current time step: 8 (frenet_interface.py:280)
INFO     [2025-01-12 11:20:12] --- current velocity: 9.203988927245819 (frenet_interface.py:281)
INFO     [2025-01-12 11:20:12] --- current target velocity: 7.112388003456575 (frenet_interface.py:282)
INFO     [2025-01-12 11:20:13] --- Sampled interval of velocity: 0.00 m/s - 14.95 m/s (planner.py:310)
INFO     [2025-01-12 11:20:13] --- select trajectory 131 (reactive_planner_cpp.py:382)
INFO     [2025-01-12 11:20:13] --- current time step: 9 (frenet_interface.py:257)
INFO     [2025-01-12 11:20:13] --- current velocity: 9.051590485748562 (frenet_interface.py:258)
INFO     [2025-01-12 11:20:13] --- current target velocity: 7.096463255440123 (frenet_interface.py:259)
INFO     [2025-01-12 11:20:15] --- Sampled interval of velocity: 0.00 m/s - 14.80 m/s (planner.py:310)
INFO     [2025-01-12 11:20:15] --- current time step: 10 (frenet_interface.py:280)
INFO     [2025-01-12 11:20:15] --- current velocity: 8.871777503892558 (frenet_interface.py:281)
INFO     [2025-01-12 11:20:15] --- current target velocity: 7.081830314453361 (frenet_interface.py:282)
INFO     [2025-01-12 11:20:15] --- Sampled interval of velocity: 0.00 m/s - 14.62 m/s (planner.py:310)
INFO     [2025-01-12 11:20:15] --- current time step: 11 (frenet_interface.py:280)
INFO     [2025-01-12 11:20:15] --- current velocity: 8.673384483274928 (frenet_interface.py:281)
INFO     [2025-01-12 11:20:15] --- current target velocity: 7.068194300432289 (frenet_interface.py:282)
INFO     [2025-01-12 11:20:15] --- Sampled interval of velocity: 0.00 m/s - 14.42 m/s (planner.py:310)
INFO     [2025-01-12 11:20:16] --- select trajectory 131 (reactive_planner_cpp.py:382)
INFO     [2025-01-12 11:20:16] --- current time step: 12 (frenet_interface.py:257)
INFO     [2025-01-12 11:20:16] --- current velocity: 8.55474964087261 (frenet_interface.py:258)
INFO     [2025-01-12 11:20:16] --- current target velocity: 7.0557449074614516 (frenet_interface.py:259)
INFO     [2025-01-12 11:20:17] --- Sampled interval of velocity: 0.00 m/s - 14.30 m/s (planner.py:310)
INFO     [2025-01-12 11:20:17] --- current time step: 13 (frenet_interface.py:280)
INFO     [2025-01-12 11:20:17] --- current velocity: 8.408981744459224 (frenet_interface.py:281)
INFO     [2025-01-12 11:20:17] --- current target velocity: 7.044267550096285 (frenet_interface.py:282)
INFO     [2025-01-12 11:20:18] --- Sampled interval of velocity: 0.00 m/s - 14.16 m/s (planner.py:310)
INFO     [2025-01-12 11:20:18] --- current time step: 14 (frenet_interface.py:280)
INFO     [2025-01-12 11:20:18] --- current velocity: 8.244178420786453 (frenet_interface.py:281)
INFO     [2025-01-12 11:20:18] --- current target velocity: 7.033604425599798 (frenet_interface.py:282)
INFO     [2025-01-12 11:20:18] --- Sampled interval of velocity: 0.00 m/s - 13.99 m/s (planner.py:310)
INFO     [2025-01-12 11:20:18] --- select trajectory 131 (reactive_planner_cpp.py:382)
INFO     [2025-01-12 11:20:18] --- current time step: 15 (frenet_interface.py:257)
INFO     [2025-01-12 11:20:18] --- current velocity: 8.14422629515088 (frenet_interface.py:258)
INFO     [2025-01-12 11:20:18] --- current target velocity: 7.023946033548763 (frenet_interface.py:259)
INFO     [2025-01-12 11:20:20] --- Sampled interval of velocity: 0.00 m/s - 13.89 m/s (planner.py:310)
INFO     [2025-01-12 11:20:20] --- current time step: 16 (frenet_interface.py:280)
INFO     [2025-01-12 11:20:20] --- current velocity: 8.020647682847454 (frenet_interface.py:281)
INFO     [2025-01-12 11:20:20] --- current target velocity: 7.015130122263634 (frenet_interface.py:282)
INFO     [2025-01-12 11:20:20] --- Sampled interval of velocity: 0.00 m/s - 13.77 m/s (planner.py:310)
INFO     [2025-01-12 11:20:20] --- current time step: 17 (frenet_interface.py:280)
INFO     [2025-01-12 11:20:20] --- current velocity: 7.88042647411456 (frenet_interface.py:281)
INFO     [2025-01-12 11:20:20] --- current target velocity: 7.007031752842955 (frenet_interface.py:282)
INFO     [2025-01-12 11:20:21] --- Sampled interval of velocity: 0.00 m/s - 13.63 m/s (planner.py:310)
INFO     [2025-01-12 11:20:21] --- select trajectory 431 (reactive_planner_cpp.py:382)
INFO     [2025-01-12 11:20:21] --- current time step: 18 (frenet_interface.py:257)
INFO     [2025-01-12 11:20:21] --- current velocity: 7.801869506489868 (frenet_interface.py:258)
INFO     [2025-01-12 11:20:21] --- current target velocity: 6.999821056381622 (frenet_interface.py:259)
INFO     [2025-01-12 11:20:22] --- Sampled interval of velocity: 0.00 m/s - 13.55 m/s (planner.py:310)
INFO     [2025-01-12 11:20:22] --- current time step: 19 (frenet_interface.py:280)
INFO     [2025-01-12 11:20:22] --- current velocity: 7.71402528149224 (frenet_interface.py:281)
INFO     [2025-01-12 11:20:22] --- current target velocity: 6.9933425821572905 (frenet_interface.py:282)
INFO     [2025-01-12 11:20:23] --- Sampled interval of velocity: 0.00 m/s - 13.46 m/s (planner.py:310)
INFO     [2025-01-12 11:20:23] --- current time step: 20 (frenet_interface.py:280)
INFO     [2025-01-12 11:20:23] --- current velocity: 7.61931198737021 (frenet_interface.py:281)
INFO     [2025-01-12 11:20:23] --- current target velocity: 6.987410194588032 (frenet_interface.py:282)
INFO     [2025-01-12 11:20:23] --- Sampled interval of velocity: 0.00 m/s - 13.37 m/s (planner.py:310)
INFO     [2025-01-12 11:20:23] --- select trajectory 731 (reactive_planner_cpp.py:382)
INFO     [2025-01-12 11:20:23] --- current time step: 21 (frenet_interface.py:257)
INFO     [2025-01-12 11:20:23] --- current velocity: 7.5707870963290285 (frenet_interface.py:258)
INFO     [2025-01-12 11:20:23] --- current target velocity: 6.982099803253637 (frenet_interface.py:259)
INFO     [2025-01-12 11:20:24] --- Sampled interval of velocity: 0.00 m/s - 13.32 m/s (planner.py:310)
INFO     [2025-01-12 11:20:24] --- current time step: 22 (frenet_interface.py:280)
INFO     [2025-01-12 11:20:24] --- current velocity: 7.5226146479425875 (frenet_interface.py:281)
INFO     [2025-01-12 11:20:24] --- current target velocity: 6.977273629046076 (frenet_interface.py:282)
INFO     [2025-01-12 11:20:25] --- Sampled interval of velocity: 0.00 m/s - 13.27 m/s (planner.py:310)
INFO     [2025-01-12 11:20:25] --- current time step: 23 (frenet_interface.py:280)
INFO     [2025-01-12 11:20:25] --- current velocity: 7.4748853526140575 (frenet_interface.py:281)
INFO     [2025-01-12 11:20:25] --- current target velocity: 6.972754628492749 (frenet_interface.py:282)
INFO     [2025-01-12 11:20:25] --- Sampled interval of velocity: 0.00 m/s - 13.22 m/s (planner.py:310)
INFO     [2025-01-12 11:20:25] --- select trajectory 726 (reactive_planner_cpp.py:382)
INFO     [2025-01-12 11:20:25] --- current time step: 24 (frenet_interface.py:257)
INFO     [2025-01-12 11:20:25] --- current velocity: 7.444506015046 (frenet_interface.py:258)
INFO     [2025-01-12 11:20:25] --- current target velocity: 6.968546991306401 (frenet_interface.py:259)
INFO     [2025-01-12 11:20:26] --- Sampled interval of velocity: 0.00 m/s - 13.19 m/s (planner.py:310)
INFO     [2025-01-12 11:20:26] --- current time step: 25 (frenet_interface.py:280)
INFO     [2025-01-12 11:20:26] --- current velocity: 7.401485159816595 (frenet_interface.py:281)
INFO     [2025-01-12 11:20:26] --- current target velocity: 6.964577296722368 (frenet_interface.py:282)
INFO     [2025-01-12 11:20:26] --- Sampled interval of velocity: 0.00 m/s - 13.15 m/s (planner.py:310)
INFO     [2025-01-12 11:20:26] --- current time step: 26 (frenet_interface.py:280)
INFO     [2025-01-12 11:20:26] --- current velocity: 7.346782278713557 (frenet_interface.py:281)
INFO     [2025-01-12 11:20:26] --- current target velocity: 6.960842079108202 (frenet_interface.py:282)
INFO     [2025-01-12 11:20:27] --- Sampled interval of velocity: 0.00 m/s - 13.10 m/s (planner.py:310)
INFO     [2025-01-12 11:20:27] --- select trajectory 721 (reactive_planner_cpp.py:382)
INFO     [2025-01-12 11:20:27] --- current time step: 27 (frenet_interface.py:257)
INFO     [2025-01-12 11:20:27] --- current velocity: 7.310708432446604 (frenet_interface.py:258)
INFO     [2025-01-12 11:20:27] --- current target velocity: 6.957446791118426 (frenet_interface.py:259)
INFO     [2025-01-12 11:20:28] --- Sampled interval of velocity: 0.00 m/s - 13.06 m/s (planner.py:310)
INFO     [2025-01-12 11:20:28] --- current time step: 28 (frenet_interface.py:280)
INFO     [2025-01-12 11:20:28] --- current velocity: 7.263298486801618 (frenet_interface.py:281)
INFO     [2025-01-12 11:20:28] --- current target velocity: 6.9543700978200365 (frenet_interface.py:282)
INFO     [2025-01-12 11:20:29] --- Sampled interval of velocity: 0.00 m/s - 13.01 m/s (planner.py:310)
INFO     [2025-01-12 11:20:29] --- current time step: 29 (frenet_interface.py:280)
INFO     [2025-01-12 11:20:29] --- current velocity: 7.20543382348684 (frenet_interface.py:281)
INFO     [2025-01-12 11:20:29] --- current target velocity: 6.951590587820422 (frenet_interface.py:282)
INFO     [2025-01-12 11:20:29] --- Sampled interval of velocity: 0.00 m/s - 12.96 m/s (planner.py:310)
INFO     [2025-01-12 11:20:29] --- select trajectory 11 (reactive_planner_cpp.py:382)
INFO     [2025-01-12 11:20:29] --- current time step: 30 (frenet_interface.py:257)
INFO     [2025-01-12 11:20:29] --- current velocity: 7.1380666589829405 (frenet_interface.py:258)
INFO     [2025-01-12 11:20:29] --- current target velocity: 6.949207310807925 (frenet_interface.py:259)
INFO     [2025-01-12 11:20:31] --- Sampled interval of velocity: 0.00 m/s - 12.89 m/s (planner.py:310)
INFO     [2025-01-12 11:20:31] --- current time step: 31 (frenet_interface.py:280)
INFO     [2025-01-12 11:20:31] --- current velocity: 7.00478657902718 (frenet_interface.py:281)
INFO     [2025-01-12 11:20:31] --- current target velocity: 6.947271615051468 (frenet_interface.py:282)
INFO     [2025-01-12 11:20:31] --- Sampled interval of velocity: 0.00 m/s - 12.75 m/s (planner.py:310)
INFO     [2025-01-12 11:20:31] --- current time step: 32 (frenet_interface.py:280)
INFO     [2025-01-12 11:20:31] --- current velocity: 6.814628352758644 (frenet_interface.py:281)
INFO     [2025-01-12 11:20:31] --- current target velocity: 6.946166730654133 (frenet_interface.py:282)
INFO     [2025-01-12 11:20:32] --- Sampled interval of velocity: 0.00 m/s - 12.56 m/s (planner.py:310)
INFO     [2025-01-12 11:20:32] --- select trajectory 111 (reactive_planner_cpp.py:382)
INFO     [2025-01-12 11:20:32] --- current time step: 33 (frenet_interface.py:257)
INFO     [2025-01-12 11:20:32] --- current velocity: 6.64000279495354 (frenet_interface.py:258)
INFO     [2025-01-12 11:20:32] --- current target velocity: 6.9464434156035715 (frenet_interface.py:259)
INFO     [2025-01-12 11:20:33] --- Sampled interval of velocity: 0.00 m/s - 12.39 m/s (planner.py:310)
INFO     [2025-01-12 11:20:33] --- current time step: 34 (frenet_interface.py:280)
INFO     [2025-01-12 11:20:33] --- current velocity: 6.350223893720706 (frenet_interface.py:281)
INFO     [2025-01-12 11:20:33] --- current target velocity: 6.948255364655554 (frenet_interface.py:282)
INFO     [2025-01-12 11:20:34] --- Sampled interval of velocity: 0.00 m/s - 12.10 m/s (planner.py:310)
INFO     [2025-01-12 11:20:34] --- current time step: 35 (frenet_interface.py:280)
INFO     [2025-01-12 11:20:34] --- current velocity: 5.973058848692463 (frenet_interface.py:281)
INFO     [2025-01-12 11:20:34] --- current target velocity: 6.952156262101096 (frenet_interface.py:282)
INFO     [2025-01-12 11:20:34] --- Sampled interval of velocity: 0.00 m/s - 11.72 m/s (planner.py:310)
INFO     [2025-01-12 11:20:34] --- select trajectory 101 (reactive_planner_cpp.py:382)
INFO     [2025-01-12 11:20:34] --- current time step: 36 (frenet_interface.py:257)
INFO     [2025-01-12 11:20:34] --- current velocity: 5.698008663354504 (frenet_interface.py:258)
INFO     [2025-01-12 11:20:34] --- current target velocity: 6.959097761816253 (frenet_interface.py:259)
INFO     [2025-01-12 11:20:36] --- Sampled interval of velocity: 0.00 m/s - 11.45 m/s (planner.py:310)
INFO     [2025-01-12 11:20:36] --- current time step: 37 (frenet_interface.py:280)
INFO     [2025-01-12 11:20:36] --- current velocity: 5.304744796875747 (frenet_interface.py:281)
INFO     [2025-01-12 11:20:36] --- current target velocity: 6.969030309518067 (frenet_interface.py:282)
INFO     [2025-01-12 11:20:36] --- Sampled interval of velocity: 0.00 m/s - 11.05 m/s (planner.py:310)
INFO     [2025-01-12 11:20:36] --- current time step: 38 (frenet_interface.py:280)
INFO     [2025-01-12 11:20:36] --- current velocity: 4.823694355170952 (frenet_interface.py:281)
INFO     [2025-01-12 11:20:36] --- current target velocity: 6.982175092914777 (frenet_interface.py:282)
INFO     [2025-01-12 11:20:36] --- Sampled interval of velocity: 0.00 m/s - 10.57 m/s (planner.py:310)
INFO     [2025-01-12 11:20:37] --- select trajectory 196 (reactive_planner_cpp.py:382)
INFO     [2025-01-12 11:20:37] --- current time step: 39 (frenet_interface.py:257)
INFO     [2025-01-12 11:20:37] --- current velocity: 4.498642319427845 (frenet_interface.py:258)
INFO     [2025-01-12 11:20:37] --- current target velocity: 6.999556081465079 (frenet_interface.py:259)
INFO     [2025-01-12 11:20:37] --- Sampled interval of velocity: 0.00 m/s - 10.25 m/s (planner.py:310)
INFO     [2025-01-12 11:20:37] --- current time step: 40 (frenet_interface.py:280)
INFO     [2025-01-12 11:20:37] --- current velocity: 4.058765256650714 (frenet_interface.py:281)
INFO     [2025-01-12 11:20:37] --- current target velocity: 7.0209096603823715 (frenet_interface.py:282)
INFO     [2025-01-12 11:20:38] --- Sampled interval of velocity: 0.00 m/s - 9.81 m/s (planner.py:310)
INFO     [2025-01-12 11:20:38] --- current time step: 41 (frenet_interface.py:280)
INFO     [2025-01-12 11:20:38] --- current velocity: 3.534779958657815 (frenet_interface.py:281)
INFO     [2025-01-12 11:20:38] --- current target velocity: 7.0462237145046895 (frenet_interface.py:282)
INFO     [2025-01-12 11:20:38] --- Sampled interval of velocity: 0.00 m/s - 9.28 m/s (planner.py:310)
WARNING  [2025-01-12 11:20:39] --- No optimal trajectory available. Select stopping trajectory! (reactive_planner_cpp.py:407)
INFO     [2025-01-12 11:20:39] --- current time step: 42 (frenet_interface.py:257)
INFO     [2025-01-12 11:20:39] --- current velocity: 3.2228059342389983 (frenet_interface.py:258)
INFO     [2025-01-12 11:20:39] --- current target velocity: 7.076538879556434 (frenet_interface.py:259)
INFO     [2025-01-12 11:20:41] --- Sampled interval of velocity: 0.00 m/s - 8.97 m/s (planner.py:310)
INFO     [2025-01-12 11:20:41] --- current time step: 43 (frenet_interface.py:280)
INFO     [2025-01-12 11:20:41] --- current velocity: 2.8547374041749425 (frenet_interface.py:281)
INFO     [2025-01-12 11:20:41] --- current target velocity: 7.111372074945184 (frenet_interface.py:282)
