CRITICAL [2025-01-12 11:44:31] --- Start Planner Vehicle ID: 3098 (frenet_interface.py:67)
INFO     [2025-01-12 11:44:32] --- Sampled interval of velocity: 0.00 m/s - 10.57 m/s (planner.py:310)
INFO     [2025-01-12 11:44:32] --- select trajectory 321 (reactive_planner_cpp.py:382)
INFO     [2025-01-12 11:44:32] --- current time step: 0 (frenet_interface.py:257)
INFO     [2025-01-12 11:44:32] --- current velocity: 4.805799522814826 (frenet_interface.py:258)
INFO     [2025-01-12 11:44:32] --- current target velocity: 4.862931393851954 (frenet_interface.py:259)
INFO     [2025-01-12 11:44:34] --- Sampled interval of velocity: 0.00 m/s - 10.56 m/s (planner.py:310)
INFO     [2025-01-12 11:44:34] --- current time step: 1 (frenet_interface.py:280)
INFO     [2025-01-12 11:44:34] --- current velocity: 4.779702591180387 (frenet_interface.py:281)
INFO     [2025-01-12 11:44:34] --- current target velocity: 4.863342135975272 (frenet_interface.py:282)
INFO     [2025-01-12 11:44:35] --- Sampled interval of velocity: 0.00 m/s - 10.53 m/s (planner.py:310)
INFO     [2025-01-12 11:44:35] --- current time step: 2 (frenet_interface.py:280)
INFO     [2025-01-12 11:44:35] --- current velocity: 4.73629487415136 (frenet_interface.py:281)
INFO     [2025-01-12 11:44:35] --- current target velocity: 4.863782562083476 (frenet_interface.py:282)
INFO     [2025-01-12 11:44:35] --- Sampled interval of velocity: 0.00 m/s - 10.49 m/s (planner.py:310)
WARNING  [2025-01-12 11:44:36] --- No optimal trajectory available. Select stopping trajectory! (reactive_planner_cpp.py:407)
INFO     [2025-01-12 11:44:36] --- current time step: 3 (frenet_interface.py:257)
INFO     [2025-01-12 11:44:36] --- current velocity: 4.648173660933663 (frenet_interface.py:258)
INFO     [2025-01-12 11:44:36] --- current target velocity: 4.864316947365143 (frenet_interface.py:259)
INFO     [2025-01-12 11:44:37] --- Sampled interval of velocity: 0.00 m/s - 10.40 m/s (planner.py:310)
INFO     [2025-01-12 11:44:37] --- current time step: 4 (frenet_interface.py:280)
INFO     [2025-01-12 11:44:37] --- current velocity: 4.477102830118002 (frenet_interface.py:281)
INFO     [2025-01-12 11:44:37] --- current target velocity: 4.865073675240103 (frenet_interface.py:282)
INFO     [2025-01-12 11:44:38] --- Sampled interval of velocity: 0.00 m/s - 10.23 m/s (planner.py:310)
INFO     [2025-01-12 11:44:38] --- current time step: 5 (frenet_interface.py:280)
INFO     [2025-01-12 11:44:38] --- current velocity: 4.238491290147116 (frenet_interface.py:281)
INFO     [2025-01-12 11:44:38] --- current target velocity: 4.866570263700189 (frenet_interface.py:282)
INFO     [2025-01-12 11:44:38] --- Sampled interval of velocity: 0.00 m/s - 9.99 m/s (planner.py:310)
INFO     [2025-01-12 11:44:38] --- select trajectory 360 (reactive_planner_cpp.py:382)
INFO     [2025-01-12 11:44:38] --- current time step: 6 (frenet_interface.py:257)
INFO     [2025-01-12 11:44:38] --- current velocity: 4.128545457345876 (frenet_interface.py:258)
INFO     [2025-01-12 11:44:38] --- current target velocity: 4.869387147808721 (frenet_interface.py:259)
INFO     [2025-01-12 11:44:39] --- Sampled interval of velocity: 0.00 m/s - 9.88 m/s (planner.py:310)
INFO     [2025-01-12 11:44:39] --- current time step: 7 (frenet_interface.py:280)
INFO     [2025-01-12 11:44:39] --- current velocity: 4.072915545033616 (frenet_interface.py:281)
INFO     [2025-01-12 11:44:39] --- current target velocity: 4.873440571740591 (frenet_interface.py:282)
INFO     [2025-01-12 11:44:40] --- Sampled interval of velocity: 0.00 m/s - 9.82 m/s (planner.py:310)
INFO     [2025-01-12 11:44:40] --- current time step: 8 (frenet_interface.py:280)
INFO     [2025-01-12 11:44:40] --- current velocity: 4.062802098098072 (frenet_interface.py:281)
INFO     [2025-01-12 11:44:40] --- current target velocity: 4.878058488555728 (frenet_interface.py:282)
INFO     [2025-01-12 11:44:40] --- Sampled interval of velocity: 0.00 m/s - 9.81 m/s (planner.py:310)
INFO     [2025-01-12 11:44:40] --- select trajectory 250 (reactive_planner_cpp.py:382)
INFO     [2025-01-12 11:44:40] --- current time step: 9 (frenet_interface.py:257)
INFO     [2025-01-12 11:44:40] --- current velocity: 4.070949215061485 (frenet_interface.py:258)
INFO     [2025-01-12 11:44:40] --- current target velocity: 4.882889735498741 (frenet_interface.py:259)
INFO     [2025-01-12 11:44:43] --- Sampled interval of velocity: 0.00 m/s - 9.82 m/s (planner.py:310)
INFO     [2025-01-12 11:44:43] --- current time step: 10 (frenet_interface.py:280)
INFO     [2025-01-12 11:44:43] --- current velocity: 4.098328817487579 (frenet_interface.py:281)
INFO     [2025-01-12 11:44:43] --- current target velocity: 4.887673311111483 (frenet_interface.py:282)
INFO     [2025-01-12 11:44:44] --- Sampled interval of velocity: 0.00 m/s - 9.85 m/s (planner.py:310)
INFO     [2025-01-12 11:44:44] --- current time step: 11 (frenet_interface.py:280)
INFO     [2025-01-12 11:44:44] --- current velocity: 4.138013812169317 (frenet_interface.py:281)
INFO     [2025-01-12 11:44:44] --- current target velocity: 4.892252672140665 (frenet_interface.py:282)
INFO     [2025-01-12 11:44:44] --- Sampled interval of velocity: 0.00 m/s - 9.89 m/s (planner.py:310)
INFO     [2025-01-12 11:44:44] --- select trajectory 136 (reactive_planner_cpp.py:382)
INFO     [2025-01-12 11:44:44] --- current time step: 12 (frenet_interface.py:257)
INFO     [2025-01-12 11:44:44] --- current velocity: 4.146990154754381 (frenet_interface.py:258)
INFO     [2025-01-12 11:44:44] --- current target velocity: 4.896460971843892 (frenet_interface.py:259)
INFO     [2025-01-12 11:44:47] --- Sampled interval of velocity: 0.00 m/s - 9.90 m/s (planner.py:310)
INFO     [2025-01-12 11:44:47] --- current time step: 13 (frenet_interface.py:280)
INFO     [2025-01-12 11:44:47] --- current velocity: 4.175747308906346 (frenet_interface.py:281)
INFO     [2025-01-12 11:44:47] --- current target velocity: 4.90029720975692 (frenet_interface.py:282)
INFO     [2025-01-12 11:44:48] --- Sampled interval of velocity: 0.00 m/s - 9.93 m/s (planner.py:310)
INFO     [2025-01-12 11:44:48] --- current time step: 14 (frenet_interface.py:280)
INFO     [2025-01-12 11:44:48] --- current velocity: 4.224310713883995 (frenet_interface.py:281)
INFO     [2025-01-12 11:44:48] --- current target velocity: 4.903799322461787 (frenet_interface.py:282)
INFO     [2025-01-12 11:44:48] --- Sampled interval of velocity: 0.00 m/s - 9.97 m/s (planner.py:310)
INFO     [2025-01-12 11:44:48] --- select trajectory 241 (reactive_planner_cpp.py:382)
INFO     [2025-01-12 11:44:48] --- current time step: 15 (frenet_interface.py:257)
INFO     [2025-01-12 11:44:48] --- current velocity: 4.260487971251839 (frenet_interface.py:258)
INFO     [2025-01-12 11:44:48] --- current target velocity: 4.9068865889062065 (frenet_interface.py:259)
INFO     [2025-01-12 11:44:50] --- Sampled interval of velocity: 0.00 m/s - 10.01 m/s (planner.py:310)
INFO     [2025-01-12 11:44:50] --- current time step: 16 (frenet_interface.py:280)
INFO     [2025-01-12 11:44:50] --- current velocity: 4.311730588329125 (frenet_interface.py:281)
INFO     [2025-01-12 11:44:50] --- current target velocity: 4.9096448941225015 (frenet_interface.py:282)
INFO     [2025-01-12 11:44:50] --- Sampled interval of velocity: 0.00 m/s - 10.06 m/s (planner.py:310)
INFO     [2025-01-12 11:44:50] --- current time step: 17 (frenet_interface.py:280)
INFO     [2025-01-12 11:44:50] --- current velocity: 4.365008940134321 (frenet_interface.py:281)
INFO     [2025-01-12 11:44:50] --- current target velocity: 4.912232609704334 (frenet_interface.py:282)
INFO     [2025-01-12 11:44:51] --- Sampled interval of velocity: 0.00 m/s - 10.12 m/s (planner.py:310)
INFO     [2025-01-12 11:44:51] --- select trajectory 221 (reactive_planner_cpp.py:382)
INFO     [2025-01-12 11:44:51] --- current time step: 18 (frenet_interface.py:257)
INFO     [2025-01-12 11:44:51] --- current velocity: 4.410156230173831 (frenet_interface.py:258)
INFO     [2025-01-12 11:44:51] --- current target velocity: 4.914692797302176 (frenet_interface.py:259)
INFO     [2025-01-12 11:44:52] --- Sampled interval of velocity: 0.00 m/s - 10.16 m/s (planner.py:310)
INFO     [2025-01-12 11:44:52] --- current time step: 19 (frenet_interface.py:280)
INFO     [2025-01-12 11:44:52] --- current velocity: 4.44203664717754 (frenet_interface.py:281)
INFO     [2025-01-12 11:44:52] --- current target velocity: 4.91710742279267 (frenet_interface.py:282)
INFO     [2025-01-12 11:44:53] --- Sampled interval of velocity: 0.00 m/s - 10.19 m/s (planner.py:310)
INFO     [2025-01-12 11:44:53] --- current time step: 20 (frenet_interface.py:280)
INFO     [2025-01-12 11:44:53] --- current velocity: 4.456249756735459 (frenet_interface.py:281)
INFO     [2025-01-12 11:44:53] --- current target velocity: 4.919596853362543 (frenet_interface.py:282)
INFO     [2025-01-12 11:44:53] --- Sampled interval of velocity: 0.00 m/s - 10.21 m/s (planner.py:310)
INFO     [2025-01-12 11:44:53] --- select trajectory 121 (reactive_planner_cpp.py:382)
INFO     [2025-01-12 11:44:53] --- current time step: 21 (frenet_interface.py:257)
INFO     [2025-01-12 11:44:53] --- current velocity: 4.4621053459851066 (frenet_interface.py:258)
INFO     [2025-01-12 11:44:53] --- current target velocity: 4.922254285323788 (frenet_interface.py:259)
INFO     [2025-01-12 11:44:55] --- Sampled interval of velocity: 0.00 m/s - 10.21 m/s (planner.py:310)
INFO     [2025-01-12 11:44:55] --- current time step: 22 (frenet_interface.py:280)
INFO     [2025-01-12 11:44:55] --- current velocity: 4.434791447807823 (frenet_interface.py:281)
INFO     [2025-01-12 11:44:55] --- current target velocity: 4.925139622056306 (frenet_interface.py:282)
INFO     [2025-01-12 11:44:55] --- Sampled interval of velocity: 0.00 m/s - 10.18 m/s (planner.py:310)
INFO     [2025-01-12 11:44:55] --- current time step: 23 (frenet_interface.py:280)
INFO     [2025-01-12 11:44:55] --- current velocity: 4.385732690685423 (frenet_interface.py:281)
INFO     [2025-01-12 11:44:55] --- current target velocity: 4.928402280653965 (frenet_interface.py:282)
INFO     [2025-01-12 11:44:56] --- Sampled interval of velocity: 0.00 m/s - 10.14 m/s (planner.py:310)
INFO     [2025-01-12 11:44:56] --- select trajectory 121 (reactive_planner_cpp.py:382)
INFO     [2025-01-12 11:44:56] --- current time step: 24 (frenet_interface.py:257)
INFO     [2025-01-12 11:44:56] --- current velocity: 4.352513855238711 (frenet_interface.py:258)
INFO     [2025-01-12 11:44:56] --- current target velocity: 4.932233455125678 (frenet_interface.py:259)
INFO     [2025-01-12 11:45:00] --- Sampled interval of velocity: 0.00 m/s - 10.10 m/s (planner.py:310)
INFO     [2025-01-12 11:45:00] --- current time step: 25 (frenet_interface.py:280)
INFO     [2025-01-12 11:45:00] --- current velocity: 4.301197618645913 (frenet_interface.py:281)
INFO     [2025-01-12 11:45:00] --- current target velocity: 4.936620177273868 (frenet_interface.py:282)
INFO     [2025-01-12 11:45:01] --- Sampled interval of velocity: 0.00 m/s - 10.05 m/s (planner.py:310)
INFO     [2025-01-12 11:45:01] --- current time step: 26 (frenet_interface.py:280)
INFO     [2025-01-12 11:45:01] --- current velocity: 4.237211093079114 (frenet_interface.py:281)
INFO     [2025-01-12 11:45:01] --- current target velocity: 4.941519170545539 (frenet_interface.py:282)
INFO     [2025-01-12 11:45:01] --- Sampled interval of velocity: 0.00 m/s - 9.99 m/s (planner.py:310)
INFO     [2025-01-12 11:45:01] --- select trajectory 711 (reactive_planner_cpp.py:382)
INFO     [2025-01-12 11:45:01] --- current time step: 27 (frenet_interface.py:257)
INFO     [2025-01-12 11:45:01] --- current velocity: 4.200897759031982 (frenet_interface.py:258)
INFO     [2025-01-12 11:45:01] --- current target velocity: 4.9470262545650066 (frenet_interface.py:259)
INFO     [2025-01-12 11:45:02] --- Sampled interval of velocity: 0.00 m/s - 9.95 m/s (planner.py:310)
INFO     [2025-01-12 11:45:02] --- current time step: 28 (frenet_interface.py:280)
INFO     [2025-01-12 11:45:02] --- current velocity: 4.1567665748760785 (frenet_interface.py:281)
INFO     [2025-01-12 11:45:02] --- current target velocity: 4.953067902226962 (frenet_interface.py:282)
INFO     [2025-01-12 11:45:03] --- Sampled interval of velocity: 0.00 m/s - 9.91 m/s (planner.py:310)
INFO     [2025-01-12 11:45:03] --- current time step: 29 (frenet_interface.py:280)
INFO     [2025-01-12 11:45:03] --- current velocity: 4.105600729212787 (frenet_interface.py:281)
INFO     [2025-01-12 11:45:03] --- current target velocity: 4.959561869346736 (frenet_interface.py:282)
INFO     [2025-01-12 11:45:04] --- Sampled interval of velocity: 0.00 m/s - 9.86 m/s (planner.py:310)
INFO     [2025-01-12 11:45:04] --- select trajectory 401 (reactive_planner_cpp.py:382)
INFO     [2025-01-12 11:45:04] --- current time step: 30 (frenet_interface.py:257)
INFO     [2025-01-12 11:45:04] --- current velocity: 4.039770070184848 (frenet_interface.py:258)
INFO     [2025-01-12 11:45:04] --- current target velocity: 4.966570177442699 (frenet_interface.py:259)
INFO     [2025-01-12 11:45:06] --- Sampled interval of velocity: 0.00 m/s - 9.79 m/s (planner.py:310)
INFO     [2025-01-12 11:45:06] --- current time step: 31 (frenet_interface.py:280)
INFO     [2025-01-12 11:45:06] --- current velocity: 3.9043545024802015 (frenet_interface.py:281)
INFO     [2025-01-12 11:45:06] --- current target velocity: 4.974140322733407 (frenet_interface.py:282)
INFO     [2025-01-12 11:45:06] --- Sampled interval of velocity: 0.00 m/s - 9.65 m/s (planner.py:310)
INFO     [2025-01-12 11:45:06] --- current time step: 32 (frenet_interface.py:280)
INFO     [2025-01-12 11:45:06] --- current velocity: 3.7122681608572097 (frenet_interface.py:281)
INFO     [2025-01-12 11:45:06] --- current target velocity: 4.982695617233082 (frenet_interface.py:282)
INFO     [2025-01-12 11:45:06] --- Sampled interval of velocity: 0.00 m/s - 9.46 m/s (planner.py:310)
INFO     [2025-01-12 11:45:07] --- select trajectory 106 (reactive_planner_cpp.py:382)
INFO     [2025-01-12 11:45:07] --- current time step: 33 (frenet_interface.py:257)
INFO     [2025-01-12 11:45:07] --- current velocity: 3.5636708990652384 (frenet_interface.py:258)
INFO     [2025-01-12 11:45:07] --- current target velocity: 4.9928004008231355 (frenet_interface.py:259)
INFO     [2025-01-12 11:45:09] --- Sampled interval of velocity: 0.00 m/s - 9.31 m/s (planner.py:310)
INFO     [2025-01-12 11:45:09] --- current time step: 34 (frenet_interface.py:280)
INFO     [2025-01-12 11:45:09] --- current velocity: 3.3467482257253462 (frenet_interface.py:281)
INFO     [2025-01-12 11:45:09] --- current target velocity: 5.0045286354719964 (frenet_interface.py:282)
INFO     [2025-01-12 11:45:09] --- Sampled interval of velocity: 0.00 m/s - 9.10 m/s (planner.py:310)
INFO     [2025-01-12 11:45:09] --- current time step: 35 (frenet_interface.py:280)
INFO     [2025-01-12 11:45:09] --- current velocity: 3.078826109770409 (frenet_interface.py:281)
INFO     [2025-01-12 11:45:09] --- current target velocity: 5.018071085506781 (frenet_interface.py:282)
INFO     [2025-01-12 11:45:09] --- Sampled interval of velocity: 0.00 m/s - 8.83 m/s (planner.py:310)
INFO     [2025-01-12 11:45:10] --- select trajectory 401 (reactive_planner_cpp.py:382)
INFO     [2025-01-12 11:45:10] --- current time step: 36 (frenet_interface.py:257)
INFO     [2025-01-12 11:45:10] --- current velocity: 2.9260737633387564 (frenet_interface.py:258)
INFO     [2025-01-12 11:45:10] --- current target velocity: 5.034008190100033 (frenet_interface.py:259)
INFO     [2025-01-12 11:45:13] --- Sampled interval of velocity: 0.00 m/s - 8.68 m/s (planner.py:310)
INFO     [2025-01-12 11:45:13] --- current time step: 37 (frenet_interface.py:280)
INFO     [2025-01-12 11:45:13] --- current velocity: 2.758388096386301 (frenet_interface.py:281)
INFO     [2025-01-12 11:45:13] --- current target velocity: 5.052126308220826 (frenet_interface.py:282)
INFO     [2025-01-12 11:45:13] --- Sampled interval of velocity: 0.00 m/s - 8.51 m/s (planner.py:310)
INFO     [2025-01-12 11:45:13] --- current time step: 38 (frenet_interface.py:280)
INFO     [2025-01-12 11:45:13] --- current velocity: 2.57993797613354 (frenet_interface.py:281)
INFO     [2025-01-12 11:45:13] --- current target velocity: 5.072018856230301 (frenet_interface.py:282)
INFO     [2025-01-12 11:45:13] --- Sampled interval of velocity: 0.00 m/s - 8.33 m/s (planner.py:310)
INFO     [2025-01-12 11:45:14] --- select trajectory 721 (reactive_planner_cpp.py:382)
INFO     [2025-01-12 11:45:14] --- current time step: 39 (frenet_interface.py:257)
INFO     [2025-01-12 11:45:14] --- current velocity: 2.496529347624886 (frenet_interface.py:258)
INFO     [2025-01-12 11:45:14] --- current target velocity: 5.093852613271951 (frenet_interface.py:259)
INFO     [2025-01-12 11:45:15] --- Sampled interval of velocity: 0.00 m/s - 8.25 m/s (planner.py:310)
INFO     [2025-01-12 11:45:15] --- current time step: 40 (frenet_interface.py:280)
INFO     [2025-01-12 11:45:15] --- current velocity: 2.4280341372695746 (frenet_interface.py:281)
INFO     [2025-01-12 11:45:15] --- current target velocity: 5.117309710265039 (frenet_interface.py:282)
INFO     [2025-01-12 11:45:16] --- Sampled interval of velocity: 0.00 m/s - 8.18 m/s (planner.py:310)
INFO     [2025-01-12 11:45:16] --- current time step: 41 (frenet_interface.py:280)
INFO     [2025-01-12 11:45:16] --- current velocity: 2.3735894030701523 (frenet_interface.py:281)
INFO     [2025-01-12 11:45:16] --- current target velocity: 5.14190601326228 (frenet_interface.py:282)
INFO     [2025-01-12 11:45:16] --- Sampled interval of velocity: 0.00 m/s - 8.12 m/s (planner.py:310)
INFO     [2025-01-12 11:45:16] --- select trajectory 581 (reactive_planner_cpp.py:382)
INFO     [2025-01-12 11:45:16] --- current time step: 42 (frenet_interface.py:257)
INFO     [2025-01-12 11:45:16] --- current velocity: 2.3515537097549646 (frenet_interface.py:258)
INFO     [2025-01-12 11:45:16] --- current target velocity: 5.1675375440126645 (frenet_interface.py:259)
INFO     [2025-01-12 11:45:18] --- Sampled interval of velocity: 0.00 m/s - 8.10 m/s (planner.py:310)
INFO     [2025-01-12 11:45:18] --- current time step: 43 (frenet_interface.py:280)
INFO     [2025-01-12 11:45:18] --- current velocity: 2.3329339858131415 (frenet_interface.py:281)
INFO     [2025-01-12 11:45:18] --- current target velocity: 5.194006488879741 (frenet_interface.py:282)
INFO     [2025-01-12 11:45:18] --- Sampled interval of velocity: 0.00 m/s - 8.08 m/s (planner.py:310)
INFO     [2025-01-12 11:45:18] --- current time step: 44 (frenet_interface.py:280)
INFO     [2025-01-12 11:45:18] --- current velocity: 2.3175280857172798 (frenet_interface.py:281)
INFO     [2025-01-12 11:45:18] --- current target velocity: 5.221173440148219 (frenet_interface.py:282)
INFO     [2025-01-12 11:45:18] --- Sampled interval of velocity: 0.00 m/s - 8.07 m/s (planner.py:310)
INFO     [2025-01-12 11:45:18] --- select trajectory 181 (reactive_planner_cpp.py:382)
INFO     [2025-01-12 11:45:18] --- current time step: 45 (frenet_interface.py:257)
INFO     [2025-01-12 11:45:18] --- current velocity: 2.3117646452923215 (frenet_interface.py:258)
INFO     [2025-01-12 11:45:18] --- current target velocity: 5.249026227693837 (frenet_interface.py:259)
INFO     [2025-01-12 11:45:20] --- Sampled interval of velocity: 0.00 m/s - 8.06 m/s (planner.py:310)
INFO     [2025-01-12 11:45:20] --- current time step: 46 (frenet_interface.py:280)
INFO     [2025-01-12 11:45:20] --- current velocity: 2.308124257041455 (frenet_interface.py:281)
INFO     [2025-01-12 11:45:20] --- current target velocity: 5.27752161213188 (frenet_interface.py:282)
INFO     [2025-01-12 11:45:20] --- Sampled interval of velocity: 0.00 m/s - 8.06 m/s (planner.py:310)
INFO     [2025-01-12 11:45:20] --- current time step: 47 (frenet_interface.py:280)
INFO     [2025-01-12 11:45:20] --- current velocity: 2.306304706791319 (frenet_interface.py:281)
INFO     [2025-01-12 11:45:20] --- current target velocity: 5.3066208253426765 (frenet_interface.py:282)
INFO     [2025-01-12 11:45:21] --- Sampled interval of velocity: 0.00 m/s - 8.06 m/s (planner.py:310)
INFO     [2025-01-12 11:45:21] --- select trajectory 231 (reactive_planner_cpp.py:382)
INFO     [2025-01-12 11:45:21] --- current time step: 48 (frenet_interface.py:257)
INFO     [2025-01-12 11:45:21] --- current velocity: 2.3183276612862063 (frenet_interface.py:258)
INFO     [2025-01-12 11:45:21] --- current target velocity: 5.336322001861682 (frenet_interface.py:259)
INFO     [2025-01-12 11:45:23] --- Sampled interval of velocity: 0.00 m/s - 8.07 m/s (planner.py:310)
INFO     [2025-01-12 11:45:23] --- current time step: 49 (frenet_interface.py:280)
INFO     [2025-01-12 11:45:23] --- current velocity: 2.353689539442502 (frenet_interface.py:281)
INFO     [2025-01-12 11:45:23] --- current target velocity: 5.366584540474846 (frenet_interface.py:282)
INFO     [2025-01-12 11:45:23] --- Sampled interval of velocity: 0.00 m/s - 8.10 m/s (planner.py:310)
INFO     [2025-01-12 11:45:23] --- current time step: 50 (frenet_interface.py:280)
INFO     [2025-01-12 11:45:23] --- current velocity: 2.4098064810664197 (frenet_interface.py:281)
INFO     [2025-01-12 11:45:23] --- current target velocity: 5.397216407172699 (frenet_interface.py:282)
INFO     [2025-01-12 11:45:24] --- Sampled interval of velocity: 0.00 m/s - 8.16 m/s (planner.py:310)
INFO     [2025-01-12 11:45:24] --- select trajectory 346 (reactive_planner_cpp.py:382)
INFO     [2025-01-12 11:45:24] --- current time step: 51 (frenet_interface.py:257)
INFO     [2025-01-12 11:45:24] --- current velocity: 2.45464246100754 (frenet_interface.py:258)
INFO     [2025-01-12 11:45:24] --- current target velocity: 5.428003970180651 (frenet_interface.py:259)
INFO     [2025-01-12 11:45:27] --- Sampled interval of velocity: 0.00 m/s - 8.20 m/s (planner.py:310)
INFO     [2025-01-12 11:45:27] --- current time step: 52 (frenet_interface.py:280)
INFO     [2025-01-12 11:45:27] --- current velocity: 2.52200475936516 (frenet_interface.py:281)
INFO     [2025-01-12 11:45:27] --- current target velocity: 5.458909205954047 (frenet_interface.py:282)
INFO     [2025-01-12 11:45:28] --- Sampled interval of velocity: 0.00 m/s - 8.27 m/s (planner.py:310)
INFO     [2025-01-12 11:45:28] --- current time step: 53 (frenet_interface.py:280)
INFO     [2025-01-12 11:45:28] --- current velocity: 2.6096142432843754 (frenet_interface.py:281)
INFO     [2025-01-12 11:45:28] --- current target velocity: 5.4898717170949265 (frenet_interface.py:282)
INFO     [2025-01-12 11:45:28] --- Sampled interval of velocity: 0.00 m/s - 8.36 m/s (planner.py:310)
INFO     [2025-01-12 11:45:28] --- select trajectory 341 (reactive_planner_cpp.py:382)
INFO     [2025-01-12 11:45:28] --- current time step: 54 (frenet_interface.py:257)
INFO     [2025-01-12 11:45:28] --- current velocity: 2.6683789986774604 (frenet_interface.py:258)
INFO     [2025-01-12 11:45:28] --- current target velocity: 5.520668220690525 (frenet_interface.py:259)
INFO     [2025-01-12 11:45:30] --- Sampled interval of velocity: 0.00 m/s - 8.42 m/s (planner.py:310)
INFO     [2025-01-12 11:45:30] --- current time step: 55 (frenet_interface.py:280)
INFO     [2025-01-12 11:45:30] --- current velocity: 2.7463479687239603 (frenet_interface.py:281)
INFO     [2025-01-12 11:45:30] --- current target velocity: 5.5513422385163755 (frenet_interface.py:282)
INFO     [2025-01-12 11:45:30] --- Sampled interval of velocity: 0.00 m/s - 8.50 m/s (planner.py:310)
INFO     [2025-01-12 11:45:30] --- current time step: 56 (frenet_interface.py:280)
INFO     [2025-01-12 11:45:30] --- current velocity: 2.8414923168551622 (frenet_interface.py:281)
INFO     [2025-01-12 11:45:30] --- current target velocity: 5.581938899971397 (frenet_interface.py:282)
INFO     [2025-01-12 11:45:31] --- Sampled interval of velocity: 0.00 m/s - 8.59 m/s (planner.py:310)
INFO     [2025-01-12 11:45:31] --- select trajectory 431 (reactive_planner_cpp.py:382)
INFO     [2025-01-12 11:45:31] --- current time step: 57 (frenet_interface.py:257)
INFO     [2025-01-12 11:45:31] --- current velocity: 2.9071292002104387 (frenet_interface.py:258)
INFO     [2025-01-12 11:45:31] --- current target velocity: 5.612257992161512 (frenet_interface.py:259)
INFO     [2025-01-12 11:45:33] --- Sampled interval of velocity: 0.00 m/s - 8.66 m/s (planner.py:310)
INFO     [2025-01-12 11:45:33] --- current time step: 58 (frenet_interface.py:280)
INFO     [2025-01-12 11:45:33] --- current velocity: 2.9977938838150986 (frenet_interface.py:281)
INFO     [2025-01-12 11:45:33] --- current target velocity: 5.642370325724192 (frenet_interface.py:282)
INFO     [2025-01-12 11:45:34] --- Sampled interval of velocity: 0.00 m/s - 8.75 m/s (planner.py:310)
INFO     [2025-01-12 11:45:34] --- current time step: 59 (frenet_interface.py:280)
INFO     [2025-01-12 11:45:34] --- current velocity: 3.1087039563561296 (frenet_interface.py:281)
INFO     [2025-01-12 11:45:34] --- current target velocity: 5.672279066439254 (frenet_interface.py:282)
INFO     [2025-01-12 11:45:34] --- Sampled interval of velocity: 0.00 m/s - 8.86 m/s (planner.py:310)
INFO     [2025-01-12 11:45:35] --- select trajectory 631 (reactive_planner_cpp.py:382)
INFO     [2025-01-12 11:45:35] --- current time step: 60 (frenet_interface.py:257)
INFO     [2025-01-12 11:45:35] --- current velocity: 3.1689821596454233 (frenet_interface.py:258)
INFO     [2025-01-12 11:45:35] --- current target velocity: 5.701723038152691 (frenet_interface.py:259)
INFO     [2025-01-12 11:45:37] --- Sampled interval of velocity: 0.00 m/s - 8.92 m/s (planner.py:310)
INFO     [2025-01-12 11:45:37] --- current time step: 61 (frenet_interface.py:280)
INFO     [2025-01-12 11:45:37] --- current velocity: 3.230223015830914 (frenet_interface.py:281)
INFO     [2025-01-12 11:45:37] --- current target velocity: 5.730847715705933 (frenet_interface.py:282)
INFO     [2025-01-12 11:45:37] --- Sampled interval of velocity: 0.00 m/s - 8.98 m/s (planner.py:310)
INFO     [2025-01-12 11:45:37] --- current time step: 62 (frenet_interface.py:280)
INFO     [2025-01-12 11:45:37] --- current velocity: 3.292204199690637 (frenet_interface.py:281)
INFO     [2025-01-12 11:45:37] --- current target velocity: 5.759943381818276 (frenet_interface.py:282)
INFO     [2025-01-12 11:45:38] --- Sampled interval of velocity: 0.00 m/s - 9.04 m/s (planner.py:310)
INFO     [2025-01-12 11:45:38] --- select trajectory 771 (reactive_planner_cpp.py:382)
INFO     [2025-01-12 11:45:38] --- current time step: 63 (frenet_interface.py:257)
INFO     [2025-01-12 11:45:38] --- current velocity: 3.321301366628719 (frenet_interface.py:258)
INFO     [2025-01-12 11:45:38] --- current target velocity: 5.788999106170579 (frenet_interface.py:259)
INFO     [2025-01-12 11:45:40] --- Sampled interval of velocity: 0.00 m/s - 9.07 m/s (planner.py:310)
INFO     [2025-01-12 11:45:40] --- current time step: 64 (frenet_interface.py:280)
INFO     [2025-01-12 11:45:40] --- current velocity: 3.346451812844628 (frenet_interface.py:281)
INFO     [2025-01-12 11:45:40] --- current target velocity: 5.818198180634748 (frenet_interface.py:282)
INFO     [2025-01-12 11:45:40] --- Sampled interval of velocity: 0.00 m/s - 9.10 m/s (planner.py:310)
INFO     [2025-01-12 11:45:40] --- current time step: 65 (frenet_interface.py:280)
INFO     [2025-01-12 11:45:40] --- current velocity: 3.367865705839164 (frenet_interface.py:281)
INFO     [2025-01-12 11:45:40] --- current target velocity: 5.847769775098707 (frenet_interface.py:282)
INFO     [2025-01-12 11:45:40] --- Sampled interval of velocity: 0.00 m/s - 9.12 m/s (planner.py:310)
INFO     [2025-01-12 11:45:41] --- select trajectory 471 (reactive_planner_cpp.py:382)
INFO     [2025-01-12 11:45:41] --- current time step: 66 (frenet_interface.py:257)
INFO     [2025-01-12 11:45:41] --- current velocity: 3.376321242503164 (frenet_interface.py:258)
INFO     [2025-01-12 11:45:41] --- current target velocity: 5.877773621938997 (frenet_interface.py:259)
INFO     [2025-01-12 11:45:43] --- Sampled interval of velocity: 0.00 m/s - 9.13 m/s (planner.py:310)
INFO     [2025-01-12 11:45:43] --- current time step: 67 (frenet_interface.py:280)
INFO     [2025-01-12 11:45:43] --- current velocity: 3.382274144163688 (frenet_interface.py:281)
INFO     [2025-01-12 11:45:43] --- current target velocity: 5.908328117851278 (frenet_interface.py:282)
INFO     [2025-01-12 11:45:44] --- Sampled interval of velocity: 0.00 m/s - 9.13 m/s (planner.py:310)
INFO     [2025-01-12 11:45:44] --- current time step: 68 (frenet_interface.py:280)
INFO     [2025-01-12 11:45:44] --- current velocity: 3.386025475909989 (frenet_interface.py:281)
INFO     [2025-01-12 11:45:44] --- current target velocity: 5.939548391866467 (frenet_interface.py:282)
INFO     [2025-01-12 11:45:45] --- Sampled interval of velocity: 0.00 m/s - 9.14 m/s (planner.py:310)
INFO     [2025-01-12 11:45:45] --- select trajectory 711 (reactive_planner_cpp.py:382)
INFO     [2025-01-12 11:45:45] --- current time step: 69 (frenet_interface.py:257)
INFO     [2025-01-12 11:45:45] --- current velocity: 3.3837208812887716 (frenet_interface.py:258)
INFO     [2025-01-12 11:45:45] --- current target velocity: 5.9714888100865915 (frenet_interface.py:259)
INFO     [2025-01-12 11:45:47] --- Sampled interval of velocity: 0.00 m/s - 9.13 m/s (planner.py:310)
INFO     [2025-01-12 11:45:47] --- current time step: 70 (frenet_interface.py:280)
INFO     [2025-01-12 11:45:47] --- current velocity: 3.3743899805363635 (frenet_interface.py:281)
INFO     [2025-01-12 11:45:47] --- current target velocity: 6.004223160117186 (frenet_interface.py:282)
INFO     [2025-01-12 11:45:47] --- Sampled interval of velocity: 0.00 m/s - 9.12 m/s (planner.py:310)
INFO     [2025-01-12 11:45:47] --- current time step: 71 (frenet_interface.py:280)
INFO     [2025-01-12 11:45:47] --- current velocity: 3.358531294753062 (frenet_interface.py:281)
INFO     [2025-01-12 11:45:47] --- current target velocity: 6.037871958083771 (frenet_interface.py:282)
INFO     [2025-01-12 11:45:48] --- Sampled interval of velocity: 0.00 m/s - 9.11 m/s (planner.py:310)
INFO     [2025-01-12 11:45:48] --- select trajectory 501 (reactive_planner_cpp.py:382)
INFO     [2025-01-12 11:45:48] --- current time step: 72 (frenet_interface.py:257)
INFO     [2025-01-12 11:45:48] --- current velocity: 3.3401726922242907 (frenet_interface.py:258)
INFO     [2025-01-12 11:45:48] --- current target velocity: 6.0725588488309015 (frenet_interface.py:259)
INFO     [2025-01-12 11:45:52] --- Sampled interval of velocity: 0.00 m/s - 9.09 m/s (planner.py:310)
INFO     [2025-01-12 11:45:52] --- current time step: 73 (frenet_interface.py:280)
INFO     [2025-01-12 11:45:52] --- current velocity: 3.305007268256047 (frenet_interface.py:281)
INFO     [2025-01-12 11:45:52] --- current target velocity: 6.108371331375273 (frenet_interface.py:282)
INFO     [2025-01-12 11:45:52] --- Sampled interval of velocity: 0.00 m/s - 9.06 m/s (planner.py:310)
INFO     [2025-01-12 11:45:52] --- current time step: 74 (frenet_interface.py:280)
INFO     [2025-01-12 11:45:52] --- current velocity: 3.2544657958776253 (frenet_interface.py:281)
INFO     [2025-01-12 11:45:52] --- current target velocity: 6.145497227787598 (frenet_interface.py:282)
INFO     [2025-01-12 11:45:53] --- Sampled interval of velocity: 0.00 m/s - 9.00 m/s (planner.py:310)
INFO     [2025-01-12 11:45:53] --- select trajectory 101 (reactive_planner_cpp.py:382)
INFO     [2025-01-12 11:45:53] --- current time step: 75 (frenet_interface.py:257)
INFO     [2025-01-12 11:45:53] --- current velocity: 3.181037456671329 (frenet_interface.py:258)
INFO     [2025-01-12 11:45:53] --- current target velocity: 6.184207236902008 (frenet_interface.py:259)
INFO     [2025-01-12 11:45:56] --- Sampled interval of velocity: 0.00 m/s - 8.93 m/s (planner.py:310)
INFO     [2025-01-12 11:45:56] --- current time step: 76 (frenet_interface.py:280)
INFO     [2025-01-12 11:45:56] --- current velocity: 3.0303409426877055 (frenet_interface.py:281)
INFO     [2025-01-12 11:45:56] --- current target velocity: 6.224745296255627 (frenet_interface.py:282)
INFO     [2025-01-12 11:45:57] --- Sampled interval of velocity: 0.00 m/s - 8.78 m/s (planner.py:310)
INFO     [2025-01-12 11:45:57] --- current time step: 77 (frenet_interface.py:280)
INFO     [2025-01-12 11:45:57] --- current velocity: 2.820130743794545 (frenet_interface.py:281)
INFO     [2025-01-12 11:45:57] --- current target velocity: 6.267986377312735 (frenet_interface.py:282)
INFO     [2025-01-12 11:45:58] --- Sampled interval of velocity: 0.00 m/s - 8.57 m/s (planner.py:310)
INFO     [2025-01-12 11:45:58] --- select trajectory 391 (reactive_planner_cpp.py:382)
INFO     [2025-01-12 11:45:58] --- current time step: 78 (frenet_interface.py:257)
INFO     [2025-01-12 11:45:58] --- current velocity: 2.6975369590526532 (frenet_interface.py:258)
INFO     [2025-01-12 11:45:58] --- current target velocity: 6.315007943093215 (frenet_interface.py:259)
INFO     [2025-01-12 11:45:59] --- Sampled interval of velocity: 0.00 m/s - 8.45 m/s (planner.py:310)
INFO     [2025-01-12 11:45:59] --- current time step: 79 (frenet_interface.py:280)
INFO     [2025-01-12 11:45:59] --- current velocity: 2.5647733794854255 (frenet_interface.py:281)
INFO     [2025-01-12 11:45:59] --- current target velocity: 6.365797458295327 (frenet_interface.py:282)
INFO     [2025-01-12 11:45:59] --- Sampled interval of velocity: 0.00 m/s - 8.31 m/s (planner.py:310)
INFO     [2025-01-12 11:45:59] --- current time step: 80 (frenet_interface.py:280)
INFO     [2025-01-12 11:45:59] --- current velocity: 2.423293159036572 (frenet_interface.py:281)
INFO     [2025-01-12 11:45:59] --- current target velocity: 6.419911301457303 (frenet_interface.py:282)
INFO     [2025-01-12 11:45:59] --- Sampled interval of velocity: 0.00 m/s - 8.17 m/s (planner.py:310)
INFO     [2025-01-12 11:46:00] --- select trajectory 191 (reactive_planner_cpp.py:382)
INFO     [2025-01-12 11:46:00] --- current time step: 81 (frenet_interface.py:257)
INFO     [2025-01-12 11:46:00] --- current velocity: 2.30681237769971 (frenet_interface.py:258)
INFO     [2025-01-12 11:46:00] --- current target velocity: 6.477635005771352 (frenet_interface.py:259)
INFO     [2025-01-12 11:46:03] --- Sampled interval of velocity: 0.00 m/s - 8.06 m/s (planner.py:310)
INFO     [2025-01-12 11:46:03] --- current time step: 82 (frenet_interface.py:280)
INFO     [2025-01-12 11:46:03] --- current velocity: 2.114881016615631 (frenet_interface.py:281)
INFO     [2025-01-12 11:46:03] --- current target velocity: 6.538911640519903 (frenet_interface.py:282)
INFO     [2025-01-12 11:46:04] --- Sampled interval of velocity: 0.00 m/s - 7.86 m/s (planner.py:310)
INFO     [2025-01-12 11:46:04] --- current time step: 83 (frenet_interface.py:280)
INFO     [2025-01-12 11:46:04] --- current velocity: 1.8657341177359668 (frenet_interface.py:281)
INFO     [2025-01-12 11:46:04] --- current target velocity: 6.604404622631961 (frenet_interface.py:282)
INFO     [2025-01-12 11:46:04] --- Sampled interval of velocity: 0.00 m/s - 7.62 m/s (planner.py:310)
INFO     [2025-01-12 11:46:04] --- select trajectory 191 (reactive_planner_cpp.py:382)
INFO     [2025-01-12 11:46:04] --- current time step: 84 (frenet_interface.py:257)
INFO     [2025-01-12 11:46:04] --- current velocity: 1.7100405854303622 (frenet_interface.py:258)
INFO     [2025-01-12 11:46:04] --- current target velocity: 6.675329062742103 (frenet_interface.py:259)
INFO     [2025-01-12 11:46:06] --- Sampled interval of velocity: 0.00 m/s - 7.46 m/s (planner.py:310)
INFO     [2025-01-12 11:46:06] --- current time step: 85 (frenet_interface.py:280)
INFO     [2025-01-12 11:46:06] --- current velocity: 1.5213521749446797 (frenet_interface.py:281)
INFO     [2025-01-12 11:46:06] --- current target velocity: 6.710040585430362 (frenet_interface.py:282)
INFO     [2025-01-12 11:46:06] --- Sampled interval of velocity: 0.00 m/s - 7.27 m/s (planner.py:310)
INFO     [2025-01-12 11:46:06] --- current time step: 86 (frenet_interface.py:280)
INFO     [2025-01-12 11:46:06] --- current velocity: 1.3097458171616676 (frenet_interface.py:281)
INFO     [2025-01-12 11:46:06] --- current target velocity: 6.5213521749446794 (frenet_interface.py:282)
INFO     [2025-01-12 11:46:07] --- Sampled interval of velocity: 0.00 m/s - 7.06 m/s (planner.py:310)
INFO     [2025-01-12 11:46:07] --- select trajectory 191 (reactive_planner_cpp.py:382)
INFO     [2025-01-12 11:46:07] --- current time step: 87 (frenet_interface.py:257)
INFO     [2025-01-12 11:46:07] --- current velocity: 1.1884762925762844 (frenet_interface.py:258)
INFO     [2025-01-12 11:46:07] --- current target velocity: 6.309745817161668 (frenet_interface.py:259)
INFO     [2025-01-12 11:46:09] --- Sampled interval of velocity: 0.00 m/s - 6.94 m/s (planner.py:310)
INFO     [2025-01-12 11:46:09] --- current time step: 88 (frenet_interface.py:280)
INFO     [2025-01-12 11:46:09] --- current velocity: 1.0486090313781282 (frenet_interface.py:281)
INFO     [2025-01-12 11:46:09] --- current target velocity: 6.188476292576285 (frenet_interface.py:282)
INFO     [2025-01-12 11:46:09] --- Sampled interval of velocity: 0.00 m/s - 6.80 m/s (planner.py:310)
INFO     [2025-01-12 11:46:09] --- current time step: 89 (frenet_interface.py:280)
INFO     [2025-01-12 11:46:09] --- current velocity: 0.896496127507374 (frenet_interface.py:281)
INFO     [2025-01-12 11:46:09] --- current target velocity: 6.048609031378128 (frenet_interface.py:282)
INFO     [2025-01-12 11:46:10] --- Sampled interval of velocity: 0.00 m/s - 6.65 m/s (planner.py:310)
INFO     [2025-01-12 11:46:10] --- select trajectory 670 (reactive_planner_cpp.py:382)
INFO     [2025-01-12 11:46:10] --- current time step: 90 (frenet_interface.py:257)
INFO     [2025-01-12 11:46:10] --- current velocity: 0.843767298719757 (frenet_interface.py:258)
INFO     [2025-01-12 11:46:10] --- current target velocity: 5.896496127507374 (frenet_interface.py:259)
INFO     [2025-01-12 11:46:12] --- Sampled interval of velocity: 0.00 m/s - 6.59 m/s (planner.py:310)
INFO     [2025-01-12 11:46:12] --- current time step: 91 (frenet_interface.py:280)
INFO     [2025-01-12 11:46:12] --- current velocity: 0.8394419087092253 (frenet_interface.py:281)
INFO     [2025-01-12 11:46:12] --- current target velocity: 5.843767298719757 (frenet_interface.py:282)
INFO     [2025-01-12 11:46:12] --- Sampled interval of velocity: 0.00 m/s - 6.59 m/s (planner.py:310)
INFO     [2025-01-12 11:46:12] --- current time step: 92 (frenet_interface.py:280)
INFO     [2025-01-12 11:46:12] --- current velocity: 0.8801342191648323 (frenet_interface.py:281)
INFO     [2025-01-12 11:46:12] --- current target velocity: 5.839441908709225 (frenet_interface.py:282)
