CRITICAL [2025-01-12 11:25:58] --- Start Planner Vehicle ID: 3339 (frenet_interface.py:67)
INFO     [2025-01-12 11:25:59] --- Sampled interval of velocity: 0.00 m/s - 21.04 m/s (planner.py:310)
INFO     [2025-01-12 11:25:59] --- select trajectory 61 (reactive_planner_cpp.py:382)
INFO     [2025-01-12 11:25:59] --- current time step: 0 (frenet_interface.py:257)
INFO     [2025-01-12 11:25:59] --- current velocity: 15.291500000156246 (frenet_interface.py:258)
INFO     [2025-01-12 11:25:59] --- current target velocity: 15.2915 (frenet_interface.py:259)
INFO     [2025-01-12 11:26:01] --- Sampled interval of velocity: 0.00 m/s - 21.04 m/s (planner.py:310)
INFO     [2025-01-12 11:26:01] --- current time step: 1 (frenet_interface.py:280)
INFO     [2025-01-12 11:26:01] --- current velocity: 15.291500000500625 (frenet_interface.py:281)
INFO     [2025-01-12 11:26:01] --- current target velocity: 15.291500000156246 (frenet_interface.py:282)
INFO     [2025-01-12 11:26:02] --- Sampled interval of velocity: 0.00 m/s - 21.04 m/s (planner.py:310)
INFO     [2025-01-12 11:26:02] --- current time step: 2 (frenet_interface.py:280)
INFO     [2025-01-12 11:26:02] --- current velocity: 15.291500000864456 (frenet_interface.py:281)
INFO     [2025-01-12 11:26:02] --- current target velocity: 15.291500000500625 (frenet_interface.py:282)
INFO     [2025-01-12 11:26:03] --- Sampled interval of velocity: 0.00 m/s - 21.04 m/s (planner.py:310)
INFO     [2025-01-12 11:26:03] --- select trajectory 760 (reactive_planner_cpp.py:382)
INFO     [2025-01-12 11:26:03] --- current time step: 3 (frenet_interface.py:257)
INFO     [2025-01-12 11:26:03] --- current velocity: 15.291502252810599 (frenet_interface.py:258)
INFO     [2025-01-12 11:26:03] --- current target velocity: 15.291500000864456 (frenet_interface.py:259)
INFO     [2025-01-12 11:26:06] --- Sampled interval of velocity: 0.00 m/s - 21.04 m/s (planner.py:310)
INFO     [2025-01-12 11:26:06] --- current time step: 4 (frenet_interface.py:280)
INFO     [2025-01-12 11:26:06] --- current velocity: 15.291528551027527 (frenet_interface.py:281)
INFO     [2025-01-12 11:26:06] --- current target velocity: 15.291502252810599 (frenet_interface.py:282)
INFO     [2025-01-12 11:26:07] --- Sampled interval of velocity: 0.00 m/s - 21.04 m/s (planner.py:310)
INFO     [2025-01-12 11:26:07] --- current time step: 5 (frenet_interface.py:280)
INFO     [2025-01-12 11:26:07] --- current velocity: 15.29162264366428 (frenet_interface.py:281)
INFO     [2025-01-12 11:26:07] --- current target velocity: 15.291528551027527 (frenet_interface.py:282)
INFO     [2025-01-12 11:26:08] --- Sampled interval of velocity: 0.00 m/s - 21.04 m/s (planner.py:310)
INFO     [2025-01-12 11:26:08] --- select trajectory 760 (reactive_planner_cpp.py:382)
INFO     [2025-01-12 11:26:08] --- current time step: 6 (frenet_interface.py:257)
INFO     [2025-01-12 11:26:08] --- current velocity: 15.291726462591015 (frenet_interface.py:258)
INFO     [2025-01-12 11:26:08] --- current target velocity: 15.29162264366428 (frenet_interface.py:259)
INFO     [2025-01-12 11:26:11] --- Sampled interval of velocity: 0.00 m/s - 21.04 m/s (planner.py:310)
INFO     [2025-01-12 11:26:11] --- current time step: 7 (frenet_interface.py:280)
INFO     [2025-01-12 11:26:11] --- current velocity: 15.291908863878865 (frenet_interface.py:281)
INFO     [2025-01-12 11:26:11] --- current target velocity: 15.291726462591015 (frenet_interface.py:282)
INFO     [2025-01-12 11:26:11] --- Sampled interval of velocity: 0.00 m/s - 21.04 m/s (planner.py:310)
INFO     [2025-01-12 11:26:11] --- current time step: 8 (frenet_interface.py:280)
INFO     [2025-01-12 11:26:11] --- current velocity: 15.292188650081034 (frenet_interface.py:281)
INFO     [2025-01-12 11:26:11] --- current target velocity: 15.291908863878865 (frenet_interface.py:282)
INFO     [2025-01-12 11:26:12] --- Sampled interval of velocity: 0.00 m/s - 21.04 m/s (planner.py:310)
INFO     [2025-01-12 11:26:12] --- select trajectory 740 (reactive_planner_cpp.py:382)
INFO     [2025-01-12 11:26:12] --- current time step: 9 (frenet_interface.py:257)
INFO     [2025-01-12 11:26:12] --- current velocity: 15.285414612916336 (frenet_interface.py:258)
INFO     [2025-01-12 11:26:12] --- current target velocity: 15.292188650081034 (frenet_interface.py:259)
INFO     [2025-01-12 11:26:15] --- Sampled interval of velocity: 0.00 m/s - 21.04 m/s (planner.py:310)
INFO     [2025-01-12 11:26:15] --- current time step: 10 (frenet_interface.py:280)
INFO     [2025-01-12 11:26:15] --- current velocity: 15.265394917736101 (frenet_interface.py:281)
INFO     [2025-01-12 11:26:15] --- current target velocity: 15.285414612916336 (frenet_interface.py:282)
INFO     [2025-01-12 11:26:16] --- Sampled interval of velocity: 0.00 m/s - 21.02 m/s (planner.py:310)
INFO     [2025-01-12 11:26:16] --- current time step: 11 (frenet_interface.py:280)
INFO     [2025-01-12 11:26:16] --- current velocity: 15.23307911263248 (frenet_interface.py:281)
INFO     [2025-01-12 11:26:16] --- current target velocity: 15.265394917736101 (frenet_interface.py:282)
INFO     [2025-01-12 11:26:17] --- Sampled interval of velocity: 0.00 m/s - 20.98 m/s (planner.py:310)
INFO     [2025-01-12 11:26:17] --- select trajectory 631 (reactive_planner_cpp.py:382)
INFO     [2025-01-12 11:26:17] --- current time step: 12 (frenet_interface.py:257)
INFO     [2025-01-12 11:26:17] --- current velocity: 15.198693434389854 (frenet_interface.py:258)
INFO     [2025-01-12 11:26:17] --- current target velocity: 15.23307911263248 (frenet_interface.py:259)
INFO     [2025-01-12 11:26:20] --- Sampled interval of velocity: 0.00 m/s - 20.95 m/s (planner.py:310)
INFO     [2025-01-12 11:26:20] --- current time step: 13 (frenet_interface.py:280)
INFO     [2025-01-12 11:26:20] --- current velocity: 15.135166679176336 (frenet_interface.py:281)
INFO     [2025-01-12 11:26:20] --- current target velocity: 15.198693434389854 (frenet_interface.py:282)
INFO     [2025-01-12 11:26:20] --- Sampled interval of velocity: 0.00 m/s - 20.89 m/s (planner.py:310)
INFO     [2025-01-12 11:26:20] --- current time step: 14 (frenet_interface.py:280)
INFO     [2025-01-12 11:26:20] --- current velocity: 15.044739519923542 (frenet_interface.py:281)
INFO     [2025-01-12 11:26:20] --- current target velocity: 15.135166679176336 (frenet_interface.py:282)
INFO     [2025-01-12 11:26:21] --- Sampled interval of velocity: 0.00 m/s - 20.79 m/s (planner.py:310)
INFO     [2025-01-12 11:26:21] --- select trajectory 526 (reactive_planner_cpp.py:382)
INFO     [2025-01-12 11:26:21] --- current time step: 15 (frenet_interface.py:257)
INFO     [2025-01-12 11:26:21] --- current velocity: 14.96569713217716 (frenet_interface.py:258)
INFO     [2025-01-12 11:26:21] --- current target velocity: 15.044739519923542 (frenet_interface.py:259)
INFO     [2025-01-12 11:26:24] --- Sampled interval of velocity: 0.00 m/s - 20.72 m/s (planner.py:310)
INFO     [2025-01-12 11:26:24] --- current time step: 16 (frenet_interface.py:280)
INFO     [2025-01-12 11:26:24] --- current velocity: 14.834711133722585 (frenet_interface.py:281)
INFO     [2025-01-12 11:26:24] --- current target velocity: 14.96569713217716 (frenet_interface.py:282)
INFO     [2025-01-12 11:26:24] --- Sampled interval of velocity: 0.00 m/s - 20.58 m/s (planner.py:310)
INFO     [2025-01-12 11:26:24] --- current time step: 17 (frenet_interface.py:280)
INFO     [2025-01-12 11:26:24] --- current velocity: 14.656300823530465 (frenet_interface.py:281)
INFO     [2025-01-12 11:26:24] --- current target velocity: 14.834711133722585 (frenet_interface.py:282)
INFO     [2025-01-12 11:26:25] --- Sampled interval of velocity: 0.00 m/s - 20.41 m/s (planner.py:310)
INFO     [2025-01-12 11:26:25] --- select trajectory 421 (reactive_planner_cpp.py:382)
INFO     [2025-01-12 11:26:25] --- current time step: 18 (frenet_interface.py:257)
INFO     [2025-01-12 11:26:25] --- current velocity: 14.467512831080196 (frenet_interface.py:258)
INFO     [2025-01-12 11:26:25] --- current target velocity: 14.656300823530465 (frenet_interface.py:259)
INFO     [2025-01-12 11:26:27] --- Sampled interval of velocity: 0.00 m/s - 20.22 m/s (planner.py:310)
INFO     [2025-01-12 11:26:27] --- current time step: 19 (frenet_interface.py:280)
INFO     [2025-01-12 11:26:27] --- current velocity: 14.120529421804154 (frenet_interface.py:281)
INFO     [2025-01-12 11:26:27] --- current target velocity: 14.467512831080196 (frenet_interface.py:282)
INFO     [2025-01-12 11:26:28] --- Sampled interval of velocity: 0.00 m/s - 19.87 m/s (planner.py:310)
INFO     [2025-01-12 11:26:28] --- current time step: 20 (frenet_interface.py:280)
INFO     [2025-01-12 11:26:28] --- current velocity: 13.643410931691346 (frenet_interface.py:281)
INFO     [2025-01-12 11:26:28] --- current target velocity: 14.120529421804154 (frenet_interface.py:282)
INFO     [2025-01-12 11:26:29] --- Sampled interval of velocity: 0.00 m/s - 19.39 m/s (planner.py:310)
INFO     [2025-01-12 11:26:29] --- select trajectory 526 (reactive_planner_cpp.py:382)
INFO     [2025-01-12 11:26:29] --- current time step: 21 (frenet_interface.py:257)
INFO     [2025-01-12 11:26:29] --- current velocity: 13.369544747675556 (frenet_interface.py:258)
INFO     [2025-01-12 11:26:29] --- current target velocity: 13.643410931691346 (frenet_interface.py:259)
INFO     [2025-01-12 11:26:31] --- Sampled interval of velocity: 0.00 m/s - 19.12 m/s (planner.py:310)
INFO     [2025-01-12 11:26:31] --- current time step: 22 (frenet_interface.py:280)
INFO     [2025-01-12 11:26:31] --- current velocity: 13.082094752463135 (frenet_interface.py:281)
INFO     [2025-01-12 11:26:31] --- current target velocity: 13.369544747675556 (frenet_interface.py:282)
INFO     [2025-01-12 11:26:32] --- Sampled interval of velocity: 0.00 m/s - 18.83 m/s (planner.py:310)
INFO     [2025-01-12 11:26:32] --- current time step: 23 (frenet_interface.py:280)
INFO     [2025-01-12 11:26:32] --- current velocity: 12.782985672376066 (frenet_interface.py:281)
INFO     [2025-01-12 11:26:32] --- current target velocity: 13.082094752463135 (frenet_interface.py:282)
INFO     [2025-01-12 11:26:33] --- Sampled interval of velocity: 0.00 m/s - 18.53 m/s (planner.py:310)
INFO     [2025-01-12 11:26:33] --- select trajectory 11 (reactive_planner_cpp.py:382)
INFO     [2025-01-12 11:26:33] --- current time step: 24 (frenet_interface.py:257)
INFO     [2025-01-12 11:26:33] --- current velocity: 12.56698040633287 (frenet_interface.py:258)
INFO     [2025-01-12 11:26:33] --- current target velocity: 12.782985672376066 (frenet_interface.py:259)
INFO     [2025-01-12 11:26:35] --- Sampled interval of velocity: 0.00 m/s - 18.32 m/s (planner.py:310)
INFO     [2025-01-12 11:26:35] --- current time step: 25 (frenet_interface.py:280)
INFO     [2025-01-12 11:26:35] --- current velocity: 12.23439591983317 (frenet_interface.py:281)
INFO     [2025-01-12 11:26:35] --- current target velocity: 12.56698040633287 (frenet_interface.py:282)
INFO     [2025-01-12 11:26:36] --- Sampled interval of velocity: 0.00 m/s - 17.98 m/s (planner.py:310)
INFO     [2025-01-12 11:26:36] --- current time step: 26 (frenet_interface.py:280)
INFO     [2025-01-12 11:26:36] --- current velocity: 11.801957819878936 (frenet_interface.py:281)
INFO     [2025-01-12 11:26:36] --- current target velocity: 12.23439591983317 (frenet_interface.py:282)
INFO     [2025-01-12 11:26:36] --- Sampled interval of velocity: 0.00 m/s - 17.55 m/s (planner.py:310)
INFO     [2025-01-12 11:26:36] --- select trajectory 111 (reactive_planner_cpp.py:382)
INFO     [2025-01-12 11:26:36] --- current time step: 27 (frenet_interface.py:257)
INFO     [2025-01-12 11:26:36] --- current velocity: 11.432411324065011 (frenet_interface.py:258)
INFO     [2025-01-12 11:26:36] --- current target velocity: 11.801957819878936 (frenet_interface.py:259)
INFO     [2025-01-12 11:26:38] --- Sampled interval of velocity: 0.00 m/s - 17.18 m/s (planner.py:310)
INFO     [2025-01-12 11:26:38] --- current time step: 28 (frenet_interface.py:280)
INFO     [2025-01-12 11:26:38] --- current velocity: 10.837166646987011 (frenet_interface.py:281)
INFO     [2025-01-12 11:26:38] --- current target velocity: 11.432411324065011 (frenet_interface.py:282)
INFO     [2025-01-12 11:26:40] --- Sampled interval of velocity: 0.00 m/s - 16.59 m/s (planner.py:310)
INFO     [2025-01-12 11:26:40] --- current time step: 29 (frenet_interface.py:280)
INFO     [2025-01-12 11:26:40] --- current velocity: 10.071125092685703 (frenet_interface.py:281)
INFO     [2025-01-12 11:26:40] --- current target velocity: 10.837166646987011 (frenet_interface.py:282)
INFO     [2025-01-12 11:26:40] --- Sampled interval of velocity: 0.00 m/s - 15.82 m/s (planner.py:310)
INFO     [2025-01-12 11:26:40] --- select trajectory 101 (reactive_planner_cpp.py:382)
INFO     [2025-01-12 11:26:40] --- current time step: 30 (frenet_interface.py:257)
INFO     [2025-01-12 11:26:40] --- current velocity: 9.538302337858338 (frenet_interface.py:258)
INFO     [2025-01-12 11:26:40] --- current target velocity: 10.071125092685703 (frenet_interface.py:259)
INFO     [2025-01-12 11:26:42] --- Sampled interval of velocity: 0.00 m/s - 15.29 m/s (planner.py:310)
INFO     [2025-01-12 11:26:42] --- current time step: 31 (frenet_interface.py:280)
INFO     [2025-01-12 11:26:42] --- current velocity: 8.807888544063038 (frenet_interface.py:281)
INFO     [2025-01-12 11:26:42] --- current target velocity: 9.538302337858338 (frenet_interface.py:282)
INFO     [2025-01-12 11:26:43] --- Sampled interval of velocity: 0.00 m/s - 14.56 m/s (planner.py:310)
INFO     [2025-01-12 11:26:43] --- current time step: 32 (frenet_interface.py:280)
INFO     [2025-01-12 11:26:43] --- current velocity: 7.932254033128456 (frenet_interface.py:281)
INFO     [2025-01-12 11:26:43] --- current target velocity: 8.807888544063038 (frenet_interface.py:282)
INFO     [2025-01-12 11:26:43] --- Sampled interval of velocity: 0.00 m/s - 13.68 m/s (planner.py:310)
INFO     [2025-01-12 11:26:44] --- select trajectory 101 (reactive_planner_cpp.py:382)
INFO     [2025-01-12 11:26:44] --- current time step: 33 (frenet_interface.py:257)
INFO     [2025-01-12 11:26:44] --- current velocity: 7.402649709793814 (frenet_interface.py:258)
INFO     [2025-01-12 11:26:44] --- current target velocity: 7.932254033128456 (frenet_interface.py:259)
INFO     [2025-01-12 11:26:46] --- Sampled interval of velocity: 0.00 m/s - 13.15 m/s (planner.py:310)
INFO     [2025-01-12 11:26:46] --- current time step: 34 (frenet_interface.py:280)
INFO     [2025-01-12 11:26:46] --- current velocity: 6.766721620901631 (frenet_interface.py:281)
INFO     [2025-01-12 11:26:46] --- current target velocity: 7.402649709793814 (frenet_interface.py:282)
INFO     [2025-01-12 11:26:47] --- Sampled interval of velocity: 0.00 m/s - 12.52 m/s (planner.py:310)
INFO     [2025-01-12 11:26:47] --- current time step: 35 (frenet_interface.py:280)
INFO     [2025-01-12 11:26:47] --- current velocity: 6.057586999863191 (frenet_interface.py:281)
INFO     [2025-01-12 11:26:47] --- current target velocity: 6.766721620901631 (frenet_interface.py:282)
INFO     [2025-01-12 11:26:47] --- Sampled interval of velocity: 0.00 m/s - 11.81 m/s (planner.py:310)
INFO     [2025-01-12 11:26:47] --- select trajectory 101 (reactive_planner_cpp.py:382)
INFO     [2025-01-12 11:26:47] --- current time step: 36 (frenet_interface.py:257)
INFO     [2025-01-12 11:26:47] --- current velocity: 5.647274798657568 (frenet_interface.py:258)
INFO     [2025-01-12 11:26:48] --- current target velocity: 6.057586999863191 (frenet_interface.py:259)
INFO     [2025-01-12 11:26:50] --- Sampled interval of velocity: 0.00 m/s - 11.40 m/s (planner.py:310)
INFO     [2025-01-12 11:26:50] --- current time step: 37 (frenet_interface.py:280)
INFO     [2025-01-12 11:26:50] --- current velocity: 5.166473796241115 (frenet_interface.py:281)
INFO     [2025-01-12 11:26:50] --- current target velocity: 5.647274798657568 (frenet_interface.py:282)
INFO     [2025-01-12 11:26:50] --- Sampled interval of velocity: 0.00 m/s - 10.92 m/s (planner.py:310)
INFO     [2025-01-12 11:26:50] --- current time step: 38 (frenet_interface.py:280)
INFO     [2025-01-12 11:26:50] --- current velocity: 4.638302334207591 (frenet_interface.py:281)
INFO     [2025-01-12 11:26:50] --- current target velocity: 5.166473796241115 (frenet_interface.py:282)
INFO     [2025-01-12 11:26:51] --- Sampled interval of velocity: 0.00 m/s - 10.39 m/s (planner.py:310)
WARNING  [2025-01-12 11:26:52] --- No optimal trajectory available. Select stopping trajectory! (reactive_planner_cpp.py:407)
INFO     [2025-01-12 11:26:52] --- current time step: 39 (frenet_interface.py:257)
INFO     [2025-01-12 11:26:52] --- current velocity: 4.305441939345503 (frenet_interface.py:258)
INFO     [2025-01-12 11:26:52] --- current target velocity: 4.638302334207591 (frenet_interface.py:259)
INFO     [2025-01-12 11:26:54] --- Sampled interval of velocity: 0.00 m/s - 10.06 m/s (planner.py:310)
INFO     [2025-01-12 11:26:54] --- current time step: 40 (frenet_interface.py:280)
INFO     [2025-01-12 11:26:54] --- current velocity: 3.869891714005506 (frenet_interface.py:281)
INFO     [2025-01-12 11:26:54] --- current target velocity: 4.305441939345503 (frenet_interface.py:282)
INFO     [2025-01-12 11:26:54] --- Sampled interval of velocity: 0.00 m/s - 9.62 m/s (planner.py:310)
INFO     [2025-01-12 11:26:54] --- current time step: 41 (frenet_interface.py:280)
INFO     [2025-01-12 11:26:54] --- current velocity: 3.359964594252414 (frenet_interface.py:281)
INFO     [2025-01-12 11:26:54] --- current target velocity: 3.869891714005506 (frenet_interface.py:282)
INFO     [2025-01-12 11:26:56] --- Sampled interval of velocity: 0.00 m/s - 9.11 m/s (planner.py:310)
WARNING  [2025-01-12 11:26:56] --- No optimal trajectory available. Select stopping trajectory! (reactive_planner_cpp.py:407)
INFO     [2025-01-12 11:26:56] --- current time step: 42 (frenet_interface.py:257)
INFO     [2025-01-12 11:26:56] --- current velocity: 3.086070433300255 (frenet_interface.py:258)
INFO     [2025-01-12 11:26:56] --- current target velocity: 3.359964594252414 (frenet_interface.py:259)
INFO     [2025-01-12 11:26:59] --- Sampled interval of velocity: 0.00 m/s - 8.84 m/s (planner.py:310)
INFO     [2025-01-12 11:26:59] --- current time step: 43 (frenet_interface.py:280)
INFO     [2025-01-12 11:26:59] --- current velocity: 2.8065231654124854 (frenet_interface.py:281)
INFO     [2025-01-12 11:26:59] --- current target velocity: 3.086070433300255 (frenet_interface.py:282)
