CRITICAL [2025-01-12 11:48:01] --- Start Planner Vehicle ID: 30305 (frenet_interface.py:67)
INFO     [2025-01-12 11:48:03] --- Sampled interval of velocity: 0.00 m/s - 19.80 m/s (planner.py:310)
INFO     [2025-01-12 11:48:03] --- select trajectory 131 (reactive_planner_cpp.py:382)
INFO     [2025-01-12 11:48:03] --- current time step: 0 (frenet_interface.py:257)
INFO     [2025-01-12 11:48:03] --- current velocity: 13.952167649922364 (frenet_interface.py:258)
INFO     [2025-01-12 11:48:03] --- current target velocity: 9.0488 (frenet_interface.py:259)
INFO     [2025-01-12 11:48:05] --- Sampled interval of velocity: 0.00 m/s - 19.70 m/s (planner.py:310)
INFO     [2025-01-12 11:48:05] --- current time step: 1 (frenet_interface.py:280)
INFO     [2025-01-12 11:48:05] --- current velocity: 13.687213746631718 (frenet_interface.py:281)
INFO     [2025-01-12 11:48:05] --- current target velocity: 8.952167649922364 (frenet_interface.py:282)
INFO     [2025-01-12 11:48:06] --- Sampled interval of velocity: 0.00 m/s - 19.44 m/s (planner.py:310)
INFO     [2025-01-12 11:48:06] --- current time step: 2 (frenet_interface.py:280)
INFO     [2025-01-12 11:48:06] --- current velocity: 13.291342591715784 (frenet_interface.py:281)
INFO     [2025-01-12 11:48:06] --- current target velocity: 8.687213746631718 (frenet_interface.py:282)
INFO     [2025-01-12 11:48:07] --- Sampled interval of velocity: 0.00 m/s - 19.04 m/s (planner.py:310)
INFO     [2025-01-12 11:48:07] --- select trajectory 421 (reactive_planner_cpp.py:382)
INFO     [2025-01-12 11:48:07] --- current time step: 3 (frenet_interface.py:257)
INFO     [2025-01-12 11:48:07] --- current velocity: 13.008175268769266 (frenet_interface.py:258)
INFO     [2025-01-12 11:48:07] --- current target velocity: 8.291342591715784 (frenet_interface.py:259)
INFO     [2025-01-12 11:48:09] --- Sampled interval of velocity: 0.00 m/s - 18.76 m/s (planner.py:310)
INFO     [2025-01-12 11:48:09] --- current time step: 4 (frenet_interface.py:280)
INFO     [2025-01-12 11:48:09] --- current velocity: 12.620883181749676 (frenet_interface.py:281)
INFO     [2025-01-12 11:48:09] --- current target velocity: 8.008175268769266 (frenet_interface.py:282)
INFO     [2025-01-12 11:48:10] --- Sampled interval of velocity: 0.00 m/s - 18.37 m/s (planner.py:310)
INFO     [2025-01-12 11:48:10] --- current time step: 5 (frenet_interface.py:280)
INFO     [2025-01-12 11:48:10] --- current velocity: 12.149492623705155 (frenet_interface.py:281)
INFO     [2025-01-12 11:48:10] --- current target velocity: 7.620883181749676 (frenet_interface.py:282)
INFO     [2025-01-12 11:48:11] --- Sampled interval of velocity: 0.00 m/s - 17.90 m/s (planner.py:310)
INFO     [2025-01-12 11:48:11] --- select trajectory 121 (reactive_planner_cpp.py:382)
INFO     [2025-01-12 11:48:11] --- current time step: 6 (frenet_interface.py:257)
INFO     [2025-01-12 11:48:11] --- current velocity: 11.813464111302817 (frenet_interface.py:258)
INFO     [2025-01-12 11:48:11] --- current target velocity: 7.1494926237051555 (frenet_interface.py:259)
INFO     [2025-01-12 11:48:13] --- Sampled interval of velocity: 0.00 m/s - 17.56 m/s (planner.py:310)
INFO     [2025-01-12 11:48:13] --- current time step: 7 (frenet_interface.py:280)
INFO     [2025-01-12 11:48:13] --- current velocity: 11.336444260608559 (frenet_interface.py:281)
INFO     [2025-01-12 11:48:13] --- current target velocity: 6.813464111302817 (frenet_interface.py:282)
INFO     [2025-01-12 11:48:14] --- Sampled interval of velocity: 0.00 m/s - 17.09 m/s (planner.py:310)
INFO     [2025-01-12 11:48:14] --- current time step: 8 (frenet_interface.py:280)
INFO     [2025-01-12 11:48:14] --- current velocity: 10.754883110497921 (frenet_interface.py:281)
INFO     [2025-01-12 11:48:14] --- current target velocity: 6.336444260608559 (frenet_interface.py:282)
INFO     [2025-01-12 11:48:15] --- Sampled interval of velocity: 0.00 m/s - 16.50 m/s (planner.py:310)
INFO     [2025-01-12 11:48:15] --- select trajectory 121 (reactive_planner_cpp.py:382)
INFO     [2025-01-12 11:48:15] --- current time step: 9 (frenet_interface.py:257)
INFO     [2025-01-12 11:48:15] --- current velocity: 10.391669865103951 (frenet_interface.py:258)
INFO     [2025-01-12 11:48:15] --- current target velocity: 5.7548831104979215 (frenet_interface.py:259)
INFO     [2025-01-12 11:48:18] --- Sampled interval of velocity: 0.00 m/s - 16.14 m/s (planner.py:310)
INFO     [2025-01-12 11:48:18] --- current time step: 10 (frenet_interface.py:280)
INFO     [2025-01-12 11:48:18] --- current velocity: 9.940872687463857 (frenet_interface.py:281)
INFO     [2025-01-12 11:48:18] --- current target velocity: 5.391669865103951 (frenet_interface.py:282)
INFO     [2025-01-12 11:48:19] --- Sampled interval of velocity: 0.00 m/s - 15.69 m/s (planner.py:310)
INFO     [2025-01-12 11:48:19] --- current time step: 11 (frenet_interface.py:280)
INFO     [2025-01-12 11:48:19] --- current velocity: 9.428233703191985 (frenet_interface.py:281)
INFO     [2025-01-12 11:48:19] --- current target velocity: 4.940872687463857 (frenet_interface.py:282)
INFO     [2025-01-12 11:48:20] --- Sampled interval of velocity: 0.00 m/s - 15.18 m/s (planner.py:310)
INFO     [2025-01-12 11:48:20] --- select trajectory 111 (reactive_planner_cpp.py:382)
INFO     [2025-01-12 11:48:20] --- current time step: 12 (frenet_interface.py:257)
INFO     [2025-01-12 11:48:20] --- current velocity: 9.075972726726619 (frenet_interface.py:258)
INFO     [2025-01-12 11:48:20] --- current target velocity: 4.428233703191985 (frenet_interface.py:259)
INFO     [2025-01-12 11:48:22] --- Sampled interval of velocity: 0.00 m/s - 14.83 m/s (planner.py:310)
INFO     [2025-01-12 11:48:22] --- current time step: 13 (frenet_interface.py:280)
INFO     [2025-01-12 11:48:22] --- current velocity: 8.579182904165126 (frenet_interface.py:281)
INFO     [2025-01-12 11:48:22] --- current target velocity: 4.075972726726619 (frenet_interface.py:282)
INFO     [2025-01-12 11:48:23] --- Sampled interval of velocity: 0.00 m/s - 14.33 m/s (planner.py:310)
INFO     [2025-01-12 11:48:23] --- current time step: 14 (frenet_interface.py:280)
INFO     [2025-01-12 11:48:23] --- current velocity: 7.9753859196033305 (frenet_interface.py:281)
INFO     [2025-01-12 11:48:23] --- current target velocity: 3.579182904165126 (frenet_interface.py:282)
INFO     [2025-01-12 11:48:24] --- Sampled interval of velocity: 0.00 m/s - 13.73 m/s (planner.py:310)
INFO     [2025-01-12 11:48:24] --- select trajectory 111 (reactive_planner_cpp.py:382)
INFO     [2025-01-12 11:48:24] --- current time step: 15 (frenet_interface.py:257)
INFO     [2025-01-12 11:48:24] --- current velocity: 7.603125516444024 (frenet_interface.py:258)
INFO     [2025-01-12 11:48:24] --- current target velocity: 3.3758680075143332 (frenet_interface.py:259)
INFO     [2025-01-12 11:48:26] --- Sampled interval of velocity: 0.00 m/s - 13.35 m/s (planner.py:310)
INFO     [2025-01-12 11:48:26] --- current time step: 16 (frenet_interface.py:280)
INFO     [2025-01-12 11:48:26] --- current velocity: 7.147788020403114 (frenet_interface.py:281)
INFO     [2025-01-12 11:48:26] --- current target velocity: 3.3426247660915847 (frenet_interface.py:282)
INFO     [2025-01-12 11:48:27] --- Sampled interval of velocity: 0.00 m/s - 12.90 m/s (planner.py:310)
INFO     [2025-01-12 11:48:27] --- current time step: 17 (frenet_interface.py:280)
INFO     [2025-01-12 11:48:27] --- current velocity: 6.634348114510336 (frenet_interface.py:281)
INFO     [2025-01-12 11:48:27] --- current target velocity: 3.3120284439091456 (frenet_interface.py:282)
INFO     [2025-01-12 11:48:28] --- Sampled interval of velocity: 0.00 m/s - 12.38 m/s (planner.py:310)
INFO     [2025-01-12 11:48:28] --- select trajectory 111 (reactive_planner_cpp.py:382)
INFO     [2025-01-12 11:48:28] --- current time step: 18 (frenet_interface.py:257)
INFO     [2025-01-12 11:48:28] --- current velocity: 6.331226956039429 (frenet_interface.py:258)
INFO     [2025-01-12 11:48:28] --- current target velocity: 3.28467851221618 (frenet_interface.py:259)
INFO     [2025-01-12 11:48:31] --- Sampled interval of velocity: 0.00 m/s - 12.08 m/s (planner.py:310)
INFO     [2025-01-12 11:48:31] --- current time step: 19 (frenet_interface.py:280)
INFO     [2025-01-12 11:48:31] --- current velocity: 5.968462793314761 (frenet_interface.py:281)
INFO     [2025-01-12 11:48:31] --- current target velocity: 3.260033462366723 (frenet_interface.py:282)
INFO     [2025-01-12 11:48:32] --- Sampled interval of velocity: 0.00 m/s - 11.72 m/s (planner.py:310)
INFO     [2025-01-12 11:48:32] --- current time step: 20 (frenet_interface.py:280)
INFO     [2025-01-12 11:48:32] --- current velocity: 5.564705226779594 (frenet_interface.py:281)
INFO     [2025-01-12 11:48:32] --- current target velocity: 3.237599317509139 (frenet_interface.py:282)
INFO     [2025-01-12 11:48:33] --- Sampled interval of velocity: 0.00 m/s - 11.31 m/s (planner.py:310)
INFO     [2025-01-12 11:48:33] --- select trajectory 111 (reactive_planner_cpp.py:382)
INFO     [2025-01-12 11:48:33] --- current time step: 21 (frenet_interface.py:257)
INFO     [2025-01-12 11:48:33] --- current velocity: 5.328255648289764 (frenet_interface.py:258)
INFO     [2025-01-12 11:48:33] --- current target velocity: 3.2178210066684065 (frenet_interface.py:259)
INFO     [2025-01-12 11:48:35] --- Sampled interval of velocity: 0.00 m/s - 11.08 m/s (planner.py:310)
INFO     [2025-01-12 11:48:35] --- current time step: 22 (frenet_interface.py:280)
INFO     [2025-01-12 11:48:35] --- current velocity: 5.046475351400069 (frenet_interface.py:281)
INFO     [2025-01-12 11:48:35] --- current target velocity: 3.2002380721843227 (frenet_interface.py:282)
INFO     [2025-01-12 11:48:36] --- Sampled interval of velocity: 0.00 m/s - 10.80 m/s (planner.py:310)
INFO     [2025-01-12 11:48:36] --- current time step: 23 (frenet_interface.py:280)
INFO     [2025-01-12 11:48:36] --- current velocity: 4.733660434601245 (frenet_interface.py:281)
INFO     [2025-01-12 11:48:36] --- current target velocity: 3.1844419664569674 (frenet_interface.py:282)
INFO     [2025-01-12 11:48:37] --- Sampled interval of velocity: 0.00 m/s - 10.48 m/s (planner.py:310)
INFO     [2025-01-12 11:48:37] --- select trajectory 711 (reactive_planner_cpp.py:382)
INFO     [2025-01-12 11:48:37] --- current time step: 24 (frenet_interface.py:257)
INFO     [2025-01-12 11:48:37] --- current velocity: 4.5755992654547475 (frenet_interface.py:258)
INFO     [2025-01-12 11:48:37] --- current target velocity: 3.170781034661077 (frenet_interface.py:259)
INFO     [2025-01-12 11:48:39] --- Sampled interval of velocity: 0.00 m/s - 10.33 m/s (planner.py:310)
INFO     [2025-01-12 11:48:39] --- current time step: 25 (frenet_interface.py:280)
INFO     [2025-01-12 11:48:39] --- current velocity: 4.424889358553902 (frenet_interface.py:281)
INFO     [2025-01-12 11:48:39] --- current target velocity: 3.1588194993239522 (frenet_interface.py:282)
INFO     [2025-01-12 11:48:40] --- Sampled interval of velocity: 0.00 m/s - 10.17 m/s (planner.py:310)
INFO     [2025-01-12 11:48:40] --- current time step: 26 (frenet_interface.py:280)
INFO     [2025-01-12 11:48:40] --- current velocity: 4.281390823231798 (frenet_interface.py:281)
INFO     [2025-01-12 11:48:40] --- current target velocity: 3.14791853965996 (frenet_interface.py:282)
INFO     [2025-01-12 11:48:41] --- Sampled interval of velocity: 0.00 m/s - 10.03 m/s (planner.py:310)
INFO     [2025-01-12 11:48:41] --- select trajectory 711 (reactive_planner_cpp.py:382)
INFO     [2025-01-12 11:48:41] --- current time step: 27 (frenet_interface.py:257)
INFO     [2025-01-12 11:48:41] --- current velocity: 4.210229994271893 (frenet_interface.py:258)
INFO     [2025-01-12 11:48:41] --- current target velocity: 3.1380445524662153 (frenet_interface.py:259)
INFO     [2025-01-12 11:48:43] --- Sampled interval of velocity: 0.00 m/s - 9.96 m/s (planner.py:310)
INFO     [2025-01-12 11:48:43] --- current time step: 28 (frenet_interface.py:280)
INFO     [2025-01-12 11:48:43] --- current velocity: 4.1369012856790315 (frenet_interface.py:281)
INFO     [2025-01-12 11:48:43] --- current target velocity: 3.1288878589564693 (frenet_interface.py:282)
INFO     [2025-01-12 11:48:43] --- Sampled interval of velocity: 0.00 m/s - 9.89 m/s (planner.py:310)
INFO     [2025-01-12 11:48:43] --- current time step: 29 (frenet_interface.py:280)
INFO     [2025-01-12 11:48:43] --- current velocity: 4.0617261410623975 (frenet_interface.py:281)
INFO     [2025-01-12 11:48:43] --- current target velocity: 3.1201808168242757 (frenet_interface.py:282)
INFO     [2025-01-12 11:48:44] --- Sampled interval of velocity: 0.00 m/s - 9.81 m/s (planner.py:310)
INFO     [2025-01-12 11:48:44] --- select trajectory 711 (reactive_planner_cpp.py:382)
INFO     [2025-01-12 11:48:44] --- current time step: 30 (frenet_interface.py:257)
INFO     [2025-01-12 11:48:44] --- current velocity: 4.020980318879753 (frenet_interface.py:258)
INFO     [2025-01-12 11:48:44] --- current target velocity: 3.1119516286898183 (frenet_interface.py:259)
INFO     [2025-01-12 11:48:47] --- Sampled interval of velocity: 0.00 m/s - 9.77 m/s (planner.py:310)
INFO     [2025-01-12 11:48:47] --- current time step: 31 (frenet_interface.py:280)
INFO     [2025-01-12 11:48:47] --- current velocity: 3.9750416601396132 (frenet_interface.py:281)
INFO     [2025-01-12 11:48:47] --- current target velocity: 3.104071513593926 (frenet_interface.py:282)
INFO     [2025-01-12 11:48:47] --- Sampled interval of velocity: 0.00 m/s - 9.73 m/s (planner.py:310)
INFO     [2025-01-12 11:48:47] --- current time step: 32 (frenet_interface.py:280)
INFO     [2025-01-12 11:48:47] --- current velocity: 3.924371549968068 (frenet_interface.py:281)
INFO     [2025-01-12 11:48:47] --- current target velocity: 3.096427470741547 (frenet_interface.py:282)
INFO     [2025-01-12 11:48:48] --- Sampled interval of velocity: 0.00 m/s - 9.67 m/s (planner.py:310)
INFO     [2025-01-12 11:48:48] --- select trajectory 711 (reactive_planner_cpp.py:382)
INFO     [2025-01-12 11:48:48] --- current time step: 33 (frenet_interface.py:257)
INFO     [2025-01-12 11:48:48] --- current velocity: 3.8947585952795856 (frenet_interface.py:258)
INFO     [2025-01-12 11:48:48] --- current target velocity: 3.089068382544403 (frenet_interface.py:259)
INFO     [2025-01-12 11:48:51] --- Sampled interval of velocity: 0.00 m/s - 9.64 m/s (planner.py:310)
INFO     [2025-01-12 11:48:51] --- current time step: 34 (frenet_interface.py:280)
INFO     [2025-01-12 11:48:51] --- current velocity: 3.8591302130169245 (frenet_interface.py:281)
INFO     [2025-01-12 11:48:51] --- current target velocity: 3.0819290908429036 (frenet_interface.py:282)
INFO     [2025-01-12 11:48:52] --- Sampled interval of velocity: 0.00 m/s - 9.61 m/s (planner.py:310)
INFO     [2025-01-12 11:48:52] --- current time step: 35 (frenet_interface.py:280)
INFO     [2025-01-12 11:48:52] --- current velocity: 3.8179790307788193 (frenet_interface.py:281)
INFO     [2025-01-12 11:48:52] --- current target velocity: 3.074951054608366 (frenet_interface.py:282)
INFO     [2025-01-12 11:48:53] --- Sampled interval of velocity: 0.00 m/s - 9.57 m/s (planner.py:310)
INFO     [2025-01-12 11:48:53] --- select trajectory 711 (reactive_planner_cpp.py:382)
INFO     [2025-01-12 11:48:53] --- current time step: 36 (frenet_interface.py:257)
INFO     [2025-01-12 11:48:53] --- current velocity: 3.792893599926034 (frenet_interface.py:258)
INFO     [2025-01-12 11:48:53] --- current target velocity: 3.068189609060098 (frenet_interface.py:259)
INFO     [2025-01-12 11:48:55] --- Sampled interval of velocity: 0.00 m/s - 9.54 m/s (planner.py:310)
INFO     [2025-01-12 11:48:55] --- current time step: 37 (frenet_interface.py:280)
INFO     [2025-01-12 11:48:55] --- current velocity: 3.7617107750917302 (frenet_interface.py:281)
INFO     [2025-01-12 11:48:55] --- current target velocity: 3.0616023302336313 (frenet_interface.py:282)
INFO     [2025-01-12 11:48:56] --- Sampled interval of velocity: 0.00 m/s - 9.51 m/s (planner.py:310)
INFO     [2025-01-12 11:48:56] --- current time step: 38 (frenet_interface.py:280)
INFO     [2025-01-12 11:48:56] --- current velocity: 3.7249181660422597 (frenet_interface.py:281)
INFO     [2025-01-12 11:48:56] --- current target velocity: 3.0551501882301952 (frenet_interface.py:282)
INFO     [2025-01-12 11:48:56] --- Sampled interval of velocity: 0.00 m/s - 9.47 m/s (planner.py:310)
INFO     [2025-01-12 11:48:56] --- select trajectory 711 (reactive_planner_cpp.py:382)
INFO     [2025-01-12 11:48:56] --- current time step: 39 (frenet_interface.py:257)
INFO     [2025-01-12 11:48:56] --- current velocity: 3.7020755410240946 (frenet_interface.py:258)
INFO     [2025-01-12 11:48:56] --- current target velocity: 3.0488900830607406 (frenet_interface.py:259)
INFO     [2025-01-12 11:48:58] --- Sampled interval of velocity: 0.00 m/s - 9.45 m/s (planner.py:310)
INFO     [2025-01-12 11:48:58] --- current time step: 40 (frenet_interface.py:280)
INFO     [2025-01-12 11:48:58] --- current velocity: 3.673296623737671 (frenet_interface.py:281)
INFO     [2025-01-12 11:48:58] --- current target velocity: 3.0427880535158724 (frenet_interface.py:282)
INFO     [2025-01-12 11:48:59] --- Sampled interval of velocity: 0.00 m/s - 9.42 m/s (planner.py:310)
INFO     [2025-01-12 11:48:59] --- current time step: 41 (frenet_interface.py:280)
INFO     [2025-01-12 11:48:59] --- current velocity: 3.639052388255821 (frenet_interface.py:281)
INFO     [2025-01-12 11:48:59] --- current target velocity: 3.036812375332563 (frenet_interface.py:282)
INFO     [2025-01-12 11:49:00] --- Sampled interval of velocity: 0.00 m/s - 9.39 m/s (planner.py:310)
INFO     [2025-01-12 11:49:00] --- select trajectory 711 (reactive_planner_cpp.py:382)
INFO     [2025-01-12 11:49:00] --- current time step: 42 (frenet_interface.py:257)
INFO     [2025-01-12 11:49:00] --- current velocity: 3.617641475244971 (frenet_interface.py:258)
INFO     [2025-01-12 11:49:00] --- current target velocity: 3.03101986967553 (frenet_interface.py:259)
INFO     [2025-01-12 11:49:02] --- Sampled interval of velocity: 0.00 m/s - 9.37 m/s (planner.py:310)
INFO     [2025-01-12 11:49:02] --- current time step: 43 (frenet_interface.py:280)
INFO     [2025-01-12 11:49:02] --- current velocity: 3.5905293594775367 (frenet_interface.py:281)
INFO     [2025-01-12 11:49:02] --- current target velocity: 3.0253800478493504 (frenet_interface.py:282)
INFO     [2025-01-12 11:49:02] --- Sampled interval of velocity: 0.00 m/s - 9.34 m/s (planner.py:310)
INFO     [2025-01-12 11:49:02] --- current time step: 44 (frenet_interface.py:280)
INFO     [2025-01-12 11:49:02] --- current velocity: 3.5581671085170696 (frenet_interface.py:281)
INFO     [2025-01-12 11:49:02] --- current target velocity: 3.0198642208746893 (frenet_interface.py:282)
INFO     [2025-01-12 11:49:03] --- Sampled interval of velocity: 0.00 m/s - 9.31 m/s (planner.py:310)
INFO     [2025-01-12 11:49:03] --- select trajectory 711 (reactive_planner_cpp.py:382)
INFO     [2025-01-12 11:49:03] --- current time step: 45 (frenet_interface.py:257)
INFO     [2025-01-12 11:49:03] --- current velocity: 3.5378803951618525 (frenet_interface.py:258)
INFO     [2025-01-12 11:49:03] --- current target velocity: 3.0145286162544074 (frenet_interface.py:259)
INFO     [2025-01-12 11:49:05] --- Sampled interval of velocity: 0.00 m/s - 9.29 m/s (planner.py:310)
INFO     [2025-01-12 11:49:05] --- current time step: 46 (frenet_interface.py:280)
INFO     [2025-01-12 11:49:05] --- current velocity: 3.512144357123004 (frenet_interface.py:281)
INFO     [2025-01-12 11:49:05] --- current target velocity: 3.0093444674114997 (frenet_interface.py:282)
INFO     [2025-01-12 11:49:07] --- Sampled interval of velocity: 0.00 m/s - 9.26 m/s (planner.py:310)
INFO     [2025-01-12 11:49:07] --- current time step: 47 (frenet_interface.py:280)
INFO     [2025-01-12 11:49:07] --- current velocity: 3.481389704911464 (frenet_interface.py:281)
INFO     [2025-01-12 11:49:07] --- current target velocity: 3.0042846223218125 (frenet_interface.py:282)
INFO     [2025-01-12 11:49:08] --- Sampled interval of velocity: 0.00 m/s - 9.23 m/s (planner.py:310)
INFO     [2025-01-12 11:49:08] --- select trajectory 711 (reactive_planner_cpp.py:382)
INFO     [2025-01-12 11:49:08] --- current time step: 48 (frenet_interface.py:257)
INFO     [2025-01-12 11:49:08] --- current velocity: 3.4620926951997055 (frenet_interface.py:258)
INFO     [2025-01-12 11:49:08] --- current target velocity: 2.999404594684641 (frenet_interface.py:259)
INFO     [2025-01-12 11:49:10] --- Sampled interval of velocity: 0.00 m/s - 9.21 m/s (planner.py:310)
INFO     [2025-01-12 11:49:10] --- current time step: 49 (frenet_interface.py:280)
INFO     [2025-01-12 11:49:10] --- current velocity: 3.4375959356945502 (frenet_interface.py:281)
INFO     [2025-01-12 11:49:10] --- current target velocity: 2.994676723374738 (frenet_interface.py:282)
