CRITICAL [2025-01-12 11:20:17] --- Start Planner Vehicle ID: 30583 (frenet_interface.py:67)
INFO     [2025-01-12 11:20:19] --- Sampled interval of velocity: 0.00 m/s - 34.51 m/s (planner.py:310)
INFO     [2025-01-12 11:20:19] --- select trajectory 541 (reactive_planner_cpp.py:382)
INFO     [2025-01-12 11:20:19] --- current time step: 0 (frenet_interface.py:257)
INFO     [2025-01-12 11:20:19] --- current velocity: 28.7065616328659 (frenet_interface.py:258)
INFO     [2025-01-12 11:20:19] --- current target velocity: 23.7563 (frenet_interface.py:259)
INFO     [2025-01-12 11:20:20] --- Sampled interval of velocity: 0.00 m/s - 34.46 m/s (planner.py:310)
INFO     [2025-01-12 11:20:20] --- current time step: 1 (frenet_interface.py:280)
INFO     [2025-01-12 11:20:20] --- current velocity: 28.562582154431112 (frenet_interface.py:281)
INFO     [2025-01-12 11:20:20] --- current target velocity: 23.7065616328659 (frenet_interface.py:282)
INFO     [2025-01-12 11:20:20] --- Sampled interval of velocity: 0.00 m/s - 34.31 m/s (planner.py:310)
INFO     [2025-01-12 11:20:20] --- current time step: 2 (frenet_interface.py:280)
INFO     [2025-01-12 11:20:20] --- current velocity: 28.332214990094037 (frenet_interface.py:281)
INFO     [2025-01-12 11:20:20] --- current target velocity: 23.562582154431112 (frenet_interface.py:282)
INFO     [2025-01-12 11:20:21] --- Sampled interval of velocity: 0.00 m/s - 34.08 m/s (planner.py:310)
INFO     [2025-01-12 11:20:21] --- select trajectory 451 (reactive_planner_cpp.py:382)
INFO     [2025-01-12 11:20:21] --- current time step: 3 (frenet_interface.py:257)
INFO     [2025-01-12 11:20:21] --- current velocity: 28.112920494133824 (frenet_interface.py:258)
INFO     [2025-01-12 11:20:21] --- current target velocity: 23.332214990094037 (frenet_interface.py:259)
INFO     [2025-01-12 11:20:23] --- Sampled interval of velocity: 0.00 m/s - 33.86 m/s (planner.py:310)
INFO     [2025-01-12 11:20:23] --- current time step: 4 (frenet_interface.py:280)
INFO     [2025-01-12 11:20:23] --- current velocity: 27.743712489381895 (frenet_interface.py:281)
INFO     [2025-01-12 11:20:23] --- current target velocity: 23.112920494133824 (frenet_interface.py:282)
INFO     [2025-01-12 11:20:24] --- Sampled interval of velocity: 0.00 m/s - 33.49 m/s (planner.py:310)
INFO     [2025-01-12 11:20:24] --- current time step: 5 (frenet_interface.py:280)
INFO     [2025-01-12 11:20:24] --- current velocity: 27.251189299987004 (frenet_interface.py:281)
INFO     [2025-01-12 11:20:24] --- current target velocity: 22.743712489381895 (frenet_interface.py:282)
INFO     [2025-01-12 11:20:24] --- Sampled interval of velocity: 0.00 m/s - 33.00 m/s (planner.py:310)
INFO     [2025-01-12 11:20:24] --- select trajectory 451 (reactive_planner_cpp.py:382)
INFO     [2025-01-12 11:20:24] --- current time step: 6 (frenet_interface.py:257)
INFO     [2025-01-12 11:20:24] --- current velocity: 26.919516530104648 (frenet_interface.py:258)
INFO     [2025-01-12 11:20:24] --- current target velocity: 22.251189299987004 (frenet_interface.py:259)
INFO     [2025-01-12 11:20:26] --- Sampled interval of velocity: 0.00 m/s - 32.67 m/s (planner.py:310)
INFO     [2025-01-12 11:20:26] --- current time step: 7 (frenet_interface.py:280)
INFO     [2025-01-12 11:20:26] --- current velocity: 26.48356351914618 (frenet_interface.py:281)
INFO     [2025-01-12 11:20:26] --- current target velocity: 21.919516530104648 (frenet_interface.py:282)
INFO     [2025-01-12 11:20:27] --- Sampled interval of velocity: 0.00 m/s - 32.23 m/s (planner.py:310)
INFO     [2025-01-12 11:20:27] --- current time step: 8 (frenet_interface.py:280)
INFO     [2025-01-12 11:20:27] --- current velocity: 25.96395623004391 (frenet_interface.py:281)
INFO     [2025-01-12 11:20:27] --- current target velocity: 21.48356351914618 (frenet_interface.py:282)
INFO     [2025-01-12 11:20:28] --- Sampled interval of velocity: 0.00 m/s - 31.71 m/s (planner.py:310)
INFO     [2025-01-12 11:20:28] --- select trajectory 441 (reactive_planner_cpp.py:382)
INFO     [2025-01-12 11:20:28] --- current time step: 9 (frenet_interface.py:257)
INFO     [2025-01-12 11:20:28] --- current velocity: 25.635334596331266 (frenet_interface.py:258)
INFO     [2025-01-12 11:20:28] --- current target velocity: 20.96395623004391 (frenet_interface.py:259)
INFO     [2025-01-12 11:20:29] --- Sampled interval of velocity: 0.00 m/s - 31.39 m/s (planner.py:310)
INFO     [2025-01-12 11:20:29] --- current time step: 10 (frenet_interface.py:280)
INFO     [2025-01-12 11:20:29] --- current velocity: 25.2162777844946 (frenet_interface.py:281)
INFO     [2025-01-12 11:20:29] --- current target velocity: 20.635334596331266 (frenet_interface.py:282)
INFO     [2025-01-12 11:20:30] --- Sampled interval of velocity: 0.00 m/s - 30.97 m/s (planner.py:310)
INFO     [2025-01-12 11:20:30] --- current time step: 11 (frenet_interface.py:280)
INFO     [2025-01-12 11:20:30] --- current velocity: 24.7251592717931 (frenet_interface.py:281)
INFO     [2025-01-12 11:20:30] --- current target velocity: 20.2162777844946 (frenet_interface.py:282)
INFO     [2025-01-12 11:20:30] --- Sampled interval of velocity: 0.00 m/s - 30.48 m/s (planner.py:310)
INFO     [2025-01-12 11:20:30] --- select trajectory 141 (reactive_planner_cpp.py:382)
INFO     [2025-01-12 11:20:30] --- current time step: 12 (frenet_interface.py:257)
INFO     [2025-01-12 11:20:30] --- current velocity: 24.377619244579005 (frenet_interface.py:258)
INFO     [2025-01-12 11:20:30] --- current target velocity: 19.7251592717931 (frenet_interface.py:259)
INFO     [2025-01-12 11:20:32] --- Sampled interval of velocity: 0.00 m/s - 30.13 m/s (planner.py:310)
INFO     [2025-01-12 11:20:32] --- current time step: 13 (frenet_interface.py:280)
INFO     [2025-01-12 11:20:32] --- current velocity: 23.88153862309064 (frenet_interface.py:281)
INFO     [2025-01-12 11:20:32] --- current target velocity: 19.377619244579005 (frenet_interface.py:282)
INFO     [2025-01-12 11:20:33] --- Sampled interval of velocity: 0.00 m/s - 29.63 m/s (planner.py:310)
INFO     [2025-01-12 11:20:33] --- current time step: 14 (frenet_interface.py:280)
INFO     [2025-01-12 11:20:33] --- current velocity: 23.275189304259893 (frenet_interface.py:281)
INFO     [2025-01-12 11:20:33] --- current target velocity: 18.88153862309064 (frenet_interface.py:282)
INFO     [2025-01-12 11:20:34] --- Sampled interval of velocity: 0.00 m/s - 29.03 m/s (planner.py:310)
INFO     [2025-01-12 11:20:34] --- select trajectory 141 (reactive_planner_cpp.py:382)
INFO     [2025-01-12 11:20:34] --- current time step: 15 (frenet_interface.py:257)
INFO     [2025-01-12 11:20:34] --- current velocity: 22.887544161746124 (frenet_interface.py:258)
INFO     [2025-01-12 11:20:34] --- current target velocity: 18.275189304259893 (frenet_interface.py:259)
INFO     [2025-01-12 11:20:35] --- Sampled interval of velocity: 0.00 m/s - 28.64 m/s (planner.py:310)
INFO     [2025-01-12 11:20:35] --- current time step: 16 (frenet_interface.py:280)
INFO     [2025-01-12 11:20:35] --- current velocity: 22.393470745880006 (frenet_interface.py:281)
INFO     [2025-01-12 11:20:35] --- current target velocity: 17.887544161746124 (frenet_interface.py:282)
INFO     [2025-01-12 11:20:36] --- Sampled interval of velocity: 0.00 m/s - 28.14 m/s (planner.py:310)
INFO     [2025-01-12 11:20:36] --- current time step: 17 (frenet_interface.py:280)
INFO     [2025-01-12 11:20:36] --- current velocity: 21.8231725420783 (frenet_interface.py:281)
INFO     [2025-01-12 11:20:36] --- current target velocity: 17.393470745880006 (frenet_interface.py:282)
INFO     [2025-01-12 11:20:36] --- Sampled interval of velocity: 0.00 m/s - 27.57 m/s (planner.py:310)
INFO     [2025-01-12 11:20:36] --- select trajectory 141 (reactive_planner_cpp.py:382)
INFO     [2025-01-12 11:20:36] --- current time step: 18 (frenet_interface.py:257)
INFO     [2025-01-12 11:20:36] --- current velocity: 21.46902904520727 (frenet_interface.py:258)
INFO     [2025-01-12 11:20:36] --- current target velocity: 16.8231725420783 (frenet_interface.py:259)
INFO     [2025-01-12 11:20:38] --- Sampled interval of velocity: 0.00 m/s - 27.22 m/s (planner.py:310)
INFO     [2025-01-12 11:20:38] --- current time step: 19 (frenet_interface.py:280)
INFO     [2025-01-12 11:20:38] --- current velocity: 21.022637010510785 (frenet_interface.py:281)
INFO     [2025-01-12 11:20:38] --- current target velocity: 16.46902904520727 (frenet_interface.py:282)
INFO     [2025-01-12 11:20:39] --- Sampled interval of velocity: 0.00 m/s - 26.77 m/s (planner.py:310)
INFO     [2025-01-12 11:20:39] --- current time step: 20 (frenet_interface.py:280)
INFO     [2025-01-12 11:20:39] --- current velocity: 20.51053986804556 (frenet_interface.py:281)
INFO     [2025-01-12 11:20:39] --- current target velocity: 16.022637010510785 (frenet_interface.py:282)
INFO     [2025-01-12 11:20:40] --- Sampled interval of velocity: 0.00 m/s - 26.26 m/s (planner.py:310)
INFO     [2025-01-12 11:20:40] --- select trajectory 141 (reactive_planner_cpp.py:382)
INFO     [2025-01-12 11:20:40] --- current time step: 21 (frenet_interface.py:257)
INFO     [2025-01-12 11:20:40] --- current velocity: 20.19358031421587 (frenet_interface.py:258)
INFO     [2025-01-12 11:20:40] --- current target velocity: 15.510539868045559 (frenet_interface.py:259)
INFO     [2025-01-12 11:20:41] --- Sampled interval of velocity: 0.00 m/s - 25.94 m/s (planner.py:310)
INFO     [2025-01-12 11:20:41] --- current time step: 22 (frenet_interface.py:280)
INFO     [2025-01-12 11:20:41] --- current velocity: 19.794569415786 (frenet_interface.py:281)
INFO     [2025-01-12 11:20:41] --- current target velocity: 15.193580314215868 (frenet_interface.py:282)
INFO     [2025-01-12 11:20:41] --- Sampled interval of velocity: 0.00 m/s - 25.54 m/s (planner.py:310)
INFO     [2025-01-12 11:20:41] --- current time step: 23 (frenet_interface.py:280)
INFO     [2025-01-12 11:20:41] --- current velocity: 19.337155739160938 (frenet_interface.py:281)
INFO     [2025-01-12 11:20:41] --- current target velocity: 14.794569415786 (frenet_interface.py:282)
INFO     [2025-01-12 11:20:42] --- Sampled interval of velocity: 0.00 m/s - 25.09 m/s (planner.py:310)
INFO     [2025-01-12 11:20:42] --- select trajectory 141 (reactive_planner_cpp.py:382)
INFO     [2025-01-12 11:20:42] --- current time step: 24 (frenet_interface.py:257)
INFO     [2025-01-12 11:20:42] --- current velocity: 19.054151154731183 (frenet_interface.py:258)
INFO     [2025-01-12 11:20:42] --- current target velocity: 14.337155739160938 (frenet_interface.py:259)
INFO     [2025-01-12 11:20:44] --- Sampled interval of velocity: 0.00 m/s - 24.80 m/s (planner.py:310)
INFO     [2025-01-12 11:20:44] --- current time step: 25 (frenet_interface.py:280)
INFO     [2025-01-12 11:20:44] --- current velocity: 18.69793950102939 (frenet_interface.py:281)
INFO     [2025-01-12 11:20:44] --- current target velocity: 14.054151154731183 (frenet_interface.py:282)
INFO     [2025-01-12 11:20:44] --- Sampled interval of velocity: 0.00 m/s - 24.45 m/s (planner.py:310)
INFO     [2025-01-12 11:20:44] --- current time step: 26 (frenet_interface.py:280)
INFO     [2025-01-12 11:20:44] --- current velocity: 18.289624065765064 (frenet_interface.py:281)
INFO     [2025-01-12 11:20:44] --- current target velocity: 13.697939501029389 (frenet_interface.py:282)
INFO     [2025-01-12 11:20:45] --- Sampled interval of velocity: 0.00 m/s - 24.04 m/s (planner.py:310)
INFO     [2025-01-12 11:20:45] --- select trajectory 431 (reactive_planner_cpp.py:382)
INFO     [2025-01-12 11:20:45] --- current time step: 27 (frenet_interface.py:257)
INFO     [2025-01-12 11:20:45] --- current velocity: 18.014001951578475 (frenet_interface.py:258)
INFO     [2025-01-12 11:20:45] --- current target velocity: 13.289624065765064 (frenet_interface.py:259)
INFO     [2025-01-12 11:20:47] --- Sampled interval of velocity: 0.00 m/s - 23.76 m/s (planner.py:310)
INFO     [2025-01-12 11:20:47] --- current time step: 28 (frenet_interface.py:280)
INFO     [2025-01-12 11:20:47] --- current velocity: 17.62838560943524 (frenet_interface.py:281)
INFO     [2025-01-12 11:20:47] --- current target velocity: 13.014001951578475 (frenet_interface.py:282)
INFO     [2025-01-12 11:20:47] --- Sampled interval of velocity: 0.00 m/s - 23.38 m/s (planner.py:310)
INFO     [2025-01-12 11:20:47] --- current time step: 29 (frenet_interface.py:280)
INFO     [2025-01-12 11:20:47] --- current velocity: 17.15365137240944 (frenet_interface.py:281)
INFO     [2025-01-12 11:20:47] --- current target velocity: 12.628385609435242 (frenet_interface.py:282)
INFO     [2025-01-12 11:20:49] --- Sampled interval of velocity: 0.00 m/s - 22.90 m/s (planner.py:310)
INFO     [2025-01-12 11:20:49] --- select trajectory 131 (reactive_planner_cpp.py:382)
INFO     [2025-01-12 11:20:49] --- current time step: 30 (frenet_interface.py:257)
INFO     [2025-01-12 11:20:49] --- current velocity: 16.809154724688092 (frenet_interface.py:258)
INFO     [2025-01-12 11:20:49] --- current target velocity: 12.153651372409438 (frenet_interface.py:259)
INFO     [2025-01-12 11:20:51] --- Sampled interval of velocity: 0.00 m/s - 22.56 m/s (planner.py:310)
INFO     [2025-01-12 11:20:51] --- current time step: 31 (frenet_interface.py:280)
INFO     [2025-01-12 11:20:51] --- current velocity: 16.313798134140608 (frenet_interface.py:281)
INFO     [2025-01-12 11:20:51] --- current target velocity: 11.809154724688092 (frenet_interface.py:282)
INFO     [2025-01-12 11:20:51] --- Sampled interval of velocity: 0.00 m/s - 22.06 m/s (planner.py:310)
INFO     [2025-01-12 11:20:51] --- current time step: 32 (frenet_interface.py:280)
INFO     [2025-01-12 11:20:51] --- current velocity: 15.706281535459015 (frenet_interface.py:281)
INFO     [2025-01-12 11:20:51] --- current target velocity: 11.313798134140608 (frenet_interface.py:282)
INFO     [2025-01-12 11:20:52] --- Sampled interval of velocity: 0.00 m/s - 21.46 m/s (planner.py:310)
INFO     [2025-01-12 11:20:52] --- select trajectory 131 (reactive_planner_cpp.py:382)
INFO     [2025-01-12 11:20:52] --- current time step: 33 (frenet_interface.py:257)
INFO     [2025-01-12 11:20:52] --- current velocity: 15.32146546363515 (frenet_interface.py:258)
INFO     [2025-01-12 11:20:52] --- current target velocity: 10.706281535459015 (frenet_interface.py:259)
INFO     [2025-01-12 11:20:55] --- Sampled interval of velocity: 0.00 m/s - 21.07 m/s (planner.py:310)
INFO     [2025-01-12 11:20:55] --- current time step: 34 (frenet_interface.py:280)
INFO     [2025-01-12 11:20:55] --- current velocity: 14.836877309403985 (frenet_interface.py:281)
INFO     [2025-01-12 11:20:55] --- current target velocity: 10.32146546363515 (frenet_interface.py:282)
INFO     [2025-01-12 11:20:55] --- Sampled interval of velocity: 0.00 m/s - 20.59 m/s (planner.py:310)
INFO     [2025-01-12 11:20:55] --- current time step: 35 (frenet_interface.py:280)
INFO     [2025-01-12 11:20:55] --- current velocity: 14.281261147660032 (frenet_interface.py:281)
INFO     [2025-01-12 11:20:55] --- current target velocity: 9.836877309403985 (frenet_interface.py:282)
INFO     [2025-01-12 11:20:56] --- Sampled interval of velocity: 0.00 m/s - 20.03 m/s (planner.py:310)
INFO     [2025-01-12 11:20:56] --- select trajectory 131 (reactive_planner_cpp.py:382)
INFO     [2025-01-12 11:20:56] --- current time step: 36 (frenet_interface.py:257)
INFO     [2025-01-12 11:20:56] --- current velocity: 13.941613619840588 (frenet_interface.py:258)
INFO     [2025-01-12 11:20:56] --- current target velocity: 9.281261147660032 (frenet_interface.py:259)
INFO     [2025-01-12 11:20:58] --- Sampled interval of velocity: 0.00 m/s - 19.69 m/s (planner.py:310)
INFO     [2025-01-12 11:20:58] --- current time step: 37 (frenet_interface.py:280)
INFO     [2025-01-12 11:20:58] --- current velocity: 13.52024304301298 (frenet_interface.py:281)
INFO     [2025-01-12 11:20:58] --- current target velocity: 8.941613619840588 (frenet_interface.py:282)
INFO     [2025-01-12 11:20:59] --- Sampled interval of velocity: 0.00 m/s - 19.27 m/s (planner.py:310)
INFO     [2025-01-12 11:20:59] --- current time step: 38 (frenet_interface.py:280)
INFO     [2025-01-12 11:20:59] --- current velocity: 13.041184321316384 (frenet_interface.py:281)
INFO     [2025-01-12 11:20:59] --- current target velocity: 8.52024304301298 (frenet_interface.py:282)
INFO     [2025-01-12 11:20:59] --- Sampled interval of velocity: 0.00 m/s - 18.79 m/s (planner.py:310)
INFO     [2025-01-12 11:20:59] --- select trajectory 121 (reactive_planner_cpp.py:382)
INFO     [2025-01-12 11:20:59] --- current time step: 39 (frenet_interface.py:257)
INFO     [2025-01-12 11:20:59] --- current velocity: 12.695016081332495 (frenet_interface.py:258)
INFO     [2025-01-12 11:20:59] --- current target velocity: 8.041184321316384 (frenet_interface.py:259)
INFO     [2025-01-12 11:21:01] --- Sampled interval of velocity: 0.00 m/s - 18.45 m/s (planner.py:310)
INFO     [2025-01-12 11:21:01] --- current time step: 40 (frenet_interface.py:280)
INFO     [2025-01-12 11:21:01] --- current velocity: 12.18416610122701 (frenet_interface.py:281)
INFO     [2025-01-12 11:21:01] --- current target velocity: 7.695016081332495 (frenet_interface.py:282)
INFO     [2025-01-12 11:21:02] --- Sampled interval of velocity: 0.00 m/s - 17.93 m/s (planner.py:310)
INFO     [2025-01-12 11:21:02] --- current time step: 41 (frenet_interface.py:280)
INFO     [2025-01-12 11:21:02] --- current velocity: 11.550279681931876 (frenet_interface.py:281)
INFO     [2025-01-12 11:21:02] --- current target velocity: 7.18416610122701 (frenet_interface.py:282)
INFO     [2025-01-12 11:21:02] --- Sampled interval of velocity: 0.00 m/s - 17.30 m/s (planner.py:310)
INFO     [2025-01-12 11:21:02] --- select trajectory 121 (reactive_planner_cpp.py:382)
INFO     [2025-01-12 11:21:02] --- current time step: 42 (frenet_interface.py:257)
INFO     [2025-01-12 11:21:02] --- current velocity: 11.150759687549778 (frenet_interface.py:258)
INFO     [2025-01-12 11:21:02] --- current target velocity: 6.550279681931876 (frenet_interface.py:259)
INFO     [2025-01-12 11:21:05] --- Sampled interval of velocity: 0.00 m/s - 16.90 m/s (planner.py:310)
INFO     [2025-01-12 11:21:05] --- current time step: 43 (frenet_interface.py:280)
INFO     [2025-01-12 11:21:05] --- current velocity: 10.652883220334967 (frenet_interface.py:281)
INFO     [2025-01-12 11:21:05] --- current target velocity: 6.150759687549778 (frenet_interface.py:282)
INFO     [2025-01-12 11:21:05] --- Sampled interval of velocity: 0.00 m/s - 16.40 m/s (planner.py:310)
INFO     [2025-01-12 11:21:05] --- current time step: 44 (frenet_interface.py:280)
INFO     [2025-01-12 11:21:05] --- current velocity: 10.08539136793231 (frenet_interface.py:281)
INFO     [2025-01-12 11:21:05] --- current target velocity: 5.652883220334967 (frenet_interface.py:282)
INFO     [2025-01-12 11:21:06] --- Sampled interval of velocity: 0.00 m/s - 15.84 m/s (planner.py:310)
INFO     [2025-01-12 11:21:06] --- select trajectory 411 (reactive_planner_cpp.py:382)
INFO     [2025-01-12 11:21:06] --- current time step: 45 (frenet_interface.py:257)
INFO     [2025-01-12 11:21:06] --- current velocity: 9.740559525424535 (frenet_interface.py:258)
INFO     [2025-01-12 11:21:06] --- current target velocity: 5.08539136793231 (frenet_interface.py:259)
INFO     [2025-01-12 11:21:07] --- Sampled interval of velocity: 0.00 m/s - 15.49 m/s (planner.py:310)
INFO     [2025-01-12 11:21:07] --- current time step: 46 (frenet_interface.py:280)
INFO     [2025-01-12 11:21:07] --- current velocity: 9.310594523581505 (frenet_interface.py:281)
INFO     [2025-01-12 11:21:07] --- current target velocity: 4.740559525424535 (frenet_interface.py:282)
INFO     [2025-01-12 11:21:08] --- Sampled interval of velocity: 0.00 m/s - 15.06 m/s (planner.py:310)
INFO     [2025-01-12 11:21:08] --- current time step: 47 (frenet_interface.py:280)
INFO     [2025-01-12 11:21:08] --- current velocity: 8.813213310898407 (frenet_interface.py:281)
INFO     [2025-01-12 11:21:08] --- current target velocity: 4.672308832187003 (frenet_interface.py:282)
INFO     [2025-01-12 11:21:09] --- Sampled interval of velocity: 0.00 m/s - 14.56 m/s (planner.py:310)
INFO     [2025-01-12 11:21:09] --- select trajectory 411 (reactive_planner_cpp.py:382)
INFO     [2025-01-12 11:21:09] --- current time step: 48 (frenet_interface.py:257)
INFO     [2025-01-12 11:21:09] --- current velocity: 8.511406209193215 (frenet_interface.py:258)
INFO     [2025-01-12 11:21:09] --- current target velocity: 4.628799179891703 (frenet_interface.py:259)
INFO     [2025-01-12 11:21:10] --- Sampled interval of velocity: 0.00 m/s - 14.26 m/s (planner.py:310)
INFO     [2025-01-12 11:21:10] --- current time step: 49 (frenet_interface.py:280)
INFO     [2025-01-12 11:21:10] --- current velocity: 8.140887288079934 (frenet_interface.py:281)
INFO     [2025-01-12 11:21:10] --- current target velocity: 4.58840074012092 (frenet_interface.py:282)
INFO     [2025-01-12 11:21:11] --- Sampled interval of velocity: 0.00 m/s - 13.89 m/s (planner.py:310)
INFO     [2025-01-12 11:21:11] --- current time step: 50 (frenet_interface.py:280)
INFO     [2025-01-12 11:21:11] --- current velocity: 7.716234610727073 (frenet_interface.py:281)
INFO     [2025-01-12 11:21:11] --- current target velocity: 4.550594027274976 (frenet_interface.py:282)
INFO     [2025-01-12 11:21:12] --- Sampled interval of velocity: 0.00 m/s - 13.47 m/s (planner.py:310)
INFO     [2025-01-12 11:21:12] --- select trajectory 121 (reactive_planner_cpp.py:382)
INFO     [2025-01-12 11:21:12] --- current time step: 51 (frenet_interface.py:257)
INFO     [2025-01-12 11:21:12] --- current velocity: 7.469493790017079 (frenet_interface.py:258)
INFO     [2025-01-12 11:21:12] --- current target velocity: 4.516085143087069 (frenet_interface.py:259)
INFO     [2025-01-12 11:21:13] --- Sampled interval of velocity: 0.00 m/s - 13.22 m/s (planner.py:310)
INFO     [2025-01-12 11:21:13] --- current time step: 52 (frenet_interface.py:280)
INFO     [2025-01-12 11:21:13] --- current velocity: 7.184768082403048 (frenet_interface.py:281)
INFO     [2025-01-12 11:21:13] --- current target velocity: 4.484327573471522 (frenet_interface.py:282)
INFO     [2025-01-12 11:21:15] --- Sampled interval of velocity: 0.00 m/s - 12.93 m/s (planner.py:310)
INFO     [2025-01-12 11:21:15] --- current time step: 53 (frenet_interface.py:280)
INFO     [2025-01-12 11:21:15] --- current velocity: 6.875012313118565 (frenet_interface.py:281)
INFO     [2025-01-12 11:21:15] --- current target velocity: 4.454687688155105 (frenet_interface.py:282)
INFO     [2025-01-12 11:21:15] --- Sampled interval of velocity: 0.00 m/s - 12.63 m/s (planner.py:310)
INFO     [2025-01-12 11:21:15] --- select trajectory 121 (reactive_planner_cpp.py:382)
INFO     [2025-01-12 11:21:15] --- current time step: 54 (frenet_interface.py:257)
INFO     [2025-01-12 11:21:15] --- current velocity: 6.693784569815533 (frenet_interface.py:258)
INFO     [2025-01-12 11:21:15] --- current target velocity: 4.4275640190184165 (frenet_interface.py:259)
INFO     [2025-01-12 11:21:17] --- Sampled interval of velocity: 0.00 m/s - 12.44 m/s (planner.py:310)
INFO     [2025-01-12 11:21:17] --- current time step: 55 (frenet_interface.py:280)
INFO     [2025-01-12 11:21:17] --- current velocity: 6.475661005428083 (frenet_interface.py:281)
INFO     [2025-01-12 11:21:17] --- current target velocity: 4.402453545363872 (frenet_interface.py:282)
INFO     [2025-01-12 11:21:18] --- Sampled interval of velocity: 0.00 m/s - 12.23 m/s (planner.py:310)
INFO     [2025-01-12 11:21:18] --- current time step: 56 (frenet_interface.py:280)
INFO     [2025-01-12 11:21:18] --- current velocity: 6.232052332584495 (frenet_interface.py:281)
INFO     [2025-01-12 11:21:18] --- current target velocity: 4.3789603362328915 (frenet_interface.py:282)
INFO     [2025-01-12 11:21:19] --- Sampled interval of velocity: 0.00 m/s - 11.98 m/s (planner.py:310)
INFO     [2025-01-12 11:21:19] --- select trajectory 121 (reactive_planner_cpp.py:382)
INFO     [2025-01-12 11:21:19] --- current time step: 57 (frenet_interface.py:257)
INFO     [2025-01-12 11:21:19] --- current velocity: 6.08721078525148 (frenet_interface.py:258)
INFO     [2025-01-12 11:21:19] --- current target velocity: 4.357476155299842 (frenet_interface.py:259)
INFO     [2025-01-12 11:21:21] --- Sampled interval of velocity: 0.00 m/s - 11.84 m/s (planner.py:310)
INFO     [2025-01-12 11:21:21] --- current time step: 58 (frenet_interface.py:280)
INFO     [2025-01-12 11:21:21] --- current velocity: 5.911506685961129 (frenet_interface.py:281)
INFO     [2025-01-12 11:21:21] --- current target velocity: 4.337639679056385 (frenet_interface.py:282)
INFO     [2025-01-12 11:21:22] --- Sampled interval of velocity: 0.00 m/s - 11.66 m/s (planner.py:310)
INFO     [2025-01-12 11:21:22] --- current time step: 59 (frenet_interface.py:280)
INFO     [2025-01-12 11:21:22] --- current velocity: 5.714349366353074 (frenet_interface.py:281)
INFO     [2025-01-12 11:21:22] --- current target velocity: 4.319151913723705 (frenet_interface.py:282)
INFO     [2025-01-12 11:21:22] --- Sampled interval of velocity: 0.00 m/s - 11.46 m/s (planner.py:310)
INFO     [2025-01-12 11:21:22] --- select trajectory 121 (reactive_planner_cpp.py:382)
INFO     [2025-01-12 11:21:22] --- current time step: 60 (frenet_interface.py:257)
INFO     [2025-01-12 11:21:22] --- current velocity: 5.596796014436787 (frenet_interface.py:258)
INFO     [2025-01-12 11:21:22] --- current target velocity: 4.302352230297111 (frenet_interface.py:259)
INFO     [2025-01-12 11:21:23] --- Sampled interval of velocity: 0.00 m/s - 11.35 m/s (planner.py:310)
INFO     [2025-01-12 11:21:23] --- current time step: 61 (frenet_interface.py:280)
INFO     [2025-01-12 11:21:23] --- current velocity: 5.4540016283543205 (frenet_interface.py:281)
INFO     [2025-01-12 11:21:23] --- current target velocity: 4.286947187503313 (frenet_interface.py:282)
INFO     [2025-01-12 11:21:24] --- Sampled interval of velocity: 0.00 m/s - 11.20 m/s (planner.py:310)
INFO     [2025-01-12 11:21:24] --- current time step: 62 (frenet_interface.py:280)
INFO     [2025-01-12 11:21:24] --- current velocity: 5.293643483237691 (frenet_interface.py:281)
INFO     [2025-01-12 11:21:24] --- current target velocity: 4.272691610872963 (frenet_interface.py:282)
INFO     [2025-01-12 11:21:25] --- Sampled interval of velocity: 0.00 m/s - 11.04 m/s (planner.py:310)
INFO     [2025-01-12 11:21:25] --- select trajectory 121 (reactive_planner_cpp.py:382)
INFO     [2025-01-12 11:21:25] --- current time step: 63 (frenet_interface.py:257)
INFO     [2025-01-12 11:21:25] --- current velocity: 5.197985533877737 (frenet_interface.py:258)
INFO     [2025-01-12 11:21:25] --- current target velocity: 4.259874463140253 (frenet_interface.py:259)
INFO     [2025-01-12 11:21:26] --- Sampled interval of velocity: 0.00 m/s - 10.95 m/s (planner.py:310)
INFO     [2025-01-12 11:21:26] --- current time step: 64 (frenet_interface.py:280)
INFO     [2025-01-12 11:21:26] --- current velocity: 5.081761241495482 (frenet_interface.py:281)
INFO     [2025-01-12 11:21:26] --- current target velocity: 4.248251940243155 (frenet_interface.py:282)
INFO     [2025-01-12 11:21:26] --- Sampled interval of velocity: 0.00 m/s - 10.83 m/s (planner.py:310)
INFO     [2025-01-12 11:21:26] --- current time step: 65 (frenet_interface.py:280)
INFO     [2025-01-12 11:21:26] --- current velocity: 4.951223540217097 (frenet_interface.py:281)
INFO     [2025-01-12 11:21:26] --- current target velocity: 4.237620097737922 (frenet_interface.py:282)
INFO     [2025-01-12 11:21:27] --- Sampled interval of velocity: 0.00 m/s - 10.70 m/s (planner.py:310)
INFO     [2025-01-12 11:21:27] --- select trajectory 421 (reactive_planner_cpp.py:382)
INFO     [2025-01-12 11:21:27] --- current time step: 66 (frenet_interface.py:257)
INFO     [2025-01-12 11:21:27] --- current velocity: 4.879090766851389 (frenet_interface.py:258)
INFO     [2025-01-12 11:21:27] --- current target velocity: 4.2282248623371315 (frenet_interface.py:259)
INFO     [2025-01-12 11:21:28] --- Sampled interval of velocity: 0.00 m/s - 10.63 m/s (planner.py:310)
INFO     [2025-01-12 11:21:28] --- current time step: 67 (frenet_interface.py:280)
INFO     [2025-01-12 11:21:28] --- current velocity: 4.799652408100956 (frenet_interface.py:281)
INFO     [2025-01-12 11:21:28] --- current target velocity: 4.219839186036442 (frenet_interface.py:282)
INFO     [2025-01-12 11:21:29] --- Sampled interval of velocity: 0.00 m/s - 10.55 m/s (planner.py:310)
INFO     [2025-01-12 11:21:29] --- current time step: 68 (frenet_interface.py:280)
INFO     [2025-01-12 11:21:29] --- current velocity: 4.714933264473513 (frenet_interface.py:281)
INFO     [2025-01-12 11:21:29] --- current target velocity: 4.212184163400365 (frenet_interface.py:282)
INFO     [2025-01-12 11:21:29] --- Sampled interval of velocity: 0.00 m/s - 10.46 m/s (planner.py:310)
INFO     [2025-01-12 11:21:29] --- select trajectory 721 (reactive_planner_cpp.py:382)
INFO     [2025-01-12 11:21:29] --- current time step: 69 (frenet_interface.py:257)
INFO     [2025-01-12 11:21:29] --- current velocity: 4.671857612957816 (frenet_interface.py:258)
INFO     [2025-01-12 11:21:29] --- current target velocity: 4.205365858755425 (frenet_interface.py:259)
INFO     [2025-01-12 11:21:31] --- Sampled interval of velocity: 0.00 m/s - 10.42 m/s (planner.py:310)
INFO     [2025-01-12 11:21:31] --- current time step: 70 (frenet_interface.py:280)
INFO     [2025-01-12 11:21:31] --- current velocity: 4.629356690242486 (frenet_interface.py:281)
INFO     [2025-01-12 11:21:31] --- current target velocity: 4.199188842613467 (frenet_interface.py:282)
INFO     [2025-01-12 11:21:31] --- Sampled interval of velocity: 0.00 m/s - 10.38 m/s (planner.py:310)
INFO     [2025-01-12 11:21:31] --- current time step: 71 (frenet_interface.py:280)
INFO     [2025-01-12 11:21:31] --- current velocity: 4.587492640226465 (frenet_interface.py:281)
INFO     [2025-01-12 11:21:31] --- current target velocity: 4.193402075618775 (frenet_interface.py:282)
INFO     [2025-01-12 11:21:31] --- Sampled interval of velocity: 0.00 m/s - 10.34 m/s (planner.py:310)
INFO     [2025-01-12 11:21:32] --- select trajectory 721 (reactive_planner_cpp.py:382)
INFO     [2025-01-12 11:21:32] --- current time step: 72 (frenet_interface.py:257)
INFO     [2025-01-12 11:21:32] --- current velocity: 4.565776207021355 (frenet_interface.py:258)
INFO     [2025-01-12 11:21:32] --- current target velocity: 4.18801289474138 (frenet_interface.py:259)
INFO     [2025-01-12 11:21:33] --- Sampled interval of velocity: 0.00 m/s - 10.32 m/s (planner.py:310)
INFO     [2025-01-12 11:21:33] --- current time step: 73 (frenet_interface.py:280)
INFO     [2025-01-12 11:21:33] --- current velocity: 4.542269990487959 (frenet_interface.py:281)
INFO     [2025-01-12 11:21:33] --- current target velocity: 4.1828973938993315 (frenet_interface.py:282)
INFO     [2025-01-12 11:21:33] --- Sampled interval of velocity: 0.00 m/s - 10.29 m/s (planner.py:310)
INFO     [2025-01-12 11:21:33] --- current time step: 74 (frenet_interface.py:280)
INFO     [2025-01-12 11:21:33] --- current velocity: 4.517151266696377 (frenet_interface.py:281)
INFO     [2025-01-12 11:21:33] --- current target velocity: 4.177947161006482 (frenet_interface.py:282)
INFO     [2025-01-12 11:21:34] --- Sampled interval of velocity: 0.00 m/s - 10.27 m/s (planner.py:310)
INFO     [2025-01-12 11:21:34] --- select trajectory 721 (reactive_planner_cpp.py:382)
INFO     [2025-01-12 11:21:34] --- current time step: 75 (frenet_interface.py:257)
INFO     [2025-01-12 11:21:34] --- current velocity: 4.502894360623849 (frenet_interface.py:258)
INFO     [2025-01-12 11:21:34] --- current target velocity: 4.17319188456474 (frenet_interface.py:259)
INFO     [2025-01-12 11:21:35] --- Sampled interval of velocity: 0.00 m/s - 10.25 m/s (planner.py:310)
INFO     [2025-01-12 11:21:35] --- current time step: 76 (frenet_interface.py:280)
INFO     [2025-01-12 11:21:35] --- current velocity: 4.486129483478524 (frenet_interface.py:281)
INFO     [2025-01-12 11:21:35] --- current target velocity: 4.1685747794426025 (frenet_interface.py:282)
INFO     [2025-01-12 11:21:36] --- Sampled interval of velocity: 0.00 m/s - 10.24 m/s (planner.py:310)
INFO     [2025-01-12 11:21:36] --- current time step: 77 (frenet_interface.py:280)
INFO     [2025-01-12 11:21:36] --- current velocity: 4.46706656877173 (frenet_interface.py:281)
INFO     [2025-01-12 11:21:36] --- current target velocity: 4.164045093429137 (frenet_interface.py:282)
INFO     [2025-01-12 11:21:36] --- Sampled interval of velocity: 0.00 m/s - 10.22 m/s (planner.py:310)
INFO     [2025-01-12 11:21:36] --- select trajectory 721 (reactive_planner_cpp.py:382)
INFO     [2025-01-12 11:21:36] --- current time step: 78 (frenet_interface.py:257)
INFO     [2025-01-12 11:21:36] --- current velocity: 4.455586034260388 (frenet_interface.py:258)
INFO     [2025-01-12 11:21:36] --- current target velocity: 4.159640365420725 (frenet_interface.py:259)
INFO     [2025-01-12 11:21:37] --- Sampled interval of velocity: 0.00 m/s - 10.21 m/s (planner.py:310)
INFO     [2025-01-12 11:21:37] --- current time step: 79 (frenet_interface.py:280)
INFO     [2025-01-12 11:21:37] --- current velocity: 4.441429786950511 (frenet_interface.py:281)
INFO     [2025-01-12 11:21:37] --- current target velocity: 4.155327252925027 (frenet_interface.py:282)
INFO     [2025-01-12 11:21:38] --- Sampled interval of velocity: 0.00 m/s - 10.19 m/s (planner.py:310)
INFO     [2025-01-12 11:21:38] --- current time step: 80 (frenet_interface.py:280)
INFO     [2025-01-12 11:21:38] --- current velocity: 4.424812927703498 (frenet_interface.py:281)
INFO     [2025-01-12 11:21:38] --- current target velocity: 4.151075156240805 (frenet_interface.py:282)
INFO     [2025-01-12 11:21:39] --- Sampled interval of velocity: 0.00 m/s - 10.17 m/s (planner.py:310)
INFO     [2025-01-12 11:21:39] --- select trajectory 726 (reactive_planner_cpp.py:382)
INFO     [2025-01-12 11:21:39] --- current time step: 81 (frenet_interface.py:257)
INFO     [2025-01-12 11:21:39] --- current velocity: 4.414524142477752 (frenet_interface.py:258)
INFO     [2025-01-12 11:21:39] --- current target velocity: 4.146924534335731 (frenet_interface.py:259)
INFO     [2025-01-12 11:21:40] --- Sampled interval of velocity: 0.00 m/s - 10.16 m/s (planner.py:310)
INFO     [2025-01-12 11:21:40] --- current time step: 82 (frenet_interface.py:280)
INFO     [2025-01-12 11:21:40] --- current velocity: 4.401574086422973 (frenet_interface.py:281)
INFO     [2025-01-12 11:21:40] --- current target velocity: 4.142850286940317 (frenet_interface.py:282)
INFO     [2025-01-12 11:21:40] --- Sampled interval of velocity: 0.00 m/s - 10.15 m/s (planner.py:310)
INFO     [2025-01-12 11:21:40] --- current time step: 83 (frenet_interface.py:280)
INFO     [2025-01-12 11:21:40] --- current velocity: 4.386174011580368 (frenet_interface.py:281)
INFO     [2025-01-12 11:21:40] --- current target velocity: 4.138828896062886 (frenet_interface.py:282)
INFO     [2025-01-12 11:21:41] --- Sampled interval of velocity: 0.00 m/s - 10.14 m/s (planner.py:310)
INFO     [2025-01-12 11:21:41] --- select trajectory 721 (reactive_planner_cpp.py:382)
INFO     [2025-01-12 11:21:41] --- current time step: 84 (frenet_interface.py:257)
INFO     [2025-01-12 11:21:41] --- current velocity: 4.3765343192303074 (frenet_interface.py:258)
INFO     [2025-01-12 11:21:41] --- current target velocity: 4.1349021188474575 (frenet_interface.py:259)
INFO     [2025-01-12 11:21:43] --- Sampled interval of velocity: 0.00 m/s - 10.13 m/s (planner.py:310)
INFO     [2025-01-12 11:21:43] --- current time step: 85 (frenet_interface.py:280)
INFO     [2025-01-12 11:21:43] --- current velocity: 4.364306301293535 (frenet_interface.py:281)
INFO     [2025-01-12 11:21:43] --- current target velocity: 4.131047802208849 (frenet_interface.py:282)
INFO     [2025-01-12 11:21:43] --- Sampled interval of velocity: 0.00 m/s - 10.11 m/s (planner.py:310)
INFO     [2025-01-12 11:21:43] --- current time step: 86 (frenet_interface.py:280)
INFO     [2025-01-12 11:21:43] --- current velocity: 4.3496945461059635 (frenet_interface.py:281)
INFO     [2025-01-12 11:21:43] --- current target velocity: 4.1272449501876025 (frenet_interface.py:282)
INFO     [2025-01-12 11:21:43] --- Sampled interval of velocity: 0.00 m/s - 10.10 m/s (planner.py:310)
INFO     [2025-01-12 11:21:43] --- select trajectory 721 (reactive_planner_cpp.py:382)
INFO     [2025-01-12 11:21:43] --- current time step: 87 (frenet_interface.py:257)
INFO     [2025-01-12 11:21:43] --- current velocity: 4.340511930532173 (frenet_interface.py:258)
INFO     [2025-01-12 11:21:43] --- current target velocity: 4.123536150288084 (frenet_interface.py:259)
INFO     [2025-01-12 11:21:45] --- Sampled interval of velocity: 0.00 m/s - 10.09 m/s (planner.py:310)
INFO     [2025-01-12 11:21:45] --- current time step: 88 (frenet_interface.py:280)
INFO     [2025-01-12 11:21:45] --- current velocity: 4.328830968811215 (frenet_interface.py:281)
INFO     [2025-01-12 11:21:45] --- current target velocity: 4.119900355212243 (frenet_interface.py:282)
INFO     [2025-01-12 11:21:46] --- Sampled interval of velocity: 0.00 m/s - 10.08 m/s (planner.py:310)
INFO     [2025-01-12 11:21:46] --- current time step: 89 (frenet_interface.py:280)
INFO     [2025-01-12 11:21:46] --- current velocity: 4.314848846891931 (frenet_interface.py:281)
INFO     [2025-01-12 11:21:46] --- current target velocity: 4.116317503980696 (frenet_interface.py:282)
INFO     [2025-01-12 11:21:46] --- Sampled interval of velocity: 0.00 m/s - 10.06 m/s (planner.py:310)
INFO     [2025-01-12 11:21:46] --- select trajectory 511 (reactive_planner_cpp.py:382)
INFO     [2025-01-12 11:21:46] --- current time step: 90 (frenet_interface.py:257)
INFO     [2025-01-12 11:21:46] --- current velocity: 4.300109512408291 (frenet_interface.py:258)
INFO     [2025-01-12 11:21:46] --- current target velocity: 4.112830962435914 (frenet_interface.py:259)
INFO     [2025-01-12 11:21:49] --- Sampled interval of velocity: 0.00 m/s - 10.05 m/s (planner.py:310)
INFO     [2025-01-12 11:21:49] --- current time step: 91 (frenet_interface.py:280)
INFO     [2025-01-12 11:21:49] --- current velocity: 4.271732242593242 (frenet_interface.py:281)
INFO     [2025-01-12 11:21:49] --- current target velocity: 4.109454530162738 (frenet_interface.py:282)
INFO     [2025-01-12 11:21:49] --- Sampled interval of velocity: 0.00 m/s - 10.02 m/s (planner.py:310)
INFO     [2025-01-12 11:21:49] --- current time step: 92 (frenet_interface.py:280)
INFO     [2025-01-12 11:21:49] --- current velocity: 4.230877677850189 (frenet_interface.py:281)
INFO     [2025-01-12 11:21:49] --- current target velocity: 4.106339539251624 (frenet_interface.py:282)
INFO     [2025-01-12 11:21:50] --- Sampled interval of velocity: 0.00 m/s - 9.98 m/s (planner.py:310)
INFO     [2025-01-12 11:21:50] --- select trajectory 111 (reactive_planner_cpp.py:382)
INFO     [2025-01-12 11:21:50] --- current time step: 93 (frenet_interface.py:257)
INFO     [2025-01-12 11:21:50] --- current velocity: 4.1711702107967445 (frenet_interface.py:258)
INFO     [2025-01-12 11:21:50] --- current target velocity: 4.103733167188593 (frenet_interface.py:259)
INFO     [2025-01-12 11:21:51] --- Sampled interval of velocity: 0.00 m/s - 9.92 m/s (planner.py:310)
INFO     [2025-01-12 11:21:51] --- current time step: 94 (frenet_interface.py:280)
INFO     [2025-01-12 11:21:51] --- current velocity: 4.048409834240752 (frenet_interface.py:281)
INFO     [2025-01-12 11:21:51] --- current target velocity: 4.101857736878784 (frenet_interface.py:282)
INFO     [2025-01-12 11:21:52] --- Sampled interval of velocity: 0.00 m/s - 9.80 m/s (planner.py:310)
INFO     [2025-01-12 11:21:52] --- current time step: 95 (frenet_interface.py:280)
INFO     [2025-01-12 11:21:52] --- current velocity: 3.8770800869799182 (frenet_interface.py:281)
INFO     [2025-01-12 11:21:52] --- current target velocity: 4.101624714397789 (frenet_interface.py:282)
INFO     [2025-01-12 11:21:53] --- Sampled interval of velocity: 0.00 m/s - 9.63 m/s (planner.py:310)
INFO     [2025-01-12 11:21:53] --- select trajectory 101 (reactive_planner_cpp.py:382)
INFO     [2025-01-12 11:21:53] --- current time step: 96 (frenet_interface.py:257)
INFO     [2025-01-12 11:21:53] --- current velocity: 3.7359906468226276 (frenet_interface.py:258)
INFO     [2025-01-12 11:21:53] --- current target velocity: 3.8770800869799182 (frenet_interface.py:259)
INFO     [2025-01-12 11:21:54] --- Sampled interval of velocity: 0.00 m/s - 9.49 m/s (planner.py:310)
INFO     [2025-01-12 11:21:54] --- current time step: 97 (frenet_interface.py:280)
INFO     [2025-01-12 11:21:54] --- current velocity: 3.5164204496671974 (frenet_interface.py:281)
INFO     [2025-01-12 11:21:54] --- current target velocity: 3.7359906468226276 (frenet_interface.py:282)
INFO     [2025-01-12 11:21:54] --- Sampled interval of velocity: 0.00 m/s - 9.27 m/s (planner.py:310)
INFO     [2025-01-12 11:21:54] --- current time step: 98 (frenet_interface.py:280)
INFO     [2025-01-12 11:21:54] --- current velocity: 3.2377368009713403 (frenet_interface.py:281)
INFO     [2025-01-12 11:21:54] --- current target velocity: 3.5164204496671974 (frenet_interface.py:282)
INFO     [2025-01-12 11:21:55] --- Sampled interval of velocity: 0.00 m/s - 8.99 m/s (planner.py:310)
INFO     [2025-01-12 11:21:55] --- select trajectory 101 (reactive_planner_cpp.py:382)
INFO     [2025-01-12 11:21:55] --- current time step: 99 (frenet_interface.py:257)
INFO     [2025-01-12 11:21:55] --- current velocity: 3.0638098520480614 (frenet_interface.py:258)
INFO     [2025-01-12 11:21:55] --- current target velocity: 3.2377368009713403 (frenet_interface.py:259)
INFO     [2025-01-12 11:21:57] --- Sampled interval of velocity: 0.00 m/s - 8.81 m/s (planner.py:310)
INFO     [2025-01-12 11:21:57] --- current time step: 100 (frenet_interface.py:280)
INFO     [2025-01-12 11:21:57] --- current velocity: 2.8515280337059914 (frenet_interface.py:281)
INFO     [2025-01-12 11:21:57] --- current target velocity: 3.0638098520480614 (frenet_interface.py:282)
INFO     [2025-01-12 11:21:57] --- Sampled interval of velocity: 0.00 m/s - 8.60 m/s (planner.py:310)
INFO     [2025-01-12 11:21:57] --- current time step: 101 (frenet_interface.py:280)
INFO     [2025-01-12 11:21:57] --- current velocity: 2.612462979614419 (frenet_interface.py:281)
INFO     [2025-01-12 11:21:57] --- current target velocity: 2.8515280337059914 (frenet_interface.py:282)
INFO     [2025-01-12 11:21:58] --- Sampled interval of velocity: 0.00 m/s - 8.36 m/s (planner.py:310)
INFO     [2025-01-12 11:21:58] --- select trajectory 291 (reactive_planner_cpp.py:382)
INFO     [2025-01-12 11:21:58] --- current time step: 102 (frenet_interface.py:257)
INFO     [2025-01-12 11:21:58] --- current velocity: 2.48134936635098 (frenet_interface.py:258)
INFO     [2025-01-12 11:21:58] --- current target velocity: 2.612462979614419 (frenet_interface.py:259)
INFO     [2025-01-12 11:21:59] --- Sampled interval of velocity: 0.00 m/s - 8.23 m/s (planner.py:310)
INFO     [2025-01-12 11:21:59] --- current time step: 103 (frenet_interface.py:280)
INFO     [2025-01-12 11:21:59] --- current velocity: 2.337976452981615 (frenet_interface.py:281)
INFO     [2025-01-12 11:21:59] --- current target velocity: 2.48134936635098 (frenet_interface.py:282)
INFO     [2025-01-12 11:21:59] --- Sampled interval of velocity: 0.00 m/s - 8.09 m/s (planner.py:310)
INFO     [2025-01-12 11:21:59] --- current time step: 104 (frenet_interface.py:280)
INFO     [2025-01-12 11:21:59] --- current velocity: 2.1843969380203605 (frenet_interface.py:281)
INFO     [2025-01-12 11:21:59] --- current target velocity: 2.337976452981615 (frenet_interface.py:282)
INFO     [2025-01-12 11:22:00] --- Sampled interval of velocity: 0.00 m/s - 7.93 m/s (planner.py:310)
INFO     [2025-01-12 11:22:00] --- select trajectory 496 (reactive_planner_cpp.py:382)
INFO     [2025-01-12 11:22:00] --- current time step: 105 (frenet_interface.py:257)
INFO     [2025-01-12 11:22:00] --- current velocity: 2.084452258313636 (frenet_interface.py:258)
INFO     [2025-01-12 11:22:00] --- current target velocity: 2.1843969380203605 (frenet_interface.py:259)
INFO     [2025-01-12 11:22:02] --- Sampled interval of velocity: 0.00 m/s - 7.83 m/s (planner.py:310)
INFO     [2025-01-12 11:22:02] --- current time step: 106 (frenet_interface.py:280)
INFO     [2025-01-12 11:22:02] --- current velocity: 1.947370160416189 (frenet_interface.py:281)
INFO     [2025-01-12 11:22:02] --- current target velocity: 2.084452258313636 (frenet_interface.py:282)
INFO     [2025-01-12 11:22:02] --- Sampled interval of velocity: 0.00 m/s - 7.70 m/s (planner.py:310)
INFO     [2025-01-12 11:22:02] --- current time step: 107 (frenet_interface.py:280)
INFO     [2025-01-12 11:22:02] --- current velocity: 1.7802806817820134 (frenet_interface.py:281)
INFO     [2025-01-12 11:22:02] --- current target velocity: 1.947370160416189 (frenet_interface.py:282)
INFO     [2025-01-12 11:22:02] --- Sampled interval of velocity: 0.00 m/s - 7.53 m/s (planner.py:310)
INFO     [2025-01-12 11:22:02] --- select trajectory 191 (reactive_planner_cpp.py:382)
INFO     [2025-01-12 11:22:02] --- current time step: 108 (frenet_interface.py:257)
INFO     [2025-01-12 11:22:02] --- current velocity: 1.664576872200203 (frenet_interface.py:258)
INFO     [2025-01-12 11:22:02] --- current target velocity: 1.7802806817820134 (frenet_interface.py:259)
INFO     [2025-01-12 11:22:05] --- Sampled interval of velocity: 0.00 m/s - 7.41 m/s (planner.py:310)
INFO     [2025-01-12 11:22:05] --- current time step: 109 (frenet_interface.py:280)
INFO     [2025-01-12 11:22:05] --- current velocity: 1.5049058121023773 (frenet_interface.py:281)
INFO     [2025-01-12 11:22:05] --- current target velocity: 1.664576872200203 (frenet_interface.py:282)
INFO     [2025-01-12 11:22:05] --- Sampled interval of velocity: 0.00 m/s - 7.25 m/s (planner.py:310)
INFO     [2025-01-12 11:22:05] --- current time step: 110 (frenet_interface.py:280)
INFO     [2025-01-12 11:22:05] --- current velocity: 1.312853319682228 (frenet_interface.py:281)
INFO     [2025-01-12 11:22:05] --- current target velocity: 1.5049058121023773 (frenet_interface.py:282)
INFO     [2025-01-12 11:22:06] --- Sampled interval of velocity: 0.00 m/s - 7.06 m/s (planner.py:310)
WARNING  [2025-01-12 11:22:06] --- No optimal trajectory available. Select stopping trajectory! (reactive_planner_cpp.py:407)
INFO     [2025-01-12 11:22:06] --- current time step: 111 (frenet_interface.py:257)
INFO     [2025-01-12 11:22:06] --- current velocity: 1.1978441904855102 (frenet_interface.py:258)
INFO     [2025-01-12 11:22:06] --- current target velocity: 1.312853319682228 (frenet_interface.py:259)
INFO     [2025-01-12 11:22:09] --- Sampled interval of velocity: 0.00 m/s - 6.95 m/s (planner.py:310)
INFO     [2025-01-12 11:22:09] --- current time step: 112 (frenet_interface.py:280)
INFO     [2025-01-12 11:22:09] --- current velocity: 1.0617047878073331 (frenet_interface.py:281)
INFO     [2025-01-12 11:22:09] --- current target velocity: 1.1978441904855102 (frenet_interface.py:282)
INFO     [2025-01-12 11:22:09] --- Sampled interval of velocity: 0.00 m/s - 6.81 m/s (planner.py:310)
INFO     [2025-01-12 11:22:09] --- current time step: 113 (frenet_interface.py:280)
INFO     [2025-01-12 11:22:09] --- current velocity: 0.9111951852415084 (frenet_interface.py:281)
INFO     [2025-01-12 11:22:09] --- current target velocity: 1.0617047878073331 (frenet_interface.py:282)
INFO     [2025-01-12 11:22:10] --- Sampled interval of velocity: 0.00 m/s - 6.66 m/s (planner.py:310)
WARNING  [2025-01-12 11:22:10] --- No optimal trajectory available. Select stopping trajectory! (reactive_planner_cpp.py:407)
INFO     [2025-01-12 11:22:10] --- current time step: 114 (frenet_interface.py:257)
INFO     [2025-01-12 11:22:10] --- current velocity: 0.8257640880985637 (frenet_interface.py:258)
INFO     [2025-01-12 11:22:10] --- current target velocity: 0.9111951852415084 (frenet_interface.py:259)
INFO     [2025-01-12 11:22:13] --- Sampled interval of velocity: 0.00 m/s - 6.58 m/s (planner.py:310)
INFO     [2025-01-12 11:22:13] --- current time step: 115 (frenet_interface.py:280)
INFO     [2025-01-12 11:22:13] --- current velocity: 0.7278136078059523 (frenet_interface.py:281)
INFO     [2025-01-12 11:22:13] --- current target velocity: 0.8257640880985637 (frenet_interface.py:282)
INFO     [2025-01-12 11:22:13] --- Sampled interval of velocity: 0.00 m/s - 6.48 m/s (planner.py:310)
INFO     [2025-01-12 11:22:13] --- current time step: 116 (frenet_interface.py:280)
INFO     [2025-01-12 11:22:13] --- current velocity: 0.6216959441004178 (frenet_interface.py:281)
INFO     [2025-01-12 11:22:13] --- current target velocity: 0.7278136078059523 (frenet_interface.py:282)
INFO     [2025-01-12 11:22:13] --- Sampled interval of velocity: 0.00 m/s - 6.37 m/s (planner.py:310)
WARNING  [2025-01-12 11:22:14] --- No optimal trajectory available. Select stopping trajectory! (reactive_planner_cpp.py:407)
INFO     [2025-01-12 11:22:14] --- current time step: 117 (frenet_interface.py:257)
INFO     [2025-01-12 11:22:14] --- current velocity: 0.5623012322607406 (frenet_interface.py:258)
INFO     [2025-01-12 11:22:14] --- current target velocity: 0.6216959441004178 (frenet_interface.py:259)
