CRITICAL [2025-01-12 11:29:22] --- Start Planner Vehicle ID: 30713 (frenet_interface.py:67)
INFO     [2025-01-12 11:29:26] --- Sampled interval of velocity: 0.00 m/s - 11.37 m/s (planner.py:310)
WARNING  [2025-01-12 11:29:26] --- No optimal trajectory available. Select stopping trajectory! (reactive_planner_cpp.py:407)
INFO     [2025-01-12 11:29:26] --- current time step: 0 (frenet_interface.py:257)
INFO     [2025-01-12 11:29:26] --- current velocity: 5.537212453533501 (frenet_interface.py:258)
INFO     [2025-01-12 11:29:26] --- current target velocity: 4.3857806458004935 (frenet_interface.py:259)
INFO     [2025-01-12 11:29:27] --- Sampled interval of velocity: 0.00 m/s - 11.29 m/s (planner.py:310)
INFO     [2025-01-12 11:29:27] --- current time step: 1 (frenet_interface.py:280)
INFO     [2025-01-12 11:29:27] --- current velocity: 5.365312915693776 (frenet_interface.py:281)
INFO     [2025-01-12 11:29:27] --- current target velocity: 4.378383110345851 (frenet_interface.py:282)
INFO     [2025-01-12 11:29:28] --- Sampled interval of velocity: 0.00 m/s - 11.12 m/s (planner.py:310)
INFO     [2025-01-12 11:29:28] --- current time step: 2 (frenet_interface.py:280)
INFO     [2025-01-12 11:29:28] --- current velocity: 5.197528332224777 (frenet_interface.py:281)
INFO     [2025-01-12 11:29:28] --- current target velocity: 4.370651605411141 (frenet_interface.py:282)
INFO     [2025-01-12 11:29:28] --- Sampled interval of velocity: 0.00 m/s - 10.95 m/s (planner.py:310)
INFO     [2025-01-12 11:29:28] --- select trajectory 426 (reactive_planner_cpp.py:382)
INFO     [2025-01-12 11:29:28] --- current time step: 3 (frenet_interface.py:257)
INFO     [2025-01-12 11:29:28] --- current velocity: 5.141632586006497 (frenet_interface.py:258)
INFO     [2025-01-12 11:29:28] --- current target velocity: 4.3632444022016275 (frenet_interface.py:259)
INFO     [2025-01-12 11:29:31] --- Sampled interval of velocity: 0.00 m/s - 10.89 m/s (planner.py:310)
INFO     [2025-01-12 11:29:31] --- current time step: 4 (frenet_interface.py:280)
INFO     [2025-01-12 11:29:31] --- current velocity: 5.085205626616695 (frenet_interface.py:281)
INFO     [2025-01-12 11:29:31] --- current target velocity: 4.356418896138217 (frenet_interface.py:282)
INFO     [2025-01-12 11:29:31] --- Sampled interval of velocity: 0.00 m/s - 10.84 m/s (planner.py:310)
INFO     [2025-01-12 11:29:31] --- current time step: 5 (frenet_interface.py:280)
INFO     [2025-01-12 11:29:31] --- current velocity: 5.014476358546588 (frenet_interface.py:281)
INFO     [2025-01-12 11:29:31] --- current target velocity: 4.350119069700995 (frenet_interface.py:282)
INFO     [2025-01-12 11:29:33] --- Sampled interval of velocity: 0.00 m/s - 10.76 m/s (planner.py:310)
INFO     [2025-01-12 11:29:33] --- select trajectory 221 (reactive_planner_cpp.py:382)
INFO     [2025-01-12 11:29:33] --- current time step: 6 (frenet_interface.py:257)
INFO     [2025-01-12 11:29:33] --- current velocity: 4.983909468181854 (frenet_interface.py:258)
INFO     [2025-01-12 11:29:33] --- current target velocity: 4.344450338480281 (frenet_interface.py:259)
INFO     [2025-01-12 11:29:35] --- Sampled interval of velocity: 0.00 m/s - 10.73 m/s (planner.py:310)
INFO     [2025-01-12 11:29:35] --- current time step: 7 (frenet_interface.py:280)
INFO     [2025-01-12 11:29:35] --- current velocity: 4.941243960373883 (frenet_interface.py:281)
INFO     [2025-01-12 11:29:35] --- current target velocity: 4.3392942451360454 (frenet_interface.py:282)
INFO     [2025-01-12 11:29:35] --- Sampled interval of velocity: 0.00 m/s - 10.69 m/s (planner.py:310)
INFO     [2025-01-12 11:29:35] --- current time step: 8 (frenet_interface.py:280)
INFO     [2025-01-12 11:29:35] --- current velocity: 4.890327905619316 (frenet_interface.py:281)
INFO     [2025-01-12 11:29:35] --- current target velocity: 4.334496770291911 (frenet_interface.py:282)
INFO     [2025-01-12 11:29:36] --- Sampled interval of velocity: 0.00 m/s - 10.64 m/s (planner.py:310)
INFO     [2025-01-12 11:29:36] --- select trajectory 321 (reactive_planner_cpp.py:382)
INFO     [2025-01-12 11:29:36] --- current time step: 9 (frenet_interface.py:257)
INFO     [2025-01-12 11:29:36] --- current velocity: 4.865958152273146 (frenet_interface.py:258)
INFO     [2025-01-12 11:29:36] --- current target velocity: 4.330091118156177 (frenet_interface.py:259)
INFO     [2025-01-12 11:29:37] --- Sampled interval of velocity: 0.00 m/s - 10.62 m/s (planner.py:310)
INFO     [2025-01-12 11:29:37] --- current time step: 10 (frenet_interface.py:280)
INFO     [2025-01-12 11:29:37] --- current velocity: 4.834756444102863 (frenet_interface.py:281)
INFO     [2025-01-12 11:29:37] --- current target velocity: 4.325987655478773 (frenet_interface.py:282)
INFO     [2025-01-12 11:29:38] --- Sampled interval of velocity: 0.00 m/s - 10.58 m/s (planner.py:310)
INFO     [2025-01-12 11:29:38] --- current time step: 11 (frenet_interface.py:280)
INFO     [2025-01-12 11:29:38] --- current velocity: 4.7976154576732455 (frenet_interface.py:281)
INFO     [2025-01-12 11:29:38] --- current target velocity: 4.322100215976924 (frenet_interface.py:282)
INFO     [2025-01-12 11:29:39] --- Sampled interval of velocity: 0.00 m/s - 10.55 m/s (planner.py:310)
INFO     [2025-01-12 11:29:39] --- select trajectory 526 (reactive_planner_cpp.py:382)
INFO     [2025-01-12 11:29:39] --- current time step: 12 (frenet_interface.py:257)
INFO     [2025-01-12 11:29:39] --- current velocity: 4.777490525519521 (frenet_interface.py:258)
INFO     [2025-01-12 11:29:39] --- current target velocity: 4.318461731784035 (frenet_interface.py:259)
INFO     [2025-01-12 11:29:41] --- Sampled interval of velocity: 0.00 m/s - 10.53 m/s (planner.py:310)
INFO     [2025-01-12 11:29:41] --- current time step: 13 (frenet_interface.py:280)
INFO     [2025-01-12 11:29:41] --- current velocity: 4.751736302677844 (frenet_interface.py:281)
INFO     [2025-01-12 11:29:41] --- current target velocity: 4.315020183939049 (frenet_interface.py:282)
INFO     [2025-01-12 11:29:41] --- Sampled interval of velocity: 0.00 m/s - 10.50 m/s (planner.py:310)
INFO     [2025-01-12 11:29:41] --- current time step: 14 (frenet_interface.py:280)
INFO     [2025-01-12 11:29:41] --- current velocity: 4.720905092545982 (frenet_interface.py:281)
INFO     [2025-01-12 11:29:41] --- current target velocity: 4.3117232546949795 (frenet_interface.py:282)
INFO     [2025-01-12 11:29:43] --- Sampled interval of velocity: 0.00 m/s - 10.47 m/s (planner.py:310)
INFO     [2025-01-12 11:29:43] --- select trajectory 621 (reactive_planner_cpp.py:382)
INFO     [2025-01-12 11:29:43] --- current time step: 15 (frenet_interface.py:257)
INFO     [2025-01-12 11:29:43] --- current velocity: 4.702209618219982 (frenet_interface.py:258)
INFO     [2025-01-12 11:29:43] --- current target velocity: 4.308599815456726 (frenet_interface.py:259)
INFO     [2025-01-12 11:29:44] --- Sampled interval of velocity: 0.00 m/s - 10.45 m/s (planner.py:310)
INFO     [2025-01-12 11:29:44] --- current time step: 16 (frenet_interface.py:280)
INFO     [2025-01-12 11:29:44] --- current velocity: 4.67940793319432 (frenet_interface.py:281)
INFO     [2025-01-12 11:29:44] --- current target velocity: 4.305615509103198 (frenet_interface.py:282)
INFO     [2025-01-12 11:29:45] --- Sampled interval of velocity: 0.00 m/s - 10.43 m/s (planner.py:310)
INFO     [2025-01-12 11:29:45] --- current time step: 17 (frenet_interface.py:280)
INFO     [2025-01-12 11:29:45] --- current velocity: 4.653588101908301 (frenet_interface.py:281)
INFO     [2025-01-12 11:29:45] --- current target velocity: 4.302734874586596 (frenet_interface.py:282)
INFO     [2025-01-12 11:29:46] --- Sampled interval of velocity: 0.00 m/s - 10.40 m/s (planner.py:310)
INFO     [2025-01-12 11:29:46] --- select trajectory 721 (reactive_planner_cpp.py:382)
INFO     [2025-01-12 11:29:46] --- current time step: 18 (frenet_interface.py:257)
INFO     [2025-01-12 11:29:46] --- current velocity: 4.637569382908261 (frenet_interface.py:258)
INFO     [2025-01-12 11:29:46] --- current target velocity: 4.2999827239636215 (frenet_interface.py:259)
INFO     [2025-01-12 11:29:47] --- Sampled interval of velocity: 0.00 m/s - 10.39 m/s (planner.py:310)
INFO     [2025-01-12 11:29:47] --- current time step: 19 (frenet_interface.py:280)
INFO     [2025-01-12 11:29:47] --- current velocity: 4.618833940662624 (frenet_interface.py:281)
INFO     [2025-01-12 11:29:47] --- current target velocity: 4.297334931561956 (frenet_interface.py:282)
INFO     [2025-01-12 11:29:48] --- Sampled interval of velocity: 0.00 m/s - 10.37 m/s (planner.py:310)
INFO     [2025-01-12 11:29:48] --- current time step: 20 (frenet_interface.py:280)
INFO     [2025-01-12 11:29:48] --- current velocity: 4.59818674977105 (frenet_interface.py:281)
INFO     [2025-01-12 11:29:48] --- current target velocity: 4.294768612035562 (frenet_interface.py:282)
INFO     [2025-01-12 11:29:49] --- Sampled interval of velocity: 0.00 m/s - 10.35 m/s (planner.py:310)
INFO     [2025-01-12 11:29:49] --- select trajectory 721 (reactive_planner_cpp.py:382)
INFO     [2025-01-12 11:29:49] --- current time step: 21 (frenet_interface.py:257)
INFO     [2025-01-12 11:29:49] --- current velocity: 4.585485221375358 (frenet_interface.py:258)
INFO     [2025-01-12 11:29:49] --- current target velocity: 4.292308606935087 (frenet_interface.py:259)
INFO     [2025-01-12 11:29:51] --- Sampled interval of velocity: 0.00 m/s - 10.34 m/s (planner.py:310)
INFO     [2025-01-12 11:29:51] --- current time step: 22 (frenet_interface.py:280)
INFO     [2025-01-12 11:29:51] --- current velocity: 4.57032625228508 (frenet_interface.py:281)
INFO     [2025-01-12 11:29:51] --- current target velocity: 4.289937405764578 (frenet_interface.py:282)
INFO     [2025-01-12 11:29:51] --- Sampled interval of velocity: 0.00 m/s - 10.32 m/s (planner.py:310)
INFO     [2025-01-12 11:29:51] --- current time step: 23 (frenet_interface.py:280)
INFO     [2025-01-12 11:29:51] --- current velocity: 4.552340391416682 (frenet_interface.py:281)
INFO     [2025-01-12 11:29:51] --- current target velocity: 4.2876391819014295 (frenet_interface.py:282)
INFO     [2025-01-12 11:29:52] --- Sampled interval of velocity: 0.00 m/s - 10.30 m/s (planner.py:310)
INFO     [2025-01-12 11:29:52] --- select trajectory 231 (reactive_planner_cpp.py:382)
INFO     [2025-01-12 11:29:52] --- current time step: 24 (frenet_interface.py:257)
INFO     [2025-01-12 11:29:52] --- current velocity: 4.5438586355373305 (frenet_interface.py:258)
INFO     [2025-01-12 11:29:52] --- current target velocity: 4.285439577700061 (frenet_interface.py:259)
INFO     [2025-01-12 11:29:54] --- Sampled interval of velocity: 0.00 m/s - 10.29 m/s (planner.py:310)
INFO     [2025-01-12 11:29:54] --- current time step: 25 (frenet_interface.py:280)
INFO     [2025-01-12 11:29:54] --- current velocity: 4.53721271560208 (frenet_interface.py:281)
INFO     [2025-01-12 11:29:54] --- current target velocity: 4.28331735396114 (frenet_interface.py:282)
INFO     [2025-01-12 11:29:55] --- Sampled interval of velocity: 0.00 m/s - 10.29 m/s (planner.py:310)
INFO     [2025-01-12 11:29:55] --- current time step: 26 (frenet_interface.py:280)
INFO     [2025-01-12 11:29:55] --- current velocity: 4.532088625909824 (frenet_interface.py:281)
INFO     [2025-01-12 11:29:55] --- current target velocity: 4.28122533309672 (frenet_interface.py:282)
INFO     [2025-01-12 11:29:56] --- Sampled interval of velocity: 0.00 m/s - 10.28 m/s (planner.py:310)
INFO     [2025-01-12 11:29:56] --- select trajectory 231 (reactive_planner_cpp.py:382)
INFO     [2025-01-12 11:29:56] --- current time step: 27 (frenet_interface.py:257)
INFO     [2025-01-12 11:29:56] --- current velocity: 4.530239343079606 (frenet_interface.py:258)
INFO     [2025-01-12 11:29:56] --- current target velocity: 4.279149939066461 (frenet_interface.py:259)
INFO     [2025-01-12 11:29:58] --- Sampled interval of velocity: 0.00 m/s - 10.28 m/s (planner.py:310)
INFO     [2025-01-12 11:29:58] --- current time step: 28 (frenet_interface.py:280)
INFO     [2025-01-12 11:29:58] --- current velocity: 4.528666240515201 (frenet_interface.py:281)
INFO     [2025-01-12 11:29:58] --- current target velocity: 4.277070289447929 (frenet_interface.py:282)
INFO     [2025-01-12 11:29:59] --- Sampled interval of velocity: 0.00 m/s - 10.28 m/s (planner.py:310)
INFO     [2025-01-12 11:29:59] --- current time step: 29 (frenet_interface.py:280)
INFO     [2025-01-12 11:29:59] --- current velocity: 4.527404098790604 (frenet_interface.py:281)
INFO     [2025-01-12 11:29:59] --- current target velocity: 4.274971483252368 (frenet_interface.py:282)
INFO     [2025-01-12 11:29:59] --- Sampled interval of velocity: 0.00 m/s - 10.28 m/s (planner.py:310)
INFO     [2025-01-12 11:29:59] --- select trajectory 31 (reactive_planner_cpp.py:382)
INFO     [2025-01-12 11:29:59] --- current time step: 30 (frenet_interface.py:257)
INFO     [2025-01-12 11:29:59] --- current velocity: 4.526874550640801 (frenet_interface.py:258)
INFO     [2025-01-12 11:29:59] --- current target velocity: 4.2728496061585375 (frenet_interface.py:259)
INFO     [2025-01-12 11:30:01] --- Sampled interval of velocity: 0.00 m/s - 10.28 m/s (planner.py:310)
INFO     [2025-01-12 11:30:01] --- current time step: 31 (frenet_interface.py:280)
INFO     [2025-01-12 11:30:01] --- current velocity: 4.526422011870711 (frenet_interface.py:281)
INFO     [2025-01-12 11:30:01] --- current target velocity: 4.270698941729594 (frenet_interface.py:282)
INFO     [2025-01-12 11:30:01] --- Sampled interval of velocity: 0.00 m/s - 10.28 m/s (planner.py:310)
INFO     [2025-01-12 11:30:01] --- current time step: 32 (frenet_interface.py:280)
INFO     [2025-01-12 11:30:01] --- current velocity: 4.526089676252597 (frenet_interface.py:281)
INFO     [2025-01-12 11:30:01] --- current target velocity: 4.268515084083648 (frenet_interface.py:282)
INFO     [2025-01-12 11:30:03] --- Sampled interval of velocity: 0.00 m/s - 10.28 m/s (planner.py:310)
INFO     [2025-01-12 11:30:03] --- select trajectory 721 (reactive_planner_cpp.py:382)
INFO     [2025-01-12 11:30:03] --- current time step: 33 (frenet_interface.py:257)
INFO     [2025-01-12 11:30:03] --- current velocity: 4.523725613279528 (frenet_interface.py:258)
INFO     [2025-01-12 11:30:03] --- current target velocity: 4.266296228395519 (frenet_interface.py:259)
INFO     [2025-01-12 11:30:04] --- Sampled interval of velocity: 0.00 m/s - 10.27 m/s (planner.py:310)
INFO     [2025-01-12 11:30:04] --- current time step: 34 (frenet_interface.py:280)
INFO     [2025-01-12 11:30:04] --- current velocity: 4.517203540813054 (frenet_interface.py:281)
INFO     [2025-01-12 11:30:04] --- current target velocity: 4.264046642975609 (frenet_interface.py:282)
INFO     [2025-01-12 11:30:05] --- Sampled interval of velocity: 0.00 m/s - 10.27 m/s (planner.py:310)
INFO     [2025-01-12 11:30:05] --- current time step: 35 (frenet_interface.py:280)
INFO     [2025-01-12 11:30:05] --- current velocity: 4.506849711872108 (frenet_interface.py:281)
INFO     [2025-01-12 11:30:05] --- current target velocity: 4.261796135669932 (frenet_interface.py:282)
INFO     [2025-01-12 11:30:06] --- Sampled interval of velocity: 0.00 m/s - 10.26 m/s (planner.py:310)
INFO     [2025-01-12 11:30:06] --- select trajectory 631 (reactive_planner_cpp.py:382)
INFO     [2025-01-12 11:30:06] --- current time step: 36 (frenet_interface.py:257)
INFO     [2025-01-12 11:30:06] --- current velocity: 4.50115619289285 (frenet_interface.py:258)
INFO     [2025-01-12 11:30:06] --- current target velocity: 4.259580229704422 (frenet_interface.py:259)
INFO     [2025-01-12 11:30:07] --- Sampled interval of velocity: 0.00 m/s - 10.25 m/s (planner.py:310)
INFO     [2025-01-12 11:30:07] --- current time step: 37 (frenet_interface.py:280)
INFO     [2025-01-12 11:30:07] --- current velocity: 4.4962793861331685 (frenet_interface.py:281)
INFO     [2025-01-12 11:30:07] --- current target velocity: 4.257399493345526 (frenet_interface.py:282)
INFO     [2025-01-12 11:30:08] --- Sampled interval of velocity: 0.00 m/s - 10.25 m/s (planner.py:310)
INFO     [2025-01-12 11:30:08] --- current time step: 38 (frenet_interface.py:280)
INFO     [2025-01-12 11:30:08] --- current velocity: 4.492155256823013 (frenet_interface.py:281)
INFO     [2025-01-12 11:30:08] --- current target velocity: 4.255226892007468 (frenet_interface.py:282)
INFO     [2025-01-12 11:30:09] --- Sampled interval of velocity: 0.00 m/s - 10.24 m/s (planner.py:310)
INFO     [2025-01-12 11:30:09] --- select trajectory 231 (reactive_planner_cpp.py:382)
INFO     [2025-01-12 11:30:09] --- current time step: 39 (frenet_interface.py:257)
INFO     [2025-01-12 11:30:09] --- current velocity: 4.490460723173449 (frenet_interface.py:258)
INFO     [2025-01-12 11:30:09] --- current target velocity: 4.2530556182011985 (frenet_interface.py:259)
INFO     [2025-01-12 11:30:11] --- Sampled interval of velocity: 0.00 m/s - 10.24 m/s (planner.py:310)
INFO     [2025-01-12 11:30:11] --- current time step: 40 (frenet_interface.py:280)
INFO     [2025-01-12 11:30:11] --- current velocity: 4.48910755796093 (frenet_interface.py:281)
INFO     [2025-01-12 11:30:11] --- current target velocity: 4.250870896200215 (frenet_interface.py:282)
INFO     [2025-01-12 11:30:12] --- Sampled interval of velocity: 0.00 m/s - 10.24 m/s (planner.py:310)
INFO     [2025-01-12 11:30:12] --- current time step: 41 (frenet_interface.py:280)
INFO     [2025-01-12 11:30:12] --- current velocity: 4.488067080925159 (frenet_interface.py:281)
INFO     [2025-01-12 11:30:12] --- current target velocity: 4.2486597861921345 (frenet_interface.py:282)
INFO     [2025-01-12 11:30:13] --- Sampled interval of velocity: 0.00 m/s - 10.24 m/s (planner.py:310)
INFO     [2025-01-12 11:30:13] --- select trajectory 231 (reactive_planner_cpp.py:382)
INFO     [2025-01-12 11:30:13] --- current time step: 42 (frenet_interface.py:257)
INFO     [2025-01-12 11:30:13] --- current velocity: 4.487663344526124 (frenet_interface.py:258)
INFO     [2025-01-12 11:30:13] --- current target velocity: 4.24641843150283 (frenet_interface.py:259)
INFO     [2025-01-12 11:30:14] --- Sampled interval of velocity: 0.00 m/s - 10.24 m/s (planner.py:310)
INFO     [2025-01-12 11:30:14] --- current time step: 43 (frenet_interface.py:280)
INFO     [2025-01-12 11:30:14] --- current velocity: 4.4873356818395616 (frenet_interface.py:281)
INFO     [2025-01-12 11:30:14] --- current target velocity: 4.244141335469873 (frenet_interface.py:282)
INFO     [2025-01-12 11:30:15] --- Sampled interval of velocity: 0.00 m/s - 10.24 m/s (planner.py:310)
INFO     [2025-01-12 11:30:15] --- current time step: 44 (frenet_interface.py:280)
INFO     [2025-01-12 11:30:15] --- current velocity: 4.487080158568988 (frenet_interface.py:281)
INFO     [2025-01-12 11:30:15] --- current target velocity: 4.24182424896292 (frenet_interface.py:282)
INFO     [2025-01-12 11:30:16] --- Sampled interval of velocity: 0.00 m/s - 10.24 m/s (planner.py:310)
INFO     [2025-01-12 11:30:16] --- select trajectory 31 (reactive_planner_cpp.py:382)
INFO     [2025-01-12 11:30:16] --- current time step: 45 (frenet_interface.py:257)
INFO     [2025-01-12 11:30:16] --- current velocity: 4.486979727010465 (frenet_interface.py:258)
INFO     [2025-01-12 11:30:16] --- current target velocity: 4.239465268837039 (frenet_interface.py:259)
INFO     [2025-01-12 11:30:17] --- Sampled interval of velocity: 0.00 m/s - 10.24 m/s (planner.py:310)
INFO     [2025-01-12 11:30:17] --- current time step: 46 (frenet_interface.py:280)
INFO     [2025-01-12 11:30:17] --- current velocity: 4.486900609569322 (frenet_interface.py:281)
INFO     [2025-01-12 11:30:17] --- current target velocity: 4.237062052911983 (frenet_interface.py:282)
INFO     [2025-01-12 11:30:17] --- Sampled interval of velocity: 0.00 m/s - 10.24 m/s (planner.py:310)
INFO     [2025-01-12 11:30:17] --- current time step: 47 (frenet_interface.py:280)
INFO     [2025-01-12 11:30:17] --- current velocity: 4.486843431981182 (frenet_interface.py:281)
INFO     [2025-01-12 11:30:17] --- current target velocity: 4.234612496948403 (frenet_interface.py:282)
INFO     [2025-01-12 11:30:19] --- Sampled interval of velocity: 0.00 m/s - 10.24 m/s (planner.py:310)
INFO     [2025-01-12 11:30:19] --- select trajectory 721 (reactive_planner_cpp.py:382)
INFO     [2025-01-12 11:30:19] --- current time step: 48 (frenet_interface.py:257)
INFO     [2025-01-12 11:30:19] --- current velocity: 4.484712828802632 (frenet_interface.py:258)
INFO     [2025-01-12 11:30:19] --- current target velocity: 4.232115017002071 (frenet_interface.py:259)
INFO     [2025-01-12 11:30:21] --- Sampled interval of velocity: 0.00 m/s - 10.23 m/s (planner.py:310)
INFO     [2025-01-12 11:30:21] --- current time step: 49 (frenet_interface.py:280)
INFO     [2025-01-12 11:30:21] --- current velocity: 4.478558195898461 (frenet_interface.py:281)
INFO     [2025-01-12 11:30:21] --- current target velocity: 4.2295749853463445 (frenet_interface.py:282)
INFO     [2025-01-12 11:30:21] --- Sampled interval of velocity: 0.00 m/s - 10.23 m/s (planner.py:310)
INFO     [2025-01-12 11:30:21] --- current time step: 50 (frenet_interface.py:280)
INFO     [2025-01-12 11:30:21] --- current velocity: 4.468666297280065 (frenet_interface.py:281)
INFO     [2025-01-12 11:30:21] --- current target velocity: 4.227025715001184 (frenet_interface.py:282)
INFO     [2025-01-12 11:30:23] --- Sampled interval of velocity: 0.00 m/s - 10.22 m/s (planner.py:310)
INFO     [2025-01-12 11:30:23] --- select trajectory 731 (reactive_planner_cpp.py:382)
INFO     [2025-01-12 11:30:23] --- current time step: 51 (frenet_interface.py:257)
INFO     [2025-01-12 11:30:23] --- current velocity: 4.463217268913464 (frenet_interface.py:258)
INFO     [2025-01-12 11:30:23] --- current target velocity: 4.224506534466299 (frenet_interface.py:259)
INFO     [2025-01-12 11:30:25] --- Sampled interval of velocity: 0.00 m/s - 10.21 m/s (planner.py:310)
INFO     [2025-01-12 11:30:25] --- current time step: 52 (frenet_interface.py:280)
INFO     [2025-01-12 11:30:25] --- current velocity: 4.458506723139627 (frenet_interface.py:281)
INFO     [2025-01-12 11:30:25] --- current target velocity: 4.222018238336852 (frenet_interface.py:282)
INFO     [2025-01-12 11:30:25] --- Sampled interval of velocity: 0.00 m/s - 10.21 m/s (planner.py:310)
INFO     [2025-01-12 11:30:25] --- current time step: 53 (frenet_interface.py:280)
INFO     [2025-01-12 11:30:25] --- current velocity: 4.454493524513769 (frenet_interface.py:281)
INFO     [2025-01-12 11:30:25] --- current target velocity: 4.219530996298645 (frenet_interface.py:282)
INFO     [2025-01-12 11:30:26] --- Sampled interval of velocity: 0.00 m/s - 10.20 m/s (planner.py:310)
INFO     [2025-01-12 11:30:26] --- select trajectory 231 (reactive_planner_cpp.py:382)
INFO     [2025-01-12 11:30:26] --- current time step: 54 (frenet_interface.py:257)
INFO     [2025-01-12 11:30:26] --- current velocity: 4.452833842969354 (frenet_interface.py:258)
INFO     [2025-01-12 11:30:26] --- current target velocity: 4.217037269218966 (frenet_interface.py:259)
INFO     [2025-01-12 11:30:29] --- Sampled interval of velocity: 0.00 m/s - 10.20 m/s (planner.py:310)
INFO     [2025-01-12 11:30:29] --- current time step: 55 (frenet_interface.py:280)
INFO     [2025-01-12 11:30:29] --- current velocity: 4.451509980095955 (frenet_interface.py:281)
INFO     [2025-01-12 11:30:29] --- current target velocity: 4.214520353286597 (frenet_interface.py:282)
INFO     [2025-01-12 11:30:29] --- Sampled interval of velocity: 0.00 m/s - 10.20 m/s (planner.py:310)
INFO     [2025-01-12 11:30:29] --- current time step: 56 (frenet_interface.py:280)
INFO     [2025-01-12 11:30:29] --- current velocity: 4.450498297642872 (frenet_interface.py:281)
INFO     [2025-01-12 11:30:29] --- current target velocity: 4.211965288030563 (frenet_interface.py:282)
INFO     [2025-01-12 11:30:30] --- Sampled interval of velocity: 0.00 m/s - 10.20 m/s (planner.py:310)
INFO     [2025-01-12 11:30:30] --- select trajectory 721 (reactive_planner_cpp.py:382)
INFO     [2025-01-12 11:30:30] --- current time step: 57 (frenet_interface.py:257)
INFO     [2025-01-12 11:30:30] --- current velocity: 4.4480541972061145 (frenet_interface.py:258)
INFO     [2025-01-12 11:30:30] --- current target velocity: 4.2093672845926955 (frenet_interface.py:259)
INFO     [2025-01-12 11:30:31] --- Sampled interval of velocity: 0.00 m/s - 10.20 m/s (planner.py:310)
INFO     [2025-01-12 11:30:31] --- current time step: 58 (frenet_interface.py:280)
INFO     [2025-01-12 11:30:31] --- current velocity: 4.441777396336696 (frenet_interface.py:281)
INFO     [2025-01-12 11:30:31] --- current target velocity: 4.206727192477965 (frenet_interface.py:282)
INFO     [2025-01-12 11:30:32] --- Sampled interval of velocity: 0.00 m/s - 10.19 m/s (planner.py:310)
INFO     [2025-01-12 11:30:32] --- current time step: 59 (frenet_interface.py:280)
INFO     [2025-01-12 11:30:32] --- current velocity: 4.431945023319504 (frenet_interface.py:281)
INFO     [2025-01-12 11:30:32] --- current target velocity: 4.204077059844924 (frenet_interface.py:282)
INFO     [2025-01-12 11:30:33] --- Sampled interval of velocity: 0.00 m/s - 10.18 m/s (planner.py:310)
INFO     [2025-01-12 11:30:33] --- select trajectory 731 (reactive_planner_cpp.py:382)
INFO     [2025-01-12 11:30:33] --- current time step: 60 (frenet_interface.py:257)
INFO     [2025-01-12 11:30:33] --- current velocity: 4.426562683543323 (frenet_interface.py:258)
INFO     [2025-01-12 11:30:33] --- current target velocity: 4.201458067137642 (frenet_interface.py:259)
INFO     [2025-01-12 11:30:34] --- Sampled interval of velocity: 0.00 m/s - 10.18 m/s (planner.py:310)
INFO     [2025-01-12 11:30:34] --- current time step: 61 (frenet_interface.py:280)
INFO     [2025-01-12 11:30:34] --- current velocity: 4.421912236215868 (frenet_interface.py:281)
INFO     [2025-01-12 11:30:34] --- current target velocity: 4.1988699075697635 (frenet_interface.py:282)
INFO     [2025-01-12 11:30:35] --- Sampled interval of velocity: 0.00 m/s - 10.17 m/s (planner.py:310)
INFO     [2025-01-12 11:30:35] --- current time step: 62 (frenet_interface.py:280)
INFO     [2025-01-12 11:30:35] --- current velocity: 4.417962564356349 (frenet_interface.py:281)
INFO     [2025-01-12 11:30:35] --- current target velocity: 4.196279861948051 (frenet_interface.py:282)
INFO     [2025-01-12 11:30:35] --- Sampled interval of velocity: 0.00 m/s - 10.17 m/s (planner.py:310)
INFO     [2025-01-12 11:30:35] --- select trajectory 731 (reactive_planner_cpp.py:382)
INFO     [2025-01-12 11:30:35] --- current time step: 63 (frenet_interface.py:257)
INFO     [2025-01-12 11:30:35] --- current velocity: 4.416277133955133 (frenet_interface.py:258)
INFO     [2025-01-12 11:30:35] --- current target velocity: 4.193679607585515 (frenet_interface.py:259)
INFO     [2025-01-12 11:30:37] --- Sampled interval of velocity: 0.00 m/s - 10.17 m/s (planner.py:310)
INFO     [2025-01-12 11:30:37] --- current time step: 64 (frenet_interface.py:280)
INFO     [2025-01-12 11:30:37] --- current velocity: 4.414832372398283 (frenet_interface.py:281)
INFO     [2025-01-12 11:30:37] --- current target velocity: 4.19105100579136 (frenet_interface.py:282)
INFO     [2025-01-12 11:30:38] --- Sampled interval of velocity: 0.00 m/s - 10.16 m/s (planner.py:310)
INFO     [2025-01-12 11:30:38] --- current time step: 65 (frenet_interface.py:280)
INFO     [2025-01-12 11:30:38] --- current velocity: 4.413603881669301 (frenet_interface.py:281)
INFO     [2025-01-12 11:30:38] --- current target velocity: 4.188378614111897 (frenet_interface.py:282)
INFO     [2025-01-12 11:30:38] --- Sampled interval of velocity: 0.00 m/s - 10.16 m/s (planner.py:310)
INFO     [2025-01-12 11:30:38] --- select trajectory 231 (reactive_planner_cpp.py:382)
INFO     [2025-01-12 11:30:38] --- current time step: 66 (frenet_interface.py:257)
INFO     [2025-01-12 11:30:38] --- current velocity: 4.413108185073801 (frenet_interface.py:258)
INFO     [2025-01-12 11:30:38] --- current target velocity: 4.185658154849227 (frenet_interface.py:259)
INFO     [2025-01-12 11:30:40] --- Sampled interval of velocity: 0.00 m/s - 10.16 m/s (planner.py:310)
INFO     [2025-01-12 11:30:40] --- current time step: 67 (frenet_interface.py:280)
INFO     [2025-01-12 11:30:40] --- current velocity: 4.412716835034094 (frenet_interface.py:281)
INFO     [2025-01-12 11:30:40] --- current target velocity: 4.182881989366443 (frenet_interface.py:282)
INFO     [2025-01-12 11:30:41] --- Sampled interval of velocity: 0.00 m/s - 10.16 m/s (planner.py:310)
INFO     [2025-01-12 11:30:41] --- current time step: 68 (frenet_interface.py:280)
INFO     [2025-01-12 11:30:41] --- current velocity: 4.412427931455145 (frenet_interface.py:281)
INFO     [2025-01-12 11:30:41] --- current target velocity: 4.180042980661054 (frenet_interface.py:282)
INFO     [2025-01-12 11:30:41] --- Sampled interval of velocity: 0.00 m/s - 10.16 m/s (planner.py:310)
INFO     [2025-01-12 11:30:41] --- select trajectory 721 (reactive_planner_cpp.py:382)
INFO     [2025-01-12 11:30:41] --- current time step: 69 (frenet_interface.py:257)
INFO     [2025-01-12 11:30:41] --- current velocity: 4.410376446201134 (frenet_interface.py:258)
INFO     [2025-01-12 11:30:41] --- current target velocity: 4.177137504564862 (frenet_interface.py:259)
INFO     [2025-01-12 11:30:43] --- Sampled interval of velocity: 0.00 m/s - 10.16 m/s (planner.py:310)
INFO     [2025-01-12 11:30:43] --- current time step: 70 (frenet_interface.py:280)
INFO     [2025-01-12 11:30:43] --- current velocity: 4.404603962688827 (frenet_interface.py:281)
INFO     [2025-01-12 11:30:43] --- current target velocity: 4.1741694710914405 (frenet_interface.py:282)
INFO     [2025-01-12 11:30:43] --- Sampled interval of velocity: 0.00 m/s - 10.15 m/s (planner.py:310)
INFO     [2025-01-12 11:30:43] --- current time step: 71 (frenet_interface.py:280)
INFO     [2025-01-12 11:30:43] --- current velocity: 4.395420514877753 (frenet_interface.py:281)
INFO     [2025-01-12 11:30:43] --- current target velocity: 4.171176177832799 (frenet_interface.py:282)
INFO     [2025-01-12 11:30:44] --- Sampled interval of velocity: 0.00 m/s - 10.15 m/s (planner.py:310)
INFO     [2025-01-12 11:30:44] --- select trajectory 731 (reactive_planner_cpp.py:382)
INFO     [2025-01-12 11:30:44] --- current time step: 72 (frenet_interface.py:257)
INFO     [2025-01-12 11:30:44] --- current velocity: 4.390384101450738 (frenet_interface.py:258)
INFO     [2025-01-12 11:30:44] --- current target velocity: 4.1682032420941235 (frenet_interface.py:259)
INFO     [2025-01-12 11:30:46] --- Sampled interval of velocity: 0.00 m/s - 10.14 m/s (planner.py:310)
INFO     [2025-01-12 11:30:46] --- current time step: 73 (frenet_interface.py:280)
INFO     [2025-01-12 11:30:46] --- current velocity: 4.386070183299316 (frenet_interface.py:281)
INFO     [2025-01-12 11:30:46] --- current target velocity: 4.165250908930546 (frenet_interface.py:282)
INFO     [2025-01-12 11:30:46] --- Sampled interval of velocity: 0.00 m/s - 10.14 m/s (planner.py:310)
INFO     [2025-01-12 11:30:46] --- current time step: 74 (frenet_interface.py:280)
INFO     [2025-01-12 11:30:46] --- current velocity: 4.382386794171088 (frenet_interface.py:281)
INFO     [2025-01-12 11:30:46] --- current target velocity: 4.1622830983986 (frenet_interface.py:282)
INFO     [2025-01-12 11:30:47] --- Sampled interval of velocity: 0.00 m/s - 10.13 m/s (planner.py:310)
INFO     [2025-01-12 11:30:47] --- select trajectory 731 (reactive_planner_cpp.py:382)
INFO     [2025-01-12 11:30:47] --- current time step: 75 (frenet_interface.py:257)
INFO     [2025-01-12 11:30:47] --- current velocity: 4.380828950151075 (frenet_interface.py:258)
INFO     [2025-01-12 11:30:47] --- current target velocity: 4.1592901009754355 (frenet_interface.py:259)
INFO     [2025-01-12 11:30:49] --- Sampled interval of velocity: 0.00 m/s - 10.13 m/s (planner.py:310)
INFO     [2025-01-12 11:30:49] --- current time step: 76 (frenet_interface.py:280)
INFO     [2025-01-12 11:30:49] --- current velocity: 4.37946319383687 (frenet_interface.py:281)
INFO     [2025-01-12 11:30:49] --- current target velocity: 4.156251289108174 (frenet_interface.py:282)
INFO     [2025-01-12 11:30:50] --- Sampled interval of velocity: 0.00 m/s - 10.13 m/s (planner.py:310)
INFO     [2025-01-12 11:30:50] --- current time step: 77 (frenet_interface.py:280)
INFO     [2025-01-12 11:30:50] --- current velocity: 4.378267840248846 (frenet_interface.py:281)
INFO     [2025-01-12 11:30:50] --- current target velocity: 4.153148820203841 (frenet_interface.py:282)
INFO     [2025-01-12 11:30:50] --- Sampled interval of velocity: 0.00 m/s - 10.13 m/s (planner.py:310)
INFO     [2025-01-12 11:30:50] --- select trajectory 721 (reactive_planner_cpp.py:382)
INFO     [2025-01-12 11:30:50] --- current time step: 78 (frenet_interface.py:257)
INFO     [2025-01-12 11:30:50] --- current velocity: 4.375826136465862 (frenet_interface.py:258)
INFO     [2025-01-12 11:30:50] --- current target velocity: 4.149977022797989 (frenet_interface.py:259)
INFO     [2025-01-12 11:30:53] --- Sampled interval of velocity: 0.00 m/s - 10.13 m/s (planner.py:310)
INFO     [2025-01-12 11:30:53] --- current time step: 79 (frenet_interface.py:280)
INFO     [2025-01-12 11:30:53] --- current velocity: 4.36982591205225 (frenet_interface.py:281)
INFO     [2025-01-12 11:30:53] --- current target velocity: 4.146735527582393 (frenet_interface.py:282)
INFO     [2025-01-12 11:30:53] --- Sampled interval of velocity: 0.00 m/s - 10.12 m/s (planner.py:310)
INFO     [2025-01-12 11:30:53] --- current time step: 80 (frenet_interface.py:280)
INFO     [2025-01-12 11:30:53] --- current velocity: 4.360511610543714 (frenet_interface.py:281)
INFO     [2025-01-12 11:30:53] --- current target velocity: 4.143460668772834 (frenet_interface.py:282)
INFO     [2025-01-12 11:30:54] --- Sampled interval of velocity: 0.00 m/s - 10.11 m/s (planner.py:310)
INFO     [2025-01-12 11:30:54] --- select trajectory 731 (reactive_planner_cpp.py:382)
INFO     [2025-01-12 11:30:54] --- current time step: 81 (frenet_interface.py:257)
INFO     [2025-01-12 11:30:54] --- current velocity: 4.355372413728184 (frenet_interface.py:258)
INFO     [2025-01-12 11:30:54] --- current target velocity: 4.1402010861809115 (frenet_interface.py:259)
INFO     [2025-01-12 11:30:56] --- Sampled interval of velocity: 0.00 m/s - 10.11 m/s (planner.py:310)
INFO     [2025-01-12 11:30:56] --- current time step: 82 (frenet_interface.py:280)
INFO     [2025-01-12 11:30:56] --- current velocity: 4.350910160256534 (frenet_interface.py:281)
INFO     [2025-01-12 11:30:56] --- current target velocity: 4.136955239227035 (frenet_interface.py:282)
INFO     [2025-01-12 11:30:57] --- Sampled interval of velocity: 0.00 m/s - 10.10 m/s (planner.py:310)
INFO     [2025-01-12 11:30:57] --- current time step: 83 (frenet_interface.py:280)
INFO     [2025-01-12 11:30:57] --- current velocity: 4.347101110633272 (frenet_interface.py:281)
INFO     [2025-01-12 11:30:57] --- current target velocity: 4.133682019789029 (frenet_interface.py:282)
INFO     [2025-01-12 11:30:57] --- Sampled interval of velocity: 0.00 m/s - 10.10 m/s (planner.py:310)
INFO     [2025-01-12 11:30:57] --- select trajectory 721 (reactive_planner_cpp.py:382)
INFO     [2025-01-12 11:30:57] --- current time step: 84 (frenet_interface.py:257)
INFO     [2025-01-12 11:30:57] --- current velocity: 4.343591606060847 (frenet_interface.py:258)
INFO     [2025-01-12 11:30:57] --- current target velocity: 4.13036995300108 (frenet_interface.py:259)
