CRITICAL [2025-01-12 11:38:35] --- Start Planner Vehicle ID: 30745 (frenet_interface.py:67)
INFO     [2025-01-12 11:38:37] --- Sampled interval of velocity: 0.00 m/s - 16.86 m/s (planner.py:310)
INFO     [2025-01-12 11:38:37] --- select trajectory 111 (reactive_planner_cpp.py:382)
INFO     [2025-01-12 11:38:37] --- current time step: 0 (frenet_interface.py:257)
INFO     [2025-01-12 11:38:37] --- current velocity: 10.944613398156772 (frenet_interface.py:258)
INFO     [2025-01-12 11:38:37] --- current target velocity: 6.1051 (frenet_interface.py:259)
INFO     [2025-01-12 11:38:39] --- Sampled interval of velocity: 0.00 m/s - 16.69 m/s (planner.py:310)
INFO     [2025-01-12 11:38:39] --- current time step: 1 (frenet_interface.py:280)
INFO     [2025-01-12 11:38:39] --- current velocity: 10.504569825197132 (frenet_interface.py:281)
INFO     [2025-01-12 11:38:39] --- current target velocity: 6.061969689858953 (frenet_interface.py:282)
INFO     [2025-01-12 11:38:40] --- Sampled interval of velocity: 0.00 m/s - 16.25 m/s (planner.py:310)
INFO     [2025-01-12 11:38:40] --- current time step: 2 (frenet_interface.py:280)
INFO     [2025-01-12 11:38:40] --- current velocity: 9.847093047022058 (frenet_interface.py:281)
INFO     [2025-01-12 11:38:40] --- current target velocity: 6.030110303106132 (frenet_interface.py:282)
INFO     [2025-01-12 11:38:40] --- Sampled interval of velocity: 0.00 m/s - 15.60 m/s (planner.py:310)
INFO     [2025-01-12 11:38:40] --- select trajectory 121 (reactive_planner_cpp.py:382)
INFO     [2025-01-12 11:38:40] --- current time step: 3 (frenet_interface.py:257)
INFO     [2025-01-12 11:38:40] --- current velocity: 9.445935161348205 (frenet_interface.py:258)
INFO     [2025-01-12 11:38:40] --- current target velocity: 6.001608582414423 (frenet_interface.py:259)
INFO     [2025-01-12 11:38:42] --- Sampled interval of velocity: 0.00 m/s - 15.20 m/s (planner.py:310)
INFO     [2025-01-12 11:38:42] --- current time step: 4 (frenet_interface.py:280)
INFO     [2025-01-12 11:38:42] --- current velocity: 8.999651729687455 (frenet_interface.py:281)
INFO     [2025-01-12 11:38:42] --- current target velocity: 5.976440335615539 (frenet_interface.py:282)
INFO     [2025-01-12 11:38:43] --- Sampled interval of velocity: 0.00 m/s - 14.75 m/s (planner.py:310)
INFO     [2025-01-12 11:38:43] --- current time step: 5 (frenet_interface.py:280)
INFO     [2025-01-12 11:38:43] --- current velocity: 8.525800764277069 (frenet_interface.py:281)
INFO     [2025-01-12 11:38:43] --- current target velocity: 5.953875197482987 (frenet_interface.py:282)
INFO     [2025-01-12 11:38:44] --- Sampled interval of velocity: 0.00 m/s - 14.28 m/s (planner.py:310)
INFO     [2025-01-12 11:38:44] --- select trajectory 121 (reactive_planner_cpp.py:382)
INFO     [2025-01-12 11:38:44] --- current time step: 6 (frenet_interface.py:257)
INFO     [2025-01-12 11:38:44] --- current velocity: 8.252844527888621 (frenet_interface.py:258)
INFO     [2025-01-12 11:38:44] --- current target velocity: 5.934221946537091 (frenet_interface.py:259)
INFO     [2025-01-12 11:38:45] --- Sampled interval of velocity: 0.00 m/s - 14.00 m/s (planner.py:310)
INFO     [2025-01-12 11:38:45] --- current time step: 7 (frenet_interface.py:280)
INFO     [2025-01-12 11:38:45] --- current velocity: 7.9268589689875855 (frenet_interface.py:281)
INFO     [2025-01-12 11:38:45] --- current target velocity: 5.916896507867738 (frenet_interface.py:282)
INFO     [2025-01-12 11:38:46] --- Sampled interval of velocity: 0.00 m/s - 13.68 m/s (planner.py:310)
INFO     [2025-01-12 11:38:46] --- current time step: 8 (frenet_interface.py:280)
INFO     [2025-01-12 11:38:46] --- current velocity: 7.564495010211553 (frenet_interface.py:281)
INFO     [2025-01-12 11:38:46] --- current target velocity: 5.901459062369129 (frenet_interface.py:282)
INFO     [2025-01-12 11:38:46] --- Sampled interval of velocity: 0.00 m/s - 13.31 m/s (planner.py:310)
INFO     [2025-01-12 11:38:46] --- select trajectory 521 (reactive_planner_cpp.py:382)
INFO     [2025-01-12 11:38:46] --- current time step: 9 (frenet_interface.py:257)
INFO     [2025-01-12 11:38:46] --- current velocity: 7.380022596709882 (frenet_interface.py:258)
INFO     [2025-01-12 11:38:46] --- current target velocity: 5.88826938137056 (frenet_interface.py:259)
INFO     [2025-01-12 11:38:49] --- Sampled interval of velocity: 0.00 m/s - 13.13 m/s (planner.py:310)
INFO     [2025-01-12 11:38:49] --- current time step: 10 (frenet_interface.py:280)
INFO     [2025-01-12 11:38:49] --- current velocity: 7.201668688480384 (frenet_interface.py:281)
INFO     [2025-01-12 11:38:49] --- current target velocity: 5.876877416538226 (frenet_interface.py:282)
INFO     [2025-01-12 11:38:49] --- Sampled interval of velocity: 0.00 m/s - 12.95 m/s (planner.py:310)
INFO     [2025-01-12 11:38:49] --- current time step: 11 (frenet_interface.py:280)
INFO     [2025-01-12 11:38:49] --- current velocity: 7.029524166486175 (frenet_interface.py:281)
INFO     [2025-01-12 11:38:49] --- current target velocity: 5.8666349942187885 (frenet_interface.py:282)
INFO     [2025-01-12 11:38:50] --- Sampled interval of velocity: 0.00 m/s - 12.78 m/s (planner.py:310)
INFO     [2025-01-12 11:38:50] --- select trajectory 721 (reactive_planner_cpp.py:382)
INFO     [2025-01-12 11:38:50] --- current time step: 12 (frenet_interface.py:257)
INFO     [2025-01-12 11:38:50] --- current velocity: 6.94326932842843 (frenet_interface.py:258)
INFO     [2025-01-12 11:38:50] --- current target velocity: 5.857522293777155 (frenet_interface.py:259)
INFO     [2025-01-12 11:38:52] --- Sampled interval of velocity: 0.00 m/s - 12.69 m/s (planner.py:310)
INFO     [2025-01-12 11:38:52] --- current time step: 13 (frenet_interface.py:280)
INFO     [2025-01-12 11:38:52] --- current velocity: 6.853801674005357 (frenet_interface.py:281)
INFO     [2025-01-12 11:38:52] --- current target velocity: 5.849219645330684 (frenet_interface.py:282)
INFO     [2025-01-12 11:38:53] --- Sampled interval of velocity: 0.00 m/s - 12.60 m/s (planner.py:310)
INFO     [2025-01-12 11:38:53] --- current time step: 14 (frenet_interface.py:280)
INFO     [2025-01-12 11:38:53] --- current velocity: 6.76155201799006 (frenet_interface.py:281)
INFO     [2025-01-12 11:38:53] --- current target velocity: 5.841445080662265 (frenet_interface.py:282)
INFO     [2025-01-12 11:38:53] --- Sampled interval of velocity: 0.00 m/s - 12.51 m/s (planner.py:310)
INFO     [2025-01-12 11:38:53] --- select trajectory 111 (reactive_planner_cpp.py:382)
INFO     [2025-01-12 11:38:53] --- current time step: 15 (frenet_interface.py:257)
INFO     [2025-01-12 11:38:53] --- current velocity: 6.638303072436766 (frenet_interface.py:258)
INFO     [2025-01-12 11:38:53] --- current target velocity: 5.83423278994309 (frenet_interface.py:259)
INFO     [2025-01-12 11:38:55] --- Sampled interval of velocity: 0.00 m/s - 12.39 m/s (planner.py:310)
INFO     [2025-01-12 11:38:55] --- current time step: 16 (frenet_interface.py:280)
INFO     [2025-01-12 11:38:55] --- current velocity: 6.382344778094762 (frenet_interface.py:281)
INFO     [2025-01-12 11:38:55] --- current target velocity: 5.827631104869675 (frenet_interface.py:282)
INFO     [2025-01-12 11:38:56] --- Sampled interval of velocity: 0.00 m/s - 12.13 m/s (planner.py:310)
INFO     [2025-01-12 11:38:56] --- current time step: 17 (frenet_interface.py:280)
INFO     [2025-01-12 11:38:56] --- current velocity: 6.024112607156617 (frenet_interface.py:281)
INFO     [2025-01-12 11:38:56] --- current target velocity: 5.822384995592258 (frenet_interface.py:282)
INFO     [2025-01-12 11:38:56] --- Sampled interval of velocity: 0.00 m/s - 11.77 m/s (planner.py:310)
INFO     [2025-01-12 11:38:56] --- select trajectory 111 (reactive_planner_cpp.py:382)
INFO     [2025-01-12 11:38:56] --- current time step: 18 (frenet_interface.py:257)
INFO     [2025-01-12 11:38:56] --- current velocity: 5.787412489431617 (frenet_interface.py:258)
INFO     [2025-01-12 11:38:56] --- current target velocity: 5.819422391707032 (frenet_interface.py:259)
INFO     [2025-01-12 11:38:58] --- Sampled interval of velocity: 0.00 m/s - 11.54 m/s (planner.py:310)
INFO     [2025-01-12 11:38:58] --- current time step: 19 (frenet_interface.py:280)
INFO     [2025-01-12 11:38:58] --- current velocity: 5.488448530631438 (frenet_interface.py:281)
INFO     [2025-01-12 11:38:58] --- current target velocity: 5.818712577656635 (frenet_interface.py:282)
INFO     [2025-01-12 11:38:59] --- Sampled interval of velocity: 0.00 m/s - 11.24 m/s (planner.py:310)
INFO     [2025-01-12 11:38:59] --- current time step: 20 (frenet_interface.py:280)
INFO     [2025-01-12 11:38:59] --- current velocity: 5.145089637216205 (frenet_interface.py:281)
INFO     [2025-01-12 11:38:59] --- current target velocity: 5.820079522465436 (frenet_interface.py:282)
INFO     [2025-01-12 11:38:59] --- Sampled interval of velocity: 0.00 m/s - 10.90 m/s (planner.py:310)
INFO     [2025-01-12 11:38:59] --- select trajectory 131 (reactive_planner_cpp.py:382)
INFO     [2025-01-12 11:38:59] --- current time step: 21 (frenet_interface.py:257)
INFO     [2025-01-12 11:38:59] --- current velocity: 5.003550791051269 (frenet_interface.py:258)
INFO     [2025-01-12 11:38:59] --- current target velocity: 5.823988536532064 (frenet_interface.py:259)
INFO     [2025-01-12 11:39:01] --- Sampled interval of velocity: 0.00 m/s - 10.75 m/s (planner.py:310)
INFO     [2025-01-12 11:39:01] --- current time step: 22 (frenet_interface.py:280)
INFO     [2025-01-12 11:39:01] --- current velocity: 4.930769197077513 (frenet_interface.py:281)
INFO     [2025-01-12 11:39:01] --- current target velocity: 5.829940365060098 (frenet_interface.py:282)
INFO     [2025-01-12 11:39:02] --- Sampled interval of velocity: 0.00 m/s - 10.68 m/s (planner.py:310)
INFO     [2025-01-12 11:39:02] --- current time step: 23 (frenet_interface.py:280)
INFO     [2025-01-12 11:39:02] --- current velocity: 4.915097804433664 (frenet_interface.py:281)
INFO     [2025-01-12 11:39:02] --- current target velocity: 5.836829444599539 (frenet_interface.py:282)
INFO     [2025-01-12 11:39:03] --- Sampled interval of velocity: 0.00 m/s - 10.67 m/s (planner.py:310)
INFO     [2025-01-12 11:39:03] --- select trajectory 131 (reactive_planner_cpp.py:382)
INFO     [2025-01-12 11:39:03] --- current time step: 24 (frenet_interface.py:257)
INFO     [2025-01-12 11:39:03] --- current velocity: 4.928551855171575 (frenet_interface.py:258)
INFO     [2025-01-12 11:39:03] --- current target velocity: 5.844174798812638 (frenet_interface.py:259)
INFO     [2025-01-12 11:39:04] --- Sampled interval of velocity: 0.00 m/s - 10.68 m/s (planner.py:310)
INFO     [2025-01-12 11:39:04] --- current time step: 25 (frenet_interface.py:280)
INFO     [2025-01-12 11:39:04] --- current velocity: 4.9575491281484165 (frenet_interface.py:281)
INFO     [2025-01-12 11:39:04] --- current target velocity: 5.851624739177609 (frenet_interface.py:282)
INFO     [2025-01-12 11:39:06] --- Sampled interval of velocity: 0.00 m/s - 10.71 m/s (planner.py:310)
INFO     [2025-01-12 11:39:06] --- current time step: 26 (frenet_interface.py:280)
INFO     [2025-01-12 11:39:06] --- current velocity: 4.998544640684706 (frenet_interface.py:281)
INFO     [2025-01-12 11:39:06] --- current target velocity: 5.859020849985386 (frenet_interface.py:282)
INFO     [2025-01-12 11:39:06] --- Sampled interval of velocity: 0.00 m/s - 10.75 m/s (planner.py:310)
INFO     [2025-01-12 11:39:06] --- select trajectory 131 (reactive_planner_cpp.py:382)
INFO     [2025-01-12 11:39:06] --- current time step: 27 (frenet_interface.py:257)
INFO     [2025-01-12 11:39:06] --- current velocity: 5.026238273280851 (frenet_interface.py:258)
INFO     [2025-01-12 11:39:06] --- current target velocity: 5.866248932276481 (frenet_interface.py:259)
INFO     [2025-01-12 11:39:08] --- Sampled interval of velocity: 0.00 m/s - 10.78 m/s (planner.py:310)
INFO     [2025-01-12 11:39:08] --- current time step: 28 (frenet_interface.py:280)
INFO     [2025-01-12 11:39:08] --- current velocity: 5.0620020464933555 (frenet_interface.py:281)
INFO     [2025-01-12 11:39:08] --- current target velocity: 5.873311940392204 (frenet_interface.py:282)
INFO     [2025-01-12 11:39:08] --- Sampled interval of velocity: 0.00 m/s - 10.81 m/s (planner.py:310)
INFO     [2025-01-12 11:39:08] --- current time step: 29 (frenet_interface.py:280)
INFO     [2025-01-12 11:39:08] --- current velocity: 5.10357984799203 (frenet_interface.py:281)
INFO     [2025-01-12 11:39:08] --- current target velocity: 5.880226692979314 (frenet_interface.py:282)
INFO     [2025-01-12 11:39:09] --- Sampled interval of velocity: 0.00 m/s - 10.85 m/s (planner.py:310)
INFO     [2025-01-12 11:39:09] --- select trajectory 131 (reactive_planner_cpp.py:382)
INFO     [2025-01-12 11:39:10] --- current time step: 30 (frenet_interface.py:257)
INFO     [2025-01-12 11:39:10] --- current velocity: 5.129190696741312 (frenet_interface.py:258)
INFO     [2025-01-12 11:39:10] --- current target velocity: 5.886931115497271 (frenet_interface.py:259)
INFO     [2025-01-12 11:39:11] --- Sampled interval of velocity: 0.00 m/s - 10.88 m/s (planner.py:310)
INFO     [2025-01-12 11:39:11] --- current time step: 31 (frenet_interface.py:280)
INFO     [2025-01-12 11:39:11] --- current velocity: 5.161067671431626 (frenet_interface.py:281)
INFO     [2025-01-12 11:39:11] --- current target velocity: 5.89346623825954 (frenet_interface.py:282)
INFO     [2025-01-12 11:39:12] --- Sampled interval of velocity: 0.00 m/s - 10.91 m/s (planner.py:310)
INFO     [2025-01-12 11:39:12] --- current time step: 32 (frenet_interface.py:280)
INFO     [2025-01-12 11:39:12] --- current velocity: 5.197376540626979 (frenet_interface.py:281)
INFO     [2025-01-12 11:39:12] --- current target velocity: 5.899866091709575 (frenet_interface.py:282)
INFO     [2025-01-12 11:39:13] --- Sampled interval of velocity: 0.00 m/s - 10.95 m/s (planner.py:310)
INFO     [2025-01-12 11:39:13] --- select trajectory 131 (reactive_planner_cpp.py:382)
INFO     [2025-01-12 11:39:13] --- current time step: 33 (frenet_interface.py:257)
INFO     [2025-01-12 11:39:13] --- current velocity: 5.219490406448744 (frenet_interface.py:258)
INFO     [2025-01-12 11:39:13] --- current target velocity: 5.906081065380611 (frenet_interface.py:259)
INFO     [2025-01-12 11:39:14] --- Sampled interval of velocity: 0.00 m/s - 10.97 m/s (planner.py:310)
INFO     [2025-01-12 11:39:14] --- current time step: 34 (frenet_interface.py:280)
INFO     [2025-01-12 11:39:14] --- current velocity: 5.246881451159521 (frenet_interface.py:281)
INFO     [2025-01-12 11:39:14] --- current target velocity: 5.912151954506315 (frenet_interface.py:282)
INFO     [2025-01-12 11:39:15] --- Sampled interval of velocity: 0.00 m/s - 11.00 m/s (planner.py:310)
INFO     [2025-01-12 11:39:15] --- current time step: 35 (frenet_interface.py:280)
INFO     [2025-01-12 11:39:15] --- current velocity: 5.277994005688888 (frenet_interface.py:281)
INFO     [2025-01-12 11:39:15] --- current target velocity: 5.918111086552943 (frenet_interface.py:282)
INFO     [2025-01-12 11:39:16] --- Sampled interval of velocity: 0.00 m/s - 11.03 m/s (planner.py:310)
INFO     [2025-01-12 11:39:16] --- select trajectory 721 (reactive_planner_cpp.py:382)
INFO     [2025-01-12 11:39:16] --- current time step: 36 (frenet_interface.py:257)
INFO     [2025-01-12 11:39:16] --- current velocity: 5.289435927599699 (frenet_interface.py:258)
INFO     [2025-01-12 11:39:16] --- current target velocity: 5.923915677254514 (frenet_interface.py:259)
INFO     [2025-01-12 11:39:18] --- Sampled interval of velocity: 0.00 m/s - 11.04 m/s (planner.py:310)
INFO     [2025-01-12 11:39:18] --- current time step: 37 (frenet_interface.py:280)
INFO     [2025-01-12 11:39:18] --- current velocity: 5.29171740136998 (frenet_interface.py:281)
INFO     [2025-01-12 11:39:18] --- current target velocity: 5.929624710901411 (frenet_interface.py:282)
INFO     [2025-01-12 11:39:18] --- Sampled interval of velocity: 0.00 m/s - 11.04 m/s (planner.py:310)
INFO     [2025-01-12 11:39:18] --- current time step: 38 (frenet_interface.py:280)
INFO     [2025-01-12 11:39:18] --- current velocity: 5.285454100896785 (frenet_interface.py:281)
INFO     [2025-01-12 11:39:18] --- current target velocity: 5.935375255068241 (frenet_interface.py:282)
INFO     [2025-01-12 11:39:19] --- Sampled interval of velocity: 0.00 m/s - 11.04 m/s (planner.py:310)
INFO     [2025-01-12 11:39:20] --- select trajectory 521 (reactive_planner_cpp.py:382)
INFO     [2025-01-12 11:39:20] --- current time step: 39 (frenet_interface.py:257)
INFO     [2025-01-12 11:39:20] --- current velocity: 5.2757208289189155 (frenet_interface.py:258)
INFO     [2025-01-12 11:39:20] --- current target velocity: 5.941248920074034 (frenet_interface.py:259)
INFO     [2025-01-12 11:39:21] --- Sampled interval of velocity: 0.00 m/s - 11.03 m/s (planner.py:310)
INFO     [2025-01-12 11:39:21] --- current time step: 40 (frenet_interface.py:280)
INFO     [2025-01-12 11:39:21] --- current velocity: 5.257342797807633 (frenet_interface.py:281)
INFO     [2025-01-12 11:39:21] --- current target velocity: 5.9473031437601005 (frenet_interface.py:282)
INFO     [2025-01-12 11:39:21] --- Sampled interval of velocity: 0.00 m/s - 11.01 m/s (planner.py:310)
INFO     [2025-01-12 11:39:21] --- current time step: 41 (frenet_interface.py:280)
INFO     [2025-01-12 11:39:21] --- current velocity: 5.231056957536039 (frenet_interface.py:281)
INFO     [2025-01-12 11:39:21] --- current target velocity: 5.953600195808408 (frenet_interface.py:282)
INFO     [2025-01-12 11:39:22] --- Sampled interval of velocity: 0.00 m/s - 10.98 m/s (planner.py:310)
INFO     [2025-01-12 11:39:22] --- select trajectory 711 (reactive_planner_cpp.py:382)
INFO     [2025-01-12 11:39:22] --- current time step: 42 (frenet_interface.py:257)
INFO     [2025-01-12 11:39:22] --- current velocity: 5.208943593247385 (frenet_interface.py:258)
INFO     [2025-01-12 11:39:22] --- current target velocity: 5.960224232730424 (frenet_interface.py:259)
INFO     [2025-01-12 11:39:24] --- Sampled interval of velocity: 0.00 m/s - 10.96 m/s (planner.py:310)
INFO     [2025-01-12 11:39:24] --- current time step: 43 (frenet_interface.py:280)
INFO     [2025-01-12 11:39:24] --- current velocity: 5.173267344618794 (frenet_interface.py:281)
INFO     [2025-01-12 11:39:24] --- current target velocity: 5.967196418406309 (frenet_interface.py:282)
INFO     [2025-01-12 11:39:24] --- Sampled interval of velocity: 0.00 m/s - 10.92 m/s (planner.py:310)
INFO     [2025-01-12 11:39:24] --- current time step: 44 (frenet_interface.py:280)
INFO     [2025-01-12 11:39:24] --- current velocity: 5.125032705357975 (frenet_interface.py:281)
INFO     [2025-01-12 11:39:24] --- current target velocity: 5.974577392422141 (frenet_interface.py:282)
INFO     [2025-01-12 11:39:25] --- Sampled interval of velocity: 0.00 m/s - 10.88 m/s (planner.py:310)
INFO     [2025-01-12 11:39:25] --- select trajectory 311 (reactive_planner_cpp.py:382)
INFO     [2025-01-12 11:39:25] --- current time step: 45 (frenet_interface.py:257)
INFO     [2025-01-12 11:39:25] --- current velocity: 5.0870010322623225 (frenet_interface.py:258)
INFO     [2025-01-12 11:39:25] --- current target velocity: 5.982504529701224 (frenet_interface.py:259)
INFO     [2025-01-12 11:39:27] --- Sampled interval of velocity: 0.00 m/s - 10.84 m/s (planner.py:310)
INFO     [2025-01-12 11:39:27] --- current time step: 46 (frenet_interface.py:280)
INFO     [2025-01-12 11:39:27] --- current velocity: 5.02846199134394 (frenet_interface.py:281)
INFO     [2025-01-12 11:39:27] --- current target velocity: 5.990996686251344 (frenet_interface.py:282)
INFO     [2025-01-12 11:39:27] --- Sampled interval of velocity: 0.00 m/s - 10.78 m/s (planner.py:310)
INFO     [2025-01-12 11:39:27] --- current time step: 47 (frenet_interface.py:280)
INFO     [2025-01-12 11:39:27] --- current velocity: 4.951480844831641 (frenet_interface.py:281)
INFO     [2025-01-12 11:39:27] --- current target velocity: 6.000130427627776 (frenet_interface.py:282)
INFO     [2025-01-12 11:39:28] --- Sampled interval of velocity: 0.00 m/s - 10.70 m/s (planner.py:310)
INFO     [2025-01-12 11:39:28] --- select trajectory 111 (reactive_planner_cpp.py:382)
INFO     [2025-01-12 11:39:28] --- current time step: 48 (frenet_interface.py:257)
INFO     [2025-01-12 11:39:28] --- current velocity: 4.863149633465797 (frenet_interface.py:258)
INFO     [2025-01-12 11:39:28] --- current target velocity: 6.010117630091562 (frenet_interface.py:259)
INFO     [2025-01-12 11:39:29] --- Sampled interval of velocity: 0.00 m/s - 10.61 m/s (planner.py:310)
INFO     [2025-01-12 11:39:29] --- current time step: 49 (frenet_interface.py:280)
INFO     [2025-01-12 11:39:29] --- current velocity: 4.6959325629908815 (frenet_interface.py:281)
INFO     [2025-01-12 11:39:29] --- current target velocity: 6.021072242945914 (frenet_interface.py:282)
INFO     [2025-01-12 11:39:30] --- Sampled interval of velocity: 0.00 m/s - 10.45 m/s (planner.py:310)
INFO     [2025-01-12 11:39:30] --- current time step: 50 (frenet_interface.py:280)
INFO     [2025-01-12 11:39:30] --- current velocity: 4.468223616942512 (frenet_interface.py:281)
INFO     [2025-01-12 11:39:30] --- current target velocity: 6.03355429160926 (frenet_interface.py:282)
INFO     [2025-01-12 11:39:30] --- Sampled interval of velocity: 0.00 m/s - 10.22 m/s (planner.py:310)
INFO     [2025-01-12 11:39:30] --- select trajectory 701 (reactive_planner_cpp.py:382)
INFO     [2025-01-12 11:39:30] --- current time step: 51 (frenet_interface.py:257)
INFO     [2025-01-12 11:39:30] --- current velocity: 4.340168818119133 (frenet_interface.py:258)
INFO     [2025-01-12 11:39:30] --- current target velocity: 6.04832164584926 (frenet_interface.py:259)
INFO     [2025-01-12 11:39:32] --- Sampled interval of velocity: 0.00 m/s - 10.09 m/s (planner.py:310)
INFO     [2025-01-12 11:39:32] --- current time step: 52 (frenet_interface.py:280)
INFO     [2025-01-12 11:39:32] --- current velocity: 4.208213525929592 (frenet_interface.py:281)
INFO     [2025-01-12 11:39:32] --- current target velocity: 6.065267784349521 (frenet_interface.py:282)
INFO     [2025-01-12 11:39:32] --- Sampled interval of velocity: 0.00 m/s - 9.96 m/s (planner.py:310)
INFO     [2025-01-12 11:39:32] --- current time step: 53 (frenet_interface.py:280)
INFO     [2025-01-12 11:39:32] --- current velocity: 4.072936120544273 (frenet_interface.py:281)
INFO     [2025-01-12 11:39:32] --- current target velocity: 6.083921689473545 (frenet_interface.py:282)
