CRITICAL [2025-01-12 11:27:51] --- Start Planner Vehicle ID: 30233 (frenet_interface.py:67)
INFO     [2025-01-12 11:27:52] --- Sampled interval of velocity: 0.00 m/s - 19.08 m/s (planner.py:310)
INFO     [2025-01-12 11:27:52] --- select trajectory 221 (reactive_planner_cpp.py:382)
INFO     [2025-01-12 11:27:52] --- current time step: 0 (frenet_interface.py:257)
INFO     [2025-01-12 11:27:52] --- current velocity: 13.281611982246698 (frenet_interface.py:258)
INFO     [2025-01-12 11:27:52] --- current target velocity: 11.566409167403688 (frenet_interface.py:259)
INFO     [2025-01-12 11:27:54] --- Sampled interval of velocity: 0.00 m/s - 19.03 m/s (planner.py:310)
INFO     [2025-01-12 11:27:54] --- current time step: 1 (frenet_interface.py:280)
INFO     [2025-01-12 11:27:54] --- current velocity: 13.154956661033623 (frenet_interface.py:281)
INFO     [2025-01-12 11:27:54] --- current target velocity: 11.554610371212624 (frenet_interface.py:282)
INFO     [2025-01-12 11:27:54] --- Sampled interval of velocity: 0.00 m/s - 18.90 m/s (planner.py:310)
INFO     [2025-01-12 11:27:54] --- current time step: 2 (frenet_interface.py:280)
INFO     [2025-01-12 11:27:54] --- current velocity: 12.953858568672166 (frenet_interface.py:281)
INFO     [2025-01-12 11:27:54] --- current target velocity: 11.543242215356594 (frenet_interface.py:282)
INFO     [2025-01-12 11:27:54] --- Sampled interval of velocity: 0.00 m/s - 18.70 m/s (planner.py:310)
INFO     [2025-01-12 11:27:54] --- select trajectory 211 (reactive_planner_cpp.py:382)
INFO     [2025-01-12 11:27:54] --- current time step: 3 (frenet_interface.py:257)
INFO     [2025-01-12 11:27:54] --- current velocity: 12.787391101783568 (frenet_interface.py:258)
INFO     [2025-01-12 11:27:54] --- current target velocity: 11.532853125538384 (frenet_interface.py:259)
INFO     [2025-01-12 11:27:56] --- Sampled interval of velocity: 0.00 m/s - 18.54 m/s (planner.py:310)
INFO     [2025-01-12 11:27:56] --- current time step: 4 (frenet_interface.py:280)
INFO     [2025-01-12 11:27:56] --- current velocity: 12.530698670526288 (frenet_interface.py:281)
INFO     [2025-01-12 11:27:56] --- current target velocity: 11.523576525098143 (frenet_interface.py:282)
INFO     [2025-01-12 11:27:56] --- Sampled interval of velocity: 0.00 m/s - 18.28 m/s (planner.py:310)
INFO     [2025-01-12 11:27:56] --- current time step: 5 (frenet_interface.py:280)
INFO     [2025-01-12 11:27:56] --- current velocity: 12.195228366481423 (frenet_interface.py:281)
INFO     [2025-01-12 11:27:56] --- current target velocity: 11.515645558221493 (frenet_interface.py:282)
INFO     [2025-01-12 11:27:56] --- Sampled interval of velocity: 0.00 m/s - 17.95 m/s (planner.py:310)
INFO     [2025-01-12 11:27:56] --- select trajectory 411 (reactive_planner_cpp.py:382)
INFO     [2025-01-12 11:27:56] --- current time step: 6 (frenet_interface.py:257)
INFO     [2025-01-12 11:27:56] --- current velocity: 11.923307556085039 (frenet_interface.py:258)
INFO     [2025-01-12 11:27:56] --- current target velocity: 11.509679952791092 (frenet_interface.py:259)
INFO     [2025-01-12 11:27:58] --- Sampled interval of velocity: 0.00 m/s - 17.67 m/s (planner.py:310)
INFO     [2025-01-12 11:27:58] --- current time step: 7 (frenet_interface.py:280)
INFO     [2025-01-12 11:27:58] --- current velocity: 11.4964283838237 (frenet_interface.py:281)
INFO     [2025-01-12 11:27:58] --- current target velocity: 11.505716438568177 (frenet_interface.py:282)
INFO     [2025-01-12 11:27:58] --- Sampled interval of velocity: 0.00 m/s - 17.25 m/s (planner.py:310)
INFO     [2025-01-12 11:27:58] --- current time step: 8 (frenet_interface.py:280)
INFO     [2025-01-12 11:27:58] --- current velocity: 10.942195135684603 (frenet_interface.py:281)
INFO     [2025-01-12 11:27:58] --- current target velocity: 11.50419577161544 (frenet_interface.py:282)
INFO     [2025-01-12 11:27:58] --- Sampled interval of velocity: 0.00 m/s - 16.69 m/s (planner.py:310)
INFO     [2025-01-12 11:27:58] --- select trajectory 101 (reactive_planner_cpp.py:382)
INFO     [2025-01-12 11:27:58] --- current time step: 9 (frenet_interface.py:257)
INFO     [2025-01-12 11:27:58] --- current velocity: 10.48440662028746 (frenet_interface.py:258)
INFO     [2025-01-12 11:27:58] --- current target velocity: 11.506176145910478 (frenet_interface.py:259)
INFO     [2025-01-12 11:28:00] --- Sampled interval of velocity: 0.00 m/s - 16.23 m/s (planner.py:310)
INFO     [2025-01-12 11:28:00] --- current time step: 10 (frenet_interface.py:280)
INFO     [2025-01-12 11:28:00] --- current velocity: 9.762897591686551 (frenet_interface.py:281)
INFO     [2025-01-12 11:28:00] --- current target velocity: 11.511714825607118 (frenet_interface.py:282)
INFO     [2025-01-12 11:28:00] --- Sampled interval of velocity: 0.00 m/s - 15.51 m/s (planner.py:310)
INFO     [2025-01-12 11:28:00] --- current time step: 11 (frenet_interface.py:280)
INFO     [2025-01-12 11:28:00] --- current velocity: 8.8425074292698 (frenet_interface.py:281)
INFO     [2025-01-12 11:28:00] --- current target velocity: 11.521643835009789 (frenet_interface.py:282)
INFO     [2025-01-12 11:28:01] --- Sampled interval of velocity: 0.00 m/s - 14.59 m/s (planner.py:310)
INFO     [2025-01-12 11:28:01] --- select trajectory 101 (reactive_planner_cpp.py:382)
INFO     [2025-01-12 11:28:01] --- current time step: 12 (frenet_interface.py:257)
INFO     [2025-01-12 11:28:01] --- current velocity: 8.266425906227742 (frenet_interface.py:258)
INFO     [2025-01-12 11:28:01] --- current target velocity: 11.537747536300964 (frenet_interface.py:259)
INFO     [2025-01-12 11:28:02] --- Sampled interval of velocity: 0.00 m/s - 14.02 m/s (planner.py:310)
INFO     [2025-01-12 11:28:02] --- current time step: 13 (frenet_interface.py:280)
INFO     [2025-01-12 11:28:02] --- current velocity: 7.562433244293012 (frenet_interface.py:281)
INFO     [2025-01-12 11:28:02] --- current target velocity: 11.559599783410569 (frenet_interface.py:282)
INFO     [2025-01-12 11:28:02] --- Sampled interval of velocity: 0.00 m/s - 13.31 m/s (planner.py:310)
INFO     [2025-01-12 11:28:02] --- current time step: 14 (frenet_interface.py:280)
INFO     [2025-01-12 11:28:02] --- current velocity: 6.769073076971953 (frenet_interface.py:281)
INFO     [2025-01-12 11:28:02] --- current target velocity: 11.58653882740476 (frenet_interface.py:282)
INFO     [2025-01-12 11:28:02] --- Sampled interval of velocity: 0.00 m/s - 12.52 m/s (planner.py:310)
INFO     [2025-01-12 11:28:02] --- select trajectory 106 (reactive_planner_cpp.py:382)
INFO     [2025-01-12 11:28:02] --- current time step: 15 (frenet_interface.py:257)
INFO     [2025-01-12 11:28:02] --- current velocity: 6.306798805498911 (frenet_interface.py:258)
INFO     [2025-01-12 11:28:02] --- current target velocity: 11.61948972065673 (frenet_interface.py:259)
INFO     [2025-01-12 11:28:04] --- Sampled interval of velocity: 0.00 m/s - 12.06 m/s (planner.py:310)
INFO     [2025-01-12 11:28:04] --- current time step: 16 (frenet_interface.py:280)
INFO     [2025-01-12 11:28:04] --- current velocity: 5.762977804582619 (frenet_interface.py:281)
INFO     [2025-01-12 11:28:04] --- current target velocity: 11.30679880549891 (frenet_interface.py:282)
INFO     [2025-01-12 11:28:04] --- Sampled interval of velocity: 0.00 m/s - 11.51 m/s (planner.py:310)
INFO     [2025-01-12 11:28:04] --- current time step: 17 (frenet_interface.py:280)
INFO     [2025-01-12 11:28:04] --- current velocity: 5.1641442622207 (frenet_interface.py:281)
INFO     [2025-01-12 11:28:04] --- current target velocity: 10.762977804582619 (frenet_interface.py:282)
INFO     [2025-01-12 11:28:04] --- Sampled interval of velocity: 0.00 m/s - 10.91 m/s (planner.py:310)
INFO     [2025-01-12 11:28:04] --- select trajectory 106 (reactive_planner_cpp.py:382)
INFO     [2025-01-12 11:28:04] --- current time step: 18 (frenet_interface.py:257)
INFO     [2025-01-12 11:28:04] --- current velocity: 4.82050501975417 (frenet_interface.py:258)
INFO     [2025-01-12 11:28:04] --- current target velocity: 10.164144262220699 (frenet_interface.py:259)
INFO     [2025-01-12 11:28:06] --- Sampled interval of velocity: 0.00 m/s - 10.57 m/s (planner.py:310)
INFO     [2025-01-12 11:28:06] --- current time step: 19 (frenet_interface.py:280)
INFO     [2025-01-12 11:28:06] --- current velocity: 4.419709372450716 (frenet_interface.py:281)
INFO     [2025-01-12 11:28:06] --- current target velocity: 9.820505019754169 (frenet_interface.py:282)
INFO     [2025-01-12 11:28:06] --- Sampled interval of velocity: 0.00 m/s - 10.17 m/s (planner.py:310)
INFO     [2025-01-12 11:28:06] --- current time step: 20 (frenet_interface.py:280)
INFO     [2025-01-12 11:28:06] --- current velocity: 3.9806848495458196 (frenet_interface.py:281)
INFO     [2025-01-12 11:28:06] --- current target velocity: 9.419709372450715 (frenet_interface.py:282)
INFO     [2025-01-12 11:28:06] --- Sampled interval of velocity: 0.00 m/s - 9.73 m/s (planner.py:310)
INFO     [2025-01-12 11:28:06] --- select trajectory 106 (reactive_planner_cpp.py:382)
INFO     [2025-01-12 11:28:06] --- current time step: 21 (frenet_interface.py:257)
INFO     [2025-01-12 11:28:06] --- current velocity: 3.729618848350165 (frenet_interface.py:258)
INFO     [2025-01-12 11:28:06] --- current target velocity: 8.98068484954582 (frenet_interface.py:259)
INFO     [2025-01-12 11:28:07] --- Sampled interval of velocity: 0.00 m/s - 9.48 m/s (planner.py:310)
INFO     [2025-01-12 11:28:07] --- current time step: 22 (frenet_interface.py:280)
INFO     [2025-01-12 11:28:07] --- current velocity: 3.437383480898817 (frenet_interface.py:281)
INFO     [2025-01-12 11:28:07] --- current target velocity: 8.729618848350166 (frenet_interface.py:282)
INFO     [2025-01-12 11:28:08] --- Sampled interval of velocity: 0.00 m/s - 9.19 m/s (planner.py:310)
INFO     [2025-01-12 11:28:08] --- current time step: 23 (frenet_interface.py:280)
INFO     [2025-01-12 11:28:08] --- current velocity: 3.1176914849724198 (frenet_interface.py:281)
INFO     [2025-01-12 11:28:08] --- current target velocity: 8.437383480898816 (frenet_interface.py:282)
INFO     [2025-01-12 11:28:08] --- Sampled interval of velocity: 0.00 m/s - 8.87 m/s (planner.py:310)
INFO     [2025-01-12 11:28:08] --- select trajectory 196 (reactive_planner_cpp.py:382)
INFO     [2025-01-12 11:28:08] --- current time step: 24 (frenet_interface.py:257)
INFO     [2025-01-12 11:28:08] --- current velocity: 2.9092132353397315 (frenet_interface.py:258)
INFO     [2025-01-12 11:28:08] --- current target velocity: 8.11769148497242 (frenet_interface.py:259)
INFO     [2025-01-12 11:28:10] --- Sampled interval of velocity: 0.00 m/s - 8.66 m/s (planner.py:310)
INFO     [2025-01-12 11:28:10] --- current time step: 25 (frenet_interface.py:280)
INFO     [2025-01-12 11:28:10] --- current velocity: 2.6259231442457205 (frenet_interface.py:281)
INFO     [2025-01-12 11:28:10] --- current target velocity: 7.909213235339731 (frenet_interface.py:282)
INFO     [2025-01-12 11:28:10] --- Sampled interval of velocity: 0.00 m/s - 8.38 m/s (planner.py:310)
INFO     [2025-01-12 11:28:10] --- current time step: 26 (frenet_interface.py:280)
INFO     [2025-01-12 11:28:10] --- current velocity: 2.2877701662973453 (frenet_interface.py:281)
INFO     [2025-01-12 11:28:10] --- current target velocity: 7.6259231442457205 (frenet_interface.py:282)
INFO     [2025-01-12 11:28:10] --- Sampled interval of velocity: 0.00 m/s - 8.04 m/s (planner.py:310)
INFO     [2025-01-12 11:28:10] --- select trajectory 196 (reactive_planner_cpp.py:382)
INFO     [2025-01-12 11:28:10] --- current time step: 27 (frenet_interface.py:257)
INFO     [2025-01-12 11:28:10] --- current velocity: 2.086188695536737 (frenet_interface.py:258)
INFO     [2025-01-12 11:28:10] --- current target velocity: 7.287770166297346 (frenet_interface.py:259)
INFO     [2025-01-12 11:28:12] --- Sampled interval of velocity: 0.00 m/s - 7.84 m/s (planner.py:310)
INFO     [2025-01-12 11:28:12] --- current time step: 28 (frenet_interface.py:280)
INFO     [2025-01-12 11:28:12] --- current velocity: 1.848191417708872 (frenet_interface.py:281)
INFO     [2025-01-12 11:28:12] --- current target velocity: 7.0861886955367375 (frenet_interface.py:282)
INFO     [2025-01-12 11:28:12] --- Sampled interval of velocity: 0.00 m/s - 7.60 m/s (planner.py:310)
INFO     [2025-01-12 11:28:12] --- current time step: 29 (frenet_interface.py:280)
INFO     [2025-01-12 11:28:12] --- current velocity: 1.5854960598109493 (frenet_interface.py:281)
INFO     [2025-01-12 11:28:12] --- current target velocity: 6.848191417708872 (frenet_interface.py:282)
INFO     [2025-01-12 11:28:12] --- Sampled interval of velocity: 0.00 m/s - 7.34 m/s (planner.py:310)
INFO     [2025-01-12 11:28:12] --- select trajectory 196 (reactive_planner_cpp.py:382)
INFO     [2025-01-12 11:28:12] --- current time step: 30 (frenet_interface.py:257)
INFO     [2025-01-12 11:28:12] --- current velocity: 1.436550575143028 (frenet_interface.py:258)
INFO     [2025-01-12 11:28:12] --- current target velocity: 6.585496059810949 (frenet_interface.py:259)
INFO     [2025-01-12 11:28:13] --- Sampled interval of velocity: 0.00 m/s - 7.19 m/s (planner.py:310)
INFO     [2025-01-12 11:28:13] --- current time step: 31 (frenet_interface.py:280)
INFO     [2025-01-12 11:28:13] --- current velocity: 1.2658961115435687 (frenet_interface.py:281)
INFO     [2025-01-12 11:28:13] --- current target velocity: 6.436550575143028 (frenet_interface.py:282)
INFO     [2025-01-12 11:28:14] --- Sampled interval of velocity: 0.00 m/s - 7.02 m/s (planner.py:310)
INFO     [2025-01-12 11:28:14] --- current time step: 32 (frenet_interface.py:280)
INFO     [2025-01-12 11:28:14] --- current velocity: 1.0810957804167287 (frenet_interface.py:281)
INFO     [2025-01-12 11:28:14] --- current target velocity: 6.265896111543569 (frenet_interface.py:282)
INFO     [2025-01-12 11:28:14] --- Sampled interval of velocity: 0.00 m/s - 6.83 m/s (planner.py:310)
INFO     [2025-01-12 11:28:14] --- select trajectory 686 (reactive_planner_cpp.py:382)
INFO     [2025-01-12 11:28:14] --- current time step: 33 (frenet_interface.py:257)
INFO     [2025-01-12 11:28:14] --- current velocity: 0.9928359599334365 (frenet_interface.py:258)
INFO     [2025-01-12 11:28:14] --- current target velocity: 6.081095780416729 (frenet_interface.py:259)
INFO     [2025-01-12 11:28:15] --- Sampled interval of velocity: 0.00 m/s - 6.74 m/s (planner.py:310)
INFO     [2025-01-12 11:28:15] --- current time step: 34 (frenet_interface.py:280)
INFO     [2025-01-12 11:28:15] --- current velocity: 0.9169596249883059 (frenet_interface.py:281)
INFO     [2025-01-12 11:28:15] --- current target velocity: 5.992835959933436 (frenet_interface.py:282)
INFO     [2025-01-12 11:28:15] --- Sampled interval of velocity: 0.00 m/s - 6.67 m/s (planner.py:310)
INFO     [2025-01-12 11:28:15] --- current time step: 35 (frenet_interface.py:280)
INFO     [2025-01-12 11:28:15] --- current velocity: 0.8527912605443864 (frenet_interface.py:281)
INFO     [2025-01-12 11:28:15] --- current target velocity: 5.916959624988306 (frenet_interface.py:282)
INFO     [2025-01-12 11:28:16] --- Sampled interval of velocity: 0.00 m/s - 6.60 m/s (planner.py:310)
INFO     [2025-01-12 11:28:16] --- select trajectory 196 (reactive_planner_cpp.py:382)
INFO     [2025-01-12 11:28:16] --- current time step: 36 (frenet_interface.py:257)
INFO     [2025-01-12 11:28:16] --- current velocity: 0.8087620425413368 (frenet_interface.py:258)
INFO     [2025-01-12 11:28:16] --- current target velocity: 5.852791260544386 (frenet_interface.py:259)
INFO     [2025-01-12 11:28:17] --- Sampled interval of velocity: 0.00 m/s - 6.56 m/s (planner.py:310)
INFO     [2025-01-12 11:28:17] --- current time step: 37 (frenet_interface.py:280)
INFO     [2025-01-12 11:28:17] --- current velocity: 0.7393667347773873 (frenet_interface.py:281)
INFO     [2025-01-12 11:28:17] --- current target velocity: 5.808762042541336 (frenet_interface.py:282)
INFO     [2025-01-12 11:28:17] --- Sampled interval of velocity: 0.00 m/s - 6.49 m/s (planner.py:310)
INFO     [2025-01-12 11:28:17] --- current time step: 38 (frenet_interface.py:280)
INFO     [2025-01-12 11:28:17] --- current velocity: 0.650833961090962 (frenet_interface.py:281)
INFO     [2025-01-12 11:28:17] --- current target velocity: 5.739366734777388 (frenet_interface.py:282)
INFO     [2025-01-12 11:28:17] --- Sampled interval of velocity: 0.00 m/s - 6.40 m/s (planner.py:310)
INFO     [2025-01-12 11:28:18] --- select trajectory 196 (reactive_planner_cpp.py:382)
INFO     [2025-01-12 11:28:18] --- current time step: 39 (frenet_interface.py:257)
INFO     [2025-01-12 11:28:18] --- current velocity: 0.5960185780529136 (frenet_interface.py:258)
INFO     [2025-01-12 11:28:18] --- current target velocity: 5.650833961090962 (frenet_interface.py:259)
INFO     [2025-01-12 11:28:19] --- Sampled interval of velocity: 0.00 m/s - 6.35 m/s (planner.py:310)
INFO     [2025-01-12 11:28:19] --- current time step: 40 (frenet_interface.py:280)
INFO     [2025-01-12 11:28:19] --- current velocity: 0.5299172348869094 (frenet_interface.py:281)
INFO     [2025-01-12 11:28:19] --- current target velocity: 5.596018578052914 (frenet_interface.py:282)
INFO     [2025-01-12 11:28:19] --- Sampled interval of velocity: 0.00 m/s - 6.28 m/s (planner.py:310)
INFO     [2025-01-12 11:28:19] --- current time step: 41 (frenet_interface.py:280)
INFO     [2025-01-12 11:28:19] --- current velocity: 0.45600792076830365 (frenet_interface.py:281)
INFO     [2025-01-12 11:28:19] --- current target velocity: 5.529917234886909 (frenet_interface.py:282)
INFO     [2025-01-12 11:28:19] --- Sampled interval of velocity: 0.00 m/s - 6.21 m/s (planner.py:310)
INFO     [2025-01-12 11:28:19] --- select trajectory 196 (reactive_planner_cpp.py:382)
INFO     [2025-01-12 11:28:19] --- current time step: 42 (frenet_interface.py:257)
INFO     [2025-01-12 11:28:20] --- current velocity: 0.41373508837760387 (frenet_interface.py:258)
INFO     [2025-01-12 11:28:20] --- current target velocity: 5.456007920768304 (frenet_interface.py:259)
INFO     [2025-01-12 11:28:21] --- Sampled interval of velocity: 0.00 m/s - 6.16 m/s (planner.py:310)
INFO     [2025-01-12 11:28:21] --- current time step: 43 (frenet_interface.py:280)
INFO     [2025-01-12 11:28:21] --- current velocity: 0.3650387479273116 (frenet_interface.py:281)
INFO     [2025-01-12 11:28:21] --- current target velocity: 5.413735088377604 (frenet_interface.py:282)
INFO     [2025-01-12 11:28:21] --- Sampled interval of velocity: 0.00 m/s - 6.12 m/s (planner.py:310)
INFO     [2025-01-12 11:28:21] --- current time step: 44 (frenet_interface.py:280)
INFO     [2025-01-12 11:28:21] --- current velocity: 0.3121206463086927 (frenet_interface.py:281)
INFO     [2025-01-12 11:28:21] --- current target velocity: 5.365038747927311 (frenet_interface.py:282)
INFO     [2025-01-12 11:28:21] --- Sampled interval of velocity: 0.00 m/s - 6.06 m/s (planner.py:310)
INFO     [2025-01-12 11:28:21] --- select trajectory 606 (reactive_planner_cpp.py:382)
INFO     [2025-01-12 11:28:21] --- current time step: 45 (frenet_interface.py:257)
INFO     [2025-01-12 11:28:21] --- current velocity: 0.288369169950992 (frenet_interface.py:258)
INFO     [2025-01-12 11:28:21] --- current target velocity: 5.312120646308693 (frenet_interface.py:259)
INFO     [2025-01-12 11:28:22] --- Sampled interval of velocity: 0.00 m/s - 6.04 m/s (planner.py:310)
INFO     [2025-01-12 11:28:22] --- current time step: 46 (frenet_interface.py:280)
INFO     [2025-01-12 11:28:22] --- current velocity: 0.27113437857564554 (frenet_interface.py:281)
INFO     [2025-01-12 11:28:22] --- current target velocity: 5.288369169950992 (frenet_interface.py:282)
INFO     [2025-01-12 11:28:22] --- Sampled interval of velocity: 0.00 m/s - 6.02 m/s (planner.py:310)
INFO     [2025-01-12 11:28:22] --- current time step: 47 (frenet_interface.py:280)
INFO     [2025-01-12 11:28:22] --- current velocity: 0.2600028859820595 (frenet_interface.py:281)
INFO     [2025-01-12 11:28:22] --- current target velocity: 5.2711343785756455 (frenet_interface.py:282)
INFO     [2025-01-12 11:28:23] --- Sampled interval of velocity: 0.00 m/s - 6.01 m/s (planner.py:310)
INFO     [2025-01-12 11:28:23] --- select trajectory 196 (reactive_planner_cpp.py:382)
INFO     [2025-01-12 11:28:23] --- current time step: 48 (frenet_interface.py:257)
INFO     [2025-01-12 11:28:23] --- current velocity: 0.2505747338734923 (frenet_interface.py:258)
INFO     [2025-01-12 11:28:23] --- current target velocity: 5.260002885982059 (frenet_interface.py:259)
INFO     [2025-01-12 11:28:24] --- Sampled interval of velocity: 0.00 m/s - 6.00 m/s (planner.py:310)
INFO     [2025-01-12 11:28:24] --- current time step: 49 (frenet_interface.py:280)
INFO     [2025-01-12 11:28:24] --- current velocity: 0.23192895182247295 (frenet_interface.py:281)
INFO     [2025-01-12 11:28:24] --- current target velocity: 5.250574733873492 (frenet_interface.py:282)
INFO     [2025-01-12 11:28:24] --- Sampled interval of velocity: 0.00 m/s - 5.98 m/s (planner.py:310)
INFO     [2025-01-12 11:28:24] --- current time step: 50 (frenet_interface.py:280)
INFO     [2025-01-12 11:28:24] --- current velocity: 0.20619692202112566 (frenet_interface.py:281)
INFO     [2025-01-12 11:28:24] --- current target velocity: 5.231928951822473 (frenet_interface.py:282)
INFO     [2025-01-12 11:28:25] --- Sampled interval of velocity: 0.00 m/s - 5.96 m/s (planner.py:310)
INFO     [2025-01-12 11:28:25] --- select trajectory 196 (reactive_planner_cpp.py:382)
INFO     [2025-01-12 11:28:25] --- current time step: 51 (frenet_interface.py:257)
INFO     [2025-01-12 11:28:25] --- current velocity: 0.18961410373671403 (frenet_interface.py:258)
INFO     [2025-01-12 11:28:25] --- current target velocity: 5.2061969220211255 (frenet_interface.py:259)
INFO     [2025-01-12 11:28:26] --- Sampled interval of velocity: 0.00 m/s - 5.94 m/s (planner.py:310)
INFO     [2025-01-12 11:28:26] --- current time step: 52 (frenet_interface.py:280)
INFO     [2025-01-12 11:28:26] --- current velocity: 0.1691916134201206 (frenet_interface.py:281)
INFO     [2025-01-12 11:28:26] --- current target velocity: 5.189614103736714 (frenet_interface.py:282)
INFO     [2025-01-12 11:28:26] --- Sampled interval of velocity: 0.00 m/s - 5.92 m/s (planner.py:310)
INFO     [2025-01-12 11:28:26] --- current time step: 53 (frenet_interface.py:280)
INFO     [2025-01-12 11:28:26] --- current velocity: 0.146071248514053 (frenet_interface.py:281)
INFO     [2025-01-12 11:28:26] --- current target velocity: 5.169191613420121 (frenet_interface.py:282)
INFO     [2025-01-12 11:28:27] --- Sampled interval of velocity: 0.00 m/s - 5.90 m/s (planner.py:310)
INFO     [2025-01-12 11:28:27] --- select trajectory 716 (reactive_planner_cpp.py:382)
INFO     [2025-01-12 11:28:27] --- current time step: 54 (frenet_interface.py:257)
INFO     [2025-01-12 11:28:27] --- current velocity: 0.13914693675527257 (frenet_interface.py:258)
INFO     [2025-01-12 11:28:27] --- current target velocity: 5.146071248514053 (frenet_interface.py:259)
INFO     [2025-01-12 11:28:28] --- Sampled interval of velocity: 0.00 m/s - 5.89 m/s (planner.py:310)
INFO     [2025-01-12 11:28:28] --- current time step: 55 (frenet_interface.py:280)
INFO     [2025-01-12 11:28:28] --- current velocity: 0.14201552365513492 (frenet_interface.py:281)
INFO     [2025-01-12 11:28:28] --- current target velocity: 5.139146936755273 (frenet_interface.py:282)
INFO     [2025-01-12 11:28:28] --- Sampled interval of velocity: 0.00 m/s - 5.89 m/s (planner.py:310)
INFO     [2025-01-12 11:28:28] --- current time step: 56 (frenet_interface.py:280)
INFO     [2025-01-12 11:28:28] --- current velocity: 0.15400618468582095 (frenet_interface.py:281)
INFO     [2025-01-12 11:28:28] --- current target velocity: 5.142015523655135 (frenet_interface.py:282)
INFO     [2025-01-12 11:28:28] --- Sampled interval of velocity: 0.00 m/s - 5.90 m/s (planner.py:310)
INFO     [2025-01-12 11:28:28] --- select trajectory 706 (reactive_planner_cpp.py:382)
INFO     [2025-01-12 11:28:28] --- current time step: 57 (frenet_interface.py:257)
INFO     [2025-01-12 11:28:28] --- current velocity: 0.16354120418724627 (frenet_interface.py:258)
INFO     [2025-01-12 11:28:28] --- current target velocity: 5.154006184685821 (frenet_interface.py:259)
INFO     [2025-01-12 11:28:30] --- Sampled interval of velocity: 0.00 m/s - 5.91 m/s (planner.py:310)
INFO     [2025-01-12 11:28:30] --- current time step: 58 (frenet_interface.py:280)
INFO     [2025-01-12 11:28:30] --- current velocity: 0.17568120377207808 (frenet_interface.py:281)
INFO     [2025-01-12 11:28:30] --- current target velocity: 5.163541204187246 (frenet_interface.py:282)
INFO     [2025-01-12 11:28:30] --- Sampled interval of velocity: 0.00 m/s - 5.93 m/s (planner.py:310)
INFO     [2025-01-12 11:28:30] --- current time step: 59 (frenet_interface.py:280)
INFO     [2025-01-12 11:28:30] --- current velocity: 0.1902206710563458 (frenet_interface.py:281)
INFO     [2025-01-12 11:28:30] --- current target velocity: 5.175681203772078 (frenet_interface.py:282)
INFO     [2025-01-12 11:28:30] --- Sampled interval of velocity: 0.00 m/s - 5.94 m/s (planner.py:310)
INFO     [2025-01-12 11:28:30] --- select trajectory 706 (reactive_planner_cpp.py:382)
INFO     [2025-01-12 11:28:30] --- current time step: 60 (frenet_interface.py:257)
INFO     [2025-01-12 11:28:30] --- current velocity: 0.1993452496899388 (frenet_interface.py:258)
INFO     [2025-01-12 11:28:30] --- current target velocity: 5.190220671056346 (frenet_interface.py:259)
INFO     [2025-01-12 11:28:31] --- Sampled interval of velocity: 0.00 m/s - 5.95 m/s (planner.py:310)
INFO     [2025-01-12 11:28:31] --- current time step: 61 (frenet_interface.py:280)
INFO     [2025-01-12 11:28:31] --- current velocity: 0.2109192682769583 (frenet_interface.py:281)
INFO     [2025-01-12 11:28:31] --- current target velocity: 5.199345249689939 (frenet_interface.py:282)
INFO     [2025-01-12 11:28:32] --- Sampled interval of velocity: 0.00 m/s - 5.96 m/s (planner.py:310)
INFO     [2025-01-12 11:28:32] --- current time step: 62 (frenet_interface.py:280)
INFO     [2025-01-12 11:28:32] --- current velocity: 0.22474910661374478 (frenet_interface.py:281)
INFO     [2025-01-12 11:28:32] --- current target velocity: 5.2109192682769585 (frenet_interface.py:282)
INFO     [2025-01-12 11:28:33] --- Sampled interval of velocity: 0.00 m/s - 5.97 m/s (planner.py:310)
INFO     [2025-01-12 11:28:33] --- select trajectory 196 (reactive_planner_cpp.py:382)
INFO     [2025-01-12 11:28:33] --- current time step: 63 (frenet_interface.py:257)
INFO     [2025-01-12 11:28:33] --- current velocity: 0.22569198805701365 (frenet_interface.py:258)
INFO     [2025-01-12 11:28:33] --- current target velocity: 5.224749106613745 (frenet_interface.py:259)
INFO     [2025-01-12 11:28:33] --- Sampled interval of velocity: 0.00 m/s - 5.98 m/s (planner.py:310)
INFO     [2025-01-12 11:28:33] --- current time step: 64 (frenet_interface.py:280)
INFO     [2025-01-12 11:28:33] --- current velocity: 0.21521853741002864 (frenet_interface.py:281)
INFO     [2025-01-12 11:28:33] --- current target velocity: 5.225691988057013 (frenet_interface.py:282)
INFO     [2025-01-12 11:28:34] --- Sampled interval of velocity: 0.00 m/s - 5.97 m/s (planner.py:310)
INFO     [2025-01-12 11:28:34] --- current time step: 65 (frenet_interface.py:280)
INFO     [2025-01-12 11:28:34] --- current velocity: 0.19571529514206623 (frenet_interface.py:281)
INFO     [2025-01-12 11:28:34] --- current target velocity: 5.215218537410029 (frenet_interface.py:282)
INFO     [2025-01-12 11:28:34] --- Sampled interval of velocity: 0.00 m/s - 5.95 m/s (planner.py:310)
INFO     [2025-01-12 11:28:34] --- select trajectory 196 (reactive_planner_cpp.py:382)
INFO     [2025-01-12 11:28:34] --- current time step: 66 (frenet_interface.py:257)
INFO     [2025-01-12 11:28:34] --- current velocity: 0.18158407061949589 (frenet_interface.py:258)
INFO     [2025-01-12 11:28:34] --- current target velocity: 5.195715295142066 (frenet_interface.py:259)
INFO     [2025-01-12 11:28:36] --- Sampled interval of velocity: 0.00 m/s - 5.93 m/s (planner.py:310)
INFO     [2025-01-12 11:28:36] --- current time step: 67 (frenet_interface.py:280)
INFO     [2025-01-12 11:28:36] --- current velocity: 0.16319958516967206 (frenet_interface.py:281)
INFO     [2025-01-12 11:28:36] --- current target velocity: 5.181584070619496 (frenet_interface.py:282)
INFO     [2025-01-12 11:28:36] --- Sampled interval of velocity: 0.00 m/s - 5.91 m/s (planner.py:310)
INFO     [2025-01-12 11:28:36] --- current time step: 68 (frenet_interface.py:280)
INFO     [2025-01-12 11:28:36] --- current velocity: 0.14174158475512663 (frenet_interface.py:281)
INFO     [2025-01-12 11:28:36] --- current target velocity: 5.163199585169672 (frenet_interface.py:282)
INFO     [2025-01-12 11:28:37] --- Sampled interval of velocity: 0.00 m/s - 5.89 m/s (planner.py:310)
INFO     [2025-01-12 11:28:37] --- select trajectory 196 (reactive_planner_cpp.py:382)
INFO     [2025-01-12 11:28:37] --- current time step: 69 (frenet_interface.py:257)
INFO     [2025-01-12 11:28:37] --- current velocity: 0.12912412382218183 (frenet_interface.py:258)
INFO     [2025-01-12 11:28:37] --- current target velocity: 5.141741584755127 (frenet_interface.py:259)
INFO     [2025-01-12 11:28:38] --- Sampled interval of velocity: 0.00 m/s - 5.88 m/s (planner.py:310)
INFO     [2025-01-12 11:28:38] --- current time step: 70 (frenet_interface.py:280)
INFO     [2025-01-12 11:28:38] --- current velocity: 0.11434563669383442 (frenet_interface.py:281)
INFO     [2025-01-12 11:28:38] --- current target velocity: 5.129124123822182 (frenet_interface.py:282)
INFO     [2025-01-12 11:28:38] --- Sampled interval of velocity: 0.00 m/s - 5.86 m/s (planner.py:310)
INFO     [2025-01-12 11:28:38] --- current time step: 71 (frenet_interface.py:280)
INFO     [2025-01-12 11:28:38] --- current velocity: 0.09811465136869514 (frenet_interface.py:281)
INFO     [2025-01-12 11:28:38] --- current target velocity: 5.114345636693835 (frenet_interface.py:282)
INFO     [2025-01-12 11:28:40] --- Sampled interval of velocity: 0.00 m/s - 5.85 m/s (planner.py:310)
INFO     [2025-01-12 11:28:40] --- select trajectory 196 (reactive_planner_cpp.py:382)
INFO     [2025-01-12 11:28:40] --- current time step: 72 (frenet_interface.py:257)
INFO     [2025-01-12 11:28:40] --- current velocity: 0.0889432413464223 (frenet_interface.py:258)
INFO     [2025-01-12 11:28:40] --- current target velocity: 5.098114651368695 (frenet_interface.py:259)
INFO     [2025-01-12 11:28:41] --- Sampled interval of velocity: 0.00 m/s - 5.84 m/s (planner.py:310)
INFO     [2025-01-12 11:28:41] --- current time step: 73 (frenet_interface.py:280)
INFO     [2025-01-12 11:28:41] --- current velocity: 0.07845741476757555 (frenet_interface.py:281)
INFO     [2025-01-12 11:28:41] --- current target velocity: 5.088943241346422 (frenet_interface.py:282)
INFO     [2025-01-12 11:28:41] --- Sampled interval of velocity: 0.00 m/s - 5.83 m/s (planner.py:310)
INFO     [2025-01-12 11:28:41] --- current time step: 74 (frenet_interface.py:280)
INFO     [2025-01-12 11:28:41] --- current velocity: 0.0671181645887691 (frenet_interface.py:281)
INFO     [2025-01-12 11:28:41] --- current target velocity: 5.078457414767575 (frenet_interface.py:282)
INFO     [2025-01-12 11:28:41] --- Sampled interval of velocity: 0.00 m/s - 5.82 m/s (planner.py:310)
INFO     [2025-01-12 11:28:41] --- select trajectory 756 (reactive_planner_cpp.py:382)
INFO     [2025-01-12 11:28:41] --- current time step: 75 (frenet_interface.py:257)
INFO     [2025-01-12 11:28:41] --- current velocity: 0.07569398884590421 (frenet_interface.py:258)
INFO     [2025-01-12 11:28:41] --- current target velocity: 5.067118164588769 (frenet_interface.py:259)
INFO     [2025-01-12 11:28:44] --- Sampled interval of velocity: 0.00 m/s - 5.83 m/s (planner.py:310)
INFO     [2025-01-12 11:28:44] --- current time step: 76 (frenet_interface.py:280)
INFO     [2025-01-12 11:28:44] --- current velocity: 0.11173510152601698 (frenet_interface.py:281)
INFO     [2025-01-12 11:28:44] --- current target velocity: 5.075693988845904 (frenet_interface.py:282)
INFO     [2025-01-12 11:28:44] --- Sampled interval of velocity: 0.00 m/s - 5.86 m/s (planner.py:310)
INFO     [2025-01-12 11:28:44] --- current time step: 77 (frenet_interface.py:280)
INFO     [2025-01-12 11:28:44] --- current velocity: 0.17329349654441817 (frenet_interface.py:281)
INFO     [2025-01-12 11:28:44] --- current target velocity: 5.111735101526017 (frenet_interface.py:282)
INFO     [2025-01-12 11:28:44] --- Sampled interval of velocity: 0.00 m/s - 5.92 m/s (planner.py:310)
INFO     [2025-01-12 11:28:45] --- select trajectory 746 (reactive_planner_cpp.py:382)
INFO     [2025-01-12 11:28:45] --- current time step: 78 (frenet_interface.py:257)
INFO     [2025-01-12 11:28:45] --- current velocity: 0.21921473160968755 (frenet_interface.py:258)
INFO     [2025-01-12 11:28:45] --- current target velocity: 5.173293496544418 (frenet_interface.py:259)
INFO     [2025-01-12 11:28:47] --- Sampled interval of velocity: 0.00 m/s - 5.97 m/s (planner.py:310)
INFO     [2025-01-12 11:28:47] --- current time step: 79 (frenet_interface.py:280)
INFO     [2025-01-12 11:28:47] --- current velocity: 0.2824288262235259 (frenet_interface.py:281)
INFO     [2025-01-12 11:28:47] --- current target velocity: 5.2192147316096875 (frenet_interface.py:282)
INFO     [2025-01-12 11:28:47] --- Sampled interval of velocity: 0.00 m/s - 6.03 m/s (planner.py:310)
INFO     [2025-01-12 11:28:47] --- current time step: 80 (frenet_interface.py:280)
INFO     [2025-01-12 11:28:47] --- current velocity: 0.36161282514444937 (frenet_interface.py:281)
INFO     [2025-01-12 11:28:47] --- current target velocity: 5.2824288262235255 (frenet_interface.py:282)
INFO     [2025-01-12 11:28:47] --- Sampled interval of velocity: 0.00 m/s - 6.11 m/s (planner.py:310)
INFO     [2025-01-12 11:28:48] --- select trajectory 741 (reactive_planner_cpp.py:382)
INFO     [2025-01-12 11:28:48] --- current time step: 81 (frenet_interface.py:257)
INFO     [2025-01-12 11:28:48] --- current velocity: 0.4134057988921525 (frenet_interface.py:258)
INFO     [2025-01-12 11:28:48] --- current target velocity: 5.36161282514445 (frenet_interface.py:259)
INFO     [2025-01-12 11:28:49] --- Sampled interval of velocity: 0.00 m/s - 6.16 m/s (planner.py:310)
INFO     [2025-01-12 11:28:49] --- current time step: 82 (frenet_interface.py:280)
INFO     [2025-01-12 11:28:49] --- current velocity: 0.4812249451860856 (frenet_interface.py:281)
INFO     [2025-01-12 11:28:49] --- current target velocity: 5.4134057988921525 (frenet_interface.py:282)
INFO     [2025-01-12 11:28:50] --- Sampled interval of velocity: 0.00 m/s - 6.23 m/s (planner.py:310)
INFO     [2025-01-12 11:28:50] --- current time step: 83 (frenet_interface.py:280)
INFO     [2025-01-12 11:28:50] --- current velocity: 0.5638222138992026 (frenet_interface.py:281)
INFO     [2025-01-12 11:28:50] --- current target velocity: 5.481224945186086 (frenet_interface.py:282)
INFO     [2025-01-12 11:28:50] --- Sampled interval of velocity: 0.00 m/s - 6.31 m/s (planner.py:310)
INFO     [2025-01-12 11:28:50] --- select trajectory 736 (reactive_planner_cpp.py:382)
INFO     [2025-01-12 11:28:50] --- current time step: 84 (frenet_interface.py:257)
INFO     [2025-01-12 11:28:50] --- current velocity: 0.6141240052298889 (frenet_interface.py:258)
INFO     [2025-01-12 11:28:50] --- current target velocity: 5.563822213899202 (frenet_interface.py:259)
INFO     [2025-01-12 11:28:52] --- Sampled interval of velocity: 0.00 m/s - 6.36 m/s (planner.py:310)
INFO     [2025-01-12 11:28:52] --- current time step: 85 (frenet_interface.py:280)
INFO     [2025-01-12 11:28:52] --- current velocity: 0.6748901544089507 (frenet_interface.py:281)
INFO     [2025-01-12 11:28:52] --- current target velocity: 5.614124005229889 (frenet_interface.py:282)
INFO     [2025-01-12 11:28:53] --- Sampled interval of velocity: 0.00 m/s - 6.42 m/s (planner.py:310)
INFO     [2025-01-12 11:28:53] --- current time step: 86 (frenet_interface.py:280)
INFO     [2025-01-12 11:28:53] --- current velocity: 0.7452665041948628 (frenet_interface.py:281)
INFO     [2025-01-12 11:28:53] --- current target velocity: 5.674890154408951 (frenet_interface.py:282)
INFO     [2025-01-12 11:28:53] --- Sampled interval of velocity: 0.00 m/s - 6.50 m/s (planner.py:310)
INFO     [2025-01-12 11:28:53] --- select trajectory 626 (reactive_planner_cpp.py:382)
INFO     [2025-01-12 11:28:53] --- current time step: 87 (frenet_interface.py:257)
INFO     [2025-01-12 11:28:53] --- current velocity: 0.7860696630282575 (frenet_interface.py:258)
INFO     [2025-01-12 11:28:53] --- current target velocity: 5.745266504194863 (frenet_interface.py:259)
INFO     [2025-01-12 11:28:55] --- Sampled interval of velocity: 0.00 m/s - 6.54 m/s (planner.py:310)
INFO     [2025-01-12 11:28:55] --- current time step: 88 (frenet_interface.py:280)
INFO     [2025-01-12 11:28:55] --- current velocity: 0.8332067246928866 (frenet_interface.py:281)
INFO     [2025-01-12 11:28:55] --- current target velocity: 5.7860696630282575 (frenet_interface.py:282)
INFO     [2025-01-12 11:28:55] --- Sampled interval of velocity: 0.00 m/s - 6.58 m/s (planner.py:310)
INFO     [2025-01-12 11:28:55] --- current time step: 89 (frenet_interface.py:280)
INFO     [2025-01-12 11:28:55] --- current velocity: 0.8861128021222102 (frenet_interface.py:281)
INFO     [2025-01-12 11:28:55] --- current target velocity: 5.833206724692887 (frenet_interface.py:282)
INFO     [2025-01-12 11:28:56] --- Sampled interval of velocity: 0.00 m/s - 6.64 m/s (planner.py:310)
INFO     [2025-01-12 11:28:56] --- select trajectory 526 (reactive_planner_cpp.py:382)
INFO     [2025-01-12 11:28:56] --- current time step: 90 (frenet_interface.py:257)
INFO     [2025-01-12 11:28:56] --- current velocity: 0.9187471324661339 (frenet_interface.py:258)
INFO     [2025-01-12 11:28:56] --- current target velocity: 5.88611280212221 (frenet_interface.py:259)
INFO     [2025-01-12 11:28:57] --- Sampled interval of velocity: 0.00 m/s - 6.67 m/s (planner.py:310)
INFO     [2025-01-12 11:28:57] --- current time step: 91 (frenet_interface.py:280)
INFO     [2025-01-12 11:28:57] --- current velocity: 0.9604839602149569 (frenet_interface.py:281)
INFO     [2025-01-12 11:28:57] --- current target velocity: 5.918747132466134 (frenet_interface.py:282)
INFO     [2025-01-12 11:28:57] --- Sampled interval of velocity: 0.00 m/s - 6.71 m/s (planner.py:310)
INFO     [2025-01-12 11:28:57] --- current time step: 92 (frenet_interface.py:280)
INFO     [2025-01-12 11:28:57] --- current velocity: 1.0104755612169243 (frenet_interface.py:281)
INFO     [2025-01-12 11:28:57] --- current target velocity: 5.960483960214956 (frenet_interface.py:282)
INFO     [2025-01-12 11:28:58] --- Sampled interval of velocity: 0.00 m/s - 6.76 m/s (planner.py:310)
INFO     [2025-01-12 11:28:58] --- select trajectory 726 (reactive_planner_cpp.py:382)
INFO     [2025-01-12 11:28:58] --- current time step: 93 (frenet_interface.py:257)
INFO     [2025-01-12 11:28:58] --- current velocity: 1.0405997251448462 (frenet_interface.py:258)
INFO     [2025-01-12 11:28:58] --- current target velocity: 6.010475561216924 (frenet_interface.py:259)
INFO     [2025-01-12 11:29:00] --- Sampled interval of velocity: 0.00 m/s - 6.79 m/s (planner.py:310)
INFO     [2025-01-12 11:29:00] --- current time step: 94 (frenet_interface.py:280)
INFO     [2025-01-12 11:29:00] --- current velocity: 1.0768047561185248 (frenet_interface.py:281)
INFO     [2025-01-12 11:29:00] --- current target velocity: 6.040599725144846 (frenet_interface.py:282)
INFO     [2025-01-12 11:29:00] --- Sampled interval of velocity: 0.00 m/s - 6.83 m/s (planner.py:310)
INFO     [2025-01-12 11:29:00] --- current time step: 95 (frenet_interface.py:280)
INFO     [2025-01-12 11:29:00] --- current velocity: 1.118591821836369 (frenet_interface.py:281)
INFO     [2025-01-12 11:29:00] --- current target velocity: 6.076804756118525 (frenet_interface.py:282)
INFO     [2025-01-12 11:29:01] --- Sampled interval of velocity: 0.00 m/s - 6.87 m/s (planner.py:310)
INFO     [2025-01-12 11:29:01] --- select trajectory 726 (reactive_planner_cpp.py:382)
INFO     [2025-01-12 11:29:01] --- current time step: 96 (frenet_interface.py:257)
INFO     [2025-01-12 11:29:01] --- current velocity: 1.144092320955529 (frenet_interface.py:258)
INFO     [2025-01-12 11:29:01] --- current target velocity: 6.118591821836369 (frenet_interface.py:259)
INFO     [2025-01-12 11:29:03] --- Sampled interval of velocity: 0.00 m/s - 6.89 m/s (planner.py:310)
INFO     [2025-01-12 11:29:03] --- current time step: 97 (frenet_interface.py:280)
INFO     [2025-01-12 11:29:03] --- current velocity: 1.1758497147671416 (frenet_interface.py:281)
INFO     [2025-01-12 11:29:03] --- current target velocity: 6.144092320955529 (frenet_interface.py:282)
INFO     [2025-01-12 11:29:03] --- Sampled interval of velocity: 0.00 m/s - 6.93 m/s (planner.py:310)
INFO     [2025-01-12 11:29:03] --- current time step: 98 (frenet_interface.py:280)
INFO     [2025-01-12 11:29:03] --- current velocity: 1.2133641778671191 (frenet_interface.py:281)
INFO     [2025-01-12 11:29:03] --- current target velocity: 6.175849714767142 (frenet_interface.py:282)
