CRITICAL [2025-01-12 11:37:29] --- Start Planner Vehicle ID: 30287 (frenet_interface.py:67)
INFO     [2025-01-12 11:37:32] --- Sampled interval of velocity: 0.00 m/s - 19.04 m/s (planner.py:310)
INFO     [2025-01-12 11:37:32] --- select trajectory 131 (reactive_planner_cpp.py:382)
INFO     [2025-01-12 11:37:32] --- current time step: 0 (frenet_interface.py:257)
INFO     [2025-01-12 11:37:32] --- current velocity: 13.199141517987037 (frenet_interface.py:258)
INFO     [2025-01-12 11:37:32] --- current target velocity: 13.2869 (frenet_interface.py:259)
INFO     [2025-01-12 11:37:35] --- Sampled interval of velocity: 0.00 m/s - 18.95 m/s (planner.py:310)
INFO     [2025-01-12 11:37:35] --- current time step: 1 (frenet_interface.py:280)
INFO     [2025-01-12 11:37:35] --- current velocity: 12.958513487301945 (frenet_interface.py:281)
INFO     [2025-01-12 11:37:35] --- current target velocity: 13.199141517987037 (frenet_interface.py:282)
INFO     [2025-01-12 11:37:35] --- Sampled interval of velocity: 0.00 m/s - 18.71 m/s (planner.py:310)
INFO     [2025-01-12 11:37:35] --- current time step: 2 (frenet_interface.py:280)
INFO     [2025-01-12 11:37:35] --- current velocity: 12.598987007304066 (frenet_interface.py:281)
INFO     [2025-01-12 11:37:35] --- current target velocity: 12.958513487301945 (frenet_interface.py:282)
INFO     [2025-01-12 11:37:36] --- Sampled interval of velocity: 0.00 m/s - 18.35 m/s (planner.py:310)
INFO     [2025-01-12 11:37:36] --- select trajectory 151 (reactive_planner_cpp.py:382)
INFO     [2025-01-12 11:37:36] --- current time step: 3 (frenet_interface.py:257)
INFO     [2025-01-12 11:37:36] --- current velocity: 12.430535762838911 (frenet_interface.py:258)
INFO     [2025-01-12 11:37:36] --- current target velocity: 12.598987007304066 (frenet_interface.py:259)
INFO     [2025-01-12 11:37:39] --- Sampled interval of velocity: 0.00 m/s - 18.18 m/s (planner.py:310)
INFO     [2025-01-12 11:37:39] --- current time step: 4 (frenet_interface.py:280)
INFO     [2025-01-12 11:37:39] --- current velocity: 12.326096003900348 (frenet_interface.py:281)
INFO     [2025-01-12 11:37:39] --- current target velocity: 12.430535762838911 (frenet_interface.py:282)
INFO     [2025-01-12 11:37:40] --- Sampled interval of velocity: 0.00 m/s - 18.08 m/s (planner.py:310)
INFO     [2025-01-12 11:37:40] --- current time step: 5 (frenet_interface.py:280)
INFO     [2025-01-12 11:37:40] --- current velocity: 12.275560652167096 (frenet_interface.py:281)
INFO     [2025-01-12 11:37:40] --- current target velocity: 12.326096003900348 (frenet_interface.py:282)
INFO     [2025-01-12 11:37:41] --- Sampled interval of velocity: 0.00 m/s - 18.03 m/s (planner.py:310)
INFO     [2025-01-12 11:37:41] --- select trajectory 151 (reactive_planner_cpp.py:382)
INFO     [2025-01-12 11:37:41] --- current time step: 6 (frenet_interface.py:257)
INFO     [2025-01-12 11:37:41] --- current velocity: 12.264423389388051 (frenet_interface.py:258)
INFO     [2025-01-12 11:37:41] --- current target velocity: 12.275560652167096 (frenet_interface.py:259)
INFO     [2025-01-12 11:37:45] --- Sampled interval of velocity: 0.00 m/s - 18.01 m/s (planner.py:310)
INFO     [2025-01-12 11:37:45] --- current time step: 7 (frenet_interface.py:280)
INFO     [2025-01-12 11:37:45] --- current velocity: 12.257518285272965 (frenet_interface.py:281)
INFO     [2025-01-12 11:37:45] --- current target velocity: 12.264423389388051 (frenet_interface.py:282)
INFO     [2025-01-12 11:37:46] --- Sampled interval of velocity: 0.00 m/s - 18.01 m/s (planner.py:310)
INFO     [2025-01-12 11:37:46] --- current time step: 8 (frenet_interface.py:280)
INFO     [2025-01-12 11:37:46] --- current velocity: 12.254177103282823 (frenet_interface.py:281)
INFO     [2025-01-12 11:37:46] --- current target velocity: 12.257518285272965 (frenet_interface.py:282)
INFO     [2025-01-12 11:37:48] --- Sampled interval of velocity: 0.00 m/s - 18.00 m/s (planner.py:310)
INFO     [2025-01-12 11:37:48] --- select trajectory 151 (reactive_planner_cpp.py:382)
INFO     [2025-01-12 11:37:48] --- current time step: 9 (frenet_interface.py:257)
INFO     [2025-01-12 11:37:48] --- current velocity: 12.253440750999031 (frenet_interface.py:258)
INFO     [2025-01-12 11:37:48] --- current target velocity: 12.254177103282823 (frenet_interface.py:259)
INFO     [2025-01-12 11:37:51] --- Sampled interval of velocity: 0.00 m/s - 18.00 m/s (planner.py:310)
INFO     [2025-01-12 11:37:51] --- current time step: 10 (frenet_interface.py:280)
INFO     [2025-01-12 11:37:51] --- current velocity: 12.252984208685879 (frenet_interface.py:281)
INFO     [2025-01-12 11:37:51] --- current target velocity: 12.253440750999031 (frenet_interface.py:282)
INFO     [2025-01-12 11:37:51] --- Sampled interval of velocity: 0.00 m/s - 18.00 m/s (planner.py:310)
INFO     [2025-01-12 11:37:51] --- current time step: 11 (frenet_interface.py:280)
INFO     [2025-01-12 11:37:51] --- current velocity: 12.252763297916808 (frenet_interface.py:281)
INFO     [2025-01-12 11:37:51] --- current target velocity: 12.252984208685879 (frenet_interface.py:282)
INFO     [2025-01-12 11:37:52] --- Sampled interval of velocity: 0.00 m/s - 18.00 m/s (planner.py:310)
INFO     [2025-01-12 11:37:52] --- select trajectory 431 (reactive_planner_cpp.py:382)
INFO     [2025-01-12 11:37:52] --- current time step: 12 (frenet_interface.py:257)
INFO     [2025-01-12 11:37:52] --- current velocity: 12.205323556766304 (frenet_interface.py:258)
INFO     [2025-01-12 11:37:52] --- current target velocity: 12.252763297916808 (frenet_interface.py:259)
INFO     [2025-01-12 11:37:56] --- Sampled interval of velocity: 0.00 m/s - 17.96 m/s (planner.py:310)
INFO     [2025-01-12 11:37:56] --- current time step: 13 (frenet_interface.py:280)
INFO     [2025-01-12 11:37:56] --- current velocity: 12.072598741813831 (frenet_interface.py:281)
INFO     [2025-01-12 11:37:56] --- current target velocity: 12.205323556766304 (frenet_interface.py:282)
INFO     [2025-01-12 11:37:58] --- Sampled interval of velocity: 0.00 m/s - 17.82 m/s (planner.py:310)
INFO     [2025-01-12 11:37:58] --- current time step: 14 (frenet_interface.py:280)
INFO     [2025-01-12 11:37:58] --- current velocity: 11.86880373368442 (frenet_interface.py:281)
INFO     [2025-01-12 11:37:58] --- current target velocity: 12.072598741813831 (frenet_interface.py:282)
INFO     [2025-01-12 11:37:58] --- Sampled interval of velocity: 0.00 m/s - 17.62 m/s (planner.py:310)
INFO     [2025-01-12 11:37:58] --- select trajectory 721 (reactive_planner_cpp.py:382)
INFO     [2025-01-12 11:37:58] --- current time step: 15 (frenet_interface.py:257)
INFO     [2025-01-12 11:37:58] --- current velocity: 11.742049847861594 (frenet_interface.py:258)
INFO     [2025-01-12 11:37:58] --- current target velocity: 11.86880373368442 (frenet_interface.py:259)
INFO     [2025-01-12 11:38:01] --- Sampled interval of velocity: 0.00 m/s - 17.49 m/s (planner.py:310)
INFO     [2025-01-12 11:38:01] --- current time step: 16 (frenet_interface.py:280)
INFO     [2025-01-12 11:38:01] --- current velocity: 11.597417539902532 (frenet_interface.py:281)
INFO     [2025-01-12 11:38:01] --- current target velocity: 11.742049847861594 (frenet_interface.py:282)
INFO     [2025-01-12 11:38:01] --- Sampled interval of velocity: 0.00 m/s - 17.35 m/s (planner.py:310)
INFO     [2025-01-12 11:38:01] --- current time step: 17 (frenet_interface.py:280)
INFO     [2025-01-12 11:38:01] --- current velocity: 11.4364631166274 (frenet_interface.py:281)
INFO     [2025-01-12 11:38:01] --- current target velocity: 11.597417539902532 (frenet_interface.py:282)
INFO     [2025-01-12 11:38:02] --- Sampled interval of velocity: 0.00 m/s - 17.19 m/s (planner.py:310)
INFO     [2025-01-12 11:38:02] --- select trajectory 421 (reactive_planner_cpp.py:382)
INFO     [2025-01-12 11:38:02] --- current time step: 18 (frenet_interface.py:257)
INFO     [2025-01-12 11:38:02] --- current velocity: 11.29102343476646 (frenet_interface.py:258)
INFO     [2025-01-12 11:38:02] --- current target velocity: 11.4364631166274 (frenet_interface.py:259)
INFO     [2025-01-12 11:38:04] --- Sampled interval of velocity: 0.00 m/s - 17.04 m/s (planner.py:310)
INFO     [2025-01-12 11:38:04] --- current time step: 19 (frenet_interface.py:280)
INFO     [2025-01-12 11:38:04] --- current velocity: 11.036131497253558 (frenet_interface.py:281)
INFO     [2025-01-12 11:38:04] --- current target velocity: 11.29102343476646 (frenet_interface.py:282)
INFO     [2025-01-12 11:38:06] --- Sampled interval of velocity: 0.00 m/s - 16.79 m/s (planner.py:310)
INFO     [2025-01-12 11:38:06] --- current time step: 20 (frenet_interface.py:280)
INFO     [2025-01-12 11:38:06] --- current velocity: 10.69103289797963 (frenet_interface.py:281)
INFO     [2025-01-12 11:38:06] --- current target velocity: 11.036131497253558 (frenet_interface.py:282)
INFO     [2025-01-12 11:38:07] --- Sampled interval of velocity: 0.00 m/s - 16.44 m/s (planner.py:310)
INFO     [2025-01-12 11:38:07] --- select trajectory 611 (reactive_planner_cpp.py:382)
INFO     [2025-01-12 11:38:07] --- current time step: 21 (frenet_interface.py:257)
INFO     [2025-01-12 11:38:07] --- current velocity: 10.489212828744453 (frenet_interface.py:258)
INFO     [2025-01-12 11:38:07] --- current target velocity: 10.69103289797963 (frenet_interface.py:259)
INFO     [2025-01-12 11:38:08] --- Sampled interval of velocity: 0.00 m/s - 16.24 m/s (planner.py:310)
INFO     [2025-01-12 11:38:08] --- current time step: 22 (frenet_interface.py:280)
INFO     [2025-01-12 11:38:08] --- current velocity: 10.268785019520337 (frenet_interface.py:281)
INFO     [2025-01-12 11:38:08] --- current target velocity: 10.489212828744453 (frenet_interface.py:282)
INFO     [2025-01-12 11:38:09] --- Sampled interval of velocity: 0.00 m/s - 16.02 m/s (planner.py:310)
INFO     [2025-01-12 11:38:09] --- current time step: 23 (frenet_interface.py:280)
INFO     [2025-01-12 11:38:09] --- current velocity: 10.031617970896704 (frenet_interface.py:281)
INFO     [2025-01-12 11:38:09] --- current target velocity: 10.268785019520337 (frenet_interface.py:282)
INFO     [2025-01-12 11:38:11] --- Sampled interval of velocity: 0.00 m/s - 15.78 m/s (planner.py:310)
INFO     [2025-01-12 11:38:11] --- select trajectory 21 (reactive_planner_cpp.py:382)
INFO     [2025-01-12 11:38:11] --- current time step: 24 (frenet_interface.py:257)
INFO     [2025-01-12 11:38:11] --- current velocity: 9.88212398955462 (frenet_interface.py:258)
INFO     [2025-01-12 11:38:11] --- current target velocity: 10.031617970896704 (frenet_interface.py:259)
INFO     [2025-01-12 11:38:12] --- Sampled interval of velocity: 0.00 m/s - 15.63 m/s (planner.py:310)
INFO     [2025-01-12 11:38:12] --- current time step: 25 (frenet_interface.py:280)
INFO     [2025-01-12 11:38:12] --- current velocity: 9.683558123572443 (frenet_interface.py:281)
INFO     [2025-01-12 11:38:12] --- current target velocity: 9.88212398955462 (frenet_interface.py:282)
INFO     [2025-01-12 11:38:13] --- Sampled interval of velocity: 0.00 m/s - 15.43 m/s (planner.py:310)
INFO     [2025-01-12 11:38:13] --- current time step: 26 (frenet_interface.py:280)
INFO     [2025-01-12 11:38:13] --- current velocity: 9.44342373726029 (frenet_interface.py:281)
INFO     [2025-01-12 11:38:13] --- current target velocity: 9.683558123572443 (frenet_interface.py:282)
INFO     [2025-01-12 11:38:14] --- Sampled interval of velocity: 0.00 m/s - 15.19 m/s (planner.py:310)
INFO     [2025-01-12 11:38:14] --- select trajectory 111 (reactive_planner_cpp.py:382)
INFO     [2025-01-12 11:38:14] --- current time step: 27 (frenet_interface.py:257)
INFO     [2025-01-12 11:38:14] --- current velocity: 9.205179191351103 (frenet_interface.py:258)
INFO     [2025-01-12 11:38:14] --- current target velocity: 9.44342373726029 (frenet_interface.py:259)
INFO     [2025-01-12 11:38:15] --- Sampled interval of velocity: 0.00 m/s - 14.96 m/s (planner.py:310)
INFO     [2025-01-12 11:38:15] --- current time step: 28 (frenet_interface.py:280)
INFO     [2025-01-12 11:38:15] --- current velocity: 8.778516990592612 (frenet_interface.py:281)
INFO     [2025-01-12 11:38:15] --- current target velocity: 9.205179191351103 (frenet_interface.py:282)
INFO     [2025-01-12 11:38:16] --- Sampled interval of velocity: 0.00 m/s - 14.53 m/s (planner.py:310)
INFO     [2025-01-12 11:38:16] --- current time step: 29 (frenet_interface.py:280)
INFO     [2025-01-12 11:38:16] --- current velocity: 8.20791800296342 (frenet_interface.py:281)
INFO     [2025-01-12 11:38:16] --- current target velocity: 8.778516990592612 (frenet_interface.py:282)
INFO     [2025-01-12 11:38:17] --- Sampled interval of velocity: 0.00 m/s - 13.96 m/s (planner.py:310)
INFO     [2025-01-12 11:38:18] --- select trajectory 101 (reactive_planner_cpp.py:382)
INFO     [2025-01-12 11:38:18] --- current time step: 30 (frenet_interface.py:257)
INFO     [2025-01-12 11:38:18] --- current velocity: 7.798009186556042 (frenet_interface.py:258)
INFO     [2025-01-12 11:38:18] --- current target velocity: 8.20791800296342 (frenet_interface.py:259)
INFO     [2025-01-12 11:38:19] --- Sampled interval of velocity: 0.00 m/s - 13.55 m/s (planner.py:310)
INFO     [2025-01-12 11:38:19] --- current time step: 31 (frenet_interface.py:280)
INFO     [2025-01-12 11:38:19] --- current velocity: 7.224489080272366 (frenet_interface.py:281)
INFO     [2025-01-12 11:38:19] --- current target velocity: 7.798009186556042 (frenet_interface.py:282)
INFO     [2025-01-12 11:38:20] --- Sampled interval of velocity: 0.00 m/s - 12.97 m/s (planner.py:310)
INFO     [2025-01-12 11:38:20] --- current time step: 32 (frenet_interface.py:280)
INFO     [2025-01-12 11:38:20] --- current velocity: 6.530056560916628 (frenet_interface.py:281)
INFO     [2025-01-12 11:38:20] --- current target velocity: 7.224489080272366 (frenet_interface.py:282)
INFO     [2025-01-12 11:38:20] --- Sampled interval of velocity: 0.00 m/s - 12.28 m/s (planner.py:310)
INFO     [2025-01-12 11:38:20] --- select trajectory 196 (reactive_planner_cpp.py:382)
INFO     [2025-01-12 11:38:20] --- current time step: 33 (frenet_interface.py:257)
INFO     [2025-01-12 11:38:20] --- current velocity: 6.071933777101162 (frenet_interface.py:258)
INFO     [2025-01-12 11:38:20] --- current target velocity: 6.530056560916628 (frenet_interface.py:259)
INFO     [2025-01-12 11:38:22] --- Sampled interval of velocity: 0.00 m/s - 11.82 m/s (planner.py:310)
INFO     [2025-01-12 11:38:22] --- current time step: 34 (frenet_interface.py:280)
INFO     [2025-01-12 11:38:22] --- current velocity: 5.4652219632147165 (frenet_interface.py:281)
INFO     [2025-01-12 11:38:22] --- current target velocity: 6.071933777101162 (frenet_interface.py:282)
INFO     [2025-01-12 11:38:23] --- Sampled interval of velocity: 0.00 m/s - 11.22 m/s (planner.py:310)
INFO     [2025-01-12 11:38:23] --- current time step: 35 (frenet_interface.py:280)
INFO     [2025-01-12 11:38:23] --- current velocity: 4.750422275144865 (frenet_interface.py:281)
INFO     [2025-01-12 11:38:23] --- current target velocity: 5.4652219632147165 (frenet_interface.py:282)
INFO     [2025-01-12 11:38:24] --- Sampled interval of velocity: 0.00 m/s - 10.50 m/s (planner.py:310)
WARNING  [2025-01-12 11:38:25] --- No optimal trajectory available. Select stopping trajectory! (reactive_planner_cpp.py:407)
INFO     [2025-01-12 11:38:25] --- current time step: 36 (frenet_interface.py:257)
INFO     [2025-01-12 11:38:25] --- current velocity: 4.327679320635137 (frenet_interface.py:258)
INFO     [2025-01-12 11:38:25] --- current target velocity: 4.750422275144865 (frenet_interface.py:259)
INFO     [2025-01-12 11:38:27] --- Sampled interval of velocity: 0.00 m/s - 10.08 m/s (planner.py:310)
INFO     [2025-01-12 11:38:27] --- current time step: 37 (frenet_interface.py:280)
INFO     [2025-01-12 11:38:27] --- current velocity: 3.8308551747499338 (frenet_interface.py:281)
INFO     [2025-01-12 11:38:27] --- current target velocity: 4.327679320635137 (frenet_interface.py:282)
INFO     [2025-01-12 11:38:28] --- Sampled interval of velocity: 0.00 m/s - 9.58 m/s (planner.py:310)
INFO     [2025-01-12 11:38:28] --- current time step: 38 (frenet_interface.py:280)
INFO     [2025-01-12 11:38:28] --- current velocity: 3.2840420541525326 (frenet_interface.py:281)
INFO     [2025-01-12 11:38:28] --- current target velocity: 3.8308551747499338 (frenet_interface.py:282)
INFO     [2025-01-12 11:38:28] --- Sampled interval of velocity: 0.00 m/s - 9.03 m/s (planner.py:310)
WARNING  [2025-01-12 11:38:29] --- No optimal trajectory available. Select stopping trajectory! (reactive_planner_cpp.py:407)
INFO     [2025-01-12 11:38:29] --- current time step: 39 (frenet_interface.py:257)
INFO     [2025-01-12 11:38:29] --- current velocity: 2.9746118650733138 (frenet_interface.py:258)
INFO     [2025-01-12 11:38:29] --- current target velocity: 3.2840420541525326 (frenet_interface.py:259)
INFO     [2025-01-12 11:38:31] --- Sampled interval of velocity: 0.00 m/s - 8.72 m/s (planner.py:310)
INFO     [2025-01-12 11:38:31] --- current time step: 40 (frenet_interface.py:280)
INFO     [2025-01-12 11:38:31] --- current velocity: 2.620512325663484 (frenet_interface.py:281)
INFO     [2025-01-12 11:38:31] --- current target velocity: 2.9746118650733138 (frenet_interface.py:282)
INFO     [2025-01-12 11:38:31] --- Sampled interval of velocity: 0.00 m/s - 8.37 m/s (planner.py:310)
INFO     [2025-01-12 11:38:31] --- current time step: 41 (frenet_interface.py:280)
INFO     [2025-01-12 11:38:31] --- current velocity: 2.237364674068121 (frenet_interface.py:281)
INFO     [2025-01-12 11:38:31] --- current target velocity: 2.620512325663484 (frenet_interface.py:282)
INFO     [2025-01-12 11:38:32] --- Sampled interval of velocity: 0.00 m/s - 7.99 m/s (planner.py:310)
WARNING  [2025-01-12 11:38:32] --- No optimal trajectory available. Select stopping trajectory! (reactive_planner_cpp.py:407)
INFO     [2025-01-12 11:38:32] --- current time step: 42 (frenet_interface.py:257)
INFO     [2025-01-12 11:38:32] --- current velocity: 2.0231025775507683 (frenet_interface.py:258)
INFO     [2025-01-12 11:38:32] --- current target velocity: 2.237364674068121 (frenet_interface.py:259)
INFO     [2025-01-12 11:38:34] --- Sampled interval of velocity: 0.00 m/s - 7.77 m/s (planner.py:310)
INFO     [2025-01-12 11:38:34] --- current time step: 43 (frenet_interface.py:280)
INFO     [2025-01-12 11:38:34] --- current velocity: 1.7797356086941007 (frenet_interface.py:281)
INFO     [2025-01-12 11:38:34] --- current target velocity: 2.0231025775507683 (frenet_interface.py:282)
INFO     [2025-01-12 11:38:35] --- Sampled interval of velocity: 0.00 m/s - 7.53 m/s (planner.py:310)
INFO     [2025-01-12 11:38:35] --- current time step: 44 (frenet_interface.py:280)
INFO     [2025-01-12 11:38:35] --- current velocity: 1.5176958060816537 (frenet_interface.py:281)
INFO     [2025-01-12 11:38:35] --- current target velocity: 1.7797356086941007 (frenet_interface.py:282)
INFO     [2025-01-12 11:38:35] --- Sampled interval of velocity: 0.00 m/s - 7.27 m/s (planner.py:310)
WARNING  [2025-01-12 11:38:36] --- No optimal trajectory available. Select stopping trajectory! (reactive_planner_cpp.py:407)
INFO     [2025-01-12 11:38:36] --- current time step: 45 (frenet_interface.py:257)
INFO     [2025-01-12 11:38:36] --- current velocity: 1.3716687960882552 (frenet_interface.py:258)
INFO     [2025-01-12 11:38:36] --- current target velocity: 1.5176958060816537 (frenet_interface.py:259)
INFO     [2025-01-12 11:38:38] --- Sampled interval of velocity: 0.00 m/s - 7.12 m/s (planner.py:310)
INFO     [2025-01-12 11:38:38] --- current time step: 46 (frenet_interface.py:280)
INFO     [2025-01-12 11:38:38] --- current velocity: 1.2061746869140852 (frenet_interface.py:281)
INFO     [2025-01-12 11:38:38] --- current target velocity: 1.3716687960882552 (frenet_interface.py:282)
INFO     [2025-01-12 11:38:38] --- Sampled interval of velocity: 0.00 m/s - 6.96 m/s (planner.py:310)
INFO     [2025-01-12 11:38:38] --- current time step: 47 (frenet_interface.py:280)
INFO     [2025-01-12 11:38:38] --- current velocity: 1.0282455498245417 (frenet_interface.py:281)
INFO     [2025-01-12 11:38:38] --- current target velocity: 1.2061746869140852 (frenet_interface.py:282)
INFO     [2025-01-12 11:38:38] --- Sampled interval of velocity: 0.00 m/s - 6.78 m/s (planner.py:310)
WARNING  [2025-01-12 11:38:39] --- No optimal trajectory available. Select stopping trajectory! (reactive_planner_cpp.py:407)
INFO     [2025-01-12 11:38:39] --- current time step: 48 (frenet_interface.py:257)
INFO     [2025-01-12 11:38:39] --- current velocity: 0.9291951688664603 (frenet_interface.py:258)
INFO     [2025-01-12 11:38:39] --- current target velocity: 1.0282455498245417 (frenet_interface.py:259)
INFO     [2025-01-12 11:38:40] --- Sampled interval of velocity: 0.00 m/s - 6.68 m/s (planner.py:310)
INFO     [2025-01-12 11:38:40] --- current time step: 49 (frenet_interface.py:280)
INFO     [2025-01-12 11:38:40] --- current velocity: 0.8170159294662381 (frenet_interface.py:281)
INFO     [2025-01-12 11:38:40] --- current target velocity: 0.9291951688664603 (frenet_interface.py:282)
INFO     [2025-01-12 11:38:41] --- Sampled interval of velocity: 0.00 m/s - 6.57 m/s (planner.py:310)
INFO     [2025-01-12 11:38:41] --- current time step: 50 (frenet_interface.py:280)
INFO     [2025-01-12 11:38:41] --- current velocity: 0.6964617458968044 (frenet_interface.py:281)
INFO     [2025-01-12 11:38:41] --- current target velocity: 0.8170159294662381 (frenet_interface.py:282)
INFO     [2025-01-12 11:38:41] --- Sampled interval of velocity: 0.00 m/s - 6.45 m/s (planner.py:310)
WARNING  [2025-01-12 11:38:42] --- No optimal trajectory available. Select stopping trajectory! (reactive_planner_cpp.py:407)
INFO     [2025-01-12 11:38:42] --- current time step: 51 (frenet_interface.py:257)
INFO     [2025-01-12 11:38:42] --- current velocity: 0.6293725845275553 (frenet_interface.py:258)
INFO     [2025-01-12 11:38:42] --- current target velocity: 0.6964617458968044 (frenet_interface.py:259)
INFO     [2025-01-12 11:38:43] --- Sampled interval of velocity: 0.00 m/s - 6.38 m/s (planner.py:310)
INFO     [2025-01-12 11:38:43] --- current time step: 52 (frenet_interface.py:280)
INFO     [2025-01-12 11:38:43] --- current velocity: 0.5534065504251992 (frenet_interface.py:281)
INFO     [2025-01-12 11:38:43] --- current target velocity: 0.6293725845275553 (frenet_interface.py:282)
INFO     [2025-01-12 11:38:43] --- Sampled interval of velocity: 0.00 m/s - 6.30 m/s (planner.py:310)
INFO     [2025-01-12 11:38:43] --- current time step: 53 (frenet_interface.py:280)
INFO     [2025-01-12 11:38:43] --- current velocity: 0.4717802922532959 (frenet_interface.py:281)
INFO     [2025-01-12 11:38:43] --- current target velocity: 0.5534065504251992 (frenet_interface.py:282)
INFO     [2025-01-12 11:38:44] --- Sampled interval of velocity: 0.00 m/s - 6.22 m/s (planner.py:310)
WARNING  [2025-01-12 11:38:44] --- No optimal trajectory available. Select stopping trajectory! (reactive_planner_cpp.py:407)
INFO     [2025-01-12 11:38:44] --- current time step: 54 (frenet_interface.py:257)
INFO     [2025-01-12 11:38:44] --- current velocity: 0.426359200028008 (frenet_interface.py:258)
INFO     [2025-01-12 11:38:44] --- current target velocity: 0.4717802922532959 (frenet_interface.py:259)
INFO     [2025-01-12 11:38:45] --- Sampled interval of velocity: 0.00 m/s - 6.18 m/s (planner.py:310)
INFO     [2025-01-12 11:38:45] --- current time step: 55 (frenet_interface.py:280)
INFO     [2025-01-12 11:38:45] --- current velocity: 0.3749314604708439 (frenet_interface.py:281)
INFO     [2025-01-12 11:38:45] --- current target velocity: 0.426359200028008 (frenet_interface.py:282)
INFO     [2025-01-12 11:38:46] --- Sampled interval of velocity: 0.00 m/s - 6.12 m/s (planner.py:310)
INFO     [2025-01-12 11:38:46] --- current time step: 56 (frenet_interface.py:280)
INFO     [2025-01-12 11:38:46] --- current velocity: 0.3196741482816794 (frenet_interface.py:281)
INFO     [2025-01-12 11:38:46] --- current target velocity: 0.3749314604708439 (frenet_interface.py:282)
INFO     [2025-01-12 11:38:47] --- Sampled interval of velocity: 0.00 m/s - 6.07 m/s (planner.py:310)
WARNING  [2025-01-12 11:38:47] --- No optimal trajectory available. Select stopping trajectory! (reactive_planner_cpp.py:407)
INFO     [2025-01-12 11:38:47] --- current time step: 57 (frenet_interface.py:257)
INFO     [2025-01-12 11:38:47] --- current velocity: 0.28892702400450515 (frenet_interface.py:258)
INFO     [2025-01-12 11:38:47] --- current target velocity: 0.3196741482816794 (frenet_interface.py:259)
INFO     [2025-01-12 11:38:48] --- Sampled interval of velocity: 0.00 m/s - 6.04 m/s (planner.py:310)
INFO     [2025-01-12 11:38:48] --- current time step: 58 (frenet_interface.py:280)
INFO     [2025-01-12 11:38:48] --- current velocity: 0.2541144564838534 (frenet_interface.py:281)
INFO     [2025-01-12 11:38:48] --- current target velocity: 0.28892702400450515 (frenet_interface.py:282)
INFO     [2025-01-12 11:38:49] --- Sampled interval of velocity: 0.00 m/s - 6.00 m/s (planner.py:310)
INFO     [2025-01-12 11:38:49] --- current time step: 59 (frenet_interface.py:280)
INFO     [2025-01-12 11:38:49] --- current velocity: 0.21671004327826698 (frenet_interface.py:281)
INFO     [2025-01-12 11:38:49] --- current target velocity: 0.2541144564838534 (frenet_interface.py:282)
INFO     [2025-01-12 11:38:49] --- Sampled interval of velocity: 0.00 m/s - 5.97 m/s (planner.py:310)
WARNING  [2025-01-12 11:38:50] --- No optimal trajectory available. Select stopping trajectory! (reactive_planner_cpp.py:407)
INFO     [2025-01-12 11:38:50] --- current time step: 60 (frenet_interface.py:257)
INFO     [2025-01-12 11:38:50] --- current velocity: 0.1958970931538192 (frenet_interface.py:258)
INFO     [2025-01-12 11:38:50] --- current target velocity: 0.21671004327826698 (frenet_interface.py:259)
INFO     [2025-01-12 11:38:52] --- Sampled interval of velocity: 0.00 m/s - 5.95 m/s (planner.py:310)
INFO     [2025-01-12 11:38:52] --- current time step: 61 (frenet_interface.py:280)
INFO     [2025-01-12 11:38:52] --- current velocity: 0.17233235284686643 (frenet_interface.py:281)
INFO     [2025-01-12 11:38:52] --- current target velocity: 0.1958970931538192 (frenet_interface.py:282)
INFO     [2025-01-12 11:38:52] --- Sampled interval of velocity: 0.00 m/s - 5.92 m/s (planner.py:310)
INFO     [2025-01-12 11:38:52] --- current time step: 62 (frenet_interface.py:280)
INFO     [2025-01-12 11:38:52] --- current velocity: 0.14701328216425721 (frenet_interface.py:281)
INFO     [2025-01-12 11:38:52] --- current target velocity: 0.17233235284686643 (frenet_interface.py:282)
INFO     [2025-01-12 11:38:53] --- Sampled interval of velocity: 0.00 m/s - 5.90 m/s (planner.py:310)
WARNING  [2025-01-12 11:38:53] --- No optimal trajectory available. Select stopping trajectory! (reactive_planner_cpp.py:407)
INFO     [2025-01-12 11:38:53] --- current time step: 63 (frenet_interface.py:257)
INFO     [2025-01-12 11:38:53] --- current velocity: 0.1329250223261148 (frenet_interface.py:258)
INFO     [2025-01-12 11:38:53] --- current target velocity: 0.14701328216425721 (frenet_interface.py:259)
INFO     [2025-01-12 11:38:55] --- Sampled interval of velocity: 0.00 m/s - 5.88 m/s (planner.py:310)
INFO     [2025-01-12 11:38:55] --- current time step: 64 (frenet_interface.py:280)
INFO     [2025-01-12 11:38:55] --- current velocity: 0.11697410761206127 (frenet_interface.py:281)
INFO     [2025-01-12 11:38:55] --- current target velocity: 0.1329250223261148 (frenet_interface.py:282)
