CRITICAL [2025-01-12 11:26:29] --- Start Planner Vehicle ID: 3390 (frenet_interface.py:67)
INFO     [2025-01-12 11:26:30] --- Sampled interval of velocity: 0.00 m/s - 19.40 m/s (planner.py:310)
INFO     [2025-01-12 11:26:30] --- select trajectory 101 (reactive_planner_cpp.py:382)
INFO     [2025-01-12 11:26:30] --- current time step: 0 (frenet_interface.py:257)
INFO     [2025-01-12 11:26:30] --- current velocity: 13.391520554241781 (frenet_interface.py:258)
INFO     [2025-01-12 11:26:30] --- current target velocity: 8.662546615818256 (frenet_interface.py:259)
INFO     [2025-01-12 11:26:30] --- Sampled interval of velocity: 0.00 m/s - 19.14 m/s (planner.py:310)
INFO     [2025-01-12 11:26:30] --- current time step: 1 (frenet_interface.py:280)
INFO     [2025-01-12 11:26:30] --- current velocity: 12.683562922985875 (frenet_interface.py:281)
INFO     [2025-01-12 11:26:30] --- current target velocity: 8.629433341847399 (frenet_interface.py:282)
INFO     [2025-01-12 11:26:31] --- Sampled interval of velocity: 0.00 m/s - 18.43 m/s (planner.py:310)
INFO     [2025-01-12 11:26:31] --- current time step: 2 (frenet_interface.py:280)
INFO     [2025-01-12 11:26:31] --- current velocity: 11.62185660470748 (frenet_interface.py:281)
INFO     [2025-01-12 11:26:31] --- current target velocity: 8.599183095507787 (frenet_interface.py:282)
INFO     [2025-01-12 11:26:31] --- Sampled interval of velocity: 0.00 m/s - 17.37 m/s (planner.py:310)
INFO     [2025-01-12 11:26:31] --- select trajectory 401 (reactive_planner_cpp.py:382)
INFO     [2025-01-12 11:26:31] --- current time step: 3 (frenet_interface.py:257)
INFO     [2025-01-12 11:26:31] --- current velocity: 10.964857748147136 (frenet_interface.py:258)
INFO     [2025-01-12 11:26:31] --- current target velocity: 8.57465643237755 (frenet_interface.py:259)
INFO     [2025-01-12 11:26:32] --- Sampled interval of velocity: 0.00 m/s - 16.71 m/s (planner.py:310)
INFO     [2025-01-12 11:26:32] --- current time step: 4 (frenet_interface.py:280)
INFO     [2025-01-12 11:26:32] --- current velocity: 10.209730773713856 (frenet_interface.py:281)
INFO     [2025-01-12 11:26:32] --- current target velocity: 8.555862472112748 (frenet_interface.py:282)
INFO     [2025-01-12 11:26:32] --- Sampled interval of velocity: 0.00 m/s - 15.96 m/s (planner.py:310)
INFO     [2025-01-12 11:26:32] --- current time step: 5 (frenet_interface.py:280)
INFO     [2025-01-12 11:26:32] --- current velocity: 9.38097087897303 (frenet_interface.py:281)
INFO     [2025-01-12 11:26:32] --- current target velocity: 8.541729292963037 (frenet_interface.py:282)
INFO     [2025-01-12 11:26:32] --- Sampled interval of velocity: 0.00 m/s - 15.13 m/s (planner.py:310)
INFO     [2025-01-12 11:26:32] --- select trajectory 101 (reactive_planner_cpp.py:382)
INFO     [2025-01-12 11:26:32] --- current time step: 6 (frenet_interface.py:257)
INFO     [2025-01-12 11:26:32] --- current velocity: 8.849621432775322 (frenet_interface.py:258)
INFO     [2025-01-12 11:26:32] --- current target velocity: 8.53292793995039 (frenet_interface.py:259)
INFO     [2025-01-12 11:26:33] --- Sampled interval of velocity: 0.00 m/s - 14.60 m/s (planner.py:310)
INFO     [2025-01-12 11:26:33] --- current time step: 7 (frenet_interface.py:280)
INFO     [2025-01-12 11:26:33] --- current velocity: 8.149818497625901 (frenet_interface.py:281)
INFO     [2025-01-12 11:26:33] --- current target velocity: 8.52867944638998 (frenet_interface.py:282)
INFO     [2025-01-12 11:26:33] --- Sampled interval of velocity: 0.00 m/s - 13.90 m/s (planner.py:310)
INFO     [2025-01-12 11:26:33] --- current time step: 8 (frenet_interface.py:280)
INFO     [2025-01-12 11:26:33] --- current velocity: 7.328656433822672 (frenet_interface.py:281)
INFO     [2025-01-12 11:26:33] --- current target velocity: 8.528735332932284 (frenet_interface.py:282)
INFO     [2025-01-12 11:26:34] --- Sampled interval of velocity: 0.00 m/s - 13.08 m/s (planner.py:310)
INFO     [2025-01-12 11:26:34] --- select trajectory 206 (reactive_planner_cpp.py:382)
INFO     [2025-01-12 11:26:34] --- current time step: 9 (frenet_interface.py:257)
INFO     [2025-01-12 11:26:34] --- current velocity: 6.896184176456693 (frenet_interface.py:258)
INFO     [2025-01-12 11:26:34] --- current target velocity: 8.534237514192004 (frenet_interface.py:259)
INFO     [2025-01-12 11:26:35] --- Sampled interval of velocity: 0.00 m/s - 12.65 m/s (planner.py:310)
INFO     [2025-01-12 11:26:35] --- current time step: 10 (frenet_interface.py:280)
INFO     [2025-01-12 11:26:35] --- current velocity: 6.467731168452945 (frenet_interface.py:281)
INFO     [2025-01-12 11:26:35] --- current target velocity: 8.54438711630374 (frenet_interface.py:282)
INFO     [2025-01-12 11:26:35] --- Sampled interval of velocity: 0.00 m/s - 12.22 m/s (planner.py:310)
INFO     [2025-01-12 11:26:35] --- current time step: 11 (frenet_interface.py:280)
INFO     [2025-01-12 11:26:35] --- current velocity: 6.044922601009611 (frenet_interface.py:281)
INFO     [2025-01-12 11:26:35] --- current target velocity: 8.557807531574639 (frenet_interface.py:282)
INFO     [2025-01-12 11:26:36] --- Sampled interval of velocity: 0.00 m/s - 11.79 m/s (planner.py:310)
INFO     [2025-01-12 11:26:36] --- select trajectory 396 (reactive_planner_cpp.py:382)
INFO     [2025-01-12 11:26:36] --- current time step: 12 (frenet_interface.py:257)
INFO     [2025-01-12 11:26:36] --- current velocity: 5.82061810846288 (frenet_interface.py:258)
INFO     [2025-01-12 11:26:36] --- current target velocity: 8.574539739923596 (frenet_interface.py:259)
INFO     [2025-01-12 11:26:36] --- Sampled interval of velocity: 0.00 m/s - 11.57 m/s (planner.py:310)
INFO     [2025-01-12 11:26:36] --- current time step: 13 (frenet_interface.py:280)
INFO     [2025-01-12 11:26:36] --- current velocity: 5.567752923610825 (frenet_interface.py:281)
INFO     [2025-01-12 11:26:36] --- current target velocity: 8.59388504552911 (frenet_interface.py:282)
INFO     [2025-01-12 11:26:37] --- Sampled interval of velocity: 0.00 m/s - 11.32 m/s (planner.py:310)
INFO     [2025-01-12 11:26:37] --- current time step: 14 (frenet_interface.py:280)
INFO     [2025-01-12 11:26:37] --- current velocity: 5.28990296133569 (frenet_interface.py:281)
INFO     [2025-01-12 11:26:37] --- current target velocity: 8.615297458811767 (frenet_interface.py:282)
INFO     [2025-01-12 11:26:37] --- Sampled interval of velocity: 0.00 m/s - 11.04 m/s (planner.py:310)
INFO     [2025-01-12 11:26:37] --- select trajectory 391 (reactive_planner_cpp.py:382)
INFO     [2025-01-12 11:26:37] --- current time step: 15 (frenet_interface.py:257)
INFO     [2025-01-12 11:26:37] --- current velocity: 5.128875287712826 (frenet_interface.py:258)
INFO     [2025-01-12 11:26:37] --- current target velocity: 8.639022420748827 (frenet_interface.py:259)
INFO     [2025-01-12 11:26:39] --- Sampled interval of velocity: 0.00 m/s - 10.88 m/s (planner.py:310)
INFO     [2025-01-12 11:26:39] --- current time step: 16 (frenet_interface.py:280)
INFO     [2025-01-12 11:26:39] --- current velocity: 4.936480201475757 (frenet_interface.py:281)
INFO     [2025-01-12 11:26:39] --- current target velocity: 8.664756717875136 (frenet_interface.py:282)
INFO     [2025-01-12 11:26:39] --- Sampled interval of velocity: 0.00 m/s - 10.69 m/s (planner.py:310)
INFO     [2025-01-12 11:26:39] --- current time step: 17 (frenet_interface.py:280)
INFO     [2025-01-12 11:26:39] --- current velocity: 4.716268074554374 (frenet_interface.py:281)
INFO     [2025-01-12 11:26:39] --- current target velocity: 8.692228874363538 (frenet_interface.py:282)
INFO     [2025-01-12 11:26:40] --- Sampled interval of velocity: 0.00 m/s - 10.47 m/s (planner.py:310)
INFO     [2025-01-12 11:26:40] --- select trajectory 711 (reactive_planner_cpp.py:382)
INFO     [2025-01-12 11:26:40] --- current time step: 18 (frenet_interface.py:257)
INFO     [2025-01-12 11:26:40] --- current velocity: 4.6007938513824405 (frenet_interface.py:258)
INFO     [2025-01-12 11:26:40] --- current target velocity: 8.72170329259168 (frenet_interface.py:259)
INFO     [2025-01-12 11:26:41] --- Sampled interval of velocity: 0.00 m/s - 10.35 m/s (planner.py:310)
INFO     [2025-01-12 11:26:41] --- current time step: 19 (frenet_interface.py:280)
INFO     [2025-01-12 11:26:41] --- current velocity: 4.486933196771804 (frenet_interface.py:281)
INFO     [2025-01-12 11:26:41] --- current target velocity: 8.752944230917125 (frenet_interface.py:282)
INFO     [2025-01-12 11:26:41] --- Sampled interval of velocity: 0.00 m/s - 10.24 m/s (planner.py:310)
INFO     [2025-01-12 11:26:41] --- current time step: 20 (frenet_interface.py:280)
INFO     [2025-01-12 11:26:41] --- current velocity: 4.3748456598732925 (frenet_interface.py:281)
INFO     [2025-01-12 11:26:41] --- current target velocity: 8.785561773492027 (frenet_interface.py:282)
INFO     [2025-01-12 11:26:41] --- Sampled interval of velocity: 0.00 m/s - 10.12 m/s (planner.py:310)
INFO     [2025-01-12 11:26:42] --- select trajectory 311 (reactive_planner_cpp.py:382)
INFO     [2025-01-12 11:26:42] --- current time step: 21 (frenet_interface.py:257)
INFO     [2025-01-12 11:26:42] --- current velocity: 4.313960763940481 (frenet_interface.py:258)
INFO     [2025-01-12 11:26:42] --- current target velocity: 8.819574183862398 (frenet_interface.py:259)
INFO     [2025-01-12 11:26:43] --- Sampled interval of velocity: 0.00 m/s - 10.06 m/s (planner.py:310)
INFO     [2025-01-12 11:26:43] --- current time step: 22 (frenet_interface.py:280)
INFO     [2025-01-12 11:26:43] --- current velocity: 4.242985717691801 (frenet_interface.py:281)
INFO     [2025-01-12 11:26:43] --- current target velocity: 8.854796894681794 (frenet_interface.py:282)
INFO     [2025-01-12 11:26:43] --- Sampled interval of velocity: 0.00 m/s - 9.99 m/s (planner.py:310)
INFO     [2025-01-12 11:26:43] --- current time step: 23 (frenet_interface.py:280)
INFO     [2025-01-12 11:26:43] --- current velocity: 4.163131176138213 (frenet_interface.py:281)
INFO     [2025-01-12 11:26:43] --- current target velocity: 8.891104286949862 (frenet_interface.py:282)
INFO     [2025-01-12 11:26:43] --- Sampled interval of velocity: 0.00 m/s - 9.91 m/s (planner.py:310)
INFO     [2025-01-12 11:26:44] --- select trajectory 196 (reactive_planner_cpp.py:382)
INFO     [2025-01-12 11:26:44] --- current time step: 24 (frenet_interface.py:257)
INFO     [2025-01-12 11:26:44] --- current velocity: 4.031572942977528 (frenet_interface.py:258)
INFO     [2025-01-12 11:26:44] --- current target velocity: 8.928597989915488 (frenet_interface.py:259)
INFO     [2025-01-12 11:26:44] --- Sampled interval of velocity: 0.00 m/s - 9.78 m/s (planner.py:310)
INFO     [2025-01-12 11:26:44] --- current time step: 25 (frenet_interface.py:280)
INFO     [2025-01-12 11:26:44] --- current velocity: 3.744305238520451 (frenet_interface.py:281)
INFO     [2025-01-12 11:26:44] --- current target velocity: 8.967438994772412 (frenet_interface.py:282)
INFO     [2025-01-12 11:26:45] --- Sampled interval of velocity: 0.00 m/s - 9.49 m/s (planner.py:310)
INFO     [2025-01-12 11:26:45] --- current time step: 26 (frenet_interface.py:280)
INFO     [2025-01-12 11:26:45] --- current velocity: 3.336763152211259 (frenet_interface.py:281)
INFO     [2025-01-12 11:26:45] --- current target velocity: 8.74430523852045 (frenet_interface.py:282)
INFO     [2025-01-12 11:26:46] --- Sampled interval of velocity: 0.00 m/s - 9.09 m/s (planner.py:310)
WARNING  [2025-01-12 11:26:46] --- No optimal trajectory available. Select stopping trajectory! (reactive_planner_cpp.py:407)
INFO     [2025-01-12 11:26:46] --- current time step: 27 (frenet_interface.py:257)
INFO     [2025-01-12 11:26:46] --- current velocity: 3.070679206909719 (frenet_interface.py:258)
INFO     [2025-01-12 11:26:46] --- current target velocity: 8.336763152211258 (frenet_interface.py:259)
INFO     [2025-01-12 11:26:47] --- Sampled interval of velocity: 0.00 m/s - 8.82 m/s (planner.py:310)
INFO     [2025-01-12 11:26:47] --- current time step: 28 (frenet_interface.py:280)
INFO     [2025-01-12 11:26:47] --- current velocity: 2.7408435880119595 (frenet_interface.py:281)
INFO     [2025-01-12 11:26:47] --- current target velocity: 8.07067920690972 (frenet_interface.py:282)
INFO     [2025-01-12 11:26:47] --- Sampled interval of velocity: 0.00 m/s - 8.49 m/s (planner.py:310)
INFO     [2025-01-12 11:26:47] --- current time step: 29 (frenet_interface.py:280)
INFO     [2025-01-12 11:26:47] --- current velocity: 2.3660316546989573 (frenet_interface.py:281)
INFO     [2025-01-12 11:26:47] --- current target velocity: 7.740843588011959 (frenet_interface.py:282)
INFO     [2025-01-12 11:26:48] --- Sampled interval of velocity: 0.00 m/s - 8.12 m/s (planner.py:310)
WARNING  [2025-01-12 11:26:48] --- No optimal trajectory available. Select stopping trajectory! (reactive_planner_cpp.py:407)
INFO     [2025-01-12 11:26:48] --- current time step: 30 (frenet_interface.py:257)
INFO     [2025-01-12 11:26:48] --- current velocity: 2.1493377656832195 (frenet_interface.py:258)
INFO     [2025-01-12 11:26:48] --- current target velocity: 7.366031654698958 (frenet_interface.py:259)
INFO     [2025-01-12 11:26:49] --- Sampled interval of velocity: 0.00 m/s - 7.90 m/s (planner.py:310)
INFO     [2025-01-12 11:26:49] --- current time step: 31 (frenet_interface.py:280)
INFO     [2025-01-12 11:26:49] --- current velocity: 1.898095595507336 (frenet_interface.py:281)
INFO     [2025-01-12 11:26:49] --- current target velocity: 7.149337765683219 (frenet_interface.py:282)
INFO     [2025-01-12 11:26:49] --- Sampled interval of velocity: 0.00 m/s - 7.65 m/s (planner.py:310)
INFO     [2025-01-12 11:26:49] --- current time step: 32 (frenet_interface.py:280)
INFO     [2025-01-12 11:26:49] --- current velocity: 1.623942850857492 (frenet_interface.py:281)
INFO     [2025-01-12 11:26:49] --- current target velocity: 6.8980955955073355 (frenet_interface.py:282)
INFO     [2025-01-12 11:26:50] --- Sampled interval of velocity: 0.00 m/s - 7.37 m/s (planner.py:310)
WARNING  [2025-01-12 11:26:50] --- No optimal trajectory available. Select stopping trajectory! (reactive_planner_cpp.py:407)
INFO     [2025-01-12 11:26:50] --- current time step: 33 (frenet_interface.py:257)
INFO     [2025-01-12 11:26:50] --- current velocity: 1.4788149246111226 (frenet_interface.py:258)
INFO     [2025-01-12 11:26:50] --- current target velocity: 6.6239428508574925 (frenet_interface.py:259)
INFO     [2025-01-12 11:26:51] --- Sampled interval of velocity: 0.00 m/s - 7.23 m/s (planner.py:310)
INFO     [2025-01-12 11:26:51] --- current time step: 34 (frenet_interface.py:280)
INFO     [2025-01-12 11:26:51] --- current velocity: 1.3270406597845792 (frenet_interface.py:281)
INFO     [2025-01-12 11:26:51] --- current target velocity: 6.478814924611123 (frenet_interface.py:282)
INFO     [2025-01-12 11:26:51] --- Sampled interval of velocity: 0.00 m/s - 7.08 m/s (planner.py:310)
INFO     [2025-01-12 11:26:52] --- current time step: 35 (frenet_interface.py:280)
INFO     [2025-01-12 11:26:52] --- current velocity: 1.1714048220850273 (frenet_interface.py:281)
INFO     [2025-01-12 11:26:52] --- current target velocity: 6.327040659784579 (frenet_interface.py:282)
INFO     [2025-01-12 11:26:52] --- Sampled interval of velocity: 0.00 m/s - 6.92 m/s (planner.py:310)
WARNING  [2025-01-12 11:26:52] --- No optimal trajectory available. Select stopping trajectory! (reactive_planner_cpp.py:407)
INFO     [2025-01-12 11:26:52] --- current time step: 36 (frenet_interface.py:257)
INFO     [2025-01-12 11:26:52] --- current velocity: 1.0868064742596855 (frenet_interface.py:258)
INFO     [2025-01-12 11:26:52] --- current target velocity: 6.1714048220850275 (frenet_interface.py:259)
INFO     [2025-01-12 11:26:54] --- Sampled interval of velocity: 0.00 m/s - 6.84 m/s (planner.py:310)
INFO     [2025-01-12 11:26:54] --- current time step: 37 (frenet_interface.py:280)
INFO     [2025-01-12 11:26:54] --- current velocity: 0.9914771216278871 (frenet_interface.py:281)
INFO     [2025-01-12 11:26:54] --- current target velocity: 6.086806474259685 (frenet_interface.py:282)
INFO     [2025-01-12 11:26:54] --- Sampled interval of velocity: 0.00 m/s - 6.74 m/s (planner.py:310)
INFO     [2025-01-12 11:26:54] --- current time step: 38 (frenet_interface.py:280)
INFO     [2025-01-12 11:26:54] --- current velocity: 0.8881397528195975 (frenet_interface.py:281)
INFO     [2025-01-12 11:26:54] --- current target velocity: 5.991477121627887 (frenet_interface.py:282)
INFO     [2025-01-12 11:26:54] --- Sampled interval of velocity: 0.00 m/s - 6.64 m/s (planner.py:310)
INFO     [2025-01-12 11:26:55] --- select trajectory 626 (reactive_planner_cpp.py:382)
INFO     [2025-01-12 11:26:55] --- current time step: 39 (frenet_interface.py:257)
INFO     [2025-01-12 11:26:55] --- current velocity: 0.8441063640693416 (frenet_interface.py:258)
INFO     [2025-01-12 11:26:55] --- current target velocity: 5.888139752819598 (frenet_interface.py:259)
INFO     [2025-01-12 11:26:56] --- Sampled interval of velocity: 0.00 m/s - 6.59 m/s (planner.py:310)
INFO     [2025-01-12 11:26:56] --- current time step: 40 (frenet_interface.py:280)
INFO     [2025-01-12 11:26:56] --- current velocity: 0.8176700820778552 (frenet_interface.py:281)
INFO     [2025-01-12 11:26:56] --- current target velocity: 5.844106364069342 (frenet_interface.py:282)
