CRITICAL [2025-01-12 11:29:06] --- Start Planner Vehicle ID: 1 (frenet_interface.py:67)
INFO     [2025-01-12 11:29:07] --- Sampled interval of velocity: 0.00 m/s - 6.58 m/s (planner.py:310)
INFO     [2025-01-12 11:29:07] --- select trajectory 281 (reactive_planner_cpp.py:382)
INFO     [2025-01-12 11:29:07] --- current time step: 0 (frenet_interface.py:257)
INFO     [2025-01-12 11:29:07] --- current velocity: 0.8249995551639421 (frenet_interface.py:258)
INFO     [2025-01-12 11:29:07] --- current target velocity: 0.825 (frenet_interface.py:259)
INFO     [2025-01-12 11:29:09] --- Sampled interval of velocity: 0.00 m/s - 6.57 m/s (planner.py:310)
INFO     [2025-01-12 11:29:09] --- current time step: 1 (frenet_interface.py:280)
INFO     [2025-01-12 11:29:09] --- current velocity: 0.8249983744365255 (frenet_interface.py:281)
INFO     [2025-01-12 11:29:09] --- current target velocity: 0.8249995551639421 (frenet_interface.py:282)
INFO     [2025-01-12 11:29:09] --- Sampled interval of velocity: 0.00 m/s - 6.57 m/s (planner.py:310)
INFO     [2025-01-12 11:29:09] --- current time step: 2 (frenet_interface.py:280)
INFO     [2025-01-12 11:29:09] --- current velocity: 0.8249968141332349 (frenet_interface.py:281)
INFO     [2025-01-12 11:29:09] --- current target velocity: 0.8249983744365255 (frenet_interface.py:282)
INFO     [2025-01-12 11:29:10] --- Sampled interval of velocity: 0.00 m/s - 6.57 m/s (planner.py:310)
INFO     [2025-01-12 11:29:10] --- select trajectory 281 (reactive_planner_cpp.py:382)
INFO     [2025-01-12 11:29:10] --- current time step: 3 (frenet_interface.py:257)
INFO     [2025-01-12 11:29:10] --- current velocity: 0.824995758741824 (frenet_interface.py:258)
INFO     [2025-01-12 11:29:10] --- current target velocity: 0.8249968141332349 (frenet_interface.py:259)
INFO     [2025-01-12 11:29:13] --- Sampled interval of velocity: 0.00 m/s - 6.57 m/s (planner.py:310)
INFO     [2025-01-12 11:29:13] --- current time step: 4 (frenet_interface.py:280)
INFO     [2025-01-12 11:29:13] --- current velocity: 0.824994522402856 (frenet_interface.py:281)
INFO     [2025-01-12 11:29:13] --- current target velocity: 0.824995758741824 (frenet_interface.py:282)
INFO     [2025-01-12 11:29:13] --- Sampled interval of velocity: 0.00 m/s - 6.57 m/s (planner.py:310)
INFO     [2025-01-12 11:29:13] --- current time step: 5 (frenet_interface.py:280)
INFO     [2025-01-12 11:29:13] --- current velocity: 0.8249933556112785 (frenet_interface.py:281)
INFO     [2025-01-12 11:29:13] --- current target velocity: 0.824994522402856 (frenet_interface.py:282)
INFO     [2025-01-12 11:29:13] --- Sampled interval of velocity: 0.00 m/s - 6.57 m/s (planner.py:310)
INFO     [2025-01-12 11:29:13] --- select trajectory 281 (reactive_planner_cpp.py:382)
INFO     [2025-01-12 11:29:13] --- current time step: 6 (frenet_interface.py:257)
INFO     [2025-01-12 11:29:13] --- current velocity: 0.8249927741669228 (frenet_interface.py:258)
INFO     [2025-01-12 11:29:13] --- current target velocity: 0.8249933556112785 (frenet_interface.py:259)
INFO     [2025-01-12 11:29:15] --- Sampled interval of velocity: 0.00 m/s - 6.57 m/s (planner.py:310)
INFO     [2025-01-12 11:29:15] --- current time step: 7 (frenet_interface.py:280)
INFO     [2025-01-12 11:29:15] --- current velocity: 0.8249922078182872 (frenet_interface.py:281)
INFO     [2025-01-12 11:29:15] --- current target velocity: 0.8249927741669228 (frenet_interface.py:282)
INFO     [2025-01-12 11:29:16] --- Sampled interval of velocity: 0.00 m/s - 6.57 m/s (planner.py:310)
INFO     [2025-01-12 11:29:16] --- current time step: 8 (frenet_interface.py:280)
INFO     [2025-01-12 11:29:16] --- current velocity: 0.8249917528835436 (frenet_interface.py:281)
INFO     [2025-01-12 11:29:16] --- current target velocity: 0.8249922078182872 (frenet_interface.py:282)
INFO     [2025-01-12 11:29:16] --- Sampled interval of velocity: 0.00 m/s - 6.57 m/s (planner.py:310)
INFO     [2025-01-12 11:29:16] --- select trajectory 281 (reactive_planner_cpp.py:382)
INFO     [2025-01-12 11:29:16] --- current time step: 9 (frenet_interface.py:257)
INFO     [2025-01-12 11:29:16] --- current velocity: 0.8249916039062847 (frenet_interface.py:258)
INFO     [2025-01-12 11:29:16] --- current target velocity: 0.8249917528835436 (frenet_interface.py:259)
INFO     [2025-01-12 11:29:18] --- Sampled interval of velocity: 0.00 m/s - 6.57 m/s (planner.py:310)
INFO     [2025-01-12 11:29:18] --- current time step: 10 (frenet_interface.py:280)
INFO     [2025-01-12 11:29:18] --- current velocity: 0.8249914932809953 (frenet_interface.py:281)
INFO     [2025-01-12 11:29:18] --- current target velocity: 0.8249916039062847 (frenet_interface.py:282)
INFO     [2025-01-12 11:29:18] --- Sampled interval of velocity: 0.00 m/s - 6.57 m/s (planner.py:310)
INFO     [2025-01-12 11:29:18] --- current time step: 11 (frenet_interface.py:280)
INFO     [2025-01-12 11:29:18] --- current velocity: 0.82499145269374 (frenet_interface.py:281)
INFO     [2025-01-12 11:29:18] --- current target velocity: 0.8249914932809953 (frenet_interface.py:282)
INFO     [2025-01-12 11:29:19] --- Sampled interval of velocity: 0.00 m/s - 6.57 m/s (planner.py:310)
INFO     [2025-01-12 11:29:19] --- select trajectory 281 (reactive_planner_cpp.py:382)
INFO     [2025-01-12 11:29:19] --- current time step: 12 (frenet_interface.py:257)
INFO     [2025-01-12 11:29:19] --- current velocity: 0.8249915067488985 (frenet_interface.py:258)
INFO     [2025-01-12 11:29:19] --- current target velocity: 0.82499145269374 (frenet_interface.py:259)
INFO     [2025-01-12 11:29:21] --- Sampled interval of velocity: 0.00 m/s - 6.57 m/s (planner.py:310)
INFO     [2025-01-12 11:29:21] --- current time step: 13 (frenet_interface.py:280)
INFO     [2025-01-12 11:29:21] --- current velocity: 0.8249915820888727 (frenet_interface.py:281)
INFO     [2025-01-12 11:29:21] --- current target velocity: 0.8249915067488985 (frenet_interface.py:282)
INFO     [2025-01-12 11:29:21] --- Sampled interval of velocity: 0.00 m/s - 6.57 m/s (planner.py:310)
INFO     [2025-01-12 11:29:22] --- current time step: 14 (frenet_interface.py:280)
INFO     [2025-01-12 11:29:22] --- current velocity: 0.8249916812270717 (frenet_interface.py:281)
INFO     [2025-01-12 11:29:22] --- current target velocity: 0.8249915820888727 (frenet_interface.py:282)
INFO     [2025-01-12 11:29:22] --- Sampled interval of velocity: 0.00 m/s - 6.57 m/s (planner.py:310)
INFO     [2025-01-12 11:29:22] --- select trajectory 281 (reactive_planner_cpp.py:382)
INFO     [2025-01-12 11:29:22] --- current time step: 15 (frenet_interface.py:257)
INFO     [2025-01-12 11:29:22] --- current velocity: 0.8249917723397499 (frenet_interface.py:258)
INFO     [2025-01-12 11:29:22] --- current target velocity: 0.8249916812270717 (frenet_interface.py:259)
INFO     [2025-01-12 11:29:24] --- Sampled interval of velocity: 0.00 m/s - 6.57 m/s (planner.py:310)
INFO     [2025-01-12 11:29:24] --- current time step: 16 (frenet_interface.py:280)
INFO     [2025-01-12 11:29:24] --- current velocity: 0.8249919510128942 (frenet_interface.py:281)
INFO     [2025-01-12 11:29:24] --- current target velocity: 0.8249917723397499 (frenet_interface.py:282)
INFO     [2025-01-12 11:29:24] --- Sampled interval of velocity: 0.00 m/s - 6.57 m/s (planner.py:310)
INFO     [2025-01-12 11:29:24] --- current time step: 17 (frenet_interface.py:280)
INFO     [2025-01-12 11:29:24] --- current velocity: 0.8249921416482837 (frenet_interface.py:281)
INFO     [2025-01-12 11:29:24] --- current target velocity: 0.8249919510128942 (frenet_interface.py:282)
INFO     [2025-01-12 11:29:25] --- Sampled interval of velocity: 0.00 m/s - 6.57 m/s (planner.py:310)
INFO     [2025-01-12 11:29:25] --- select trajectory 81 (reactive_planner_cpp.py:382)
INFO     [2025-01-12 11:29:25] --- current time step: 18 (frenet_interface.py:257)
INFO     [2025-01-12 11:29:25] --- current velocity: 0.8249922865111476 (frenet_interface.py:258)
INFO     [2025-01-12 11:29:25] --- current target velocity: 0.8249921416482837 (frenet_interface.py:259)
INFO     [2025-01-12 11:29:26] --- Sampled interval of velocity: 0.00 m/s - 6.57 m/s (planner.py:310)
INFO     [2025-01-12 11:29:26] --- current time step: 19 (frenet_interface.py:280)
INFO     [2025-01-12 11:29:26] --- current velocity: 0.8249924066173558 (frenet_interface.py:281)
INFO     [2025-01-12 11:29:26] --- current target velocity: 0.8249922865111476 (frenet_interface.py:282)
INFO     [2025-01-12 11:29:27] --- Sampled interval of velocity: 0.00 m/s - 6.57 m/s (planner.py:310)
INFO     [2025-01-12 11:29:27] --- current time step: 20 (frenet_interface.py:280)
INFO     [2025-01-12 11:29:27] --- current velocity: 0.824992492826455 (frenet_interface.py:281)
INFO     [2025-01-12 11:29:27] --- current target velocity: 0.8249924066173558 (frenet_interface.py:282)
CRITICAL [2025-01-12 11:43:34] --- Start Planner Vehicle ID: 1 (frenet_interface.py:67)
INFO     [2025-01-12 11:43:34] --- Sampled interval of velocity: 0.00 m/s - 8.01 m/s (planner.py:310)
INFO     [2025-01-12 11:43:34] --- select trajectory 101 (reactive_planner_cpp.py:382)
INFO     [2025-01-12 11:43:34] --- current time step: 0 (frenet_interface.py:257)
INFO     [2025-01-12 11:43:34] --- current velocity: 2.2325078933924294 (frenet_interface.py:258)
INFO     [2025-01-12 11:43:34] --- current target velocity: 2.261959 (frenet_interface.py:259)
INFO     [2025-01-12 11:43:35] --- Sampled interval of velocity: 0.00 m/s - 7.98 m/s (planner.py:310)
INFO     [2025-01-12 11:43:35] --- current time step: 1 (frenet_interface.py:280)
INFO     [2025-01-12 11:43:35] --- current velocity: 2.1518858734574926 (frenet_interface.py:281)
INFO     [2025-01-12 11:43:35] --- current target velocity: 2.2325078933924294 (frenet_interface.py:282)
INFO     [2025-01-12 11:43:35] --- Sampled interval of velocity: 0.00 m/s - 7.90 m/s (planner.py:310)
INFO     [2025-01-12 11:43:35] --- current time step: 2 (frenet_interface.py:280)
INFO     [2025-01-12 11:43:35] --- current velocity: 2.031629920680484 (frenet_interface.py:281)
INFO     [2025-01-12 11:43:35] --- current target velocity: 2.1518858734574926 (frenet_interface.py:282)
INFO     [2025-01-12 11:43:36] --- Sampled interval of velocity: 0.00 m/s - 7.78 m/s (planner.py:310)
WARNING  [2025-01-12 11:43:36] --- No optimal trajectory available. Select stopping trajectory! (reactive_planner_cpp.py:407)
INFO     [2025-01-12 11:43:36] --- current time step: 3 (frenet_interface.py:257)
INFO     [2025-01-12 11:43:36] --- current velocity: 1.9506822700234236 (frenet_interface.py:258)
INFO     [2025-01-12 11:43:36] --- current target velocity: 2.031629920680484 (frenet_interface.py:259)
INFO     [2025-01-12 11:43:37] --- Sampled interval of velocity: 0.00 m/s - 7.70 m/s (planner.py:310)
INFO     [2025-01-12 11:43:37] --- current time step: 4 (frenet_interface.py:280)
INFO     [2025-01-12 11:43:37] --- current velocity: 1.8482045263029834 (frenet_interface.py:281)
INFO     [2025-01-12 11:43:37] --- current target velocity: 1.9506822700234236 (frenet_interface.py:282)
INFO     [2025-01-12 11:43:38] --- Sampled interval of velocity: 0.00 m/s - 7.60 m/s (planner.py:310)
INFO     [2025-01-12 11:43:38] --- current time step: 5 (frenet_interface.py:280)
INFO     [2025-01-12 11:43:38] --- current velocity: 1.7303464788804512 (frenet_interface.py:281)
INFO     [2025-01-12 11:43:38] --- current target velocity: 1.8482045263029834 (frenet_interface.py:282)
INFO     [2025-01-12 11:43:38] --- Sampled interval of velocity: 0.00 m/s - 7.48 m/s (planner.py:310)
WARNING  [2025-01-12 11:43:38] --- No optimal trajectory available. Select stopping trajectory! (reactive_planner_cpp.py:407)
INFO     [2025-01-12 11:43:38] --- current time step: 6 (frenet_interface.py:257)
INFO     [2025-01-12 11:43:38] --- current velocity: 1.6390345611383228 (frenet_interface.py:258)
INFO     [2025-01-12 11:43:38] --- current target velocity: 1.7303464788804512 (frenet_interface.py:259)
INFO     [2025-01-12 11:43:39] --- Sampled interval of velocity: 0.00 m/s - 7.39 m/s (planner.py:310)
INFO     [2025-01-12 11:43:39] --- current time step: 7 (frenet_interface.py:280)
INFO     [2025-01-12 11:43:39] --- current velocity: 1.4969483411353732 (frenet_interface.py:281)
INFO     [2025-01-12 11:43:39] --- current target velocity: 1.6390345611383228 (frenet_interface.py:282)
INFO     [2025-01-12 11:43:39] --- Sampled interval of velocity: 0.00 m/s - 7.25 m/s (planner.py:310)
INFO     [2025-01-12 11:43:39] --- current time step: 8 (frenet_interface.py:280)
INFO     [2025-01-12 11:43:39] --- current velocity: 1.3166242636627503 (frenet_interface.py:281)
INFO     [2025-01-12 11:43:39] --- current target velocity: 1.4969483411353732 (frenet_interface.py:282)
INFO     [2025-01-12 11:43:40] --- Sampled interval of velocity: 0.00 m/s - 7.07 m/s (planner.py:310)
INFO     [2025-01-12 11:43:40] --- select trajectory 176 (reactive_planner_cpp.py:382)
INFO     [2025-01-12 11:43:40] --- current time step: 9 (frenet_interface.py:257)
INFO     [2025-01-12 11:43:40] --- current velocity: 1.369826639381476 (frenet_interface.py:258)
INFO     [2025-01-12 11:43:40] --- current target velocity: 1.3166242636627503 (frenet_interface.py:259)
INFO     [2025-01-12 11:43:41] --- Sampled interval of velocity: 0.00 m/s - 7.12 m/s (planner.py:310)
INFO     [2025-01-12 11:43:41] --- current time step: 10 (frenet_interface.py:280)
INFO     [2025-01-12 11:43:41] --- current velocity: 1.6869232123979985 (frenet_interface.py:281)
INFO     [2025-01-12 11:43:41] --- current target velocity: 1.369826639381476 (frenet_interface.py:282)
INFO     [2025-01-12 11:43:42] --- Sampled interval of velocity: 0.00 m/s - 7.44 m/s (planner.py:310)
INFO     [2025-01-12 11:43:42] --- current time step: 11 (frenet_interface.py:280)
INFO     [2025-01-12 11:43:42] --- current velocity: 2.2112270700809185 (frenet_interface.py:281)
INFO     [2025-01-12 11:43:42] --- current target velocity: 1.6869232123979985 (frenet_interface.py:282)
INFO     [2025-01-12 11:43:42] --- Sampled interval of velocity: 0.00 m/s - 7.96 m/s (planner.py:310)
WARNING  [2025-01-12 11:43:43] --- No optimal trajectory available. Select stopping trajectory! (reactive_planner_cpp.py:407)
INFO     [2025-01-12 11:43:43] --- current time step: 12 (frenet_interface.py:257)
INFO     [2025-01-12 11:43:43] --- current velocity: 2.4113785914176273 (frenet_interface.py:258)
INFO     [2025-01-12 11:43:43] --- current target velocity: 2.2112270700809185 (frenet_interface.py:259)
