CRITICAL [2025-01-12 11:38:15] --- Start Planner Vehicle ID: 30304 (frenet_interface.py:67)
INFO     [2025-01-12 11:38:18] --- Sampled interval of velocity: 0.00 m/s - 20.04 m/s (planner.py:310)
INFO     [2025-01-12 11:38:18] --- select trajectory 131 (reactive_planner_cpp.py:382)
INFO     [2025-01-12 11:38:18] --- current time step: 0 (frenet_interface.py:257)
INFO     [2025-01-12 11:38:18] --- current velocity: 14.19174971658036 (frenet_interface.py:258)
INFO     [2025-01-12 11:38:18] --- current target velocity: 9.2912 (frenet_interface.py:259)
INFO     [2025-01-12 11:38:21] --- Sampled interval of velocity: 0.00 m/s - 19.94 m/s (planner.py:310)
INFO     [2025-01-12 11:38:21] --- current time step: 1 (frenet_interface.py:280)
INFO     [2025-01-12 11:38:21] --- current velocity: 13.9190568163374 (frenet_interface.py:281)
INFO     [2025-01-12 11:38:21] --- current target velocity: 9.19174971658036 (frenet_interface.py:282)
INFO     [2025-01-12 11:38:22] --- Sampled interval of velocity: 0.00 m/s - 19.67 m/s (planner.py:310)
INFO     [2025-01-12 11:38:22] --- current time step: 2 (frenet_interface.py:280)
INFO     [2025-01-12 11:38:22] --- current velocity: 13.511617039566362 (frenet_interface.py:281)
INFO     [2025-01-12 11:38:22] --- current target velocity: 8.9190568163374 (frenet_interface.py:282)
INFO     [2025-01-12 11:38:23] --- Sampled interval of velocity: 0.00 m/s - 19.26 m/s (planner.py:310)
INFO     [2025-01-12 11:38:23] --- select trajectory 421 (reactive_planner_cpp.py:382)
INFO     [2025-01-12 11:38:23] --- current time step: 3 (frenet_interface.py:257)
INFO     [2025-01-12 11:38:23] --- current velocity: 13.22079095730964 (frenet_interface.py:258)
INFO     [2025-01-12 11:38:23] --- current target velocity: 8.511617039566362 (frenet_interface.py:259)
INFO     [2025-01-12 11:38:26] --- Sampled interval of velocity: 0.00 m/s - 18.97 m/s (planner.py:310)
INFO     [2025-01-12 11:38:26] --- current time step: 4 (frenet_interface.py:280)
INFO     [2025-01-12 11:38:26] --- current velocity: 12.823896347691228 (frenet_interface.py:281)
INFO     [2025-01-12 11:38:26] --- current target velocity: 8.22079095730964 (frenet_interface.py:282)
INFO     [2025-01-12 11:38:26] --- Sampled interval of velocity: 0.00 m/s - 18.57 m/s (planner.py:310)
INFO     [2025-01-12 11:38:26] --- current time step: 5 (frenet_interface.py:280)
INFO     [2025-01-12 11:38:26] --- current velocity: 12.341352150937343 (frenet_interface.py:281)
INFO     [2025-01-12 11:38:26] --- current target velocity: 7.823896347691228 (frenet_interface.py:282)
INFO     [2025-01-12 11:38:27] --- Sampled interval of velocity: 0.00 m/s - 18.09 m/s (planner.py:310)
INFO     [2025-01-12 11:38:27] --- select trajectory 121 (reactive_planner_cpp.py:382)
INFO     [2025-01-12 11:38:27] --- current time step: 6 (frenet_interface.py:257)
INFO     [2025-01-12 11:38:27] --- current velocity: 11.997643844524477 (frenet_interface.py:258)
INFO     [2025-01-12 11:38:27] --- current target velocity: 7.341352150937343 (frenet_interface.py:259)
INFO     [2025-01-12 11:38:30] --- Sampled interval of velocity: 0.00 m/s - 17.75 m/s (planner.py:310)
INFO     [2025-01-12 11:38:30] --- current time step: 7 (frenet_interface.py:280)
INFO     [2025-01-12 11:38:30] --- current velocity: 11.509940503824785 (frenet_interface.py:281)
INFO     [2025-01-12 11:38:30] --- current target velocity: 6.997643844524477 (frenet_interface.py:282)
INFO     [2025-01-12 11:38:31] --- Sampled interval of velocity: 0.00 m/s - 17.26 m/s (planner.py:310)
INFO     [2025-01-12 11:38:31] --- current time step: 8 (frenet_interface.py:280)
INFO     [2025-01-12 11:38:31] --- current velocity: 10.915484134402375 (frenet_interface.py:281)
INFO     [2025-01-12 11:38:31] --- current target velocity: 6.509940503824785 (frenet_interface.py:282)
INFO     [2025-01-12 11:38:32] --- Sampled interval of velocity: 0.00 m/s - 16.67 m/s (planner.py:310)
INFO     [2025-01-12 11:38:32] --- select trajectory 121 (reactive_planner_cpp.py:382)
INFO     [2025-01-12 11:38:32] --- current time step: 9 (frenet_interface.py:257)
INFO     [2025-01-12 11:38:32] --- current velocity: 10.544257344335849 (frenet_interface.py:258)
INFO     [2025-01-12 11:38:32] --- current target velocity: 5.915484134402375 (frenet_interface.py:259)
INFO     [2025-01-12 11:38:34] --- Sampled interval of velocity: 0.00 m/s - 16.29 m/s (planner.py:310)
INFO     [2025-01-12 11:38:34] --- current time step: 10 (frenet_interface.py:280)
INFO     [2025-01-12 11:38:34] --- current velocity: 10.083524529536245 (frenet_interface.py:281)
INFO     [2025-01-12 11:38:34] --- current target velocity: 5.544257344335849 (frenet_interface.py:282)
INFO     [2025-01-12 11:38:35] --- Sampled interval of velocity: 0.00 m/s - 15.83 m/s (planner.py:310)
INFO     [2025-01-12 11:38:35] --- current time step: 11 (frenet_interface.py:280)
INFO     [2025-01-12 11:38:35] --- current velocity: 9.559594158045991 (frenet_interface.py:281)
INFO     [2025-01-12 11:38:35] --- current target velocity: 5.083524529536245 (frenet_interface.py:282)
INFO     [2025-01-12 11:38:36] --- Sampled interval of velocity: 0.00 m/s - 15.31 m/s (planner.py:310)
INFO     [2025-01-12 11:38:36] --- select trajectory 111 (reactive_planner_cpp.py:382)
INFO     [2025-01-12 11:38:36] --- current time step: 12 (frenet_interface.py:257)
INFO     [2025-01-12 11:38:36] --- current velocity: 9.200168696436222 (frenet_interface.py:258)
INFO     [2025-01-12 11:38:36] --- current target velocity: 4.559594158045991 (frenet_interface.py:259)
INFO     [2025-01-12 11:38:38] --- Sampled interval of velocity: 0.00 m/s - 14.95 m/s (planner.py:310)
INFO     [2025-01-12 11:38:38] --- current time step: 13 (frenet_interface.py:280)
INFO     [2025-01-12 11:38:38] --- current velocity: 8.694071225364794 (frenet_interface.py:281)
INFO     [2025-01-12 11:38:38] --- current target velocity: 4.200168696436222 (frenet_interface.py:282)
INFO     [2025-01-12 11:38:38] --- Sampled interval of velocity: 0.00 m/s - 14.44 m/s (planner.py:310)
INFO     [2025-01-12 11:38:38] --- current time step: 14 (frenet_interface.py:280)
INFO     [2025-01-12 11:38:38] --- current velocity: 8.079419044770686 (frenet_interface.py:281)
INFO     [2025-01-12 11:38:38] --- current target velocity: 3.6940712253647945 (frenet_interface.py:282)
INFO     [2025-01-12 11:38:39] --- Sampled interval of velocity: 0.00 m/s - 13.83 m/s (planner.py:310)
INFO     [2025-01-12 11:38:39] --- select trajectory 111 (reactive_planner_cpp.py:382)
INFO     [2025-01-12 11:38:39] --- current time step: 15 (frenet_interface.py:257)
INFO     [2025-01-12 11:38:39] --- current velocity: 7.700622488936238 (frenet_interface.py:258)
INFO     [2025-01-12 11:38:39] --- current target velocity: 3.0794190447706864 (frenet_interface.py:259)
INFO     [2025-01-12 11:38:41] --- Sampled interval of velocity: 0.00 m/s - 13.45 m/s (planner.py:310)
INFO     [2025-01-12 11:38:41] --- current time step: 16 (frenet_interface.py:280)
INFO     [2025-01-12 11:38:41] --- current velocity: 7.237377203475335 (frenet_interface.py:281)
INFO     [2025-01-12 11:38:41] --- current target velocity: 2.7006224889362382 (frenet_interface.py:282)
INFO     [2025-01-12 11:38:42] --- Sampled interval of velocity: 0.00 m/s - 12.99 m/s (planner.py:310)
INFO     [2025-01-12 11:38:42] --- current time step: 17 (frenet_interface.py:280)
INFO     [2025-01-12 11:38:42] --- current velocity: 6.7150762076340165 (frenet_interface.py:281)
INFO     [2025-01-12 11:38:42] --- current target velocity: 7.237377203475335 (frenet_interface.py:282)
INFO     [2025-01-12 11:38:42] --- Sampled interval of velocity: 0.00 m/s - 12.47 m/s (planner.py:310)
INFO     [2025-01-12 11:38:43] --- select trajectory 151 (reactive_planner_cpp.py:382)
INFO     [2025-01-12 11:38:43] --- current time step: 18 (frenet_interface.py:257)
INFO     [2025-01-12 11:38:43] --- current velocity: 6.490546513291036 (frenet_interface.py:258)
INFO     [2025-01-12 11:38:43] --- current target velocity: 6.7150762076340165 (frenet_interface.py:259)
INFO     [2025-01-12 11:38:45] --- Sampled interval of velocity: 0.00 m/s - 12.24 m/s (planner.py:310)
INFO     [2025-01-12 11:38:45] --- current time step: 19 (frenet_interface.py:280)
INFO     [2025-01-12 11:38:45] --- current velocity: 6.35133758170176 (frenet_interface.py:281)
INFO     [2025-01-12 11:38:45] --- current target velocity: 6.490546513291036 (frenet_interface.py:282)
INFO     [2025-01-12 11:38:45] --- Sampled interval of velocity: 0.00 m/s - 12.10 m/s (planner.py:310)
INFO     [2025-01-12 11:38:45] --- current time step: 20 (frenet_interface.py:280)
INFO     [2025-01-12 11:38:45] --- current velocity: 6.283978155248802 (frenet_interface.py:281)
INFO     [2025-01-12 11:38:45] --- current target velocity: 6.35133758170176 (frenet_interface.py:282)
INFO     [2025-01-12 11:38:46] --- Sampled interval of velocity: 0.00 m/s - 12.03 m/s (planner.py:310)
INFO     [2025-01-12 11:38:46] --- select trajectory 731 (reactive_planner_cpp.py:382)
INFO     [2025-01-12 11:38:46] --- current time step: 21 (frenet_interface.py:257)
INFO     [2025-01-12 11:38:46] --- current velocity: 6.266324477625389 (frenet_interface.py:258)
INFO     [2025-01-12 11:38:46] --- current target velocity: 6.283978155248802 (frenet_interface.py:259)
INFO     [2025-01-12 11:38:48] --- Sampled interval of velocity: 0.00 m/s - 12.02 m/s (planner.py:310)
INFO     [2025-01-12 11:38:48] --- current time step: 22 (frenet_interface.py:280)
INFO     [2025-01-12 11:38:48] --- current velocity: 6.249287901811388 (frenet_interface.py:281)
INFO     [2025-01-12 11:38:48] --- current target velocity: 6.266324477625389 (frenet_interface.py:282)
INFO     [2025-01-12 11:38:49] --- Sampled interval of velocity: 0.00 m/s - 12.00 m/s (planner.py:310)
INFO     [2025-01-12 11:38:49] --- current time step: 23 (frenet_interface.py:280)
INFO     [2025-01-12 11:38:49] --- current velocity: 6.232867129662947 (frenet_interface.py:281)
INFO     [2025-01-12 11:38:49] --- current target velocity: 6.249287901811388 (frenet_interface.py:282)
INFO     [2025-01-12 11:38:50] --- Sampled interval of velocity: 0.00 m/s - 11.98 m/s (planner.py:310)
INFO     [2025-01-12 11:38:50] --- select trajectory 721 (reactive_planner_cpp.py:382)
INFO     [2025-01-12 11:38:50] --- current time step: 24 (frenet_interface.py:257)
INFO     [2025-01-12 11:38:50] --- current velocity: 6.219671837836109 (frenet_interface.py:258)
INFO     [2025-01-12 11:38:50] --- current target velocity: 6.232867129662947 (frenet_interface.py:259)
INFO     [2025-01-12 11:38:52] --- Sampled interval of velocity: 0.00 m/s - 11.97 m/s (planner.py:310)
INFO     [2025-01-12 11:38:52] --- current time step: 25 (frenet_interface.py:280)
INFO     [2025-01-12 11:38:52] --- current velocity: 6.19667875224854 (frenet_interface.py:281)
INFO     [2025-01-12 11:38:52] --- current target velocity: 6.219671837836109 (frenet_interface.py:282)
INFO     [2025-01-12 11:38:53] --- Sampled interval of velocity: 0.00 m/s - 11.95 m/s (planner.py:310)
INFO     [2025-01-12 11:38:53] --- current time step: 26 (frenet_interface.py:280)
INFO     [2025-01-12 11:38:53] --- current velocity: 6.164606877315984 (frenet_interface.py:281)
INFO     [2025-01-12 11:38:53] --- current target velocity: 6.19667875224854 (frenet_interface.py:282)
INFO     [2025-01-12 11:38:53] --- Sampled interval of velocity: 0.00 m/s - 11.91 m/s (planner.py:310)
INFO     [2025-01-12 11:38:53] --- select trajectory 121 (reactive_planner_cpp.py:382)
INFO     [2025-01-12 11:38:53] --- current time step: 27 (frenet_interface.py:257)
INFO     [2025-01-12 11:38:53] --- current velocity: 6.1100762809971 (frenet_interface.py:258)
INFO     [2025-01-12 11:38:53] --- current target velocity: 6.164606877315984 (frenet_interface.py:259)
INFO     [2025-01-12 11:38:55] --- Sampled interval of velocity: 0.00 m/s - 11.86 m/s (planner.py:310)
INFO     [2025-01-12 11:38:55] --- current time step: 28 (frenet_interface.py:280)
INFO     [2025-01-12 11:38:55] --- current velocity: 5.992448356037753 (frenet_interface.py:281)
INFO     [2025-01-12 11:38:55] --- current target velocity: 6.1100762809971 (frenet_interface.py:282)
INFO     [2025-01-12 11:38:56] --- Sampled interval of velocity: 0.00 m/s - 11.74 m/s (planner.py:310)
INFO     [2025-01-12 11:38:56] --- current time step: 29 (frenet_interface.py:280)
INFO     [2025-01-12 11:38:56] --- current velocity: 5.826112100926464 (frenet_interface.py:281)
INFO     [2025-01-12 11:38:56] --- current target velocity: 5.992448356037753 (frenet_interface.py:282)
INFO     [2025-01-12 11:38:57] --- Sampled interval of velocity: 0.00 m/s - 11.58 m/s (planner.py:310)
INFO     [2025-01-12 11:38:57] --- select trajectory 721 (reactive_planner_cpp.py:382)
INFO     [2025-01-12 11:38:57] --- current time step: 30 (frenet_interface.py:257)
INFO     [2025-01-12 11:38:57] --- current velocity: 5.7344201118501985 (frenet_interface.py:258)
INFO     [2025-01-12 11:38:57] --- current target velocity: 5.826112100926464 (frenet_interface.py:259)
INFO     [2025-01-12 11:38:59] --- Sampled interval of velocity: 0.00 m/s - 11.48 m/s (planner.py:310)
INFO     [2025-01-12 11:38:59] --- current time step: 31 (frenet_interface.py:280)
INFO     [2025-01-12 11:38:59] --- current velocity: 5.645264780244412 (frenet_interface.py:281)
INFO     [2025-01-12 11:38:59] --- current target velocity: 5.7344201118501985 (frenet_interface.py:282)
INFO     [2025-01-12 11:38:59] --- Sampled interval of velocity: 0.00 m/s - 11.40 m/s (planner.py:310)
INFO     [2025-01-12 11:38:59] --- current time step: 32 (frenet_interface.py:280)
INFO     [2025-01-12 11:38:59] --- current velocity: 5.558686172322792 (frenet_interface.py:281)
INFO     [2025-01-12 11:38:59] --- current target velocity: 5.645264780244412 (frenet_interface.py:282)
INFO     [2025-01-12 11:39:00] --- Sampled interval of velocity: 0.00 m/s - 11.31 m/s (planner.py:310)
INFO     [2025-01-12 11:39:00] --- select trajectory 421 (reactive_planner_cpp.py:382)
INFO     [2025-01-12 11:39:00] --- current time step: 33 (frenet_interface.py:257)
INFO     [2025-01-12 11:39:00] --- current velocity: 5.502718641933246 (frenet_interface.py:258)
INFO     [2025-01-12 11:39:00] --- current target velocity: 5.558686172322792 (frenet_interface.py:259)
INFO     [2025-01-12 11:39:02] --- Sampled interval of velocity: 0.00 m/s - 11.25 m/s (planner.py:310)
INFO     [2025-01-12 11:39:02] --- current time step: 34 (frenet_interface.py:280)
INFO     [2025-01-12 11:39:02] --- current velocity: 5.423063381962944 (frenet_interface.py:281)
INFO     [2025-01-12 11:39:02] --- current target velocity: 5.502718641933246 (frenet_interface.py:282)
INFO     [2025-01-12 11:39:03] --- Sampled interval of velocity: 0.00 m/s - 11.17 m/s (planner.py:310)
INFO     [2025-01-12 11:39:03] --- current time step: 35 (frenet_interface.py:280)
INFO     [2025-01-12 11:39:03] --- current velocity: 5.324176026336813 (frenet_interface.py:281)
INFO     [2025-01-12 11:39:03] --- current target velocity: 5.423063381962944 (frenet_interface.py:282)
INFO     [2025-01-12 11:39:03] --- Sampled interval of velocity: 0.00 m/s - 11.07 m/s (planner.py:310)
INFO     [2025-01-12 11:39:03] --- select trajectory 11 (reactive_planner_cpp.py:382)
INFO     [2025-01-12 11:39:03] --- current time step: 36 (frenet_interface.py:257)
INFO     [2025-01-12 11:39:03] --- current velocity: 5.251295676830683 (frenet_interface.py:258)
INFO     [2025-01-12 11:39:03] --- current target velocity: 5.324176026336813 (frenet_interface.py:259)
INFO     [2025-01-12 11:39:06] --- Sampled interval of velocity: 0.00 m/s - 11.00 m/s (planner.py:310)
INFO     [2025-01-12 11:39:06] --- current time step: 37 (frenet_interface.py:280)
INFO     [2025-01-12 11:39:06] --- current velocity: 5.1430925851611065 (frenet_interface.py:281)
INFO     [2025-01-12 11:39:06] --- current target velocity: 5.251295676830683 (frenet_interface.py:282)
INFO     [2025-01-12 11:39:06] --- Sampled interval of velocity: 0.00 m/s - 10.89 m/s (planner.py:310)
INFO     [2025-01-12 11:39:06] --- current time step: 38 (frenet_interface.py:280)
INFO     [2025-01-12 11:39:06] --- current velocity: 5.004696132248593 (frenet_interface.py:281)
INFO     [2025-01-12 11:39:06] --- current target velocity: 5.1430925851611065 (frenet_interface.py:282)
INFO     [2025-01-12 11:39:07] --- Sampled interval of velocity: 0.00 m/s - 10.75 m/s (planner.py:310)
INFO     [2025-01-12 11:39:07] --- select trajectory 301 (reactive_planner_cpp.py:382)
INFO     [2025-01-12 11:39:07] --- current time step: 39 (frenet_interface.py:257)
INFO     [2025-01-12 11:39:07] --- current velocity: 4.915108593039863 (frenet_interface.py:258)
INFO     [2025-01-12 11:39:07] --- current target velocity: 5.004696132248593 (frenet_interface.py:259)
INFO     [2025-01-12 11:39:09] --- Sampled interval of velocity: 0.00 m/s - 10.67 m/s (planner.py:310)
INFO     [2025-01-12 11:39:09] --- current time step: 40 (frenet_interface.py:280)
INFO     [2025-01-12 11:39:09] --- current velocity: 4.79996166313231 (frenet_interface.py:281)
INFO     [2025-01-12 11:39:09] --- current target velocity: 4.915108593039863 (frenet_interface.py:282)
INFO     [2025-01-12 11:39:10] --- Sampled interval of velocity: 0.00 m/s - 10.55 m/s (planner.py:310)
INFO     [2025-01-12 11:39:10] --- current time step: 41 (frenet_interface.py:280)
INFO     [2025-01-12 11:39:10] --- current velocity: 4.6620038182306915 (frenet_interface.py:281)
INFO     [2025-01-12 11:39:10] --- current target velocity: 4.79996166313231 (frenet_interface.py:282)
INFO     [2025-01-12 11:39:11] --- Sampled interval of velocity: 0.00 m/s - 10.41 m/s (planner.py:310)
INFO     [2025-01-12 11:39:11] --- select trajectory 1 (reactive_planner_cpp.py:382)
INFO     [2025-01-12 11:39:11] --- current time step: 42 (frenet_interface.py:257)
INFO     [2025-01-12 11:39:11] --- current velocity: 4.562748225436804 (frenet_interface.py:258)
INFO     [2025-01-12 11:39:11] --- current target velocity: 4.6620038182306915 (frenet_interface.py:259)
INFO     [2025-01-12 11:39:13] --- Sampled interval of velocity: 0.00 m/s - 10.31 m/s (planner.py:310)
INFO     [2025-01-12 11:39:13] --- current time step: 43 (frenet_interface.py:280)
INFO     [2025-01-12 11:39:13] --- current velocity: 4.417871854203735 (frenet_interface.py:281)
INFO     [2025-01-12 11:39:13] --- current target velocity: 4.562748225436804 (frenet_interface.py:282)
INFO     [2025-01-12 11:39:13] --- Sampled interval of velocity: 0.00 m/s - 10.17 m/s (planner.py:310)
INFO     [2025-01-12 11:39:13] --- current time step: 44 (frenet_interface.py:280)
INFO     [2025-01-12 11:39:13] --- current velocity: 4.23403961837164 (frenet_interface.py:281)
INFO     [2025-01-12 11:39:13] --- current target velocity: 4.417871854203735 (frenet_interface.py:282)
INFO     [2025-01-12 11:39:14] --- Sampled interval of velocity: 0.00 m/s - 9.98 m/s (planner.py:310)
INFO     [2025-01-12 11:39:14] --- select trajectory 401 (reactive_planner_cpp.py:382)
INFO     [2025-01-12 11:39:14] --- current time step: 45 (frenet_interface.py:257)
INFO     [2025-01-12 11:39:14] --- current velocity: 4.103830403685189 (frenet_interface.py:258)
INFO     [2025-01-12 11:39:14] --- current target velocity: 4.23403961837164 (frenet_interface.py:259)
INFO     [2025-01-12 11:39:17] --- Sampled interval of velocity: 0.00 m/s - 9.85 m/s (planner.py:310)
INFO     [2025-01-12 11:39:17] --- current time step: 46 (frenet_interface.py:280)
INFO     [2025-01-12 11:39:17] --- current velocity: 3.920942430237935 (frenet_interface.py:281)
INFO     [2025-01-12 11:39:17] --- current target velocity: 4.103830403685189 (frenet_interface.py:282)
INFO     [2025-01-12 11:39:17] --- Sampled interval of velocity: 0.00 m/s - 9.67 m/s (planner.py:310)
INFO     [2025-01-12 11:39:17] --- current time step: 47 (frenet_interface.py:280)
INFO     [2025-01-12 11:39:17] --- current velocity: 3.6953524454622193 (frenet_interface.py:281)
INFO     [2025-01-12 11:39:17] --- current target velocity: 3.920942430237935 (frenet_interface.py:282)
INFO     [2025-01-12 11:39:18] --- Sampled interval of velocity: 0.00 m/s - 9.45 m/s (planner.py:310)
INFO     [2025-01-12 11:39:18] --- select trajectory 106 (reactive_planner_cpp.py:382)
INFO     [2025-01-12 11:39:18] --- current time step: 48 (frenet_interface.py:257)
INFO     [2025-01-12 11:39:18] --- current velocity: 3.536136421992405 (frenet_interface.py:258)
INFO     [2025-01-12 11:39:18] --- current target velocity: 3.6953524454622193 (frenet_interface.py:259)
INFO     [2025-01-12 11:39:20] --- Sampled interval of velocity: 0.00 m/s - 9.29 m/s (planner.py:310)
INFO     [2025-01-12 11:39:20] --- current time step: 49 (frenet_interface.py:280)
INFO     [2025-01-12 11:39:20] --- current velocity: 3.3131863342103087 (frenet_interface.py:281)
INFO     [2025-01-12 11:39:20] --- current target velocity: 3.536136421992405 (frenet_interface.py:282)
INFO     [2025-01-12 11:39:21] --- Sampled interval of velocity: 0.00 m/s - 9.06 m/s (planner.py:310)
INFO     [2025-01-12 11:39:21] --- current time step: 50 (frenet_interface.py:280)
INFO     [2025-01-12 11:39:21] --- current velocity: 3.0431260729597795 (frenet_interface.py:281)
INFO     [2025-01-12 11:39:21] --- current target velocity: 3.3131863342103087 (frenet_interface.py:282)
INFO     [2025-01-12 11:39:22] --- Sampled interval of velocity: 0.00 m/s - 8.79 m/s (planner.py:310)
INFO     [2025-01-12 11:39:22] --- select trajectory 396 (reactive_planner_cpp.py:382)
INFO     [2025-01-12 11:39:22] --- current time step: 51 (frenet_interface.py:257)
INFO     [2025-01-12 11:39:22] --- current velocity: 2.8945896536300633 (frenet_interface.py:258)
INFO     [2025-01-12 11:39:22] --- current target velocity: 3.0431260729597795 (frenet_interface.py:259)
INFO     [2025-01-12 11:39:23] --- Sampled interval of velocity: 0.00 m/s - 8.64 m/s (planner.py:310)
INFO     [2025-01-12 11:39:23] --- current time step: 52 (frenet_interface.py:280)
INFO     [2025-01-12 11:39:23] --- current velocity: 2.737965562346475 (frenet_interface.py:281)
INFO     [2025-01-12 11:39:23] --- current target velocity: 2.8945896536300633 (frenet_interface.py:282)
INFO     [2025-01-12 11:39:24] --- Sampled interval of velocity: 0.00 m/s - 8.49 m/s (planner.py:310)
INFO     [2025-01-12 11:39:24] --- current time step: 53 (frenet_interface.py:280)
INFO     [2025-01-12 11:39:24] --- current velocity: 2.5746204851817764 (frenet_interface.py:281)
INFO     [2025-01-12 11:39:24] --- current target velocity: 2.737965562346475 (frenet_interface.py:282)
INFO     [2025-01-12 11:39:25] --- Sampled interval of velocity: 0.00 m/s - 8.32 m/s (planner.py:310)
INFO     [2025-01-12 11:39:25] --- select trajectory 191 (reactive_planner_cpp.py:382)
INFO     [2025-01-12 11:39:25] --- current time step: 54 (frenet_interface.py:257)
INFO     [2025-01-12 11:39:25] --- current velocity: 2.4459805588459327 (frenet_interface.py:258)
INFO     [2025-01-12 11:39:25] --- current target velocity: 2.5746204851817764 (frenet_interface.py:259)
INFO     [2025-01-12 11:39:27] --- Sampled interval of velocity: 0.00 m/s - 8.20 m/s (planner.py:310)
INFO     [2025-01-12 11:39:27] --- current time step: 55 (frenet_interface.py:280)
INFO     [2025-01-12 11:39:27] --- current velocity: 2.2390316505842334 (frenet_interface.py:281)
INFO     [2025-01-12 11:39:27] --- current target velocity: 2.4459805588459327 (frenet_interface.py:282)
INFO     [2025-01-12 11:39:27] --- Sampled interval of velocity: 0.00 m/s - 7.99 m/s (planner.py:310)
INFO     [2025-01-12 11:39:27] --- current time step: 56 (frenet_interface.py:280)
INFO     [2025-01-12 11:39:27] --- current velocity: 1.9728550495984252 (frenet_interface.py:281)
INFO     [2025-01-12 11:39:27] --- current target velocity: 2.2390316505842334 (frenet_interface.py:282)
INFO     [2025-01-12 11:39:28] --- Sampled interval of velocity: 0.00 m/s - 7.72 m/s (planner.py:310)
INFO     [2025-01-12 11:39:29] --- select trajectory 191 (reactive_planner_cpp.py:382)
INFO     [2025-01-12 11:39:29] --- current time step: 57 (frenet_interface.py:257)
INFO     [2025-01-12 11:39:29] --- current velocity: 1.807329869459266 (frenet_interface.py:258)
INFO     [2025-01-12 11:39:29] --- current target velocity: 1.9728550495984252 (frenet_interface.py:259)
INFO     [2025-01-12 11:39:30] --- Sampled interval of velocity: 0.00 m/s - 7.56 m/s (planner.py:310)
INFO     [2025-01-12 11:39:30] --- current time step: 58 (frenet_interface.py:280)
INFO     [2025-01-12 11:39:30] --- current velocity: 1.6072522492397463 (frenet_interface.py:281)
INFO     [2025-01-12 11:39:30] --- current target velocity: 1.807329869459266 (frenet_interface.py:282)
INFO     [2025-01-12 11:39:30] --- Sampled interval of velocity: 0.00 m/s - 7.36 m/s (planner.py:310)
INFO     [2025-01-12 11:39:30] --- current time step: 59 (frenet_interface.py:280)
INFO     [2025-01-12 11:39:30] --- current velocity: 1.3832240434387688 (frenet_interface.py:281)
INFO     [2025-01-12 11:39:30] --- current target velocity: 1.6072522492397463 (frenet_interface.py:282)
INFO     [2025-01-12 11:39:32] --- Sampled interval of velocity: 0.00 m/s - 7.13 m/s (planner.py:310)
INFO     [2025-01-12 11:39:32] --- select trajectory 191 (reactive_planner_cpp.py:382)
INFO     [2025-01-12 11:39:32] --- current time step: 60 (frenet_interface.py:257)
INFO     [2025-01-12 11:39:32] --- current velocity: 1.2549692009295959 (frenet_interface.py:258)
INFO     [2025-01-12 11:39:32] --- current target velocity: 1.3832240434387688 (frenet_interface.py:259)
INFO     [2025-01-12 11:39:33] --- Sampled interval of velocity: 0.00 m/s - 7.00 m/s (planner.py:310)
INFO     [2025-01-12 11:39:33] --- current time step: 61 (frenet_interface.py:280)
INFO     [2025-01-12 11:39:33] --- current velocity: 1.1071396299014797 (frenet_interface.py:281)
INFO     [2025-01-12 11:39:33] --- current target velocity: 1.2549692009295959 (frenet_interface.py:282)
INFO     [2025-01-12 11:39:35] --- Sampled interval of velocity: 0.00 m/s - 6.86 m/s (planner.py:310)
INFO     [2025-01-12 11:39:35] --- current time step: 62 (frenet_interface.py:280)
INFO     [2025-01-12 11:39:35] --- current velocity: 0.946433447274275 (frenet_interface.py:281)
INFO     [2025-01-12 11:39:35] --- current target velocity: 1.1071396299014797 (frenet_interface.py:282)
INFO     [2025-01-12 11:39:36] --- Sampled interval of velocity: 0.00 m/s - 6.70 m/s (planner.py:310)
WARNING  [2025-01-12 11:39:36] --- No optimal trajectory available. Select stopping trajectory! (reactive_planner_cpp.py:407)
INFO     [2025-01-12 11:39:36] --- current time step: 63 (frenet_interface.py:257)
INFO     [2025-01-12 11:39:36] --- current velocity: 0.8562682201112471 (frenet_interface.py:258)
INFO     [2025-01-12 11:39:36] --- current target velocity: 0.946433447274275 (frenet_interface.py:259)
INFO     [2025-01-12 11:39:38] --- Sampled interval of velocity: 0.00 m/s - 6.61 m/s (planner.py:310)
INFO     [2025-01-12 11:39:38] --- current time step: 64 (frenet_interface.py:280)
INFO     [2025-01-12 11:39:38] --- current velocity: 0.7536410518491988 (frenet_interface.py:281)
INFO     [2025-01-12 11:39:38] --- current target velocity: 0.8562682201112471 (frenet_interface.py:282)
INFO     [2025-01-12 11:39:39] --- Sampled interval of velocity: 0.00 m/s - 6.50 m/s (planner.py:310)
INFO     [2025-01-12 11:39:39] --- current time step: 65 (frenet_interface.py:280)
INFO     [2025-01-12 11:39:39] --- current velocity: 0.642987038339652 (frenet_interface.py:281)
INFO     [2025-01-12 11:39:39] --- current target velocity: 0.7536410518491988 (frenet_interface.py:282)
INFO     [2025-01-12 11:39:39] --- Sampled interval of velocity: 0.00 m/s - 6.39 m/s (planner.py:310)
WARNING  [2025-01-12 11:39:40] --- No optimal trajectory available. Select stopping trajectory! (reactive_planner_cpp.py:407)
INFO     [2025-01-12 11:39:40] --- current time step: 66 (frenet_interface.py:257)
INFO     [2025-01-12 11:39:40] --- current velocity: 0.5812623297284695 (frenet_interface.py:258)
INFO     [2025-01-12 11:39:40] --- current target velocity: 0.642987038339652 (frenet_interface.py:259)
INFO     [2025-01-12 11:39:41] --- Sampled interval of velocity: 0.00 m/s - 6.33 m/s (planner.py:310)
INFO     [2025-01-12 11:39:41] --- current time step: 67 (frenet_interface.py:280)
INFO     [2025-01-12 11:39:41] --- current velocity: 0.5112650559368656 (frenet_interface.py:281)
INFO     [2025-01-12 11:39:41] --- current target velocity: 0.5812623297284695 (frenet_interface.py:282)
INFO     [2025-01-12 11:39:42] --- Sampled interval of velocity: 0.00 m/s - 6.26 m/s (planner.py:310)
INFO     [2025-01-12 11:39:42] --- current time step: 68 (frenet_interface.py:280)
INFO     [2025-01-12 11:39:42] --- current velocity: 0.4359768887284536 (frenet_interface.py:281)
INFO     [2025-01-12 11:39:42] --- current target velocity: 0.5112650559368656 (frenet_interface.py:282)
