CRITICAL [2025-01-12 11:43:10] --- Start Planner Vehicle ID: 30205 (frenet_interface.py:67)
INFO     [2025-01-12 11:43:11] --- Sampled interval of velocity: 0.00 m/s - 10.56 m/s (planner.py:310)
INFO     [2025-01-12 11:43:11] --- select trajectory 111 (reactive_planner_cpp.py:382)
INFO     [2025-01-12 11:43:11] --- current time step: 0 (frenet_interface.py:257)
INFO     [2025-01-12 11:43:11] --- current velocity: 4.760360192902427 (frenet_interface.py:258)
INFO     [2025-01-12 11:43:11] --- current target velocity: 2.477884683120657 (frenet_interface.py:259)
INFO     [2025-01-12 11:43:13] --- Sampled interval of velocity: 0.00 m/s - 10.51 m/s (planner.py:310)
INFO     [2025-01-12 11:43:13] --- current time step: 1 (frenet_interface.py:280)
INFO     [2025-01-12 11:43:13] --- current velocity: 4.621784609330742 (frenet_interface.py:281)
INFO     [2025-01-12 11:43:13] --- current target velocity: 2.4622367223651054 (frenet_interface.py:282)
INFO     [2025-01-12 11:43:13] --- Sampled interval of velocity: 0.00 m/s - 10.37 m/s (planner.py:310)
INFO     [2025-01-12 11:43:13] --- current time step: 2 (frenet_interface.py:280)
INFO     [2025-01-12 11:43:13] --- current velocity: 4.4147378431069475 (frenet_interface.py:281)
INFO     [2025-01-12 11:43:13] --- current target velocity: 2.4470301953421707 (frenet_interface.py:282)
INFO     [2025-01-12 11:43:13] --- Sampled interval of velocity: 0.00 m/s - 10.16 m/s (planner.py:310)
INFO     [2025-01-12 11:43:13] --- select trajectory 111 (reactive_planner_cpp.py:382)
INFO     [2025-01-12 11:43:13] --- current time step: 3 (frenet_interface.py:257)
INFO     [2025-01-12 11:43:13] --- current velocity: 4.2741100153023055 (frenet_interface.py:258)
INFO     [2025-01-12 11:43:13] --- current target velocity: 2.4328101632197976 (frenet_interface.py:259)
INFO     [2025-01-12 11:43:14] --- Sampled interval of velocity: 0.00 m/s - 10.02 m/s (planner.py:310)
INFO     [2025-01-12 11:43:14] --- current time step: 4 (frenet_interface.py:280)
INFO     [2025-01-12 11:43:14] --- current velocity: 4.0943650305962445 (frenet_interface.py:281)
INFO     [2025-01-12 11:43:14] --- current target velocity: 2.419600944327801 (frenet_interface.py:282)
INFO     [2025-01-12 11:43:15] --- Sampled interval of velocity: 0.00 m/s - 9.84 m/s (planner.py:310)
INFO     [2025-01-12 11:43:15] --- current time step: 5 (frenet_interface.py:280)
INFO     [2025-01-12 11:43:15] --- current velocity: 3.886565942907396 (frenet_interface.py:281)
INFO     [2025-01-12 11:43:15] --- current target velocity: 2.4073270797452926 (frenet_interface.py:282)
INFO     [2025-01-12 11:43:15] --- Sampled interval of velocity: 0.00 m/s - 9.64 m/s (planner.py:310)
INFO     [2025-01-12 11:43:15] --- select trajectory 111 (reactive_planner_cpp.py:382)
INFO     [2025-01-12 11:43:15] --- current time step: 6 (frenet_interface.py:257)
INFO     [2025-01-12 11:43:15] --- current velocity: 3.762033730563242 (frenet_interface.py:258)
INFO     [2025-01-12 11:43:15] --- current target velocity: 2.3962430589470136 (frenet_interface.py:259)
INFO     [2025-01-12 11:43:16] --- Sampled interval of velocity: 0.00 m/s - 9.51 m/s (planner.py:310)
INFO     [2025-01-12 11:43:16] --- current time step: 7 (frenet_interface.py:280)
INFO     [2025-01-12 11:43:16] --- current velocity: 3.611844258288515 (frenet_interface.py:281)
INFO     [2025-01-12 11:43:16] --- current target velocity: 2.386168953255394 (frenet_interface.py:282)
INFO     [2025-01-12 11:43:17] --- Sampled interval of velocity: 0.00 m/s - 9.36 m/s (planner.py:310)
INFO     [2025-01-12 11:43:17] --- current time step: 8 (frenet_interface.py:280)
INFO     [2025-01-12 11:43:17] --- current velocity: 3.4439021997460717 (frenet_interface.py:281)
INFO     [2025-01-12 11:43:17] --- current target velocity: 2.3769308188215432 (frenet_interface.py:282)
INFO     [2025-01-12 11:43:17] --- Sampled interval of velocity: 0.00 m/s - 9.19 m/s (planner.py:310)
INFO     [2025-01-12 11:43:17] --- select trajectory 111 (reactive_planner_cpp.py:382)
INFO     [2025-01-12 11:43:17] --- current time step: 9 (frenet_interface.py:257)
INFO     [2025-01-12 11:43:17] --- current velocity: 3.3452652773635196 (frenet_interface.py:258)
INFO     [2025-01-12 11:43:17] --- current target velocity: 2.3687016007453314 (frenet_interface.py:259)
INFO     [2025-01-12 11:43:18] --- Sampled interval of velocity: 0.00 m/s - 9.10 m/s (planner.py:310)
INFO     [2025-01-12 11:43:18] --- current time step: 10 (frenet_interface.py:280)
INFO     [2025-01-12 11:43:18] --- current velocity: 3.2275384410409895 (frenet_interface.py:281)
INFO     [2025-01-12 11:43:18] --- current target velocity: 2.3613079214217567 (frenet_interface.py:282)
INFO     [2025-01-12 11:43:18] --- Sampled interval of velocity: 0.00 m/s - 8.98 m/s (planner.py:310)
INFO     [2025-01-12 11:43:18] --- current time step: 11 (frenet_interface.py:280)
INFO     [2025-01-12 11:43:18] --- current velocity: 3.096723504606376 (frenet_interface.py:281)
INFO     [2025-01-12 11:43:18] --- current target velocity: 2.354594635294631 (frenet_interface.py:282)
INFO     [2025-01-12 11:43:18] --- Sampled interval of velocity: 0.00 m/s - 8.85 m/s (planner.py:310)
INFO     [2025-01-12 11:43:18] --- select trajectory 411 (reactive_planner_cpp.py:382)
INFO     [2025-01-12 11:43:18] --- current time step: 12 (frenet_interface.py:257)
INFO     [2025-01-12 11:43:18] --- current velocity: 3.025476740468662 (frenet_interface.py:258)
INFO     [2025-01-12 11:43:18] --- current target velocity: 2.3486940781211545 (frenet_interface.py:259)
INFO     [2025-01-12 11:43:20] --- Sampled interval of velocity: 0.00 m/s - 8.78 m/s (planner.py:310)
INFO     [2025-01-12 11:43:20] --- current time step: 13 (frenet_interface.py:280)
INFO     [2025-01-12 11:43:20] --- current velocity: 2.948292033885433 (frenet_interface.py:281)
INFO     [2025-01-12 11:43:20] --- current target velocity: 2.3434516106368055 (frenet_interface.py:282)
INFO     [2025-01-12 11:43:20] --- Sampled interval of velocity: 0.00 m/s - 8.70 m/s (planner.py:310)
INFO     [2025-01-12 11:43:20] --- current time step: 14 (frenet_interface.py:280)
INFO     [2025-01-12 11:43:20] --- current velocity: 2.8669648044480125 (frenet_interface.py:281)
INFO     [2025-01-12 11:43:20] --- current target velocity: 2.3386823285286797 (frenet_interface.py:282)
INFO     [2025-01-12 11:43:20] --- Sampled interval of velocity: 0.00 m/s - 8.62 m/s (planner.py:310)
INFO     [2025-01-12 11:43:20] --- select trajectory 711 (reactive_planner_cpp.py:382)
INFO     [2025-01-12 11:43:20] --- current time step: 15 (frenet_interface.py:257)
INFO     [2025-01-12 11:43:20] --- current velocity: 2.825958197754535 (frenet_interface.py:258)
INFO     [2025-01-12 11:43:20] --- current target velocity: 2.3344344396316616 (frenet_interface.py:259)
INFO     [2025-01-12 11:43:21] --- Sampled interval of velocity: 0.00 m/s - 8.58 m/s (planner.py:310)
INFO     [2025-01-12 11:43:21] --- current time step: 16 (frenet_interface.py:280)
INFO     [2025-01-12 11:43:21] --- current velocity: 2.7857656914632263 (frenet_interface.py:281)
INFO     [2025-01-12 11:43:21] --- current target velocity: 2.3305851030351756 (frenet_interface.py:282)
INFO     [2025-01-12 11:43:22] --- Sampled interval of velocity: 0.00 m/s - 8.54 m/s (planner.py:310)
INFO     [2025-01-12 11:43:22] --- current time step: 17 (frenet_interface.py:280)
INFO     [2025-01-12 11:43:22] --- current velocity: 2.746427583520782 (frenet_interface.py:281)
INFO     [2025-01-12 11:43:22] --- current target velocity: 2.32698504029171 (frenet_interface.py:282)
INFO     [2025-01-12 11:43:22] --- Sampled interval of velocity: 0.00 m/s - 8.50 m/s (planner.py:310)
INFO     [2025-01-12 11:43:22] --- select trajectory 711 (reactive_planner_cpp.py:382)
INFO     [2025-01-12 11:43:22] --- current time step: 18 (frenet_interface.py:257)
INFO     [2025-01-12 11:43:22] --- current velocity: 2.7262279947274024 (frenet_interface.py:258)
INFO     [2025-01-12 11:43:22] --- current target velocity: 2.3236335924711433 (frenet_interface.py:259)
INFO     [2025-01-12 11:43:23] --- Sampled interval of velocity: 0.00 m/s - 8.48 m/s (planner.py:310)
INFO     [2025-01-12 11:43:23] --- current time step: 19 (frenet_interface.py:280)
INFO     [2025-01-12 11:43:23] --- current velocity: 2.7046244811679703 (frenet_interface.py:281)
INFO     [2025-01-12 11:43:23] --- current target velocity: 2.320458067654322 (frenet_interface.py:282)
INFO     [2025-01-12 11:43:23] --- Sampled interval of velocity: 0.00 m/s - 8.45 m/s (planner.py:310)
INFO     [2025-01-12 11:43:23] --- current time step: 20 (frenet_interface.py:280)
INFO     [2025-01-12 11:43:23] --- current velocity: 2.681763636725942 (frenet_interface.py:281)
INFO     [2025-01-12 11:43:23] --- current target velocity: 2.3173954329100726 (frenet_interface.py:282)
INFO     [2025-01-12 11:43:24] --- Sampled interval of velocity: 0.00 m/s - 8.43 m/s (planner.py:310)
INFO     [2025-01-12 11:43:24] --- select trajectory 711 (reactive_planner_cpp.py:382)
INFO     [2025-01-12 11:43:24] --- current time step: 21 (frenet_interface.py:257)
INFO     [2025-01-12 11:43:24] --- current velocity: 2.668943948253618 (frenet_interface.py:258)
INFO     [2025-01-12 11:43:24] --- current target velocity: 2.3144587306005326 (frenet_interface.py:259)
INFO     [2025-01-12 11:43:25] --- Sampled interval of velocity: 0.00 m/s - 8.42 m/s (planner.py:310)
INFO     [2025-01-12 11:43:25] --- current time step: 22 (frenet_interface.py:280)
INFO     [2025-01-12 11:43:25] --- current velocity: 2.6540430381413 (frenet_interface.py:281)
INFO     [2025-01-12 11:43:25] --- current target velocity: 2.311615611166566 (frenet_interface.py:282)
INFO     [2025-01-12 11:43:26] --- Sampled interval of velocity: 0.00 m/s - 8.40 m/s (planner.py:310)
INFO     [2025-01-12 11:43:26] --- current time step: 23 (frenet_interface.py:280)
INFO     [2025-01-12 11:43:26] --- current velocity: 2.6372375684098754 (frenet_interface.py:281)
INFO     [2025-01-12 11:43:26] --- current target velocity: 2.3088374839398305 (frenet_interface.py:282)
INFO     [2025-01-12 11:43:26] --- Sampled interval of velocity: 0.00 m/s - 8.39 m/s (planner.py:310)
INFO     [2025-01-12 11:43:26] --- select trajectory 711 (reactive_planner_cpp.py:382)
INFO     [2025-01-12 11:43:26] --- current time step: 24 (frenet_interface.py:257)
INFO     [2025-01-12 11:43:26] --- current velocity: 2.627209434142331 (frenet_interface.py:258)
INFO     [2025-01-12 11:43:26] --- current target velocity: 2.3061418520220425 (frenet_interface.py:259)
INFO     [2025-01-12 11:43:28] --- Sampled interval of velocity: 0.00 m/s - 8.38 m/s (planner.py:310)
INFO     [2025-01-12 11:43:28] --- current time step: 25 (frenet_interface.py:280)
INFO     [2025-01-12 11:43:28] --- current velocity: 2.614944204181336 (frenet_interface.py:281)
INFO     [2025-01-12 11:43:28] --- current target velocity: 2.303510601063299 (frenet_interface.py:282)
INFO     [2025-01-12 11:43:29] --- Sampled interval of velocity: 0.00 m/s - 8.36 m/s (planner.py:310)
INFO     [2025-01-12 11:43:29] --- current time step: 26 (frenet_interface.py:280)
INFO     [2025-01-12 11:43:29] --- current velocity: 2.6006227389934597 (frenet_interface.py:281)
INFO     [2025-01-12 11:43:29] --- current target velocity: 2.30092731364449 (frenet_interface.py:282)
INFO     [2025-01-12 11:43:29] --- Sampled interval of velocity: 0.00 m/s - 8.35 m/s (planner.py:310)
INFO     [2025-01-12 11:43:29] --- select trajectory 711 (reactive_planner_cpp.py:382)
INFO     [2025-01-12 11:43:29] --- current time step: 27 (frenet_interface.py:257)
INFO     [2025-01-12 11:43:29] --- current velocity: 2.5918098465429797 (frenet_interface.py:258)
INFO     [2025-01-12 11:43:29] --- current target velocity: 2.298410764397582 (frenet_interface.py:259)
INFO     [2025-01-12 11:43:31] --- Sampled interval of velocity: 0.00 m/s - 8.34 m/s (planner.py:310)
INFO     [2025-01-12 11:43:31] --- current time step: 28 (frenet_interface.py:280)
INFO     [2025-01-12 11:43:31] --- current velocity: 2.580778121239682 (frenet_interface.py:281)
INFO     [2025-01-12 11:43:31] --- current target velocity: 2.2959479820054223 (frenet_interface.py:282)
INFO     [2025-01-12 11:43:31] --- Sampled interval of velocity: 0.00 m/s - 8.33 m/s (planner.py:310)
INFO     [2025-01-12 11:43:31] --- current time step: 29 (frenet_interface.py:280)
INFO     [2025-01-12 11:43:31] --- current velocity: 2.5677042545401516 (frenet_interface.py:281)
INFO     [2025-01-12 11:43:31] --- current target velocity: 2.293526962724293 (frenet_interface.py:282)
INFO     [2025-01-12 11:43:32] --- Sampled interval of velocity: 0.00 m/s - 8.32 m/s (planner.py:310)
INFO     [2025-01-12 11:43:32] --- select trajectory 711 (reactive_planner_cpp.py:382)
INFO     [2025-01-12 11:43:32] --- current time step: 30 (frenet_interface.py:257)
INFO     [2025-01-12 11:43:32] --- current velocity: 2.5595573184025855 (frenet_interface.py:258)
INFO     [2025-01-12 11:43:32] --- current target velocity: 2.291166662313669 (frenet_interface.py:259)
INFO     [2025-01-12 11:43:33] --- Sampled interval of velocity: 0.00 m/s - 8.31 m/s (planner.py:310)
INFO     [2025-01-12 11:43:33] --- current time step: 31 (frenet_interface.py:280)
INFO     [2025-01-12 11:43:33] --- current velocity: 2.549265592221427 (frenet_interface.py:281)
INFO     [2025-01-12 11:43:33] --- current target velocity: 2.288856080941329 (frenet_interface.py:282)
INFO     [2025-01-12 11:43:33] --- Sampled interval of velocity: 0.00 m/s - 8.30 m/s (planner.py:310)
INFO     [2025-01-12 11:43:33] --- current time step: 32 (frenet_interface.py:280)
INFO     [2025-01-12 11:43:33] --- current velocity: 2.5369992363904292 (frenet_interface.py:281)
INFO     [2025-01-12 11:43:33] --- current target velocity: 2.286584920157152 (frenet_interface.py:282)
INFO     [2025-01-12 11:43:34] --- Sampled interval of velocity: 0.00 m/s - 8.29 m/s (planner.py:310)
INFO     [2025-01-12 11:43:34] --- select trajectory 711 (reactive_planner_cpp.py:382)
INFO     [2025-01-12 11:43:34] --- current time step: 33 (frenet_interface.py:257)
INFO     [2025-01-12 11:43:34] --- current velocity: 2.5293192750127393 (frenet_interface.py:258)
INFO     [2025-01-12 11:43:34] --- current target velocity: 2.2843719546641386 (frenet_interface.py:259)
INFO     [2025-01-12 11:43:36] --- Sampled interval of velocity: 0.00 m/s - 8.28 m/s (planner.py:310)
INFO     [2025-01-12 11:43:36] --- current time step: 34 (frenet_interface.py:280)
INFO     [2025-01-12 11:43:36] --- current velocity: 2.519584897575148 (frenet_interface.py:281)
INFO     [2025-01-12 11:43:36] --- current target velocity: 2.2822070460283466 (frenet_interface.py:282)
INFO     [2025-01-12 11:43:36] --- Sampled interval of velocity: 0.00 m/s - 8.27 m/s (planner.py:310)
INFO     [2025-01-12 11:43:36] --- current time step: 35 (frenet_interface.py:280)
INFO     [2025-01-12 11:43:36] --- current velocity: 2.507958396210455 (frenet_interface.py:281)
INFO     [2025-01-12 11:43:36] --- current target velocity: 2.280080652371693 (frenet_interface.py:282)
INFO     [2025-01-12 11:43:36] --- Sampled interval of velocity: 0.00 m/s - 8.26 m/s (planner.py:310)
INFO     [2025-01-12 11:43:36] --- select trajectory 711 (reactive_planner_cpp.py:382)
INFO     [2025-01-12 11:43:36] --- current time step: 36 (frenet_interface.py:257)
INFO     [2025-01-12 11:43:36] --- current velocity: 2.5006665428192405 (frenet_interface.py:258)
INFO     [2025-01-12 11:43:36] --- current target velocity: 2.2780112580379566 (frenet_interface.py:259)
INFO     [2025-01-12 11:43:38] --- Sampled interval of velocity: 0.00 m/s - 8.25 m/s (planner.py:310)
INFO     [2025-01-12 11:43:38] --- current time step: 37 (frenet_interface.py:280)
INFO     [2025-01-12 11:43:38] --- current velocity: 2.491412899307424 (frenet_interface.py:281)
INFO     [2025-01-12 11:43:38] --- current target velocity: 2.275989194399768 (frenet_interface.py:282)
INFO     [2025-01-12 11:43:38] --- Sampled interval of velocity: 0.00 m/s - 8.24 m/s (planner.py:310)
INFO     [2025-01-12 11:43:38] --- current time step: 38 (frenet_interface.py:280)
INFO     [2025-01-12 11:43:38] --- current velocity: 2.480352485285702 (frenet_interface.py:281)
INFO     [2025-01-12 11:43:38] --- current target velocity: 2.27400534112247 (frenet_interface.py:282)
INFO     [2025-01-12 11:43:39] --- Sampled interval of velocity: 0.00 m/s - 8.23 m/s (planner.py:310)
INFO     [2025-01-12 11:43:39] --- select trajectory 711 (reactive_planner_cpp.py:382)
INFO     [2025-01-12 11:43:39] --- current time step: 39 (frenet_interface.py:257)
INFO     [2025-01-12 11:43:39] --- current velocity: 2.4734114137534897 (frenet_interface.py:258)
INFO     [2025-01-12 11:43:39] --- current target velocity: 2.2720778709408167 (frenet_interface.py:259)
INFO     [2025-01-12 11:43:39] --- Sampled interval of velocity: 0.00 m/s - 8.22 m/s (planner.py:310)
INFO     [2025-01-12 11:43:39] --- current time step: 40 (frenet_interface.py:280)
INFO     [2025-01-12 11:43:39] --- current velocity: 2.464599018610626 (frenet_interface.py:281)
INFO     [2025-01-12 11:43:39] --- current target velocity: 2.270197444427325 (frenet_interface.py:282)
INFO     [2025-01-12 11:43:40] --- Sampled interval of velocity: 0.00 m/s - 8.21 m/s (planner.py:310)
INFO     [2025-01-12 11:43:40] --- current time step: 41 (frenet_interface.py:280)
INFO     [2025-01-12 11:43:40] --- current velocity: 2.454063136437363 (frenet_interface.py:281)
INFO     [2025-01-12 11:43:40] --- current target velocity: 2.268355242348221 (frenet_interface.py:282)
INFO     [2025-01-12 11:43:40] --- Sampled interval of velocity: 0.00 m/s - 8.20 m/s (planner.py:310)
INFO     [2025-01-12 11:43:40] --- select trajectory 716 (reactive_planner_cpp.py:382)
INFO     [2025-01-12 11:43:40] --- current time step: 42 (frenet_interface.py:257)
INFO     [2025-01-12 11:43:40] --- current velocity: 2.447449907043163 (frenet_interface.py:258)
INFO     [2025-01-12 11:43:40] --- current target velocity: 2.2665691355610518 (frenet_interface.py:259)
INFO     [2025-01-12 11:43:42] --- Sampled interval of velocity: 0.00 m/s - 8.20 m/s (planner.py:310)
INFO     [2025-01-12 11:43:42] --- current time step: 43 (frenet_interface.py:280)
INFO     [2025-01-12 11:43:42] --- current velocity: 2.4390523132525948 (frenet_interface.py:281)
INFO     [2025-01-12 11:43:42] --- current target velocity: 2.264830061454521 (frenet_interface.py:282)
INFO     [2025-01-12 11:43:42] --- Sampled interval of velocity: 0.00 m/s - 8.19 m/s (planner.py:310)
INFO     [2025-01-12 11:43:42] --- current time step: 44 (frenet_interface.py:280)
INFO     [2025-01-12 11:43:42] --- current velocity: 2.429011305071875 (frenet_interface.py:281)
INFO     [2025-01-12 11:43:42] --- current target velocity: 2.2631294570385903 (frenet_interface.py:282)
INFO     [2025-01-12 11:43:43] --- Sampled interval of velocity: 0.00 m/s - 8.18 m/s (planner.py:310)
INFO     [2025-01-12 11:43:43] --- select trajectory 711 (reactive_planner_cpp.py:382)
INFO     [2025-01-12 11:43:43] --- current time step: 45 (frenet_interface.py:257)
INFO     [2025-01-12 11:43:43] --- current velocity: 2.4227082559504685 (frenet_interface.py:258)
INFO     [2025-01-12 11:43:43] --- current target velocity: 2.261484912356996 (frenet_interface.py:259)
INFO     [2025-01-12 11:43:44] --- Sampled interval of velocity: 0.00 m/s - 8.17 m/s (planner.py:310)
INFO     [2025-01-12 11:43:44] --- current time step: 46 (frenet_interface.py:280)
INFO     [2025-01-12 11:43:44] --- current velocity: 2.4147039984153706 (frenet_interface.py:281)
INFO     [2025-01-12 11:43:44] --- current target velocity: 2.2598876208390437 (frenet_interface.py:282)
INFO     [2025-01-12 11:43:45] --- Sampled interval of velocity: 0.00 m/s - 8.16 m/s (planner.py:310)
INFO     [2025-01-12 11:43:45] --- current time step: 47 (frenet_interface.py:280)
INFO     [2025-01-12 11:43:45] --- current velocity: 2.405132970904944 (frenet_interface.py:281)
INFO     [2025-01-12 11:43:45] --- current target velocity: 2.258329258116765 (frenet_interface.py:282)
INFO     [2025-01-12 11:43:45] --- Sampled interval of velocity: 0.00 m/s - 8.16 m/s (planner.py:310)
INFO     [2025-01-12 11:43:45] --- select trajectory 711 (reactive_planner_cpp.py:382)
INFO     [2025-01-12 11:43:45] --- current time step: 48 (frenet_interface.py:257)
INFO     [2025-01-12 11:43:45] --- current velocity: 2.399124832262775 (frenet_interface.py:258)
INFO     [2025-01-12 11:43:45] --- current target velocity: 2.256827159191883 (frenet_interface.py:259)
INFO     [2025-01-12 11:43:47] --- Sampled interval of velocity: 0.00 m/s - 8.15 m/s (planner.py:310)
INFO     [2025-01-12 11:43:47] --- current time step: 49 (frenet_interface.py:280)
INFO     [2025-01-12 11:43:47] --- current velocity: 2.391494864771701 (frenet_interface.py:281)
INFO     [2025-01-12 11:43:47] --- current target velocity: 2.255372764763939 (frenet_interface.py:282)
INFO     [2025-01-12 11:43:47] --- Sampled interval of velocity: 0.00 m/s - 8.14 m/s (planner.py:310)
INFO     [2025-01-12 11:43:47] --- current time step: 50 (frenet_interface.py:280)
INFO     [2025-01-12 11:43:47] --- current velocity: 2.382371166137196 (frenet_interface.py:281)
INFO     [2025-01-12 11:43:47] --- current target velocity: 2.2539579819793842 (frenet_interface.py:282)
INFO     [2025-01-12 11:43:47] --- Sampled interval of velocity: 0.00 m/s - 8.13 m/s (planner.py:310)
INFO     [2025-01-12 11:43:47] --- select trajectory 781 (reactive_planner_cpp.py:382)
INFO     [2025-01-12 11:43:48] --- current time step: 51 (frenet_interface.py:257)
INFO     [2025-01-12 11:43:48] --- current velocity: 2.377779895599789 (frenet_interface.py:258)
INFO     [2025-01-12 11:43:48] --- current target velocity: 2.252599919218338 (frenet_interface.py:259)
INFO     [2025-01-12 11:43:50] --- Sampled interval of velocity: 0.00 m/s - 8.13 m/s (planner.py:310)
INFO     [2025-01-12 11:43:50] --- current time step: 52 (frenet_interface.py:280)
INFO     [2025-01-12 11:43:50] --- current velocity: 2.373811164312133 (frenet_interface.py:281)
INFO     [2025-01-12 11:43:50] --- current target velocity: 2.25128633530217 (frenet_interface.py:282)
INFO     [2025-01-12 11:43:50] --- Sampled interval of velocity: 0.00 m/s - 8.12 m/s (planner.py:310)
INFO     [2025-01-12 11:43:50] --- current time step: 53 (frenet_interface.py:280)
INFO     [2025-01-12 11:43:50] --- current velocity: 2.370432127095608 (frenet_interface.py:281)
INFO     [2025-01-12 11:43:50] --- current target velocity: 2.2499899487508275 (frenet_interface.py:282)
INFO     [2025-01-12 11:43:51] --- Sampled interval of velocity: 0.00 m/s - 8.12 m/s (planner.py:310)
INFO     [2025-01-12 11:43:51] --- select trajectory 781 (reactive_planner_cpp.py:382)
INFO     [2025-01-12 11:43:51] --- current time step: 54 (frenet_interface.py:257)
INFO     [2025-01-12 11:43:51] --- current velocity: 2.368986469539307 (frenet_interface.py:258)
INFO     [2025-01-12 11:43:51] --- current target velocity: 2.2487049227545444 (frenet_interface.py:259)
INFO     [2025-01-12 11:43:52] --- Sampled interval of velocity: 0.00 m/s - 8.12 m/s (planner.py:310)
INFO     [2025-01-12 11:43:52] --- current time step: 55 (frenet_interface.py:280)
INFO     [2025-01-12 11:43:52] --- current velocity: 2.3677370378738227 (frenet_interface.py:281)
INFO     [2025-01-12 11:43:52] --- current target velocity: 2.2474178982907413 (frenet_interface.py:282)
INFO     [2025-01-12 11:43:53] --- Sampled interval of velocity: 0.00 m/s - 8.12 m/s (planner.py:310)
INFO     [2025-01-12 11:43:53] --- current time step: 56 (frenet_interface.py:280)
INFO     [2025-01-12 11:43:53] --- current velocity: 2.3666734619034333 (frenet_interface.py:281)
INFO     [2025-01-12 11:43:53] --- current target velocity: 2.2461176862705075 (frenet_interface.py:282)
INFO     [2025-01-12 11:43:54] --- Sampled interval of velocity: 0.00 m/s - 8.12 m/s (planner.py:310)
INFO     [2025-01-12 11:43:54] --- select trajectory 781 (reactive_planner_cpp.py:382)
INFO     [2025-01-12 11:43:54] --- current time step: 57 (frenet_interface.py:257)
INFO     [2025-01-12 11:43:54] --- current velocity: 2.3662188543803846 (frenet_interface.py:258)
INFO     [2025-01-12 11:43:54] --- current target velocity: 2.2448017814687167 (frenet_interface.py:259)
INFO     [2025-01-12 11:43:55] --- Sampled interval of velocity: 0.00 m/s - 8.12 m/s (planner.py:310)
INFO     [2025-01-12 11:43:55] --- current time step: 58 (frenet_interface.py:280)
INFO     [2025-01-12 11:43:55] --- current velocity: 2.3658259526112575 (frenet_interface.py:281)
INFO     [2025-01-12 11:43:55] --- current target velocity: 2.243465201745506 (frenet_interface.py:282)
INFO     [2025-01-12 11:43:56] --- Sampled interval of velocity: 0.00 m/s - 8.12 m/s (planner.py:310)
INFO     [2025-01-12 11:43:56] --- current time step: 59 (frenet_interface.py:280)
INFO     [2025-01-12 11:43:56] --- current velocity: 2.3654915278653093 (frenet_interface.py:281)
INFO     [2025-01-12 11:43:56] --- current target velocity: 2.242103636872296 (frenet_interface.py:282)
INFO     [2025-01-12 11:43:57] --- Sampled interval of velocity: 0.00 m/s - 8.12 m/s (planner.py:310)
INFO     [2025-01-12 11:43:57] --- select trajectory 781 (reactive_planner_cpp.py:382)
INFO     [2025-01-12 11:43:57] --- current time step: 60 (frenet_interface.py:257)
INFO     [2025-01-12 11:43:57] --- current velocity: 2.365348952560124 (frenet_interface.py:258)
INFO     [2025-01-12 11:43:57] --- current target velocity: 2.2407155689318623 (frenet_interface.py:259)
INFO     [2025-01-12 11:44:00] --- Sampled interval of velocity: 0.00 m/s - 8.12 m/s (planner.py:310)
INFO     [2025-01-12 11:44:00] --- current time step: 61 (frenet_interface.py:280)
INFO     [2025-01-12 11:44:00] --- current velocity: 2.365225741120624 (frenet_interface.py:281)
INFO     [2025-01-12 11:44:00] --- current target velocity: 2.2392986400541752 (frenet_interface.py:282)
INFO     [2025-01-12 11:44:00] --- Sampled interval of velocity: 0.00 m/s - 8.12 m/s (planner.py:310)
INFO     [2025-01-12 11:44:00] --- current time step: 62 (frenet_interface.py:280)
INFO     [2025-01-12 11:44:00] --- current velocity: 2.365120849501964 (frenet_interface.py:281)
INFO     [2025-01-12 11:44:00] --- current target velocity: 2.23785067506692 (frenet_interface.py:282)
INFO     [2025-01-12 11:44:00] --- Sampled interval of velocity: 0.00 m/s - 8.12 m/s (planner.py:310)
INFO     [2025-01-12 11:44:00] --- select trajectory 711 (reactive_planner_cpp.py:382)
INFO     [2025-01-12 11:44:00] --- current time step: 63 (frenet_interface.py:257)
INFO     [2025-01-12 11:44:00] --- current velocity: 2.363982503895989 (frenet_interface.py:258)
INFO     [2025-01-12 11:44:00] --- current target velocity: 2.2363703710378733 (frenet_interface.py:259)
INFO     [2025-01-12 11:44:03] --- Sampled interval of velocity: 0.00 m/s - 8.11 m/s (planner.py:310)
INFO     [2025-01-12 11:44:03] --- current time step: 64 (frenet_interface.py:280)
INFO     [2025-01-12 11:44:03] --- current velocity: 2.3607618125775933 (frenet_interface.py:281)
INFO     [2025-01-12 11:44:03] --- current target velocity: 2.234860425792717 (frenet_interface.py:282)
INFO     [2025-01-12 11:44:03] --- Sampled interval of velocity: 0.00 m/s - 8.11 m/s (planner.py:310)
INFO     [2025-01-12 11:44:03] --- current time step: 65 (frenet_interface.py:280)
INFO     [2025-01-12 11:44:03] --- current velocity: 2.3556079374540793 (frenet_interface.py:281)
INFO     [2025-01-12 11:44:03] --- current target velocity: 2.2333406281388166 (frenet_interface.py:282)
INFO     [2025-01-12 11:44:04] --- Sampled interval of velocity: 0.00 m/s - 8.11 m/s (planner.py:310)
INFO     [2025-01-12 11:44:04] --- select trajectory 781 (reactive_planner_cpp.py:382)
INFO     [2025-01-12 11:44:04] --- current time step: 66 (frenet_interface.py:257)
INFO     [2025-01-12 11:44:04] --- current velocity: 2.3527714647649582 (frenet_interface.py:258)
INFO     [2025-01-12 11:44:04] --- current target velocity: 2.231834808523791 (frenet_interface.py:259)
INFO     [2025-01-12 11:44:05] --- Sampled interval of velocity: 0.00 m/s - 8.10 m/s (planner.py:310)
INFO     [2025-01-12 11:44:05] --- current time step: 67 (frenet_interface.py:280)
INFO     [2025-01-12 11:44:05] --- current velocity: 2.35031939881526 (frenet_interface.py:281)
INFO     [2025-01-12 11:44:05] --- current target velocity: 2.23034327307472 (frenet_interface.py:282)
INFO     [2025-01-12 11:44:05] --- Sampled interval of velocity: 0.00 m/s - 8.10 m/s (planner.py:310)
INFO     [2025-01-12 11:44:06] --- current time step: 68 (frenet_interface.py:280)
INFO     [2025-01-12 11:44:06] --- current velocity: 2.3482309296432735 (frenet_interface.py:281)
INFO     [2025-01-12 11:44:06] --- current target velocity: 2.2288475330506548 (frenet_interface.py:282)
INFO     [2025-01-12 11:44:06] --- Sampled interval of velocity: 0.00 m/s - 8.10 m/s (planner.py:310)
INFO     [2025-01-12 11:44:06] --- select trajectory 781 (reactive_planner_cpp.py:382)
INFO     [2025-01-12 11:44:06] --- current time step: 69 (frenet_interface.py:257)
INFO     [2025-01-12 11:44:06] --- current velocity: 2.3473365799050403 (frenet_interface.py:258)
INFO     [2025-01-12 11:44:06] --- current target velocity: 2.227342751176721 (frenet_interface.py:259)
INFO     [2025-01-12 11:44:08] --- Sampled interval of velocity: 0.00 m/s - 8.10 m/s (planner.py:310)
INFO     [2025-01-12 11:44:08] --- current time step: 70 (frenet_interface.py:280)
INFO     [2025-01-12 11:44:08] --- current velocity: 2.346563341862619 (frenet_interface.py:281)
INFO     [2025-01-12 11:44:08] --- current target velocity: 2.225818499276881 (frenet_interface.py:282)
INFO     [2025-01-12 11:44:09] --- Sampled interval of velocity: 0.00 m/s - 8.10 m/s (planner.py:310)
INFO     [2025-01-12 11:44:09] --- current time step: 71 (frenet_interface.py:280)
INFO     [2025-01-12 11:44:09] --- current velocity: 2.3459048435674354 (frenet_interface.py:281)
INFO     [2025-01-12 11:44:09] --- current target velocity: 2.2242658356309164 (frenet_interface.py:282)
INFO     [2025-01-12 11:44:09] --- Sampled interval of velocity: 0.00 m/s - 8.10 m/s (planner.py:310)
INFO     [2025-01-12 11:44:09] --- select trajectory 711 (reactive_planner_cpp.py:382)
INFO     [2025-01-12 11:44:09] --- current time step: 72 (frenet_interface.py:257)
INFO     [2025-01-12 11:44:09] --- current velocity: 2.344575611221482 (frenet_interface.py:258)
INFO     [2025-01-12 11:44:09] --- current target velocity: 2.222682121781139 (frenet_interface.py:259)
INFO     [2025-01-12 11:44:11] --- Sampled interval of velocity: 0.00 m/s - 8.09 m/s (planner.py:310)
INFO     [2025-01-12 11:44:11] --- current time step: 73 (frenet_interface.py:280)
INFO     [2025-01-12 11:44:11] --- current velocity: 2.34128609740267 (frenet_interface.py:281)
INFO     [2025-01-12 11:44:11] --- current target velocity: 2.2210674471019063 (frenet_interface.py:282)
INFO     [2025-01-12 11:44:12] --- Sampled interval of velocity: 0.00 m/s - 8.09 m/s (planner.py:310)
INFO     [2025-01-12 11:44:12] --- current time step: 74 (frenet_interface.py:280)
INFO     [2025-01-12 11:44:12] --- current velocity: 2.3361771444793122 (frenet_interface.py:281)
INFO     [2025-01-12 11:44:12] --- current target velocity: 2.2194406483510343 (frenet_interface.py:282)
INFO     [2025-01-12 11:44:12] --- Sampled interval of velocity: 0.00 m/s - 8.09 m/s (planner.py:310)
INFO     [2025-01-12 11:44:12] --- select trajectory 781 (reactive_planner_cpp.py:382)
INFO     [2025-01-12 11:44:12] --- current time step: 75 (frenet_interface.py:257)
INFO     [2025-01-12 11:44:12] --- current velocity: 2.333386500482267 (frenet_interface.py:258)
INFO     [2025-01-12 11:44:12] --- current target velocity: 2.217826772522396 (frenet_interface.py:259)
INFO     [2025-01-12 11:44:14] --- Sampled interval of velocity: 0.00 m/s - 8.08 m/s (planner.py:310)
INFO     [2025-01-12 11:44:14] --- current time step: 76 (frenet_interface.py:280)
INFO     [2025-01-12 11:44:14] --- current velocity: 2.3309740814953095 (frenet_interface.py:281)
INFO     [2025-01-12 11:44:14] --- current target velocity: 2.216225213603286 (frenet_interface.py:282)
INFO     [2025-01-12 11:44:15] --- Sampled interval of velocity: 0.00 m/s - 8.08 m/s (planner.py:310)
INFO     [2025-01-12 11:44:15] --- current time step: 77 (frenet_interface.py:280)
INFO     [2025-01-12 11:44:15] --- current velocity: 2.3289200011913405 (frenet_interface.py:281)
INFO     [2025-01-12 11:44:15] --- current target velocity: 2.2146152631844984 (frenet_interface.py:282)
INFO     [2025-01-12 11:44:15] --- Sampled interval of velocity: 0.00 m/s - 8.08 m/s (planner.py:310)
INFO     [2025-01-12 11:44:15] --- select trajectory 781 (reactive_planner_cpp.py:382)
INFO     [2025-01-12 11:44:15] --- current time step: 78 (frenet_interface.py:257)
INFO     [2025-01-12 11:44:15] --- current velocity: 2.328040496480462 (frenet_interface.py:258)
INFO     [2025-01-12 11:44:15] --- current target velocity: 2.212991380842778 (frenet_interface.py:259)
INFO     [2025-01-12 11:44:17] --- Sampled interval of velocity: 0.00 m/s - 8.08 m/s (planner.py:310)
INFO     [2025-01-12 11:44:17] --- current time step: 79 (frenet_interface.py:280)
INFO     [2025-01-12 11:44:17] --- current velocity: 2.3272801530513694 (frenet_interface.py:281)
INFO     [2025-01-12 11:44:17] --- current target velocity: 2.2113417757230787 (frenet_interface.py:282)
INFO     [2025-01-12 11:44:17] --- Sampled interval of velocity: 0.00 m/s - 8.08 m/s (planner.py:310)
INFO     [2025-01-12 11:44:17] --- current time step: 80 (frenet_interface.py:280)
INFO     [2025-01-12 11:44:17] --- current velocity: 2.326632707339217 (frenet_interface.py:281)
INFO     [2025-01-12 11:44:17] --- current target velocity: 2.209656220642026 (frenet_interface.py:282)
INFO     [2025-01-12 11:44:17] --- Sampled interval of velocity: 0.00 m/s - 8.08 m/s (planner.py:310)
INFO     [2025-01-12 11:44:17] --- select trajectory 721 (reactive_planner_cpp.py:382)
INFO     [2025-01-12 11:44:17] --- current time step: 81 (frenet_interface.py:257)
INFO     [2025-01-12 11:44:17] --- current velocity: 2.3286457098999525 (frenet_interface.py:258)
INFO     [2025-01-12 11:44:17] --- current target velocity: 2.207931423960169 (frenet_interface.py:259)
INFO     [2025-01-12 11:44:19] --- Sampled interval of velocity: 0.00 m/s - 8.08 m/s (planner.py:310)
INFO     [2025-01-12 11:44:19] --- current time step: 82 (frenet_interface.py:280)
INFO     [2025-01-12 11:44:19] --- current velocity: 2.3350688436818445 (frenet_interface.py:281)
INFO     [2025-01-12 11:44:19] --- current target velocity: 2.2061504849375013 (frenet_interface.py:282)
INFO     [2025-01-12 11:44:20] --- Sampled interval of velocity: 0.00 m/s - 8.09 m/s (planner.py:310)
INFO     [2025-01-12 11:44:20] --- current time step: 83 (frenet_interface.py:280)
INFO     [2025-01-12 11:44:20] --- current velocity: 2.345587808525624 (frenet_interface.py:281)
INFO     [2025-01-12 11:44:20] --- current target velocity: 2.2042512625357262 (frenet_interface.py:282)
INFO     [2025-01-12 11:44:20] --- Sampled interval of velocity: 0.00 m/s - 8.10 m/s (planner.py:310)
INFO     [2025-01-12 11:44:20] --- select trajectory 711 (reactive_planner_cpp.py:382)
INFO     [2025-01-12 11:44:20] --- current time step: 84 (frenet_interface.py:257)
INFO     [2025-01-12 11:44:20] --- current velocity: 2.350364114738331 (frenet_interface.py:258)
INFO     [2025-01-12 11:44:20] --- current target velocity: 2.202162867692581 (frenet_interface.py:259)
INFO     [2025-01-12 11:44:22] --- Sampled interval of velocity: 0.00 m/s - 8.10 m/s (planner.py:310)
INFO     [2025-01-12 11:44:22] --- current time step: 85 (frenet_interface.py:280)
INFO     [2025-01-12 11:44:22] --- current velocity: 2.35235419449911 (frenet_interface.py:281)
INFO     [2025-01-12 11:44:22] --- current target velocity: 2.1998808323138963 (frenet_interface.py:282)
INFO     [2025-01-12 11:44:22] --- Sampled interval of velocity: 0.00 m/s - 8.10 m/s (planner.py:310)
INFO     [2025-01-12 11:44:22] --- current time step: 86 (frenet_interface.py:280)
INFO     [2025-01-12 11:44:22] --- current velocity: 2.3517422493043836 (frenet_interface.py:281)
INFO     [2025-01-12 11:44:22] --- current target velocity: 2.1974728861307034 (frenet_interface.py:282)
INFO     [2025-01-12 11:44:23] --- Sampled interval of velocity: 0.00 m/s - 8.10 m/s (planner.py:310)
INFO     [2025-01-12 11:44:23] --- select trajectory 421 (reactive_planner_cpp.py:382)
INFO     [2025-01-12 11:44:23] --- current time step: 87 (frenet_interface.py:257)
INFO     [2025-01-12 11:44:23] --- current velocity: 2.360958927507485 (frenet_interface.py:258)
INFO     [2025-01-12 11:44:23] --- current target velocity: 2.194976390784166 (frenet_interface.py:259)
INFO     [2025-01-12 11:44:24] --- Sampled interval of velocity: 0.00 m/s - 8.11 m/s (planner.py:310)
INFO     [2025-01-12 11:44:24] --- current time step: 88 (frenet_interface.py:280)
INFO     [2025-01-12 11:44:24] --- current velocity: 2.3884390035959058 (frenet_interface.py:281)
INFO     [2025-01-12 11:44:24] --- current target velocity: 2.192357956569312 (frenet_interface.py:282)
INFO     [2025-01-12 11:44:25] --- Sampled interval of velocity: 0.00 m/s - 8.14 m/s (planner.py:310)
INFO     [2025-01-12 11:44:25] --- current time step: 89 (frenet_interface.py:280)
INFO     [2025-01-12 11:44:25] --- current velocity: 2.4311496019743575 (frenet_interface.py:281)
INFO     [2025-01-12 11:44:25] --- current target velocity: 2.1893422168888086 (frenet_interface.py:282)
INFO     [2025-01-12 11:44:25] --- Sampled interval of velocity: 0.00 m/s - 8.18 m/s (planner.py:310)
INFO     [2025-01-12 11:44:25] --- select trajectory 231 (reactive_planner_cpp.py:382)
INFO     [2025-01-12 11:44:25] --- current time step: 90 (frenet_interface.py:257)
INFO     [2025-01-12 11:44:25] --- current velocity: 2.4654372945766454 (frenet_interface.py:258)
INFO     [2025-01-12 11:44:25] --- current target velocity: 2.185625123843864 (frenet_interface.py:259)
INFO     [2025-01-12 11:44:27] --- Sampled interval of velocity: 0.00 m/s - 8.22 m/s (planner.py:310)
INFO     [2025-01-12 11:44:27] --- current time step: 91 (frenet_interface.py:280)
INFO     [2025-01-12 11:44:27] --- current velocity: 2.517572375270371 (frenet_interface.py:281)
INFO     [2025-01-12 11:44:27] --- current target velocity: 2.181123534188086 (frenet_interface.py:282)
INFO     [2025-01-12 11:44:27] --- Sampled interval of velocity: 0.00 m/s - 8.27 m/s (planner.py:310)
INFO     [2025-01-12 11:44:27] --- current time step: 92 (frenet_interface.py:280)
INFO     [2025-01-12 11:44:27] --- current velocity: 2.5854348166123278 (frenet_interface.py:281)
INFO     [2025-01-12 11:44:27] --- current target velocity: 2.1757027963962834 (frenet_interface.py:282)
INFO     [2025-01-12 11:44:27] --- Sampled interval of velocity: 0.00 m/s - 8.34 m/s (planner.py:310)
INFO     [2025-01-12 11:44:27] --- select trajectory 736 (reactive_planner_cpp.py:382)
INFO     [2025-01-12 11:44:27] --- current time step: 93 (frenet_interface.py:257)
INFO     [2025-01-12 11:44:27] --- current velocity: 2.6256442092966643 (frenet_interface.py:258)
INFO     [2025-01-12 11:44:27] --- current target velocity: 2.1690138965494454 (frenet_interface.py:259)
INFO     [2025-01-12 11:44:28] --- Sampled interval of velocity: 0.00 m/s - 8.38 m/s (planner.py:310)
INFO     [2025-01-12 11:44:28] --- current time step: 94 (frenet_interface.py:280)
INFO     [2025-01-12 11:44:28] --- current velocity: 2.670950812804035 (frenet_interface.py:281)
INFO     [2025-01-12 11:44:28] --- current target velocity: 2.161085133590456 (frenet_interface.py:282)
INFO     [2025-01-12 11:44:29] --- Sampled interval of velocity: 0.00 m/s - 8.42 m/s (planner.py:310)
INFO     [2025-01-12 11:44:29] --- current time step: 95 (frenet_interface.py:280)
INFO     [2025-01-12 11:44:29] --- current velocity: 2.7209012323248416 (frenet_interface.py:281)
INFO     [2025-01-12 11:44:29] --- current target velocity: 2.1520701962895648 (frenet_interface.py:282)
INFO     [2025-01-12 11:44:30] --- Sampled interval of velocity: 0.00 m/s - 8.47 m/s (planner.py:310)
INFO     [2025-01-12 11:44:30] --- select trajectory 721 (reactive_planner_cpp.py:382)
INFO     [2025-01-12 11:44:30] --- current time step: 96 (frenet_interface.py:257)
INFO     [2025-01-12 11:44:30] --- current velocity: 2.7467406303000934 (frenet_interface.py:258)
INFO     [2025-01-12 11:44:30] --- current target velocity: 2.1418157070694686 (frenet_interface.py:259)
INFO     [2025-01-12 11:44:31] --- Sampled interval of velocity: 0.00 m/s - 8.50 m/s (planner.py:310)
INFO     [2025-01-12 11:44:31] --- current time step: 97 (frenet_interface.py:280)
INFO     [2025-01-12 11:44:31] --- current velocity: 2.7721183003541037 (frenet_interface.py:281)
INFO     [2025-01-12 11:44:31] --- current target velocity: 2.1304302696755046 (frenet_interface.py:282)
INFO     [2025-01-12 11:44:31] --- Sampled interval of velocity: 0.00 m/s - 8.52 m/s (planner.py:310)
INFO     [2025-01-12 11:44:31] --- current time step: 98 (frenet_interface.py:280)
INFO     [2025-01-12 11:44:31] --- current velocity: 2.797005176062318 (frenet_interface.py:281)
INFO     [2025-01-12 11:44:31] --- current target velocity: 2.118096168115982 (frenet_interface.py:282)
INFO     [2025-01-12 11:44:31] --- Sampled interval of velocity: 0.00 m/s - 8.55 m/s (planner.py:310)
INFO     [2025-01-12 11:44:32] --- select trajectory 181 (reactive_planner_cpp.py:382)
INFO     [2025-01-12 11:44:32] --- current time step: 99 (frenet_interface.py:257)
INFO     [2025-01-12 11:44:32] --- current velocity: 2.807183603880097 (frenet_interface.py:258)
INFO     [2025-01-12 11:44:32] --- current target velocity: 2.1047660080417927 (frenet_interface.py:259)
INFO     [2025-01-12 11:44:33] --- Sampled interval of velocity: 0.00 m/s - 8.56 m/s (planner.py:310)
INFO     [2025-01-12 11:44:33] --- current time step: 100 (frenet_interface.py:280)
INFO     [2025-01-12 11:44:33] --- current velocity: 2.8134942487396137 (frenet_interface.py:281)
INFO     [2025-01-12 11:44:33] --- current target velocity: 2.0905277125674955 (frenet_interface.py:282)
INFO     [2025-01-12 11:44:33] --- Sampled interval of velocity: 0.00 m/s - 8.56 m/s (planner.py:310)
INFO     [2025-01-12 11:44:33] --- current time step: 101 (frenet_interface.py:280)
INFO     [2025-01-12 11:44:33] --- current velocity: 2.816547811258281 (frenet_interface.py:281)
INFO     [2025-01-12 11:44:33] --- current target velocity: 2.0755254540170283 (frenet_interface.py:282)
INFO     [2025-01-12 11:44:34] --- Sampled interval of velocity: 0.00 m/s - 8.57 m/s (planner.py:310)
INFO     [2025-01-12 11:44:34] --- select trajectory 211 (reactive_planner_cpp.py:382)
INFO     [2025-01-12 11:44:34] --- current time step: 102 (frenet_interface.py:257)
INFO     [2025-01-12 11:44:34] --- current velocity: 2.812395072357474 (frenet_interface.py:258)
INFO     [2025-01-12 11:44:34] --- current target velocity: 2.059786265614085 (frenet_interface.py:259)
INFO     [2025-01-12 11:44:34] --- Sampled interval of velocity: 0.00 m/s - 8.56 m/s (planner.py:310)
INFO     [2025-01-12 11:44:34] --- current time step: 103 (frenet_interface.py:280)
INFO     [2025-01-12 11:44:34] --- current velocity: 2.7989905191008004 (frenet_interface.py:281)
INFO     [2025-01-12 11:44:34] --- current target velocity: 2.0433623728947885 (frenet_interface.py:282)
INFO     [2025-01-12 11:44:35] --- Sampled interval of velocity: 0.00 m/s - 8.55 m/s (planner.py:310)
INFO     [2025-01-12 11:44:35] --- current time step: 104 (frenet_interface.py:280)
INFO     [2025-01-12 11:44:35] --- current velocity: 2.7773576001074716 (frenet_interface.py:281)
INFO     [2025-01-12 11:44:35] --- current target velocity: 2.7989905191008004 (frenet_interface.py:282)
INFO     [2025-01-12 11:44:35] --- Sampled interval of velocity: 0.00 m/s - 8.53 m/s (planner.py:310)
INFO     [2025-01-12 11:44:35] --- select trajectory 181 (reactive_planner_cpp.py:382)
INFO     [2025-01-12 11:44:35] --- current time step: 105 (frenet_interface.py:257)
INFO     [2025-01-12 11:44:35] --- current velocity: 2.7668592937883396 (frenet_interface.py:258)
INFO     [2025-01-12 11:44:35] --- current target velocity: 2.7773576001074716 (frenet_interface.py:259)
INFO     [2025-01-12 11:44:36] --- Sampled interval of velocity: 0.00 m/s - 8.52 m/s (planner.py:310)
INFO     [2025-01-12 11:44:36] --- current time step: 106 (frenet_interface.py:280)
INFO     [2025-01-12 11:44:36] --- current velocity: 2.7603503521842914 (frenet_interface.py:281)
INFO     [2025-01-12 11:44:36] --- current target velocity: 2.7668592937883396 (frenet_interface.py:282)
INFO     [2025-01-12 11:44:36] --- Sampled interval of velocity: 0.00 m/s - 8.51 m/s (planner.py:310)
INFO     [2025-01-12 11:44:36] --- current time step: 107 (frenet_interface.py:280)
INFO     [2025-01-12 11:44:36] --- current velocity: 2.757200874244483 (frenet_interface.py:281)
INFO     [2025-01-12 11:44:36] --- current target velocity: 2.7603503521842914 (frenet_interface.py:282)
INFO     [2025-01-12 11:44:37] --- Sampled interval of velocity: 0.00 m/s - 8.51 m/s (planner.py:310)
INFO     [2025-01-12 11:44:37] --- select trajectory 181 (reactive_planner_cpp.py:382)
INFO     [2025-01-12 11:44:37] --- current time step: 108 (frenet_interface.py:257)
INFO     [2025-01-12 11:44:37] --- current velocity: 2.756506788247335 (frenet_interface.py:258)
INFO     [2025-01-12 11:44:37] --- current target velocity: 2.757200874244483 (frenet_interface.py:259)
INFO     [2025-01-12 11:44:37] --- Sampled interval of velocity: 0.00 m/s - 8.51 m/s (planner.py:310)
INFO     [2025-01-12 11:44:37] --- current time step: 109 (frenet_interface.py:280)
INFO     [2025-01-12 11:44:37] --- current velocity: 2.7560764574212966 (frenet_interface.py:281)
INFO     [2025-01-12 11:44:37] --- current target velocity: 2.756506788247335 (frenet_interface.py:282)
INFO     [2025-01-12 11:44:38] --- Sampled interval of velocity: 0.00 m/s - 8.51 m/s (planner.py:310)
INFO     [2025-01-12 11:44:38] --- current time step: 110 (frenet_interface.py:280)
INFO     [2025-01-12 11:44:38] --- current velocity: 2.7558682356130775 (frenet_interface.py:281)
INFO     [2025-01-12 11:44:38] --- current target velocity: 2.7560764574212966 (frenet_interface.py:282)
INFO     [2025-01-12 11:44:38] --- Sampled interval of velocity: 0.00 m/s - 8.51 m/s (planner.py:310)
INFO     [2025-01-12 11:44:38] --- select trajectory 181 (reactive_planner_cpp.py:382)
INFO     [2025-01-12 11:44:38] --- current time step: 111 (frenet_interface.py:257)
INFO     [2025-01-12 11:44:38] --- current velocity: 2.7558223506433843 (frenet_interface.py:258)
INFO     [2025-01-12 11:44:38] --- current target velocity: 2.7558682356130775 (frenet_interface.py:259)
INFO     [2025-01-12 11:44:39] --- Sampled interval of velocity: 0.00 m/s - 8.51 m/s (planner.py:310)
INFO     [2025-01-12 11:44:39] --- current time step: 112 (frenet_interface.py:280)
INFO     [2025-01-12 11:44:39] --- current velocity: 2.75579390189251 (frenet_interface.py:281)
INFO     [2025-01-12 11:44:39] --- current target velocity: 2.7558223506433843 (frenet_interface.py:282)
INFO     [2025-01-12 11:44:39] --- Sampled interval of velocity: 0.00 m/s - 8.51 m/s (planner.py:310)
INFO     [2025-01-12 11:44:39] --- current time step: 113 (frenet_interface.py:280)
INFO     [2025-01-12 11:44:39] --- current velocity: 2.755780136329107 (frenet_interface.py:281)
INFO     [2025-01-12 11:44:39] --- current target velocity: 2.75579390189251 (frenet_interface.py:282)
INFO     [2025-01-12 11:44:40] --- Sampled interval of velocity: 0.00 m/s - 8.51 m/s (planner.py:310)
INFO     [2025-01-12 11:44:40] --- select trajectory 181 (reactive_planner_cpp.py:382)
INFO     [2025-01-12 11:44:40] --- current time step: 114 (frenet_interface.py:257)
INFO     [2025-01-12 11:44:40] --- current velocity: 2.755777102755115 (frenet_interface.py:258)
INFO     [2025-01-12 11:44:40] --- current target velocity: 2.755780136329107 (frenet_interface.py:259)
INFO     [2025-01-12 11:44:41] --- Sampled interval of velocity: 0.00 m/s - 8.51 m/s (planner.py:310)
INFO     [2025-01-12 11:44:41] --- current time step: 115 (frenet_interface.py:280)
INFO     [2025-01-12 11:44:41] --- current velocity: 2.7557752216226867 (frenet_interface.py:281)
INFO     [2025-01-12 11:44:41] --- current target velocity: 2.755777102755115 (frenet_interface.py:282)
INFO     [2025-01-12 11:44:41] --- Sampled interval of velocity: 0.00 m/s - 8.51 m/s (planner.py:310)
INFO     [2025-01-12 11:44:41] --- current time step: 116 (frenet_interface.py:280)
INFO     [2025-01-12 11:44:41] --- current velocity: 2.7557743109844215 (frenet_interface.py:281)
INFO     [2025-01-12 11:44:41] --- current target velocity: 2.7557752216226867 (frenet_interface.py:282)
INFO     [2025-01-12 11:44:41] --- Sampled interval of velocity: 0.00 m/s - 8.51 m/s (planner.py:310)
INFO     [2025-01-12 11:44:41] --- select trajectory 181 (reactive_planner_cpp.py:382)
INFO     [2025-01-12 11:44:41] --- current time step: 117 (frenet_interface.py:257)
INFO     [2025-01-12 11:44:41] --- current velocity: 2.755774109769558 (frenet_interface.py:258)
INFO     [2025-01-12 11:44:41] --- current target velocity: 2.7557743109844215 (frenet_interface.py:259)
INFO     [2025-01-12 11:44:42] --- Sampled interval of velocity: 0.00 m/s - 8.51 m/s (planner.py:310)
INFO     [2025-01-12 11:44:42] --- current time step: 118 (frenet_interface.py:280)
INFO     [2025-01-12 11:44:42] --- current velocity: 2.755773984771698 (frenet_interface.py:281)
INFO     [2025-01-12 11:44:42] --- current target velocity: 2.755774109769558 (frenet_interface.py:282)
INFO     [2025-01-12 11:44:42] --- Sampled interval of velocity: 0.00 m/s - 8.51 m/s (planner.py:310)
INFO     [2025-01-12 11:44:42] --- current time step: 119 (frenet_interface.py:280)
INFO     [2025-01-12 11:44:42] --- current velocity: 2.755773924062838 (frenet_interface.py:281)
INFO     [2025-01-12 11:44:42] --- current target velocity: 2.755773984771698 (frenet_interface.py:282)
INFO     [2025-01-12 11:44:43] --- Sampled interval of velocity: 0.00 m/s - 8.51 m/s (planner.py:310)
INFO     [2025-01-12 11:44:43] --- select trajectory 181 (reactive_planner_cpp.py:382)
INFO     [2025-01-12 11:44:43] --- current time step: 120 (frenet_interface.py:257)
INFO     [2025-01-12 11:44:43] --- current velocity: 2.7557739103189576 (frenet_interface.py:258)
INFO     [2025-01-12 11:44:43] --- current target velocity: 2.755773924062838 (frenet_interface.py:259)
INFO     [2025-01-12 11:44:44] --- Sampled interval of velocity: 0.00 m/s - 8.51 m/s (planner.py:310)
INFO     [2025-01-12 11:44:44] --- current time step: 121 (frenet_interface.py:280)
INFO     [2025-01-12 11:44:44] --- current velocity: 2.7557739016953047 (frenet_interface.py:281)
INFO     [2025-01-12 11:44:44] --- current target velocity: 2.7557739103189576 (frenet_interface.py:282)
