CRITICAL [2025-01-12 11:27:39] --- Start Planner Vehicle ID: 3662 (frenet_interface.py:67)
INFO     [2025-01-12 11:27:40] --- Sampled interval of velocity: 0.00 m/s - 16.20 m/s (planner.py:310)
INFO     [2025-01-12 11:27:40] --- select trajectory 121 (reactive_planner_cpp.py:382)
INFO     [2025-01-12 11:27:40] --- current time step: 0 (frenet_interface.py:257)
INFO     [2025-01-12 11:27:40] --- current velocity: 10.349004485108619 (frenet_interface.py:258)
INFO     [2025-01-12 11:27:40] --- current target velocity: 5.450900000000001 (frenet_interface.py:259)
INFO     [2025-01-12 11:27:42] --- Sampled interval of velocity: 0.00 m/s - 16.10 m/s (planner.py:310)
INFO     [2025-01-12 11:27:42] --- current time step: 1 (frenet_interface.py:280)
INFO     [2025-01-12 11:27:42] --- current velocity: 10.069613563655098 (frenet_interface.py:281)
INFO     [2025-01-12 11:27:42] --- current target velocity: 5.349004485108619 (frenet_interface.py:282)
INFO     [2025-01-12 11:27:43] --- Sampled interval of velocity: 0.00 m/s - 15.82 m/s (planner.py:310)
INFO     [2025-01-12 11:27:43] --- current time step: 2 (frenet_interface.py:280)
INFO     [2025-01-12 11:27:43] --- current velocity: 9.652170647214042 (frenet_interface.py:281)
INFO     [2025-01-12 11:27:43] --- current target velocity: 5.069613563655098 (frenet_interface.py:282)
INFO     [2025-01-12 11:27:43] --- Sampled interval of velocity: 0.00 m/s - 15.40 m/s (planner.py:310)
INFO     [2025-01-12 11:27:43] --- select trajectory 111 (reactive_planner_cpp.py:382)
INFO     [2025-01-12 11:27:43] --- current time step: 3 (frenet_interface.py:257)
INFO     [2025-01-12 11:27:43] --- current velocity: 9.321476537385847 (frenet_interface.py:258)
INFO     [2025-01-12 11:27:43] --- current target velocity: 4.652170647214042 (frenet_interface.py:259)
INFO     [2025-01-12 11:27:45] --- Sampled interval of velocity: 0.00 m/s - 15.07 m/s (planner.py:310)
INFO     [2025-01-12 11:27:45] --- current time step: 4 (frenet_interface.py:280)
INFO     [2025-01-12 11:27:45] --- current velocity: 8.829758125254587 (frenet_interface.py:281)
INFO     [2025-01-12 11:27:45] --- current target velocity: 4.321476537385847 (frenet_interface.py:282)
INFO     [2025-01-12 11:27:46] --- Sampled interval of velocity: 0.00 m/s - 14.58 m/s (planner.py:310)
INFO     [2025-01-12 11:27:46] --- current time step: 5 (frenet_interface.py:280)
INFO     [2025-01-12 11:27:46] --- current velocity: 8.217579612008013 (frenet_interface.py:281)
INFO     [2025-01-12 11:27:46] --- current target velocity: 3.829758125254587 (frenet_interface.py:282)
INFO     [2025-01-12 11:27:46] --- Sampled interval of velocity: 0.00 m/s - 13.97 m/s (planner.py:310)
INFO     [2025-01-12 11:27:46] --- select trajectory 111 (reactive_planner_cpp.py:382)
INFO     [2025-01-12 11:27:46] --- current time step: 6 (frenet_interface.py:257)
INFO     [2025-01-12 11:27:46] --- current velocity: 7.83526480546996 (frenet_interface.py:258)
INFO     [2025-01-12 11:27:46] --- current target velocity: 3.217579612008013 (frenet_interface.py:259)
INFO     [2025-01-12 11:27:48] --- Sampled interval of velocity: 0.00 m/s - 13.59 m/s (planner.py:310)
INFO     [2025-01-12 11:27:48] --- current time step: 7 (frenet_interface.py:280)
INFO     [2025-01-12 11:27:48] --- current velocity: 7.364716228226704 (frenet_interface.py:281)
INFO     [2025-01-12 11:27:48] --- current target velocity: 3.104563455086333 (frenet_interface.py:282)
INFO     [2025-01-12 11:27:48] --- Sampled interval of velocity: 0.00 m/s - 13.11 m/s (planner.py:310)
INFO     [2025-01-12 11:27:48] --- current time step: 8 (frenet_interface.py:280)
INFO     [2025-01-12 11:27:48] --- current velocity: 6.832196880061233 (frenet_interface.py:281)
INFO     [2025-01-12 11:27:48] --- current target velocity: 3.072636612014297 (frenet_interface.py:282)
INFO     [2025-01-12 11:27:49] --- Sampled interval of velocity: 0.00 m/s - 12.58 m/s (planner.py:310)
INFO     [2025-01-12 11:27:49] --- select trajectory 111 (reactive_planner_cpp.py:382)
INFO     [2025-01-12 11:27:49] --- current time step: 9 (frenet_interface.py:257)
INFO     [2025-01-12 11:27:49] --- current velocity: 6.517113798688224 (frenet_interface.py:258)
INFO     [2025-01-12 11:27:49] --- current target velocity: 3.043851687580038 (frenet_interface.py:259)
INFO     [2025-01-12 11:27:50] --- Sampled interval of velocity: 0.00 m/s - 12.27 m/s (planner.py:310)
INFO     [2025-01-12 11:27:50] --- current time step: 10 (frenet_interface.py:280)
INFO     [2025-01-12 11:27:50] --- current velocity: 6.139599723165209 (frenet_interface.py:281)
INFO     [2025-01-12 11:27:50] --- current target velocity: 3.017687532941784 (frenet_interface.py:282)
INFO     [2025-01-12 11:27:50] --- Sampled interval of velocity: 0.00 m/s - 11.89 m/s (planner.py:310)
INFO     [2025-01-12 11:27:50] --- current time step: 11 (frenet_interface.py:280)
INFO     [2025-01-12 11:27:50] --- current velocity: 5.719131773465823 (frenet_interface.py:281)
INFO     [2025-01-12 11:27:50] --- current target velocity: 2.993665358348171 (frenet_interface.py:282)
INFO     [2025-01-12 11:27:51] --- Sampled interval of velocity: 0.00 m/s - 11.47 m/s (planner.py:310)
INFO     [2025-01-12 11:27:51] --- select trajectory 111 (reactive_planner_cpp.py:382)
INFO     [2025-01-12 11:27:51] --- current time step: 12 (frenet_interface.py:257)
INFO     [2025-01-12 11:27:51] --- current velocity: 5.472788460974305 (frenet_interface.py:258)
INFO     [2025-01-12 11:27:51] --- current target velocity: 2.9722166849371328 (frenet_interface.py:259)
INFO     [2025-01-12 11:27:53] --- Sampled interval of velocity: 0.00 m/s - 11.22 m/s (planner.py:310)
INFO     [2025-01-12 11:27:53] --- current time step: 13 (frenet_interface.py:280)
INFO     [2025-01-12 11:27:53] --- current velocity: 5.179150062458682 (frenet_interface.py:281)
INFO     [2025-01-12 11:27:53] --- current target velocity: 2.9528909066393605 (frenet_interface.py:282)
INFO     [2025-01-12 11:27:53] --- Sampled interval of velocity: 0.00 m/s - 10.93 m/s (planner.py:310)
INFO     [2025-01-12 11:27:53] --- current time step: 14 (frenet_interface.py:280)
INFO     [2025-01-12 11:27:53] --- current velocity: 4.853125112239789 (frenet_interface.py:281)
INFO     [2025-01-12 11:27:53] --- current target velocity: 2.9352879554300904 (frenet_interface.py:282)
INFO     [2025-01-12 11:27:53] --- Sampled interval of velocity: 0.00 m/s - 10.60 m/s (planner.py:310)
INFO     [2025-01-12 11:27:53] --- select trajectory 111 (reactive_planner_cpp.py:382)
INFO     [2025-01-12 11:27:53] --- current time step: 15 (frenet_interface.py:257)
INFO     [2025-01-12 11:27:53] --- current velocity: 4.662489346017531 (frenet_interface.py:258)
INFO     [2025-01-12 11:27:53] --- current target velocity: 2.919743721678745 (frenet_interface.py:259)
INFO     [2025-01-12 11:27:55] --- Sampled interval of velocity: 0.00 m/s - 10.41 m/s (planner.py:310)
INFO     [2025-01-12 11:27:55] --- current time step: 16 (frenet_interface.py:280)
INFO     [2025-01-12 11:27:55] --- current velocity: 4.435489130060642 (frenet_interface.py:281)
INFO     [2025-01-12 11:27:55] --- current target velocity: 2.9058973116928133 (frenet_interface.py:282)
INFO     [2025-01-12 11:27:55] --- Sampled interval of velocity: 0.00 m/s - 10.19 m/s (planner.py:310)
INFO     [2025-01-12 11:27:55] --- current time step: 17 (frenet_interface.py:280)
INFO     [2025-01-12 11:27:55] --- current velocity: 4.183612005609096 (frenet_interface.py:281)
INFO     [2025-01-12 11:27:55] --- current target velocity: 2.8934303143289353 (frenet_interface.py:282)
INFO     [2025-01-12 11:27:55] --- Sampled interval of velocity: 0.00 m/s - 9.93 m/s (planner.py:310)
INFO     [2025-01-12 11:27:55] --- select trajectory 711 (reactive_planner_cpp.py:382)
INFO     [2025-01-12 11:27:55] --- current time step: 18 (frenet_interface.py:257)
INFO     [2025-01-12 11:27:55] --- current velocity: 4.0563679942057504 (frenet_interface.py:258)
INFO     [2025-01-12 11:27:55] --- current target velocity: 2.8826080648437546 (frenet_interface.py:259)
INFO     [2025-01-12 11:27:57] --- Sampled interval of velocity: 0.00 m/s - 9.81 m/s (planner.py:310)
INFO     [2025-01-12 11:27:57] --- current time step: 19 (frenet_interface.py:280)
INFO     [2025-01-12 11:27:57] --- current velocity: 3.9350470442608723 (frenet_interface.py:281)
INFO     [2025-01-12 11:27:57] --- current target velocity: 2.8730935753153393 (frenet_interface.py:282)
INFO     [2025-01-12 11:27:57] --- Sampled interval of velocity: 0.00 m/s - 9.69 m/s (planner.py:310)
INFO     [2025-01-12 11:27:57] --- current time step: 20 (frenet_interface.py:280)
INFO     [2025-01-12 11:27:57] --- current velocity: 3.8195361816209874 (frenet_interface.py:281)
INFO     [2025-01-12 11:27:57] --- current target velocity: 2.864394931436752 (frenet_interface.py:282)
INFO     [2025-01-12 11:27:57] --- Sampled interval of velocity: 0.00 m/s - 9.57 m/s (planner.py:310)
INFO     [2025-01-12 11:27:58] --- select trajectory 716 (reactive_planner_cpp.py:382)
INFO     [2025-01-12 11:27:58] --- current time step: 21 (frenet_interface.py:257)
INFO     [2025-01-12 11:27:58] --- current velocity: 3.762257632309167 (frenet_interface.py:258)
INFO     [2025-01-12 11:27:58] --- current target velocity: 2.8564854219808464 (frenet_interface.py:259)
INFO     [2025-01-12 11:27:58] --- Sampled interval of velocity: 0.00 m/s - 9.51 m/s (planner.py:310)
INFO     [2025-01-12 11:27:59] --- current time step: 22 (frenet_interface.py:280)
INFO     [2025-01-12 11:27:59] --- current velocity: 3.7032377780322188 (frenet_interface.py:281)
INFO     [2025-01-12 11:27:59] --- current target velocity: 2.849126623889284 (frenet_interface.py:282)
INFO     [2025-01-12 11:27:59] --- Sampled interval of velocity: 0.00 m/s - 9.45 m/s (planner.py:310)
INFO     [2025-01-12 11:27:59] --- current time step: 23 (frenet_interface.py:280)
INFO     [2025-01-12 11:27:59] --- current velocity: 3.6427350961194676 (frenet_interface.py:281)
INFO     [2025-01-12 11:27:59] --- current target velocity: 2.8421126920383575 (frenet_interface.py:282)
INFO     [2025-01-12 11:28:00] --- Sampled interval of velocity: 0.00 m/s - 9.39 m/s (planner.py:310)
INFO     [2025-01-12 11:28:00] --- select trajectory 711 (reactive_planner_cpp.py:382)
INFO     [2025-01-12 11:28:00] --- current time step: 24 (frenet_interface.py:257)
INFO     [2025-01-12 11:28:00] --- current velocity: 3.6099439139123746 (frenet_interface.py:258)
INFO     [2025-01-12 11:28:00] --- current target velocity: 2.8354647997374856 (frenet_interface.py:259)
INFO     [2025-01-12 11:28:01] --- Sampled interval of velocity: 0.00 m/s - 9.36 m/s (planner.py:310)
INFO     [2025-01-12 11:28:01] --- current time step: 25 (frenet_interface.py:280)
INFO     [2025-01-12 11:28:01] --- current velocity: 3.5729757460826415 (frenet_interface.py:281)
INFO     [2025-01-12 11:28:01] --- current target velocity: 2.8290838461249286 (frenet_interface.py:282)
INFO     [2025-01-12 11:28:01] --- Sampled interval of velocity: 0.00 m/s - 9.32 m/s (planner.py:310)
INFO     [2025-01-12 11:28:01] --- current time step: 26 (frenet_interface.py:280)
INFO     [2025-01-12 11:28:01] --- current velocity: 3.5322017564427455 (frenet_interface.py:281)
INFO     [2025-01-12 11:28:01] --- current target velocity: 2.8228829631996093 (frenet_interface.py:282)
INFO     [2025-01-12 11:28:01] --- Sampled interval of velocity: 0.00 m/s - 9.28 m/s (planner.py:310)
INFO     [2025-01-12 11:28:01] --- select trajectory 711 (reactive_planner_cpp.py:382)
INFO     [2025-01-12 11:28:01] --- current time step: 27 (frenet_interface.py:257)
INFO     [2025-01-12 11:28:01] --- current velocity: 3.5083733187654667 (frenet_interface.py:258)
INFO     [2025-01-12 11:28:01] --- current target velocity: 2.816899295338816 (frenet_interface.py:259)
INFO     [2025-01-12 11:28:03] --- Sampled interval of velocity: 0.00 m/s - 9.26 m/s (planner.py:310)
INFO     [2025-01-12 11:28:03] --- current time step: 28 (frenet_interface.py:280)
INFO     [2025-01-12 11:28:03] --- current velocity: 3.479705415154484 (frenet_interface.py:281)
INFO     [2025-01-12 11:28:03] --- current target velocity: 2.811082699832418 (frenet_interface.py:282)
INFO     [2025-01-12 11:28:03] --- Sampled interval of velocity: 0.00 m/s - 9.23 m/s (planner.py:310)
INFO     [2025-01-12 11:28:03] --- current time step: 29 (frenet_interface.py:280)
INFO     [2025-01-12 11:28:03] --- current velocity: 3.4465943820855687 (frenet_interface.py:281)
INFO     [2025-01-12 11:28:03] --- current target velocity: 2.805388170973091 (frenet_interface.py:282)
INFO     [2025-01-12 11:28:03] --- Sampled interval of velocity: 0.00 m/s - 9.20 m/s (planner.py:310)
INFO     [2025-01-12 11:28:03] --- select trajectory 711 (reactive_planner_cpp.py:382)
INFO     [2025-01-12 11:28:03] --- current time step: 30 (frenet_interface.py:257)
INFO     [2025-01-12 11:28:03] --- current velocity: 3.4264105312987234 (frenet_interface.py:258)
INFO     [2025-01-12 11:28:03] --- current target velocity: 2.7998577885554505 (frenet_interface.py:259)
INFO     [2025-01-12 11:28:05] --- Sampled interval of velocity: 0.00 m/s - 9.18 m/s (planner.py:310)
INFO     [2025-01-12 11:28:05] --- current time step: 31 (frenet_interface.py:280)
INFO     [2025-01-12 11:28:05] --- current velocity: 3.4013210364301076 (frenet_interface.py:281)
INFO     [2025-01-12 11:28:05] --- current target velocity: 2.7944588913455037 (frenet_interface.py:282)
INFO     [2025-01-12 11:28:05] --- Sampled interval of velocity: 0.00 m/s - 9.15 m/s (planner.py:310)
INFO     [2025-01-12 11:28:05] --- current time step: 32 (frenet_interface.py:280)
INFO     [2025-01-12 11:28:05] --- current velocity: 3.371718214850545 (frenet_interface.py:281)
INFO     [2025-01-12 11:28:05] --- current target velocity: 2.789161460261287 (frenet_interface.py:282)
INFO     [2025-01-12 11:28:05] --- Sampled interval of velocity: 0.00 m/s - 9.12 m/s (planner.py:310)
INFO     [2025-01-12 11:28:05] --- select trajectory 711 (reactive_planner_cpp.py:382)
INFO     [2025-01-12 11:28:05] --- current time step: 33 (frenet_interface.py:257)
INFO     [2025-01-12 11:28:05] --- current velocity: 3.3533394499954303 (frenet_interface.py:258)
INFO     [2025-01-12 11:28:05] --- current target velocity: 2.7840087183845172 (frenet_interface.py:259)
INFO     [2025-01-12 11:28:07] --- Sampled interval of velocity: 0.00 m/s - 9.10 m/s (planner.py:310)
INFO     [2025-01-12 11:28:07] --- current time step: 34 (frenet_interface.py:280)
INFO     [2025-01-12 11:28:07] --- current velocity: 3.3301845780457393 (frenet_interface.py:281)
INFO     [2025-01-12 11:28:07] --- current target velocity: 2.778974508854402 (frenet_interface.py:282)
INFO     [2025-01-12 11:28:07] --- Sampled interval of velocity: 0.00 m/s - 9.08 m/s (planner.py:310)
INFO     [2025-01-12 11:28:07] --- current time step: 35 (frenet_interface.py:280)
INFO     [2025-01-12 11:28:07] --- current velocity: 3.3026325369439484 (frenet_interface.py:281)
INFO     [2025-01-12 11:28:07] --- current target velocity: 2.774034421202194 (frenet_interface.py:282)
INFO     [2025-01-12 11:28:08] --- Sampled interval of velocity: 0.00 m/s - 9.05 m/s (planner.py:310)
INFO     [2025-01-12 11:28:08] --- select trajectory 711 (reactive_planner_cpp.py:382)
INFO     [2025-01-12 11:28:08] --- current time step: 36 (frenet_interface.py:257)
INFO     [2025-01-12 11:28:08] --- current velocity: 3.28540585587221 (frenet_interface.py:258)
INFO     [2025-01-12 11:28:08] --- current target velocity: 2.769231543896308 (frenet_interface.py:259)
INFO     [2025-01-12 11:28:09] --- Sampled interval of velocity: 0.00 m/s - 9.04 m/s (planner.py:310)
INFO     [2025-01-12 11:28:09] --- current time step: 37 (frenet_interface.py:280)
INFO     [2025-01-12 11:28:09] --- current velocity: 3.2635921944302306 (frenet_interface.py:281)
INFO     [2025-01-12 11:28:09] --- current target velocity: 2.764542387852828 (frenet_interface.py:282)
INFO     [2025-01-12 11:28:10] --- Sampled interval of velocity: 0.00 m/s - 9.01 m/s (planner.py:310)
INFO     [2025-01-12 11:28:10] --- current time step: 38 (frenet_interface.py:280)
INFO     [2025-01-12 11:28:10] --- current velocity: 3.2375544727671204 (frenet_interface.py:281)
INFO     [2025-01-12 11:28:10] --- current target velocity: 2.7599448713615717 (frenet_interface.py:282)
INFO     [2025-01-12 11:28:10] --- Sampled interval of velocity: 0.00 m/s - 8.99 m/s (planner.py:310)
INFO     [2025-01-12 11:28:10] --- select trajectory 711 (reactive_planner_cpp.py:382)
INFO     [2025-01-12 11:28:10] --- current time step: 39 (frenet_interface.py:257)
INFO     [2025-01-12 11:28:10] --- current velocity: 3.221232356663367 (frenet_interface.py:258)
INFO     [2025-01-12 11:28:10] --- current target velocity: 2.755481543876247 (frenet_interface.py:259)
INFO     [2025-01-12 11:28:11] --- Sampled interval of velocity: 0.00 m/s - 8.97 m/s (planner.py:310)
INFO     [2025-01-12 11:28:11] --- current time step: 40 (frenet_interface.py:280)
INFO     [2025-01-12 11:28:11] --- current velocity: 3.2005259190818216 (frenet_interface.py:281)
INFO     [2025-01-12 11:28:11] --- current target velocity: 2.751130236990473 (frenet_interface.py:282)
INFO     [2025-01-12 11:28:11] --- Sampled interval of velocity: 0.00 m/s - 8.95 m/s (planner.py:310)
INFO     [2025-01-12 11:28:11] --- current time step: 41 (frenet_interface.py:280)
INFO     [2025-01-12 11:28:11] --- current velocity: 3.175781694959684 (frenet_interface.py:281)
INFO     [2025-01-12 11:28:11] --- current target velocity: 2.7468700453480124 (frenet_interface.py:282)
INFO     [2025-01-12 11:28:12] --- Sampled interval of velocity: 0.00 m/s - 8.93 m/s (planner.py:310)
INFO     [2025-01-12 11:28:12] --- select trajectory 1 (reactive_planner_cpp.py:382)
INFO     [2025-01-12 11:28:12] --- current time step: 42 (frenet_interface.py:257)
INFO     [2025-01-12 11:28:12] --- current velocity: 3.1434419274996053 (frenet_interface.py:258)
INFO     [2025-01-12 11:28:12] --- current target velocity: 2.7427428793228934 (frenet_interface.py:259)
INFO     [2025-01-12 11:28:13] --- Sampled interval of velocity: 0.00 m/s - 8.89 m/s (planner.py:310)
INFO     [2025-01-12 11:28:13] --- current time step: 43 (frenet_interface.py:280)
INFO     [2025-01-12 11:28:13] --- current velocity: 3.076238910705683 (frenet_interface.py:281)
INFO     [2025-01-12 11:28:13] --- current target velocity: 2.7387808674069074 (frenet_interface.py:282)
INFO     [2025-01-12 11:28:13] --- Sampled interval of velocity: 0.00 m/s - 8.83 m/s (planner.py:310)
INFO     [2025-01-12 11:28:13] --- current time step: 44 (frenet_interface.py:280)
INFO     [2025-01-12 11:28:13] --- current velocity: 2.97892556170125 (frenet_interface.py:281)
INFO     [2025-01-12 11:28:13] --- current target velocity: 2.7352211739230317 (frenet_interface.py:282)
INFO     [2025-01-12 11:28:14] --- Sampled interval of velocity: 0.00 m/s - 8.73 m/s (planner.py:310)
INFO     [2025-01-12 11:28:14] --- select trajectory 101 (reactive_planner_cpp.py:382)
INFO     [2025-01-12 11:28:14] --- current time step: 45 (frenet_interface.py:257)
INFO     [2025-01-12 11:28:14] --- current velocity: 2.889198851258986 (frenet_interface.py:258)
INFO     [2025-01-12 11:28:14] --- current target velocity: 2.732387777586046 (frenet_interface.py:259)
INFO     [2025-01-12 11:28:15] --- Sampled interval of velocity: 0.00 m/s - 8.64 m/s (planner.py:310)
INFO     [2025-01-12 11:28:15] --- current time step: 46 (frenet_interface.py:280)
INFO     [2025-01-12 11:28:15] --- current velocity: 2.740313225286912 (frenet_interface.py:281)
INFO     [2025-01-12 11:28:15] --- current target velocity: 2.730376130213824 (frenet_interface.py:282)
INFO     [2025-01-12 11:28:15] --- Sampled interval of velocity: 0.00 m/s - 8.49 m/s (planner.py:310)
INFO     [2025-01-12 11:28:15] --- current time step: 47 (frenet_interface.py:280)
INFO     [2025-01-12 11:28:15] --- current velocity: 2.5465340906406957 (frenet_interface.py:281)
INFO     [2025-01-12 11:28:15] --- current target velocity: 2.7295063630461027 (frenet_interface.py:282)
INFO     [2025-01-12 11:28:15] --- Sampled interval of velocity: 0.00 m/s - 8.30 m/s (planner.py:310)
INFO     [2025-01-12 11:28:16] --- select trajectory 196 (reactive_planner_cpp.py:382)
INFO     [2025-01-12 11:28:16] --- current time step: 48 (frenet_interface.py:257)
INFO     [2025-01-12 11:28:16] --- current velocity: 2.3998621258240744 (frenet_interface.py:258)
INFO     [2025-01-12 11:28:16] --- current target velocity: 2.7303275047908673 (frenet_interface.py:259)
INFO     [2025-01-12 11:28:17] --- Sampled interval of velocity: 0.00 m/s - 8.15 m/s (planner.py:310)
INFO     [2025-01-12 11:28:17] --- current time step: 49 (frenet_interface.py:280)
INFO     [2025-01-12 11:28:17] --- current velocity: 2.1831214299901047 (frenet_interface.py:281)
INFO     [2025-01-12 11:28:17] --- current target velocity: 2.7328330252800983 (frenet_interface.py:282)
INFO     [2025-01-12 11:28:17] --- Sampled interval of velocity: 0.00 m/s - 7.93 m/s (planner.py:310)
INFO     [2025-01-12 11:28:17] --- current time step: 50 (frenet_interface.py:280)
INFO     [2025-01-12 11:28:17] --- current velocity: 1.9140188849938236 (frenet_interface.py:281)
INFO     [2025-01-12 11:28:17] --- current target velocity: 2.737239485932934 (frenet_interface.py:282)
INFO     [2025-01-12 11:28:17] --- Sampled interval of velocity: 0.00 m/s - 7.66 m/s (planner.py:310)
INFO     [2025-01-12 11:28:17] --- select trajectory 196 (reactive_planner_cpp.py:382)
INFO     [2025-01-12 11:28:17] --- current time step: 51 (frenet_interface.py:257)
INFO     [2025-01-12 11:28:17] --- current velocity: 1.7498842399408048 (frenet_interface.py:258)
INFO     [2025-01-12 11:28:17] --- current target velocity: 2.7442297243304337 (frenet_interface.py:259)
INFO     [2025-01-12 11:28:19] --- Sampled interval of velocity: 0.00 m/s - 7.50 m/s (planner.py:310)
INFO     [2025-01-12 11:28:19] --- current time step: 52 (frenet_interface.py:280)
INFO     [2025-01-12 11:28:19] --- current velocity: 1.5535765105527837 (frenet_interface.py:281)
INFO     [2025-01-12 11:28:19] --- current target velocity: 2.753602684937127 (frenet_interface.py:282)
INFO     [2025-01-12 11:28:19] --- Sampled interval of velocity: 0.00 m/s - 7.30 m/s (planner.py:310)
INFO     [2025-01-12 11:28:19] --- current time step: 53 (frenet_interface.py:280)
INFO     [2025-01-12 11:28:19] --- current velocity: 1.3351683238156444 (frenet_interface.py:281)
INFO     [2025-01-12 11:28:19] --- current target velocity: 2.765056963576028 (frenet_interface.py:282)
INFO     [2025-01-12 11:28:19] --- Sampled interval of velocity: 0.00 m/s - 7.09 m/s (planner.py:310)
INFO     [2025-01-12 11:28:19] --- select trajectory 196 (reactive_planner_cpp.py:382)
INFO     [2025-01-12 11:28:19] --- current time step: 54 (frenet_interface.py:257)
INFO     [2025-01-12 11:28:19] --- current velocity: 1.2106644199478938 (frenet_interface.py:258)
INFO     [2025-01-12 11:28:19] --- current target velocity: 2.778943936192317 (frenet_interface.py:259)
INFO     [2025-01-12 11:28:21] --- Sampled interval of velocity: 0.00 m/s - 6.96 m/s (planner.py:310)
INFO     [2025-01-12 11:28:21] --- current time step: 55 (frenet_interface.py:280)
INFO     [2025-01-12 11:28:21] --- current velocity: 1.0675354180204508 (frenet_interface.py:281)
INFO     [2025-01-12 11:28:21] --- current target velocity: 2.794946146231348 (frenet_interface.py:282)
INFO     [2025-01-12 11:28:21] --- Sampled interval of velocity: 0.00 m/s - 6.82 m/s (planner.py:310)
INFO     [2025-01-12 11:28:21] --- current time step: 56 (frenet_interface.py:280)
INFO     [2025-01-12 11:28:21] --- current velocity: 0.9122040746977299 (frenet_interface.py:281)
INFO     [2025-01-12 11:28:21] --- current target velocity: 2.8127371317562435 (frenet_interface.py:282)
INFO     [2025-01-12 11:28:21] --- Sampled interval of velocity: 0.00 m/s - 6.66 m/s (planner.py:310)
INFO     [2025-01-12 11:28:21] --- select trajectory 196 (reactive_planner_cpp.py:382)
INFO     [2025-01-12 11:28:21] --- current time step: 57 (frenet_interface.py:257)
INFO     [2025-01-12 11:28:21] --- current velocity: 0.8251584691265145 (frenet_interface.py:258)
INFO     [2025-01-12 11:28:21] --- current target velocity: 2.832542762840403 (frenet_interface.py:259)
INFO     [2025-01-12 11:28:22] --- Sampled interval of velocity: 0.00 m/s - 6.58 m/s (planner.py:310)
INFO     [2025-01-12 11:28:22] --- current time step: 58 (frenet_interface.py:280)
INFO     [2025-01-12 11:28:22] --- current velocity: 0.7261571327224312 (frenet_interface.py:281)
INFO     [2025-01-12 11:28:22] --- current target velocity: 2.854110755942279 (frenet_interface.py:282)
INFO     [2025-01-12 11:28:23] --- Sampled interval of velocity: 0.00 m/s - 6.48 m/s (planner.py:310)
INFO     [2025-01-12 11:28:23] --- current time step: 59 (frenet_interface.py:280)
INFO     [2025-01-12 11:28:23] --- current velocity: 0.6194659005159266 (frenet_interface.py:281)
INFO     [2025-01-12 11:28:23] --- current target velocity: 2.877195581863374 (frenet_interface.py:282)
INFO     [2025-01-12 11:28:23] --- Sampled interval of velocity: 0.00 m/s - 6.37 m/s (planner.py:310)
WARNING  [2025-01-12 11:28:23] --- No optimal trajectory available. Select stopping trajectory! (reactive_planner_cpp.py:407)
INFO     [2025-01-12 11:28:23] --- current time step: 60 (frenet_interface.py:257)
INFO     [2025-01-12 11:28:23] --- current velocity: 0.5599728343136817 (frenet_interface.py:258)
INFO     [2025-01-12 11:28:23] --- current target velocity: 2.9019587384811776 (frenet_interface.py:259)
INFO     [2025-01-12 11:28:25] --- Sampled interval of velocity: 0.00 m/s - 6.31 m/s (planner.py:310)
INFO     [2025-01-12 11:28:25] --- current time step: 61 (frenet_interface.py:280)
INFO     [2025-01-12 11:28:25] --- current velocity: 0.492521628548839 (frenet_interface.py:281)
INFO     [2025-01-12 11:28:25] --- current target velocity: 2.9282252901324988 (frenet_interface.py:282)
INFO     [2025-01-12 11:28:25] --- Sampled interval of velocity: 0.00 m/s - 6.24 m/s (planner.py:310)
INFO     [2025-01-12 11:28:25] --- current time step: 62 (frenet_interface.py:280)
INFO     [2025-01-12 11:28:25] --- current velocity: 0.4199829225485569 (frenet_interface.py:281)
INFO     [2025-01-12 11:28:25] --- current target velocity: 2.9558279850561444 (frenet_interface.py:282)
INFO     [2025-01-12 11:28:25] --- Sampled interval of velocity: 0.00 m/s - 6.17 m/s (planner.py:310)
WARNING  [2025-01-12 11:28:26] --- No optimal trajectory available. Select stopping trajectory! (reactive_planner_cpp.py:407)
INFO     [2025-01-12 11:28:26] --- current time step: 63 (frenet_interface.py:257)
INFO     [2025-01-12 11:28:26] --- current velocity: 0.3795940893017925 (frenet_interface.py:258)
INFO     [2025-01-12 11:28:26] --- current target velocity: 2.9848892796433497 (frenet_interface.py:259)
INFO     [2025-01-12 11:28:27] --- Sampled interval of velocity: 0.00 m/s - 6.13 m/s (planner.py:310)
INFO     [2025-01-12 11:28:27] --- current time step: 64 (frenet_interface.py:280)
INFO     [2025-01-12 11:28:27] --- current velocity: 0.33384625339691026 (frenet_interface.py:281)
INFO     [2025-01-12 11:28:27] --- current target velocity: 3.0152960249334626 (frenet_interface.py:282)
INFO     [2025-01-12 11:28:27] --- Sampled interval of velocity: 0.00 m/s - 6.08 m/s (planner.py:310)
INFO     [2025-01-12 11:28:27] --- current time step: 65 (frenet_interface.py:280)
INFO     [2025-01-12 11:28:27] --- current velocity: 0.284679047472234 (frenet_interface.py:281)
INFO     [2025-01-12 11:28:27] --- current target velocity: 3.046941382893982 (frenet_interface.py:282)
INFO     [2025-01-12 11:28:28] --- Sampled interval of velocity: 0.00 m/s - 6.03 m/s (planner.py:310)
WARNING  [2025-01-12 11:28:28] --- No optimal trajectory available. Select stopping trajectory! (reactive_planner_cpp.py:407)
INFO     [2025-01-12 11:28:28] --- current time step: 66 (frenet_interface.py:257)
INFO     [2025-01-12 11:28:28] --- current velocity: 0.2573156057525539 (frenet_interface.py:258)
INFO     [2025-01-12 11:28:28] --- current target velocity: 3.0799230044205643 (frenet_interface.py:259)
