CRITICAL [2025-01-12 11:50:20] --- Start Planner Vehicle ID: 3258 (frenet_interface.py:67)
INFO     [2025-01-12 11:50:23] --- Sampled interval of velocity: 0.00 m/s - 12.52 m/s (planner.py:310)
INFO     [2025-01-12 11:50:23] --- select trajectory 106 (reactive_planner_cpp.py:382)
INFO     [2025-01-12 11:50:23] --- current time step: 0 (frenet_interface.py:257)
INFO     [2025-01-12 11:50:23] --- current velocity: 6.644824558283892 (frenet_interface.py:258)
INFO     [2025-01-12 11:50:23] --- current target velocity: 1.7664 (frenet_interface.py:259)
INFO     [2025-01-12 11:50:25] --- Sampled interval of velocity: 0.00 m/s - 12.39 m/s (planner.py:310)
INFO     [2025-01-12 11:50:25] --- current time step: 1 (frenet_interface.py:280)
INFO     [2025-01-12 11:50:25] --- current velocity: 6.312586715691773 (frenet_interface.py:281)
INFO     [2025-01-12 11:50:25] --- current target velocity: 1.6448245582838918 (frenet_interface.py:282)
INFO     [2025-01-12 11:50:26] --- Sampled interval of velocity: 0.00 m/s - 12.06 m/s (planner.py:310)
INFO     [2025-01-12 11:50:26] --- current time step: 2 (frenet_interface.py:280)
INFO     [2025-01-12 11:50:26] --- current velocity: 5.817488223443486 (frenet_interface.py:281)
INFO     [2025-01-12 11:50:26] --- current target velocity: 1.312586715691773 (frenet_interface.py:282)
INFO     [2025-01-12 11:50:26] --- Sampled interval of velocity: 0.00 m/s - 11.57 m/s (planner.py:310)
INFO     [2025-01-12 11:50:26] --- select trajectory 101 (reactive_planner_cpp.py:382)
INFO     [2025-01-12 11:50:26] --- current time step: 3 (frenet_interface.py:257)
INFO     [2025-01-12 11:50:26] --- current velocity: 5.483746286081045 (frenet_interface.py:258)
INFO     [2025-01-12 11:50:26] --- current target velocity: 1.1620204346454004 (frenet_interface.py:259)
INFO     [2025-01-12 11:50:29] --- Sampled interval of velocity: 0.00 m/s - 11.23 m/s (planner.py:310)
INFO     [2025-01-12 11:50:29] --- current time step: 4 (frenet_interface.py:280)
INFO     [2025-01-12 11:50:29] --- current velocity: 5.061763804597452 (frenet_interface.py:281)
INFO     [2025-01-12 11:50:29] --- current target velocity: 1.1309174375765771 (frenet_interface.py:282)
INFO     [2025-01-12 11:50:29] --- Sampled interval of velocity: 0.00 m/s - 10.81 m/s (planner.py:310)
INFO     [2025-01-12 11:50:29] --- current time step: 5 (frenet_interface.py:280)
INFO     [2025-01-12 11:50:29] --- current velocity: 4.576404929002864 (frenet_interface.py:281)
INFO     [2025-01-12 11:50:29] --- current target velocity: 1.1020284088476713 (frenet_interface.py:282)
INFO     [2025-01-12 11:50:30] --- Sampled interval of velocity: 0.00 m/s - 10.33 m/s (planner.py:310)
INFO     [2025-01-12 11:50:31] --- select trajectory 101 (reactive_planner_cpp.py:382)
INFO     [2025-01-12 11:50:31] --- current time step: 6 (frenet_interface.py:257)
INFO     [2025-01-12 11:50:31] --- current velocity: 4.29044959707988 (frenet_interface.py:258)
INFO     [2025-01-12 11:50:31] --- current target velocity: 1.0759376398817502 (frenet_interface.py:259)
INFO     [2025-01-12 11:50:33] --- Sampled interval of velocity: 0.00 m/s - 10.04 m/s (planner.py:310)
INFO     [2025-01-12 11:50:33] --- current time step: 7 (frenet_interface.py:280)
INFO     [2025-01-12 11:50:33] --- current velocity: 3.951029777624648 (frenet_interface.py:281)
INFO     [2025-01-12 11:50:33] --- current target velocity: 1.052205125575484 (frenet_interface.py:282)
INFO     [2025-01-12 11:50:34] --- Sampled interval of velocity: 0.00 m/s - 9.70 m/s (planner.py:310)
INFO     [2025-01-12 11:50:34] --- current time step: 8 (frenet_interface.py:280)
INFO     [2025-01-12 11:50:34] --- current velocity: 3.575015674529656 (frenet_interface.py:281)
INFO     [2025-01-12 11:50:34] --- current target velocity: 1.0303776866726095 (frenet_interface.py:282)
INFO     [2025-01-12 11:50:34] --- Sampled interval of velocity: 0.00 m/s - 9.33 m/s (planner.py:310)
INFO     [2025-01-12 11:50:34] --- select trajectory 406 (reactive_planner_cpp.py:382)
INFO     [2025-01-12 11:50:34] --- current time step: 9 (frenet_interface.py:257)
INFO     [2025-01-12 11:50:34] --- current velocity: 3.372753515086888 (frenet_interface.py:258)
INFO     [2025-01-12 11:50:34] --- current target velocity: 1.0108161626155965 (frenet_interface.py:259)
INFO     [2025-01-12 11:50:37] --- Sampled interval of velocity: 0.00 m/s - 9.12 m/s (planner.py:310)
INFO     [2025-01-12 11:50:37] --- current time step: 10 (frenet_interface.py:280)
INFO     [2025-01-12 11:50:37] --- current velocity: 3.156590516606031 (frenet_interface.py:281)
INFO     [2025-01-12 11:50:37] --- current target velocity: 0.9930700835473909 (frenet_interface.py:282)
INFO     [2025-01-12 11:50:37] --- Sampled interval of velocity: 0.00 m/s - 8.91 m/s (planner.py:310)
INFO     [2025-01-12 11:50:37] --- current time step: 11 (frenet_interface.py:280)
INFO     [2025-01-12 11:50:37] --- current velocity: 2.931188692843338 (frenet_interface.py:281)
INFO     [2025-01-12 11:50:37] --- current target velocity: 0.9765919393764538 (frenet_interface.py:282)
INFO     [2025-01-12 11:50:38] --- Sampled interval of velocity: 0.00 m/s - 8.68 m/s (planner.py:310)
INFO     [2025-01-12 11:50:38] --- select trajectory 491 (reactive_planner_cpp.py:382)
INFO     [2025-01-12 11:50:38] --- current time step: 12 (frenet_interface.py:257)
INFO     [2025-01-12 11:50:38] --- current velocity: 2.79012845869107 (frenet_interface.py:258)
INFO     [2025-01-12 11:50:38] --- current target velocity: 0.9614914526707781 (frenet_interface.py:259)
INFO     [2025-01-12 11:50:39] --- Sampled interval of velocity: 0.00 m/s - 8.54 m/s (planner.py:310)
INFO     [2025-01-12 11:50:39] --- current time step: 13 (frenet_interface.py:280)
INFO     [2025-01-12 11:50:39] --- current velocity: 2.6012536716224735 (frenet_interface.py:281)
INFO     [2025-01-12 11:50:39] --- current target velocity: 0.947490582449434 (frenet_interface.py:282)
INFO     [2025-01-12 11:50:40] --- Sampled interval of velocity: 0.00 m/s - 8.35 m/s (planner.py:310)
INFO     [2025-01-12 11:50:40] --- current time step: 14 (frenet_interface.py:280)
INFO     [2025-01-12 11:50:40] --- current velocity: 2.373897163835403 (frenet_interface.py:281)
INFO     [2025-01-12 11:50:40] --- current target velocity: 0.9345117480070426 (frenet_interface.py:282)
INFO     [2025-01-12 11:50:40] --- Sampled interval of velocity: 0.00 m/s - 8.12 m/s (planner.py:310)
INFO     [2025-01-12 11:50:40] --- select trajectory 491 (reactive_planner_cpp.py:382)
INFO     [2025-01-12 11:50:40] --- current time step: 15 (frenet_interface.py:257)
INFO     [2025-01-12 11:50:40] --- current velocity: 2.234371699634978 (frenet_interface.py:258)
INFO     [2025-01-12 11:50:40] --- current target velocity: 0.9228992591558237 (frenet_interface.py:259)
INFO     [2025-01-12 11:50:42] --- Sampled interval of velocity: 0.00 m/s - 7.98 m/s (planner.py:310)
INFO     [2025-01-12 11:50:42] --- current time step: 16 (frenet_interface.py:280)
INFO     [2025-01-12 11:50:42] --- current velocity: 2.063621273857275 (frenet_interface.py:281)
INFO     [2025-01-12 11:50:42] --- current target velocity: 0.9124916772015226 (frenet_interface.py:282)
INFO     [2025-01-12 11:50:43] --- Sampled interval of velocity: 0.00 m/s - 7.81 m/s (planner.py:310)
INFO     [2025-01-12 11:50:43] --- current time step: 17 (frenet_interface.py:280)
INFO     [2025-01-12 11:50:43] --- current velocity: 1.8682999284451942 (frenet_interface.py:281)
INFO     [2025-01-12 11:50:43] --- current target velocity: 0.9031063868164088 (frenet_interface.py:282)
INFO     [2025-01-12 11:50:43] --- Sampled interval of velocity: 0.00 m/s - 7.62 m/s (planner.py:310)
INFO     [2025-01-12 11:50:43] --- select trajectory 191 (reactive_planner_cpp.py:382)
INFO     [2025-01-12 11:50:43] --- current time step: 18 (frenet_interface.py:257)
INFO     [2025-01-12 11:50:43] --- current velocity: 1.739954484609419 (frenet_interface.py:258)
INFO     [2025-01-12 11:50:43] --- current target velocity: 0.8949795676978513 (frenet_interface.py:259)
INFO     [2025-01-12 11:50:45] --- Sampled interval of velocity: 0.00 m/s - 7.49 m/s (planner.py:310)
INFO     [2025-01-12 11:50:45] --- current time step: 19 (frenet_interface.py:280)
INFO     [2025-01-12 11:50:45] --- current velocity: 1.5680757835067431 (frenet_interface.py:281)
INFO     [2025-01-12 11:50:45] --- current target velocity: 0.8879547506105522 (frenet_interface.py:282)
INFO     [2025-01-12 11:50:45] --- Sampled interval of velocity: 0.00 m/s - 7.32 m/s (planner.py:310)
INFO     [2025-01-12 11:50:45] --- current time step: 20 (frenet_interface.py:280)
INFO     [2025-01-12 11:50:45] --- current velocity: 1.3644262853657434 (frenet_interface.py:281)
INFO     [2025-01-12 11:50:45] --- current target velocity: 0.8819923361182099 (frenet_interface.py:282)
INFO     [2025-01-12 11:50:46] --- Sampled interval of velocity: 0.00 m/s - 7.11 m/s (planner.py:310)
INFO     [2025-01-12 11:50:46] --- select trajectory 191 (reactive_planner_cpp.py:382)
INFO     [2025-01-12 11:50:46] --- current time step: 21 (frenet_interface.py:257)
INFO     [2025-01-12 11:50:46] --- current velocity: 1.243566746028404 (frenet_interface.py:258)
INFO     [2025-01-12 11:50:46] --- current target velocity: 0.8774112247598254 (frenet_interface.py:259)
INFO     [2025-01-12 11:50:47] --- Sampled interval of velocity: 0.00 m/s - 6.99 m/s (planner.py:310)
INFO     [2025-01-12 11:50:47] --- current time step: 22 (frenet_interface.py:280)
INFO     [2025-01-12 11:50:47] --- current velocity: 1.101253114355481 (frenet_interface.py:281)
INFO     [2025-01-12 11:50:47] --- current target velocity: 0.8740360745131431 (frenet_interface.py:282)
INFO     [2025-01-12 11:50:47] --- Sampled interval of velocity: 0.00 m/s - 6.85 m/s (planner.py:310)
INFO     [2025-01-12 11:50:47] --- current time step: 23 (frenet_interface.py:280)
INFO     [2025-01-12 11:50:47] --- current velocity: 0.9444312724211745 (frenet_interface.py:281)
INFO     [2025-01-12 11:50:47] --- current target velocity: 0.87165619500327 (frenet_interface.py:282)
INFO     [2025-01-12 11:50:48] --- Sampled interval of velocity: 0.00 m/s - 6.69 m/s (planner.py:310)
INFO     [2025-01-12 11:50:48] --- select trajectory 191 (reactive_planner_cpp.py:382)
INFO     [2025-01-12 11:50:48] --- current time step: 24 (frenet_interface.py:257)
INFO     [2025-01-12 11:50:48] --- current velocity: 0.8556142377889736 (frenet_interface.py:258)
INFO     [2025-01-12 11:50:48] --- current target velocity: 0.8704393658116305 (frenet_interface.py:259)
INFO     [2025-01-12 11:50:50] --- Sampled interval of velocity: 0.00 m/s - 6.61 m/s (planner.py:310)
INFO     [2025-01-12 11:50:50] --- current time step: 25 (frenet_interface.py:280)
INFO     [2025-01-12 11:50:50] --- current velocity: 0.7539222997486791 (frenet_interface.py:281)
INFO     [2025-01-12 11:50:50] --- current target velocity: 0.8701906298113424 (frenet_interface.py:282)
INFO     [2025-01-12 11:50:50] --- Sampled interval of velocity: 0.00 m/s - 6.50 m/s (planner.py:310)
INFO     [2025-01-12 11:50:50] --- current time step: 26 (frenet_interface.py:280)
INFO     [2025-01-12 11:50:50] --- current velocity: 0.6438502117059848 (frenet_interface.py:281)
INFO     [2025-01-12 11:50:50] --- current target velocity: 0.8707153171945138 (frenet_interface.py:282)
INFO     [2025-01-12 11:50:50] --- Sampled interval of velocity: 0.00 m/s - 6.39 m/s (planner.py:310)
INFO     [2025-01-12 11:50:50] --- select trajectory 196 (reactive_planner_cpp.py:382)
INFO     [2025-01-12 11:50:50] --- current time step: 27 (frenet_interface.py:257)
INFO     [2025-01-12 11:50:50] --- current velocity: 0.582281127131862 (frenet_interface.py:258)
INFO     [2025-01-12 11:50:50] --- current target velocity: 0.8721195613829666 (frenet_interface.py:259)
INFO     [2025-01-12 11:50:52] --- Sampled interval of velocity: 0.00 m/s - 6.33 m/s (planner.py:310)
INFO     [2025-01-12 11:50:52] --- current time step: 28 (frenet_interface.py:280)
INFO     [2025-01-12 11:50:52] --- current velocity: 0.5123376475477335 (frenet_interface.py:281)
INFO     [2025-01-12 11:50:52] --- current target velocity: 0.8742537010853956 (frenet_interface.py:282)
INFO     [2025-01-12 11:50:52] --- Sampled interval of velocity: 0.00 m/s - 6.26 m/s (planner.py:310)
INFO     [2025-01-12 11:50:52] --- current time step: 29 (frenet_interface.py:280)
INFO     [2025-01-12 11:50:53] --- current velocity: 0.4370197962660114 (frenet_interface.py:281)
INFO     [2025-01-12 11:50:53] --- current target velocity: 0.8769734625232116 (frenet_interface.py:282)
INFO     [2025-01-12 11:50:53] --- Sampled interval of velocity: 0.00 m/s - 6.19 m/s (planner.py:310)
INFO     [2025-01-12 11:50:53] --- select trajectory 196 (reactive_planner_cpp.py:382)
INFO     [2025-01-12 11:50:53] --- current time step: 30 (frenet_interface.py:257)
INFO     [2025-01-12 11:50:53] --- current velocity: 0.39504429913512 (frenet_interface.py:258)
INFO     [2025-01-12 11:50:53] --- current target velocity: 0.8803513768677362 (frenet_interface.py:259)
INFO     [2025-01-12 11:50:54] --- Sampled interval of velocity: 0.00 m/s - 6.15 m/s (planner.py:310)
INFO     [2025-01-12 11:50:54] --- current time step: 31 (frenet_interface.py:280)
INFO     [2025-01-12 11:50:54] --- current velocity: 0.3474707522319973 (frenet_interface.py:281)
INFO     [2025-01-12 11:50:54] --- current target velocity: 0.8842816184245095 (frenet_interface.py:282)
INFO     [2025-01-12 11:50:55] --- Sampled interval of velocity: 0.00 m/s - 6.10 m/s (planner.py:310)
INFO     [2025-01-12 11:50:55] --- current time step: 32 (frenet_interface.py:280)
INFO     [2025-01-12 11:50:55] --- current velocity: 0.29632099055893235 (frenet_interface.py:281)
INFO     [2025-01-12 11:50:55] --- current target velocity: 0.8886631718846428 (frenet_interface.py:282)
INFO     [2025-01-12 11:50:56] --- Sampled interval of velocity: 0.00 m/s - 6.05 m/s (planner.py:310)
INFO     [2025-01-12 11:50:56] --- select trajectory 196 (reactive_planner_cpp.py:382)
INFO     [2025-01-12 11:50:56] --- current time step: 33 (frenet_interface.py:257)
INFO     [2025-01-12 11:50:56] --- current velocity: 0.2678460790512966 (frenet_interface.py:258)
INFO     [2025-01-12 11:50:56] --- current target velocity: 0.8935472534419596 (frenet_interface.py:259)
INFO     [2025-01-12 11:50:57] --- Sampled interval of velocity: 0.00 m/s - 6.02 m/s (planner.py:310)
INFO     [2025-01-12 11:50:57] --- current time step: 34 (frenet_interface.py:280)
INFO     [2025-01-12 11:50:57] --- current velocity: 0.2355964293254564 (frenet_interface.py:281)
INFO     [2025-01-12 11:50:57] --- current target velocity: 0.8988610982795164 (frenet_interface.py:282)
INFO     [2025-01-12 11:50:57] --- Sampled interval of velocity: 0.00 m/s - 5.99 m/s (planner.py:310)
INFO     [2025-01-12 11:50:57] --- current time step: 35 (frenet_interface.py:280)
INFO     [2025-01-12 11:50:57] --- current velocity: 0.2009387915905803 (frenet_interface.py:281)
INFO     [2025-01-12 11:50:57] --- current target velocity: 0.9045355034127748 (frenet_interface.py:282)
INFO     [2025-01-12 11:50:58] --- Sampled interval of velocity: 0.00 m/s - 5.95 m/s (planner.py:310)
INFO     [2025-01-12 11:50:58] --- select trajectory 196 (reactive_planner_cpp.py:382)
INFO     [2025-01-12 11:50:58] --- current time step: 36 (frenet_interface.py:257)
INFO     [2025-01-12 11:50:58] --- current velocity: 0.18165146665807372 (frenet_interface.py:258)
INFO     [2025-01-12 11:50:58] --- current target velocity: 0.9106073984193622 (frenet_interface.py:259)
INFO     [2025-01-12 11:51:00] --- Sampled interval of velocity: 0.00 m/s - 5.93 m/s (planner.py:310)
INFO     [2025-01-12 11:51:00] --- current time step: 37 (frenet_interface.py:280)
INFO     [2025-01-12 11:51:00] --- current velocity: 0.15981205313742095 (frenet_interface.py:281)
INFO     [2025-01-12 11:51:00] --- current target velocity: 0.9170275861676406 (frenet_interface.py:282)
INFO     [2025-01-12 11:51:00] --- Sampled interval of velocity: 0.00 m/s - 5.91 m/s (planner.py:310)
INFO     [2025-01-12 11:51:00] --- current time step: 38 (frenet_interface.py:280)
INFO     [2025-01-12 11:51:00] --- current velocity: 0.13634531842266168 (frenet_interface.py:281)
INFO     [2025-01-12 11:51:00] --- current target velocity: 0.9237494028542146 (frenet_interface.py:282)
INFO     [2025-01-12 11:51:01] --- Sampled interval of velocity: 0.00 m/s - 5.89 m/s (planner.py:310)
INFO     [2025-01-12 11:51:01] --- select trajectory 196 (reactive_planner_cpp.py:382)
INFO     [2025-01-12 11:51:01] --- current time step: 39 (frenet_interface.py:257)
INFO     [2025-01-12 11:51:01] --- current velocity: 0.12328718056157284 (frenet_interface.py:258)
INFO     [2025-01-12 11:51:01] --- current target velocity: 0.9308000720482231 (frenet_interface.py:259)
INFO     [2025-01-12 11:51:03] --- Sampled interval of velocity: 0.00 m/s - 5.87 m/s (planner.py:310)
INFO     [2025-01-12 11:51:03] --- current time step: 40 (frenet_interface.py:280)
INFO     [2025-01-12 11:51:03] --- current velocity: 0.10850216799792793 (frenet_interface.py:281)
INFO     [2025-01-12 11:51:03] --- current target velocity: 0.9381469877684525 (frenet_interface.py:282)
INFO     [2025-01-12 11:51:03] --- Sampled interval of velocity: 0.00 m/s - 5.86 m/s (planner.py:310)
INFO     [2025-01-12 11:51:03] --- current time step: 41 (frenet_interface.py:280)
INFO     [2025-01-12 11:51:03] --- current velocity: 0.09261617354527023 (frenet_interface.py:281)
INFO     [2025-01-12 11:51:03] --- current target velocity: 0.9457593439247083 (frenet_interface.py:282)
INFO     [2025-01-12 11:51:04] --- Sampled interval of velocity: 0.00 m/s - 5.84 m/s (planner.py:310)
INFO     [2025-01-12 11:51:04] --- select trajectory 196 (reactive_planner_cpp.py:382)
INFO     [2025-01-12 11:51:04] --- current time step: 42 (frenet_interface.py:257)
INFO     [2025-01-12 11:51:04] --- current velocity: 0.08377663834662967 (frenet_interface.py:258)
INFO     [2025-01-12 11:51:04] --- current target velocity: 0.9536577970564973 (frenet_interface.py:259)
INFO     [2025-01-12 11:51:05] --- Sampled interval of velocity: 0.00 m/s - 5.83 m/s (planner.py:310)
INFO     [2025-01-12 11:51:05] --- current time step: 43 (frenet_interface.py:280)
INFO     [2025-01-12 11:51:05] --- current velocity: 0.07376831895498175 (frenet_interface.py:281)
INFO     [2025-01-12 11:51:05] --- current target velocity: 0.9618214416248014 (frenet_interface.py:282)
INFO     [2025-01-12 11:51:05] --- Sampled interval of velocity: 0.00 m/s - 5.82 m/s (planner.py:310)
INFO     [2025-01-12 11:51:05] --- current time step: 44 (frenet_interface.py:280)
INFO     [2025-01-12 11:51:05] --- current velocity: 0.06301486289842298 (frenet_interface.py:281)
INFO     [2025-01-12 11:51:05] --- current target velocity: 0.9702306721180559 (frenet_interface.py:282)
INFO     [2025-01-12 11:51:06] --- Sampled interval of velocity: 0.00 m/s - 5.81 m/s (planner.py:310)
INFO     [2025-01-12 11:51:06] --- select trajectory 496 (reactive_planner_cpp.py:382)
INFO     [2025-01-12 11:51:06] --- current time step: 45 (frenet_interface.py:257)
INFO     [2025-01-12 11:51:06] --- current velocity: 0.057375058594187844 (frenet_interface.py:258)
INFO     [2025-01-12 11:51:06] --- current target velocity: 0.9789017742901451 (frenet_interface.py:259)
INFO     [2025-01-12 11:51:07] --- Sampled interval of velocity: 0.00 m/s - 5.81 m/s (planner.py:310)
INFO     [2025-01-12 11:51:07] --- current time step: 46 (frenet_interface.py:280)
INFO     [2025-01-12 11:51:07] --- current velocity: 0.0515091656706886 (frenet_interface.py:281)
INFO     [2025-01-12 11:51:07] --- current target velocity: 0.9878210331963088 (frenet_interface.py:282)
INFO     [2025-01-12 11:51:07] --- Sampled interval of velocity: 0.00 m/s - 5.80 m/s (planner.py:310)
INFO     [2025-01-12 11:51:07] --- current time step: 47 (frenet_interface.py:280)
INFO     [2025-01-12 11:51:07] --- current velocity: 0.045520251331030784 (frenet_interface.py:281)
INFO     [2025-01-12 11:51:07] --- current target velocity: 0.9969716642243197 (frenet_interface.py:282)
INFO     [2025-01-12 11:51:08] --- Sampled interval of velocity: 0.00 m/s - 5.80 m/s (planner.py:310)
INFO     [2025-01-12 11:51:08] --- select trajectory 496 (reactive_planner_cpp.py:382)
INFO     [2025-01-12 11:51:08] --- current time step: 48 (frenet_interface.py:257)
INFO     [2025-01-12 11:51:08] --- current velocity: 0.042277605538329384 (frenet_interface.py:258)
INFO     [2025-01-12 11:51:08] --- current target velocity: 1.0063622680811708 (frenet_interface.py:259)
INFO     [2025-01-12 11:51:09] --- Sampled interval of velocity: 0.00 m/s - 5.79 m/s (planner.py:310)
INFO     [2025-01-12 11:51:09] --- current time step: 49 (frenet_interface.py:280)
INFO     [2025-01-12 11:51:09] --- current velocity: 0.03863414566131173 (frenet_interface.py:281)
INFO     [2025-01-12 11:51:09] --- current target velocity: 1.0159865246305415 (frenet_interface.py:282)
INFO     [2025-01-12 11:51:10] --- Sampled interval of velocity: 0.00 m/s - 5.79 m/s (planner.py:310)
INFO     [2025-01-12 11:51:10] --- current time step: 50 (frenet_interface.py:280)
INFO     [2025-01-12 11:51:10] --- current velocity: 0.03469248398363601 (frenet_interface.py:281)
INFO     [2025-01-12 11:51:10] --- current target velocity: 1.0258400752969774 (frenet_interface.py:282)
INFO     [2025-01-12 11:51:10] --- Sampled interval of velocity: 0.00 m/s - 5.78 m/s (planner.py:310)
INFO     [2025-01-12 11:51:10] --- select trajectory 496 (reactive_planner_cpp.py:382)
INFO     [2025-01-12 11:51:10] --- current time step: 51 (frenet_interface.py:257)
INFO     [2025-01-12 11:51:10] --- current velocity: 0.03245246647321852 (frenet_interface.py:258)
INFO     [2025-01-12 11:51:10] --- current target velocity: 1.0359335056963783 (frenet_interface.py:259)
INFO     [2025-01-12 11:51:11] --- Sampled interval of velocity: 0.00 m/s - 5.78 m/s (planner.py:310)
INFO     [2025-01-12 11:51:11] --- current time step: 52 (frenet_interface.py:280)
INFO     [2025-01-12 11:51:11] --- current velocity: 0.029845807784993975 (frenet_interface.py:281)
INFO     [2025-01-12 11:51:11] --- current target velocity: 1.0462667728994306 (frenet_interface.py:282)
INFO     [2025-01-12 11:51:12] --- Sampled interval of velocity: 0.00 m/s - 5.78 m/s (planner.py:310)
INFO     [2025-01-12 11:51:12] --- current time step: 53 (frenet_interface.py:280)
INFO     [2025-01-12 11:51:12] --- current velocity: 0.02695776096322869 (frenet_interface.py:281)
INFO     [2025-01-12 11:51:12] --- current target velocity: 1.0568406336167706 (frenet_interface.py:282)
