CRITICAL [2025-01-12 11:22:53] --- Start Planner Vehicle ID: 579 (frenet_interface.py:67)
INFO     [2025-01-12 11:23:58] --- Sampled interval of velocity: 0.00 m/s - 20.16 m/s (planner.py:310)
INFO     [2025-01-12 11:23:58] --- select trajectory 210 (reactive_planner_cpp.py:382)
INFO     [2025-01-12 11:23:58] --- current time step: 0 (frenet_interface.py:257)
INFO     [2025-01-12 11:23:58] --- current velocity: 14.54811088305272 (frenet_interface.py:258)
INFO     [2025-01-12 11:23:58] --- current target velocity: 19.4065 (frenet_interface.py:259)
INFO     [2025-01-12 11:24:01] --- Sampled interval of velocity: 0.00 m/s - 20.30 m/s (planner.py:310)
INFO     [2025-01-12 11:24:01] --- current time step: 1 (frenet_interface.py:280)
INFO     [2025-01-12 11:24:01] --- current velocity: 14.520570831736489 (frenet_interface.py:281)
INFO     [2025-01-12 11:24:01] --- current target velocity: 19.548110883052722 (frenet_interface.py:282)
INFO     [2025-01-12 11:24:02] --- Sampled interval of velocity: 0.00 m/s - 20.27 m/s (planner.py:310)
INFO     [2025-01-12 11:24:02] --- current time step: 2 (frenet_interface.py:280)
INFO     [2025-01-12 11:24:02] --- current velocity: 14.341790165843099 (frenet_interface.py:281)
INFO     [2025-01-12 11:24:02] --- current target velocity: 19.52057083173649 (frenet_interface.py:282)
INFO     [2025-01-12 11:24:27] --- Sampled interval of velocity: 0.00 m/s - 20.09 m/s (planner.py:310)
INFO     [2025-01-12 11:24:27] --- select trajectory 171 (reactive_planner_cpp.py:382)
INFO     [2025-01-12 11:24:27] --- current time step: 3 (frenet_interface.py:257)
INFO     [2025-01-12 11:24:27] --- current velocity: 14.31412455393046 (frenet_interface.py:258)
INFO     [2025-01-12 11:24:27] --- current target velocity: 19.3417901658431 (frenet_interface.py:259)
INFO     [2025-01-12 11:24:29] --- Sampled interval of velocity: 0.00 m/s - 20.06 m/s (planner.py:310)
INFO     [2025-01-12 11:24:29] --- current time step: 4 (frenet_interface.py:280)
INFO     [2025-01-12 11:24:29] --- current velocity: 14.456399628651493 (frenet_interface.py:281)
INFO     [2025-01-12 11:24:29] --- current target velocity: 19.314124553930462 (frenet_interface.py:282)
INFO     [2025-01-12 11:24:32] --- Sampled interval of velocity: 0.00 m/s - 20.21 m/s (planner.py:310)
INFO     [2025-01-12 11:24:32] --- current time step: 5 (frenet_interface.py:280)
INFO     [2025-01-12 11:24:32] --- current velocity: 14.73404134092435 (frenet_interface.py:281)
INFO     [2025-01-12 11:24:32] --- current target velocity: 19.456399628651493 (frenet_interface.py:282)
INFO     [2025-01-12 11:24:55] --- Sampled interval of velocity: 0.00 m/s - 20.48 m/s (planner.py:310)
INFO     [2025-01-12 11:24:55] --- select trajectory 281 (reactive_planner_cpp.py:382)
INFO     [2025-01-12 11:24:55] --- current time step: 6 (frenet_interface.py:257)
INFO     [2025-01-12 11:24:55] --- current velocity: 14.926369214802191 (frenet_interface.py:258)
INFO     [2025-01-12 11:24:55] --- current target velocity: 19.73404134092435 (frenet_interface.py:259)
INFO     [2025-01-12 11:24:59] --- Sampled interval of velocity: 0.00 m/s - 20.68 m/s (planner.py:310)
INFO     [2025-01-12 11:24:59] --- current time step: 7 (frenet_interface.py:280)
INFO     [2025-01-12 11:24:59] --- current velocity: 15.165517152118742 (frenet_interface.py:281)
INFO     [2025-01-12 11:24:59] --- current target velocity: 19.926369214802193 (frenet_interface.py:282)
INFO     [2025-01-12 11:24:59] --- Sampled interval of velocity: 0.00 m/s - 20.92 m/s (planner.py:310)
INFO     [2025-01-12 11:24:59] --- current time step: 8 (frenet_interface.py:280)
INFO     [2025-01-12 11:24:59] --- current velocity: 15.445310600078699 (frenet_interface.py:281)
INFO     [2025-01-12 11:24:59] --- current target velocity: 20.165517152118742 (frenet_interface.py:282)
INFO     [2025-01-12 11:25:23] --- Sampled interval of velocity: 0.00 m/s - 21.20 m/s (planner.py:310)
INFO     [2025-01-12 11:25:23] --- select trajectory 81 (reactive_planner_cpp.py:382)
INFO     [2025-01-12 11:25:23] --- current time step: 9 (frenet_interface.py:257)
INFO     [2025-01-12 11:25:23] --- current velocity: 15.634674537685335 (frenet_interface.py:258)
INFO     [2025-01-12 11:25:23] --- current target velocity: 20.4453106000787 (frenet_interface.py:259)
INFO     [2025-01-12 11:25:27] --- Sampled interval of velocity: 0.00 m/s - 21.38 m/s (planner.py:310)
INFO     [2025-01-12 11:25:27] --- current time step: 10 (frenet_interface.py:280)
INFO     [2025-01-12 11:25:27] --- current velocity: 15.897392396723914 (frenet_interface.py:281)
INFO     [2025-01-12 11:25:27] --- current target velocity: 20.634674537685335 (frenet_interface.py:282)
INFO     [2025-01-12 11:25:30] --- Sampled interval of velocity: 0.00 m/s - 21.65 m/s (planner.py:310)
INFO     [2025-01-12 11:25:30] --- current time step: 11 (frenet_interface.py:280)
INFO     [2025-01-12 11:25:30] --- current velocity: 16.222514145073237 (frenet_interface.py:281)
INFO     [2025-01-12 11:25:30] --- current target velocity: 20.897392396723916 (frenet_interface.py:282)
INFO     [2025-01-12 11:25:55] --- Sampled interval of velocity: 0.00 m/s - 21.97 m/s (planner.py:310)
INFO     [2025-01-12 11:25:55] --- select trajectory 81 (reactive_planner_cpp.py:382)
INFO     [2025-01-12 11:25:55] --- current time step: 12 (frenet_interface.py:257)
INFO     [2025-01-12 11:25:55] --- current velocity: 16.436071858518012 (frenet_interface.py:258)
INFO     [2025-01-12 11:25:55] --- current target velocity: 21.222514145073237 (frenet_interface.py:259)
INFO     [2025-01-12 11:25:59] --- Sampled interval of velocity: 0.00 m/s - 22.19 m/s (planner.py:310)
INFO     [2025-01-12 11:25:59] --- current time step: 13 (frenet_interface.py:280)
INFO     [2025-01-12 11:25:59] --- current velocity: 16.717152435412327 (frenet_interface.py:281)
INFO     [2025-01-12 11:25:59] --- current target velocity: 21.436071858518012 (frenet_interface.py:282)
INFO     [2025-01-12 11:26:00] --- Sampled interval of velocity: 0.00 m/s - 22.47 m/s (planner.py:310)
INFO     [2025-01-12 11:26:00] --- current time step: 14 (frenet_interface.py:280)
INFO     [2025-01-12 11:26:00] --- current velocity: 17.05532966471318 (frenet_interface.py:281)
INFO     [2025-01-12 11:26:00] --- current target velocity: 21.717152435412327 (frenet_interface.py:282)
INFO     [2025-01-12 11:26:21] --- Sampled interval of velocity: 0.00 m/s - 22.81 m/s (planner.py:310)
INFO     [2025-01-12 11:26:21] --- select trajectory 481 (reactive_planner_cpp.py:382)
INFO     [2025-01-12 11:26:21] --- current time step: 15 (frenet_interface.py:257)
INFO     [2025-01-12 11:26:21] --- current velocity: 17.295695431354517 (frenet_interface.py:258)
INFO     [2025-01-12 11:26:21] --- current target velocity: 22.05532966471318 (frenet_interface.py:259)
INFO     [2025-01-12 11:26:25] --- Sampled interval of velocity: 0.00 m/s - 23.05 m/s (planner.py:310)
INFO     [2025-01-12 11:26:25] --- current time step: 16 (frenet_interface.py:280)
INFO     [2025-01-12 11:26:25] --- current velocity: 17.64060368505734 (frenet_interface.py:281)
INFO     [2025-01-12 11:26:25] --- current target velocity: 22.295695431354517 (frenet_interface.py:282)
INFO     [2025-01-12 11:26:26] --- Sampled interval of velocity: 0.00 m/s - 23.39 m/s (planner.py:310)
INFO     [2025-01-12 11:26:26] --- current time step: 17 (frenet_interface.py:280)
INFO     [2025-01-12 11:26:26] --- current velocity: 18.070767470240085 (frenet_interface.py:281)
INFO     [2025-01-12 11:26:26] --- current target velocity: 22.64060368505734 (frenet_interface.py:282)
INFO     [2025-01-12 11:26:46] --- Sampled interval of velocity: 0.00 m/s - 23.82 m/s (planner.py:310)
INFO     [2025-01-12 11:26:46] --- select trajectory 381 (reactive_planner_cpp.py:382)
INFO     [2025-01-12 11:26:46] --- current time step: 18 (frenet_interface.py:257)
INFO     [2025-01-12 11:26:46] --- current velocity: 18.315904545458082 (frenet_interface.py:258)
INFO     [2025-01-12 11:26:46] --- current target velocity: 23.070767470240085 (frenet_interface.py:259)
INFO     [2025-01-12 11:26:49] --- Sampled interval of velocity: 0.00 m/s - 24.07 m/s (planner.py:310)
INFO     [2025-01-12 11:26:49] --- current time step: 19 (frenet_interface.py:280)
INFO     [2025-01-12 11:26:49] --- current velocity: 18.582303278226245 (frenet_interface.py:281)
INFO     [2025-01-12 11:26:49] --- current target velocity: 23.315904545458082 (frenet_interface.py:282)
INFO     [2025-01-12 11:26:50] --- Sampled interval of velocity: 0.00 m/s - 24.33 m/s (planner.py:310)
INFO     [2025-01-12 11:26:50] --- current time step: 20 (frenet_interface.py:280)
INFO     [2025-01-12 11:26:50] --- current velocity: 18.867093792945436 (frenet_interface.py:281)
INFO     [2025-01-12 11:26:50] --- current target velocity: 23.582303278226245 (frenet_interface.py:282)
INFO     [2025-01-12 11:27:14] --- Sampled interval of velocity: 0.00 m/s - 24.62 m/s (planner.py:310)
INFO     [2025-01-12 11:27:14] --- select trajectory 581 (reactive_planner_cpp.py:382)
INFO     [2025-01-12 11:27:14] --- current time step: 21 (frenet_interface.py:257)
INFO     [2025-01-12 11:27:14] --- current velocity: 19.027473773266536 (frenet_interface.py:258)
INFO     [2025-01-12 11:27:14] --- current target velocity: 23.867093792945436 (frenet_interface.py:259)
INFO     [2025-01-12 11:27:20] --- Sampled interval of velocity: 0.00 m/s - 24.78 m/s (planner.py:310)
INFO     [2025-01-12 11:27:20] --- current time step: 22 (frenet_interface.py:280)
INFO     [2025-01-12 11:27:20] --- current velocity: 19.213826028995133 (frenet_interface.py:281)
INFO     [2025-01-12 11:27:20] --- current target velocity: 24.027473773266536 (frenet_interface.py:282)
INFO     [2025-01-12 11:27:20] --- Sampled interval of velocity: 0.00 m/s - 24.96 m/s (planner.py:310)
INFO     [2025-01-12 11:27:20] --- current time step: 23 (frenet_interface.py:280)
INFO     [2025-01-12 11:27:20] --- current velocity: 19.423387991511618 (frenet_interface.py:281)
INFO     [2025-01-12 11:27:20] --- current target velocity: 24.213826028995133 (frenet_interface.py:282)
INFO     [2025-01-12 11:27:46] --- Sampled interval of velocity: 0.00 m/s - 25.17 m/s (planner.py:310)
INFO     [2025-01-12 11:27:46] --- select trajectory 271 (reactive_planner_cpp.py:382)
INFO     [2025-01-12 11:27:46] --- current time step: 24 (frenet_interface.py:257)
INFO     [2025-01-12 11:27:46] --- current velocity: 19.54167305566373 (frenet_interface.py:258)
INFO     [2025-01-12 11:27:46] --- current target velocity: 24.423387991511618 (frenet_interface.py:259)
INFO     [2025-01-12 11:27:48] --- Sampled interval of velocity: 0.00 m/s - 25.29 m/s (planner.py:310)
INFO     [2025-01-12 11:27:48] --- current time step: 25 (frenet_interface.py:280)
INFO     [2025-01-12 11:27:48] --- current velocity: 19.67473238260171 (frenet_interface.py:281)
INFO     [2025-01-12 11:27:48] --- current target velocity: 24.54167305566373 (frenet_interface.py:282)
INFO     [2025-01-12 11:27:50] --- Sampled interval of velocity: 0.00 m/s - 25.42 m/s (planner.py:310)
INFO     [2025-01-12 11:27:50] --- current time step: 26 (frenet_interface.py:280)
INFO     [2025-01-12 11:27:50] --- current velocity: 19.82030188665719 (frenet_interface.py:281)
INFO     [2025-01-12 11:27:50] --- current target velocity: 24.67473238260171 (frenet_interface.py:282)
INFO     [2025-01-12 11:28:06] --- Sampled interval of velocity: 0.00 m/s - 25.57 m/s (planner.py:310)
INFO     [2025-01-12 11:28:06] --- select trajectory 371 (reactive_planner_cpp.py:382)
INFO     [2025-01-12 11:28:06] --- current time step: 27 (frenet_interface.py:257)
INFO     [2025-01-12 11:28:06] --- current velocity: 19.90347528843913 (frenet_interface.py:258)
INFO     [2025-01-12 11:28:06] --- current target velocity: 24.82030188665719 (frenet_interface.py:259)
INFO     [2025-01-12 11:28:10] --- Sampled interval of velocity: 0.00 m/s - 25.65 m/s (planner.py:310)
INFO     [2025-01-12 11:28:10] --- current time step: 28 (frenet_interface.py:280)
INFO     [2025-01-12 11:28:10] --- current velocity: 20.00081798431483 (frenet_interface.py:281)
INFO     [2025-01-12 11:28:10] --- current target velocity: 24.90347528843913 (frenet_interface.py:282)
INFO     [2025-01-12 11:28:10] --- Sampled interval of velocity: 0.00 m/s - 25.75 m/s (planner.py:310)
INFO     [2025-01-12 11:28:10] --- current time step: 29 (frenet_interface.py:280)
INFO     [2025-01-12 11:28:10] --- current velocity: 20.11066642586421 (frenet_interface.py:281)
INFO     [2025-01-12 11:28:10] --- current target velocity: 25.00081798431483 (frenet_interface.py:282)
INFO     [2025-01-12 11:28:26] --- Sampled interval of velocity: 0.00 m/s - 25.86 m/s (planner.py:310)
INFO     [2025-01-12 11:28:26] --- select trajectory 111 (reactive_planner_cpp.py:382)
INFO     [2025-01-12 11:28:26] --- current time step: 30 (frenet_interface.py:257)
INFO     [2025-01-12 11:28:26] --- current velocity: 19.840616040707072 (frenet_interface.py:258)
INFO     [2025-01-12 11:28:26] --- current target velocity: 25.11066642586421 (frenet_interface.py:259)
INFO     [2025-01-12 11:28:29] --- Sampled interval of velocity: 0.00 m/s - 25.59 m/s (planner.py:310)
INFO     [2025-01-12 11:28:29] --- current time step: 31 (frenet_interface.py:280)
INFO     [2025-01-12 11:28:29] --- current velocity: 18.998841601873522 (frenet_interface.py:281)
INFO     [2025-01-12 11:28:29] --- current target velocity: 24.840616040707072 (frenet_interface.py:282)
INFO     [2025-01-12 11:28:30] --- Sampled interval of velocity: 0.00 m/s - 24.75 m/s (planner.py:310)
INFO     [2025-01-12 11:28:30] --- current time step: 32 (frenet_interface.py:280)
INFO     [2025-01-12 11:28:30] --- current velocity: 17.711227364619035 (frenet_interface.py:281)
INFO     [2025-01-12 11:28:30] --- current target velocity: 23.998841601873522 (frenet_interface.py:282)
INFO     [2025-01-12 11:28:54] --- Sampled interval of velocity: 0.00 m/s - 23.46 m/s (planner.py:310)
INFO     [2025-01-12 11:28:54] --- select trajectory 420 (reactive_planner_cpp.py:382)
INFO     [2025-01-12 11:28:54] --- current time step: 33 (frenet_interface.py:257)
INFO     [2025-01-12 11:28:54] --- current velocity: 16.94837031139703 (frenet_interface.py:258)
INFO     [2025-01-12 11:28:54] --- current target velocity: 22.711227364619035 (frenet_interface.py:259)
INFO     [2025-01-12 11:28:56] --- Sampled interval of velocity: 0.00 m/s - 22.70 m/s (planner.py:310)
INFO     [2025-01-12 11:28:56] --- current time step: 34 (frenet_interface.py:280)
INFO     [2025-01-12 11:28:56] --- current velocity: 16.140568091326163 (frenet_interface.py:281)
INFO     [2025-01-12 11:28:56] --- current target velocity: 21.94837031139703 (frenet_interface.py:282)
INFO     [2025-01-12 11:28:58] --- Sampled interval of velocity: 0.00 m/s - 21.89 m/s (planner.py:310)
INFO     [2025-01-12 11:28:58] --- current time step: 35 (frenet_interface.py:280)
INFO     [2025-01-12 11:28:58] --- current velocity: 15.306095572000345 (frenet_interface.py:281)
INFO     [2025-01-12 11:28:58] --- current target velocity: 21.140568091326163 (frenet_interface.py:282)
INFO     [2025-01-12 11:29:21] --- Sampled interval of velocity: 0.00 m/s - 21.06 m/s (planner.py:310)
INFO     [2025-01-12 11:29:21] --- select trajectory 731 (reactive_planner_cpp.py:382)
INFO     [2025-01-12 11:29:21] --- current time step: 36 (frenet_interface.py:257)
INFO     [2025-01-12 11:29:21] --- current velocity: 14.896913493864545 (frenet_interface.py:258)
INFO     [2025-01-12 11:29:21] --- current target velocity: 20.306095572000345 (frenet_interface.py:259)
INFO     [2025-01-12 11:29:24] --- Sampled interval of velocity: 0.00 m/s - 20.65 m/s (planner.py:310)
INFO     [2025-01-12 11:29:24] --- current time step: 37 (frenet_interface.py:280)
INFO     [2025-01-12 11:29:24] --- current velocity: 14.510565924368688 (frenet_interface.py:281)
INFO     [2025-01-12 11:29:24] --- current target velocity: 19.896913493864545 (frenet_interface.py:282)
INFO     [2025-01-12 11:29:25] --- Sampled interval of velocity: 0.00 m/s - 20.26 m/s (planner.py:310)
INFO     [2025-01-12 11:29:25] --- current time step: 38 (frenet_interface.py:280)
INFO     [2025-01-12 11:29:25] --- current velocity: 14.14615151788177 (frenet_interface.py:281)
INFO     [2025-01-12 11:29:25] --- current target velocity: 19.510565924368688 (frenet_interface.py:282)
INFO     [2025-01-12 11:29:46] --- Sampled interval of velocity: 0.00 m/s - 19.90 m/s (planner.py:310)
INFO     [2025-01-12 11:29:46] --- select trajectory 531 (reactive_planner_cpp.py:382)
INFO     [2025-01-12 11:29:46] --- current time step: 39 (frenet_interface.py:257)
INFO     [2025-01-12 11:29:46] --- current velocity: 13.963854940925618 (frenet_interface.py:258)
INFO     [2025-01-12 11:29:46] --- current target velocity: 19.14615151788177 (frenet_interface.py:259)
INFO     [2025-01-12 11:29:49] --- Sampled interval of velocity: 0.00 m/s - 19.71 m/s (planner.py:310)
INFO     [2025-01-12 11:29:49] --- current time step: 40 (frenet_interface.py:280)
INFO     [2025-01-12 11:29:49] --- current velocity: 13.771788283031336 (frenet_interface.py:281)
INFO     [2025-01-12 11:29:49] --- current target velocity: 18.963854940925618 (frenet_interface.py:282)
INFO     [2025-01-12 11:29:51] --- Sampled interval of velocity: 0.00 m/s - 19.52 m/s (planner.py:310)
INFO     [2025-01-12 11:29:51] --- current time step: 41 (frenet_interface.py:280)
INFO     [2025-01-12 11:29:51] --- current velocity: 13.571757087951104 (frenet_interface.py:281)
INFO     [2025-01-12 11:29:51] --- current target velocity: 18.771788283031334 (frenet_interface.py:282)
INFO     [2025-01-12 11:30:11] --- Sampled interval of velocity: 0.00 m/s - 19.32 m/s (planner.py:310)
INFO     [2025-01-12 11:30:11] --- select trajectory 21 (reactive_planner_cpp.py:382)
INFO     [2025-01-12 11:30:11] --- current time step: 42 (frenet_interface.py:257)
INFO     [2025-01-12 11:30:11] --- current velocity: 13.417586170163439 (frenet_interface.py:258)
INFO     [2025-01-12 11:30:11] --- current target velocity: 18.571757087951106 (frenet_interface.py:259)
INFO     [2025-01-12 11:30:15] --- Sampled interval of velocity: 0.00 m/s - 19.17 m/s (planner.py:310)
INFO     [2025-01-12 11:30:15] --- current time step: 43 (frenet_interface.py:280)
INFO     [2025-01-12 11:30:15] --- current velocity: 13.168583090484727 (frenet_interface.py:281)
INFO     [2025-01-12 11:30:15] --- current target velocity: 18.41758617016344 (frenet_interface.py:282)
INFO     [2025-01-12 11:30:16] --- Sampled interval of velocity: 0.00 m/s - 18.92 m/s (planner.py:310)
INFO     [2025-01-12 11:30:16] --- current time step: 44 (frenet_interface.py:280)
INFO     [2025-01-12 11:30:16] --- current velocity: 12.839702071011997 (frenet_interface.py:281)
INFO     [2025-01-12 11:30:16] --- current target velocity: 18.168583090484727 (frenet_interface.py:282)
INFO     [2025-01-12 11:30:37] --- Sampled interval of velocity: 0.00 m/s - 18.59 m/s (planner.py:310)
INFO     [2025-01-12 11:30:37] --- select trajectory 186 (reactive_planner_cpp.py:382)
INFO     [2025-01-12 11:30:37] --- current time step: 45 (frenet_interface.py:257)
INFO     [2025-01-12 11:30:37] --- current velocity: 12.823411362858483 (frenet_interface.py:258)
INFO     [2025-01-12 11:30:37] --- current target velocity: 17.839702071012 (frenet_interface.py:259)
INFO     [2025-01-12 11:30:39] --- Sampled interval of velocity: 0.00 m/s - 18.57 m/s (planner.py:310)
INFO     [2025-01-12 11:30:39] --- current time step: 46 (frenet_interface.py:280)
INFO     [2025-01-12 11:30:39] --- current velocity: 13.097634817493423 (frenet_interface.py:281)
INFO     [2025-01-12 11:30:39] --- current target velocity: 17.823411362858483 (frenet_interface.py:282)
INFO     [2025-01-12 11:30:40] --- Sampled interval of velocity: 0.00 m/s - 18.85 m/s (planner.py:310)
INFO     [2025-01-12 11:30:40] --- current time step: 47 (frenet_interface.py:280)
INFO     [2025-01-12 11:30:40] --- current velocity: 13.601317107978566 (frenet_interface.py:281)
INFO     [2025-01-12 11:30:40] --- current target velocity: 18.09763481749342 (frenet_interface.py:282)
INFO     [2025-01-12 11:31:02] --- Sampled interval of velocity: 0.00 m/s - 19.35 m/s (planner.py:310)
INFO     [2025-01-12 11:31:02] --- select trajectory 171 (reactive_planner_cpp.py:382)
INFO     [2025-01-12 11:31:02] --- current time step: 48 (frenet_interface.py:257)
INFO     [2025-01-12 11:31:02] --- current velocity: 13.92646178112092 (frenet_interface.py:258)
INFO     [2025-01-12 11:31:02] --- current target velocity: 18.601317107978566 (frenet_interface.py:259)
INFO     [2025-01-12 11:31:04] --- Sampled interval of velocity: 0.00 m/s - 19.68 m/s (planner.py:310)
INFO     [2025-01-12 11:31:04] --- current time step: 49 (frenet_interface.py:280)
INFO     [2025-01-12 11:31:04] --- current velocity: 14.295079757567468 (frenet_interface.py:281)
INFO     [2025-01-12 11:31:04] --- current target velocity: 18.92646178112092 (frenet_interface.py:282)
INFO     [2025-01-12 11:31:07] --- Sampled interval of velocity: 0.00 m/s - 20.05 m/s (planner.py:310)
INFO     [2025-01-12 11:31:07] --- current time step: 50 (frenet_interface.py:280)
INFO     [2025-01-12 11:31:07] --- current velocity: 14.692727943293672 (frenet_interface.py:281)
INFO     [2025-01-12 11:31:07] --- current target velocity: 19.295079757567468 (frenet_interface.py:282)
INFO     [2025-01-12 11:31:29] --- Sampled interval of velocity: 0.00 m/s - 20.44 m/s (planner.py:310)
INFO     [2025-01-12 11:31:29] --- select trajectory 171 (reactive_planner_cpp.py:382)
INFO     [2025-01-12 11:31:29] --- current time step: 51 (frenet_interface.py:257)
INFO     [2025-01-12 11:31:29] --- current velocity: 14.935167698971496 (frenet_interface.py:258)
INFO     [2025-01-12 11:31:29] --- current target velocity: 19.692727943293672 (frenet_interface.py:259)
INFO     [2025-01-12 11:31:32] --- Sampled interval of velocity: 0.00 m/s - 20.69 m/s (planner.py:310)
INFO     [2025-01-12 11:31:32] --- current time step: 52 (frenet_interface.py:280)
INFO     [2025-01-12 11:31:32] --- current velocity: 15.2430499932155 (frenet_interface.py:281)
INFO     [2025-01-12 11:31:32] --- current target velocity: 19.935167698971497 (frenet_interface.py:282)
INFO     [2025-01-12 11:31:33] --- Sampled interval of velocity: 0.00 m/s - 20.99 m/s (planner.py:310)
INFO     [2025-01-12 11:31:33] --- current time step: 53 (frenet_interface.py:280)
INFO     [2025-01-12 11:31:33] --- current velocity: 15.597514229130615 (frenet_interface.py:281)
INFO     [2025-01-12 11:31:33] --- current target velocity: 20.2430499932155 (frenet_interface.py:282)
INFO     [2025-01-12 11:31:53] --- Sampled interval of velocity: 0.00 m/s - 21.35 m/s (planner.py:310)
INFO     [2025-01-12 11:31:53] --- select trajectory 171 (reactive_planner_cpp.py:382)
INFO     [2025-01-12 11:31:53] --- current time step: 54 (frenet_interface.py:257)
INFO     [2025-01-12 11:31:53] --- current velocity: 15.82203702187212 (frenet_interface.py:258)
INFO     [2025-01-12 11:31:53] --- current target velocity: 20.597514229130617 (frenet_interface.py:259)
INFO     [2025-01-12 11:31:56] --- Sampled interval of velocity: 0.00 m/s - 21.57 m/s (planner.py:310)
INFO     [2025-01-12 11:31:56] --- current time step: 55 (frenet_interface.py:280)
INFO     [2025-01-12 11:31:56] --- current velocity: 16.112391963810598 (frenet_interface.py:281)
INFO     [2025-01-12 11:31:56] --- current target velocity: 20.82203702187212 (frenet_interface.py:282)
INFO     [2025-01-12 11:31:57] --- Sampled interval of velocity: 0.00 m/s - 21.86 m/s (planner.py:310)
INFO     [2025-01-12 11:31:57] --- current time step: 56 (frenet_interface.py:280)
INFO     [2025-01-12 11:31:57] --- current velocity: 16.450979649530037 (frenet_interface.py:281)
INFO     [2025-01-12 11:31:57] --- current target velocity: 21.112391963810598 (frenet_interface.py:282)
INFO     [2025-01-12 11:32:15] --- Sampled interval of velocity: 0.00 m/s - 22.20 m/s (planner.py:310)
WARNING  [2025-01-12 11:32:16] --- No optimal trajectory available. Select stopping trajectory! (reactive_planner_cpp.py:407)
INFO     [2025-01-12 11:32:16] --- current time step: 57 (frenet_interface.py:257)
INFO     [2025-01-12 11:32:16] --- current velocity: 16.55996477759097 (frenet_interface.py:258)
INFO     [2025-01-12 11:32:16] --- current target velocity: 21.450979649530037 (frenet_interface.py:259)
INFO     [2025-01-12 11:32:20] --- Sampled interval of velocity: 0.00 m/s - 22.31 m/s (planner.py:310)
INFO     [2025-01-12 11:32:20] --- current time step: 58 (frenet_interface.py:280)
INFO     [2025-01-12 11:32:20] --- current velocity: 16.53653262309668 (frenet_interface.py:281)
INFO     [2025-01-12 11:32:20] --- current target velocity: 21.55996477759097 (frenet_interface.py:282)
