CRITICAL [2025-01-12 11:21:43] --- Start Planner Vehicle ID: 30805 (frenet_interface.py:67)
INFO     [2025-01-12 11:21:47] --- Sampled interval of velocity: 0.00 m/s - 28.27 m/s (planner.py:310)
INFO     [2025-01-12 11:21:47] --- select trajectory 111 (reactive_planner_cpp.py:382)
INFO     [2025-01-12 11:21:47] --- current time step: 0 (frenet_interface.py:257)
INFO     [2025-01-12 11:21:47] --- current velocity: 22.157073818798796 (frenet_interface.py:258)
INFO     [2025-01-12 11:21:47] --- current target velocity: 22.5169 (frenet_interface.py:259)
INFO     [2025-01-12 11:21:49] --- Sampled interval of velocity: 0.00 m/s - 27.91 m/s (planner.py:310)
INFO     [2025-01-12 11:21:49] --- current time step: 1 (frenet_interface.py:280)
INFO     [2025-01-12 11:21:49] --- current velocity: 21.17041263932873 (frenet_interface.py:281)
INFO     [2025-01-12 11:21:49] --- current target velocity: 22.157073818798796 (frenet_interface.py:282)
INFO     [2025-01-12 11:21:50] --- Sampled interval of velocity: 0.00 m/s - 26.92 m/s (planner.py:310)
INFO     [2025-01-12 11:21:50] --- current time step: 2 (frenet_interface.py:280)
INFO     [2025-01-12 11:21:50] --- current velocity: 19.69625201556576 (frenet_interface.py:281)
INFO     [2025-01-12 11:21:50] --- current target velocity: 21.17041263932873 (frenet_interface.py:282)
INFO     [2025-01-12 11:21:51] --- Sampled interval of velocity: 0.00 m/s - 25.45 m/s (planner.py:310)
INFO     [2025-01-12 11:21:51] --- select trajectory 161 (reactive_planner_cpp.py:382)
INFO     [2025-01-12 11:21:51] --- current time step: 3 (frenet_interface.py:257)
INFO     [2025-01-12 11:21:51] --- current velocity: 19.00556610085868 (frenet_interface.py:258)
INFO     [2025-01-12 11:21:51] --- current target velocity: 19.69625201556576 (frenet_interface.py:259)
INFO     [2025-01-12 11:21:53] --- Sampled interval of velocity: 0.00 m/s - 24.76 m/s (planner.py:310)
INFO     [2025-01-12 11:21:53] --- current time step: 4 (frenet_interface.py:280)
INFO     [2025-01-12 11:21:53] --- current velocity: 18.577339386270467 (frenet_interface.py:281)
INFO     [2025-01-12 11:21:53] --- current target velocity: 19.00556610085868 (frenet_interface.py:282)
INFO     [2025-01-12 11:21:54] --- Sampled interval of velocity: 0.00 m/s - 24.33 m/s (planner.py:310)
INFO     [2025-01-12 11:21:54] --- current time step: 5 (frenet_interface.py:280)
INFO     [2025-01-12 11:21:54] --- current velocity: 18.37013159584686 (frenet_interface.py:281)
INFO     [2025-01-12 11:21:54] --- current target velocity: 18.577339386270467 (frenet_interface.py:282)
INFO     [2025-01-12 11:21:55] --- Sampled interval of velocity: 0.00 m/s - 24.12 m/s (planner.py:310)
INFO     [2025-01-12 11:21:55] --- select trajectory 161 (reactive_planner_cpp.py:382)
INFO     [2025-01-12 11:21:55] --- current time step: 6 (frenet_interface.py:257)
INFO     [2025-01-12 11:21:55] --- current velocity: 18.324466164869893 (frenet_interface.py:258)
INFO     [2025-01-12 11:21:55] --- current target velocity: 18.37013159584686 (frenet_interface.py:259)
INFO     [2025-01-12 11:21:57] --- Sampled interval of velocity: 0.00 m/s - 24.07 m/s (planner.py:310)
INFO     [2025-01-12 11:21:57] --- current time step: 7 (frenet_interface.py:280)
INFO     [2025-01-12 11:21:57] --- current velocity: 18.29615397091094 (frenet_interface.py:281)
INFO     [2025-01-12 11:21:57] --- current target velocity: 18.324466164869893 (frenet_interface.py:282)
INFO     [2025-01-12 11:21:58] --- Sampled interval of velocity: 0.00 m/s - 24.05 m/s (planner.py:310)
INFO     [2025-01-12 11:21:58] --- current time step: 8 (frenet_interface.py:280)
INFO     [2025-01-12 11:21:58] --- current velocity: 18.282454928115023 (frenet_interface.py:281)
INFO     [2025-01-12 11:21:58] --- current target velocity: 18.29615397091094 (frenet_interface.py:282)
INFO     [2025-01-12 11:21:59] --- Sampled interval of velocity: 0.00 m/s - 24.03 m/s (planner.py:310)
INFO     [2025-01-12 11:21:59] --- select trajectory 161 (reactive_planner_cpp.py:382)
INFO     [2025-01-12 11:21:59] --- current time step: 9 (frenet_interface.py:257)
INFO     [2025-01-12 11:21:59] --- current velocity: 18.279435879200907 (frenet_interface.py:258)
INFO     [2025-01-12 11:21:59] --- current target velocity: 18.282454928115023 (frenet_interface.py:259)
INFO     [2025-01-12 11:22:02] --- Sampled interval of velocity: 0.00 m/s - 24.03 m/s (planner.py:310)
INFO     [2025-01-12 11:22:02] --- current time step: 10 (frenet_interface.py:280)
INFO     [2025-01-12 11:22:02] --- current velocity: 18.277562876617875 (frenet_interface.py:281)
INFO     [2025-01-12 11:22:02] --- current target velocity: 18.279435879200907 (frenet_interface.py:282)
INFO     [2025-01-12 11:22:02] --- Sampled interval of velocity: 0.00 m/s - 24.03 m/s (planner.py:310)
INFO     [2025-01-12 11:22:02] --- current time step: 11 (frenet_interface.py:280)
INFO     [2025-01-12 11:22:02] --- current velocity: 18.27665635484902 (frenet_interface.py:281)
INFO     [2025-01-12 11:22:02] --- current target velocity: 18.277562876617875 (frenet_interface.py:282)
INFO     [2025-01-12 11:22:04] --- Sampled interval of velocity: 0.00 m/s - 24.03 m/s (planner.py:310)
INFO     [2025-01-12 11:22:04] --- select trajectory 161 (reactive_planner_cpp.py:382)
INFO     [2025-01-12 11:22:04] --- current time step: 12 (frenet_interface.py:257)
INFO     [2025-01-12 11:22:04] --- current velocity: 18.27645840544299 (frenet_interface.py:258)
INFO     [2025-01-12 11:22:04] --- current target velocity: 18.27665635484902 (frenet_interface.py:259)
INFO     [2025-01-12 11:22:06] --- Sampled interval of velocity: 0.00 m/s - 24.03 m/s (planner.py:310)
INFO     [2025-01-12 11:22:06] --- current time step: 13 (frenet_interface.py:280)
INFO     [2025-01-12 11:22:06] --- current velocity: 18.276336181802794 (frenet_interface.py:281)
INFO     [2025-01-12 11:22:06] --- current target velocity: 18.27645840544299 (frenet_interface.py:282)
INFO     [2025-01-12 11:22:07] --- Sampled interval of velocity: 0.00 m/s - 24.03 m/s (planner.py:310)
INFO     [2025-01-12 11:22:07] --- current time step: 14 (frenet_interface.py:280)
INFO     [2025-01-12 11:22:07] --- current velocity: 18.276274365285083 (frenet_interface.py:281)
INFO     [2025-01-12 11:22:07] --- current target velocity: 18.276336181802794 (frenet_interface.py:282)
INFO     [2025-01-12 11:22:09] --- Sampled interval of velocity: 0.00 m/s - 24.03 m/s (planner.py:310)
INFO     [2025-01-12 11:22:09] --- select trajectory 61 (reactive_planner_cpp.py:382)
INFO     [2025-01-12 11:22:09] --- current time step: 15 (frenet_interface.py:257)
INFO     [2025-01-12 11:22:09] --- current velocity: 18.276259417195888 (frenet_interface.py:258)
INFO     [2025-01-12 11:22:09] --- current target velocity: 18.276274365285083 (frenet_interface.py:259)
INFO     [2025-01-12 11:22:10] --- Sampled interval of velocity: 0.00 m/s - 24.03 m/s (planner.py:310)
INFO     [2025-01-12 11:22:10] --- current time step: 16 (frenet_interface.py:280)
INFO     [2025-01-12 11:22:10] --- current velocity: 18.27625125314272 (frenet_interface.py:281)
INFO     [2025-01-12 11:22:10] --- current target velocity: 18.276259417195888 (frenet_interface.py:282)
INFO     [2025-01-12 11:22:12] --- Sampled interval of velocity: 0.00 m/s - 24.03 m/s (planner.py:310)
INFO     [2025-01-12 11:22:12] --- current time step: 17 (frenet_interface.py:280)
INFO     [2025-01-12 11:22:12] --- current velocity: 18.27624504693096 (frenet_interface.py:281)
INFO     [2025-01-12 11:22:12] --- current target velocity: 18.27625125314272 (frenet_interface.py:282)
INFO     [2025-01-12 11:22:15] --- Sampled interval of velocity: 0.00 m/s - 24.03 m/s (planner.py:310)
INFO     [2025-01-12 11:22:15] --- select trajectory 61 (reactive_planner_cpp.py:382)
INFO     [2025-01-12 11:22:15] --- current time step: 18 (frenet_interface.py:257)
INFO     [2025-01-12 11:22:15] --- current velocity: 18.276241699037868 (frenet_interface.py:258)
INFO     [2025-01-12 11:22:15] --- current target velocity: 18.27624504693096 (frenet_interface.py:259)
INFO     [2025-01-12 11:22:16] --- Sampled interval of velocity: 0.00 m/s - 24.03 m/s (planner.py:310)
INFO     [2025-01-12 11:22:16] --- current time step: 19 (frenet_interface.py:280)
INFO     [2025-01-12 11:22:16] --- current velocity: 18.276238023734138 (frenet_interface.py:281)
INFO     [2025-01-12 11:22:16] --- current target velocity: 18.276241699037868 (frenet_interface.py:282)
INFO     [2025-01-12 11:22:18] --- Sampled interval of velocity: 0.00 m/s - 24.03 m/s (planner.py:310)
INFO     [2025-01-12 11:22:18] --- current time step: 20 (frenet_interface.py:280)
INFO     [2025-01-12 11:22:18] --- current velocity: 18.276235879607775 (frenet_interface.py:281)
INFO     [2025-01-12 11:22:18] --- current target velocity: 18.276238023734138 (frenet_interface.py:282)
INFO     [2025-01-12 11:22:19] --- Sampled interval of velocity: 0.00 m/s - 24.03 m/s (planner.py:310)
INFO     [2025-01-12 11:22:19] --- select trajectory 61 (reactive_planner_cpp.py:382)
INFO     [2025-01-12 11:22:19] --- current time step: 21 (frenet_interface.py:257)
INFO     [2025-01-12 11:22:19] --- current velocity: 18.276242034555903 (frenet_interface.py:258)
INFO     [2025-01-12 11:22:19] --- current target velocity: 18.276235879607775 (frenet_interface.py:259)
INFO     [2025-01-12 11:22:21] --- Sampled interval of velocity: 0.00 m/s - 24.03 m/s (planner.py:310)
INFO     [2025-01-12 11:22:21] --- current time step: 22 (frenet_interface.py:280)
INFO     [2025-01-12 11:22:21] --- current velocity: 18.276250863907116 (frenet_interface.py:281)
INFO     [2025-01-12 11:22:21] --- current target velocity: 18.276242034555903 (frenet_interface.py:282)
INFO     [2025-01-12 11:22:23] --- Sampled interval of velocity: 0.00 m/s - 24.03 m/s (planner.py:310)
INFO     [2025-01-12 11:22:23] --- current time step: 23 (frenet_interface.py:280)
INFO     [2025-01-12 11:22:23] --- current velocity: 18.276247673057263 (frenet_interface.py:281)
INFO     [2025-01-12 11:22:23] --- current target velocity: 18.276250863907116 (frenet_interface.py:282)
INFO     [2025-01-12 11:22:24] --- Sampled interval of velocity: 0.00 m/s - 24.03 m/s (planner.py:310)
INFO     [2025-01-12 11:22:24] --- select trajectory 61 (reactive_planner_cpp.py:382)
INFO     [2025-01-12 11:22:24] --- current time step: 24 (frenet_interface.py:257)
INFO     [2025-01-12 11:22:24] --- current velocity: 18.27623516491099 (frenet_interface.py:258)
INFO     [2025-01-12 11:22:24] --- current target velocity: 18.276247673057263 (frenet_interface.py:259)
INFO     [2025-01-12 11:22:26] --- Sampled interval of velocity: 0.00 m/s - 24.03 m/s (planner.py:310)
INFO     [2025-01-12 11:22:26] --- current time step: 25 (frenet_interface.py:280)
INFO     [2025-01-12 11:22:26] --- current velocity: 18.276232822128964 (frenet_interface.py:281)
INFO     [2025-01-12 11:22:26] --- current target velocity: 18.27623516491099 (frenet_interface.py:282)
INFO     [2025-01-12 11:22:27] --- Sampled interval of velocity: 0.00 m/s - 24.03 m/s (planner.py:310)
INFO     [2025-01-12 11:22:27] --- current time step: 26 (frenet_interface.py:280)
INFO     [2025-01-12 11:22:27] --- current velocity: 18.276240541122345 (frenet_interface.py:281)
INFO     [2025-01-12 11:22:27] --- current target velocity: 18.276232822128964 (frenet_interface.py:282)
INFO     [2025-01-12 11:22:30] --- Sampled interval of velocity: 0.00 m/s - 24.03 m/s (planner.py:310)
INFO     [2025-01-12 11:22:30] --- select trajectory 461 (reactive_planner_cpp.py:382)
INFO     [2025-01-12 11:22:30] --- current time step: 27 (frenet_interface.py:257)
INFO     [2025-01-12 11:22:30] --- current velocity: 18.276244059460048 (frenet_interface.py:258)
INFO     [2025-01-12 11:22:30] --- current target velocity: 18.276240541122345 (frenet_interface.py:259)
INFO     [2025-01-12 11:22:31] --- Sampled interval of velocity: 0.00 m/s - 24.03 m/s (planner.py:310)
INFO     [2025-01-12 11:22:31] --- current time step: 28 (frenet_interface.py:280)
INFO     [2025-01-12 11:22:31] --- current velocity: 18.276240580019007 (frenet_interface.py:281)
INFO     [2025-01-12 11:22:31] --- current target velocity: 18.276244059460048 (frenet_interface.py:282)
INFO     [2025-01-12 11:22:34] --- Sampled interval of velocity: 0.00 m/s - 24.03 m/s (planner.py:310)
INFO     [2025-01-12 11:22:34] --- current time step: 29 (frenet_interface.py:280)
INFO     [2025-01-12 11:22:34] --- current velocity: 18.27623686241252 (frenet_interface.py:281)
INFO     [2025-01-12 11:22:34] --- current target velocity: 18.276240580019007 (frenet_interface.py:282)
INFO     [2025-01-12 11:22:35] --- Sampled interval of velocity: 0.00 m/s - 24.03 m/s (planner.py:310)
INFO     [2025-01-12 11:22:35] --- select trajectory 161 (reactive_planner_cpp.py:382)
INFO     [2025-01-12 11:22:35] --- current time step: 30 (frenet_interface.py:257)
INFO     [2025-01-12 11:22:35] --- current velocity: 18.27623496858867 (frenet_interface.py:258)
INFO     [2025-01-12 11:22:35] --- current target velocity: 18.27623686241252 (frenet_interface.py:259)
INFO     [2025-01-12 11:22:37] --- Sampled interval of velocity: 0.00 m/s - 24.03 m/s (planner.py:310)
INFO     [2025-01-12 11:22:37] --- current time step: 31 (frenet_interface.py:280)
INFO     [2025-01-12 11:22:37] --- current velocity: 18.276233969832813 (frenet_interface.py:281)
INFO     [2025-01-12 11:22:37] --- current target velocity: 18.27623496858867 (frenet_interface.py:282)
INFO     [2025-01-12 11:22:38] --- Sampled interval of velocity: 0.00 m/s - 24.03 m/s (planner.py:310)
INFO     [2025-01-12 11:22:38] --- current time step: 32 (frenet_interface.py:280)
INFO     [2025-01-12 11:22:38] --- current velocity: 18.27623379992453 (frenet_interface.py:281)
INFO     [2025-01-12 11:22:38] --- current target velocity: 18.276233969832813 (frenet_interface.py:282)
INFO     [2025-01-12 11:22:40] --- Sampled interval of velocity: 0.00 m/s - 24.03 m/s (planner.py:310)
INFO     [2025-01-12 11:22:40] --- select trajectory 61 (reactive_planner_cpp.py:382)
INFO     [2025-01-12 11:22:40] --- current time step: 33 (frenet_interface.py:257)
INFO     [2025-01-12 11:22:40] --- current velocity: 18.276233930851323 (frenet_interface.py:258)
INFO     [2025-01-12 11:22:40] --- current target velocity: 18.27623379992453 (frenet_interface.py:259)
INFO     [2025-01-12 11:22:42] --- Sampled interval of velocity: 0.00 m/s - 24.03 m/s (planner.py:310)
INFO     [2025-01-12 11:22:42] --- current time step: 34 (frenet_interface.py:280)
INFO     [2025-01-12 11:22:42] --- current velocity: 18.276234211607253 (frenet_interface.py:281)
INFO     [2025-01-12 11:22:42] --- current target velocity: 18.276233930851323 (frenet_interface.py:282)
INFO     [2025-01-12 11:22:44] --- Sampled interval of velocity: 0.00 m/s - 24.03 m/s (planner.py:310)
INFO     [2025-01-12 11:22:44] --- current time step: 35 (frenet_interface.py:280)
INFO     [2025-01-12 11:22:44] --- current velocity: 18.276234373928858 (frenet_interface.py:281)
INFO     [2025-01-12 11:22:44] --- current target velocity: 18.276234211607253 (frenet_interface.py:282)
INFO     [2025-01-12 11:22:45] --- Sampled interval of velocity: 0.00 m/s - 24.03 m/s (planner.py:310)
INFO     [2025-01-12 11:22:45] --- select trajectory 61 (reactive_planner_cpp.py:382)
INFO     [2025-01-12 11:22:45] --- current time step: 36 (frenet_interface.py:257)
INFO     [2025-01-12 11:22:45] --- current velocity: 18.276234215453194 (frenet_interface.py:258)
INFO     [2025-01-12 11:22:45] --- current target velocity: 18.276234373928858 (frenet_interface.py:259)
INFO     [2025-01-12 11:22:47] --- Sampled interval of velocity: 0.00 m/s - 24.03 m/s (planner.py:310)
INFO     [2025-01-12 11:22:47] --- current time step: 37 (frenet_interface.py:280)
INFO     [2025-01-12 11:22:47] --- current velocity: 18.27623405601838 (frenet_interface.py:281)
INFO     [2025-01-12 11:22:47] --- current target velocity: 18.276234215453194 (frenet_interface.py:282)
INFO     [2025-01-12 11:22:49] --- Sampled interval of velocity: 0.00 m/s - 24.03 m/s (planner.py:310)
INFO     [2025-01-12 11:22:49] --- current time step: 38 (frenet_interface.py:280)
INFO     [2025-01-12 11:22:49] --- current velocity: 18.276234046426403 (frenet_interface.py:281)
INFO     [2025-01-12 11:22:49] --- current target velocity: 18.27623405601838 (frenet_interface.py:282)
INFO     [2025-01-12 11:22:51] --- Sampled interval of velocity: 0.00 m/s - 24.03 m/s (planner.py:310)
INFO     [2025-01-12 11:22:51] --- select trajectory 61 (reactive_planner_cpp.py:382)
INFO     [2025-01-12 11:22:51] --- current time step: 39 (frenet_interface.py:257)
INFO     [2025-01-12 11:22:51] --- current velocity: 18.27623406144807 (frenet_interface.py:258)
INFO     [2025-01-12 11:22:51] --- current target velocity: 18.276234046426403 (frenet_interface.py:259)
INFO     [2025-01-12 11:22:52] --- Sampled interval of velocity: 0.00 m/s - 24.03 m/s (planner.py:310)
INFO     [2025-01-12 11:22:52] --- current time step: 40 (frenet_interface.py:280)
INFO     [2025-01-12 11:22:52] --- current velocity: 18.276234062271193 (frenet_interface.py:281)
INFO     [2025-01-12 11:22:52] --- current target velocity: 18.27623406144807 (frenet_interface.py:282)
INFO     [2025-01-12 11:22:55] --- Sampled interval of velocity: 0.00 m/s - 24.03 m/s (planner.py:310)
INFO     [2025-01-12 11:22:55] --- current time step: 41 (frenet_interface.py:280)
INFO     [2025-01-12 11:22:55] --- current velocity: 18.276234022050858 (frenet_interface.py:281)
INFO     [2025-01-12 11:22:55] --- current target velocity: 18.276234062271193 (frenet_interface.py:282)
INFO     [2025-01-12 11:22:56] --- Sampled interval of velocity: 0.00 m/s - 24.03 m/s (planner.py:310)
INFO     [2025-01-12 11:22:56] --- select trajectory 441 (reactive_planner_cpp.py:382)
INFO     [2025-01-12 11:22:56] --- current time step: 42 (frenet_interface.py:257)
INFO     [2025-01-12 11:22:56] --- current velocity: 18.22871996752576 (frenet_interface.py:258)
INFO     [2025-01-12 11:22:56] --- current target velocity: 18.276234022050858 (frenet_interface.py:259)
INFO     [2025-01-12 11:22:59] --- Sampled interval of velocity: 0.00 m/s - 23.98 m/s (planner.py:310)
INFO     [2025-01-12 11:22:59] --- current time step: 43 (frenet_interface.py:280)
INFO     [2025-01-12 11:22:59] --- current velocity: 18.095680821921817 (frenet_interface.py:281)
INFO     [2025-01-12 11:22:59] --- current target velocity: 18.22871996752576 (frenet_interface.py:282)
INFO     [2025-01-12 11:23:00] --- Sampled interval of velocity: 0.00 m/s - 23.85 m/s (planner.py:310)
INFO     [2025-01-12 11:23:00] --- current time step: 44 (frenet_interface.py:280)
INFO     [2025-01-12 11:23:00] --- current velocity: 17.891370542870945 (frenet_interface.py:281)
INFO     [2025-01-12 11:23:00] --- current target velocity: 18.095680821921817 (frenet_interface.py:282)
INFO     [2025-01-12 11:23:02] --- Sampled interval of velocity: 0.00 m/s - 23.64 m/s (planner.py:310)
INFO     [2025-01-12 11:23:02] --- select trajectory 531 (reactive_planner_cpp.py:382)
INFO     [2025-01-12 11:23:02] --- current time step: 45 (frenet_interface.py:257)
INFO     [2025-01-12 11:23:02] --- current velocity: 17.756396696620456 (frenet_interface.py:258)
INFO     [2025-01-12 11:23:02] --- current target velocity: 17.891370542870945 (frenet_interface.py:259)
INFO     [2025-01-12 11:23:05] --- Sampled interval of velocity: 0.00 m/s - 23.51 m/s (planner.py:310)
INFO     [2025-01-12 11:23:05] --- current time step: 46 (frenet_interface.py:280)
INFO     [2025-01-12 11:23:05] --- current velocity: 17.588737702052416 (frenet_interface.py:281)
INFO     [2025-01-12 11:23:05] --- current target velocity: 17.756396696620456 (frenet_interface.py:282)
INFO     [2025-01-12 11:23:06] --- Sampled interval of velocity: 0.00 m/s - 23.34 m/s (planner.py:310)
INFO     [2025-01-12 11:23:06] --- current time step: 47 (frenet_interface.py:280)
INFO     [2025-01-12 11:23:06] --- current velocity: 17.391495488609415 (frenet_interface.py:281)
INFO     [2025-01-12 11:23:06] --- current target velocity: 17.588737702052416 (frenet_interface.py:282)
INFO     [2025-01-12 11:23:07] --- Sampled interval of velocity: 0.00 m/s - 23.14 m/s (planner.py:310)
INFO     [2025-01-12 11:23:07] --- select trajectory 21 (reactive_planner_cpp.py:382)
INFO     [2025-01-12 11:23:07] --- current time step: 48 (frenet_interface.py:257)
INFO     [2025-01-12 11:23:07] --- current velocity: 17.211145115878413 (frenet_interface.py:258)
INFO     [2025-01-12 11:23:07] --- current target velocity: 17.391495488609415 (frenet_interface.py:259)
INFO     [2025-01-12 11:23:10] --- Sampled interval of velocity: 0.00 m/s - 22.96 m/s (planner.py:310)
INFO     [2025-01-12 11:23:10] --- current time step: 49 (frenet_interface.py:280)
INFO     [2025-01-12 11:23:10] --- current velocity: 16.893819946166275 (frenet_interface.py:281)
INFO     [2025-01-12 11:23:10] --- current target velocity: 17.211145115878413 (frenet_interface.py:282)
INFO     [2025-01-12 11:23:11] --- Sampled interval of velocity: 0.00 m/s - 22.64 m/s (planner.py:310)
INFO     [2025-01-12 11:23:11] --- current time step: 50 (frenet_interface.py:280)
INFO     [2025-01-12 11:23:11] --- current velocity: 16.458610440856024 (frenet_interface.py:281)
INFO     [2025-01-12 11:23:11] --- current target velocity: 16.893819946166275 (frenet_interface.py:282)
INFO     [2025-01-12 11:23:13] --- Sampled interval of velocity: 0.00 m/s - 22.21 m/s (planner.py:310)
INFO     [2025-01-12 11:23:13] --- select trajectory 421 (reactive_planner_cpp.py:382)
INFO     [2025-01-12 11:23:13] --- current time step: 51 (frenet_interface.py:257)
INFO     [2025-01-12 11:23:13] --- current velocity: 16.12980446708037 (frenet_interface.py:258)
INFO     [2025-01-12 11:23:13] --- current target velocity: 16.458610440856024 (frenet_interface.py:259)
INFO     [2025-01-12 11:23:16] --- Sampled interval of velocity: 0.00 m/s - 21.88 m/s (planner.py:310)
INFO     [2025-01-12 11:23:16] --- current time step: 52 (frenet_interface.py:280)
INFO     [2025-01-12 11:23:16] --- current velocity: 15.649899149064627 (frenet_interface.py:281)
INFO     [2025-01-12 11:23:16] --- current target velocity: 16.12980446708037 (frenet_interface.py:282)
INFO     [2025-01-12 11:23:16] --- Sampled interval of velocity: 0.00 m/s - 21.40 m/s (planner.py:310)
INFO     [2025-01-12 11:23:16] --- current time step: 53 (frenet_interface.py:280)
INFO     [2025-01-12 11:23:16] --- current velocity: 15.046981222491569 (frenet_interface.py:281)
INFO     [2025-01-12 11:23:16] --- current target velocity: 15.649899149064627 (frenet_interface.py:282)
INFO     [2025-01-12 11:23:18] --- Sampled interval of velocity: 0.00 m/s - 20.80 m/s (planner.py:310)
INFO     [2025-01-12 11:23:18] --- select trajectory 421 (reactive_planner_cpp.py:382)
INFO     [2025-01-12 11:23:18] --- current time step: 54 (frenet_interface.py:257)
INFO     [2025-01-12 11:23:18] --- current velocity: 14.658920845682228 (frenet_interface.py:258)
INFO     [2025-01-12 11:23:18] --- current target velocity: 15.046981222491569 (frenet_interface.py:259)
INFO     [2025-01-12 11:23:21] --- Sampled interval of velocity: 0.00 m/s - 20.41 m/s (planner.py:310)
INFO     [2025-01-12 11:23:21] --- current time step: 55 (frenet_interface.py:280)
INFO     [2025-01-12 11:23:21] --- current velocity: 14.164247054990678 (frenet_interface.py:281)
INFO     [2025-01-12 11:23:21] --- current target velocity: 14.658920845682228 (frenet_interface.py:282)
INFO     [2025-01-12 11:23:22] --- Sampled interval of velocity: 0.00 m/s - 19.91 m/s (planner.py:310)
INFO     [2025-01-12 11:23:22] --- current time step: 56 (frenet_interface.py:280)
INFO     [2025-01-12 11:23:22] --- current velocity: 13.584627795480953 (frenet_interface.py:281)
INFO     [2025-01-12 11:23:22] --- current target velocity: 14.164247054990678 (frenet_interface.py:282)
INFO     [2025-01-12 11:23:23] --- Sampled interval of velocity: 0.00 m/s - 19.33 m/s (planner.py:310)
INFO     [2025-01-12 11:23:23] --- select trajectory 121 (reactive_planner_cpp.py:382)
INFO     [2025-01-12 11:23:23] --- current time step: 57 (frenet_interface.py:257)
INFO     [2025-01-12 11:23:23] --- current velocity: 13.183037132746115 (frenet_interface.py:258)
INFO     [2025-01-12 11:23:23] --- current target velocity: 13.584627795480953 (frenet_interface.py:259)
INFO     [2025-01-12 11:23:26] --- Sampled interval of velocity: 0.00 m/s - 18.93 m/s (planner.py:310)
INFO     [2025-01-12 11:23:26] --- current time step: 58 (frenet_interface.py:280)
INFO     [2025-01-12 11:23:26] --- current velocity: 12.621039037090293 (frenet_interface.py:281)
INFO     [2025-01-12 11:23:26] --- current target velocity: 13.183037132746115 (frenet_interface.py:282)
INFO     [2025-01-12 11:23:26] --- Sampled interval of velocity: 0.00 m/s - 18.37 m/s (planner.py:310)
INFO     [2025-01-12 11:23:26] --- current time step: 59 (frenet_interface.py:280)
INFO     [2025-01-12 11:23:26] --- current velocity: 11.940490449839126 (frenet_interface.py:281)
INFO     [2025-01-12 11:23:26] --- current target velocity: 12.621039037090293 (frenet_interface.py:282)
INFO     [2025-01-12 11:23:29] --- Sampled interval of velocity: 0.00 m/s - 17.69 m/s (planner.py:310)
INFO     [2025-01-12 11:23:29] --- select trajectory 121 (reactive_planner_cpp.py:382)
INFO     [2025-01-12 11:23:29] --- current time step: 60 (frenet_interface.py:257)
INFO     [2025-01-12 11:23:29] --- current velocity: 11.516964367665441 (frenet_interface.py:258)
INFO     [2025-01-12 11:23:29] --- current target velocity: 11.940490449839126 (frenet_interface.py:259)
INFO     [2025-01-12 11:23:31] --- Sampled interval of velocity: 0.00 m/s - 17.27 m/s (planner.py:310)
INFO     [2025-01-12 11:23:31] --- current time step: 61 (frenet_interface.py:280)
INFO     [2025-01-12 11:23:31] --- current velocity: 10.992151172475412 (frenet_interface.py:281)
INFO     [2025-01-12 11:23:31] --- current target velocity: 11.516964367665441 (frenet_interface.py:282)
INFO     [2025-01-12 11:23:32] --- Sampled interval of velocity: 0.00 m/s - 16.74 m/s (planner.py:310)
INFO     [2025-01-12 11:23:32] --- current time step: 62 (frenet_interface.py:280)
INFO     [2025-01-12 11:23:32] --- current velocity: 10.39589114143886 (frenet_interface.py:281)
INFO     [2025-01-12 11:23:32] --- current target velocity: 10.992151172475412 (frenet_interface.py:282)
INFO     [2025-01-12 11:23:33] --- Sampled interval of velocity: 0.00 m/s - 16.15 m/s (planner.py:310)
INFO     [2025-01-12 11:23:33] --- select trajectory 101 (reactive_planner_cpp.py:382)
INFO     [2025-01-12 11:23:33] --- current time step: 63 (frenet_interface.py:257)
INFO     [2025-01-12 11:23:33] --- current velocity: 9.943749631970029 (frenet_interface.py:258)
INFO     [2025-01-12 11:23:33] --- current target velocity: 10.39589114143886 (frenet_interface.py:259)
INFO     [2025-01-12 11:23:36] --- Sampled interval of velocity: 0.00 m/s - 15.69 m/s (planner.py:310)
INFO     [2025-01-12 11:23:36] --- current time step: 64 (frenet_interface.py:280)
INFO     [2025-01-12 11:23:36] --- current velocity: 9.249428977891869 (frenet_interface.py:281)
INFO     [2025-01-12 11:23:36] --- current target velocity: 9.943749631970029 (frenet_interface.py:282)
INFO     [2025-01-12 11:23:37] --- Sampled interval of velocity: 0.00 m/s - 15.00 m/s (planner.py:310)
INFO     [2025-01-12 11:23:37] --- current time step: 65 (frenet_interface.py:280)
INFO     [2025-01-12 11:23:37] --- current velocity: 8.373029965724376 (frenet_interface.py:281)
INFO     [2025-01-12 11:23:37] --- current target velocity: 9.249428977891869 (frenet_interface.py:282)
INFO     [2025-01-12 11:23:38] --- Sampled interval of velocity: 0.00 m/s - 14.12 m/s (planner.py:310)
WARNING  [2025-01-12 11:23:40] --- No optimal trajectory available. Select stopping trajectory! (reactive_planner_cpp.py:407)
INFO     [2025-01-12 11:23:40] --- current time step: 66 (frenet_interface.py:257)
INFO     [2025-01-12 11:23:40] --- current velocity: 7.78654953121628 (frenet_interface.py:258)
INFO     [2025-01-12 11:23:40] --- current target velocity: 8.373029965724376 (frenet_interface.py:259)
INFO     [2025-01-12 11:23:43] --- Sampled interval of velocity: 0.00 m/s - 13.54 m/s (planner.py:310)
INFO     [2025-01-12 11:23:43] --- current time step: 67 (frenet_interface.py:280)
INFO     [2025-01-12 11:23:43] --- current velocity: 7.0091734866479465 (frenet_interface.py:281)
INFO     [2025-01-12 11:23:43] --- current target velocity: 7.78654953121628 (frenet_interface.py:282)
