CRITICAL [2025-01-12 11:42:54] --- Start Planner Vehicle ID: 3521 (frenet_interface.py:67)
INFO     [2025-01-12 11:42:54] --- Sampled interval of velocity: 0.00 m/s - 13.85 m/s (planner.py:310)
INFO     [2025-01-12 11:42:54] --- select trajectory 421 (reactive_planner_cpp.py:382)
INFO     [2025-01-12 11:42:54] --- current time step: 0 (frenet_interface.py:257)
INFO     [2025-01-12 11:42:54] --- current velocity: 8.055863372776678 (frenet_interface.py:258)
INFO     [2025-01-12 11:42:54] --- current target velocity: 8.811251220004213 (frenet_interface.py:259)
INFO     [2025-01-12 11:42:56] --- Sampled interval of velocity: 0.00 m/s - 13.81 m/s (planner.py:310)
INFO     [2025-01-12 11:42:56] --- current time step: 1 (frenet_interface.py:280)
INFO     [2025-01-12 11:42:56] --- current velocity: 7.937350512884331 (frenet_interface.py:281)
INFO     [2025-01-12 11:42:56] --- current target velocity: 8.816164626526083 (frenet_interface.py:282)
INFO     [2025-01-12 11:42:56] --- Sampled interval of velocity: 0.00 m/s - 13.69 m/s (planner.py:310)
INFO     [2025-01-12 11:42:56] --- current time step: 2 (frenet_interface.py:280)
INFO     [2025-01-12 11:42:56] --- current velocity: 7.755382885444016 (frenet_interface.py:281)
INFO     [2025-01-12 11:42:56] --- current target velocity: 8.821698472120886 (frenet_interface.py:282)
INFO     [2025-01-12 11:42:57] --- Sampled interval of velocity: 0.00 m/s - 13.51 m/s (planner.py:310)
INFO     [2025-01-12 11:42:57] --- select trajectory 411 (reactive_planner_cpp.py:382)
INFO     [2025-01-12 11:42:57] --- current time step: 3 (frenet_interface.py:257)
INFO     [2025-01-12 11:42:57] --- current velocity: 7.601306484414732 (frenet_interface.py:258)
INFO     [2025-01-12 11:42:57] --- current target velocity: 8.828344302123448 (frenet_interface.py:259)
INFO     [2025-01-12 11:42:58] --- Sampled interval of velocity: 0.00 m/s - 13.35 m/s (planner.py:310)
INFO     [2025-01-12 11:42:58] --- current time step: 4 (frenet_interface.py:280)
INFO     [2025-01-12 11:42:58] --- current velocity: 7.35906802467296 (frenet_interface.py:281)
INFO     [2025-01-12 11:42:58] --- current target velocity: 8.836218600799482 (frenet_interface.py:282)
INFO     [2025-01-12 11:42:58] --- Sampled interval of velocity: 0.00 m/s - 13.11 m/s (planner.py:310)
INFO     [2025-01-12 11:42:58] --- current time step: 5 (frenet_interface.py:280)
INFO     [2025-01-12 11:42:58] --- current velocity: 7.044588944567783 (frenet_interface.py:281)
INFO     [2025-01-12 11:42:58] --- current target velocity: 8.84558818924188 (frenet_interface.py:282)
INFO     [2025-01-12 11:42:59] --- Sampled interval of velocity: 0.00 m/s - 12.79 m/s (planner.py:310)
INFO     [2025-01-12 11:42:59] --- select trajectory 146 (reactive_planner_cpp.py:382)
INFO     [2025-01-12 11:42:59] --- current time step: 6 (frenet_interface.py:257)
INFO     [2025-01-12 11:42:59] --- current velocity: 6.92410217996472 (frenet_interface.py:258)
INFO     [2025-01-12 11:42:59] --- current target velocity: 8.857045218560854 (frenet_interface.py:259)
INFO     [2025-01-12 11:43:01] --- Sampled interval of velocity: 0.00 m/s - 12.67 m/s (planner.py:310)
INFO     [2025-01-12 11:43:01] --- current time step: 7 (frenet_interface.py:280)
INFO     [2025-01-12 11:43:01] --- current velocity: 6.896450281774446 (frenet_interface.py:281)
INFO     [2025-01-12 11:43:01] --- current target velocity: 8.870292786178922 (frenet_interface.py:282)
INFO     [2025-01-12 11:43:01] --- Sampled interval of velocity: 0.00 m/s - 12.65 m/s (planner.py:310)
INFO     [2025-01-12 11:43:01] --- current time step: 8 (frenet_interface.py:280)
INFO     [2025-01-12 11:43:01] --- current velocity: 6.944507873359468 (frenet_interface.py:281)
INFO     [2025-01-12 11:43:01] --- current target velocity: 8.88424358033471 (frenet_interface.py:282)
INFO     [2025-01-12 11:43:02] --- Sampled interval of velocity: 0.00 m/s - 12.69 m/s (planner.py:310)
INFO     [2025-01-12 11:43:02] --- select trajectory 401 (reactive_planner_cpp.py:382)
INFO     [2025-01-12 11:43:02] --- current time step: 9 (frenet_interface.py:257)
INFO     [2025-01-12 11:43:02] --- current velocity: 6.900988850513965 (frenet_interface.py:258)
INFO     [2025-01-12 11:43:02] --- current target velocity: 8.898310580701752 (frenet_interface.py:259)
INFO     [2025-01-12 11:43:03] --- Sampled interval of velocity: 0.00 m/s - 12.65 m/s (planner.py:310)
INFO     [2025-01-12 11:43:03] --- current time step: 10 (frenet_interface.py:280)
INFO     [2025-01-12 11:43:03] --- current velocity: 6.706681150871489 (frenet_interface.py:281)
INFO     [2025-01-12 11:43:03] --- current target velocity: 8.912425559277784 (frenet_interface.py:282)
INFO     [2025-01-12 11:43:04] --- Sampled interval of velocity: 0.00 m/s - 12.46 m/s (planner.py:310)
INFO     [2025-01-12 11:43:04] --- current time step: 11 (frenet_interface.py:280)
INFO     [2025-01-12 11:43:04] --- current velocity: 6.38624468610998 (frenet_interface.py:281)
INFO     [2025-01-12 11:43:04] --- current target velocity: 8.927621606084196 (frenet_interface.py:282)
INFO     [2025-01-12 11:43:05] --- Sampled interval of velocity: 0.00 m/s - 12.14 m/s (planner.py:310)
INFO     [2025-01-12 11:43:05] --- select trajectory 1 (reactive_planner_cpp.py:382)
INFO     [2025-01-12 11:43:05] --- current time step: 12 (frenet_interface.py:257)
INFO     [2025-01-12 11:43:05] --- current velocity: 6.171474238852714 (frenet_interface.py:258)
INFO     [2025-01-12 11:43:05] --- current target velocity: 8.944933057191351 (frenet_interface.py:259)
INFO     [2025-01-12 11:43:06] --- Sampled interval of velocity: 0.00 m/s - 11.92 m/s (planner.py:310)
INFO     [2025-01-12 11:43:06] --- current time step: 13 (frenet_interface.py:280)
INFO     [2025-01-12 11:43:06] --- current velocity: 5.907784860846789 (frenet_interface.py:281)
INFO     [2025-01-12 11:43:06] --- current target velocity: 8.964504038133688 (frenet_interface.py:282)
INFO     [2025-01-12 11:43:07] --- Sampled interval of velocity: 0.00 m/s - 11.66 m/s (planner.py:310)
INFO     [2025-01-12 11:43:07] --- current time step: 14 (frenet_interface.py:280)
INFO     [2025-01-12 11:43:07] --- current velocity: 5.603163869209129 (frenet_interface.py:281)
INFO     [2025-01-12 11:43:07] --- current target velocity: 8.986141984385691 (frenet_interface.py:282)
INFO     [2025-01-12 11:43:08] --- Sampled interval of velocity: 0.00 m/s - 11.35 m/s (planner.py:310)
INFO     [2025-01-12 11:43:08] --- select trajectory 11 (reactive_planner_cpp.py:382)
INFO     [2025-01-12 11:43:08] --- current time step: 15 (frenet_interface.py:257)
INFO     [2025-01-12 11:43:08] --- current velocity: 5.432797528813292 (frenet_interface.py:258)
INFO     [2025-01-12 11:43:08] --- current target velocity: 9.010228465766659 (frenet_interface.py:259)
INFO     [2025-01-12 11:43:09] --- Sampled interval of velocity: 0.00 m/s - 11.18 m/s (planner.py:310)
INFO     [2025-01-12 11:43:09] --- current time step: 16 (frenet_interface.py:280)
INFO     [2025-01-12 11:43:09] --- current velocity: 5.246379096547402 (frenet_interface.py:281)
INFO     [2025-01-12 11:43:09] --- current target velocity: 9.03647488741654 (frenet_interface.py:282)
INFO     [2025-01-12 11:43:10] --- Sampled interval of velocity: 0.00 m/s - 11.00 m/s (planner.py:310)
INFO     [2025-01-12 11:43:10] --- current time step: 17 (frenet_interface.py:280)
INFO     [2025-01-12 11:43:10] --- current velocity: 5.04731325085315 (frenet_interface.py:281)
INFO     [2025-01-12 11:43:10] --- current target velocity: 9.064472634455871 (frenet_interface.py:282)
INFO     [2025-01-12 11:43:10] --- Sampled interval of velocity: 0.00 m/s - 10.80 m/s (planner.py:310)
INFO     [2025-01-12 11:43:10] --- select trajectory 756 (reactive_planner_cpp.py:382)
INFO     [2025-01-12 11:43:10] --- current time step: 18 (frenet_interface.py:257)
INFO     [2025-01-12 11:43:10] --- current velocity: 4.951879531396367 (frenet_interface.py:258)
INFO     [2025-01-12 11:43:10] --- current target velocity: 9.094371335113367 (frenet_interface.py:259)
INFO     [2025-01-12 11:43:13] --- Sampled interval of velocity: 0.00 m/s - 10.70 m/s (planner.py:310)
INFO     [2025-01-12 11:43:13] --- current time step: 19 (frenet_interface.py:280)
INFO     [2025-01-12 11:43:13] --- current velocity: 4.869379750395603 (frenet_interface.py:281)
INFO     [2025-01-12 11:43:13] --- current target velocity: 9.125878238437988 (frenet_interface.py:282)
INFO     [2025-01-12 11:43:13] --- Sampled interval of velocity: 0.00 m/s - 10.62 m/s (planner.py:310)
INFO     [2025-01-12 11:43:13] --- current time step: 20 (frenet_interface.py:280)
INFO     [2025-01-12 11:43:13] --- current velocity: 4.799133702909454 (frenet_interface.py:281)
INFO     [2025-01-12 11:43:13] --- current target velocity: 9.158562831248727 (frenet_interface.py:282)
INFO     [2025-01-12 11:43:14] --- Sampled interval of velocity: 0.00 m/s - 10.55 m/s (planner.py:310)
INFO     [2025-01-12 11:43:14] --- select trajectory 651 (reactive_planner_cpp.py:382)
INFO     [2025-01-12 11:43:14] --- current time step: 21 (frenet_interface.py:257)
INFO     [2025-01-12 11:43:14] --- current velocity: 4.775392593195719 (frenet_interface.py:258)
INFO     [2025-01-12 11:43:14] --- current target velocity: 9.192354311016103 (frenet_interface.py:259)
INFO     [2025-01-12 11:43:16] --- Sampled interval of velocity: 0.00 m/s - 10.53 m/s (planner.py:310)
INFO     [2025-01-12 11:43:16] --- current time step: 22 (frenet_interface.py:280)
INFO     [2025-01-12 11:43:16] --- current velocity: 4.767780188576733 (frenet_interface.py:281)
INFO     [2025-01-12 11:43:16] --- current target velocity: 9.2270510584939 (frenet_interface.py:282)
INFO     [2025-01-12 11:43:16] --- Sampled interval of velocity: 0.00 m/s - 10.52 m/s (planner.py:310)
INFO     [2025-01-12 11:43:16] --- current time step: 23 (frenet_interface.py:280)
INFO     [2025-01-12 11:43:16] --- current velocity: 4.775184052966541 (frenet_interface.py:281)
INFO     [2025-01-12 11:43:16] --- current target velocity: 9.26242219601341 (frenet_interface.py:282)
INFO     [2025-01-12 11:43:17] --- Sampled interval of velocity: 0.00 m/s - 10.53 m/s (planner.py:310)
INFO     [2025-01-12 11:43:17] --- select trajectory 151 (reactive_planner_cpp.py:382)
INFO     [2025-01-12 11:43:17] --- current time step: 24 (frenet_interface.py:257)
INFO     [2025-01-12 11:43:17] --- current velocity: 4.8231970781870075 (frenet_interface.py:258)
INFO     [2025-01-12 11:43:17] --- current target velocity: 9.298359341307798 (frenet_interface.py:259)
INFO     [2025-01-12 11:43:18] --- Sampled interval of velocity: 0.00 m/s - 10.57 m/s (planner.py:310)
INFO     [2025-01-12 11:43:18] --- current time step: 25 (frenet_interface.py:280)
INFO     [2025-01-12 11:43:18] --- current velocity: 4.942095273880983 (frenet_interface.py:281)
INFO     [2025-01-12 11:43:18] --- current target velocity: 9.33469591856678 (frenet_interface.py:282)
INFO     [2025-01-12 11:43:19] --- Sampled interval of velocity: 0.00 m/s - 10.69 m/s (planner.py:310)
INFO     [2025-01-12 11:43:19] --- current time step: 26 (frenet_interface.py:280)
INFO     [2025-01-12 11:43:19] --- current velocity: 5.115979108348164 (frenet_interface.py:281)
INFO     [2025-01-12 11:43:19] --- current target velocity: 9.370934073617683 (frenet_interface.py:282)
INFO     [2025-01-12 11:43:19] --- Sampled interval of velocity: 0.00 m/s - 10.87 m/s (planner.py:310)
INFO     [2025-01-12 11:43:19] --- select trajectory 141 (reactive_planner_cpp.py:382)
INFO     [2025-01-12 11:43:19] --- current time step: 27 (frenet_interface.py:257)
INFO     [2025-01-12 11:43:19] --- current velocity: 5.236031423733385 (frenet_interface.py:258)
INFO     [2025-01-12 11:43:19] --- current target velocity: 9.406555534027655 (frenet_interface.py:259)
INFO     [2025-01-12 11:43:21] --- Sampled interval of velocity: 0.00 m/s - 10.99 m/s (planner.py:310)
INFO     [2025-01-12 11:43:21] --- current time step: 28 (frenet_interface.py:280)
INFO     [2025-01-12 11:43:21] --- current velocity: 5.393277151061018 (frenet_interface.py:281)
INFO     [2025-01-12 11:43:21] --- current target velocity: 9.441547945551141 (frenet_interface.py:282)
INFO     [2025-01-12 11:43:21] --- Sampled interval of velocity: 0.00 m/s - 11.14 m/s (planner.py:310)
INFO     [2025-01-12 11:43:21] --- current time step: 29 (frenet_interface.py:280)
INFO     [2025-01-12 11:43:21] --- current velocity: 5.577469438049286 (frenet_interface.py:281)
INFO     [2025-01-12 11:43:21] --- current target velocity: 9.475961067477593 (frenet_interface.py:282)
INFO     [2025-01-12 11:43:21] --- Sampled interval of velocity: 0.00 m/s - 11.33 m/s (planner.py:310)
INFO     [2025-01-12 11:43:22] --- select trajectory 151 (reactive_planner_cpp.py:382)
INFO     [2025-01-12 11:43:22] --- current time step: 30 (frenet_interface.py:257)
INFO     [2025-01-12 11:43:22] --- current velocity: 5.692734322233102 (frenet_interface.py:258)
INFO     [2025-01-12 11:43:22] --- current target velocity: 9.509510791974922 (frenet_interface.py:259)
INFO     [2025-01-12 11:43:23] --- Sampled interval of velocity: 0.00 m/s - 11.44 m/s (planner.py:310)
INFO     [2025-01-12 11:43:23] --- current time step: 31 (frenet_interface.py:280)
INFO     [2025-01-12 11:43:23] --- current velocity: 5.838457725011294 (frenet_interface.py:281)
INFO     [2025-01-12 11:43:23] --- current target velocity: 9.542369457353175 (frenet_interface.py:282)
INFO     [2025-01-12 11:43:23] --- Sampled interval of velocity: 0.00 m/s - 11.59 m/s (planner.py:310)
INFO     [2025-01-12 11:43:23] --- current time step: 32 (frenet_interface.py:280)
INFO     [2025-01-12 11:43:23] --- current velocity: 6.005909109312329 (frenet_interface.py:281)
INFO     [2025-01-12 11:43:23] --- current target velocity: 9.574668253677672 (frenet_interface.py:282)
INFO     [2025-01-12 11:43:24] --- Sampled interval of velocity: 0.00 m/s - 11.76 m/s (planner.py:310)
INFO     [2025-01-12 11:43:24] --- select trajectory 451 (reactive_planner_cpp.py:382)
INFO     [2025-01-12 11:43:24] --- current time step: 33 (frenet_interface.py:257)
INFO     [2025-01-12 11:43:24] --- current velocity: 6.101090638918276 (frenet_interface.py:258)
INFO     [2025-01-12 11:43:24] --- current target velocity: 9.606167753547744 (frenet_interface.py:259)
INFO     [2025-01-12 11:43:25] --- Sampled interval of velocity: 0.00 m/s - 11.85 m/s (planner.py:310)
INFO     [2025-01-12 11:43:25] --- current time step: 34 (frenet_interface.py:280)
INFO     [2025-01-12 11:43:25] --- current velocity: 6.2091096292767896 (frenet_interface.py:281)
INFO     [2025-01-12 11:43:25] --- current target velocity: 9.63707104951501 (frenet_interface.py:282)
INFO     [2025-01-12 11:43:26] --- Sampled interval of velocity: 0.00 m/s - 11.96 m/s (planner.py:310)
INFO     [2025-01-12 11:43:26] --- current time step: 35 (frenet_interface.py:280)
INFO     [2025-01-12 11:43:26] --- current velocity: 6.326782464309308 (frenet_interface.py:281)
INFO     [2025-01-12 11:43:26] --- current target velocity: 9.667622936248645 (frenet_interface.py:282)
INFO     [2025-01-12 11:43:26] --- Sampled interval of velocity: 0.00 m/s - 12.08 m/s (planner.py:310)
INFO     [2025-01-12 11:43:26] --- select trajectory 441 (reactive_planner_cpp.py:382)
INFO     [2025-01-12 11:43:26] --- current time step: 36 (frenet_interface.py:257)
INFO     [2025-01-12 11:43:26] --- current velocity: 6.396943887896595 (frenet_interface.py:258)
INFO     [2025-01-12 11:43:26] --- current target velocity: 9.697714565984546 (frenet_interface.py:259)
INFO     [2025-01-12 11:43:28] --- Sampled interval of velocity: 0.00 m/s - 12.15 m/s (planner.py:310)
INFO     [2025-01-12 11:43:28] --- current time step: 37 (frenet_interface.py:280)
INFO     [2025-01-12 11:43:28] --- current velocity: 6.483668885259699 (frenet_interface.py:281)
INFO     [2025-01-12 11:43:28] --- current target velocity: 9.727512608429961 (frenet_interface.py:282)
INFO     [2025-01-12 11:43:28] --- Sampled interval of velocity: 0.00 m/s - 12.23 m/s (planner.py:310)
INFO     [2025-01-12 11:43:28] --- current time step: 38 (frenet_interface.py:280)
INFO     [2025-01-12 11:43:28] --- current velocity: 6.583474092672236 (frenet_interface.py:281)
INFO     [2025-01-12 11:43:28] --- current target velocity: 9.757138228820127 (frenet_interface.py:282)
INFO     [2025-01-12 11:43:29] --- Sampled interval of velocity: 0.00 m/s - 12.33 m/s (planner.py:310)
INFO     [2025-01-12 11:43:29] --- select trajectory 556 (reactive_planner_cpp.py:382)
INFO     [2025-01-12 11:43:29] --- current time step: 39 (frenet_interface.py:257)
INFO     [2025-01-12 11:43:29] --- current velocity: 6.6320978026333695 (frenet_interface.py:258)
INFO     [2025-01-12 11:43:29] --- current target velocity: 9.78645198142505 (frenet_interface.py:259)
INFO     [2025-01-12 11:43:31] --- Sampled interval of velocity: 0.00 m/s - 12.38 m/s (planner.py:310)
INFO     [2025-01-12 11:43:31] --- current time step: 40 (frenet_interface.py:280)
INFO     [2025-01-12 11:43:31] --- current velocity: 6.673096495826047 (frenet_interface.py:281)
INFO     [2025-01-12 11:43:31] --- current target velocity: 9.815608047610166 (frenet_interface.py:282)
INFO     [2025-01-12 11:43:32] --- Sampled interval of velocity: 0.00 m/s - 12.42 m/s (planner.py:310)
INFO     [2025-01-12 11:43:32] --- current time step: 41 (frenet_interface.py:280)
INFO     [2025-01-12 11:43:32] --- current velocity: 6.706936034899887 (frenet_interface.py:281)
INFO     [2025-01-12 11:43:32] --- current target velocity: 9.844889468942029 (frenet_interface.py:282)
INFO     [2025-01-12 11:43:32] --- Sampled interval of velocity: 0.00 m/s - 12.46 m/s (planner.py:310)
INFO     [2025-01-12 11:43:32] --- select trajectory 751 (reactive_planner_cpp.py:382)
INFO     [2025-01-12 11:43:32] --- current time step: 42 (frenet_interface.py:257)
INFO     [2025-01-12 11:43:32] --- current velocity: 6.721142351660961 (frenet_interface.py:258)
INFO     [2025-01-12 11:43:32] --- current target velocity: 9.874368834626779 (frenet_interface.py:259)
INFO     [2025-01-12 11:43:35] --- Sampled interval of velocity: 0.00 m/s - 12.47 m/s (planner.py:310)
INFO     [2025-01-12 11:43:35] --- current time step: 43 (frenet_interface.py:280)
INFO     [2025-01-12 11:43:35] --- current velocity: 6.733417788456311 (frenet_interface.py:281)
INFO     [2025-01-12 11:43:35] --- current target velocity: 9.904181626122561 (frenet_interface.py:282)
INFO     [2025-01-12 11:43:35] --- Sampled interval of velocity: 0.00 m/s - 12.48 m/s (planner.py:310)
INFO     [2025-01-12 11:43:35] --- current time step: 44 (frenet_interface.py:280)
INFO     [2025-01-12 11:43:35] --- current velocity: 6.743865149885457 (frenet_interface.py:281)
INFO     [2025-01-12 11:43:35] --- current target velocity: 9.934436175299902 (frenet_interface.py:282)
INFO     [2025-01-12 11:43:36] --- Sampled interval of velocity: 0.00 m/s - 12.49 m/s (planner.py:310)
INFO     [2025-01-12 11:43:36] --- select trajectory 371 (reactive_planner_cpp.py:382)
INFO     [2025-01-12 11:43:36] --- current time step: 45 (frenet_interface.py:257)
INFO     [2025-01-12 11:43:36] --- current velocity: 6.771296422617759 (frenet_interface.py:258)
INFO     [2025-01-12 11:43:36] --- current target velocity: 9.965163262500512 (frenet_interface.py:259)
INFO     [2025-01-12 11:43:38] --- Sampled interval of velocity: 0.00 m/s - 12.52 m/s (planner.py:310)
INFO     [2025-01-12 11:43:38] --- current time step: 46 (frenet_interface.py:280)
INFO     [2025-01-12 11:43:38] --- current velocity: 6.841326253643317 (frenet_interface.py:281)
INFO     [2025-01-12 11:43:38] --- current target velocity: 9.996340516946425 (frenet_interface.py:282)
INFO     [2025-01-12 11:43:38] --- Sampled interval of velocity: 0.00 m/s - 12.59 m/s (planner.py:310)
INFO     [2025-01-12 11:43:38] --- current time step: 47 (frenet_interface.py:280)
INFO     [2025-01-12 11:43:38] --- current velocity: 6.949881094432922 (frenet_interface.py:281)
INFO     [2025-01-12 11:43:38] --- current target velocity: 10.027647865882756 (frenet_interface.py:282)
INFO     [2025-01-12 11:43:39] --- Sampled interval of velocity: 0.00 m/s - 12.70 m/s (planner.py:310)
INFO     [2025-01-12 11:43:39] --- select trajectory 161 (reactive_planner_cpp.py:382)
INFO     [2025-01-12 11:43:39] --- current time step: 48 (frenet_interface.py:257)
INFO     [2025-01-12 11:43:39] --- current velocity: 7.062120558247656 (frenet_interface.py:258)
INFO     [2025-01-12 11:43:39] --- current target velocity: 10.058687619540253 (frenet_interface.py:259)
INFO     [2025-01-12 11:43:41] --- Sampled interval of velocity: 0.00 m/s - 12.81 m/s (planner.py:310)
INFO     [2025-01-12 11:43:41] --- current time step: 49 (frenet_interface.py:280)
INFO     [2025-01-12 11:43:41] --- current velocity: 7.258993708705133 (frenet_interface.py:281)
INFO     [2025-01-12 11:43:41] --- current target velocity: 10.08929266804304 (frenet_interface.py:282)
INFO     [2025-01-12 11:43:41] --- Sampled interval of velocity: 0.00 m/s - 13.01 m/s (planner.py:310)
INFO     [2025-01-12 11:43:41] --- current time step: 50 (frenet_interface.py:280)
INFO     [2025-01-12 11:43:41] --- current velocity: 7.520408791644123 (frenet_interface.py:281)
INFO     [2025-01-12 11:43:41] --- current target velocity: 10.118938024788193 (frenet_interface.py:282)
INFO     [2025-01-12 11:43:42] --- Sampled interval of velocity: 0.00 m/s - 13.27 m/s (planner.py:310)
WARNING  [2025-01-12 11:43:43] --- No optimal trajectory available. Select stopping trajectory! (reactive_planner_cpp.py:407)
INFO     [2025-01-12 11:43:43] --- current time step: 51 (frenet_interface.py:257)
INFO     [2025-01-12 11:43:43] --- current velocity: 7.463876757712084 (frenet_interface.py:258)
INFO     [2025-01-12 11:43:43] --- current target velocity: 10.1468332907074 (frenet_interface.py:259)
INFO     [2025-01-12 11:43:46] --- Sampled interval of velocity: 0.00 m/s - 13.21 m/s (planner.py:310)
INFO     [2025-01-12 11:43:46] --- current time step: 52 (frenet_interface.py:280)
INFO     [2025-01-12 11:43:46] --- current velocity: 7.057204631787111 (frenet_interface.py:281)
INFO     [2025-01-12 11:43:46] --- current target velocity: 10.173868015466022 (frenet_interface.py:282)
INFO     [2025-01-12 11:43:46] --- Sampled interval of velocity: 0.00 m/s - 12.81 m/s (planner.py:310)
INFO     [2025-01-12 11:43:46] --- current time step: 53 (frenet_interface.py:280)
INFO     [2025-01-12 11:43:46] --- current velocity: 6.37530076170085 (frenet_interface.py:281)
INFO     [2025-01-12 11:43:46] --- current target velocity: 10.203943663614274 (frenet_interface.py:282)
INFO     [2025-01-12 11:43:46] --- Sampled interval of velocity: 0.00 m/s - 12.13 m/s (planner.py:310)
INFO     [2025-01-12 11:43:47] --- select trajectory 171 (reactive_planner_cpp.py:382)
INFO     [2025-01-12 11:43:47] --- current time step: 54 (frenet_interface.py:257)
INFO     [2025-01-12 11:43:47] --- current velocity: 6.145599455621194 (frenet_interface.py:258)
INFO     [2025-01-12 11:43:47] --- current target velocity: 10.240447617178443 (frenet_interface.py:259)
INFO     [2025-01-12 11:43:48] --- Sampled interval of velocity: 0.00 m/s - 11.90 m/s (planner.py:310)
INFO     [2025-01-12 11:43:49] --- current time step: 55 (frenet_interface.py:280)
INFO     [2025-01-12 11:43:49] --- current velocity: 6.212456994434881 (frenet_interface.py:281)
INFO     [2025-01-12 11:43:49] --- current target velocity: 10.283076591876272 (frenet_interface.py:282)
INFO     [2025-01-12 11:43:50] --- Sampled interval of velocity: 0.00 m/s - 11.96 m/s (planner.py:310)
INFO     [2025-01-12 11:43:50] --- current time step: 56 (frenet_interface.py:280)
INFO     [2025-01-12 11:43:50] --- current velocity: 6.517998085870517 (frenet_interface.py:281)
INFO     [2025-01-12 11:43:50] --- current target velocity: 10.327445967436342 (frenet_interface.py:282)
INFO     [2025-01-12 11:43:51] --- Sampled interval of velocity: 0.00 m/s - 12.27 m/s (planner.py:310)
INFO     [2025-01-12 11:43:51] --- select trajectory 171 (reactive_planner_cpp.py:382)
INFO     [2025-01-12 11:43:51] --- current time step: 57 (frenet_interface.py:257)
INFO     [2025-01-12 11:43:51] --- current velocity: 6.783805588563178 (frenet_interface.py:258)
INFO     [2025-01-12 11:43:51] --- current target velocity: 10.37070355947157 (frenet_interface.py:259)
INFO     [2025-01-12 11:43:54] --- Sampled interval of velocity: 0.00 m/s - 12.53 m/s (planner.py:310)
INFO     [2025-01-12 11:43:54] --- current time step: 58 (frenet_interface.py:280)
INFO     [2025-01-12 11:43:54] --- current velocity: 7.156998170754341 (frenet_interface.py:281)
INFO     [2025-01-12 11:43:54] --- current target velocity: 10.411691647724266 (frenet_interface.py:282)
INFO     [2025-01-12 11:43:54] --- Sampled interval of velocity: 0.00 m/s - 12.91 m/s (planner.py:310)
INFO     [2025-01-12 11:43:54] --- current time step: 59 (frenet_interface.py:280)
INFO     [2025-01-12 11:43:54] --- current velocity: 7.609615744463201 (frenet_interface.py:281)
INFO     [2025-01-12 11:43:54] --- current target velocity: 10.450014686454413 (frenet_interface.py:282)
INFO     [2025-01-12 11:43:55] --- Sampled interval of velocity: 0.00 m/s - 13.36 m/s (planner.py:310)
INFO     [2025-01-12 11:43:55] --- select trajectory 161 (reactive_planner_cpp.py:382)
INFO     [2025-01-12 11:43:55] --- current time step: 60 (frenet_interface.py:257)
INFO     [2025-01-12 11:43:55] --- current velocity: 7.865345512636661 (frenet_interface.py:258)
INFO     [2025-01-12 11:43:55] --- current target velocity: 10.4845333511902 (frenet_interface.py:259)
INFO     [2025-01-12 11:43:58] --- Sampled interval of velocity: 0.00 m/s - 13.62 m/s (planner.py:310)
INFO     [2025-01-12 11:43:58] --- current time step: 61 (frenet_interface.py:280)
INFO     [2025-01-12 11:43:58] --- current velocity: 8.143020939512036 (frenet_interface.py:281)
INFO     [2025-01-12 11:43:58] --- current target velocity: 10.515775257273049 (frenet_interface.py:282)
INFO     [2025-01-12 11:43:58] --- Sampled interval of velocity: 0.00 m/s - 13.89 m/s (planner.py:310)
INFO     [2025-01-12 11:43:58] --- current time step: 62 (frenet_interface.py:280)
INFO     [2025-01-12 11:43:58] --- current velocity: 8.43288621742394 (frenet_interface.py:281)
INFO     [2025-01-12 11:43:58] --- current target velocity: 10.544660478025426 (frenet_interface.py:282)
INFO     [2025-01-12 11:43:59] --- Sampled interval of velocity: 0.00 m/s - 14.18 m/s (planner.py:310)
INFO     [2025-01-12 11:43:59] --- select trajectory 161 (reactive_planner_cpp.py:382)
INFO     [2025-01-12 11:43:59] --- current time step: 63 (frenet_interface.py:257)
INFO     [2025-01-12 11:43:59] --- current velocity: 8.605185187991125 (frenet_interface.py:258)
INFO     [2025-01-12 11:43:59] --- current target velocity: 10.570908341210815 (frenet_interface.py:259)
INFO     [2025-01-12 11:44:00] --- Sampled interval of velocity: 0.00 m/s - 14.36 m/s (planner.py:310)
INFO     [2025-01-12 11:44:00] --- current time step: 64 (frenet_interface.py:280)
INFO     [2025-01-12 11:44:00] --- current velocity: 8.82096158548295 (frenet_interface.py:281)
INFO     [2025-01-12 11:44:00] --- current target velocity: 10.595096830364058 (frenet_interface.py:282)
INFO     [2025-01-12 11:44:02] --- Sampled interval of velocity: 0.00 m/s - 14.57 m/s (planner.py:310)
INFO     [2025-01-12 11:44:02] --- current time step: 65 (frenet_interface.py:280)
INFO     [2025-01-12 11:44:02] --- current velocity: 9.067597151264641 (frenet_interface.py:281)
INFO     [2025-01-12 11:44:02] --- current target velocity: 8.82096158548295 (frenet_interface.py:282)
INFO     [2025-01-12 11:44:02] --- Sampled interval of velocity: 0.00 m/s - 14.82 m/s (planner.py:310)
INFO     [2025-01-12 11:44:03] --- select trajectory 151 (reactive_planner_cpp.py:382)
INFO     [2025-01-12 11:44:03] --- current time step: 66 (frenet_interface.py:257)
INFO     [2025-01-12 11:44:03] --- current velocity: 9.17415047937403 (frenet_interface.py:258)
INFO     [2025-01-12 11:44:03] --- current target velocity: 9.067597151264641 (frenet_interface.py:259)
INFO     [2025-01-12 11:44:04] --- Sampled interval of velocity: 0.00 m/s - 14.92 m/s (planner.py:310)
INFO     [2025-01-12 11:44:04] --- current time step: 67 (frenet_interface.py:280)
INFO     [2025-01-12 11:44:04] --- current velocity: 9.240213554170634 (frenet_interface.py:281)
INFO     [2025-01-12 11:44:04] --- current target velocity: 9.17415047937403 (frenet_interface.py:282)
INFO     [2025-01-12 11:44:05] --- Sampled interval of velocity: 0.00 m/s - 14.99 m/s (planner.py:310)
INFO     [2025-01-12 11:44:05] --- current time step: 68 (frenet_interface.py:280)
INFO     [2025-01-12 11:44:05] --- current velocity: 9.27217956286271 (frenet_interface.py:281)
INFO     [2025-01-12 11:44:05] --- current target velocity: 9.240213554170634 (frenet_interface.py:282)
INFO     [2025-01-12 11:44:07] --- Sampled interval of velocity: 0.00 m/s - 15.02 m/s (planner.py:310)
INFO     [2025-01-12 11:44:07] --- select trajectory 151 (reactive_planner_cpp.py:382)
INFO     [2025-01-12 11:44:07] --- current time step: 69 (frenet_interface.py:257)
INFO     [2025-01-12 11:44:07] --- current velocity: 9.279224412969798 (frenet_interface.py:258)
INFO     [2025-01-12 11:44:07] --- current target velocity: 9.27217956286271 (frenet_interface.py:259)
INFO     [2025-01-12 11:44:09] --- Sampled interval of velocity: 0.00 m/s - 15.03 m/s (planner.py:310)
INFO     [2025-01-12 11:44:09] --- current time step: 70 (frenet_interface.py:280)
INFO     [2025-01-12 11:44:09] --- current velocity: 9.283592216081445 (frenet_interface.py:281)
INFO     [2025-01-12 11:44:09] --- current target velocity: 9.279224412969798 (frenet_interface.py:282)
INFO     [2025-01-12 11:44:10] --- Sampled interval of velocity: 0.00 m/s - 15.03 m/s (planner.py:310)
INFO     [2025-01-12 11:44:10] --- current time step: 71 (frenet_interface.py:280)
INFO     [2025-01-12 11:44:10] --- current velocity: 9.285705667657567 (frenet_interface.py:281)
INFO     [2025-01-12 11:44:10] --- current target velocity: 9.283592216081445 (frenet_interface.py:282)
INFO     [2025-01-12 11:44:10] --- Sampled interval of velocity: 0.00 m/s - 15.04 m/s (planner.py:310)
INFO     [2025-01-12 11:44:10] --- select trajectory 151 (reactive_planner_cpp.py:382)
INFO     [2025-01-12 11:44:10] --- current time step: 72 (frenet_interface.py:257)
INFO     [2025-01-12 11:44:10] --- current velocity: 9.286171442082898 (frenet_interface.py:258)
INFO     [2025-01-12 11:44:10] --- current target velocity: 9.285705667657567 (frenet_interface.py:259)
INFO     [2025-01-12 11:44:13] --- Sampled interval of velocity: 0.00 m/s - 15.04 m/s (planner.py:310)
INFO     [2025-01-12 11:44:13] --- current time step: 73 (frenet_interface.py:280)
INFO     [2025-01-12 11:44:13] --- current velocity: 9.286460224368632 (frenet_interface.py:281)
INFO     [2025-01-12 11:44:13] --- current target velocity: 9.286171442082898 (frenet_interface.py:282)
INFO     [2025-01-12 11:44:13] --- Sampled interval of velocity: 0.00 m/s - 15.04 m/s (planner.py:310)
INFO     [2025-01-12 11:44:13] --- current time step: 74 (frenet_interface.py:280)
INFO     [2025-01-12 11:44:13] --- current velocity: 9.2865999590083 (frenet_interface.py:281)
INFO     [2025-01-12 11:44:13] --- current target velocity: 9.286460224368632 (frenet_interface.py:282)
INFO     [2025-01-12 11:44:14] --- Sampled interval of velocity: 0.00 m/s - 15.04 m/s (planner.py:310)
INFO     [2025-01-12 11:44:14] --- select trajectory 151 (reactive_planner_cpp.py:382)
INFO     [2025-01-12 11:44:14] --- current time step: 75 (frenet_interface.py:257)
INFO     [2025-01-12 11:44:14] --- current velocity: 9.28663075472657 (frenet_interface.py:258)
INFO     [2025-01-12 11:44:14] --- current target velocity: 9.2865999590083 (frenet_interface.py:259)
INFO     [2025-01-12 11:44:16] --- Sampled interval of velocity: 0.00 m/s - 15.04 m/s (planner.py:310)
INFO     [2025-01-12 11:44:16] --- current time step: 76 (frenet_interface.py:280)
INFO     [2025-01-12 11:44:16] --- current velocity: 9.286649845892715 (frenet_interface.py:281)
INFO     [2025-01-12 11:44:16] --- current target velocity: 9.28663075472657 (frenet_interface.py:282)
INFO     [2025-01-12 11:44:18] --- Sampled interval of velocity: 0.00 m/s - 15.04 m/s (planner.py:310)
INFO     [2025-01-12 11:44:18] --- current time step: 77 (frenet_interface.py:280)
INFO     [2025-01-12 11:44:18] --- current velocity: 9.286659082026944 (frenet_interface.py:281)
INFO     [2025-01-12 11:44:18] --- current target velocity: 9.286649845892715 (frenet_interface.py:282)
INFO     [2025-01-12 11:44:18] --- Sampled interval of velocity: 0.00 m/s - 15.04 m/s (planner.py:310)
INFO     [2025-01-12 11:44:18] --- select trajectory 151 (reactive_planner_cpp.py:382)
INFO     [2025-01-12 11:44:18] --- current time step: 78 (frenet_interface.py:257)
INFO     [2025-01-12 11:44:18] --- current velocity: 9.28666111810242 (frenet_interface.py:258)
INFO     [2025-01-12 11:44:18] --- current target velocity: 9.286659082026944 (frenet_interface.py:259)
INFO     [2025-01-12 11:44:20] --- Sampled interval of velocity: 0.00 m/s - 15.04 m/s (planner.py:310)
INFO     [2025-01-12 11:44:20] --- current time step: 79 (frenet_interface.py:280)
INFO     [2025-01-12 11:44:20] --- current velocity: 9.286662383669395 (frenet_interface.py:281)
INFO     [2025-01-12 11:44:20] --- current target velocity: 9.28666111810242 (frenet_interface.py:282)
INFO     [2025-01-12 11:44:20] --- Sampled interval of velocity: 0.00 m/s - 15.04 m/s (planner.py:310)
INFO     [2025-01-12 11:44:20] --- current time step: 80 (frenet_interface.py:280)
INFO     [2025-01-12 11:44:20] --- current velocity: 9.28666299866506 (frenet_interface.py:281)
INFO     [2025-01-12 11:44:20] --- current target velocity: 9.286662383669395 (frenet_interface.py:282)
INFO     [2025-01-12 11:44:22] --- Sampled interval of velocity: 0.00 m/s - 15.04 m/s (planner.py:310)
INFO     [2025-01-12 11:44:22] --- select trajectory 151 (reactive_planner_cpp.py:382)
INFO     [2025-01-12 11:44:22] --- current time step: 81 (frenet_interface.py:257)
INFO     [2025-01-12 11:44:22] --- current velocity: 9.28666313570628 (frenet_interface.py:258)
INFO     [2025-01-12 11:44:22] --- current target velocity: 9.28666299866506 (frenet_interface.py:259)
INFO     [2025-01-12 11:44:24] --- Sampled interval of velocity: 0.00 m/s - 15.04 m/s (planner.py:310)
INFO     [2025-01-12 11:44:24] --- current time step: 82 (frenet_interface.py:280)
INFO     [2025-01-12 11:44:24] --- current velocity: 9.286663218628936 (frenet_interface.py:281)
INFO     [2025-01-12 11:44:24] --- current target velocity: 9.28666313570628 (frenet_interface.py:282)
INFO     [2025-01-12 11:44:25] --- Sampled interval of velocity: 0.00 m/s - 15.04 m/s (planner.py:310)
INFO     [2025-01-12 11:44:25] --- current time step: 83 (frenet_interface.py:280)
INFO     [2025-01-12 11:44:25] --- current velocity: 9.286663256327866 (frenet_interface.py:281)
INFO     [2025-01-12 11:44:25] --- current target velocity: 9.286663218628936 (frenet_interface.py:282)
INFO     [2025-01-12 11:44:25] --- Sampled interval of velocity: 0.00 m/s - 15.04 m/s (planner.py:310)
INFO     [2025-01-12 11:44:25] --- select trajectory 151 (reactive_planner_cpp.py:382)
INFO     [2025-01-12 11:44:25] --- current time step: 84 (frenet_interface.py:257)
INFO     [2025-01-12 11:44:25] --- current velocity: 9.286663262398035 (frenet_interface.py:258)
INFO     [2025-01-12 11:44:25] --- current target velocity: 9.286663256327866 (frenet_interface.py:259)
INFO     [2025-01-12 11:44:28] --- Sampled interval of velocity: 0.00 m/s - 15.04 m/s (planner.py:310)
INFO     [2025-01-12 11:44:28] --- current time step: 85 (frenet_interface.py:280)
INFO     [2025-01-12 11:44:28] --- current velocity: 9.286663266110583 (frenet_interface.py:281)
INFO     [2025-01-12 11:44:28] --- current target velocity: 9.286663262398035 (frenet_interface.py:282)
INFO     [2025-01-12 11:44:28] --- Sampled interval of velocity: 0.00 m/s - 15.04 m/s (planner.py:310)
INFO     [2025-01-12 11:44:28] --- current time step: 86 (frenet_interface.py:280)
INFO     [2025-01-12 11:44:28] --- current velocity: 9.286663268220483 (frenet_interface.py:281)
INFO     [2025-01-12 11:44:28] --- current target velocity: 9.286663266110583 (frenet_interface.py:282)
INFO     [2025-01-12 11:44:28] --- Sampled interval of velocity: 0.00 m/s - 15.04 m/s (planner.py:310)
INFO     [2025-01-12 11:44:28] --- select trajectory 51 (reactive_planner_cpp.py:382)
INFO     [2025-01-12 11:44:28] --- current time step: 87 (frenet_interface.py:257)
INFO     [2025-01-12 11:44:28] --- current velocity: 9.286663268940465 (frenet_interface.py:258)
INFO     [2025-01-12 11:44:28] --- current target velocity: 9.286663268220483 (frenet_interface.py:259)
INFO     [2025-01-12 11:44:30] --- Sampled interval of velocity: 0.00 m/s - 15.04 m/s (planner.py:310)
INFO     [2025-01-12 11:44:30] --- current time step: 88 (frenet_interface.py:280)
INFO     [2025-01-12 11:44:30] --- current velocity: 9.28666326958437 (frenet_interface.py:281)
INFO     [2025-01-12 11:44:30] --- current target velocity: 9.286663268940465 (frenet_interface.py:282)
INFO     [2025-01-12 11:44:31] --- Sampled interval of velocity: 0.00 m/s - 15.04 m/s (planner.py:310)
INFO     [2025-01-12 11:44:31] --- current time step: 89 (frenet_interface.py:280)
INFO     [2025-01-12 11:44:31] --- current velocity: 9.28666327007144 (frenet_interface.py:281)
INFO     [2025-01-12 11:44:31] --- current target velocity: 9.28666326958437 (frenet_interface.py:282)
INFO     [2025-01-12 11:44:32] --- Sampled interval of velocity: 0.00 m/s - 15.04 m/s (planner.py:310)
INFO     [2025-01-12 11:44:32] --- select trajectory 51 (reactive_planner_cpp.py:382)
INFO     [2025-01-12 11:44:32] --- current time step: 90 (frenet_interface.py:257)
INFO     [2025-01-12 11:44:32] --- current velocity: 9.286663270298094 (frenet_interface.py:258)
INFO     [2025-01-12 11:44:32] --- current target velocity: 9.28666327007144 (frenet_interface.py:259)
INFO     [2025-01-12 11:44:33] --- Sampled interval of velocity: 0.00 m/s - 15.04 m/s (planner.py:310)
INFO     [2025-01-12 11:44:33] --- current time step: 91 (frenet_interface.py:280)
INFO     [2025-01-12 11:44:33] --- current velocity: 9.286663270396888 (frenet_interface.py:281)
INFO     [2025-01-12 11:44:33] --- current target velocity: 9.286663270298094 (frenet_interface.py:282)
INFO     [2025-01-12 11:44:34] --- Sampled interval of velocity: 0.00 m/s - 15.04 m/s (planner.py:310)
INFO     [2025-01-12 11:44:34] --- current time step: 92 (frenet_interface.py:280)
INFO     [2025-01-12 11:44:34] --- current velocity: 9.286663270361139 (frenet_interface.py:281)
INFO     [2025-01-12 11:44:34] --- current target velocity: 9.286663270396888 (frenet_interface.py:282)
INFO     [2025-01-12 11:44:34] --- Sampled interval of velocity: 0.00 m/s - 15.04 m/s (planner.py:310)
INFO     [2025-01-12 11:44:34] --- select trajectory 51 (reactive_planner_cpp.py:382)
INFO     [2025-01-12 11:44:34] --- current time step: 93 (frenet_interface.py:257)
INFO     [2025-01-12 11:44:34] --- current velocity: 9.28666327021222 (frenet_interface.py:258)
INFO     [2025-01-12 11:44:34] --- current target velocity: 9.286663270361139 (frenet_interface.py:259)
INFO     [2025-01-12 11:44:36] --- Sampled interval of velocity: 0.00 m/s - 15.04 m/s (planner.py:310)
INFO     [2025-01-12 11:44:36] --- current time step: 94 (frenet_interface.py:280)
INFO     [2025-01-12 11:44:36] --- current velocity: 9.286663270048647 (frenet_interface.py:281)
INFO     [2025-01-12 11:44:36] --- current target velocity: 9.28666327021222 (frenet_interface.py:282)
INFO     [2025-01-12 11:44:37] --- Sampled interval of velocity: 0.00 m/s - 15.04 m/s (planner.py:310)
INFO     [2025-01-12 11:44:37] --- current time step: 95 (frenet_interface.py:280)
INFO     [2025-01-12 11:44:37] --- current velocity: 9.286663269929576 (frenet_interface.py:281)
INFO     [2025-01-12 11:44:37] --- current target velocity: 9.286663270048647 (frenet_interface.py:282)
INFO     [2025-01-12 11:44:37] --- Sampled interval of velocity: 0.00 m/s - 15.04 m/s (planner.py:310)
INFO     [2025-01-12 11:44:37] --- select trajectory 51 (reactive_planner_cpp.py:382)
INFO     [2025-01-12 11:44:37] --- current time step: 96 (frenet_interface.py:257)
INFO     [2025-01-12 11:44:37] --- current velocity: 9.286663269855953 (frenet_interface.py:258)
INFO     [2025-01-12 11:44:37] --- current target velocity: 9.286663269929576 (frenet_interface.py:259)
INFO     [2025-01-12 11:44:39] --- Sampled interval of velocity: 0.00 m/s - 15.04 m/s (planner.py:310)
INFO     [2025-01-12 11:44:39] --- current time step: 97 (frenet_interface.py:280)
INFO     [2025-01-12 11:44:39] --- current velocity: 9.286663269828974 (frenet_interface.py:281)
INFO     [2025-01-12 11:44:39] --- current target velocity: 9.286663269855953 (frenet_interface.py:282)
INFO     [2025-01-12 11:44:39] --- Sampled interval of velocity: 0.00 m/s - 15.04 m/s (planner.py:310)
INFO     [2025-01-12 11:44:39] --- current time step: 98 (frenet_interface.py:280)
INFO     [2025-01-12 11:44:39] --- current velocity: 9.286663269881 (frenet_interface.py:281)
INFO     [2025-01-12 11:44:39] --- current target velocity: 9.286663269828974 (frenet_interface.py:282)
INFO     [2025-01-12 11:44:39] --- Sampled interval of velocity: 0.00 m/s - 15.04 m/s (planner.py:310)
INFO     [2025-01-12 11:44:39] --- select trajectory 51 (reactive_planner_cpp.py:382)
INFO     [2025-01-12 11:44:39] --- current time step: 99 (frenet_interface.py:257)
INFO     [2025-01-12 11:44:39] --- current velocity: 9.286663270028285 (frenet_interface.py:258)
INFO     [2025-01-12 11:44:39] --- current target velocity: 9.286663269881 (frenet_interface.py:259)
INFO     [2025-01-12 11:44:41] --- Sampled interval of velocity: 0.00 m/s - 15.04 m/s (planner.py:310)
INFO     [2025-01-12 11:44:41] --- current time step: 100 (frenet_interface.py:280)
INFO     [2025-01-12 11:44:41] --- current velocity: 9.286663270231488 (frenet_interface.py:281)
INFO     [2025-01-12 11:44:41] --- current target velocity: 9.286663270028285 (frenet_interface.py:282)
INFO     [2025-01-12 11:44:41] --- Sampled interval of velocity: 0.00 m/s - 15.04 m/s (planner.py:310)
INFO     [2025-01-12 11:44:41] --- current time step: 101 (frenet_interface.py:280)
INFO     [2025-01-12 11:44:41] --- current velocity: 9.286663270430576 (frenet_interface.py:281)
INFO     [2025-01-12 11:44:41] --- current target velocity: 9.286663270231488 (frenet_interface.py:282)
INFO     [2025-01-12 11:44:42] --- Sampled interval of velocity: 0.00 m/s - 15.04 m/s (planner.py:310)
INFO     [2025-01-12 11:44:42] --- select trajectory 51 (reactive_planner_cpp.py:382)
INFO     [2025-01-12 11:44:42] --- current time step: 102 (frenet_interface.py:257)
INFO     [2025-01-12 11:44:42] --- current velocity: 9.286663270560155 (frenet_interface.py:258)
INFO     [2025-01-12 11:44:42] --- current target velocity: 9.286663270430576 (frenet_interface.py:259)
INFO     [2025-01-12 11:44:43] --- Sampled interval of velocity: 0.00 m/s - 15.04 m/s (planner.py:310)
INFO     [2025-01-12 11:44:43] --- current time step: 103 (frenet_interface.py:280)
INFO     [2025-01-12 11:44:43] --- current velocity: 9.286663270591527 (frenet_interface.py:281)
INFO     [2025-01-12 11:44:43] --- current target velocity: 9.286663270560155 (frenet_interface.py:282)
INFO     [2025-01-12 11:44:44] --- Sampled interval of velocity: 0.00 m/s - 15.04 m/s (planner.py:310)
INFO     [2025-01-12 11:44:44] --- current time step: 104 (frenet_interface.py:280)
INFO     [2025-01-12 11:44:44] --- current velocity: 9.286663270564041 (frenet_interface.py:281)
INFO     [2025-01-12 11:44:44] --- current target velocity: 9.286663270591527 (frenet_interface.py:282)
INFO     [2025-01-12 11:44:44] --- Sampled interval of velocity: 0.00 m/s - 15.04 m/s (planner.py:310)
INFO     [2025-01-12 11:44:44] --- select trajectory 451 (reactive_planner_cpp.py:382)
INFO     [2025-01-12 11:44:44] --- current time step: 105 (frenet_interface.py:257)
INFO     [2025-01-12 11:44:44] --- current velocity: 9.286663270525462 (frenet_interface.py:258)
INFO     [2025-01-12 11:44:44] --- current target velocity: 9.286663270564041 (frenet_interface.py:259)
INFO     [2025-01-12 11:44:46] --- Sampled interval of velocity: 0.00 m/s - 15.04 m/s (planner.py:310)
INFO     [2025-01-12 11:44:46] --- current time step: 106 (frenet_interface.py:280)
INFO     [2025-01-12 11:44:46] --- current velocity: 9.28666327049831 (frenet_interface.py:281)
INFO     [2025-01-12 11:44:46] --- current target velocity: 9.286663270525462 (frenet_interface.py:282)
INFO     [2025-01-12 11:44:46] --- Sampled interval of velocity: 0.00 m/s - 15.04 m/s (planner.py:310)
INFO     [2025-01-12 11:44:46] --- current time step: 107 (frenet_interface.py:280)
INFO     [2025-01-12 11:44:46] --- current velocity: 9.286663270488173 (frenet_interface.py:281)
INFO     [2025-01-12 11:44:46] --- current target velocity: 9.28666327049831 (frenet_interface.py:282)
INFO     [2025-01-12 11:44:46] --- Sampled interval of velocity: 0.00 m/s - 15.04 m/s (planner.py:310)
INFO     [2025-01-12 11:44:46] --- select trajectory 151 (reactive_planner_cpp.py:382)
INFO     [2025-01-12 11:44:46] --- current time step: 108 (frenet_interface.py:257)
INFO     [2025-01-12 11:44:46] --- current velocity: 9.286663270489756 (frenet_interface.py:258)
INFO     [2025-01-12 11:44:46] --- current target velocity: 9.286663270488173 (frenet_interface.py:259)
INFO     [2025-01-12 11:44:48] --- Sampled interval of velocity: 0.00 m/s - 15.04 m/s (planner.py:310)
INFO     [2025-01-12 11:44:48] --- current time step: 109 (frenet_interface.py:280)
INFO     [2025-01-12 11:44:48] --- current velocity: 9.286663270494836 (frenet_interface.py:281)
INFO     [2025-01-12 11:44:48] --- current target velocity: 9.286663270489756 (frenet_interface.py:282)
INFO     [2025-01-12 11:44:48] --- Sampled interval of velocity: 0.00 m/s - 15.04 m/s (planner.py:310)
INFO     [2025-01-12 11:44:48] --- current time step: 110 (frenet_interface.py:280)
INFO     [2025-01-12 11:44:48] --- current velocity: 9.286663270498948 (frenet_interface.py:281)
INFO     [2025-01-12 11:44:48] --- current target velocity: 9.286663270494836 (frenet_interface.py:282)
INFO     [2025-01-12 11:44:49] --- Sampled interval of velocity: 0.00 m/s - 15.04 m/s (planner.py:310)
INFO     [2025-01-12 11:44:49] --- select trajectory 51 (reactive_planner_cpp.py:382)
INFO     [2025-01-12 11:44:49] --- current time step: 111 (frenet_interface.py:257)
INFO     [2025-01-12 11:44:49] --- current velocity: 9.286663270501396 (frenet_interface.py:258)
INFO     [2025-01-12 11:44:49] --- current target velocity: 9.286663270498948 (frenet_interface.py:259)
INFO     [2025-01-12 11:44:50] --- Sampled interval of velocity: 0.00 m/s - 15.04 m/s (planner.py:310)
INFO     [2025-01-12 11:44:50] --- current time step: 112 (frenet_interface.py:280)
INFO     [2025-01-12 11:44:50] --- current velocity: 9.286663270502444 (frenet_interface.py:281)
INFO     [2025-01-12 11:44:50] --- current target velocity: 9.286663270501396 (frenet_interface.py:282)
INFO     [2025-01-12 11:44:50] --- Sampled interval of velocity: 0.00 m/s - 15.04 m/s (planner.py:310)
INFO     [2025-01-12 11:44:50] --- current time step: 113 (frenet_interface.py:280)
INFO     [2025-01-12 11:44:50] --- current velocity: 9.28666327050243 (frenet_interface.py:281)
INFO     [2025-01-12 11:44:50] --- current target velocity: 9.286663270502444 (frenet_interface.py:282)
INFO     [2025-01-12 11:44:51] --- Sampled interval of velocity: 0.00 m/s - 15.04 m/s (planner.py:310)
INFO     [2025-01-12 11:44:51] --- select trajectory 116 (reactive_planner_cpp.py:382)
INFO     [2025-01-12 11:44:51] --- current time step: 114 (frenet_interface.py:257)
INFO     [2025-01-12 11:44:51] --- current velocity: 9.157941128473768 (frenet_interface.py:258)
INFO     [2025-01-12 11:44:51] --- current target velocity: 9.28666327050243 (frenet_interface.py:259)
INFO     [2025-01-12 11:44:52] --- Sampled interval of velocity: 0.00 m/s - 14.91 m/s (planner.py:310)
INFO     [2025-01-12 11:44:52] --- current time step: 115 (frenet_interface.py:280)
INFO     [2025-01-12 11:44:52] --- current velocity: 8.804993319686758 (frenet_interface.py:281)
INFO     [2025-01-12 11:44:52] --- current target velocity: 9.157941128473768 (frenet_interface.py:282)
INFO     [2025-01-12 11:44:52] --- Sampled interval of velocity: 0.00 m/s - 14.55 m/s (planner.py:310)
INFO     [2025-01-12 11:44:52] --- current time step: 116 (frenet_interface.py:280)
INFO     [2025-01-12 11:44:52] --- current velocity: 8.27764777008881 (frenet_interface.py:281)
INFO     [2025-01-12 11:44:52] --- current target velocity: 8.804993319686758 (frenet_interface.py:282)
INFO     [2025-01-12 11:44:53] --- Sampled interval of velocity: 0.00 m/s - 14.03 m/s (planner.py:310)
INFO     [2025-01-12 11:44:53] --- select trajectory 191 (reactive_planner_cpp.py:382)
INFO     [2025-01-12 11:44:53] --- current time step: 117 (frenet_interface.py:257)
INFO     [2025-01-12 11:44:53] --- current velocity: 7.837797738445669 (frenet_interface.py:258)
INFO     [2025-01-12 11:44:53] --- current target velocity: 8.27764777008881 (frenet_interface.py:259)
INFO     [2025-01-12 11:44:54] --- Sampled interval of velocity: 0.00 m/s - 13.59 m/s (planner.py:310)
INFO     [2025-01-12 11:44:54] --- current time step: 118 (frenet_interface.py:280)
INFO     [2025-01-12 11:44:54] --- current velocity: 7.156046473660689 (frenet_interface.py:281)
INFO     [2025-01-12 11:44:54] --- current target velocity: 7.837797738445669 (frenet_interface.py:282)
INFO     [2025-01-12 11:44:55] --- Sampled interval of velocity: 0.00 m/s - 12.91 m/s (planner.py:310)
INFO     [2025-01-12 11:44:55] --- current time step: 119 (frenet_interface.py:280)
INFO     [2025-01-12 11:44:55] --- current velocity: 6.292189553920067 (frenet_interface.py:281)
INFO     [2025-01-12 11:44:55] --- current target velocity: 7.156046473660689 (frenet_interface.py:282)
INFO     [2025-01-12 11:44:55] --- Sampled interval of velocity: 0.00 m/s - 12.04 m/s (planner.py:310)
INFO     [2025-01-12 11:44:55] --- select trajectory 191 (reactive_planner_cpp.py:382)
INFO     [2025-01-12 11:44:55] --- current time step: 120 (frenet_interface.py:257)
INFO     [2025-01-12 11:44:55] --- current velocity: 5.7593084761780355 (frenet_interface.py:258)
INFO     [2025-01-12 11:44:55] --- current target velocity: 6.292189553920067 (frenet_interface.py:259)
INFO     [2025-01-12 11:44:56] --- Sampled interval of velocity: 0.00 m/s - 11.51 m/s (planner.py:310)
INFO     [2025-01-12 11:44:56] --- current time step: 121 (frenet_interface.py:280)
INFO     [2025-01-12 11:44:56] --- current velocity: 5.118002261428648 (frenet_interface.py:281)
INFO     [2025-01-12 11:44:56] --- current target velocity: 5.7593084761780355 (frenet_interface.py:282)
INFO     [2025-01-12 11:44:57] --- Sampled interval of velocity: 0.00 m/s - 10.87 m/s (planner.py:310)
INFO     [2025-01-12 11:44:57] --- current time step: 122 (frenet_interface.py:280)
INFO     [2025-01-12 11:44:57] --- current velocity: 4.401809605651725 (frenet_interface.py:281)
INFO     [2025-01-12 11:44:57] --- current target velocity: 5.118002261428648 (frenet_interface.py:282)
INFO     [2025-01-12 11:44:57] --- Sampled interval of velocity: 0.00 m/s - 10.15 m/s (planner.py:310)
INFO     [2025-01-12 11:44:57] --- select trajectory 191 (reactive_planner_cpp.py:382)
INFO     [2025-01-12 11:44:57] --- current time step: 123 (frenet_interface.py:257)
INFO     [2025-01-12 11:44:57] --- current velocity: 3.9925112819811934 (frenet_interface.py:258)
INFO     [2025-01-12 11:44:57] --- current target velocity: 4.401809605651725 (frenet_interface.py:259)
INFO     [2025-01-12 11:44:58] --- Sampled interval of velocity: 0.00 m/s - 9.74 m/s (planner.py:310)
INFO     [2025-01-12 11:44:58] --- current time step: 124 (frenet_interface.py:280)
INFO     [2025-01-12 11:44:58] --- current velocity: 3.5212517639353145 (frenet_interface.py:281)
INFO     [2025-01-12 11:44:58] --- current target velocity: 3.9925112819811934 (frenet_interface.py:282)
INFO     [2025-01-12 11:44:58] --- Sampled interval of velocity: 0.00 m/s - 9.27 m/s (planner.py:310)
INFO     [2025-01-12 11:44:58] --- current time step: 125 (frenet_interface.py:280)
INFO     [2025-01-12 11:44:58] --- current velocity: 3.009299764516331 (frenet_interface.py:281)
INFO     [2025-01-12 11:44:58] --- current target velocity: 3.5212517639353145 (frenet_interface.py:282)
INFO     [2025-01-12 11:44:58] --- Sampled interval of velocity: 0.00 m/s - 8.76 m/s (planner.py:310)
INFO     [2025-01-12 11:44:58] --- select trajectory 191 (reactive_planner_cpp.py:382)
INFO     [2025-01-12 11:44:58] --- current time step: 126 (frenet_interface.py:257)
INFO     [2025-01-12 11:44:58] --- current velocity: 2.7222058045557356 (frenet_interface.py:258)
INFO     [2025-01-12 11:44:58] --- current target velocity: 3.009299764516331 (frenet_interface.py:259)
INFO     [2025-01-12 11:45:00] --- Sampled interval of velocity: 0.00 m/s - 8.47 m/s (planner.py:310)
INFO     [2025-01-12 11:45:00] --- current time step: 127 (frenet_interface.py:280)
INFO     [2025-01-12 11:45:00] --- current velocity: 2.395532899861099 (frenet_interface.py:281)
INFO     [2025-01-12 11:45:00] --- current target velocity: 2.7222058045557356 (frenet_interface.py:282)
INFO     [2025-01-12 11:45:00] --- Sampled interval of velocity: 0.00 m/s - 8.15 m/s (planner.py:310)
INFO     [2025-01-12 11:45:00] --- current time step: 128 (frenet_interface.py:280)
INFO     [2025-01-12 11:45:00] --- current velocity: 2.0433815095561845 (frenet_interface.py:281)
INFO     [2025-01-12 11:45:00] --- current target velocity: 2.395532899861099 (frenet_interface.py:282)
INFO     [2025-01-12 11:45:00] --- Sampled interval of velocity: 0.00 m/s - 7.79 m/s (planner.py:310)
INFO     [2025-01-12 11:45:00] --- select trajectory 196 (reactive_planner_cpp.py:382)
INFO     [2025-01-12 11:45:00] --- current time step: 129 (frenet_interface.py:257)
INFO     [2025-01-12 11:45:00] --- current velocity: 1.8469738530317363 (frenet_interface.py:258)
INFO     [2025-01-12 11:45:00] --- current target velocity: 2.0433815095561845 (frenet_interface.py:259)
INFO     [2025-01-12 11:45:01] --- Sampled interval of velocity: 0.00 m/s - 7.60 m/s (planner.py:310)
INFO     [2025-01-12 11:45:01] --- current time step: 130 (frenet_interface.py:280)
INFO     [2025-01-12 11:45:01] --- current velocity: 1.6242635735308113 (frenet_interface.py:281)
INFO     [2025-01-12 11:45:01] --- current target velocity: 1.8469738530317363 (frenet_interface.py:282)
INFO     [2025-01-12 11:45:01] --- Sampled interval of velocity: 0.00 m/s - 7.37 m/s (planner.py:310)
INFO     [2025-01-12 11:45:01] --- current time step: 131 (frenet_interface.py:280)
INFO     [2025-01-12 11:45:01] --- current velocity: 1.38473398605899 (frenet_interface.py:281)
INFO     [2025-01-12 11:45:01] --- current target velocity: 1.6242635735308113 (frenet_interface.py:282)
INFO     [2025-01-12 11:45:02] --- Sampled interval of velocity: 0.00 m/s - 7.13 m/s (planner.py:310)
INFO     [2025-01-12 11:45:02] --- select trajectory 196 (reactive_planner_cpp.py:382)
INFO     [2025-01-12 11:45:02] --- current time step: 132 (frenet_interface.py:257)
INFO     [2025-01-12 11:45:02] --- current velocity: 1.2513577812368417 (frenet_interface.py:258)
INFO     [2025-01-12 11:45:02] --- current target velocity: 1.38473398605899 (frenet_interface.py:259)
INFO     [2025-01-12 11:45:03] --- Sampled interval of velocity: 0.00 m/s - 7.00 m/s (planner.py:310)
INFO     [2025-01-12 11:45:03] --- current time step: 133 (frenet_interface.py:280)
INFO     [2025-01-12 11:45:03] --- current velocity: 1.1002783422088114 (frenet_interface.py:281)
INFO     [2025-01-12 11:45:03] --- current target velocity: 1.2513577812368417 (frenet_interface.py:282)
INFO     [2025-01-12 11:45:03] --- Sampled interval of velocity: 0.00 m/s - 6.85 m/s (planner.py:310)
INFO     [2025-01-12 11:45:03] --- current time step: 134 (frenet_interface.py:280)
INFO     [2025-01-12 11:45:03] --- current velocity: 0.9379022274495058 (frenet_interface.py:281)
INFO     [2025-01-12 11:45:03] --- current target velocity: 1.1002783422088114 (frenet_interface.py:282)
INFO     [2025-01-12 11:45:04] --- Sampled interval of velocity: 0.00 m/s - 6.69 m/s (planner.py:310)
INFO     [2025-01-12 11:45:04] --- select trajectory 196 (reactive_planner_cpp.py:382)
INFO     [2025-01-12 11:45:04] --- current time step: 135 (frenet_interface.py:257)
INFO     [2025-01-12 11:45:04] --- current velocity: 0.8475319177017382 (frenet_interface.py:258)
INFO     [2025-01-12 11:45:04] --- current target velocity: 0.9379022274495058 (frenet_interface.py:259)
INFO     [2025-01-12 11:45:05] --- Sampled interval of velocity: 0.00 m/s - 6.60 m/s (planner.py:310)
INFO     [2025-01-12 11:45:05] --- current time step: 136 (frenet_interface.py:280)
INFO     [2025-01-12 11:45:05] --- current velocity: 0.7451992238387 (frenet_interface.py:281)
INFO     [2025-01-12 11:45:05] --- current target velocity: 0.8475319177017382 (frenet_interface.py:282)
INFO     [2025-01-12 11:45:05] --- Sampled interval of velocity: 0.00 m/s - 6.50 m/s (planner.py:310)
INFO     [2025-01-12 11:45:05] --- current time step: 137 (frenet_interface.py:280)
INFO     [2025-01-12 11:45:05] --- current velocity: 0.6352380992308064 (frenet_interface.py:281)
INFO     [2025-01-12 11:45:05] --- current target velocity: 0.7451992238387 (frenet_interface.py:282)
INFO     [2025-01-12 11:45:05] --- Sampled interval of velocity: 0.00 m/s - 6.39 m/s (planner.py:310)
INFO     [2025-01-12 11:45:05] --- select trajectory 196 (reactive_planner_cpp.py:382)
INFO     [2025-01-12 11:45:05] --- current time step: 138 (frenet_interface.py:257)
INFO     [2025-01-12 11:45:05] --- current velocity: 0.5740485725986613 (frenet_interface.py:258)
INFO     [2025-01-12 11:45:05] --- current target velocity: 0.6352380992308064 (frenet_interface.py:259)
INFO     [2025-01-12 11:45:06] --- Sampled interval of velocity: 0.00 m/s - 6.32 m/s (planner.py:310)
INFO     [2025-01-12 11:45:06] --- current time step: 139 (frenet_interface.py:280)
INFO     [2025-01-12 11:45:06] --- current velocity: 0.5047660757280298 (frenet_interface.py:281)
INFO     [2025-01-12 11:45:06] --- current target velocity: 0.5740485725986613 (frenet_interface.py:282)
INFO     [2025-01-12 11:45:06] --- Sampled interval of velocity: 0.00 m/s - 6.25 m/s (planner.py:310)
INFO     [2025-01-12 11:45:06] --- current time step: 140 (frenet_interface.py:280)
INFO     [2025-01-12 11:45:06] --- current velocity: 0.43032369987250635 (frenet_interface.py:281)
INFO     [2025-01-12 11:45:06] --- current target velocity: 0.5047660757280298 (frenet_interface.py:282)
