CRITICAL [2025-01-12 11:21:24] --- Start Planner Vehicle ID: 3279 (frenet_interface.py:67)
INFO     [2025-01-12 11:21:25] --- Sampled interval of velocity: 0.00 m/s - 11.90 m/s (planner.py:310)
INFO     [2025-01-12 11:21:25] --- select trajectory 101 (reactive_planner_cpp.py:382)
INFO     [2025-01-12 11:21:25] --- current time step: 0 (frenet_interface.py:257)
INFO     [2025-01-12 11:21:25] --- current velocity: 6.042604267329842 (frenet_interface.py:258)
INFO     [2025-01-12 11:21:25] --- current target velocity: 1.8638489562896192 (frenet_interface.py:259)
INFO     [2025-01-12 11:21:26] --- Sampled interval of velocity: 0.00 m/s - 11.79 m/s (planner.py:310)
INFO     [2025-01-12 11:21:26] --- current time step: 1 (frenet_interface.py:280)
INFO     [2025-01-12 11:21:26] --- current velocity: 5.744838184548921 (frenet_interface.py:281)
INFO     [2025-01-12 11:21:26] --- current target velocity: 1.8351291241264043 (frenet_interface.py:282)
INFO     [2025-01-12 11:21:26] --- Sampled interval of velocity: 0.00 m/s - 11.49 m/s (planner.py:310)
INFO     [2025-01-12 11:21:26] --- current time step: 2 (frenet_interface.py:280)
INFO     [2025-01-12 11:21:26] --- current velocity: 5.299937680425397 (frenet_interface.py:281)
INFO     [2025-01-12 11:21:26] --- current target velocity: 1.8074244682459086 (frenet_interface.py:282)
INFO     [2025-01-12 11:21:27] --- Sampled interval of velocity: 0.00 m/s - 11.05 m/s (planner.py:310)
INFO     [2025-01-12 11:21:27] --- select trajectory 101 (reactive_planner_cpp.py:382)
INFO     [2025-01-12 11:21:27] --- current time step: 3 (frenet_interface.py:257)
INFO     [2025-01-12 11:21:27] --- current velocity: 5.000235937631034 (frenet_interface.py:258)
INFO     [2025-01-12 11:21:27] --- current target velocity: 1.7819075919810303 (frenet_interface.py:259)
INFO     [2025-01-12 11:21:28] --- Sampled interval of velocity: 0.00 m/s - 10.75 m/s (planner.py:310)
INFO     [2025-01-12 11:21:28] --- current time step: 4 (frenet_interface.py:280)
INFO     [2025-01-12 11:21:28] --- current velocity: 4.62079777162291 (frenet_interface.py:281)
INFO     [2025-01-12 11:21:28] --- current target velocity: 1.7586263968317675 (frenet_interface.py:282)
INFO     [2025-01-12 11:21:28] --- Sampled interval of velocity: 0.00 m/s - 10.37 m/s (planner.py:310)
INFO     [2025-01-12 11:21:28] --- current time step: 5 (frenet_interface.py:280)
INFO     [2025-01-12 11:21:28] --- current velocity: 4.184438826158342 (frenet_interface.py:281)
INFO     [2025-01-12 11:21:28] --- current target velocity: 1.7373931581003867 (frenet_interface.py:282)
INFO     [2025-01-12 11:21:28] --- Sampled interval of velocity: 0.00 m/s - 9.93 m/s (planner.py:310)
INFO     [2025-01-12 11:21:28] --- select trajectory 401 (reactive_planner_cpp.py:382)
INFO     [2025-01-12 11:21:28] --- current time step: 6 (frenet_interface.py:257)
INFO     [2025-01-12 11:21:28] --- current velocity: 3.944440135974977 (frenet_interface.py:258)
INFO     [2025-01-12 11:21:28] --- current target velocity: 1.7187286845305385 (frenet_interface.py:259)
INFO     [2025-01-12 11:21:29] --- Sampled interval of velocity: 0.00 m/s - 9.69 m/s (planner.py:310)
INFO     [2025-01-12 11:21:29] --- current time step: 7 (frenet_interface.py:280)
INFO     [2025-01-12 11:21:29] --- current velocity: 3.685570927919127 (frenet_interface.py:281)
INFO     [2025-01-12 11:21:29] --- current target velocity: 1.7021967973219887 (frenet_interface.py:282)
INFO     [2025-01-12 11:21:29] --- Sampled interval of velocity: 0.00 m/s - 9.44 m/s (planner.py:310)
INFO     [2025-01-12 11:21:29] --- current time step: 8 (frenet_interface.py:280)
INFO     [2025-01-12 11:21:29] --- current velocity: 3.413697349643332 (frenet_interface.py:281)
INFO     [2025-01-12 11:21:29] --- current target velocity: 1.6872029238135167 (frenet_interface.py:282)
INFO     [2025-01-12 11:21:29] --- Sampled interval of velocity: 0.00 m/s - 9.16 m/s (planner.py:310)
INFO     [2025-01-12 11:21:29] --- select trajectory 401 (reactive_planner_cpp.py:382)
INFO     [2025-01-12 11:21:29] --- current time step: 9 (frenet_interface.py:257)
INFO     [2025-01-12 11:21:29] --- current velocity: 3.2614746175086826 (frenet_interface.py:258)
INFO     [2025-01-12 11:21:29] --- current target velocity: 1.6738938581756935 (frenet_interface.py:259)
INFO     [2025-01-12 11:21:30] --- Sampled interval of velocity: 0.00 m/s - 9.01 m/s (planner.py:310)
INFO     [2025-01-12 11:21:30] --- current time step: 10 (frenet_interface.py:280)
INFO     [2025-01-12 11:21:30] --- current velocity: 3.0850159364116805 (frenet_interface.py:281)
INFO     [2025-01-12 11:21:30] --- current target velocity: 1.661908626717848 (frenet_interface.py:282)
INFO     [2025-01-12 11:21:30] --- Sampled interval of velocity: 0.00 m/s - 8.84 m/s (planner.py:310)
INFO     [2025-01-12 11:21:30] --- current time step: 11 (frenet_interface.py:280)
INFO     [2025-01-12 11:21:30] --- current velocity: 2.89000598837889 (frenet_interface.py:281)
INFO     [2025-01-12 11:21:30] --- current target velocity: 1.6509440036897294 (frenet_interface.py:282)
INFO     [2025-01-12 11:21:31] --- Sampled interval of velocity: 0.00 m/s - 8.64 m/s (planner.py:310)
INFO     [2025-01-12 11:21:31] --- select trajectory 701 (reactive_planner_cpp.py:382)
INFO     [2025-01-12 11:21:31] --- current time step: 12 (frenet_interface.py:257)
INFO     [2025-01-12 11:21:31] --- current velocity: 2.7895482493433246 (frenet_interface.py:258)
INFO     [2025-01-12 11:21:31] --- current target velocity: 1.6411784941796084 (frenet_interface.py:259)
INFO     [2025-01-12 11:21:31] --- Sampled interval of velocity: 0.00 m/s - 8.54 m/s (planner.py:310)
INFO     [2025-01-12 11:21:31] --- current time step: 13 (frenet_interface.py:280)
INFO     [2025-01-12 11:21:31] --- current velocity: 2.690651704302623 (frenet_interface.py:281)
INFO     [2025-01-12 11:21:31] --- current target velocity: 1.6323661933193676 (frenet_interface.py:282)
INFO     [2025-01-12 11:21:32] --- Sampled interval of velocity: 0.00 m/s - 8.44 m/s (planner.py:310)
INFO     [2025-01-12 11:21:32] --- current time step: 14 (frenet_interface.py:280)
INFO     [2025-01-12 11:21:32] --- current velocity: 2.5934457557625223 (frenet_interface.py:281)
INFO     [2025-01-12 11:21:32] --- current target velocity: 1.6241617680440796 (frenet_interface.py:282)
INFO     [2025-01-12 11:21:32] --- Sampled interval of velocity: 0.00 m/s - 8.34 m/s (planner.py:310)
INFO     [2025-01-12 11:21:32] --- select trajectory 701 (reactive_planner_cpp.py:382)
INFO     [2025-01-12 11:21:32] --- current time step: 15 (frenet_interface.py:257)
INFO     [2025-01-12 11:21:32] --- current velocity: 2.5433933372673727 (frenet_interface.py:258)
INFO     [2025-01-12 11:21:32] --- current target velocity: 1.6165666935022331 (frenet_interface.py:259)
INFO     [2025-01-12 11:21:33] --- Sampled interval of velocity: 0.00 m/s - 8.29 m/s (planner.py:310)
INFO     [2025-01-12 11:21:33] --- current time step: 16 (frenet_interface.py:280)
INFO     [2025-01-12 11:21:33] --- current velocity: 2.489798749845299 (frenet_interface.py:281)
INFO     [2025-01-12 11:21:33] --- current target velocity: 1.6094075742812155 (frenet_interface.py:282)
INFO     [2025-01-12 11:21:33] --- Sampled interval of velocity: 0.00 m/s - 8.24 m/s (planner.py:310)
INFO     [2025-01-12 11:21:33] --- current time step: 17 (frenet_interface.py:280)
INFO     [2025-01-12 11:21:33] --- current velocity: 2.4330296234460658 (frenet_interface.py:281)
INFO     [2025-01-12 11:21:33] --- current target velocity: 1.6025328163719665 (frenet_interface.py:282)
INFO     [2025-01-12 11:21:33] --- Sampled interval of velocity: 0.00 m/s - 8.18 m/s (planner.py:310)
INFO     [2025-01-12 11:21:33] --- select trajectory 701 (reactive_planner_cpp.py:382)
INFO     [2025-01-12 11:21:33] --- current time step: 18 (frenet_interface.py:257)
INFO     [2025-01-12 11:21:33] --- current velocity: 2.4012281222315592 (frenet_interface.py:258)
INFO     [2025-01-12 11:21:33] --- current target velocity: 1.595974567535285 (frenet_interface.py:259)
INFO     [2025-01-12 11:21:34] --- Sampled interval of velocity: 0.00 m/s - 8.15 m/s (planner.py:310)
INFO     [2025-01-12 11:21:34] --- current time step: 19 (frenet_interface.py:280)
INFO     [2025-01-12 11:21:34] --- current velocity: 2.364345876098421 (frenet_interface.py:281)
INFO     [2025-01-12 11:21:34] --- current target velocity: 1.5896545978260919 (frenet_interface.py:282)
INFO     [2025-01-12 11:21:34] --- Sampled interval of velocity: 0.00 m/s - 8.11 m/s (planner.py:310)
INFO     [2025-01-12 11:21:34] --- current time step: 20 (frenet_interface.py:280)
INFO     [2025-01-12 11:21:34] --- current velocity: 2.3228151427640147 (frenet_interface.py:281)
INFO     [2025-01-12 11:21:34] --- current target velocity: 1.5835031365768255 (frenet_interface.py:282)
INFO     [2025-01-12 11:21:34] --- Sampled interval of velocity: 0.00 m/s - 8.07 m/s (planner.py:310)
INFO     [2025-01-12 11:21:34] --- select trajectory 701 (reactive_planner_cpp.py:382)
INFO     [2025-01-12 11:21:34] --- current time step: 21 (frenet_interface.py:257)
INFO     [2025-01-12 11:21:34] --- current velocity: 2.298113371133819 (frenet_interface.py:258)
INFO     [2025-01-12 11:21:34] --- current target velocity: 1.5775621378464033 (frenet_interface.py:259)
INFO     [2025-01-12 11:21:35] --- Sampled interval of velocity: 0.00 m/s - 8.05 m/s (planner.py:310)
INFO     [2025-01-12 11:21:35] --- current time step: 22 (frenet_interface.py:280)
INFO     [2025-01-12 11:21:35] --- current velocity: 2.268011156316943 (frenet_interface.py:281)
INFO     [2025-01-12 11:21:35] --- current target velocity: 1.5717875561370513 (frenet_interface.py:282)
INFO     [2025-01-12 11:21:36] --- Sampled interval of velocity: 0.00 m/s - 8.02 m/s (planner.py:310)
INFO     [2025-01-12 11:21:36] --- current time step: 23 (frenet_interface.py:280)
INFO     [2025-01-12 11:21:36] --- current velocity: 2.232946297074433 (frenet_interface.py:281)
INFO     [2025-01-12 11:21:36] --- current target velocity: 1.5661390771731476 (frenet_interface.py:282)
INFO     [2025-01-12 11:21:36] --- Sampled interval of velocity: 0.00 m/s - 7.98 m/s (planner.py:310)
INFO     [2025-01-12 11:21:36] --- select trajectory 701 (reactive_planner_cpp.py:382)
INFO     [2025-01-12 11:21:36] --- current time step: 24 (frenet_interface.py:257)
INFO     [2025-01-12 11:21:36] --- current velocity: 2.211449297392854 (frenet_interface.py:258)
INFO     [2025-01-12 11:21:36] --- current target velocity: 1.5606611798696077 (frenet_interface.py:259)
INFO     [2025-01-12 11:21:37] --- Sampled interval of velocity: 0.00 m/s - 7.96 m/s (planner.py:310)
INFO     [2025-01-12 11:21:37] --- current time step: 25 (frenet_interface.py:280)
INFO     [2025-01-12 11:21:37] --- current velocity: 2.184641631663154 (frenet_interface.py:281)
INFO     [2025-01-12 11:21:37] --- current target velocity: 1.5553224751588866 (frenet_interface.py:282)
INFO     [2025-01-12 11:21:37] --- Sampled interval of velocity: 0.00 m/s - 7.93 m/s (planner.py:310)
INFO     [2025-01-12 11:21:37] --- current time step: 26 (frenet_interface.py:280)
INFO     [2025-01-12 11:21:37] --- current velocity: 2.152947205135713 (frenet_interface.py:281)
INFO     [2025-01-12 11:21:37] --- current target velocity: 1.550093607860718 (frenet_interface.py:282)
INFO     [2025-01-12 11:21:37] --- Sampled interval of velocity: 0.00 m/s - 7.90 m/s (planner.py:310)
INFO     [2025-01-12 11:21:37] --- select trajectory 701 (reactive_planner_cpp.py:382)
INFO     [2025-01-12 11:21:37] --- current time step: 27 (frenet_interface.py:257)
INFO     [2025-01-12 11:21:37] --- current velocity: 2.1332688108740028 (frenet_interface.py:258)
INFO     [2025-01-12 11:21:37] --- current target velocity: 1.5450190731887403 (frenet_interface.py:259)
INFO     [2025-01-12 11:21:38] --- Sampled interval of velocity: 0.00 m/s - 7.88 m/s (planner.py:310)
INFO     [2025-01-12 11:21:38] --- current time step: 28 (frenet_interface.py:280)
INFO     [2025-01-12 11:21:38] --- current velocity: 2.1084996086891845 (frenet_interface.py:281)
INFO     [2025-01-12 11:21:38] --- current target velocity: 1.5400725212266542 (frenet_interface.py:282)
INFO     [2025-01-12 11:21:38] --- Sampled interval of velocity: 0.00 m/s - 7.86 m/s (planner.py:310)
INFO     [2025-01-12 11:21:38] --- current time step: 29 (frenet_interface.py:280)
INFO     [2025-01-12 11:21:38] --- current velocity: 2.079043702283638 (frenet_interface.py:281)
INFO     [2025-01-12 11:21:38] --- current target velocity: 1.535229006247582 (frenet_interface.py:282)
INFO     [2025-01-12 11:21:38] --- Sampled interval of velocity: 0.00 m/s - 7.83 m/s (planner.py:310)
INFO     [2025-01-12 11:21:38] --- select trajectory 501 (reactive_planner_cpp.py:382)
INFO     [2025-01-12 11:21:38] --- current time step: 30 (frenet_interface.py:257)
INFO     [2025-01-12 11:21:38] --- current velocity: 2.0596518557463566 (frenet_interface.py:258)
INFO     [2025-01-12 11:21:38] --- current target velocity: 1.5305322079925947 (frenet_interface.py:259)
INFO     [2025-01-12 11:21:39] --- Sampled interval of velocity: 0.00 m/s - 7.81 m/s (planner.py:310)
INFO     [2025-01-12 11:21:39] --- current time step: 31 (frenet_interface.py:280)
INFO     [2025-01-12 11:21:39] --- current velocity: 2.0335468143941893 (frenet_interface.py:281)
INFO     [2025-01-12 11:21:39] --- current target velocity: 1.5259609983488376 (frenet_interface.py:282)
INFO     [2025-01-12 11:21:39] --- Sampled interval of velocity: 0.00 m/s - 7.78 m/s (planner.py:310)
INFO     [2025-01-12 11:21:39] --- current time step: 32 (frenet_interface.py:280)
INFO     [2025-01-12 11:21:39] --- current velocity: 2.0013386202467114 (frenet_interface.py:281)
INFO     [2025-01-12 11:21:39] --- current target velocity: 1.5215065191985049 (frenet_interface.py:282)
INFO     [2025-01-12 11:21:40] --- Sampled interval of velocity: 0.00 m/s - 7.75 m/s (planner.py:310)
INFO     [2025-01-12 11:21:40] --- select trajectory 401 (reactive_planner_cpp.py:382)
INFO     [2025-01-12 11:21:40] --- current time step: 33 (frenet_interface.py:257)
INFO     [2025-01-12 11:21:40] --- current velocity: 1.9711882189725616 (frenet_interface.py:258)
INFO     [2025-01-12 11:21:40] --- current target velocity: 1.5172270326548836 (frenet_interface.py:259)
INFO     [2025-01-12 11:21:40] --- Sampled interval of velocity: 0.00 m/s - 7.72 m/s (planner.py:310)
INFO     [2025-01-12 11:21:40] --- current time step: 34 (frenet_interface.py:280)
INFO     [2025-01-12 11:21:40] --- current velocity: 1.9184425086219845 (frenet_interface.py:281)
INFO     [2025-01-12 11:21:40] --- current target velocity: 1.5131306378047016 (frenet_interface.py:282)
INFO     [2025-01-12 11:21:41] --- Sampled interval of velocity: 0.00 m/s - 7.67 m/s (planner.py:310)
INFO     [2025-01-12 11:21:41] --- current time step: 35 (frenet_interface.py:280)
INFO     [2025-01-12 11:21:41] --- current velocity: 1.8470762272357548 (frenet_interface.py:281)
INFO     [2025-01-12 11:21:41] --- current target velocity: 1.5093288661230437 (frenet_interface.py:282)
INFO     [2025-01-12 11:21:41] --- Sampled interval of velocity: 0.00 m/s - 7.60 m/s (planner.py:310)
INFO     [2025-01-12 11:21:41] --- select trajectory 101 (reactive_planner_cpp.py:382)
INFO     [2025-01-12 11:21:41] --- current time step: 36 (frenet_interface.py:257)
INFO     [2025-01-12 11:21:41] --- current velocity: 1.7934053467439317 (frenet_interface.py:258)
INFO     [2025-01-12 11:21:41] --- current target velocity: 1.5060119111727035 (frenet_interface.py:259)
INFO     [2025-01-12 11:21:42] --- Sampled interval of velocity: 0.00 m/s - 7.54 m/s (planner.py:310)
INFO     [2025-01-12 11:21:42] --- current time step: 37 (frenet_interface.py:280)
INFO     [2025-01-12 11:21:42] --- current velocity: 1.71581919177036 (frenet_interface.py:281)
INFO     [2025-01-12 11:21:42] --- current target velocity: 1.5031862420629074 (frenet_interface.py:282)
INFO     [2025-01-12 11:21:42] --- Sampled interval of velocity: 0.00 m/s - 7.47 m/s (planner.py:310)
INFO     [2025-01-12 11:21:42] --- current time step: 38 (frenet_interface.py:280)
INFO     [2025-01-12 11:21:42] --- current velocity: 1.6204341963803663 (frenet_interface.py:281)
INFO     [2025-01-12 11:21:42] --- current target velocity: 1.500905504688132 (frenet_interface.py:282)
INFO     [2025-01-12 11:21:42] --- Sampled interval of velocity: 0.00 m/s - 7.37 m/s (planner.py:310)
INFO     [2025-01-12 11:21:42] --- select trajectory 101 (reactive_planner_cpp.py:382)
INFO     [2025-01-12 11:21:42] --- current time step: 39 (frenet_interface.py:257)
INFO     [2025-01-12 11:21:42] --- current velocity: 1.5619207766191008 (frenet_interface.py:258)
INFO     [2025-01-12 11:21:42] --- current target velocity: 1.4993741639557356 (frenet_interface.py:259)
INFO     [2025-01-12 11:21:43] --- Sampled interval of velocity: 0.00 m/s - 7.31 m/s (planner.py:310)
INFO     [2025-01-12 11:21:43] --- current time step: 40 (frenet_interface.py:280)
INFO     [2025-01-12 11:21:43] --- current velocity: 1.4911334931437936 (frenet_interface.py:281)
INFO     [2025-01-12 11:21:43] --- current target velocity: 1.4985211261352285 (frenet_interface.py:282)
INFO     [2025-01-12 11:21:44] --- Sampled interval of velocity: 0.00 m/s - 7.24 m/s (planner.py:310)
INFO     [2025-01-12 11:21:44] --- current time step: 41 (frenet_interface.py:280)
INFO     [2025-01-12 11:21:44] --- current velocity: 1.411832832687398 (frenet_interface.py:281)
INFO     [2025-01-12 11:21:44] --- current target velocity: 1.4982538024744847 (frenet_interface.py:282)
INFO     [2025-01-12 11:21:44] --- Sampled interval of velocity: 0.00 m/s - 7.16 m/s (planner.py:310)
INFO     [2025-01-12 11:21:44] --- select trajectory 191 (reactive_planner_cpp.py:382)
INFO     [2025-01-12 11:21:44] --- current time step: 42 (frenet_interface.py:257)
INFO     [2025-01-12 11:21:44] --- current velocity: 1.3449634749159065 (frenet_interface.py:258)
INFO     [2025-01-12 11:21:44] --- current target velocity: 1.4986857516332996 (frenet_interface.py:259)
INFO     [2025-01-12 11:21:44] --- Sampled interval of velocity: 0.00 m/s - 7.09 m/s (planner.py:310)
INFO     [2025-01-12 11:21:44] --- current time step: 43 (frenet_interface.py:280)
INFO     [2025-01-12 11:21:44] --- current velocity: 1.2337790440468892 (frenet_interface.py:281)
INFO     [2025-01-12 11:21:44] --- current target velocity: 1.4997815067937261 (frenet_interface.py:282)
INFO     [2025-01-12 11:21:45] --- Sampled interval of velocity: 0.00 m/s - 6.98 m/s (planner.py:310)
INFO     [2025-01-12 11:21:45] --- current time step: 44 (frenet_interface.py:280)
INFO     [2025-01-12 11:21:45] --- current velocity: 1.0889587126083562 (frenet_interface.py:281)
INFO     [2025-01-12 11:21:45] --- current target velocity: 1.5017544821095896 (frenet_interface.py:282)
INFO     [2025-01-12 11:21:45] --- Sampled interval of velocity: 0.00 m/s - 6.84 m/s (planner.py:310)
INFO     [2025-01-12 11:21:45] --- select trajectory 196 (reactive_planner_cpp.py:382)
INFO     [2025-01-12 11:21:45] --- current time step: 45 (frenet_interface.py:257)
INFO     [2025-01-12 11:21:45] --- current velocity: 0.9982975990783753 (frenet_interface.py:258)
INFO     [2025-01-12 11:21:45] --- current target velocity: 1.5050047473717552 (frenet_interface.py:259)
INFO     [2025-01-12 11:21:46] --- Sampled interval of velocity: 0.00 m/s - 6.75 m/s (planner.py:310)
INFO     [2025-01-12 11:21:46] --- current time step: 46 (frenet_interface.py:280)
INFO     [2025-01-12 11:21:46] --- current velocity: 0.8883191766637997 (frenet_interface.py:281)
INFO     [2025-01-12 11:21:46] --- current target velocity: 1.5094661202772799 (frenet_interface.py:282)
INFO     [2025-01-12 11:21:46] --- Sampled interval of velocity: 0.00 m/s - 6.64 m/s (planner.py:310)
INFO     [2025-01-12 11:21:46] --- current time step: 47 (frenet_interface.py:280)
INFO     [2025-01-12 11:21:46] --- current velocity: 0.7649129290075257 (frenet_interface.py:281)
INFO     [2025-01-12 11:21:46] --- current target velocity: 1.515003309860585 (frenet_interface.py:282)
INFO     [2025-01-12 11:21:47] --- Sampled interval of velocity: 0.00 m/s - 6.51 m/s (planner.py:310)
INFO     [2025-01-12 11:21:47] --- select trajectory 196 (reactive_planner_cpp.py:382)
INFO     [2025-01-12 11:21:47] --- current time step: 48 (frenet_interface.py:257)
INFO     [2025-01-12 11:21:47] --- current velocity: 0.6941633805549516 (frenet_interface.py:258)
INFO     [2025-01-12 11:21:47] --- current target velocity: 1.5218103757559849 (frenet_interface.py:259)
INFO     [2025-01-12 11:21:48] --- Sampled interval of velocity: 0.00 m/s - 6.44 m/s (planner.py:310)
INFO     [2025-01-12 11:21:48] --- current time step: 49 (frenet_interface.py:280)
INFO     [2025-01-12 11:21:48] --- current velocity: 0.6125449461587584 (frenet_interface.py:281)
INFO     [2025-01-12 11:21:48] --- current target velocity: 1.529722494718372 (frenet_interface.py:282)
INFO     [2025-01-12 11:21:48] --- Sampled interval of velocity: 0.00 m/s - 6.36 m/s (planner.py:310)
INFO     [2025-01-12 11:21:48] --- current time step: 50 (frenet_interface.py:280)
INFO     [2025-01-12 11:21:48] --- current velocity: 0.5237674494581129 (frenet_interface.py:281)
INFO     [2025-01-12 11:21:48] --- current target velocity: 1.538567112497224 (frenet_interface.py:282)
INFO     [2025-01-12 11:21:49] --- Sampled interval of velocity: 0.00 m/s - 6.27 m/s (planner.py:310)
INFO     [2025-01-12 11:21:49] --- select trajectory 196 (reactive_planner_cpp.py:382)
INFO     [2025-01-12 11:21:49] --- current time step: 51 (frenet_interface.py:257)
INFO     [2025-01-12 11:21:49] --- current velocity: 0.47393873254865604 (frenet_interface.py:258)
INFO     [2025-01-12 11:21:49] --- current target velocity: 1.548464754292259 (frenet_interface.py:259)
INFO     [2025-01-12 11:21:50] --- Sampled interval of velocity: 0.00 m/s - 6.22 m/s (planner.py:310)
INFO     [2025-01-12 11:21:50] --- current time step: 52 (frenet_interface.py:280)
INFO     [2025-01-12 11:21:50] --- current velocity: 0.4172089833071401 (frenet_interface.py:281)
INFO     [2025-01-12 11:21:50] --- current target velocity: 1.5592785101923943 (frenet_interface.py:282)
INFO     [2025-01-12 11:21:50] --- Sampled interval of velocity: 0.00 m/s - 6.17 m/s (planner.py:310)
INFO     [2025-01-12 11:21:50] --- current time step: 53 (frenet_interface.py:280)
INFO     [2025-01-12 11:21:50] --- current velocity: 0.35603217261688086 (frenet_interface.py:281)
INFO     [2025-01-12 11:21:50] --- current target velocity: 1.5708746748714342 (frenet_interface.py:282)
INFO     [2025-01-12 11:21:50] --- Sampled interval of velocity: 0.00 m/s - 6.11 m/s (planner.py:310)
INFO     [2025-01-12 11:21:50] --- select trajectory 196 (reactive_planner_cpp.py:382)
INFO     [2025-01-12 11:21:50] --- current time step: 54 (frenet_interface.py:257)
INFO     [2025-01-12 11:21:50] --- current velocity: 0.3219027282566888 (frenet_interface.py:258)
INFO     [2025-01-12 11:21:50] --- current target velocity: 1.5833376827888739 (frenet_interface.py:259)
INFO     [2025-01-12 11:21:51] --- Sampled interval of velocity: 0.00 m/s - 6.07 m/s (planner.py:310)
INFO     [2025-01-12 11:21:51] --- current time step: 55 (frenet_interface.py:280)
INFO     [2025-01-12 11:21:51] --- current velocity: 0.28319625456794056 (frenet_interface.py:281)
INFO     [2025-01-12 11:21:51] --- current target velocity: 1.5965708752313146 (frenet_interface.py:282)
INFO     [2025-01-12 11:21:51] --- Sampled interval of velocity: 0.00 m/s - 6.03 m/s (planner.py:310)
INFO     [2025-01-12 11:21:51] --- current time step: 56 (frenet_interface.py:280)
INFO     [2025-01-12 11:21:51] --- current velocity: 0.24156201417759232 (frenet_interface.py:281)
INFO     [2025-01-12 11:21:51] --- current target velocity: 1.6104817212539015 (frenet_interface.py:282)
INFO     [2025-01-12 11:21:52] --- Sampled interval of velocity: 0.00 m/s - 5.99 m/s (planner.py:310)
WARNING  [2025-01-12 11:21:52] --- No optimal trajectory available. Select stopping trajectory! (reactive_planner_cpp.py:407)
INFO     [2025-01-12 11:21:52] --- current time step: 57 (frenet_interface.py:257)
INFO     [2025-01-12 11:21:52] --- current velocity: 0.21837717141940186 (frenet_interface.py:258)
INFO     [2025-01-12 11:21:52] --- current target velocity: 1.6251331051907647 (frenet_interface.py:259)
INFO     [2025-01-12 11:21:53] --- Sampled interval of velocity: 0.00 m/s - 5.97 m/s (planner.py:310)
INFO     [2025-01-12 11:21:53] --- current time step: 58 (frenet_interface.py:280)
INFO     [2025-01-12 11:21:53] --- current velocity: 0.19211363632231057 (frenet_interface.py:281)
INFO     [2025-01-12 11:21:53] --- current target velocity: 1.640461242967463 (frenet_interface.py:282)
INFO     [2025-01-12 11:21:53] --- Sampled interval of velocity: 0.00 m/s - 5.94 m/s (planner.py:310)
INFO     [2025-01-12 11:21:53] --- current time step: 59 (frenet_interface.py:280)
INFO     [2025-01-12 11:21:53] --- current velocity: 0.16388534424232817 (frenet_interface.py:281)
INFO     [2025-01-12 11:21:53] --- current target velocity: 1.6564057506633043 (frenet_interface.py:282)
INFO     [2025-01-12 11:21:53] --- Sampled interval of velocity: 0.00 m/s - 5.91 m/s (planner.py:310)
WARNING  [2025-01-12 11:21:53] --- No optimal trajectory available. Select stopping trajectory! (reactive_planner_cpp.py:407)
INFO     [2025-01-12 11:21:53] --- current time step: 60 (frenet_interface.py:257)
INFO     [2025-01-12 11:21:53] --- current velocity: 0.1481745305627281 (frenet_interface.py:258)
INFO     [2025-01-12 11:21:53] --- current target velocity: 1.6730157387780316 (frenet_interface.py:259)
INFO     [2025-01-12 11:21:54] --- Sampled interval of velocity: 0.00 m/s - 5.90 m/s (planner.py:310)
INFO     [2025-01-12 11:21:54] --- current time step: 61 (frenet_interface.py:280)
INFO     [2025-01-12 11:21:54] --- current velocity: 0.1303837900552013 (frenet_interface.py:281)
INFO     [2025-01-12 11:21:54] --- current target velocity: 1.690251887365275 (frenet_interface.py:282)
INFO     [2025-01-12 11:21:55] --- Sampled interval of velocity: 0.00 m/s - 5.88 m/s (planner.py:310)
INFO     [2025-01-12 11:21:55] --- current time step: 62 (frenet_interface.py:280)
INFO     [2025-01-12 11:21:55] --- current velocity: 0.11126663533854016 (frenet_interface.py:281)
INFO     [2025-01-12 11:21:55] --- current target velocity: 1.7080775286790488 (frenet_interface.py:282)
INFO     [2025-01-12 11:21:55] --- Sampled interval of velocity: 0.00 m/s - 5.86 m/s (planner.py:310)
WARNING  [2025-01-12 11:21:55] --- No optimal trajectory available. Select stopping trajectory! (reactive_planner_cpp.py:407)
INFO     [2025-01-12 11:21:55] --- current time step: 63 (frenet_interface.py:257)
INFO     [2025-01-12 11:21:55] --- current velocity: 0.10062852810989241 (frenet_interface.py:258)
INFO     [2025-01-12 11:21:55] --- current target velocity: 1.726533030727715 (frenet_interface.py:259)
INFO     [2025-01-12 11:21:56] --- Sampled interval of velocity: 0.00 m/s - 5.85 m/s (planner.py:310)
INFO     [2025-01-12 11:21:56] --- current time step: 64 (frenet_interface.py:280)
INFO     [2025-01-12 11:21:56] --- current velocity: 0.08858336047673455 (frenet_interface.py:281)
INFO     [2025-01-12 11:21:56] --- current target velocity: 1.7455971124316132 (frenet_interface.py:282)
