CRITICAL [2025-01-12 11:48:41] --- Start Planner Vehicle ID: 30572 (frenet_interface.py:67)
INFO     [2025-01-12 11:48:43] --- Sampled interval of velocity: 0.00 m/s - 23.41 m/s (planner.py:310)
INFO     [2025-01-12 11:48:43] --- select trajectory 741 (reactive_planner_cpp.py:382)
INFO     [2025-01-12 11:48:43] --- current time step: 0 (frenet_interface.py:257)
INFO     [2025-01-12 11:48:43] --- current velocity: 17.645834996294948 (frenet_interface.py:258)
INFO     [2025-01-12 11:48:43] --- current target velocity: 17.6557 (frenet_interface.py:259)
INFO     [2025-01-12 11:48:45] --- Sampled interval of velocity: 0.00 m/s - 23.40 m/s (planner.py:310)
INFO     [2025-01-12 11:48:45] --- current time step: 1 (frenet_interface.py:280)
INFO     [2025-01-12 11:48:45] --- current velocity: 17.617136803707197 (frenet_interface.py:281)
INFO     [2025-01-12 11:48:45] --- current target velocity: 17.645834996294948 (frenet_interface.py:282)
INFO     [2025-01-12 11:48:46] --- Sampled interval of velocity: 0.00 m/s - 23.37 m/s (planner.py:310)
INFO     [2025-01-12 11:48:46] --- current time step: 2 (frenet_interface.py:280)
INFO     [2025-01-12 11:48:46] --- current velocity: 17.570950650035897 (frenet_interface.py:281)
INFO     [2025-01-12 11:48:46] --- current target velocity: 17.617136803707197 (frenet_interface.py:282)
INFO     [2025-01-12 11:48:46] --- Sampled interval of velocity: 0.00 m/s - 23.32 m/s (planner.py:310)
INFO     [2025-01-12 11:48:46] --- select trajectory 161 (reactive_planner_cpp.py:382)
INFO     [2025-01-12 11:48:46] --- current time step: 3 (frenet_interface.py:257)
INFO     [2025-01-12 11:48:46] --- current velocity: 17.548437541064732 (frenet_interface.py:258)
INFO     [2025-01-12 11:48:46] --- current target velocity: 17.570950650035897 (frenet_interface.py:259)
INFO     [2025-01-12 11:48:48] --- Sampled interval of velocity: 0.00 m/s - 23.30 m/s (planner.py:310)
INFO     [2025-01-12 11:48:48] --- current time step: 4 (frenet_interface.py:280)
INFO     [2025-01-12 11:48:48] --- current velocity: 17.534479416245624 (frenet_interface.py:281)
INFO     [2025-01-12 11:48:48] --- current target velocity: 17.548437541064732 (frenet_interface.py:282)
INFO     [2025-01-12 11:48:49] --- Sampled interval of velocity: 0.00 m/s - 23.28 m/s (planner.py:310)
INFO     [2025-01-12 11:48:49] --- current time step: 5 (frenet_interface.py:280)
INFO     [2025-01-12 11:48:49] --- current velocity: 17.52772548983748 (frenet_interface.py:281)
INFO     [2025-01-12 11:48:49] --- current target velocity: 17.534479416245624 (frenet_interface.py:282)
INFO     [2025-01-12 11:48:49] --- Sampled interval of velocity: 0.00 m/s - 23.28 m/s (planner.py:310)
INFO     [2025-01-12 11:48:49] --- select trajectory 161 (reactive_planner_cpp.py:382)
INFO     [2025-01-12 11:48:49] --- current time step: 6 (frenet_interface.py:257)
INFO     [2025-01-12 11:48:49] --- current velocity: 17.526237022764903 (frenet_interface.py:258)
INFO     [2025-01-12 11:48:49] --- current target velocity: 17.52772548983748 (frenet_interface.py:259)
INFO     [2025-01-12 11:48:52] --- Sampled interval of velocity: 0.00 m/s - 23.28 m/s (planner.py:310)
INFO     [2025-01-12 11:48:52] --- current time step: 7 (frenet_interface.py:280)
INFO     [2025-01-12 11:48:52] --- current velocity: 17.52531417241478 (frenet_interface.py:281)
INFO     [2025-01-12 11:48:52] --- current target velocity: 17.526237022764903 (frenet_interface.py:282)
INFO     [2025-01-12 11:48:53] --- Sampled interval of velocity: 0.00 m/s - 23.28 m/s (planner.py:310)
INFO     [2025-01-12 11:48:53] --- current time step: 8 (frenet_interface.py:280)
INFO     [2025-01-12 11:48:53] --- current velocity: 17.524867630646796 (frenet_interface.py:281)
INFO     [2025-01-12 11:48:53] --- current target velocity: 17.52531417241478 (frenet_interface.py:282)
INFO     [2025-01-12 11:48:54] --- Sampled interval of velocity: 0.00 m/s - 23.27 m/s (planner.py:310)
INFO     [2025-01-12 11:48:54] --- select trajectory 161 (reactive_planner_cpp.py:382)
INFO     [2025-01-12 11:48:54] --- current time step: 9 (frenet_interface.py:257)
INFO     [2025-01-12 11:48:54] --- current velocity: 17.524769217510535 (frenet_interface.py:258)
INFO     [2025-01-12 11:48:54] --- current target velocity: 17.524867630646796 (frenet_interface.py:259)
INFO     [2025-01-12 11:48:56] --- Sampled interval of velocity: 0.00 m/s - 23.27 m/s (planner.py:310)
INFO     [2025-01-12 11:48:56] --- current time step: 10 (frenet_interface.py:280)
INFO     [2025-01-12 11:48:56] --- current velocity: 17.52470819932149 (frenet_interface.py:281)
INFO     [2025-01-12 11:48:56] --- current target velocity: 17.524769217510535 (frenet_interface.py:282)
INFO     [2025-01-12 11:48:57] --- Sampled interval of velocity: 0.00 m/s - 23.27 m/s (planner.py:310)
INFO     [2025-01-12 11:48:57] --- current time step: 11 (frenet_interface.py:280)
INFO     [2025-01-12 11:48:57] --- current velocity: 17.524678672680626 (frenet_interface.py:281)
INFO     [2025-01-12 11:48:57] --- current target velocity: 17.52470819932149 (frenet_interface.py:282)
INFO     [2025-01-12 11:48:58] --- Sampled interval of velocity: 0.00 m/s - 23.27 m/s (planner.py:310)
INFO     [2025-01-12 11:48:58] --- select trajectory 741 (reactive_planner_cpp.py:382)
INFO     [2025-01-12 11:48:58] --- current time step: 12 (frenet_interface.py:257)
INFO     [2025-01-12 11:48:58] --- current velocity: 17.514966448069927 (frenet_interface.py:258)
INFO     [2025-01-12 11:48:58] --- current target velocity: 17.524678672680626 (frenet_interface.py:259)
INFO     [2025-01-12 11:49:00] --- Sampled interval of velocity: 0.00 m/s - 23.26 m/s (planner.py:310)
INFO     [2025-01-12 11:49:00] --- current time step: 13 (frenet_interface.py:280)
INFO     [2025-01-12 11:49:00] --- current velocity: 17.486727748570804 (frenet_interface.py:281)
INFO     [2025-01-12 11:49:00] --- current target velocity: 17.514966448069927 (frenet_interface.py:282)
INFO     [2025-01-12 11:49:00] --- Sampled interval of velocity: 0.00 m/s - 23.24 m/s (planner.py:310)
INFO     [2025-01-12 11:49:00] --- current time step: 14 (frenet_interface.py:280)
INFO     [2025-01-12 11:49:00] --- current velocity: 17.441285912384007 (frenet_interface.py:281)
INFO     [2025-01-12 11:49:00] --- current target velocity: 17.486727748570804 (frenet_interface.py:282)
INFO     [2025-01-12 11:49:00] --- Sampled interval of velocity: 0.00 m/s - 23.19 m/s (planner.py:310)
INFO     [2025-01-12 11:49:00] --- select trajectory 731 (reactive_planner_cpp.py:382)
INFO     [2025-01-12 11:49:00] --- current time step: 15 (frenet_interface.py:257)
INFO     [2025-01-12 11:49:00] --- current velocity: 17.397190894149965 (frenet_interface.py:258)
INFO     [2025-01-12 11:49:00] --- current target velocity: 17.441285912384007 (frenet_interface.py:259)
INFO     [2025-01-12 11:49:02] --- Sampled interval of velocity: 0.00 m/s - 23.15 m/s (planner.py:310)
INFO     [2025-01-12 11:49:02] --- current time step: 16 (frenet_interface.py:280)
INFO     [2025-01-12 11:49:02] --- current velocity: 17.320120909440988 (frenet_interface.py:281)
INFO     [2025-01-12 11:49:03] --- current target velocity: 17.397190894149965 (frenet_interface.py:282)
INFO     [2025-01-12 11:49:03] --- Sampled interval of velocity: 0.00 m/s - 23.07 m/s (planner.py:310)
INFO     [2025-01-12 11:49:03] --- current time step: 17 (frenet_interface.py:280)
INFO     [2025-01-12 11:49:03] --- current velocity: 17.212495125203677 (frenet_interface.py:281)
INFO     [2025-01-12 11:49:03] --- current target velocity: 17.320120909440988 (frenet_interface.py:282)
INFO     [2025-01-12 11:49:04] --- Sampled interval of velocity: 0.00 m/s - 22.96 m/s (planner.py:310)
INFO     [2025-01-12 11:49:04] --- select trajectory 31 (reactive_planner_cpp.py:382)
INFO     [2025-01-12 11:49:04] --- current time step: 18 (frenet_interface.py:257)
INFO     [2025-01-12 11:49:04] --- current velocity: 17.10126159276348 (frenet_interface.py:258)
INFO     [2025-01-12 11:49:04] --- current target velocity: 17.212495125203677 (frenet_interface.py:259)
INFO     [2025-01-12 11:49:06] --- Sampled interval of velocity: 0.00 m/s - 22.85 m/s (planner.py:310)
INFO     [2025-01-12 11:49:06] --- current time step: 19 (frenet_interface.py:280)
INFO     [2025-01-12 11:49:06] --- current velocity: 16.898144891877166 (frenet_interface.py:281)
INFO     [2025-01-12 11:49:06] --- current target velocity: 17.10126159276348 (frenet_interface.py:282)
INFO     [2025-01-12 11:49:07] --- Sampled interval of velocity: 0.00 m/s - 22.65 m/s (planner.py:310)
INFO     [2025-01-12 11:49:07] --- current time step: 20 (frenet_interface.py:280)
INFO     [2025-01-12 11:49:07] --- current velocity: 16.615874924685123 (frenet_interface.py:281)
INFO     [2025-01-12 11:49:07] --- current target velocity: 16.898144891877166 (frenet_interface.py:282)
INFO     [2025-01-12 11:49:07] --- Sampled interval of velocity: 0.00 m/s - 22.37 m/s (planner.py:310)
INFO     [2025-01-12 11:49:07] --- marking trajectory 189 invalid: s=142.36672482738837 is out of bounds (FillCoordinates.cpp:129)
INFO     [2025-01-12 11:49:07] --- marking trajectory 180 invalid: s=142.36672482738837 is out of bounds (FillCoordinates.cpp:129)
INFO     [2025-01-12 11:49:07] --- marking trajectory 181 invalid: s=142.36672482738837 is out of bounds (FillCoordinates.cpp:129)
INFO     [2025-01-12 11:49:07] --- marking trajectory 182 invalid: s=142.36672482738837 is out of bounds (FillCoordinates.cpp:129)
INFO     [2025-01-12 11:49:07] --- marking trajectory 183 invalid: s=142.36672482738837 is out of bounds (FillCoordinates.cpp:129)
INFO     [2025-01-12 11:49:07] --- marking trajectory 484 invalid: s=141.2477621319704 is out of bounds (FillCoordinates.cpp:129)
INFO     [2025-01-12 11:49:07] --- marking trajectory 480 invalid: s=141.2477621319704 is out of bounds (FillCoordinates.cpp:129)
INFO     [2025-01-12 11:49:07] --- marking trajectory 488 invalid: s=141.2477621319704 is out of bounds (FillCoordinates.cpp:129)
INFO     [2025-01-12 11:49:07] --- marking trajectory 184 invalid: s=142.36672482738837 is out of bounds (FillCoordinates.cpp:129)
INFO     [2025-01-12 11:49:07] --- marking trajectory 485 invalid: s=141.2477621319704 is out of bounds (FillCoordinates.cpp:129)
INFO     [2025-01-12 11:49:07] --- marking trajectory 486 invalid: s=141.2477621319704 is out of bounds (FillCoordinates.cpp:129)
INFO     [2025-01-12 11:49:07] --- marking trajectory 489 invalid: s=141.2477621319704 is out of bounds (FillCoordinates.cpp:129)
INFO     [2025-01-12 11:49:07] --- marking trajectory 185 invalid: s=142.36672482738837 is out of bounds (FillCoordinates.cpp:129)
INFO     [2025-01-12 11:49:07] --- marking trajectory 481 invalid: s=141.2477621319704 is out of bounds (FillCoordinates.cpp:129)
INFO     [2025-01-12 11:49:07] --- marking trajectory 487 invalid: s=141.2477621319704 is out of bounds (FillCoordinates.cpp:129)
INFO     [2025-01-12 11:49:07] --- marking trajectory 186 invalid: s=142.36672482738837 is out of bounds (FillCoordinates.cpp:129)
INFO     [2025-01-12 11:49:07] --- marking trajectory 482 invalid: s=141.2477621319704 is out of bounds (FillCoordinates.cpp:129)
INFO     [2025-01-12 11:49:07] --- marking trajectory 187 invalid: s=142.36672482738837 is out of bounds (FillCoordinates.cpp:129)
INFO     [2025-01-12 11:49:07] --- marking trajectory 483 invalid: s=141.2477621319704 is out of bounds (FillCoordinates.cpp:129)
INFO     [2025-01-12 11:49:07] --- marking trajectory 188 invalid: s=142.36672482738837 is out of bounds (FillCoordinates.cpp:129)
INFO     [2025-01-12 11:49:07] --- select trajectory 321 (reactive_planner_cpp.py:382)
INFO     [2025-01-12 11:49:07] --- current time step: 21 (frenet_interface.py:257)
INFO     [2025-01-12 11:49:07] --- current velocity: 16.4252725491478 (frenet_interface.py:258)
INFO     [2025-01-12 11:49:07] --- current target velocity: 16.615874924685123 (frenet_interface.py:259)
INFO     [2025-01-12 11:49:10] --- Sampled interval of velocity: 0.00 m/s - 22.18 m/s (planner.py:310)
INFO     [2025-01-12 11:49:10] --- current time step: 22 (frenet_interface.py:280)
INFO     [2025-01-12 11:49:10] --- current velocity: 16.17527802792083 (frenet_interface.py:281)
INFO     [2025-01-12 11:49:10] --- current target velocity: 16.4252725491478 (frenet_interface.py:282)
INFO     [2025-01-12 11:49:10] --- Sampled interval of velocity: 0.00 m/s - 21.93 m/s (planner.py:310)
INFO     [2025-01-12 11:49:10] --- current time step: 23 (frenet_interface.py:280)
INFO     [2025-01-12 11:49:10] --- current velocity: 15.872205319601523 (frenet_interface.py:281)
INFO     [2025-01-12 11:49:10] --- current target velocity: 16.17527802792083 (frenet_interface.py:282)
INFO     [2025-01-12 11:49:11] --- Sampled interval of velocity: 0.00 m/s - 21.62 m/s (planner.py:310)
INFO     [2025-01-12 11:49:11] --- marking trajectory 80 invalid: s=140.90011223415163 is out of bounds (FillCoordinates.cpp:129)
INFO     [2025-01-12 11:49:11] --- marking trajectory 81 invalid: s=140.90011223415163 is out of bounds (FillCoordinates.cpp:129)
INFO     [2025-01-12 11:49:11] --- marking trajectory 82 invalid: s=140.90011223415163 is out of bounds (FillCoordinates.cpp:129)
INFO     [2025-01-12 11:49:11] --- marking trajectory 83 invalid: s=140.90011223415163 is out of bounds (FillCoordinates.cpp:129)
INFO     [2025-01-12 11:49:11] --- marking trajectory 84 invalid: s=140.90011223415163 is out of bounds (FillCoordinates.cpp:129)
INFO     [2025-01-12 11:49:11] --- marking trajectory 85 invalid: s=140.90011223415163 is out of bounds (FillCoordinates.cpp:129)
INFO     [2025-01-12 11:49:11] --- marking trajectory 86 invalid: s=140.90011223415163 is out of bounds (FillCoordinates.cpp:129)
INFO     [2025-01-12 11:49:11] --- marking trajectory 87 invalid: s=140.90011223415163 is out of bounds (FillCoordinates.cpp:129)
INFO     [2025-01-12 11:49:11] --- marking trajectory 189 invalid: s=140.69214670651633 is out of bounds (FillCoordinates.cpp:129)
INFO     [2025-01-12 11:49:11] --- marking trajectory 280 invalid: s=142.048360709683 is out of bounds (FillCoordinates.cpp:129)
INFO     [2025-01-12 11:49:11] --- marking trajectory 383 invalid: s=140.98033958240083 is out of bounds (FillCoordinates.cpp:129)
INFO     [2025-01-12 11:49:11] --- marking trajectory 384 invalid: s=140.98033958240083 is out of bounds (FillCoordinates.cpp:129)
INFO     [2025-01-12 11:49:11] --- marking trajectory 385 invalid: s=140.98033958240083 is out of bounds (FillCoordinates.cpp:129)
INFO     [2025-01-12 11:49:11] --- marking trajectory 281 invalid: s=142.048360709683 is out of bounds (FillCoordinates.cpp:129)
INFO     [2025-01-12 11:49:11] --- marking trajectory 88 invalid: s=140.90011223415163 is out of bounds (FillCoordinates.cpp:129)
INFO     [2025-01-12 11:49:11] --- marking trajectory 89 invalid: s=140.90011223415163 is out of bounds (FillCoordinates.cpp:129)
INFO     [2025-01-12 11:49:11] --- marking trajectory 484 invalid: s=141.74123043881823 is out of bounds (FillCoordinates.cpp:129)
INFO     [2025-01-12 11:49:11] --- marking trajectory 488 invalid: s=141.74123043881823 is out of bounds (FillCoordinates.cpp:129)
INFO     [2025-01-12 11:49:11] --- marking trajectory 489 invalid: s=141.74123043881823 is out of bounds (FillCoordinates.cpp:129)
INFO     [2025-01-12 11:49:11] --- marking trajectory 380 invalid: s=140.98033958240083 is out of bounds (FillCoordinates.cpp:129)
INFO     [2025-01-12 11:49:11] --- marking trajectory 381 invalid: s=140.98033958240083 is out of bounds (FillCoordinates.cpp:129)
INFO     [2025-01-12 11:49:11] --- marking trajectory 382 invalid: s=140.98033958240083 is out of bounds (FillCoordinates.cpp:129)
INFO     [2025-01-12 11:49:11] --- marking trajectory 386 invalid: s=140.98033958240083 is out of bounds (FillCoordinates.cpp:129)
INFO     [2025-01-12 11:49:11] --- marking trajectory 282 invalid: s=142.048360709683 is out of bounds (FillCoordinates.cpp:129)
INFO     [2025-01-12 11:49:11] --- marking trajectory 480 invalid: s=141.74123043881823 is out of bounds (FillCoordinates.cpp:129)
INFO     [2025-01-12 11:49:11] --- marking trajectory 481 invalid: s=141.74123043881823 is out of bounds (FillCoordinates.cpp:129)
INFO     [2025-01-12 11:49:11] --- marking trajectory 482 invalid: s=141.74123043881823 is out of bounds (FillCoordinates.cpp:129)
INFO     [2025-01-12 11:49:11] --- marking trajectory 483 invalid: s=141.74123043881823 is out of bounds (FillCoordinates.cpp:129)
INFO     [2025-01-12 11:49:11] --- marking trajectory 289 invalid: s=142.048360709683 is out of bounds (FillCoordinates.cpp:129)
INFO     [2025-01-12 11:49:11] --- marking trajectory 389 invalid: s=140.98033958240083 is out of bounds (FillCoordinates.cpp:129)
INFO     [2025-01-12 11:49:11] --- marking trajectory 180 invalid: s=140.69214670651633 is out of bounds (FillCoordinates.cpp:129)
INFO     [2025-01-12 11:49:11] --- marking trajectory 181 invalid: s=140.69214670651633 is out of bounds (FillCoordinates.cpp:129)
INFO     [2025-01-12 11:49:11] --- marking trajectory 182 invalid: s=140.69214670651633 is out of bounds (FillCoordinates.cpp:129)
INFO     [2025-01-12 11:49:11] --- marking trajectory 183 invalid: s=140.69214670651633 is out of bounds (FillCoordinates.cpp:129)
INFO     [2025-01-12 11:49:11] --- marking trajectory 283 invalid: s=142.048360709683 is out of bounds (FillCoordinates.cpp:129)
INFO     [2025-01-12 11:49:11] --- marking trajectory 485 invalid: s=141.74123043881823 is out of bounds (FillCoordinates.cpp:129)
INFO     [2025-01-12 11:49:11] --- marking trajectory 387 invalid: s=140.98033958240083 is out of bounds (FillCoordinates.cpp:129)
INFO     [2025-01-12 11:49:11] --- marking trajectory 388 invalid: s=140.98033958240083 is out of bounds (FillCoordinates.cpp:129)
INFO     [2025-01-12 11:49:11] --- marking trajectory 184 invalid: s=140.69214670651633 is out of bounds (FillCoordinates.cpp:129)
INFO     [2025-01-12 11:49:11] --- marking trajectory 185 invalid: s=140.69214670651633 is out of bounds (FillCoordinates.cpp:129)
INFO     [2025-01-12 11:49:11] --- marking trajectory 486 invalid: s=141.74123043881823 is out of bounds (FillCoordinates.cpp:129)
INFO     [2025-01-12 11:49:11] --- marking trajectory 487 invalid: s=141.74123043881823 is out of bounds (FillCoordinates.cpp:129)
INFO     [2025-01-12 11:49:11] --- marking trajectory 186 invalid: s=140.69214670651633 is out of bounds (FillCoordinates.cpp:129)
INFO     [2025-01-12 11:49:11] --- marking trajectory 187 invalid: s=140.69214670651633 is out of bounds (FillCoordinates.cpp:129)
INFO     [2025-01-12 11:49:11] --- marking trajectory 188 invalid: s=140.69214670651633 is out of bounds (FillCoordinates.cpp:129)
INFO     [2025-01-12 11:49:11] --- marking trajectory 284 invalid: s=142.048360709683 is out of bounds (FillCoordinates.cpp:129)
INFO     [2025-01-12 11:49:11] --- marking trajectory 285 invalid: s=142.048360709683 is out of bounds (FillCoordinates.cpp:129)
INFO     [2025-01-12 11:49:11] --- marking trajectory 286 invalid: s=142.048360709683 is out of bounds (FillCoordinates.cpp:129)
INFO     [2025-01-12 11:49:11] --- marking trajectory 287 invalid: s=142.048360709683 is out of bounds (FillCoordinates.cpp:129)
INFO     [2025-01-12 11:49:11] --- marking trajectory 288 invalid: s=142.048360709683 is out of bounds (FillCoordinates.cpp:129)
INFO     [2025-01-12 11:49:11] --- select trajectory 121 (reactive_planner_cpp.py:382)
INFO     [2025-01-12 11:49:11] --- current time step: 24 (frenet_interface.py:257)
INFO     [2025-01-12 11:49:11] --- current velocity: 15.556059726095109 (frenet_interface.py:258)
INFO     [2025-01-12 11:49:11] --- current target velocity: 15.872205319601523 (frenet_interface.py:259)
INFO     [2025-01-12 11:49:14] --- Sampled interval of velocity: 0.00 m/s - 21.31 m/s (planner.py:310)
INFO     [2025-01-12 11:49:14] --- current time step: 25 (frenet_interface.py:280)
INFO     [2025-01-12 11:49:14] --- current velocity: 14.976377930351408 (frenet_interface.py:281)
INFO     [2025-01-12 11:49:14] --- current target velocity: 15.556059726095109 (frenet_interface.py:282)
INFO     [2025-01-12 11:49:14] --- Sampled interval of velocity: 0.00 m/s - 20.73 m/s (planner.py:310)
INFO     [2025-01-12 11:49:14] --- current time step: 26 (frenet_interface.py:280)
INFO     [2025-01-12 11:49:14] --- current velocity: 14.195031685961682 (frenet_interface.py:281)
INFO     [2025-01-12 11:49:14] --- current target velocity: 14.976377930351408 (frenet_interface.py:282)
INFO     [2025-01-12 11:49:15] --- Sampled interval of velocity: 0.00 m/s - 19.95 m/s (planner.py:310)
INFO     [2025-01-12 11:49:15] --- marking trajectory 80 invalid: s=141.9501504082815 is out of bounds (FillCoordinates.cpp:129)
INFO     [2025-01-12 11:49:15] --- marking trajectory 81 invalid: s=141.9501504082815 is out of bounds (FillCoordinates.cpp:129)
INFO     [2025-01-12 11:49:15] --- marking trajectory 82 invalid: s=141.9501504082815 is out of bounds (FillCoordinates.cpp:129)
INFO     [2025-01-12 11:49:15] --- marking trajectory 83 invalid: s=141.9501504082815 is out of bounds (FillCoordinates.cpp:129)
INFO     [2025-01-12 11:49:15] --- marking trajectory 84 invalid: s=141.9501504082815 is out of bounds (FillCoordinates.cpp:129)
INFO     [2025-01-12 11:49:15] --- marking trajectory 85 invalid: s=141.9501504082815 is out of bounds (FillCoordinates.cpp:129)
INFO     [2025-01-12 11:49:15] --- marking trajectory 86 invalid: s=141.9501504082815 is out of bounds (FillCoordinates.cpp:129)
INFO     [2025-01-12 11:49:15] --- marking trajectory 87 invalid: s=141.9501504082815 is out of bounds (FillCoordinates.cpp:129)
INFO     [2025-01-12 11:49:15] --- marking trajectory 189 invalid: s=142.28373542585547 is out of bounds (FillCoordinates.cpp:129)
INFO     [2025-01-12 11:49:15] --- marking trajectory 281 invalid: s=140.6891814281669 is out of bounds (FillCoordinates.cpp:129)
INFO     [2025-01-12 11:49:15] --- marking trajectory 282 invalid: s=140.6891814281669 is out of bounds (FillCoordinates.cpp:129)
INFO     [2025-01-12 11:49:15] --- marking trajectory 283 invalid: s=140.6891814281669 is out of bounds (FillCoordinates.cpp:129)
INFO     [2025-01-12 11:49:15] --- marking trajectory 284 invalid: s=140.6891814281669 is out of bounds (FillCoordinates.cpp:129)
INFO     [2025-01-12 11:49:15] --- marking trajectory 285 invalid: s=140.6891814281669 is out of bounds (FillCoordinates.cpp:129)
INFO     [2025-01-12 11:49:15] --- marking trajectory 286 invalid: s=140.6891814281669 is out of bounds (FillCoordinates.cpp:129)
INFO     [2025-01-12 11:49:15] --- marking trajectory 287 invalid: s=140.6891814281669 is out of bounds (FillCoordinates.cpp:129)
INFO     [2025-01-12 11:49:15] --- marking trajectory 288 invalid: s=140.6891814281669 is out of bounds (FillCoordinates.cpp:129)
INFO     [2025-01-12 11:49:15] --- marking trajectory 480 invalid: s=140.9759733153144 is out of bounds (FillCoordinates.cpp:129)
INFO     [2025-01-12 11:49:15] --- marking trajectory 180 invalid: s=142.28373542585547 is out of bounds (FillCoordinates.cpp:129)
INFO     [2025-01-12 11:49:15] --- marking trajectory 488 invalid: s=140.9759733153144 is out of bounds (FillCoordinates.cpp:129)
INFO     [2025-01-12 11:49:15] --- marking trajectory 489 invalid: s=140.9759733153144 is out of bounds (FillCoordinates.cpp:129)
INFO     [2025-01-12 11:49:15] --- marking trajectory 88 invalid: s=141.9501504082815 is out of bounds (FillCoordinates.cpp:129)
INFO     [2025-01-12 11:49:15] --- marking trajectory 289 invalid: s=140.6891814281669 is out of bounds (FillCoordinates.cpp:129)
INFO     [2025-01-12 11:49:15] --- marking trajectory 280 invalid: s=140.6891814281669 is out of bounds (FillCoordinates.cpp:129)
INFO     [2025-01-12 11:49:15] --- marking trajectory 481 invalid: s=140.9759733153144 is out of bounds (FillCoordinates.cpp:129)
INFO     [2025-01-12 11:49:15] --- marking trajectory 181 invalid: s=142.28373542585547 is out of bounds (FillCoordinates.cpp:129)
INFO     [2025-01-12 11:49:15] --- marking trajectory 484 invalid: s=140.9759733153144 is out of bounds (FillCoordinates.cpp:129)
INFO     [2025-01-12 11:49:15] --- marking trajectory 485 invalid: s=140.9759733153144 is out of bounds (FillCoordinates.cpp:129)
INFO     [2025-01-12 11:49:15] --- marking trajectory 486 invalid: s=140.9759733153144 is out of bounds (FillCoordinates.cpp:129)
INFO     [2025-01-12 11:49:15] --- marking trajectory 487 invalid: s=140.9759733153144 is out of bounds (FillCoordinates.cpp:129)
INFO     [2025-01-12 11:49:15] --- marking trajectory 89 invalid: s=141.9501504082815 is out of bounds (FillCoordinates.cpp:129)
INFO     [2025-01-12 11:49:15] --- marking trajectory 482 invalid: s=140.9759733153144 is out of bounds (FillCoordinates.cpp:129)
INFO     [2025-01-12 11:49:15] --- marking trajectory 182 invalid: s=142.28373542585547 is out of bounds (FillCoordinates.cpp:129)
INFO     [2025-01-12 11:49:15] --- marking trajectory 183 invalid: s=142.28373542585547 is out of bounds (FillCoordinates.cpp:129)
INFO     [2025-01-12 11:49:15] --- marking trajectory 483 invalid: s=140.9759733153144 is out of bounds (FillCoordinates.cpp:129)
INFO     [2025-01-12 11:49:15] --- marking trajectory 184 invalid: s=142.28373542585547 is out of bounds (FillCoordinates.cpp:129)
INFO     [2025-01-12 11:49:15] --- marking trajectory 185 invalid: s=142.28373542585547 is out of bounds (FillCoordinates.cpp:129)
INFO     [2025-01-12 11:49:15] --- marking trajectory 186 invalid: s=142.28373542585547 is out of bounds (FillCoordinates.cpp:129)
INFO     [2025-01-12 11:49:15] --- marking trajectory 187 invalid: s=142.28373542585547 is out of bounds (FillCoordinates.cpp:129)
INFO     [2025-01-12 11:49:15] --- marking trajectory 188 invalid: s=142.28373542585547 is out of bounds (FillCoordinates.cpp:129)
INFO     [2025-01-12 11:49:15] --- select trajectory 11 (reactive_planner_cpp.py:382)
INFO     [2025-01-12 11:49:15] --- current time step: 27 (frenet_interface.py:257)
INFO     [2025-01-12 11:49:15] --- current velocity: 13.721606921596479 (frenet_interface.py:258)
INFO     [2025-01-12 11:49:15] --- current target velocity: 14.195031685961682 (frenet_interface.py:259)
INFO     [2025-01-12 11:49:17] --- Sampled interval of velocity: 0.00 m/s - 19.47 m/s (planner.py:310)
INFO     [2025-01-12 11:49:17] --- current time step: 28 (frenet_interface.py:280)
INFO     [2025-01-12 11:49:17] --- current velocity: 13.171918593053935 (frenet_interface.py:281)
INFO     [2025-01-12 11:49:17] --- current target velocity: 13.721606921596479 (frenet_interface.py:282)
INFO     [2025-01-12 11:49:18] --- Sampled interval of velocity: 0.00 m/s - 18.92 m/s (planner.py:310)
INFO     [2025-01-12 11:49:18] --- current time step: 29 (frenet_interface.py:280)
INFO     [2025-01-12 11:49:18] --- current velocity: 12.559513820858106 (frenet_interface.py:281)
INFO     [2025-01-12 11:49:18] --- current target velocity: 13.171918593053935 (frenet_interface.py:282)
INFO     [2025-01-12 11:49:18] --- Sampled interval of velocity: 0.00 m/s - 18.31 m/s (planner.py:310)
INFO     [2025-01-12 11:49:18] --- marking trajectory 80 invalid: s=141.34010888689892 is out of bounds (FillCoordinates.cpp:129)
INFO     [2025-01-12 11:49:18] --- marking trajectory 81 invalid: s=141.34010888689892 is out of bounds (FillCoordinates.cpp:129)
INFO     [2025-01-12 11:49:18] --- marking trajectory 82 invalid: s=141.34010888689892 is out of bounds (FillCoordinates.cpp:129)
INFO     [2025-01-12 11:49:18] --- marking trajectory 83 invalid: s=141.34010888689892 is out of bounds (FillCoordinates.cpp:129)
INFO     [2025-01-12 11:49:18] --- marking trajectory 189 invalid: s=141.6816306060227 is out of bounds (FillCoordinates.cpp:129)
INFO     [2025-01-12 11:49:18] --- marking trajectory 180 invalid: s=141.6816306060227 is out of bounds (FillCoordinates.cpp:129)
INFO     [2025-01-12 11:49:18] --- marking trajectory 181 invalid: s=141.6816306060227 is out of bounds (FillCoordinates.cpp:129)
INFO     [2025-01-12 11:49:18] --- marking trajectory 182 invalid: s=141.6816306060227 is out of bounds (FillCoordinates.cpp:129)
INFO     [2025-01-12 11:49:18] --- marking trajectory 183 invalid: s=141.6816306060227 is out of bounds (FillCoordinates.cpp:129)
INFO     [2025-01-12 11:49:18] --- marking trajectory 184 invalid: s=141.6816306060227 is out of bounds (FillCoordinates.cpp:129)
INFO     [2025-01-12 11:49:18] --- marking trajectory 185 invalid: s=141.6816306060227 is out of bounds (FillCoordinates.cpp:129)
INFO     [2025-01-12 11:49:18] --- marking trajectory 186 invalid: s=141.6816306060227 is out of bounds (FillCoordinates.cpp:129)
INFO     [2025-01-12 11:49:18] --- marking trajectory 187 invalid: s=141.6816306060227 is out of bounds (FillCoordinates.cpp:129)
INFO     [2025-01-12 11:49:18] --- marking trajectory 188 invalid: s=141.6816306060227 is out of bounds (FillCoordinates.cpp:129)
INFO     [2025-01-12 11:49:18] --- marking trajectory 484 invalid: s=142.27533444260615 is out of bounds (FillCoordinates.cpp:129)
INFO     [2025-01-12 11:49:18] --- marking trajectory 485 invalid: s=142.27533444260615 is out of bounds (FillCoordinates.cpp:129)
INFO     [2025-01-12 11:49:18] --- marking trajectory 488 invalid: s=142.27533444260615 is out of bounds (FillCoordinates.cpp:129)
INFO     [2025-01-12 11:49:18] --- marking trajectory 480 invalid: s=142.27533444260615 is out of bounds (FillCoordinates.cpp:129)
INFO     [2025-01-12 11:49:18] --- marking trajectory 84 invalid: s=141.34010888689892 is out of bounds (FillCoordinates.cpp:129)
INFO     [2025-01-12 11:49:18] --- marking trajectory 85 invalid: s=141.34010888689892 is out of bounds (FillCoordinates.cpp:129)
INFO     [2025-01-12 11:49:18] --- marking trajectory 489 invalid: s=142.27533444260615 is out of bounds (FillCoordinates.cpp:129)
INFO     [2025-01-12 11:49:18] --- marking trajectory 481 invalid: s=142.27533444260615 is out of bounds (FillCoordinates.cpp:129)
INFO     [2025-01-12 11:49:18] --- marking trajectory 486 invalid: s=142.27533444260615 is out of bounds (FillCoordinates.cpp:129)
INFO     [2025-01-12 11:49:18] --- marking trajectory 86 invalid: s=141.34010888689892 is out of bounds (FillCoordinates.cpp:129)
INFO     [2025-01-12 11:49:18] --- marking trajectory 482 invalid: s=142.27533444260615 is out of bounds (FillCoordinates.cpp:129)
INFO     [2025-01-12 11:49:18] --- marking trajectory 487 invalid: s=142.27533444260615 is out of bounds (FillCoordinates.cpp:129)
INFO     [2025-01-12 11:49:18] --- marking trajectory 87 invalid: s=141.34010888689892 is out of bounds (FillCoordinates.cpp:129)
INFO     [2025-01-12 11:49:18] --- marking trajectory 483 invalid: s=142.27533444260615 is out of bounds (FillCoordinates.cpp:129)
INFO     [2025-01-12 11:49:18] --- marking trajectory 88 invalid: s=141.34010888689892 is out of bounds (FillCoordinates.cpp:129)
INFO     [2025-01-12 11:49:18] --- marking trajectory 89 invalid: s=141.34010888689892 is out of bounds (FillCoordinates.cpp:129)
INFO     [2025-01-12 11:49:18] --- select trajectory 401 (reactive_planner_cpp.py:382)
INFO     [2025-01-12 11:49:18] --- current time step: 30 (frenet_interface.py:257)
INFO     [2025-01-12 11:49:18] --- current velocity: 12.134212244846358 (frenet_interface.py:258)
INFO     [2025-01-12 11:49:18] --- current target velocity: 12.559513820858106 (frenet_interface.py:259)
INFO     [2025-01-12 11:49:21] --- Sampled interval of velocity: 0.00 m/s - 17.88 m/s (planner.py:310)
INFO     [2025-01-12 11:49:21] --- current time step: 31 (frenet_interface.py:280)
INFO     [2025-01-12 11:49:21] --- current velocity: 11.520973416520986 (frenet_interface.py:281)
INFO     [2025-01-12 11:49:21] --- current target velocity: 12.134212244846358 (frenet_interface.py:282)
INFO     [2025-01-12 11:49:21] --- Sampled interval of velocity: 0.00 m/s - 17.27 m/s (planner.py:310)
INFO     [2025-01-12 11:49:21] --- current time step: 32 (frenet_interface.py:280)
INFO     [2025-01-12 11:49:21] --- current velocity: 10.754925254677977 (frenet_interface.py:281)
INFO     [2025-01-12 11:49:21] --- current target velocity: 11.520973416520986 (frenet_interface.py:282)
INFO     [2025-01-12 11:49:22] --- Sampled interval of velocity: 0.00 m/s - 16.50 m/s (planner.py:310)
INFO     [2025-01-12 11:49:22] --- marking trajectory 189 invalid: s=141.53777012332102 is out of bounds (FillCoordinates.cpp:129)
INFO     [2025-01-12 11:49:22] --- marking trajectory 180 invalid: s=141.53777012332102 is out of bounds (FillCoordinates.cpp:129)
INFO     [2025-01-12 11:49:22] --- marking trajectory 181 invalid: s=141.53777012332102 is out of bounds (FillCoordinates.cpp:129)
INFO     [2025-01-12 11:49:22] --- marking trajectory 182 invalid: s=141.53777012332102 is out of bounds (FillCoordinates.cpp:129)
INFO     [2025-01-12 11:49:22] --- marking trajectory 183 invalid: s=141.53777012332102 is out of bounds (FillCoordinates.cpp:129)
INFO     [2025-01-12 11:49:22] --- marking trajectory 184 invalid: s=141.53777012332102 is out of bounds (FillCoordinates.cpp:129)
INFO     [2025-01-12 11:49:22] --- marking trajectory 185 invalid: s=141.53777012332102 is out of bounds (FillCoordinates.cpp:129)
INFO     [2025-01-12 11:49:22] --- marking trajectory 186 invalid: s=141.53777012332102 is out of bounds (FillCoordinates.cpp:129)
INFO     [2025-01-12 11:49:22] --- marking trajectory 187 invalid: s=141.53777012332102 is out of bounds (FillCoordinates.cpp:129)
INFO     [2025-01-12 11:49:22] --- marking trajectory 188 invalid: s=141.53777012332102 is out of bounds (FillCoordinates.cpp:129)
INFO     [2025-01-12 11:49:22] --- select trajectory 106 (reactive_planner_cpp.py:382)
INFO     [2025-01-12 11:49:23] --- current time step: 33 (frenet_interface.py:257)
INFO     [2025-01-12 11:49:23] --- current velocity: 10.209224345664268 (frenet_interface.py:258)
INFO     [2025-01-12 11:49:23] --- current target velocity: 10.754925254677977 (frenet_interface.py:259)
INFO     [2025-01-12 11:49:25] --- Sampled interval of velocity: 0.00 m/s - 15.96 m/s (planner.py:310)
INFO     [2025-01-12 11:49:25] --- current time step: 34 (frenet_interface.py:280)
INFO     [2025-01-12 11:49:25] --- current velocity: 9.441370865529956 (frenet_interface.py:281)
INFO     [2025-01-12 11:49:25] --- current target velocity: 10.209224345664268 (frenet_interface.py:282)
INFO     [2025-01-12 11:49:25] --- Sampled interval of velocity: 0.00 m/s - 15.19 m/s (planner.py:310)
INFO     [2025-01-12 11:49:25] --- current time step: 35 (frenet_interface.py:280)
INFO     [2025-01-12 11:49:25] --- current velocity: 8.5091234010941 (frenet_interface.py:281)
INFO     [2025-01-12 11:49:25] --- current target velocity: 9.441370865529956 (frenet_interface.py:282)
INFO     [2025-01-12 11:49:26] --- Sampled interval of velocity: 0.00 m/s - 14.26 m/s (planner.py:310)
WARNING  [2025-01-12 11:49:27] --- No optimal trajectory available. Select stopping trajectory! (reactive_planner_cpp.py:407)
INFO     [2025-01-12 11:49:27] --- current time step: 36 (frenet_interface.py:257)
INFO     [2025-01-12 11:49:27] --- current velocity: 7.89972655488666 (frenet_interface.py:258)
INFO     [2025-01-12 11:49:27] --- current target velocity: 8.5091234010941 (frenet_interface.py:259)
INFO     [2025-01-12 11:49:30] --- Sampled interval of velocity: 0.00 m/s - 13.65 m/s (planner.py:310)
INFO     [2025-01-12 11:49:30] --- current time step: 37 (frenet_interface.py:280)
INFO     [2025-01-12 11:49:30] --- current velocity: 7.101416395051655 (frenet_interface.py:281)
INFO     [2025-01-12 11:49:30] --- current target velocity: 7.89972655488666 (frenet_interface.py:282)
INFO     [2025-01-12 11:49:30] --- Sampled interval of velocity: 0.00 m/s - 12.85 m/s (planner.py:310)
INFO     [2025-01-12 11:49:30] --- current time step: 38 (frenet_interface.py:280)
INFO     [2025-01-12 11:49:30] --- current velocity: 6.1662260982891235 (frenet_interface.py:281)
INFO     [2025-01-12 11:49:30] --- current target velocity: 7.101416395051655 (frenet_interface.py:282)
INFO     [2025-01-12 11:49:31] --- Sampled interval of velocity: 0.00 m/s - 11.92 m/s (planner.py:310)
WARNING  [2025-01-12 11:49:32] --- No optimal trajectory available. Select stopping trajectory! (reactive_planner_cpp.py:407)
INFO     [2025-01-12 11:49:32] --- current time step: 39 (frenet_interface.py:257)
INFO     [2025-01-12 11:49:32] --- current velocity: 5.615077116927546 (frenet_interface.py:258)
INFO     [2025-01-12 11:49:32] --- current target velocity: 6.1662260982891235 (frenet_interface.py:259)
INFO     [2025-01-12 11:49:35] --- Sampled interval of velocity: 0.00 m/s - 11.37 m/s (planner.py:310)
INFO     [2025-01-12 11:49:35] --- current time step: 40 (frenet_interface.py:280)
INFO     [2025-01-12 11:49:35] --- current velocity: 4.968670103294717 (frenet_interface.py:281)
INFO     [2025-01-12 11:49:35] --- current target velocity: 5.615077116927546 (frenet_interface.py:282)
INFO     [2025-01-12 11:49:35] --- Sampled interval of velocity: 0.00 m/s - 10.72 m/s (planner.py:310)
INFO     [2025-01-12 11:49:35] --- current time step: 41 (frenet_interface.py:280)
INFO     [2025-01-12 11:49:35] --- current velocity: 4.258135993582575 (frenet_interface.py:281)
INFO     [2025-01-12 11:49:35] --- current target velocity: 4.968670103294717 (frenet_interface.py:282)
