CRITICAL [2025-01-12 11:43:17] --- Start Planner Vehicle ID: 20042 (frenet_interface.py:67)
INFO     [2025-01-12 11:43:18] --- Sampled interval of velocity: 0.00 m/s - 14.68 m/s (planner.py:310)
INFO     [2025-01-12 11:43:18] --- select trajectory 196 (reactive_planner_cpp.py:382)
INFO     [2025-01-12 11:43:18] --- current time step: 0 (frenet_interface.py:257)
INFO     [2025-01-12 11:43:18] --- current velocity: 8.62078287395519 (frenet_interface.py:258)
INFO     [2025-01-12 11:43:18] --- current target velocity: 8.9271 (frenet_interface.py:259)
INFO     [2025-01-12 11:43:19] --- Sampled interval of velocity: 0.00 m/s - 14.37 m/s (planner.py:310)
INFO     [2025-01-12 11:43:19] --- current time step: 1 (frenet_interface.py:280)
INFO     [2025-01-12 11:43:19] --- current velocity: 7.98972505707522 (frenet_interface.py:281)
INFO     [2025-01-12 11:43:19] --- current target velocity: 8.62078287395519 (frenet_interface.py:282)
INFO     [2025-01-12 11:43:19] --- Sampled interval of velocity: 0.00 m/s - 13.74 m/s (planner.py:310)
INFO     [2025-01-12 11:43:19] --- current time step: 2 (frenet_interface.py:280)
INFO     [2025-01-12 11:43:19] --- current velocity: 7.108497034416091 (frenet_interface.py:281)
INFO     [2025-01-12 11:43:19] --- current target velocity: 7.98972505707522 (frenet_interface.py:282)
INFO     [2025-01-12 11:43:19] --- Sampled interval of velocity: 0.00 m/s - 12.86 m/s (planner.py:310)
WARNING  [2025-01-12 11:43:20] --- No optimal trajectory available. Select stopping trajectory! (reactive_planner_cpp.py:407)
INFO     [2025-01-12 11:43:20] --- current time step: 3 (frenet_interface.py:257)
INFO     [2025-01-12 11:43:20] --- current velocity: 6.537397583964531 (frenet_interface.py:258)
INFO     [2025-01-12 11:43:20] --- current target velocity: 7.108497034416091 (frenet_interface.py:259)
INFO     [2025-01-12 11:43:21] --- Sampled interval of velocity: 0.00 m/s - 12.29 m/s (planner.py:310)
INFO     [2025-01-12 11:43:21] --- current time step: 4 (frenet_interface.py:280)
INFO     [2025-01-12 11:43:21] --- current velocity: 5.832052856356467 (frenet_interface.py:281)
INFO     [2025-01-12 11:43:21] --- current target velocity: 6.537397583964531 (frenet_interface.py:282)
