CRITICAL [2025-01-12 11:40:50] --- Start Planner Vehicle ID: 20109 (frenet_interface.py:67)
INFO     [2025-01-12 11:40:55] --- Sampled interval of velocity: 0.00 m/s - 16.35 m/s (planner.py:310)
INFO     [2025-01-12 11:40:55] --- select trajectory 121 (reactive_planner_cpp.py:382)
INFO     [2025-01-12 11:40:55] --- current time step: 0 (frenet_interface.py:257)
INFO     [2025-01-12 11:40:55] --- current velocity: 10.551067501623608 (frenet_interface.py:258)
INFO     [2025-01-12 11:40:55] --- current target velocity: 5.5969 (frenet_interface.py:259)
INFO     [2025-01-12 11:40:57] --- Sampled interval of velocity: 0.00 m/s - 16.30 m/s (planner.py:310)
INFO     [2025-01-12 11:40:57] --- current time step: 1 (frenet_interface.py:280)
INFO     [2025-01-12 11:40:57] --- current velocity: 10.300603458072167 (frenet_interface.py:281)
INFO     [2025-01-12 11:40:57] --- current target velocity: 5.551067501623608 (frenet_interface.py:282)
INFO     [2025-01-12 11:40:57] --- Sampled interval of velocity: 0.00 m/s - 16.05 m/s (planner.py:310)
INFO     [2025-01-12 11:40:57] --- current time step: 2 (frenet_interface.py:280)
INFO     [2025-01-12 11:40:57] --- current velocity: 9.891408538550486 (frenet_interface.py:281)
INFO     [2025-01-12 11:40:57] --- current target velocity: 5.3006034580721675 (frenet_interface.py:282)
INFO     [2025-01-12 11:40:58] --- Sampled interval of velocity: 0.00 m/s - 15.64 m/s (planner.py:310)
INFO     [2025-01-12 11:40:58] --- select trajectory 111 (reactive_planner_cpp.py:382)
INFO     [2025-01-12 11:40:58] --- current time step: 3 (frenet_interface.py:257)
INFO     [2025-01-12 11:40:58] --- current velocity: 9.55634707854303 (frenet_interface.py:258)
INFO     [2025-01-12 11:40:58] --- current target velocity: 4.891408538550486 (frenet_interface.py:259)
INFO     [2025-01-12 11:41:01] --- Sampled interval of velocity: 0.00 m/s - 15.31 m/s (planner.py:310)
INFO     [2025-01-12 11:41:01] --- current time step: 4 (frenet_interface.py:280)
INFO     [2025-01-12 11:41:01] --- current velocity: 9.053420219370459 (frenet_interface.py:281)
INFO     [2025-01-12 11:41:01] --- current target velocity: 4.5563470785430304 (frenet_interface.py:282)
INFO     [2025-01-12 11:41:01] --- Sampled interval of velocity: 0.00 m/s - 14.80 m/s (planner.py:310)
INFO     [2025-01-12 11:41:01] --- current time step: 5 (frenet_interface.py:280)
INFO     [2025-01-12 11:41:01] --- current velocity: 8.424306259808668 (frenet_interface.py:281)
INFO     [2025-01-12 11:41:01] --- current target velocity: 4.456896700352125 (frenet_interface.py:282)
INFO     [2025-01-12 11:41:02] --- Sampled interval of velocity: 0.00 m/s - 14.17 m/s (planner.py:310)
INFO     [2025-01-12 11:41:02] --- select trajectory 411 (reactive_planner_cpp.py:382)
INFO     [2025-01-12 11:41:02] --- current time step: 6 (frenet_interface.py:257)
INFO     [2025-01-12 11:41:02] --- current velocity: 8.06066128958932 (frenet_interface.py:258)
INFO     [2025-01-12 11:41:02] --- current target velocity: 4.434662273806176 (frenet_interface.py:259)
INFO     [2025-01-12 11:41:03] --- Sampled interval of velocity: 0.00 m/s - 13.81 m/s (planner.py:310)
INFO     [2025-01-12 11:41:03] --- current time step: 7 (frenet_interface.py:280)
INFO     [2025-01-12 11:41:03] --- current velocity: 7.655397127293726 (frenet_interface.py:281)
INFO     [2025-01-12 11:41:03] --- current target velocity: 4.414806595015036 (frenet_interface.py:282)
INFO     [2025-01-12 11:41:04] --- Sampled interval of velocity: 0.00 m/s - 13.41 m/s (planner.py:310)
INFO     [2025-01-12 11:41:04] --- current time step: 8 (frenet_interface.py:280)
INFO     [2025-01-12 11:41:04] --- current velocity: 7.219632484377815 (frenet_interface.py:281)
INFO     [2025-01-12 11:41:04] --- current target velocity: 4.396759897082833 (frenet_interface.py:282)
INFO     [2025-01-12 11:41:05] --- Sampled interval of velocity: 0.00 m/s - 12.97 m/s (planner.py:310)
INFO     [2025-01-12 11:41:05] --- select trajectory 121 (reactive_planner_cpp.py:382)
INFO     [2025-01-12 11:41:05] --- current time step: 9 (frenet_interface.py:257)
INFO     [2025-01-12 11:41:05] --- current velocity: 6.9799263568851515 (frenet_interface.py:258)
INFO     [2025-01-12 11:41:05] --- current target velocity: 4.380740590774901 (frenet_interface.py:259)
INFO     [2025-01-12 11:41:06] --- Sampled interval of velocity: 0.00 m/s - 12.73 m/s (planner.py:310)
INFO     [2025-01-12 11:41:06] --- current time step: 10 (frenet_interface.py:280)
INFO     [2025-01-12 11:41:06] --- current velocity: 6.714955705119215 (frenet_interface.py:281)
INFO     [2025-01-12 11:41:06] --- current target velocity: 4.366336196841014 (frenet_interface.py:282)
INFO     [2025-01-12 11:41:07] --- Sampled interval of velocity: 0.00 m/s - 12.46 m/s (planner.py:310)
INFO     [2025-01-12 11:41:07] --- current time step: 11 (frenet_interface.py:280)
INFO     [2025-01-12 11:41:07] --- current velocity: 6.434848530033209 (frenet_interface.py:281)
INFO     [2025-01-12 11:41:07] --- current target velocity: 4.353125617109659 (frenet_interface.py:282)
INFO     [2025-01-12 11:41:08] --- Sampled interval of velocity: 0.00 m/s - 12.18 m/s (planner.py:310)
INFO     [2025-01-12 11:41:08] --- select trajectory 121 (reactive_planner_cpp.py:382)
INFO     [2025-01-12 11:41:08] --- current time step: 12 (frenet_interface.py:257)
INFO     [2025-01-12 11:41:08] --- current velocity: 6.274008534002375 (frenet_interface.py:258)
INFO     [2025-01-12 11:41:08] --- current target velocity: 4.341236447388122 (frenet_interface.py:259)
INFO     [2025-01-12 11:41:10] --- Sampled interval of velocity: 0.00 m/s - 12.02 m/s (planner.py:310)
INFO     [2025-01-12 11:41:10] --- current time step: 13 (frenet_interface.py:280)
INFO     [2025-01-12 11:41:10] --- current velocity: 6.082131689337893 (frenet_interface.py:281)
INFO     [2025-01-12 11:41:10] --- current target velocity: 4.330394153362143 (frenet_interface.py:282)
INFO     [2025-01-12 11:41:10] --- Sampled interval of velocity: 0.00 m/s - 11.83 m/s (planner.py:310)
INFO     [2025-01-12 11:41:10] --- current time step: 14 (frenet_interface.py:280)
INFO     [2025-01-12 11:41:10] --- current velocity: 5.868972820095615 (frenet_interface.py:281)
INFO     [2025-01-12 11:41:10] --- current target velocity: 4.3203931766389445 (frenet_interface.py:282)
INFO     [2025-01-12 11:41:11] --- Sampled interval of velocity: 0.00 m/s - 11.62 m/s (planner.py:310)
INFO     [2025-01-12 11:41:11] --- select trajectory 121 (reactive_planner_cpp.py:382)
INFO     [2025-01-12 11:41:11] --- current time step: 15 (frenet_interface.py:257)
INFO     [2025-01-12 11:41:11] --- current velocity: 5.7426783313224306 (frenet_interface.py:258)
INFO     [2025-01-12 11:41:11] --- current target velocity: 4.3113892371540015 (frenet_interface.py:259)
INFO     [2025-01-12 11:41:13] --- Sampled interval of velocity: 0.00 m/s - 11.49 m/s (planner.py:310)
INFO     [2025-01-12 11:41:13] --- current time step: 16 (frenet_interface.py:280)
INFO     [2025-01-12 11:41:13] --- current velocity: 5.589686046189801 (frenet_interface.py:281)
INFO     [2025-01-12 11:41:13] --- current target velocity: 4.303208315793887 (frenet_interface.py:282)
INFO     [2025-01-12 11:41:13] --- Sampled interval of velocity: 0.00 m/s - 11.34 m/s (planner.py:310)
INFO     [2025-01-12 11:41:13] --- current time step: 17 (frenet_interface.py:280)
INFO     [2025-01-12 11:41:13] --- current velocity: 5.418154770511303 (frenet_interface.py:281)
INFO     [2025-01-12 11:41:13] --- current target velocity: 4.295708860142986 (frenet_interface.py:282)
INFO     [2025-01-12 11:41:14] --- Sampled interval of velocity: 0.00 m/s - 11.17 m/s (planner.py:310)
INFO     [2025-01-12 11:41:14] --- select trajectory 121 (reactive_planner_cpp.py:382)
INFO     [2025-01-12 11:41:14] --- current time step: 18 (frenet_interface.py:257)
INFO     [2025-01-12 11:41:14] --- current velocity: 5.315942287571691 (frenet_interface.py:258)
INFO     [2025-01-12 11:41:14] --- current target velocity: 4.289027000800191 (frenet_interface.py:259)
INFO     [2025-01-12 11:41:16] --- Sampled interval of velocity: 0.00 m/s - 11.07 m/s (planner.py:310)
INFO     [2025-01-12 11:41:16] --- current time step: 19 (frenet_interface.py:280)
INFO     [2025-01-12 11:41:16] --- current velocity: 5.1918063668000505 (frenet_interface.py:281)
INFO     [2025-01-12 11:41:16] --- current target velocity: 4.283026433239342 (frenet_interface.py:282)
INFO     [2025-01-12 11:41:16] --- Sampled interval of velocity: 0.00 m/s - 10.94 m/s (planner.py:310)
INFO     [2025-01-12 11:41:16] --- current time step: 20 (frenet_interface.py:280)
INFO     [2025-01-12 11:41:16] --- current velocity: 5.052417498552428 (frenet_interface.py:281)
INFO     [2025-01-12 11:41:16] --- current target velocity: 4.277594260425813 (frenet_interface.py:282)
INFO     [2025-01-12 11:41:17] --- Sampled interval of velocity: 0.00 m/s - 10.80 m/s (planner.py:310)
INFO     [2025-01-12 11:41:17] --- select trajectory 421 (reactive_planner_cpp.py:382)
INFO     [2025-01-12 11:41:17] --- current time step: 21 (frenet_interface.py:257)
INFO     [2025-01-12 11:41:17] --- current velocity: 4.975403249454264 (frenet_interface.py:258)
INFO     [2025-01-12 11:41:17] --- current target velocity: 4.272844440745242 (frenet_interface.py:259)
INFO     [2025-01-12 11:41:19] --- Sampled interval of velocity: 0.00 m/s - 10.73 m/s (planner.py:310)
INFO     [2025-01-12 11:41:19] --- current time step: 22 (frenet_interface.py:280)
INFO     [2025-01-12 11:41:19] --- current velocity: 4.8905939980665085 (frenet_interface.py:281)
INFO     [2025-01-12 11:41:19] --- current target velocity: 4.268653684634761 (frenet_interface.py:282)
INFO     [2025-01-12 11:41:19] --- Sampled interval of velocity: 0.00 m/s - 10.64 m/s (planner.py:310)
INFO     [2025-01-12 11:41:19] --- current time step: 23 (frenet_interface.py:280)
INFO     [2025-01-12 11:41:19] --- current velocity: 4.800151947924489 (frenet_interface.py:281)
INFO     [2025-01-12 11:41:19] --- current target velocity: 4.264876034789784 (frenet_interface.py:282)
INFO     [2025-01-12 11:41:20] --- Sampled interval of velocity: 0.00 m/s - 10.55 m/s (planner.py:310)
INFO     [2025-01-12 11:41:20] --- select trajectory 721 (reactive_planner_cpp.py:382)
INFO     [2025-01-12 11:41:20] --- current time step: 24 (frenet_interface.py:257)
INFO     [2025-01-12 11:41:20] --- current velocity: 4.754165283934 (frenet_interface.py:258)
INFO     [2025-01-12 11:41:20] --- current target velocity: 4.261556931767925 (frenet_interface.py:259)
INFO     [2025-01-12 11:41:21] --- Sampled interval of velocity: 0.00 m/s - 10.50 m/s (planner.py:310)
INFO     [2025-01-12 11:41:21] --- current time step: 25 (frenet_interface.py:280)
INFO     [2025-01-12 11:41:21] --- current velocity: 4.708793260723338 (frenet_interface.py:281)
INFO     [2025-01-12 11:41:21] --- current target velocity: 4.258594144613021 (frenet_interface.py:282)
INFO     [2025-01-12 11:41:23] --- Sampled interval of velocity: 0.00 m/s - 10.46 m/s (planner.py:310)
INFO     [2025-01-12 11:41:23] --- current time step: 26 (frenet_interface.py:280)
INFO     [2025-01-12 11:41:23] --- current velocity: 4.664101438072265 (frenet_interface.py:281)
INFO     [2025-01-12 11:41:23] --- current target velocity: 4.255861153405027 (frenet_interface.py:282)
INFO     [2025-01-12 11:41:24] --- Sampled interval of velocity: 0.00 m/s - 10.41 m/s (planner.py:310)
INFO     [2025-01-12 11:41:24] --- select trajectory 721 (reactive_planner_cpp.py:382)
INFO     [2025-01-12 11:41:24] --- current time step: 27 (frenet_interface.py:257)
INFO     [2025-01-12 11:41:24] --- current velocity: 4.640916473130446 (frenet_interface.py:258)
INFO     [2025-01-12 11:41:24] --- current target velocity: 4.253358204149549 (frenet_interface.py:259)
INFO     [2025-01-12 11:41:25] --- Sampled interval of velocity: 0.00 m/s - 10.39 m/s (planner.py:310)
INFO     [2025-01-12 11:41:25] --- current time step: 28 (frenet_interface.py:280)
INFO     [2025-01-12 11:41:25] --- current velocity: 4.615821090235185 (frenet_interface.py:281)
INFO     [2025-01-12 11:41:25] --- current target velocity: 4.251023101632787 (frenet_interface.py:282)
INFO     [2025-01-12 11:41:25] --- Sampled interval of velocity: 0.00 m/s - 10.37 m/s (planner.py:310)
INFO     [2025-01-12 11:41:25] --- current time step: 29 (frenet_interface.py:280)
INFO     [2025-01-12 11:41:25] --- current velocity: 4.589004505725187 (frenet_interface.py:281)
INFO     [2025-01-12 11:41:25] --- current target velocity: 4.248802596422862 (frenet_interface.py:282)
INFO     [2025-01-12 11:41:27] --- Sampled interval of velocity: 0.00 m/s - 10.34 m/s (planner.py:310)
INFO     [2025-01-12 11:41:27] --- select trajectory 726 (reactive_planner_cpp.py:382)
INFO     [2025-01-12 11:41:27] --- current time step: 30 (frenet_interface.py:257)
INFO     [2025-01-12 11:41:27] --- current velocity: 4.573781956925426 (frenet_interface.py:258)
INFO     [2025-01-12 11:41:27] --- current target velocity: 4.24670946616571 (frenet_interface.py:259)
INFO     [2025-01-12 11:41:30] --- Sampled interval of velocity: 0.00 m/s - 10.32 m/s (planner.py:310)
INFO     [2025-01-12 11:41:30] --- current time step: 31 (frenet_interface.py:280)
INFO     [2025-01-12 11:41:30] --- current velocity: 4.5558823507316415 (frenet_interface.py:281)
INFO     [2025-01-12 11:41:30] --- current target velocity: 4.244715930501875 (frenet_interface.py:282)
INFO     [2025-01-12 11:41:30] --- Sampled interval of velocity: 0.00 m/s - 10.31 m/s (planner.py:310)
INFO     [2025-01-12 11:41:30] --- current time step: 32 (frenet_interface.py:280)
INFO     [2025-01-12 11:41:30] --- current velocity: 4.535530015036986 (frenet_interface.py:281)
INFO     [2025-01-12 11:41:30] --- current target velocity: 4.242797772174145 (frenet_interface.py:282)
INFO     [2025-01-12 11:41:31] --- Sampled interval of velocity: 0.00 m/s - 10.29 m/s (planner.py:310)
INFO     [2025-01-12 11:41:31] --- select trajectory 721 (reactive_planner_cpp.py:382)
INFO     [2025-01-12 11:41:31] --- current time step: 33 (frenet_interface.py:257)
INFO     [2025-01-12 11:41:31] --- current velocity: 4.523271274413862 (frenet_interface.py:258)
INFO     [2025-01-12 11:41:31] --- current target velocity: 4.2409718046302185 (frenet_interface.py:259)
INFO     [2025-01-12 11:41:33] --- Sampled interval of velocity: 0.00 m/s - 10.27 m/s (planner.py:310)
INFO     [2025-01-12 11:41:34] --- current time step: 34 (frenet_interface.py:280)
INFO     [2025-01-12 11:41:34] --- current velocity: 4.508156924224517 (frenet_interface.py:281)
INFO     [2025-01-12 11:41:34] --- current target velocity: 4.239222180010611 (frenet_interface.py:282)
INFO     [2025-01-12 11:41:34] --- Sampled interval of velocity: 0.00 m/s - 10.26 m/s (planner.py:310)
INFO     [2025-01-12 11:41:34] --- current time step: 35 (frenet_interface.py:280)
INFO     [2025-01-12 11:41:34] --- current velocity: 4.49041649959403 (frenet_interface.py:281)
INFO     [2025-01-12 11:41:34] --- current target velocity: 4.237534763920669 (frenet_interface.py:282)
INFO     [2025-01-12 11:41:36] --- Sampled interval of velocity: 0.00 m/s - 10.24 m/s (planner.py:310)
WARNING  [2025-01-12 11:41:37] --- No optimal trajectory available. Select stopping trajectory! (reactive_planner_cpp.py:407)
INFO     [2025-01-12 11:41:37] --- current time step: 36 (frenet_interface.py:257)
INFO     [2025-01-12 11:41:37] --- current velocity: 4.3780113713277045 (frenet_interface.py:258)
INFO     [2025-01-12 11:41:37] --- current target velocity: 4.235927518742855 (frenet_interface.py:259)
