CRITICAL [2025-01-12 11:49:42] --- Start Planner Vehicle ID: 3302 (frenet_interface.py:67)
INFO     [2025-01-12 11:49:44] --- Sampled interval of velocity: 0.00 m/s - 20.86 m/s (planner.py:310)
INFO     [2025-01-12 11:49:44] --- select trajectory 61 (reactive_planner_cpp.py:382)
INFO     [2025-01-12 11:49:44] --- current time step: 0 (frenet_interface.py:257)
INFO     [2025-01-12 11:49:44] --- current velocity: 15.109699985036988 (frenet_interface.py:258)
INFO     [2025-01-12 11:49:44] --- current target velocity: 15.1097 (frenet_interface.py:259)
INFO     [2025-01-12 11:49:46] --- Sampled interval of velocity: 0.00 m/s - 20.86 m/s (planner.py:310)
INFO     [2025-01-12 11:49:46] --- current time step: 1 (frenet_interface.py:280)
INFO     [2025-01-12 11:49:46] --- current velocity: 15.109699958446933 (frenet_interface.py:281)
INFO     [2025-01-12 11:49:46] --- current target velocity: 15.109699985036988 (frenet_interface.py:282)
INFO     [2025-01-12 11:49:47] --- Sampled interval of velocity: 0.00 m/s - 20.86 m/s (planner.py:310)
INFO     [2025-01-12 11:49:47] --- current time step: 2 (frenet_interface.py:280)
INFO     [2025-01-12 11:49:47] --- current velocity: 15.10969994825481 (frenet_interface.py:281)
INFO     [2025-01-12 11:49:47] --- current target velocity: 15.109699958446933 (frenet_interface.py:282)
INFO     [2025-01-12 11:49:48] --- Sampled interval of velocity: 0.00 m/s - 20.86 m/s (planner.py:310)
INFO     [2025-01-12 11:49:48] --- select trajectory 61 (reactive_planner_cpp.py:382)
INFO     [2025-01-12 11:49:48] --- current time step: 3 (frenet_interface.py:257)
INFO     [2025-01-12 11:49:48] --- current velocity: 15.109699956299638 (frenet_interface.py:258)
INFO     [2025-01-12 11:49:48] --- current target velocity: 15.10969994825481 (frenet_interface.py:259)
INFO     [2025-01-12 11:49:51] --- Sampled interval of velocity: 0.00 m/s - 20.86 m/s (planner.py:310)
INFO     [2025-01-12 11:49:51] --- current time step: 4 (frenet_interface.py:280)
INFO     [2025-01-12 11:49:51] --- current velocity: 15.109699978527539 (frenet_interface.py:281)
INFO     [2025-01-12 11:49:51] --- current target velocity: 15.109699956299638 (frenet_interface.py:282)
INFO     [2025-01-12 11:49:51] --- Sampled interval of velocity: 0.00 m/s - 20.86 m/s (planner.py:310)
INFO     [2025-01-12 11:49:51] --- current time step: 5 (frenet_interface.py:280)
INFO     [2025-01-12 11:49:51] --- current velocity: 15.109700015610898 (frenet_interface.py:281)
INFO     [2025-01-12 11:49:51] --- current target velocity: 15.109699978527539 (frenet_interface.py:282)
INFO     [2025-01-12 11:49:52] --- Sampled interval of velocity: 0.00 m/s - 20.86 m/s (planner.py:310)
INFO     [2025-01-12 11:49:52] --- select trajectory 61 (reactive_planner_cpp.py:382)
INFO     [2025-01-12 11:49:52] --- current time step: 6 (frenet_interface.py:257)
INFO     [2025-01-12 11:49:52] --- current velocity: 15.109700038793568 (frenet_interface.py:258)
INFO     [2025-01-12 11:49:52] --- current target velocity: 15.109700015610898 (frenet_interface.py:259)
INFO     [2025-01-12 11:49:54] --- Sampled interval of velocity: 0.00 m/s - 20.86 m/s (planner.py:310)
INFO     [2025-01-12 11:49:54] --- current time step: 7 (frenet_interface.py:280)
INFO     [2025-01-12 11:49:54] --- current velocity: 15.109700060252914 (frenet_interface.py:281)
INFO     [2025-01-12 11:49:54] --- current target velocity: 15.109700038793568 (frenet_interface.py:282)
INFO     [2025-01-12 11:49:55] --- Sampled interval of velocity: 0.00 m/s - 20.86 m/s (planner.py:310)
INFO     [2025-01-12 11:49:55] --- current time step: 8 (frenet_interface.py:280)
INFO     [2025-01-12 11:49:55] --- current velocity: 15.109700075146428 (frenet_interface.py:281)
INFO     [2025-01-12 11:49:55] --- current target velocity: 15.109700060252914 (frenet_interface.py:282)
INFO     [2025-01-12 11:49:55] --- Sampled interval of velocity: 0.00 m/s - 20.86 m/s (planner.py:310)
INFO     [2025-01-12 11:49:55] --- select trajectory 741 (reactive_planner_cpp.py:382)
INFO     [2025-01-12 11:49:55] --- current time step: 9 (frenet_interface.py:257)
INFO     [2025-01-12 11:49:55] --- current velocity: 15.102946850622644 (frenet_interface.py:258)
INFO     [2025-01-12 11:49:55] --- current target velocity: 15.109700075146428 (frenet_interface.py:259)
INFO     [2025-01-12 11:49:57] --- Sampled interval of velocity: 0.00 m/s - 20.85 m/s (planner.py:310)
INFO     [2025-01-12 11:49:57] --- current time step: 10 (frenet_interface.py:280)
INFO     [2025-01-12 11:49:57] --- current velocity: 15.083301105827514 (frenet_interface.py:281)
INFO     [2025-01-12 11:49:57] --- current target velocity: 15.102946850622644 (frenet_interface.py:282)
INFO     [2025-01-12 11:49:58] --- Sampled interval of velocity: 0.00 m/s - 20.83 m/s (planner.py:310)
INFO     [2025-01-12 11:49:58] --- current time step: 11 (frenet_interface.py:280)
INFO     [2025-01-12 11:49:58] --- current velocity: 15.051683734969883 (frenet_interface.py:281)
INFO     [2025-01-12 11:49:58] --- current target velocity: 15.083301105827514 (frenet_interface.py:282)
INFO     [2025-01-12 11:49:58] --- Sampled interval of velocity: 0.00 m/s - 20.80 m/s (planner.py:310)
INFO     [2025-01-12 11:49:58] --- select trajectory 441 (reactive_planner_cpp.py:382)
INFO     [2025-01-12 11:49:58] --- current time step: 12 (frenet_interface.py:257)
INFO     [2025-01-12 11:49:58] --- current velocity: 15.00571737361283 (frenet_interface.py:258)
INFO     [2025-01-12 11:49:58] --- current target velocity: 15.051683734969883 (frenet_interface.py:259)
INFO     [2025-01-12 11:50:01] --- Sampled interval of velocity: 0.00 m/s - 20.76 m/s (planner.py:310)
INFO     [2025-01-12 11:50:01] --- current time step: 13 (frenet_interface.py:280)
INFO     [2025-01-12 11:50:01] --- current velocity: 14.910711345991285 (frenet_interface.py:281)
INFO     [2025-01-12 11:50:01] --- current target velocity: 15.00571737361283 (frenet_interface.py:282)
INFO     [2025-01-12 11:50:02] --- Sampled interval of velocity: 0.00 m/s - 20.66 m/s (planner.py:310)
INFO     [2025-01-12 11:50:02] --- current time step: 14 (frenet_interface.py:280)
INFO     [2025-01-12 11:50:02] --- current velocity: 14.775060943734829 (frenet_interface.py:281)
INFO     [2025-01-12 11:50:02] --- current target velocity: 14.910711345991285 (frenet_interface.py:282)
INFO     [2025-01-12 11:50:02] --- Sampled interval of velocity: 0.00 m/s - 20.53 m/s (planner.py:310)
INFO     [2025-01-12 11:50:02] --- select trajectory 131 (reactive_planner_cpp.py:382)
INFO     [2025-01-12 11:50:02] --- current time step: 15 (frenet_interface.py:257)
INFO     [2025-01-12 11:50:02] --- current velocity: 14.606677232084301 (frenet_interface.py:258)
INFO     [2025-01-12 11:50:02] --- current target velocity: 14.775060943734829 (frenet_interface.py:259)
INFO     [2025-01-12 11:50:04] --- Sampled interval of velocity: 0.00 m/s - 20.36 m/s (planner.py:310)
INFO     [2025-01-12 11:50:04] --- current time step: 16 (frenet_interface.py:280)
INFO     [2025-01-12 11:50:04] --- current velocity: 14.279288104258498 (frenet_interface.py:281)
INFO     [2025-01-12 11:50:04] --- current target velocity: 14.606677232084301 (frenet_interface.py:282)
INFO     [2025-01-12 11:50:05] --- Sampled interval of velocity: 0.00 m/s - 20.03 m/s (planner.py:310)
INFO     [2025-01-12 11:50:05] --- current time step: 17 (frenet_interface.py:280)
INFO     [2025-01-12 11:50:05] --- current velocity: 13.82977526919825 (frenet_interface.py:281)
INFO     [2025-01-12 11:50:05] --- current target velocity: 14.279288104258498 (frenet_interface.py:282)
INFO     [2025-01-12 11:50:05] --- Sampled interval of velocity: 0.00 m/s - 19.58 m/s (planner.py:310)
INFO     [2025-01-12 11:50:05] --- select trajectory 721 (reactive_planner_cpp.py:382)
INFO     [2025-01-12 11:50:05] --- current time step: 18 (frenet_interface.py:257)
INFO     [2025-01-12 11:50:05] --- current velocity: 13.57582543951977 (frenet_interface.py:258)
INFO     [2025-01-12 11:50:05] --- current target velocity: 13.82977526919825 (frenet_interface.py:259)
INFO     [2025-01-12 11:50:08] --- Sampled interval of velocity: 0.00 m/s - 19.33 m/s (planner.py:310)
INFO     [2025-01-12 11:50:08] --- current time step: 19 (frenet_interface.py:280)
INFO     [2025-01-12 11:50:08] --- current velocity: 13.313071480033098 (frenet_interface.py:281)
INFO     [2025-01-12 11:50:08] --- current target velocity: 13.57582543951977 (frenet_interface.py:282)
INFO     [2025-01-12 11:50:09] --- Sampled interval of velocity: 0.00 m/s - 19.06 m/s (planner.py:310)
INFO     [2025-01-12 11:50:09] --- current time step: 20 (frenet_interface.py:280)
INFO     [2025-01-12 11:50:09] --- current velocity: 13.042735504646808 (frenet_interface.py:281)
INFO     [2025-01-12 11:50:09] --- current target velocity: 13.313071480033098 (frenet_interface.py:282)
INFO     [2025-01-12 11:50:09] --- Sampled interval of velocity: 0.00 m/s - 18.79 m/s (planner.py:310)
INFO     [2025-01-12 11:50:09] --- select trajectory 221 (reactive_planner_cpp.py:382)
INFO     [2025-01-12 11:50:09] --- current time step: 21 (frenet_interface.py:257)
INFO     [2025-01-12 11:50:09] --- current velocity: 12.875756979396781 (frenet_interface.py:258)
INFO     [2025-01-12 11:50:09] --- current target velocity: 13.042735504646808 (frenet_interface.py:259)
INFO     [2025-01-12 11:50:13] --- Sampled interval of velocity: 0.00 m/s - 18.63 m/s (planner.py:310)
INFO     [2025-01-12 11:50:13] --- current time step: 22 (frenet_interface.py:280)
INFO     [2025-01-12 11:50:13] --- current velocity: 12.653167131570623 (frenet_interface.py:281)
INFO     [2025-01-12 11:50:13] --- current target velocity: 12.875756979396781 (frenet_interface.py:282)
INFO     [2025-01-12 11:50:14] --- Sampled interval of velocity: 0.00 m/s - 18.40 m/s (planner.py:310)
INFO     [2025-01-12 11:50:14] --- current time step: 23 (frenet_interface.py:280)
INFO     [2025-01-12 11:50:14] --- current velocity: 12.381905304934367 (frenet_interface.py:281)
INFO     [2025-01-12 11:50:14] --- current target velocity: 12.653167131570623 (frenet_interface.py:282)
INFO     [2025-01-12 11:50:14] --- Sampled interval of velocity: 0.00 m/s - 18.13 m/s (planner.py:310)
INFO     [2025-01-12 11:50:14] --- select trajectory 421 (reactive_planner_cpp.py:382)
INFO     [2025-01-12 11:50:14] --- current time step: 24 (frenet_interface.py:257)
INFO     [2025-01-12 11:50:14] --- current velocity: 12.174096149637942 (frenet_interface.py:258)
INFO     [2025-01-12 11:50:14] --- current target velocity: 12.381905304934367 (frenet_interface.py:259)
INFO     [2025-01-12 11:50:19] --- Sampled interval of velocity: 0.00 m/s - 17.92 m/s (planner.py:310)
INFO     [2025-01-12 11:50:19] --- current time step: 25 (frenet_interface.py:280)
INFO     [2025-01-12 11:50:19] --- current velocity: 11.857234765645078 (frenet_interface.py:281)
INFO     [2025-01-12 11:50:19] --- current target velocity: 12.174096149637942 (frenet_interface.py:282)
INFO     [2025-01-12 11:50:20] --- Sampled interval of velocity: 0.00 m/s - 17.61 m/s (planner.py:310)
INFO     [2025-01-12 11:50:20] --- current time step: 26 (frenet_interface.py:280)
INFO     [2025-01-12 11:50:20] --- current velocity: 11.451242033150697 (frenet_interface.py:281)
INFO     [2025-01-12 11:50:20] --- current target velocity: 11.857234765645078 (frenet_interface.py:282)
INFO     [2025-01-12 11:50:20] --- Sampled interval of velocity: 0.00 m/s - 17.20 m/s (planner.py:310)
INFO     [2025-01-12 11:50:20] --- select trajectory 411 (reactive_planner_cpp.py:382)
INFO     [2025-01-12 11:50:20] --- current time step: 27 (frenet_interface.py:257)
INFO     [2025-01-12 11:50:20] --- current velocity: 11.155628910147541 (frenet_interface.py:258)
INFO     [2025-01-12 11:50:20] --- current target velocity: 11.451242033150697 (frenet_interface.py:259)
INFO     [2025-01-12 11:50:23] --- Sampled interval of velocity: 0.00 m/s - 16.91 m/s (planner.py:310)
INFO     [2025-01-12 11:50:23] --- current time step: 28 (frenet_interface.py:280)
INFO     [2025-01-12 11:50:23] --- current velocity: 10.72902250435581 (frenet_interface.py:281)
INFO     [2025-01-12 11:50:23] --- current target velocity: 11.155628910147541 (frenet_interface.py:282)
INFO     [2025-01-12 11:50:23] --- Sampled interval of velocity: 0.00 m/s - 16.48 m/s (planner.py:310)
INFO     [2025-01-12 11:50:23] --- current time step: 29 (frenet_interface.py:280)
INFO     [2025-01-12 11:50:23] --- current velocity: 10.195897608296793 (frenet_interface.py:281)
INFO     [2025-01-12 11:50:23] --- current target velocity: 10.72902250435581 (frenet_interface.py:282)
INFO     [2025-01-12 11:50:23] --- Sampled interval of velocity: 0.00 m/s - 15.95 m/s (planner.py:310)
INFO     [2025-01-12 11:50:24] --- select trajectory 401 (reactive_planner_cpp.py:382)
INFO     [2025-01-12 11:50:24] --- current time step: 30 (frenet_interface.py:257)
INFO     [2025-01-12 11:50:24] --- current velocity: 9.827051004550801 (frenet_interface.py:258)
INFO     [2025-01-12 11:50:24] --- current target velocity: 10.195897608296793 (frenet_interface.py:259)
INFO     [2025-01-12 11:50:26] --- Sampled interval of velocity: 0.00 m/s - 15.58 m/s (planner.py:310)
INFO     [2025-01-12 11:50:26] --- current time step: 31 (frenet_interface.py:280)
INFO     [2025-01-12 11:50:26] --- current velocity: 9.316751352139658 (frenet_interface.py:281)
INFO     [2025-01-12 11:50:26] --- current target velocity: 9.827051004550801 (frenet_interface.py:282)
INFO     [2025-01-12 11:50:26] --- Sampled interval of velocity: 0.00 m/s - 15.07 m/s (planner.py:310)
INFO     [2025-01-12 11:50:26] --- current time step: 32 (frenet_interface.py:280)
INFO     [2025-01-12 11:50:26] --- current velocity: 8.692016306337008 (frenet_interface.py:281)
INFO     [2025-01-12 11:50:26] --- current target velocity: 9.316751352139658 (frenet_interface.py:282)
INFO     [2025-01-12 11:50:27] --- Sampled interval of velocity: 0.00 m/s - 14.44 m/s (planner.py:310)
INFO     [2025-01-12 11:50:27] --- select trajectory 196 (reactive_planner_cpp.py:382)
INFO     [2025-01-12 11:50:27] --- current time step: 33 (frenet_interface.py:257)
INFO     [2025-01-12 11:50:27] --- current velocity: 8.211519215093363 (frenet_interface.py:258)
INFO     [2025-01-12 11:50:27] --- current target velocity: 8.692016306337008 (frenet_interface.py:259)
INFO     [2025-01-12 11:50:30] --- Sampled interval of velocity: 0.00 m/s - 13.96 m/s (planner.py:310)
INFO     [2025-01-12 11:50:30] --- current time step: 34 (frenet_interface.py:280)
INFO     [2025-01-12 11:50:30] --- current velocity: 7.484088258836859 (frenet_interface.py:281)
INFO     [2025-01-12 11:50:30] --- current target velocity: 8.211519215093363 (frenet_interface.py:282)
INFO     [2025-01-12 11:50:30] --- Sampled interval of velocity: 0.00 m/s - 13.23 m/s (planner.py:310)
INFO     [2025-01-12 11:50:30] --- current time step: 35 (frenet_interface.py:280)
INFO     [2025-01-12 11:50:30] --- current velocity: 6.5713947546240075 (frenet_interface.py:281)
INFO     [2025-01-12 11:50:30] --- current target velocity: 7.484088258836859 (frenet_interface.py:282)
INFO     [2025-01-12 11:50:31] --- Sampled interval of velocity: 0.00 m/s - 12.32 m/s (planner.py:310)
WARNING  [2025-01-12 11:50:31] --- No optimal trajectory available. Select stopping trajectory! (reactive_planner_cpp.py:407)
INFO     [2025-01-12 11:50:31] --- current time step: 36 (frenet_interface.py:257)
INFO     [2025-01-12 11:50:31] --- current velocity: 6.011436654689386 (frenet_interface.py:258)
INFO     [2025-01-12 11:50:31] --- current target velocity: 6.5713947546240075 (frenet_interface.py:259)
INFO     [2025-01-12 11:50:34] --- Sampled interval of velocity: 0.00 m/s - 11.76 m/s (planner.py:310)
INFO     [2025-01-12 11:50:34] --- current time step: 37 (frenet_interface.py:280)
INFO     [2025-01-12 11:50:34] --- current velocity: 5.339543928469793 (frenet_interface.py:281)
INFO     [2025-01-12 11:50:34] --- current target velocity: 6.011436654689386 (frenet_interface.py:282)
INFO     [2025-01-12 11:50:34] --- Sampled interval of velocity: 0.00 m/s - 11.09 m/s (planner.py:310)
INFO     [2025-01-12 11:50:34] --- current time step: 38 (frenet_interface.py:280)
INFO     [2025-01-12 11:50:34] --- current velocity: 4.590538052952371 (frenet_interface.py:281)
INFO     [2025-01-12 11:50:34] --- current target velocity: 5.339543928469793 (frenet_interface.py:282)
INFO     [2025-01-12 11:50:35] --- Sampled interval of velocity: 0.00 m/s - 10.34 m/s (planner.py:310)
WARNING  [2025-01-12 11:50:35] --- No optimal trajectory available. Select stopping trajectory! (reactive_planner_cpp.py:407)
INFO     [2025-01-12 11:50:35] --- current time step: 39 (frenet_interface.py:257)
INFO     [2025-01-12 11:50:35] --- current velocity: 4.1630016010784985 (frenet_interface.py:258)
INFO     [2025-01-12 11:50:35] --- current target velocity: 4.590538052952371 (frenet_interface.py:259)
INFO     [2025-01-12 11:50:38] --- Sampled interval of velocity: 0.00 m/s - 9.91 m/s (planner.py:310)
INFO     [2025-01-12 11:50:38] --- current time step: 40 (frenet_interface.py:280)
INFO     [2025-01-12 11:50:38] --- current velocity: 3.671107181560443 (frenet_interface.py:281)
INFO     [2025-01-12 11:50:38] --- current target velocity: 4.1630016010784985 (frenet_interface.py:282)
INFO     [2025-01-12 11:50:38] --- Sampled interval of velocity: 0.00 m/s - 9.42 m/s (planner.py:310)
INFO     [2025-01-12 11:50:38] --- current time step: 41 (frenet_interface.py:280)
INFO     [2025-01-12 11:50:38] --- current velocity: 3.1369945213745174 (frenet_interface.py:281)
INFO     [2025-01-12 11:50:38] --- current target velocity: 3.671107181560443 (frenet_interface.py:282)
