CRITICAL [2025-01-30 00:02:30] --- Simulating Scenario: BEL_Antwerp-1_14_T-1 (simulation.py:88)
CRITICAL [2025-01-30 00:02:31] --- Start Planner Vehicle ID: 30758 (frenet_interface.py:67)
CRITICAL [2025-01-30 00:02:32] --- Scenario BEL_Antwerp-1_14_T-1 in timestep 0 (simulation.py:686)
INFO     [2025-01-30 00:02:33] --- Sampled interval of velocity: 0.00 m/s - 13.43 m/s (planner.py:310)
INFO     [2025-01-30 00:02:33] --- select trajectory 106 (reactive_planner_cpp.py:382)
INFO     [2025-01-30 00:02:33] --- current time step: 0 (frenet_interface.py:257)
INFO     [2025-01-30 00:02:33] --- current velocity: 7.541870049592087 (frenet_interface.py:258)
INFO     [2025-01-30 00:02:33] --- current target velocity: 8.380289790262385 (frenet_interface.py:259)
CRITICAL [2025-01-30 00:02:35] --- Scenario BEL_Antwerp-1_14_T-1 in timestep 1 (simulation.py:686)
INFO     [2025-01-30 00:02:35] --- Sampled interval of velocity: 0.00 m/s - 13.29 m/s (planner.py:310)
INFO     [2025-01-30 00:02:35] --- current time step: 1 (frenet_interface.py:280)
INFO     [2025-01-30 00:02:35] --- current velocity: 7.1685370865612725 (frenet_interface.py:281)
INFO     [2025-01-30 00:02:35] --- current target velocity: 8.387622799845374 (frenet_interface.py:282)
CRITICAL [2025-01-30 00:02:36] --- Scenario BEL_Antwerp-1_14_T-1 in timestep 2 (simulation.py:686)
INFO     [2025-01-30 00:02:36] --- Sampled interval of velocity: 0.00 m/s - 12.92 m/s (planner.py:310)
INFO     [2025-01-30 00:02:36] --- current time step: 2 (frenet_interface.py:280)
INFO     [2025-01-30 00:02:36] --- current velocity: 6.604083375235555 (frenet_interface.py:281)
INFO     [2025-01-30 00:02:36] --- current target velocity: 8.397711229055375 (frenet_interface.py:282)
CRITICAL [2025-01-30 00:02:36] --- Scenario BEL_Antwerp-1_14_T-1 in timestep 3 (simulation.py:686)
INFO     [2025-01-30 00:02:37] --- Sampled interval of velocity: 0.00 m/s - 12.35 m/s (planner.py:310)
INFO     [2025-01-30 00:02:37] --- select trajectory 106 (reactive_planner_cpp.py:382)
INFO     [2025-01-30 00:02:37] --- current time step: 3 (frenet_interface.py:257)
INFO     [2025-01-30 00:02:37] --- current velocity: 6.221601527711981 (frenet_interface.py:258)
INFO     [2025-01-30 00:02:37] --- current target velocity: 8.412967445877511 (frenet_interface.py:259)
CRITICAL [2025-01-30 00:02:39] --- Scenario BEL_Antwerp-1_14_T-1 in timestep 4 (simulation.py:686)
INFO     [2025-01-30 00:02:39] --- Sampled interval of velocity: 0.00 m/s - 11.97 m/s (planner.py:310)
INFO     [2025-01-30 00:02:39] --- current time step: 4 (frenet_interface.py:280)
INFO     [2025-01-30 00:02:39] --- current velocity: 5.7342558542854745 (frenet_interface.py:281)
INFO     [2025-01-30 00:02:39] --- current target velocity: 8.43361713428294 (frenet_interface.py:282)
CRITICAL [2025-01-30 00:02:40] --- Scenario BEL_Antwerp-1_14_T-1 in timestep 5 (simulation.py:686)
INFO     [2025-01-30 00:02:40] --- Sampled interval of velocity: 0.00 m/s - 11.48 m/s (planner.py:310)
INFO     [2025-01-30 00:02:40] --- current time step: 5 (frenet_interface.py:280)
INFO     [2025-01-30 00:02:40] --- current velocity: 5.17182295427947 (frenet_interface.py:281)
INFO     [2025-01-30 00:02:40] --- current target velocity: 8.459401157630978 (frenet_interface.py:282)
CRITICAL [2025-01-30 00:02:41] --- Scenario BEL_Antwerp-1_14_T-1 in timestep 6 (simulation.py:686)
INFO     [2025-01-30 00:02:41] --- Sampled interval of velocity: 0.00 m/s - 10.92 m/s (planner.py:310)
INFO     [2025-01-30 00:02:41] --- select trajectory 641 (reactive_planner_cpp.py:382)
INFO     [2025-01-30 00:02:41] --- current time step: 6 (frenet_interface.py:257)
INFO     [2025-01-30 00:02:41] --- current velocity: 4.902834923149552 (frenet_interface.py:258)
INFO     [2025-01-30 00:02:41] --- current target velocity: 8.491450145965151 (frenet_interface.py:259)
CRITICAL [2025-01-30 00:02:43] --- Scenario BEL_Antwerp-1_14_T-1 in timestep 7 (simulation.py:686)
INFO     [2025-01-30 00:02:43] --- Sampled interval of velocity: 0.00 m/s - 10.65 m/s (planner.py:310)
INFO     [2025-01-30 00:02:43] --- current time step: 7 (frenet_interface.py:280)
INFO     [2025-01-30 00:02:43] --- current velocity: 4.683267231624462 (frenet_interface.py:281)
INFO     [2025-01-30 00:02:43] --- current target velocity: 8.528845089230238 (frenet_interface.py:282)
CRITICAL [2025-01-30 00:02:44] --- Scenario BEL_Antwerp-1_14_T-1 in timestep 8 (simulation.py:686)
INFO     [2025-01-30 00:02:44] --- Sampled interval of velocity: 0.00 m/s - 10.43 m/s (planner.py:310)
INFO     [2025-01-30 00:02:44] --- current time step: 8 (frenet_interface.py:280)
INFO     [2025-01-30 00:02:44] --- current velocity: 4.51013255043512 (frenet_interface.py:281)
INFO     [2025-01-30 00:02:44] --- current target velocity: 8.569763577664345 (frenet_interface.py:282)
CRITICAL [2025-01-30 00:02:45] --- Scenario BEL_Antwerp-1_14_T-1 in timestep 9 (simulation.py:686)
INFO     [2025-01-30 00:02:45] --- Sampled interval of velocity: 0.00 m/s - 10.26 m/s (planner.py:310)
INFO     [2025-01-30 00:02:45] --- select trajectory 761 (reactive_planner_cpp.py:382)
INFO     [2025-01-30 00:02:45] --- current time step: 9 (frenet_interface.py:257)
INFO     [2025-01-30 00:02:45] --- current velocity: 4.450389964860748 (frenet_interface.py:258)
INFO     [2025-01-30 00:02:45] --- current target velocity: 8.613787313361165 (frenet_interface.py:259)
CRITICAL [2025-01-30 00:02:47] --- Scenario BEL_Antwerp-1_14_T-1 in timestep 10 (simulation.py:686)
INFO     [2025-01-30 00:02:47] --- Sampled interval of velocity: 0.00 m/s - 10.20 m/s (planner.py:310)
INFO     [2025-01-30 00:02:47] --- current time step: 10 (frenet_interface.py:280)
INFO     [2025-01-30 00:02:47] --- current velocity: 4.419925598162299 (frenet_interface.py:281)
INFO     [2025-01-30 00:02:47] --- current target velocity: 8.660107829984536 (frenet_interface.py:282)
CRITICAL [2025-01-30 00:02:48] --- Scenario BEL_Antwerp-1_14_T-1 in timestep 11 (simulation.py:686)
INFO     [2025-01-30 00:02:48] --- Sampled interval of velocity: 0.00 m/s - 10.17 m/s (planner.py:310)
INFO     [2025-01-30 00:02:48] --- current time step: 11 (frenet_interface.py:280)
INFO     [2025-01-30 00:02:48] --- current velocity: 4.416919225809011 (frenet_interface.py:281)
INFO     [2025-01-30 00:02:48] --- current target velocity: 8.708002505600982 (frenet_interface.py:282)
CRITICAL [2025-01-30 00:02:48] --- Scenario BEL_Antwerp-1_14_T-1 in timestep 12 (simulation.py:686)
INFO     [2025-01-30 00:02:49] --- Sampled interval of velocity: 0.00 m/s - 10.17 m/s (planner.py:310)
INFO     [2025-01-30 00:02:49] --- select trajectory 371 (reactive_planner_cpp.py:382)
INFO     [2025-01-30 00:02:49] --- current time step: 12 (frenet_interface.py:257)
INFO     [2025-01-30 00:02:49] --- current velocity: 4.446608791297485 (frenet_interface.py:258)
INFO     [2025-01-30 00:02:49] --- current target velocity: 8.757199110586676 (frenet_interface.py:259)
CRITICAL [2025-01-30 00:02:51] --- Scenario BEL_Antwerp-1_14_T-1 in timestep 13 (simulation.py:686)
INFO     [2025-01-30 00:02:51] --- Sampled interval of velocity: 0.00 m/s - 10.20 m/s (planner.py:310)
INFO     [2025-01-30 00:02:51] --- current time step: 13 (frenet_interface.py:280)
INFO     [2025-01-30 00:02:51] --- current velocity: 4.521858125996391 (frenet_interface.py:281)
INFO     [2025-01-30 00:02:51] --- current target velocity: 8.807415693644145 (frenet_interface.py:282)
CRITICAL [2025-01-30 00:02:52] --- Scenario BEL_Antwerp-1_14_T-1 in timestep 14 (simulation.py:686)
INFO     [2025-01-30 00:02:52] --- Sampled interval of velocity: 0.00 m/s - 10.27 m/s (planner.py:310)
INFO     [2025-01-30 00:02:52] --- current time step: 14 (frenet_interface.py:280)
INFO     [2025-01-30 00:02:52] --- current velocity: 4.638398282941743 (frenet_interface.py:281)
INFO     [2025-01-30 00:02:52] --- current target velocity: 8.858202961196852 (frenet_interface.py:282)
CRITICAL [2025-01-30 00:02:53] --- Scenario BEL_Antwerp-1_14_T-1 in timestep 15 (simulation.py:686)
INFO     [2025-01-30 00:02:53] --- Sampled interval of velocity: 0.00 m/s - 10.39 m/s (planner.py:310)
INFO     [2025-01-30 00:02:53] --- select trajectory 171 (reactive_planner_cpp.py:382)
INFO     [2025-01-30 00:02:53] --- current time step: 15 (frenet_interface.py:257)
INFO     [2025-01-30 00:02:53] --- current velocity: 4.798710462884078 (frenet_interface.py:258)
INFO     [2025-01-30 00:02:53] --- current target velocity: 8.90906525244807 (frenet_interface.py:259)
CRITICAL [2025-01-30 00:02:55] --- Scenario BEL_Antwerp-1_14_T-1 in timestep 16 (simulation.py:686)
INFO     [2025-01-30 00:02:55] --- Sampled interval of velocity: 0.00 m/s - 10.55 m/s (planner.py:310)
INFO     [2025-01-30 00:02:55] --- current time step: 16 (frenet_interface.py:280)
INFO     [2025-01-30 00:02:55] --- current velocity: 5.118473244736486 (frenet_interface.py:281)
INFO     [2025-01-30 00:02:55] --- current target velocity: 8.959637901515269 (frenet_interface.py:282)
CRITICAL [2025-01-30 00:02:56] --- Scenario BEL_Antwerp-1_14_T-1 in timestep 17 (simulation.py:686)
INFO     [2025-01-30 00:02:56] --- Sampled interval of velocity: 0.00 m/s - 10.87 m/s (planner.py:310)
INFO     [2025-01-30 00:02:56] --- current time step: 17 (frenet_interface.py:280)
INFO     [2025-01-30 00:02:56] --- current velocity: 5.560979290114745 (frenet_interface.py:281)
INFO     [2025-01-30 00:02:56] --- current target velocity: 9.008495981893743 (frenet_interface.py:282)
CRITICAL [2025-01-30 00:02:56] --- Scenario BEL_Antwerp-1_14_T-1 in timestep 18 (simulation.py:686)
INFO     [2025-01-30 00:02:57] --- Sampled interval of velocity: 0.00 m/s - 11.31 m/s (planner.py:310)
INFO     [2025-01-30 00:02:57] --- select trajectory 161 (reactive_planner_cpp.py:382)
INFO     [2025-01-30 00:02:57] --- current time step: 18 (frenet_interface.py:257)
INFO     [2025-01-30 00:02:57] --- current velocity: 5.833081998677775 (frenet_interface.py:258)
INFO     [2025-01-30 00:02:57] --- current target velocity: 9.053838153990002 (frenet_interface.py:259)
CRITICAL [2025-01-30 00:02:59] --- Scenario BEL_Antwerp-1_14_T-1 in timestep 19 (simulation.py:686)
INFO     [2025-01-30 00:02:59] --- Sampled interval of velocity: 0.00 m/s - 11.58 m/s (planner.py:310)
INFO     [2025-01-30 00:02:59] --- current time step: 19 (frenet_interface.py:280)
INFO     [2025-01-30 00:02:59] --- current velocity: 6.146217564137845 (frenet_interface.py:281)
INFO     [2025-01-30 00:02:59] --- current target velocity: 9.09581275351437 (frenet_interface.py:282)
CRITICAL [2025-01-30 00:03:00] --- Scenario BEL_Antwerp-1_14_T-1 in timestep 20 (simulation.py:686)
INFO     [2025-01-30 00:03:00] --- Sampled interval of velocity: 0.00 m/s - 11.90 m/s (planner.py:310)
INFO     [2025-01-30 00:03:00] --- current time step: 20 (frenet_interface.py:280)
INFO     [2025-01-30 00:03:00] --- current velocity: 6.486236495850975 (frenet_interface.py:281)
INFO     [2025-01-30 00:03:00] --- current target velocity: 9.135150697090499 (frenet_interface.py:282)
CRITICAL [2025-01-30 00:03:00] --- Scenario BEL_Antwerp-1_14_T-1 in timestep 21 (simulation.py:686)
INFO     [2025-01-30 00:03:01] --- Sampled interval of velocity: 0.00 m/s - 12.24 m/s (planner.py:310)
INFO     [2025-01-30 00:03:01] --- select trajectory 161 (reactive_planner_cpp.py:382)
INFO     [2025-01-30 00:03:01] --- current time step: 21 (frenet_interface.py:257)
INFO     [2025-01-30 00:03:01] --- current velocity: 6.693039126895831 (frenet_interface.py:258)
INFO     [2025-01-30 00:03:01] --- current target velocity: 9.171308951377677 (frenet_interface.py:259)
CRITICAL [2025-01-30 00:03:03] --- Scenario BEL_Antwerp-1_14_T-1 in timestep 22 (simulation.py:686)
INFO     [2025-01-30 00:03:03] --- Sampled interval of velocity: 0.00 m/s - 12.44 m/s (planner.py:310)
INFO     [2025-01-30 00:03:03] --- current time step: 22 (frenet_interface.py:280)
INFO     [2025-01-30 00:03:03] --- current velocity: 6.954071557162658 (frenet_interface.py:281)
INFO     [2025-01-30 00:03:03] --- current target velocity: 9.204908179922343 (frenet_interface.py:282)
CRITICAL [2025-01-30 00:03:04] --- Scenario BEL_Antwerp-1_14_T-1 in timestep 23 (simulation.py:686)
INFO     [2025-01-30 00:03:04] --- Sampled interval of velocity: 0.00 m/s - 12.70 m/s (planner.py:310)
INFO     [2025-01-30 00:03:04] --- current time step: 23 (frenet_interface.py:280)
INFO     [2025-01-30 00:03:04] --- current velocity: 7.253878331431076 (frenet_interface.py:281)
INFO     [2025-01-30 00:03:04] --- current target velocity: 9.236298063196966 (frenet_interface.py:282)
CRITICAL [2025-01-30 00:03:04] --- Scenario BEL_Antwerp-1_14_T-1 in timestep 24 (simulation.py:686)
INFO     [2025-01-30 00:03:05] --- Sampled interval of velocity: 0.00 m/s - 13.00 m/s (planner.py:310)
INFO     [2025-01-30 00:03:05] --- select trajectory 461 (reactive_planner_cpp.py:382)
INFO     [2025-01-30 00:03:05] --- current time step: 24 (frenet_interface.py:257)
INFO     [2025-01-30 00:03:05] --- current velocity: 7.4257062625231125 (frenet_interface.py:258)
INFO     [2025-01-30 00:03:05] --- current target velocity: 9.26476747367543 (frenet_interface.py:259)
CRITICAL [2025-01-30 00:03:07] --- Scenario BEL_Antwerp-1_14_T-1 in timestep 25 (simulation.py:686)
INFO     [2025-01-30 00:03:07] --- Sampled interval of velocity: 0.00 m/s - 13.18 m/s (planner.py:310)
INFO     [2025-01-30 00:03:07] --- current time step: 25 (frenet_interface.py:280)
INFO     [2025-01-30 00:03:07] --- current velocity: 7.623048046271446 (frenet_interface.py:281)
INFO     [2025-01-30 00:03:07] --- current target velocity: 9.290815342712262 (frenet_interface.py:282)
CRITICAL [2025-01-30 00:03:07] --- Scenario BEL_Antwerp-1_14_T-1 in timestep 26 (simulation.py:686)
INFO     [2025-01-30 00:03:07] --- Sampled interval of velocity: 0.00 m/s - 13.37 m/s (planner.py:310)
INFO     [2025-01-30 00:03:07] --- current time step: 26 (frenet_interface.py:280)
INFO     [2025-01-30 00:03:07] --- current velocity: 7.839727632779995 (frenet_interface.py:281)
INFO     [2025-01-30 00:03:07] --- current target velocity: 9.31504047425089 (frenet_interface.py:282)
CRITICAL [2025-01-30 00:03:08] --- Scenario BEL_Antwerp-1_14_T-1 in timestep 27 (simulation.py:686)
INFO     [2025-01-30 00:03:09] --- Sampled interval of velocity: 0.00 m/s - 13.59 m/s (planner.py:310)
INFO     [2025-01-30 00:03:09] --- select trajectory 761 (reactive_planner_cpp.py:382)
INFO     [2025-01-30 00:03:09] --- current time step: 27 (frenet_interface.py:257)
INFO     [2025-01-30 00:03:09] --- current velocity: 7.952050187086961 (frenet_interface.py:258)
INFO     [2025-01-30 00:03:09] --- current target velocity: 9.337055140537128 (frenet_interface.py:259)
CRITICAL [2025-01-30 00:03:11] --- Scenario BEL_Antwerp-1_14_T-1 in timestep 28 (simulation.py:686)
INFO     [2025-01-30 00:03:11] --- Sampled interval of velocity: 0.00 m/s - 13.70 m/s (planner.py:310)
INFO     [2025-01-30 00:03:11] --- current time step: 28 (frenet_interface.py:280)
INFO     [2025-01-30 00:03:11] --- current velocity: 8.06462647370144 (frenet_interface.py:281)
INFO     [2025-01-30 00:03:11] --- current target velocity: 9.357352299761821 (frenet_interface.py:282)
CRITICAL [2025-01-30 00:03:11] --- Scenario BEL_Antwerp-1_14_T-1 in timestep 29 (simulation.py:686)
INFO     [2025-01-30 00:03:11] --- Sampled interval of velocity: 0.00 m/s - 13.81 m/s (planner.py:310)
INFO     [2025-01-30 00:03:11] --- current time step: 29 (frenet_interface.py:280)
INFO     [2025-01-30 00:03:11] --- current velocity: 8.177233491287291 (frenet_interface.py:281)
INFO     [2025-01-30 00:03:11] --- current target velocity: 9.376618387688946 (frenet_interface.py:282)
CRITICAL [2025-01-30 00:03:12] --- Scenario BEL_Antwerp-1_14_T-1 in timestep 30 (simulation.py:686)
INFO     [2025-01-30 00:03:13] --- Sampled interval of velocity: 0.00 m/s - 13.93 m/s (planner.py:310)
INFO     [2025-01-30 00:03:13] --- select trajectory 761 (reactive_planner_cpp.py:382)
INFO     [2025-01-30 00:03:13] --- current time step: 30 (frenet_interface.py:257)
INFO     [2025-01-30 00:03:13] --- current velocity: 8.236999716089041 (frenet_interface.py:258)
INFO     [2025-01-30 00:03:13] --- current target velocity: 9.394804570041128 (frenet_interface.py:259)
CRITICAL [2025-01-30 00:03:14] --- Scenario BEL_Antwerp-1_14_T-1 in timestep 31 (simulation.py:686)
INFO     [2025-01-30 00:03:14] --- Sampled interval of velocity: 0.00 m/s - 13.99 m/s (planner.py:310)
INFO     [2025-01-30 00:03:14] --- current time step: 31 (frenet_interface.py:280)
INFO     [2025-01-30 00:03:14] --- current velocity: 8.30386832463954 (frenet_interface.py:281)
INFO     [2025-01-30 00:03:14] --- current target velocity: 9.412260349330674 (frenet_interface.py:282)
CRITICAL [2025-01-30 00:03:15] --- Scenario BEL_Antwerp-1_14_T-1 in timestep 32 (simulation.py:686)
INFO     [2025-01-30 00:03:15] --- Sampled interval of velocity: 0.00 m/s - 14.05 m/s (planner.py:310)
INFO     [2025-01-30 00:03:15] --- current time step: 32 (frenet_interface.py:280)
INFO     [2025-01-30 00:03:15] --- current velocity: 8.377314288148154 (frenet_interface.py:281)
INFO     [2025-01-30 00:03:15] --- current target velocity: 9.429285916903467 (frenet_interface.py:282)
CRITICAL [2025-01-30 00:03:16] --- Scenario BEL_Antwerp-1_14_T-1 in timestep 33 (simulation.py:686)
INFO     [2025-01-30 00:03:17] --- Sampled interval of velocity: 0.00 m/s - 14.13 m/s (planner.py:310)
INFO     [2025-01-30 00:03:17] --- select trajectory 141 (reactive_planner_cpp.py:382)
INFO     [2025-01-30 00:03:17] --- current time step: 33 (frenet_interface.py:257)
INFO     [2025-01-30 00:03:17] --- current velocity: 8.419612297128301 (frenet_interface.py:258)
INFO     [2025-01-30 00:03:17] --- current target velocity: 9.44576122061994 (frenet_interface.py:259)
CRITICAL [2025-01-30 00:03:18] --- Scenario BEL_Antwerp-1_14_T-1 in timestep 34 (simulation.py:686)
INFO     [2025-01-30 00:03:18] --- Sampled interval of velocity: 0.00 m/s - 14.17 m/s (planner.py:310)
INFO     [2025-01-30 00:03:18] --- current time step: 34 (frenet_interface.py:280)
INFO     [2025-01-30 00:03:18] --- current velocity: 8.468323154582471 (frenet_interface.py:281)
INFO     [2025-01-30 00:03:18] --- current target velocity: 9.461856340327257 (frenet_interface.py:282)
CRITICAL [2025-01-30 00:03:19] --- Scenario BEL_Antwerp-1_14_T-1 in timestep 35 (simulation.py:686)
INFO     [2025-01-30 00:03:19] --- Sampled interval of velocity: 0.00 m/s - 14.22 m/s (planner.py:310)
INFO     [2025-01-30 00:03:19] --- current time step: 35 (frenet_interface.py:280)
INFO     [2025-01-30 00:03:19] --- current velocity: 8.521188434599543 (frenet_interface.py:281)
INFO     [2025-01-30 00:03:19] --- current target velocity: 9.477744990685707 (frenet_interface.py:282)
CRITICAL [2025-01-30 00:03:20] --- Scenario BEL_Antwerp-1_14_T-1 in timestep 36 (simulation.py:686)
INFO     [2025-01-30 00:03:20] --- Sampled interval of velocity: 0.00 m/s - 14.27 m/s (planner.py:310)
INFO     [2025-01-30 00:03:20] --- select trajectory 141 (reactive_planner_cpp.py:382)
INFO     [2025-01-30 00:03:20] --- current time step: 36 (frenet_interface.py:257)
INFO     [2025-01-30 00:03:20] --- current velocity: 8.553024733954528 (frenet_interface.py:258)
INFO     [2025-01-30 00:03:20] --- current target velocity: 9.493334735365472 (frenet_interface.py:259)
CRITICAL [2025-01-30 00:03:22] --- Scenario BEL_Antwerp-1_14_T-1 in timestep 37 (simulation.py:686)
INFO     [2025-01-30 00:03:22] --- Sampled interval of velocity: 0.00 m/s - 14.30 m/s (planner.py:310)
INFO     [2025-01-30 00:03:22] --- current time step: 37 (frenet_interface.py:280)
INFO     [2025-01-30 00:03:22] --- current velocity: 8.592467880032508 (frenet_interface.py:281)
INFO     [2025-01-30 00:03:22] --- current target velocity: 9.508757777643513 (frenet_interface.py:282)
CRITICAL [2025-01-30 00:03:23] --- Scenario BEL_Antwerp-1_14_T-1 in timestep 38 (simulation.py:686)
INFO     [2025-01-30 00:03:23] --- Sampled interval of velocity: 0.00 m/s - 14.34 m/s (planner.py:310)
INFO     [2025-01-30 00:03:23] --- current time step: 38 (frenet_interface.py:280)
INFO     [2025-01-30 00:03:23] --- current velocity: 8.637274048116108 (frenet_interface.py:281)
INFO     [2025-01-30 00:03:23] --- current target velocity: 9.524103922677854 (frenet_interface.py:282)
CRITICAL [2025-01-30 00:03:24] --- Scenario BEL_Antwerp-1_14_T-1 in timestep 39 (simulation.py:686)
INFO     [2025-01-30 00:03:24] --- Sampled interval of velocity: 0.00 m/s - 14.39 m/s (planner.py:310)
INFO     [2025-01-30 00:03:24] --- select trajectory 141 (reactive_planner_cpp.py:382)
INFO     [2025-01-30 00:03:24] --- current time step: 39 (frenet_interface.py:257)
INFO     [2025-01-30 00:03:24] --- current velocity: 8.664910503340268 (frenet_interface.py:258)
INFO     [2025-01-30 00:03:24] --- current target velocity: 9.539259979569524 (frenet_interface.py:259)
CRITICAL [2025-01-30 00:03:26] --- Scenario BEL_Antwerp-1_14_T-1 in timestep 40 (simulation.py:686)
INFO     [2025-01-30 00:03:26] --- Sampled interval of velocity: 0.00 m/s - 14.41 m/s (planner.py:310)
INFO     [2025-01-30 00:03:26] --- current time step: 40 (frenet_interface.py:280)
INFO     [2025-01-30 00:03:26] --- current velocity: 8.699568451695097 (frenet_interface.py:281)
INFO     [2025-01-30 00:03:26] --- current target velocity: 9.554323732029053 (frenet_interface.py:282)
CRITICAL [2025-01-30 00:03:27] --- Scenario BEL_Antwerp-1_14_T-1 in timestep 41 (simulation.py:686)
INFO     [2025-01-30 00:03:27] --- Sampled interval of velocity: 0.00 m/s - 14.45 m/s (planner.py:310)
INFO     [2025-01-30 00:03:27] --- current time step: 41 (frenet_interface.py:280)
INFO     [2025-01-30 00:03:27] --- current velocity: 8.739217858675177 (frenet_interface.py:281)
INFO     [2025-01-30 00:03:27] --- current target velocity: 9.569368373473957 (frenet_interface.py:282)
CRITICAL [2025-01-30 00:03:28] --- Scenario BEL_Antwerp-1_14_T-1 in timestep 42 (simulation.py:686)
INFO     [2025-01-30 00:03:28] --- Sampled interval of velocity: 0.00 m/s - 14.49 m/s (planner.py:310)
INFO     [2025-01-30 00:03:28] --- select trajectory 151 (reactive_planner_cpp.py:382)
INFO     [2025-01-30 00:03:28] --- current time step: 42 (frenet_interface.py:257)
INFO     [2025-01-30 00:03:28] --- current velocity: 8.763732285535427 (frenet_interface.py:258)
INFO     [2025-01-30 00:03:28] --- current target velocity: 9.584286514424837 (frenet_interface.py:259)
CRITICAL [2025-01-30 00:03:30] --- Scenario BEL_Antwerp-1_14_T-1 in timestep 43 (simulation.py:686)
INFO     [2025-01-30 00:03:30] --- Sampled interval of velocity: 0.00 m/s - 14.51 m/s (planner.py:310)
INFO     [2025-01-30 00:03:30] --- current time step: 43 (frenet_interface.py:280)
INFO     [2025-01-30 00:03:30] --- current velocity: 8.794593704534073 (frenet_interface.py:281)
INFO     [2025-01-30 00:03:30] --- current target velocity: 9.599169268880512 (frenet_interface.py:282)
CRITICAL [2025-01-30 00:03:31] --- Scenario BEL_Antwerp-1_14_T-1 in timestep 44 (simulation.py:686)
INFO     [2025-01-30 00:03:31] --- Sampled interval of velocity: 0.00 m/s - 14.54 m/s (planner.py:310)
INFO     [2025-01-30 00:03:31] --- current time step: 44 (frenet_interface.py:280)
INFO     [2025-01-30 00:03:31] --- current velocity: 8.829975571776282 (frenet_interface.py:281)
INFO     [2025-01-30 00:03:31] --- current target velocity: 9.614086846083236 (frenet_interface.py:282)
CRITICAL [2025-01-30 00:03:31] --- Scenario BEL_Antwerp-1_14_T-1 in timestep 45 (simulation.py:686)
INFO     [2025-01-30 00:03:32] --- Sampled interval of velocity: 0.00 m/s - 14.58 m/s (planner.py:310)
INFO     [2025-01-30 00:03:32] --- select trajectory 151 (reactive_planner_cpp.py:382)
INFO     [2025-01-30 00:03:32] --- current time step: 45 (frenet_interface.py:257)
INFO     [2025-01-30 00:03:32] --- current velocity: 8.851866927155783 (frenet_interface.py:258)
INFO     [2025-01-30 00:03:32] --- current target velocity: 9.628940634627336 (frenet_interface.py:259)
CRITICAL [2025-01-30 00:03:34] --- Scenario BEL_Antwerp-1_14_T-1 in timestep 46 (simulation.py:686)
INFO     [2025-01-30 00:03:34] --- Sampled interval of velocity: 0.00 m/s - 14.60 m/s (planner.py:310)
INFO     [2025-01-30 00:03:34] --- current time step: 46 (frenet_interface.py:280)
INFO     [2025-01-30 00:03:34] --- current velocity: 8.879420141517796 (frenet_interface.py:281)
INFO     [2025-01-30 00:03:34] --- current target velocity: 9.643819125282494 (frenet_interface.py:282)
CRITICAL [2025-01-30 00:03:35] --- Scenario BEL_Antwerp-1_14_T-1 in timestep 47 (simulation.py:686)
INFO     [2025-01-30 00:03:35] --- Sampled interval of velocity: 0.00 m/s - 14.63 m/s (planner.py:310)
INFO     [2025-01-30 00:03:35] --- current time step: 47 (frenet_interface.py:280)
INFO     [2025-01-30 00:03:35] --- current velocity: 8.911002302300128 (frenet_interface.py:281)
INFO     [2025-01-30 00:03:35] --- current target velocity: 9.658791820096846 (frenet_interface.py:282)
CRITICAL [2025-01-30 00:03:35] --- Scenario BEL_Antwerp-1_14_T-1 in timestep 48 (simulation.py:686)
INFO     [2025-01-30 00:03:36] --- Sampled interval of velocity: 0.00 m/s - 14.66 m/s (planner.py:310)
INFO     [2025-01-30 00:03:36] --- select trajectory 151 (reactive_planner_cpp.py:382)
INFO     [2025-01-30 00:03:36] --- current time step: 48 (frenet_interface.py:257)
INFO     [2025-01-30 00:03:36] --- current velocity: 8.930540872645373 (frenet_interface.py:258)
INFO     [2025-01-30 00:03:36] --- current target velocity: 9.67376924619066 (frenet_interface.py:259)
CRITICAL [2025-01-30 00:03:38] --- Scenario BEL_Antwerp-1_14_T-1 in timestep 49 (simulation.py:686)
INFO     [2025-01-30 00:03:38] --- Sampled interval of velocity: 0.00 m/s - 14.68 m/s (planner.py:310)
INFO     [2025-01-30 00:03:38] --- current time step: 49 (frenet_interface.py:280)
INFO     [2025-01-30 00:03:38] --- current velocity: 8.955133758467115 (frenet_interface.py:281)
INFO     [2025-01-30 00:03:38] --- current target velocity: 9.688838828112775 (frenet_interface.py:282)
CRITICAL [2025-01-30 00:03:38] --- Scenario BEL_Antwerp-1_14_T-1 in timestep 50 (simulation.py:686)
INFO     [2025-01-30 00:03:38] --- Sampled interval of velocity: 0.00 m/s - 14.71 m/s (planner.py:310)
INFO     [2025-01-30 00:03:38] --- current time step: 50 (frenet_interface.py:280)
INFO     [2025-01-30 00:03:38] --- current velocity: 8.983324217880549 (frenet_interface.py:281)
INFO     [2025-01-30 00:03:38] --- current target velocity: 9.704070683354606 (frenet_interface.py:282)
CRITICAL [2025-01-30 00:03:39] --- Scenario BEL_Antwerp-1_14_T-1 in timestep 51 (simulation.py:686)
INFO     [2025-01-30 00:03:40] --- Sampled interval of velocity: 0.00 m/s - 14.73 m/s (planner.py:310)
INFO     [2025-01-30 00:03:40] --- select trajectory 151 (reactive_planner_cpp.py:382)
INFO     [2025-01-30 00:03:40] --- current time step: 51 (frenet_interface.py:257)
INFO     [2025-01-30 00:03:40] --- current velocity: 9.000765251983491 (frenet_interface.py:258)
INFO     [2025-01-30 00:03:40] --- current target velocity: 9.719384840946152 (frenet_interface.py:259)
CRITICAL [2025-01-30 00:03:41] --- Scenario BEL_Antwerp-1_14_T-1 in timestep 52 (simulation.py:686)
INFO     [2025-01-30 00:03:41] --- Sampled interval of velocity: 0.00 m/s - 14.75 m/s (planner.py:310)
INFO     [2025-01-30 00:03:41] --- current time step: 52 (frenet_interface.py:280)
INFO     [2025-01-30 00:03:41] --- current velocity: 9.022717301486336 (frenet_interface.py:281)
INFO     [2025-01-30 00:03:41] --- current target velocity: 9.734869295916923 (frenet_interface.py:282)
CRITICAL [2025-01-30 00:03:42] --- Scenario BEL_Antwerp-1_14_T-1 in timestep 53 (simulation.py:686)
INFO     [2025-01-30 00:03:42] --- Sampled interval of velocity: 0.00 m/s - 14.77 m/s (planner.py:310)
INFO     [2025-01-30 00:03:42] --- current time step: 53 (frenet_interface.py:280)
INFO     [2025-01-30 00:03:42] --- current velocity: 9.047879764674002 (frenet_interface.py:281)
INFO     [2025-01-30 00:03:42] --- current target velocity: 9.750596456112591 (frenet_interface.py:282)
CRITICAL [2025-01-30 00:03:43] --- Scenario BEL_Antwerp-1_14_T-1 in timestep 54 (simulation.py:686)
INFO     [2025-01-30 00:03:43] --- Sampled interval of velocity: 0.00 m/s - 14.80 m/s (planner.py:310)
INFO     [2025-01-30 00:03:43] --- select trajectory 141 (reactive_planner_cpp.py:382)
INFO     [2025-01-30 00:03:43] --- current time step: 54 (frenet_interface.py:257)
INFO     [2025-01-30 00:03:43] --- current velocity: 9.063447061118866 (frenet_interface.py:258)
INFO     [2025-01-30 00:03:43] --- current target velocity: 9.766496705547947 (frenet_interface.py:259)
CRITICAL [2025-01-30 00:03:45] --- Scenario BEL_Antwerp-1_14_T-1 in timestep 55 (simulation.py:686)
INFO     [2025-01-30 00:03:45] --- Sampled interval of velocity: 0.00 m/s - 14.81 m/s (planner.py:310)
INFO     [2025-01-30 00:03:45] --- current time step: 55 (frenet_interface.py:280)
INFO     [2025-01-30 00:03:45] --- current velocity: 9.083040841146639 (frenet_interface.py:281)
INFO     [2025-01-30 00:03:45] --- current target velocity: 9.782660734836606 (frenet_interface.py:282)
CRITICAL [2025-01-30 00:03:46] --- Scenario BEL_Antwerp-1_14_T-1 in timestep 56 (simulation.py:686)
INFO     [2025-01-30 00:03:46] --- Sampled interval of velocity: 0.00 m/s - 14.83 m/s (planner.py:310)
INFO     [2025-01-30 00:03:46] --- current time step: 56 (frenet_interface.py:280)
INFO     [2025-01-30 00:03:46] --- current velocity: 9.10550039450195 (frenet_interface.py:281)
INFO     [2025-01-30 00:03:46] --- current target velocity: 9.799165480335043 (frenet_interface.py:282)
CRITICAL [2025-01-30 00:03:47] --- Scenario BEL_Antwerp-1_14_T-1 in timestep 57 (simulation.py:686)
INFO     [2025-01-30 00:03:47] --- Sampled interval of velocity: 0.00 m/s - 14.86 m/s (planner.py:310)
INFO     [2025-01-30 00:03:47] --- select trajectory 141 (reactive_planner_cpp.py:382)
INFO     [2025-01-30 00:03:47] --- current time step: 57 (frenet_interface.py:257)
INFO     [2025-01-30 00:03:47] --- current velocity: 9.119395557776414 (frenet_interface.py:258)
INFO     [2025-01-30 00:03:47] --- current target velocity: 9.81595322704126 (frenet_interface.py:259)
CRITICAL [2025-01-30 00:03:49] --- Scenario BEL_Antwerp-1_14_T-1 in timestep 58 (simulation.py:686)
INFO     [2025-01-30 00:03:49] --- Sampled interval of velocity: 0.00 m/s - 14.87 m/s (planner.py:310)
INFO     [2025-01-30 00:03:49] --- current time step: 58 (frenet_interface.py:280)
INFO     [2025-01-30 00:03:49] --- current velocity: 9.136884807557701 (frenet_interface.py:281)
INFO     [2025-01-30 00:03:49] --- current target velocity: 9.833120250112293 (frenet_interface.py:282)
CRITICAL [2025-01-30 00:03:50] --- Scenario BEL_Antwerp-1_14_T-1 in timestep 59 (simulation.py:686)
INFO     [2025-01-30 00:03:50] --- Sampled interval of velocity: 0.00 m/s - 14.89 m/s (planner.py:310)
INFO     [2025-01-30 00:03:50] --- current time step: 59 (frenet_interface.py:280)
INFO     [2025-01-30 00:03:50] --- current velocity: 9.156932023646913 (frenet_interface.py:281)
INFO     [2025-01-30 00:03:50] --- current target velocity: 9.850751160293008 (frenet_interface.py:282)
CRITICAL [2025-01-30 00:03:50] --- Scenario BEL_Antwerp-1_14_T-1 in timestep 60 (simulation.py:686)
INFO     [2025-01-30 00:03:51] --- Sampled interval of velocity: 0.00 m/s - 14.91 m/s (planner.py:310)
INFO     [2025-01-30 00:03:51] --- select trajectory 141 (reactive_planner_cpp.py:382)
INFO     [2025-01-30 00:03:51] --- current time step: 60 (frenet_interface.py:257)
INFO     [2025-01-30 00:03:51] --- current velocity: 9.169334728932474 (frenet_interface.py:258)
INFO     [2025-01-30 00:03:51] --- current target velocity: 9.868802769054478 (frenet_interface.py:259)
CRITICAL [2025-01-30 00:03:53] --- Scenario BEL_Antwerp-1_14_T-1 in timestep 61 (simulation.py:686)
INFO     [2025-01-30 00:03:53] --- Sampled interval of velocity: 0.00 m/s - 14.92 m/s (planner.py:310)
INFO     [2025-01-30 00:03:53] --- current time step: 61 (frenet_interface.py:280)
INFO     [2025-01-30 00:03:53] --- current velocity: 9.184945461030127 (frenet_interface.py:281)
INFO     [2025-01-30 00:03:53] --- current target velocity: 9.887381065722577 (frenet_interface.py:282)
CRITICAL [2025-01-30 00:03:53] --- Scenario BEL_Antwerp-1_14_T-1 in timestep 62 (simulation.py:686)
INFO     [2025-01-30 00:03:53] --- Sampled interval of velocity: 0.00 m/s - 14.93 m/s (planner.py:310)
INFO     [2025-01-30 00:03:53] --- current time step: 62 (frenet_interface.py:280)
INFO     [2025-01-30 00:03:53] --- current velocity: 9.202839389745604 (frenet_interface.py:281)
INFO     [2025-01-30 00:03:53] --- current target velocity: 9.90658295191205 (frenet_interface.py:282)
CRITICAL [2025-01-30 00:03:54] --- Scenario BEL_Antwerp-1_14_T-1 in timestep 63 (simulation.py:686)
INFO     [2025-01-30 00:03:54] --- Sampled interval of velocity: 0.00 m/s - 14.95 m/s (planner.py:310)
INFO     [2025-01-30 00:03:55] --- select trajectory 141 (reactive_planner_cpp.py:382)
INFO     [2025-01-30 00:03:55] --- current time step: 63 (frenet_interface.py:257)
INFO     [2025-01-30 00:03:55] --- current velocity: 9.21390989288802 (frenet_interface.py:258)
INFO     [2025-01-30 00:03:55] --- current target velocity: 9.92638412628173 (frenet_interface.py:259)
CRITICAL [2025-01-30 00:03:56] --- Scenario BEL_Antwerp-1_14_T-1 in timestep 64 (simulation.py:686)
INFO     [2025-01-30 00:03:56] --- Sampled interval of velocity: 0.00 m/s - 14.96 m/s (planner.py:310)
INFO     [2025-01-30 00:03:56] --- current time step: 64 (frenet_interface.py:280)
INFO     [2025-01-30 00:03:56] --- current velocity: 9.22784384344692 (frenet_interface.py:281)
INFO     [2025-01-30 00:03:56] --- current target velocity: 9.946906483698147 (frenet_interface.py:282)
CRITICAL [2025-01-30 00:03:57] --- Scenario BEL_Antwerp-1_14_T-1 in timestep 65 (simulation.py:686)
INFO     [2025-01-30 00:03:57] --- Sampled interval of velocity: 0.00 m/s - 14.98 m/s (planner.py:310)
INFO     [2025-01-30 00:03:57] --- current time step: 65 (frenet_interface.py:280)
INFO     [2025-01-30 00:03:57] --- current velocity: 9.243815761413785 (frenet_interface.py:281)
INFO     [2025-01-30 00:03:57] --- current target velocity: 9.968266302252205 (frenet_interface.py:282)
CRITICAL [2025-01-30 00:03:58] --- Scenario BEL_Antwerp-1_14_T-1 in timestep 66 (simulation.py:686)
INFO     [2025-01-30 00:03:58] --- Sampled interval of velocity: 0.00 m/s - 14.99 m/s (planner.py:310)
INFO     [2025-01-30 00:03:58] --- select trajectory 141 (reactive_planner_cpp.py:382)
INFO     [2025-01-30 00:03:58] --- current time step: 66 (frenet_interface.py:257)
INFO     [2025-01-30 00:03:58] --- current velocity: 9.253697169128634 (frenet_interface.py:258)
INFO     [2025-01-30 00:03:58] --- current target velocity: 9.990465450856249 (frenet_interface.py:259)
CRITICAL [2025-01-30 00:04:00] --- Scenario BEL_Antwerp-1_14_T-1 in timestep 67 (simulation.py:686)
INFO     [2025-01-30 00:04:00] --- Sampled interval of velocity: 0.00 m/s - 15.00 m/s (planner.py:310)
INFO     [2025-01-30 00:04:00] --- current time step: 67 (frenet_interface.py:280)
INFO     [2025-01-30 00:04:00] --- current velocity: 9.266134459379487 (frenet_interface.py:281)
INFO     [2025-01-30 00:04:00] --- current target velocity: 10.01365147039384 (frenet_interface.py:282)
CRITICAL [2025-01-30 00:04:00] --- Scenario BEL_Antwerp-1_14_T-1 in timestep 68 (simulation.py:686)
INFO     [2025-01-30 00:04:00] --- Sampled interval of velocity: 0.00 m/s - 15.02 m/s (planner.py:310)
INFO     [2025-01-30 00:04:00] --- current time step: 68 (frenet_interface.py:280)
INFO     [2025-01-30 00:04:00] --- current velocity: 9.28039082288509 (frenet_interface.py:281)
INFO     [2025-01-30 00:04:00] --- current target velocity: 10.037971401692714 (frenet_interface.py:282)
CRITICAL [2025-01-30 00:04:01] --- Scenario BEL_Antwerp-1_14_T-1 in timestep 69 (simulation.py:686)
INFO     [2025-01-30 00:04:02] --- Sampled interval of velocity: 0.00 m/s - 15.03 m/s (planner.py:310)
INFO     [2025-01-30 00:04:02] --- select trajectory 141 (reactive_planner_cpp.py:382)
INFO     [2025-01-30 00:04:02] --- current time step: 69 (frenet_interface.py:257)
INFO     [2025-01-30 00:04:02] --- current velocity: 9.289210886716612 (frenet_interface.py:258)
INFO     [2025-01-30 00:04:02] --- current target velocity: 10.063465720054575 (frenet_interface.py:259)
CRITICAL [2025-01-30 00:04:03] --- Scenario BEL_Antwerp-1_14_T-1 in timestep 70 (simulation.py:686)
INFO     [2025-01-30 00:04:03] --- Sampled interval of velocity: 0.00 m/s - 15.04 m/s (planner.py:310)
INFO     [2025-01-30 00:04:03] --- current time step: 70 (frenet_interface.py:280)
INFO     [2025-01-30 00:04:03] --- current velocity: 9.300312333691503 (frenet_interface.py:281)
INFO     [2025-01-30 00:04:03] --- current target velocity: 10.090323729622659 (frenet_interface.py:282)
CRITICAL [2025-01-30 00:04:04] --- Scenario BEL_Antwerp-1_14_T-1 in timestep 71 (simulation.py:686)
INFO     [2025-01-30 00:04:04] --- Sampled interval of velocity: 0.00 m/s - 15.05 m/s (planner.py:310)
INFO     [2025-01-30 00:04:04] --- current time step: 71 (frenet_interface.py:280)
INFO     [2025-01-30 00:04:04] --- current velocity: 9.313037469806238 (frenet_interface.py:281)
INFO     [2025-01-30 00:04:04] --- current target velocity: 10.11874247047339 (frenet_interface.py:282)
CRITICAL [2025-01-30 00:04:05] --- Scenario BEL_Antwerp-1_14_T-1 in timestep 72 (simulation.py:686)
INFO     [2025-01-30 00:04:05] --- Sampled interval of velocity: 0.00 m/s - 15.06 m/s (planner.py:310)
INFO     [2025-01-30 00:04:05] --- select trajectory 761 (reactive_planner_cpp.py:382)
INFO     [2025-01-30 00:04:05] --- current time step: 72 (frenet_interface.py:257)
INFO     [2025-01-30 00:04:05] --- current velocity: 9.325727800749895 (frenet_interface.py:258)
INFO     [2025-01-30 00:04:05] --- current target velocity: 10.148823041730434 (frenet_interface.py:259)
CRITICAL [2025-01-30 00:04:07] --- Scenario BEL_Antwerp-1_14_T-1 in timestep 73 (simulation.py:686)
INFO     [2025-01-30 00:04:07] --- Sampled interval of velocity: 0.00 m/s - 15.08 m/s (planner.py:310)
INFO     [2025-01-30 00:04:07] --- current time step: 73 (frenet_interface.py:280)
INFO     [2025-01-30 00:04:07] --- current velocity: 9.349922596553869 (frenet_interface.py:281)
INFO     [2025-01-30 00:04:07] --- current target velocity: 10.180762811104819 (frenet_interface.py:282)
CRITICAL [2025-01-30 00:04:08] --- Scenario BEL_Antwerp-1_14_T-1 in timestep 74 (simulation.py:686)
INFO     [2025-01-30 00:04:08] --- Sampled interval of velocity: 0.00 m/s - 15.10 m/s (planner.py:310)
INFO     [2025-01-30 00:04:08] --- current time step: 74 (frenet_interface.py:280)
INFO     [2025-01-30 00:04:08] --- current velocity: 9.384784256252082 (frenet_interface.py:281)
INFO     [2025-01-30 00:04:08] --- current target velocity: 10.214517268370304 (frenet_interface.py:282)
CRITICAL [2025-01-30 00:04:08] --- Scenario BEL_Antwerp-1_14_T-1 in timestep 75 (simulation.py:686)
INFO     [2025-01-30 00:04:09] --- Sampled interval of velocity: 0.00 m/s - 15.13 m/s (planner.py:310)
INFO     [2025-01-30 00:04:09] --- select trajectory 761 (reactive_planner_cpp.py:382)
INFO     [2025-01-30 00:04:09] --- current time step: 75 (frenet_interface.py:257)
INFO     [2025-01-30 00:04:09] --- current velocity: 9.409843349164673 (frenet_interface.py:258)
INFO     [2025-01-30 00:04:09] --- current target velocity: 10.249851345968633 (frenet_interface.py:259)
CRITICAL [2025-01-30 00:04:10] --- Scenario BEL_Antwerp-1_14_T-1 in timestep 76 (simulation.py:686)
INFO     [2025-01-30 00:04:10] --- Sampled interval of velocity: 0.00 m/s - 15.16 m/s (planner.py:310)
INFO     [2025-01-30 00:04:10] --- current time step: 76 (frenet_interface.py:280)
INFO     [2025-01-30 00:04:10] --- current velocity: 9.444610774646298 (frenet_interface.py:281)
INFO     [2025-01-30 00:04:10] --- current target velocity: 10.286954713187438 (frenet_interface.py:282)
CRITICAL [2025-01-30 00:04:11] --- Scenario BEL_Antwerp-1_14_T-1 in timestep 77 (simulation.py:686)
INFO     [2025-01-30 00:04:11] --- Sampled interval of velocity: 0.00 m/s - 15.19 m/s (planner.py:310)
INFO     [2025-01-30 00:04:11] --- current time step: 77 (frenet_interface.py:280)
INFO     [2025-01-30 00:04:11] --- current velocity: 9.488345565034729 (frenet_interface.py:281)
INFO     [2025-01-30 00:04:11] --- current target velocity: 10.326068612869873 (frenet_interface.py:282)
CRITICAL [2025-01-30 00:04:12] --- Scenario BEL_Antwerp-1_14_T-1 in timestep 78 (simulation.py:686)
INFO     [2025-01-30 00:04:12] --- Sampled interval of velocity: 0.00 m/s - 15.24 m/s (planner.py:310)
INFO     [2025-01-30 00:04:12] --- select trajectory 761 (reactive_planner_cpp.py:382)
INFO     [2025-01-30 00:04:12] --- current time step: 78 (frenet_interface.py:257)
INFO     [2025-01-30 00:04:12] --- current velocity: 9.517084034680215 (frenet_interface.py:258)
INFO     [2025-01-30 00:04:12] --- current target velocity: 10.367035604765384 (frenet_interface.py:259)
CRITICAL [2025-01-30 00:04:14] --- Scenario BEL_Antwerp-1_14_T-1 in timestep 79 (simulation.py:686)
INFO     [2025-01-30 00:04:14] --- Sampled interval of velocity: 0.00 m/s - 15.27 m/s (planner.py:310)
INFO     [2025-01-30 00:04:14] --- current time step: 79 (frenet_interface.py:280)
INFO     [2025-01-30 00:04:14] --- current velocity: 9.554859556542274 (frenet_interface.py:281)
INFO     [2025-01-30 00:04:14] --- current target velocity: 10.410290762132085 (frenet_interface.py:282)
CRITICAL [2025-01-30 00:04:14] --- Scenario BEL_Antwerp-1_14_T-1 in timestep 80 (simulation.py:686)
INFO     [2025-01-30 00:04:14] --- Sampled interval of velocity: 0.00 m/s - 15.30 m/s (planner.py:310)
INFO     [2025-01-30 00:04:14] --- current time step: 80 (frenet_interface.py:280)
INFO     [2025-01-30 00:04:14] --- current velocity: 9.600969523383903 (frenet_interface.py:281)
INFO     [2025-01-30 00:04:14] --- current target velocity: 10.456345644358175 (frenet_interface.py:282)
CRITICAL [2025-01-30 00:04:15] --- Scenario BEL_Antwerp-1_14_T-1 in timestep 81 (simulation.py:686)
INFO     [2025-01-30 00:04:16] --- Sampled interval of velocity: 0.00 m/s - 15.35 m/s (planner.py:310)
INFO     [2025-01-30 00:04:16] --- select trajectory 761 (reactive_planner_cpp.py:382)
INFO     [2025-01-30 00:04:16] --- current time step: 81 (frenet_interface.py:257)
INFO     [2025-01-30 00:04:16] --- current velocity: 9.630584094759007 (frenet_interface.py:258)
INFO     [2025-01-30 00:04:16] --- current target velocity: 10.505184331135437 (frenet_interface.py:259)
CRITICAL [2025-01-30 00:04:17] --- Scenario BEL_Antwerp-1_14_T-1 in timestep 82 (simulation.py:686)
INFO     [2025-01-30 00:04:17] --- Sampled interval of velocity: 0.00 m/s - 15.38 m/s (planner.py:310)
INFO     [2025-01-30 00:04:17] --- current time step: 82 (frenet_interface.py:280)
INFO     [2025-01-30 00:04:17] --- current velocity: 9.668929330988197 (frenet_interface.py:281)
INFO     [2025-01-30 00:04:17] --- current target velocity: 10.557546893741854 (frenet_interface.py:282)
CRITICAL [2025-01-30 00:04:18] --- Scenario BEL_Antwerp-1_14_T-1 in timestep 83 (simulation.py:686)
INFO     [2025-01-30 00:04:18] --- Sampled interval of velocity: 0.00 m/s - 15.42 m/s (planner.py:310)
INFO     [2025-01-30 00:04:18] --- current time step: 83 (frenet_interface.py:280)
INFO     [2025-01-30 00:04:18] --- current velocity: 9.715322026223456 (frenet_interface.py:281)
INFO     [2025-01-30 00:04:18] --- current target velocity: 10.614327476387544 (frenet_interface.py:282)
CRITICAL [2025-01-30 00:04:19] --- Scenario BEL_Antwerp-1_14_T-1 in timestep 84 (simulation.py:686)
INFO     [2025-01-30 00:04:19] --- Sampled interval of velocity: 0.00 m/s - 15.47 m/s (planner.py:310)
INFO     [2025-01-30 00:04:19] --- select trajectory 761 (reactive_planner_cpp.py:382)
INFO     [2025-01-30 00:04:19] --- current time step: 84 (frenet_interface.py:257)
INFO     [2025-01-30 00:04:19] --- current velocity: 9.744911475461436 (frenet_interface.py:258)
INFO     [2025-01-30 00:04:19] --- current target velocity: 10.675850412205156 (frenet_interface.py:259)
CRITICAL [2025-01-30 00:04:21] --- Scenario BEL_Antwerp-1_14_T-1 in timestep 85 (simulation.py:686)
INFO     [2025-01-30 00:04:21] --- Sampled interval of velocity: 0.00 m/s - 15.49 m/s (planner.py:310)
INFO     [2025-01-30 00:04:21] --- current time step: 85 (frenet_interface.py:280)
INFO     [2025-01-30 00:04:21] --- current velocity: 9.783044450296684 (frenet_interface.py:281)
INFO     [2025-01-30 00:04:21] --- current target velocity: 10.743455672230269 (frenet_interface.py:282)
CRITICAL [2025-01-30 00:04:21] --- Scenario BEL_Antwerp-1_14_T-1 in timestep 86 (simulation.py:686)
INFO     [2025-01-30 00:04:21] --- Sampled interval of velocity: 0.00 m/s - 15.53 m/s (planner.py:310)
INFO     [2025-01-30 00:04:21] --- current time step: 86 (frenet_interface.py:280)
INFO     [2025-01-30 00:04:21] --- current velocity: 9.829050961229592 (frenet_interface.py:281)
INFO     [2025-01-30 00:04:21] --- current target velocity: 10.818852737402475 (frenet_interface.py:282)
CRITICAL [2025-01-30 00:04:22] --- Scenario BEL_Antwerp-1_14_T-1 in timestep 87 (simulation.py:686)
INFO     [2025-01-30 00:04:23] --- Sampled interval of velocity: 0.00 m/s - 15.58 m/s (planner.py:310)
INFO     [2025-01-30 00:04:23] --- select trajectory 761 (reactive_planner_cpp.py:382)
INFO     [2025-01-30 00:04:23] --- current time step: 87 (frenet_interface.py:257)
INFO     [2025-01-30 00:04:23] --- current velocity: 9.858328727070356 (frenet_interface.py:258)
INFO     [2025-01-30 00:04:23] --- current target velocity: 10.903305513212421 (frenet_interface.py:259)
CRITICAL [2025-01-30 00:04:24] --- Scenario BEL_Antwerp-1_14_T-1 in timestep 88 (simulation.py:686)
INFO     [2025-01-30 00:04:24] --- Sampled interval of velocity: 0.00 m/s - 15.61 m/s (planner.py:310)
INFO     [2025-01-30 00:04:24] --- current time step: 88 (frenet_interface.py:280)
INFO     [2025-01-30 00:04:24] --- current velocity: 9.896002829236801 (frenet_interface.py:281)
INFO     [2025-01-30 00:04:24] --- current target velocity: 10.999700317993947 (frenet_interface.py:282)
CRITICAL [2025-01-30 00:04:25] --- Scenario BEL_Antwerp-1_14_T-1 in timestep 89 (simulation.py:686)
INFO     [2025-01-30 00:04:25] --- Sampled interval of velocity: 0.00 m/s - 15.65 m/s (planner.py:310)
INFO     [2025-01-30 00:04:25] --- current time step: 89 (frenet_interface.py:280)
INFO     [2025-01-30 00:04:25] --- current velocity: 9.941414342323371 (frenet_interface.py:281)
INFO     [2025-01-30 00:04:25] --- current target velocity: 11.112020997016415 (frenet_interface.py:282)
CRITICAL [2025-01-30 00:04:26] --- Scenario BEL_Antwerp-1_14_T-1 in timestep 90 (simulation.py:686)
INFO     [2025-01-30 00:04:26] --- Sampled interval of velocity: 0.00 m/s - 15.69 m/s (planner.py:310)
INFO     [2025-01-30 00:04:26] --- select trajectory 461 (reactive_planner_cpp.py:382)
INFO     [2025-01-30 00:04:26] --- current time step: 90 (frenet_interface.py:257)
INFO     [2025-01-30 00:04:26] --- current velocity: 9.989203894890581 (frenet_interface.py:258)
INFO     [2025-01-30 00:04:26] --- current target velocity: 11.244679857449821 (frenet_interface.py:259)
CRITICAL [2025-01-30 00:04:28] --- Scenario BEL_Antwerp-1_14_T-1 in timestep 91 (simulation.py:686)
INFO     [2025-01-30 00:04:28] --- Sampled interval of velocity: 0.00 m/s - 15.74 m/s (planner.py:310)
INFO     [2025-01-30 00:04:28] --- current time step: 91 (frenet_interface.py:280)
INFO     [2025-01-30 00:04:28] --- current velocity: 10.078684898024745 (frenet_interface.py:281)
INFO     [2025-01-30 00:04:28] --- current target velocity: 11.405073198528548 (frenet_interface.py:282)
CRITICAL [2025-01-30 00:04:28] --- Scenario BEL_Antwerp-1_14_T-1 in timestep 92 (simulation.py:686)
INFO     [2025-01-30 00:04:28] --- Sampled interval of velocity: 0.00 m/s - 15.83 m/s (planner.py:310)
INFO     [2025-01-30 00:04:28] --- current time step: 92 (frenet_interface.py:280)
INFO     [2025-01-30 00:04:28] --- current velocity: 10.202616743778089 (frenet_interface.py:281)
INFO     [2025-01-30 00:04:28] --- current target velocity: 11.6014019723697 (frenet_interface.py:282)
CRITICAL [2025-01-30 00:04:29] --- Scenario BEL_Antwerp-1_14_T-1 in timestep 93 (simulation.py:686)
INFO     [2025-01-30 00:04:30] --- Sampled interval of velocity: 0.00 m/s - 15.95 m/s (planner.py:310)
INFO     [2025-01-30 00:04:30] --- marking trajectory 180 invalid: s=154.14050621324844 is out of bounds (FillCoordinates.cpp:129)
INFO     [2025-01-30 00:04:30] --- marking trajectory 181 invalid: s=154.14050621324844 is out of bounds (FillCoordinates.cpp:129)
INFO     [2025-01-30 00:04:30] --- marking trajectory 182 invalid: s=154.14050621324844 is out of bounds (FillCoordinates.cpp:129)
INFO     [2025-01-30 00:04:30] --- marking trajectory 183 invalid: s=154.14050621324844 is out of bounds (FillCoordinates.cpp:129)
INFO     [2025-01-30 00:04:30] --- marking trajectory 184 invalid: s=154.14050621324844 is out of bounds (FillCoordinates.cpp:129)
INFO     [2025-01-30 00:04:30] --- marking trajectory 185 invalid: s=154.14050621324844 is out of bounds (FillCoordinates.cpp:129)
INFO     [2025-01-30 00:04:30] --- marking trajectory 186 invalid: s=154.14050621324844 is out of bounds (FillCoordinates.cpp:129)
INFO     [2025-01-30 00:04:30] --- marking trajectory 187 invalid: s=154.14050621324844 is out of bounds (FillCoordinates.cpp:129)
INFO     [2025-01-30 00:04:30] --- marking trajectory 188 invalid: s=154.14050621324844 is out of bounds (FillCoordinates.cpp:129)
INFO     [2025-01-30 00:04:30] --- marking trajectory 189 invalid: s=154.14050621324844 is out of bounds (FillCoordinates.cpp:129)
INFO     [2025-01-30 00:04:30] --- select trajectory 161 (reactive_planner_cpp.py:382)
INFO     [2025-01-30 00:04:30] --- current time step: 93 (frenet_interface.py:257)
INFO     [2025-01-30 00:04:30] --- current velocity: 10.300989408909215 (frenet_interface.py:258)
INFO     [2025-01-30 00:04:30] --- current target velocity: 11.845288703580223 (frenet_interface.py:259)
CRITICAL [2025-01-30 00:04:31] --- Scenario BEL_Antwerp-1_14_T-1 in timestep 94 (simulation.py:686)
INFO     [2025-01-30 00:04:31] --- Sampled interval of velocity: 0.00 m/s - 16.05 m/s (planner.py:310)
INFO     [2025-01-30 00:04:31] --- current time step: 94 (frenet_interface.py:280)
INFO     [2025-01-30 00:04:31] --- current velocity: 10.449065854351744 (frenet_interface.py:281)
INFO     [2025-01-30 00:04:31] --- current target velocity: 10.300989408909215 (frenet_interface.py:282)
CRITICAL [2025-01-30 00:04:32] --- Scenario BEL_Antwerp-1_14_T-1 in timestep 95 (simulation.py:686)
INFO     [2025-01-30 00:04:32] --- Sampled interval of velocity: 0.00 m/s - 16.20 m/s (planner.py:310)
INFO     [2025-01-30 00:04:32] --- current time step: 95 (frenet_interface.py:280)
INFO     [2025-01-30 00:04:32] --- current velocity: 10.634399347234238 (frenet_interface.py:281)
INFO     [2025-01-30 00:04:32] --- current target velocity: 10.449065854351744 (frenet_interface.py:282)
CRITICAL [2025-01-30 00:04:33] --- Scenario BEL_Antwerp-1_14_T-1 in timestep 96 (simulation.py:686)
INFO     [2025-01-30 00:04:33] --- Sampled interval of velocity: 0.00 m/s - 16.38 m/s (planner.py:310)
INFO     [2025-01-30 00:04:33] --- marking trajectory 177 invalid: s=153.56499644453973 is out of bounds (FillCoordinates.cpp:129)
INFO     [2025-01-30 00:04:33] --- marking trajectory 282 invalid: s=154.58875529883656 is out of bounds (FillCoordinates.cpp:129)
INFO     [2025-01-30 00:04:33] --- marking trajectory 283 invalid: s=154.58875529883656 is out of bounds (FillCoordinates.cpp:129)
INFO     [2025-01-30 00:04:33] --- marking trajectory 280 invalid: s=154.58875529883656 is out of bounds (FillCoordinates.cpp:129)
INFO     [2025-01-30 00:04:33] --- marking trajectory 281 invalid: s=154.58875529883656 is out of bounds (FillCoordinates.cpp:129)
INFO     [2025-01-30 00:04:33] --- marking trajectory 781 invalid: s=153.76847254443368 is out of bounds (FillCoordinates.cpp:129)
INFO     [2025-01-30 00:04:33] --- marking trajectory 782 invalid: s=153.76847254443368 is out of bounds (FillCoordinates.cpp:129)
INFO     [2025-01-30 00:04:33] --- marking trajectory 783 invalid: s=153.76847254443368 is out of bounds (FillCoordinates.cpp:129)
INFO     [2025-01-30 00:04:33] --- marking trajectory 784 invalid: s=153.76847254443368 is out of bounds (FillCoordinates.cpp:129)
INFO     [2025-01-30 00:04:33] --- marking trajectory 785 invalid: s=153.76847254443368 is out of bounds (FillCoordinates.cpp:129)
INFO     [2025-01-30 00:04:33] --- marking trajectory 786 invalid: s=153.76847254443368 is out of bounds (FillCoordinates.cpp:129)
INFO     [2025-01-30 00:04:33] --- marking trajectory 178 invalid: s=153.56499644453973 is out of bounds (FillCoordinates.cpp:129)
INFO     [2025-01-30 00:04:33] --- marking trajectory 179 invalid: s=153.56499644453973 is out of bounds (FillCoordinates.cpp:129)
INFO     [2025-01-30 00:04:33] --- marking trajectory 180 invalid: s=153.66709269045964 is out of bounds (FillCoordinates.cpp:129)
INFO     [2025-01-30 00:04:33] --- marking trajectory 181 invalid: s=153.66709269045964 is out of bounds (FillCoordinates.cpp:129)
INFO     [2025-01-30 00:04:33] --- marking trajectory 182 invalid: s=153.66709269045964 is out of bounds (FillCoordinates.cpp:129)
INFO     [2025-01-30 00:04:33] --- marking trajectory 183 invalid: s=153.66709269045964 is out of bounds (FillCoordinates.cpp:129)
INFO     [2025-01-30 00:04:33] --- marking trajectory 184 invalid: s=153.66709269045964 is out of bounds (FillCoordinates.cpp:129)
INFO     [2025-01-30 00:04:33] --- marking trajectory 185 invalid: s=153.66709269045964 is out of bounds (FillCoordinates.cpp:129)
INFO     [2025-01-30 00:04:33] --- marking trajectory 170 invalid: s=153.56499644453973 is out of bounds (FillCoordinates.cpp:129)
INFO     [2025-01-30 00:04:33] --- marking trajectory 382 invalid: s=153.81532207291363 is out of bounds (FillCoordinates.cpp:129)
INFO     [2025-01-30 00:04:33] --- marking trajectory 383 invalid: s=153.81532207291363 is out of bounds (FillCoordinates.cpp:129)
INFO     [2025-01-30 00:04:33] --- marking trajectory 384 invalid: s=153.81532207291363 is out of bounds (FillCoordinates.cpp:129)
INFO     [2025-01-30 00:04:33] --- marking trajectory 385 invalid: s=153.81532207291363 is out of bounds (FillCoordinates.cpp:129)
INFO     [2025-01-30 00:04:33] --- marking trajectory 386 invalid: s=153.81532207291363 is out of bounds (FillCoordinates.cpp:129)
INFO     [2025-01-30 00:04:33] --- marking trajectory 580 invalid: s=154.7319803090868 is out of bounds (FillCoordinates.cpp:129)
INFO     [2025-01-30 00:04:33] --- marking trajectory 787 invalid: s=153.76847254443368 is out of bounds (FillCoordinates.cpp:129)
INFO     [2025-01-30 00:04:33] --- marking trajectory 788 invalid: s=153.76847254443368 is out of bounds (FillCoordinates.cpp:129)
INFO     [2025-01-30 00:04:33] --- marking trajectory 685 invalid: s=154.00406917556944 is out of bounds (FillCoordinates.cpp:129)
INFO     [2025-01-30 00:04:33] --- marking trajectory 686 invalid: s=154.00406917556944 is out of bounds (FillCoordinates.cpp:129)
INFO     [2025-01-30 00:04:33] --- marking trajectory 687 invalid: s=154.00406917556944 is out of bounds (FillCoordinates.cpp:129)
INFO     [2025-01-30 00:04:33] --- marking trajectory 80 invalid: s=153.72040180122187 is out of bounds (FillCoordinates.cpp:129)
INFO     [2025-01-30 00:04:33] --- marking trajectory 81 invalid: s=153.72040180122187 is out of bounds (FillCoordinates.cpp:129)
INFO     [2025-01-30 00:04:33] --- marking trajectory 82 invalid: s=153.72040180122187 is out of bounds (FillCoordinates.cpp:129)
INFO     [2025-01-30 00:04:33] --- marking trajectory 83 invalid: s=153.72040180122187 is out of bounds (FillCoordinates.cpp:129)
INFO     [2025-01-30 00:04:33] --- marking trajectory 84 invalid: s=153.72040180122187 is out of bounds (FillCoordinates.cpp:129)
INFO     [2025-01-30 00:04:33] --- marking trajectory 85 invalid: s=153.72040180122187 is out of bounds (FillCoordinates.cpp:129)
INFO     [2025-01-30 00:04:33] --- marking trajectory 86 invalid: s=153.72040180122187 is out of bounds (FillCoordinates.cpp:129)
INFO     [2025-01-30 00:04:33] --- marking trajectory 87 invalid: s=153.72040180122187 is out of bounds (FillCoordinates.cpp:129)
INFO     [2025-01-30 00:04:33] --- marking trajectory 88 invalid: s=153.72040180122187 is out of bounds (FillCoordinates.cpp:129)
INFO     [2025-01-30 00:04:33] --- marking trajectory 89 invalid: s=153.72040180122187 is out of bounds (FillCoordinates.cpp:129)
INFO     [2025-01-30 00:04:33] --- marking trajectory 581 invalid: s=154.7319803090868 is out of bounds (FillCoordinates.cpp:129)
INFO     [2025-01-30 00:04:33] --- marking trajectory 582 invalid: s=154.7319803090868 is out of bounds (FillCoordinates.cpp:129)
INFO     [2025-01-30 00:04:33] --- marking trajectory 789 invalid: s=153.76847254443368 is out of bounds (FillCoordinates.cpp:129)
INFO     [2025-01-30 00:04:33] --- marking trajectory 680 invalid: s=154.00406917556944 is out of bounds (FillCoordinates.cpp:129)
INFO     [2025-01-30 00:04:33] --- marking trajectory 688 invalid: s=154.00406917556944 is out of bounds (FillCoordinates.cpp:129)
INFO     [2025-01-30 00:04:33] --- marking trajectory 284 invalid: s=154.58875529883656 is out of bounds (FillCoordinates.cpp:129)
INFO     [2025-01-30 00:04:33] --- marking trajectory 780 invalid: s=153.76847254443368 is out of bounds (FillCoordinates.cpp:129)
INFO     [2025-01-30 00:04:33] --- marking trajectory 186 invalid: s=153.66709269045964 is out of bounds (FillCoordinates.cpp:129)
INFO     [2025-01-30 00:04:33] --- marking trajectory 171 invalid: s=153.56499644453973 is out of bounds (FillCoordinates.cpp:129)
INFO     [2025-01-30 00:04:33] --- marking trajectory 380 invalid: s=153.81532207291363 is out of bounds (FillCoordinates.cpp:129)
INFO     [2025-01-30 00:04:33] --- marking trajectory 482 invalid: s=154.39228881115406 is out of bounds (FillCoordinates.cpp:129)
INFO     [2025-01-30 00:04:33] --- marking trajectory 480 invalid: s=154.39228881115406 is out of bounds (FillCoordinates.cpp:129)
INFO     [2025-01-30 00:04:33] --- marking trajectory 584 invalid: s=154.7319803090868 is out of bounds (FillCoordinates.cpp:129)
INFO     [2025-01-30 00:04:33] --- marking trajectory 387 invalid: s=153.81532207291363 is out of bounds (FillCoordinates.cpp:129)
INFO     [2025-01-30 00:04:33] --- marking trajectory 682 invalid: s=154.00406917556944 is out of bounds (FillCoordinates.cpp:129)
INFO     [2025-01-30 00:04:33] --- marking trajectory 583 invalid: s=154.7319803090868 is out of bounds (FillCoordinates.cpp:129)
INFO     [2025-01-30 00:04:33] --- marking trajectory 681 invalid: s=154.00406917556944 is out of bounds (FillCoordinates.cpp:129)
INFO     [2025-01-30 00:04:33] --- marking trajectory 689 invalid: s=154.00406917556944 is out of bounds (FillCoordinates.cpp:129)
INFO     [2025-01-30 00:04:33] --- marking trajectory 285 invalid: s=154.58875529883656 is out of bounds (FillCoordinates.cpp:129)
INFO     [2025-01-30 00:04:33] --- marking trajectory 187 invalid: s=153.66709269045964 is out of bounds (FillCoordinates.cpp:129)
INFO     [2025-01-30 00:04:33] --- marking trajectory 172 invalid: s=153.56499644453973 is out of bounds (FillCoordinates.cpp:129)
INFO     [2025-01-30 00:04:33] --- marking trajectory 381 invalid: s=153.81532207291363 is out of bounds (FillCoordinates.cpp:129)
INFO     [2025-01-30 00:04:33] --- marking trajectory 483 invalid: s=154.39228881115406 is out of bounds (FillCoordinates.cpp:129)
INFO     [2025-01-30 00:04:33] --- marking trajectory 481 invalid: s=154.39228881115406 is out of bounds (FillCoordinates.cpp:129)
INFO     [2025-01-30 00:04:33] --- marking trajectory 585 invalid: s=154.7319803090868 is out of bounds (FillCoordinates.cpp:129)
INFO     [2025-01-30 00:04:33] --- marking trajectory 388 invalid: s=153.81532207291363 is out of bounds (FillCoordinates.cpp:129)
INFO     [2025-01-30 00:04:33] --- marking trajectory 683 invalid: s=154.00406917556944 is out of bounds (FillCoordinates.cpp:129)
INFO     [2025-01-30 00:04:33] --- marking trajectory 286 invalid: s=154.58875529883656 is out of bounds (FillCoordinates.cpp:129)
INFO     [2025-01-30 00:04:33] --- marking trajectory 188 invalid: s=153.66709269045964 is out of bounds (FillCoordinates.cpp:129)
INFO     [2025-01-30 00:04:33] --- marking trajectory 173 invalid: s=153.56499644453973 is out of bounds (FillCoordinates.cpp:129)
INFO     [2025-01-30 00:04:33] --- marking trajectory 484 invalid: s=154.39228881115406 is out of bounds (FillCoordinates.cpp:129)
INFO     [2025-01-30 00:04:33] --- marking trajectory 586 invalid: s=154.7319803090868 is out of bounds (FillCoordinates.cpp:129)
INFO     [2025-01-30 00:04:33] --- marking trajectory 389 invalid: s=153.81532207291363 is out of bounds (FillCoordinates.cpp:129)
INFO     [2025-01-30 00:04:33] --- marking trajectory 684 invalid: s=154.00406917556944 is out of bounds (FillCoordinates.cpp:129)
INFO     [2025-01-30 00:04:33] --- marking trajectory 287 invalid: s=154.58875529883656 is out of bounds (FillCoordinates.cpp:129)
INFO     [2025-01-30 00:04:33] --- marking trajectory 288 invalid: s=154.58875529883656 is out of bounds (FillCoordinates.cpp:129)
INFO     [2025-01-30 00:04:33] --- marking trajectory 289 invalid: s=154.58875529883656 is out of bounds (FillCoordinates.cpp:129)
INFO     [2025-01-30 00:04:33] --- marking trajectory 485 invalid: s=154.39228881115406 is out of bounds (FillCoordinates.cpp:129)
INFO     [2025-01-30 00:04:33] --- marking trajectory 486 invalid: s=154.39228881115406 is out of bounds (FillCoordinates.cpp:129)
INFO     [2025-01-30 00:04:33] --- marking trajectory 487 invalid: s=154.39228881115406 is out of bounds (FillCoordinates.cpp:129)
INFO     [2025-01-30 00:04:33] --- marking trajectory 488 invalid: s=154.39228881115406 is out of bounds (FillCoordinates.cpp:129)
INFO     [2025-01-30 00:04:33] --- marking trajectory 587 invalid: s=154.7319803090868 is out of bounds (FillCoordinates.cpp:129)
INFO     [2025-01-30 00:04:33] --- marking trajectory 588 invalid: s=154.7319803090868 is out of bounds (FillCoordinates.cpp:129)
INFO     [2025-01-30 00:04:33] --- marking trajectory 589 invalid: s=154.7319803090868 is out of bounds (FillCoordinates.cpp:129)
INFO     [2025-01-30 00:04:33] --- marking trajectory 489 invalid: s=154.39228881115406 is out of bounds (FillCoordinates.cpp:129)
INFO     [2025-01-30 00:04:33] --- marking trajectory 189 invalid: s=153.66709269045964 is out of bounds (FillCoordinates.cpp:129)
INFO     [2025-01-30 00:04:33] --- marking trajectory 174 invalid: s=153.56499644453973 is out of bounds (FillCoordinates.cpp:129)
INFO     [2025-01-30 00:04:33] --- marking trajectory 175 invalid: s=153.56499644453973 is out of bounds (FillCoordinates.cpp:129)
INFO     [2025-01-30 00:04:33] --- marking trajectory 176 invalid: s=153.56499644453973 is out of bounds (FillCoordinates.cpp:129)
INFO     [2025-01-30 00:04:33] --- select trajectory 151 (reactive_planner_cpp.py:382)
INFO     [2025-01-30 00:04:33] --- current time step: 96 (frenet_interface.py:257)
INFO     [2025-01-30 00:04:33] --- current velocity: 10.716966744857782 (frenet_interface.py:258)
INFO     [2025-01-30 00:04:33] --- current target velocity: 10.634399347234238 (frenet_interface.py:259)
CRITICAL [2025-01-30 00:04:35] --- Scenario BEL_Antwerp-1_14_T-1 in timestep 97 (simulation.py:686)
INFO     [2025-01-30 00:04:35] --- Sampled interval of velocity: 0.00 m/s - 16.47 m/s (planner.py:310)
INFO     [2025-01-30 00:04:35] --- current time step: 97 (frenet_interface.py:280)
INFO     [2025-01-30 00:04:35] --- current velocity: 10.768158532670572 (frenet_interface.py:281)
INFO     [2025-01-30 00:04:35] --- current target velocity: 10.716966744857782 (frenet_interface.py:282)
CRITICAL [2025-01-30 00:04:36] --- Scenario BEL_Antwerp-1_14_T-1 in timestep 98 (simulation.py:686)
INFO     [2025-01-30 00:04:36] --- Sampled interval of velocity: 0.00 m/s - 16.52 m/s (planner.py:310)
INFO     [2025-01-30 00:04:36] --- current time step: 98 (frenet_interface.py:280)
INFO     [2025-01-30 00:04:36] --- current velocity: 10.792928752987622 (frenet_interface.py:281)
INFO     [2025-01-30 00:04:36] --- current target velocity: 10.768158532670572 (frenet_interface.py:282)
CRITICAL [2025-01-30 00:04:36] --- Scenario BEL_Antwerp-1_14_T-1 in timestep 99 (simulation.py:686)
CRITICAL [2025-01-30 00:04:37] --- Simulation completed (simulation.py:516)
