CRITICAL [2025-01-12 11:42:49] --- Start Planner Vehicle ID: 16 (frenet_interface.py:67)
INFO     [2025-01-12 11:42:50] --- Sampled interval of velocity: 0.00 m/s - 16.53 m/s (planner.py:310)
INFO     [2025-01-12 11:42:50] --- select trajectory 121 (reactive_planner_cpp.py:382)
INFO     [2025-01-12 11:42:50] --- current time step: 0 (frenet_interface.py:257)
INFO     [2025-01-12 11:42:50] --- current velocity: 10.626622945946597 (frenet_interface.py:258)
INFO     [2025-01-12 11:42:50] --- current target velocity: 5.7834 (frenet_interface.py:259)
INFO     [2025-01-12 11:42:52] --- Sampled interval of velocity: 0.00 m/s - 16.38 m/s (planner.py:310)
INFO     [2025-01-12 11:42:52] --- current time step: 1 (frenet_interface.py:280)
INFO     [2025-01-12 11:42:52] --- current velocity: 10.302934842395137 (frenet_interface.py:281)
INFO     [2025-01-12 11:42:52] --- current target velocity: 5.626622945946597 (frenet_interface.py:282)
INFO     [2025-01-12 11:42:52] --- Sampled interval of velocity: 0.00 m/s - 16.05 m/s (planner.py:310)
INFO     [2025-01-12 11:42:52] --- current time step: 2 (frenet_interface.py:280)
INFO     [2025-01-12 11:42:52] --- current velocity: 9.85065028952574 (frenet_interface.py:281)
INFO     [2025-01-12 11:42:52] --- current target velocity: 5.302934842395137 (frenet_interface.py:282)
INFO     [2025-01-12 11:42:53] --- Sampled interval of velocity: 0.00 m/s - 15.60 m/s (planner.py:310)
INFO     [2025-01-12 11:42:53] --- select trajectory 111 (reactive_planner_cpp.py:382)
INFO     [2025-01-12 11:42:53] --- current time step: 3 (frenet_interface.py:257)
INFO     [2025-01-12 11:42:53] --- current velocity: 9.503889914278135 (frenet_interface.py:258)
INFO     [2025-01-12 11:42:53] --- current target velocity: 4.85065028952574 (frenet_interface.py:259)
INFO     [2025-01-12 11:42:54] --- Sampled interval of velocity: 0.00 m/s - 15.25 m/s (planner.py:310)
INFO     [2025-01-12 11:42:54] --- current time step: 4 (frenet_interface.py:280)
INFO     [2025-01-12 11:42:54] --- current velocity: 8.994853605366352 (frenet_interface.py:281)
INFO     [2025-01-12 11:42:54] --- current target velocity: 4.503889914278135 (frenet_interface.py:282)
INFO     [2025-01-12 11:42:54] --- Sampled interval of velocity: 0.00 m/s - 14.74 m/s (planner.py:310)
INFO     [2025-01-12 11:42:54] --- current time step: 5 (frenet_interface.py:280)
INFO     [2025-01-12 11:42:54] --- current velocity: 8.364691679184904 (frenet_interface.py:281)
INFO     [2025-01-12 11:42:54] --- current target velocity: 3.9948536053663517 (frenet_interface.py:282)
INFO     [2025-01-12 11:42:55] --- Sampled interval of velocity: 0.00 m/s - 14.11 m/s (planner.py:310)
INFO     [2025-01-12 11:42:55] --- select trajectory 111 (reactive_planner_cpp.py:382)
INFO     [2025-01-12 11:42:55] --- current time step: 6 (frenet_interface.py:257)
INFO     [2025-01-12 11:42:55] --- current velocity: 7.97231924544618 (frenet_interface.py:258)
INFO     [2025-01-12 11:42:55] --- current target velocity: 3.3646916791849044 (frenet_interface.py:259)
INFO     [2025-01-12 11:42:56] --- Sampled interval of velocity: 0.00 m/s - 13.72 m/s (planner.py:310)
INFO     [2025-01-12 11:42:56] --- current time step: 7 (frenet_interface.py:280)
INFO     [2025-01-12 11:42:56] --- current velocity: 7.4900821536423905 (frenet_interface.py:281)
INFO     [2025-01-12 11:42:56] --- current target velocity: 2.9723192454461804 (frenet_interface.py:282)
INFO     [2025-01-12 11:42:57] --- Sampled interval of velocity: 0.00 m/s - 13.24 m/s (planner.py:310)
INFO     [2025-01-12 11:42:57] --- current time step: 8 (frenet_interface.py:280)
INFO     [2025-01-12 11:42:57] --- current velocity: 6.94478879526392 (frenet_interface.py:281)
INFO     [2025-01-12 11:42:57] --- current target velocity: 2.776550048758289 (frenet_interface.py:282)
INFO     [2025-01-12 11:42:57] --- Sampled interval of velocity: 0.00 m/s - 12.69 m/s (planner.py:310)
INFO     [2025-01-12 11:42:57] --- select trajectory 111 (reactive_planner_cpp.py:382)
INFO     [2025-01-12 11:42:57] --- current time step: 9 (frenet_interface.py:257)
INFO     [2025-01-12 11:42:57] --- current velocity: 6.622311304372978 (frenet_interface.py:258)
INFO     [2025-01-12 11:42:57] --- current target velocity: 2.7271609036808067 (frenet_interface.py:259)
INFO     [2025-01-12 11:42:59] --- Sampled interval of velocity: 0.00 m/s - 12.37 m/s (planner.py:310)
INFO     [2025-01-12 11:42:59] --- current time step: 10 (frenet_interface.py:280)
INFO     [2025-01-12 11:42:59] --- current velocity: 6.236039365699922 (frenet_interface.py:281)
INFO     [2025-01-12 11:42:59] --- current target velocity: 2.6815144428092714 (frenet_interface.py:282)
INFO     [2025-01-12 11:42:59] --- Sampled interval of velocity: 0.00 m/s - 11.99 m/s (planner.py:310)
INFO     [2025-01-12 11:42:59] --- current time step: 11 (frenet_interface.py:280)
INFO     [2025-01-12 11:42:59] --- current velocity: 5.805885742612263 (frenet_interface.py:281)
INFO     [2025-01-12 11:42:59] --- current target velocity: 2.638876404439557 (frenet_interface.py:282)
INFO     [2025-01-12 11:43:00] --- Sampled interval of velocity: 0.00 m/s - 11.56 m/s (planner.py:310)
INFO     [2025-01-12 11:43:00] --- select trajectory 111 (reactive_planner_cpp.py:382)
INFO     [2025-01-12 11:43:00] --- current time step: 12 (frenet_interface.py:257)
INFO     [2025-01-12 11:43:00] --- current velocity: 5.5538929725977635 (frenet_interface.py:258)
INFO     [2025-01-12 11:43:00] --- current target velocity: 2.599969355621463 (frenet_interface.py:259)
INFO     [2025-01-12 11:43:01] --- Sampled interval of velocity: 0.00 m/s - 11.30 m/s (planner.py:310)
INFO     [2025-01-12 11:43:01] --- current time step: 13 (frenet_interface.py:280)
INFO     [2025-01-12 11:43:01] --- current velocity: 5.253536277010077 (frenet_interface.py:281)
INFO     [2025-01-12 11:43:01] --- current target velocity: 2.5641020809725052 (frenet_interface.py:282)
INFO     [2025-01-12 11:43:02] --- Sampled interval of velocity: 0.00 m/s - 11.00 m/s (planner.py:310)
INFO     [2025-01-12 11:43:02] --- current time step: 14 (frenet_interface.py:280)
INFO     [2025-01-12 11:43:02] --- current velocity: 4.920062759893134 (frenet_interface.py:281)
INFO     [2025-01-12 11:43:02] --- current target velocity: 2.5306549330594 (frenet_interface.py:282)
INFO     [2025-01-12 11:43:02] --- Sampled interval of velocity: 0.00 m/s - 10.67 m/s (planner.py:310)
INFO     [2025-01-12 11:43:02] --- select trajectory 111 (reactive_planner_cpp.py:382)
INFO     [2025-01-12 11:43:02] --- current time step: 15 (frenet_interface.py:257)
INFO     [2025-01-12 11:43:02] --- current velocity: 4.725075556986031 (frenet_interface.py:258)
INFO     [2025-01-12 11:43:02] --- current target velocity: 2.500199349440418 (frenet_interface.py:259)
INFO     [2025-01-12 11:43:04] --- Sampled interval of velocity: 0.00 m/s - 10.48 m/s (planner.py:310)
INFO     [2025-01-12 11:43:04] --- current time step: 16 (frenet_interface.py:280)
INFO     [2025-01-12 11:43:04] --- current velocity: 4.492896330413163 (frenet_interface.py:281)
INFO     [2025-01-12 11:43:04] --- current target velocity: 2.4721757506977315 (frenet_interface.py:282)
INFO     [2025-01-12 11:43:05] --- Sampled interval of velocity: 0.00 m/s - 10.24 m/s (planner.py:310)
INFO     [2025-01-12 11:43:05] --- current time step: 17 (frenet_interface.py:280)
INFO     [2025-01-12 11:43:05] --- current velocity: 4.235274313255567 (frenet_interface.py:281)
INFO     [2025-01-12 11:43:05] --- current target velocity: 2.4460852631751493 (frenet_interface.py:282)
INFO     [2025-01-12 11:43:05] --- Sampled interval of velocity: 0.00 m/s - 9.99 m/s (planner.py:310)
INFO     [2025-01-12 11:43:05] --- select trajectory 111 (reactive_planner_cpp.py:382)
INFO     [2025-01-12 11:43:05] --- current time step: 18 (frenet_interface.py:257)
INFO     [2025-01-12 11:43:05] --- current velocity: 4.084696380430655 (frenet_interface.py:258)
INFO     [2025-01-12 11:43:05] --- current target velocity: 2.422386118242633 (frenet_interface.py:259)
INFO     [2025-01-12 11:43:08] --- Sampled interval of velocity: 0.00 m/s - 9.83 m/s (planner.py:310)
INFO     [2025-01-12 11:43:08] --- current time step: 19 (frenet_interface.py:280)
INFO     [2025-01-12 11:43:08] --- current velocity: 3.9054333488660364 (frenet_interface.py:281)
INFO     [2025-01-12 11:43:08] --- current target velocity: 2.400631525888363 (frenet_interface.py:282)
INFO     [2025-01-12 11:43:08] --- Sampled interval of velocity: 0.00 m/s - 9.66 m/s (planner.py:310)
INFO     [2025-01-12 11:43:08] --- current time step: 20 (frenet_interface.py:280)
INFO     [2025-01-12 11:43:08] --- current velocity: 3.706550866784333 (frenet_interface.py:281)
INFO     [2025-01-12 11:43:08] --- current target velocity: 2.3804233483217128 (frenet_interface.py:282)
INFO     [2025-01-12 11:43:08] --- Sampled interval of velocity: 0.00 m/s - 9.46 m/s (planner.py:310)
INFO     [2025-01-12 11:43:08] --- select trajectory 111 (reactive_planner_cpp.py:382)
INFO     [2025-01-12 11:43:08] --- current time step: 21 (frenet_interface.py:257)
INFO     [2025-01-12 11:43:08] --- current velocity: 3.5903147764567827 (frenet_interface.py:258)
INFO     [2025-01-12 11:43:08] --- current target velocity: 2.362130707579999 (frenet_interface.py:259)
INFO     [2025-01-12 11:43:10] --- Sampled interval of velocity: 0.00 m/s - 9.34 m/s (planner.py:310)
INFO     [2025-01-12 11:43:10] --- current time step: 22 (frenet_interface.py:280)
INFO     [2025-01-12 11:43:10] --- current velocity: 3.45194141166532 (frenet_interface.py:281)
INFO     [2025-01-12 11:43:10] --- current target velocity: 2.3453977410499087 (frenet_interface.py:282)
INFO     [2025-01-12 11:43:11] --- Sampled interval of velocity: 0.00 m/s - 9.20 m/s (planner.py:310)
INFO     [2025-01-12 11:43:11] --- current time step: 23 (frenet_interface.py:280)
INFO     [2025-01-12 11:43:11] --- current velocity: 3.2984276447974925 (frenet_interface.py:281)
INFO     [2025-01-12 11:43:11] --- current target velocity: 2.329907167507873 (frenet_interface.py:282)
INFO     [2025-01-12 11:43:11] --- Sampled interval of velocity: 0.00 m/s - 9.05 m/s (planner.py:310)
INFO     [2025-01-12 11:43:11] --- select trajectory 111 (reactive_planner_cpp.py:382)
INFO     [2025-01-12 11:43:11] --- current time step: 24 (frenet_interface.py:257)
INFO     [2025-01-12 11:43:11] --- current velocity: 3.2087085500057544 (frenet_interface.py:258)
INFO     [2025-01-12 11:43:11] --- current target velocity: 2.3159572005167757 (frenet_interface.py:259)
INFO     [2025-01-12 11:43:13] --- Sampled interval of velocity: 0.00 m/s - 8.96 m/s (planner.py:310)
INFO     [2025-01-12 11:43:13] --- current time step: 25 (frenet_interface.py:280)
INFO     [2025-01-12 11:43:13] --- current velocity: 3.101903265052932 (frenet_interface.py:281)
INFO     [2025-01-12 11:43:13] --- current target velocity: 2.3032645009751613 (frenet_interface.py:282)
INFO     [2025-01-12 11:43:13] --- Sampled interval of velocity: 0.00 m/s - 8.85 m/s (planner.py:310)
INFO     [2025-01-12 11:43:13] --- current time step: 26 (frenet_interface.py:280)
INFO     [2025-01-12 11:43:13] --- current velocity: 2.9834122733934914 (frenet_interface.py:281)
INFO     [2025-01-12 11:43:13] --- current target velocity: 2.2915762785708313 (frenet_interface.py:282)
INFO     [2025-01-12 11:43:13] --- Sampled interval of velocity: 0.00 m/s - 8.73 m/s (planner.py:310)
INFO     [2025-01-12 11:43:13] --- select trajectory 111 (reactive_planner_cpp.py:382)
INFO     [2025-01-12 11:43:13] --- current time step: 27 (frenet_interface.py:257)
INFO     [2025-01-12 11:43:13] --- current velocity: 2.9141620018070045 (frenet_interface.py:258)
INFO     [2025-01-12 11:43:13] --- current target velocity: 2.2811341913573475 (frenet_interface.py:259)
INFO     [2025-01-12 11:43:14] --- Sampled interval of velocity: 0.00 m/s - 8.66 m/s (planner.py:310)
INFO     [2025-01-12 11:43:14] --- current time step: 28 (frenet_interface.py:280)
INFO     [2025-01-12 11:43:14] --- current velocity: 2.831723783456971 (frenet_interface.py:281)
INFO     [2025-01-12 11:43:14] --- current target velocity: 2.2717127036977556 (frenet_interface.py:282)
INFO     [2025-01-12 11:43:15] --- Sampled interval of velocity: 0.00 m/s - 8.58 m/s (planner.py:310)
INFO     [2025-01-12 11:43:15] --- current time step: 29 (frenet_interface.py:280)
INFO     [2025-01-12 11:43:15] --- current velocity: 2.740265987158915 (frenet_interface.py:281)
INFO     [2025-01-12 11:43:15] --- current target velocity: 2.2631104822340182 (frenet_interface.py:282)
INFO     [2025-01-12 11:43:15] --- Sampled interval of velocity: 0.00 m/s - 8.49 m/s (planner.py:310)
INFO     [2025-01-12 11:43:15] --- select trajectory 411 (reactive_planner_cpp.py:382)
INFO     [2025-01-12 11:43:15] --- current time step: 30 (frenet_interface.py:257)
INFO     [2025-01-12 11:43:15] --- current velocity: 2.6904977997601813 (frenet_interface.py:258)
INFO     [2025-01-12 11:43:15] --- current target velocity: 2.255524071327701 (frenet_interface.py:259)
INFO     [2025-01-12 11:43:17] --- Sampled interval of velocity: 0.00 m/s - 8.44 m/s (planner.py:310)
INFO     [2025-01-12 11:43:17] --- current time step: 31 (frenet_interface.py:280)
INFO     [2025-01-12 11:43:17] --- current velocity: 2.636604970176308 (frenet_interface.py:281)
INFO     [2025-01-12 11:43:17] --- current target velocity: 2.2487556354080094 (frenet_interface.py:282)
INFO     [2025-01-12 11:43:17] --- Sampled interval of velocity: 0.00 m/s - 8.39 m/s (planner.py:310)
INFO     [2025-01-12 11:43:17] --- current time step: 32 (frenet_interface.py:280)
INFO     [2025-01-12 11:43:17] --- current velocity: 2.5798379038248282 (frenet_interface.py:281)
INFO     [2025-01-12 11:43:17] --- current target velocity: 2.2425603015346485 (frenet_interface.py:282)
INFO     [2025-01-12 11:43:17] --- Sampled interval of velocity: 0.00 m/s - 8.33 m/s (planner.py:310)
INFO     [2025-01-12 11:43:17] --- select trajectory 711 (reactive_planner_cpp.py:382)
INFO     [2025-01-12 11:43:18] --- current time step: 33 (frenet_interface.py:257)
INFO     [2025-01-12 11:43:18] --- current velocity: 2.5512197135541923 (frenet_interface.py:258)
INFO     [2025-01-12 11:43:18] --- current target velocity: 2.2370171416108797 (frenet_interface.py:259)
INFO     [2025-01-12 11:43:19] --- Sampled interval of velocity: 0.00 m/s - 8.30 m/s (planner.py:310)
INFO     [2025-01-12 11:43:19] --- current time step: 34 (frenet_interface.py:280)
INFO     [2025-01-12 11:43:19] --- current velocity: 2.523171258428877 (frenet_interface.py:281)
INFO     [2025-01-12 11:43:19] --- current target velocity: 2.2319638283809606 (frenet_interface.py:282)
INFO     [2025-01-12 11:43:19] --- Sampled interval of velocity: 0.00 m/s - 8.27 m/s (planner.py:310)
INFO     [2025-01-12 11:43:19] --- current time step: 35 (frenet_interface.py:280)
INFO     [2025-01-12 11:43:19] --- current velocity: 2.495720637584878 (frenet_interface.py:281)
INFO     [2025-01-12 11:43:19] --- current target velocity: 2.2271953438671788 (frenet_interface.py:282)
INFO     [2025-01-12 11:43:19] --- Sampled interval of velocity: 0.00 m/s - 8.25 m/s (planner.py:310)
INFO     [2025-01-12 11:43:19] --- select trajectory 711 (reactive_planner_cpp.py:382)
INFO     [2025-01-12 11:43:19] --- current time step: 36 (frenet_interface.py:257)
INFO     [2025-01-12 11:43:19] --- current velocity: 2.481626113605911 (frenet_interface.py:258)
INFO     [2025-01-12 11:43:19] --- current target velocity: 2.222715984917709 (frenet_interface.py:259)
INFO     [2025-01-12 11:43:21] --- Sampled interval of velocity: 0.00 m/s - 8.23 m/s (planner.py:310)
INFO     [2025-01-12 11:43:21] --- current time step: 37 (frenet_interface.py:280)
INFO     [2025-01-12 11:43:21] --- current velocity: 2.4665530191264633 (frenet_interface.py:281)
INFO     [2025-01-12 11:43:21] --- current target velocity: 2.2184249656116513 (frenet_interface.py:282)
INFO     [2025-01-12 11:43:21] --- Sampled interval of velocity: 0.00 m/s - 8.22 m/s (planner.py:310)
INFO     [2025-01-12 11:43:21] --- current time step: 38 (frenet_interface.py:280)
INFO     [2025-01-12 11:43:21] --- current velocity: 2.4506035643457933 (frenet_interface.py:281)
INFO     [2025-01-12 11:43:21] --- current target velocity: 2.214232475619258 (frenet_interface.py:282)
INFO     [2025-01-12 11:43:22] --- Sampled interval of velocity: 0.00 m/s - 8.20 m/s (planner.py:310)
INFO     [2025-01-12 11:43:22] --- select trajectory 711 (reactive_planner_cpp.py:382)
INFO     [2025-01-12 11:43:22] --- current time step: 39 (frenet_interface.py:257)
INFO     [2025-01-12 11:43:22] --- current velocity: 2.44166008078959 (frenet_interface.py:258)
INFO     [2025-01-12 11:43:22] --- current target velocity: 2.2101588991628915 (frenet_interface.py:259)
INFO     [2025-01-12 11:43:23] --- Sampled interval of velocity: 0.00 m/s - 8.19 m/s (planner.py:310)
INFO     [2025-01-12 11:43:23] --- current time step: 40 (frenet_interface.py:280)
INFO     [2025-01-12 11:43:23] --- current velocity: 2.4312652841522504 (frenet_interface.py:281)
INFO     [2025-01-12 11:43:23] --- current target velocity: 2.206157221252162 (frenet_interface.py:282)
INFO     [2025-01-12 11:43:23] --- Sampled interval of velocity: 0.00 m/s - 8.18 m/s (planner.py:310)
INFO     [2025-01-12 11:43:23] --- current time step: 41 (frenet_interface.py:280)
INFO     [2025-01-12 11:43:23] --- current velocity: 2.419542308183496 (frenet_interface.py:281)
INFO     [2025-01-12 11:43:23] --- current target velocity: 2.202184440676277 (frenet_interface.py:282)
INFO     [2025-01-12 11:43:23] --- Sampled interval of velocity: 0.00 m/s - 8.17 m/s (planner.py:310)
INFO     [2025-01-12 11:43:23] --- select trajectory 711 (reactive_planner_cpp.py:382)
INFO     [2025-01-12 11:43:23] --- current time step: 42 (frenet_interface.py:257)
INFO     [2025-01-12 11:43:23] --- current velocity: 2.4125471656686 (frenet_interface.py:258)
INFO     [2025-01-12 11:43:23] --- current target velocity: 2.198266459859984 (frenet_interface.py:259)
INFO     [2025-01-12 11:43:25] --- Sampled interval of velocity: 0.00 m/s - 8.16 m/s (planner.py:310)
INFO     [2025-01-12 11:43:25] --- current time step: 43 (frenet_interface.py:280)
INFO     [2025-01-12 11:43:25] --- current velocity: 2.4039918514931706 (frenet_interface.py:281)
INFO     [2025-01-12 11:43:25] --- current target velocity: 2.194375146518193 (frenet_interface.py:282)
INFO     [2025-01-12 11:43:25] --- Sampled interval of velocity: 0.00 m/s - 8.15 m/s (planner.py:310)
INFO     [2025-01-12 11:43:25] --- current time step: 44 (frenet_interface.py:280)
INFO     [2025-01-12 11:43:25] --- current velocity: 2.3940025041342334 (frenet_interface.py:281)
INFO     [2025-01-12 11:43:25] --- current target velocity: 2.190483889780061 (frenet_interface.py:282)
INFO     [2025-01-12 11:43:26] --- Sampled interval of velocity: 0.00 m/s - 8.14 m/s (planner.py:310)
INFO     [2025-01-12 11:43:26] --- select trajectory 491 (reactive_planner_cpp.py:382)
INFO     [2025-01-12 11:43:26] --- current time step: 45 (frenet_interface.py:257)
INFO     [2025-01-12 11:43:26] --- current velocity: 2.354521458903473 (frenet_interface.py:258)
INFO     [2025-01-12 11:43:26] --- current target velocity: 2.1866204169091614 (frenet_interface.py:259)
INFO     [2025-01-12 11:43:27] --- Sampled interval of velocity: 0.00 m/s - 8.10 m/s (planner.py:310)
INFO     [2025-01-12 11:43:27] --- current time step: 46 (frenet_interface.py:280)
INFO     [2025-01-12 11:43:27] --- current velocity: 2.253610505119255 (frenet_interface.py:281)
INFO     [2025-01-12 11:43:27] --- current target velocity: 2.1829753232268474 (frenet_interface.py:282)
INFO     [2025-01-12 11:43:28] --- Sampled interval of velocity: 0.00 m/s - 8.00 m/s (planner.py:310)
INFO     [2025-01-12 11:43:28] --- current time step: 47 (frenet_interface.py:280)
INFO     [2025-01-12 11:43:28] --- current velocity: 2.101571438956116 (frenet_interface.py:281)
INFO     [2025-01-12 11:43:28] --- current target velocity: 2.1805564659898624 (frenet_interface.py:282)
INFO     [2025-01-12 11:43:28] --- Sampled interval of velocity: 0.00 m/s - 7.85 m/s (planner.py:310)
INFO     [2025-01-12 11:43:28] --- select trajectory 750 (reactive_planner_cpp.py:382)
INFO     [2025-01-12 11:43:28] --- current time step: 48 (frenet_interface.py:257)
INFO     [2025-01-12 11:43:28] --- current velocity: 2.0325546160014767 (frenet_interface.py:258)
INFO     [2025-01-12 11:43:28] --- current target velocity: 2.1805394867629566 (frenet_interface.py:259)
INFO     [2025-01-12 11:43:30] --- Sampled interval of velocity: 0.00 m/s - 7.78 m/s (planner.py:310)
INFO     [2025-01-12 11:43:30] --- current time step: 49 (frenet_interface.py:280)
INFO     [2025-01-12 11:43:30] --- current velocity: 1.9983154208801162 (frenet_interface.py:281)
INFO     [2025-01-12 11:43:30] --- current target velocity: 2.182868712442223 (frenet_interface.py:282)
INFO     [2025-01-12 11:43:31] --- Sampled interval of velocity: 0.00 m/s - 7.75 m/s (planner.py:310)
INFO     [2025-01-12 11:43:31] --- current time step: 50 (frenet_interface.py:280)
INFO     [2025-01-12 11:43:31] --- current velocity: 1.9969261148656514 (frenet_interface.py:281)
INFO     [2025-01-12 11:43:31] --- current target velocity: 2.186344944025005 (frenet_interface.py:282)
INFO     [2025-01-12 11:43:31] --- Sampled interval of velocity: 0.00 m/s - 7.75 m/s (planner.py:310)
INFO     [2025-01-12 11:43:32] --- select trajectory 746 (reactive_planner_cpp.py:382)
INFO     [2025-01-12 11:43:32] --- current time step: 51 (frenet_interface.py:257)
INFO     [2025-01-12 11:43:32] --- current velocity: 2.0202367458260366 (frenet_interface.py:258)
INFO     [2025-01-12 11:43:32] --- current target velocity: 2.190342690708542 (frenet_interface.py:259)
INFO     [2025-01-12 11:43:34] --- Sampled interval of velocity: 0.00 m/s - 7.77 m/s (planner.py:310)
INFO     [2025-01-12 11:43:34] --- current time step: 52 (frenet_interface.py:280)
INFO     [2025-01-12 11:43:34] --- current velocity: 2.058425917801771 (frenet_interface.py:281)
INFO     [2025-01-12 11:43:34] --- current target velocity: 2.19434375084135 (frenet_interface.py:282)
INFO     [2025-01-12 11:43:34] --- Sampled interval of velocity: 0.00 m/s - 7.81 m/s (planner.py:310)
INFO     [2025-01-12 11:43:34] --- current time step: 53 (frenet_interface.py:280)
INFO     [2025-01-12 11:43:34] --- current velocity: 2.112289825089399 (frenet_interface.py:281)
INFO     [2025-01-12 11:43:34] --- current target velocity: 2.197996379989904 (frenet_interface.py:282)
