CRITICAL [2025-01-12 11:36:00] --- Start Planner Vehicle ID: 20034 (frenet_interface.py:67)
INFO     [2025-01-12 11:36:03] --- Sampled interval of velocity: 0.00 m/s - 9.81 m/s (planner.py:310)
INFO     [2025-01-12 11:36:03] --- select trajectory 496 (reactive_planner_cpp.py:382)
INFO     [2025-01-12 11:36:03] --- current time step: 0 (frenet_interface.py:257)
INFO     [2025-01-12 11:36:03] --- current velocity: 4.07844067208087 (frenet_interface.py:258)
INFO     [2025-01-12 11:36:03] --- current target velocity: 3.712463458159666 (frenet_interface.py:259)
INFO     [2025-01-12 11:36:05] --- Sampled interval of velocity: 0.00 m/s - 9.83 m/s (planner.py:310)
INFO     [2025-01-12 11:36:05] --- current time step: 1 (frenet_interface.py:280)
INFO     [2025-01-12 11:36:05] --- current velocity: 3.968384396880299 (frenet_interface.py:281)
INFO     [2025-01-12 11:36:05] --- current target velocity: 3.709976794416588 (frenet_interface.py:282)
INFO     [2025-01-12 11:36:06] --- Sampled interval of velocity: 0.00 m/s - 9.72 m/s (planner.py:310)
INFO     [2025-01-12 11:36:06] --- current time step: 2 (frenet_interface.py:280)
INFO     [2025-01-12 11:36:06] --- current velocity: 3.749077545174712 (frenet_interface.py:281)
INFO     [2025-01-12 11:36:06] --- current target velocity: 3.7077741310159125 (frenet_interface.py:282)
INFO     [2025-01-12 11:36:06] --- Sampled interval of velocity: 0.00 m/s - 9.50 m/s (planner.py:310)
INFO     [2025-01-12 11:36:06] --- select trajectory 70 (reactive_planner_cpp.py:382)
INFO     [2025-01-12 11:36:06] --- current time step: 3 (frenet_interface.py:257)
INFO     [2025-01-12 11:36:06] --- current velocity: 3.676446941965953 (frenet_interface.py:258)
INFO     [2025-01-12 11:36:06] --- current target velocity: 3.706680437954448 (frenet_interface.py:259)
INFO     [2025-01-12 11:36:07] --- Sampled interval of velocity: 0.00 m/s - 9.43 m/s (planner.py:310)
INFO     [2025-01-12 11:36:07] --- current time step: 4 (frenet_interface.py:280)
INFO     [2025-01-12 11:36:07] --- current velocity: 3.717910721688617 (frenet_interface.py:281)
INFO     [2025-01-12 11:36:07] --- current target velocity: 3.7067041259134346 (frenet_interface.py:282)
INFO     [2025-01-12 11:36:08] --- Sampled interval of velocity: 0.00 m/s - 9.47 m/s (planner.py:310)
INFO     [2025-01-12 11:36:08] --- current time step: 5 (frenet_interface.py:280)
INFO     [2025-01-12 11:36:08] --- current velocity: 3.8617354041837255 (frenet_interface.py:281)
INFO     [2025-01-12 11:36:08] --- current target velocity: 3.7068358775050716 (frenet_interface.py:282)
INFO     [2025-01-12 11:36:09] --- Sampled interval of velocity: 0.00 m/s - 9.61 m/s (planner.py:310)
INFO     [2025-01-12 11:36:09] --- select trajectory 321 (reactive_planner_cpp.py:382)
INFO     [2025-01-12 11:36:09] --- current time step: 6 (frenet_interface.py:257)
INFO     [2025-01-12 11:36:09] --- current velocity: 3.945673623297049 (frenet_interface.py:258)
INFO     [2025-01-12 11:36:09] --- current target velocity: 3.7063418457667754 (frenet_interface.py:259)
INFO     [2025-01-12 11:36:10] --- Sampled interval of velocity: 0.00 m/s - 9.70 m/s (planner.py:310)
INFO     [2025-01-12 11:36:10] --- current time step: 7 (frenet_interface.py:280)
INFO     [2025-01-12 11:36:10] --- current velocity: 4.008948937457716 (frenet_interface.py:281)
INFO     [2025-01-12 11:36:10] --- current target velocity: 3.7050028949746197 (frenet_interface.py:282)
INFO     [2025-01-12 11:36:11] --- Sampled interval of velocity: 0.00 m/s - 9.76 m/s (planner.py:310)
INFO     [2025-01-12 11:36:11] --- current time step: 8 (frenet_interface.py:280)
INFO     [2025-01-12 11:36:11] --- current velocity: 4.053454904966901 (frenet_interface.py:281)
INFO     [2025-01-12 11:36:11] --- current target velocity: 3.7031257785392375 (frenet_interface.py:282)
INFO     [2025-01-12 11:36:11] --- Sampled interval of velocity: 0.00 m/s - 9.80 m/s (planner.py:310)
INFO     [2025-01-12 11:36:11] --- select trajectory 21 (reactive_planner_cpp.py:382)
INFO     [2025-01-12 11:36:11] --- current time step: 9 (frenet_interface.py:257)
INFO     [2025-01-12 11:36:11] --- current velocity: 4.062940650144087 (frenet_interface.py:258)
INFO     [2025-01-12 11:36:11] --- current target velocity: 3.7008186317025684 (frenet_interface.py:259)
INFO     [2025-01-12 11:36:13] --- Sampled interval of velocity: 0.00 m/s - 9.81 m/s (planner.py:310)
INFO     [2025-01-12 11:36:13] --- current time step: 10 (frenet_interface.py:280)
INFO     [2025-01-12 11:36:13] --- current velocity: 4.060035155488814 (frenet_interface.py:281)
INFO     [2025-01-12 11:36:13] --- current target velocity: 3.698254230783489 (frenet_interface.py:282)
INFO     [2025-01-12 11:36:14] --- Sampled interval of velocity: 0.00 m/s - 9.81 m/s (planner.py:310)
INFO     [2025-01-12 11:36:14] --- current time step: 11 (frenet_interface.py:280)
INFO     [2025-01-12 11:36:14] --- current velocity: 4.048203865991428 (frenet_interface.py:281)
INFO     [2025-01-12 11:36:14] --- current target velocity: 3.695589783937054 (frenet_interface.py:282)
INFO     [2025-01-12 11:36:14] --- Sampled interval of velocity: 0.00 m/s - 9.80 m/s (planner.py:310)
INFO     [2025-01-12 11:36:14] --- select trajectory 21 (reactive_planner_cpp.py:382)
INFO     [2025-01-12 11:36:14] --- current time step: 12 (frenet_interface.py:257)
INFO     [2025-01-12 11:36:14] --- current velocity: 4.036900457528383 (frenet_interface.py:258)
INFO     [2025-01-12 11:36:14] --- current target velocity: 3.6928999972378915 (frenet_interface.py:259)
INFO     [2025-01-12 11:36:16] --- Sampled interval of velocity: 0.00 m/s - 9.79 m/s (planner.py:310)
INFO     [2025-01-12 11:36:16] --- current time step: 13 (frenet_interface.py:280)
INFO     [2025-01-12 11:36:16] --- current velocity: 4.020777340599638 (frenet_interface.py:281)
INFO     [2025-01-12 11:36:16] --- current target velocity: 3.6902293195817215 (frenet_interface.py:282)
INFO     [2025-01-12 11:36:17] --- Sampled interval of velocity: 0.00 m/s - 9.77 m/s (planner.py:310)
INFO     [2025-01-12 11:36:17] --- current time step: 14 (frenet_interface.py:280)
INFO     [2025-01-12 11:36:17] --- current velocity: 4.001041052592867 (frenet_interface.py:281)
INFO     [2025-01-12 11:36:17] --- current target velocity: 3.687606362961879 (frenet_interface.py:282)
INFO     [2025-01-12 11:36:17] --- Sampled interval of velocity: 0.00 m/s - 9.75 m/s (planner.py:310)
INFO     [2025-01-12 11:36:17] --- select trajectory 21 (reactive_planner_cpp.py:382)
INFO     [2025-01-12 11:36:17] --- current time step: 15 (frenet_interface.py:257)
INFO     [2025-01-12 11:36:17] --- current velocity: 3.988225736440735 (frenet_interface.py:258)
INFO     [2025-01-12 11:36:17] --- current target velocity: 3.6850728143457485 (frenet_interface.py:259)
INFO     [2025-01-12 11:36:20] --- Sampled interval of velocity: 0.00 m/s - 9.74 m/s (planner.py:310)
INFO     [2025-01-12 11:36:20] --- current time step: 16 (frenet_interface.py:280)
INFO     [2025-01-12 11:36:20] --- current velocity: 3.97179558170257 (frenet_interface.py:281)
INFO     [2025-01-12 11:36:20] --- current target velocity: 3.682625132919561 (frenet_interface.py:282)
INFO     [2025-01-12 11:36:20] --- Sampled interval of velocity: 0.00 m/s - 9.72 m/s (planner.py:310)
INFO     [2025-01-12 11:36:20] --- current time step: 17 (frenet_interface.py:280)
INFO     [2025-01-12 11:36:20] --- current velocity: 3.9522744189474466 (frenet_interface.py:281)
INFO     [2025-01-12 11:36:20] --- current target velocity: 3.680257525565631 (frenet_interface.py:282)
INFO     [2025-01-12 11:36:21] --- Sampled interval of velocity: 0.00 m/s - 9.70 m/s (planner.py:310)
INFO     [2025-01-12 11:36:21] --- select trajectory 421 (reactive_planner_cpp.py:382)
INFO     [2025-01-12 11:36:21] --- current time step: 18 (frenet_interface.py:257)
INFO     [2025-01-12 11:36:21] --- current velocity: 3.9392737638833535 (frenet_interface.py:258)
INFO     [2025-01-12 11:36:21] --- current target velocity: 3.6780016859756373 (frenet_interface.py:259)
INFO     [2025-01-12 11:36:23] --- Sampled interval of velocity: 0.00 m/s - 9.69 m/s (planner.py:310)
INFO     [2025-01-12 11:36:23] --- current time step: 19 (frenet_interface.py:280)
INFO     [2025-01-12 11:36:23] --- current velocity: 3.9209230254211764 (frenet_interface.py:281)
INFO     [2025-01-12 11:36:23] --- current target velocity: 3.6758463749419374 (frenet_interface.py:282)
INFO     [2025-01-12 11:36:23] --- Sampled interval of velocity: 0.00 m/s - 9.67 m/s (planner.py:310)
INFO     [2025-01-12 11:36:23] --- current time step: 20 (frenet_interface.py:280)
INFO     [2025-01-12 11:36:23] --- current velocity: 3.898150794049111 (frenet_interface.py:281)
INFO     [2025-01-12 11:36:23] --- current target velocity: 3.6737929489972925 (frenet_interface.py:282)
INFO     [2025-01-12 11:36:24] --- Sampled interval of velocity: 0.00 m/s - 9.65 m/s (planner.py:310)
INFO     [2025-01-12 11:36:24] --- select trajectory 121 (reactive_planner_cpp.py:382)
INFO     [2025-01-12 11:36:24] --- current time step: 21 (frenet_interface.py:257)
INFO     [2025-01-12 11:36:24] --- current velocity: 3.8822028006368146 (frenet_interface.py:258)
INFO     [2025-01-12 11:36:24] --- current target velocity: 3.6718837926861623 (frenet_interface.py:259)
INFO     [2025-01-12 11:36:25] --- Sampled interval of velocity: 0.00 m/s - 9.63 m/s (planner.py:310)
INFO     [2025-01-12 11:36:25] --- current time step: 22 (frenet_interface.py:280)
INFO     [2025-01-12 11:36:25] --- current velocity: 3.858707604684472 (frenet_interface.py:281)
INFO     [2025-01-12 11:36:25] --- current target velocity: 3.6701089831945395 (frenet_interface.py:282)
INFO     [2025-01-12 11:36:26] --- Sampled interval of velocity: 0.00 m/s - 9.61 m/s (planner.py:310)
INFO     [2025-01-12 11:36:26] --- current time step: 23 (frenet_interface.py:280)
INFO     [2025-01-12 11:36:26] --- current velocity: 3.829440277182992 (frenet_interface.py:281)
INFO     [2025-01-12 11:36:26] --- current target velocity: 3.6684773870884326 (frenet_interface.py:282)
INFO     [2025-01-12 11:36:26] --- Sampled interval of velocity: 0.00 m/s - 9.58 m/s (planner.py:310)
INFO     [2025-01-12 11:36:26] --- select trajectory 221 (reactive_planner_cpp.py:382)
INFO     [2025-01-12 11:36:26] --- current time step: 24 (frenet_interface.py:257)
INFO     [2025-01-12 11:36:26] --- current velocity: 3.814159554856057 (frenet_interface.py:258)
INFO     [2025-01-12 11:36:26] --- current target velocity: 3.667044275192783 (frenet_interface.py:259)
INFO     [2025-01-12 11:36:27] --- Sampled interval of velocity: 0.00 m/s - 9.56 m/s (planner.py:310)
INFO     [2025-01-12 11:36:27] --- current time step: 25 (frenet_interface.py:280)
INFO     [2025-01-12 11:36:27] --- current velocity: 3.798346699023648 (frenet_interface.py:281)
INFO     [2025-01-12 11:36:27] --- current target velocity: 3.665781270689927 (frenet_interface.py:282)
INFO     [2025-01-12 11:36:28] --- Sampled interval of velocity: 0.00 m/s - 9.55 m/s (planner.py:310)
INFO     [2025-01-12 11:36:28] --- current time step: 26 (frenet_interface.py:280)
INFO     [2025-01-12 11:36:28] --- current velocity: 3.782212506528029 (frenet_interface.py:281)
INFO     [2025-01-12 11:36:28] --- current target velocity: 3.6646329742568633 (frenet_interface.py:282)
INFO     [2025-01-12 11:36:29] --- Sampled interval of velocity: 0.00 m/s - 9.53 m/s (planner.py:310)
INFO     [2025-01-12 11:36:29] --- select trajectory 21 (reactive_planner_cpp.py:382)
INFO     [2025-01-12 11:36:29] --- current time step: 27 (frenet_interface.py:257)
INFO     [2025-01-12 11:36:29] --- current velocity: 3.773507125771124 (frenet_interface.py:258)
INFO     [2025-01-12 11:36:29] --- current target velocity: 3.6636033291896486 (frenet_interface.py:259)
INFO     [2025-01-12 11:36:30] --- Sampled interval of velocity: 0.00 m/s - 9.52 m/s (planner.py:310)
INFO     [2025-01-12 11:36:30] --- current time step: 28 (frenet_interface.py:280)
INFO     [2025-01-12 11:36:30] --- current velocity: 3.762538907028062 (frenet_interface.py:281)
INFO     [2025-01-12 11:36:30] --- current target velocity: 3.6626639109775097 (frenet_interface.py:282)
INFO     [2025-01-12 11:36:30] --- Sampled interval of velocity: 0.00 m/s - 9.51 m/s (planner.py:310)
INFO     [2025-01-12 11:36:30] --- current time step: 29 (frenet_interface.py:280)
INFO     [2025-01-12 11:36:30] --- current velocity: 3.7497131447139513 (frenet_interface.py:281)
INFO     [2025-01-12 11:36:30] --- current target velocity: 3.6617965294767827 (frenet_interface.py:282)
INFO     [2025-01-12 11:36:31] --- Sampled interval of velocity: 0.00 m/s - 9.50 m/s (planner.py:310)
INFO     [2025-01-12 11:36:31] --- select trajectory 701 (reactive_planner_cpp.py:382)
INFO     [2025-01-12 11:36:31] --- current time step: 30 (frenet_interface.py:257)
INFO     [2025-01-12 11:36:31] --- current velocity: 3.7353639362958675 (frenet_interface.py:258)
INFO     [2025-01-12 11:36:31] --- current target velocity: 3.6610182744862105 (frenet_interface.py:259)
INFO     [2025-01-12 11:36:32] --- Sampled interval of velocity: 0.00 m/s - 9.49 m/s (planner.py:310)
INFO     [2025-01-12 11:36:32] --- current time step: 31 (frenet_interface.py:280)
INFO     [2025-01-12 11:36:32] --- current velocity: 3.705839757629559 (frenet_interface.py:281)
INFO     [2025-01-12 11:36:32] --- current target velocity: 3.660335319760506 (frenet_interface.py:282)
INFO     [2025-01-12 11:36:33] --- Sampled interval of velocity: 0.00 m/s - 9.46 m/s (planner.py:310)
INFO     [2025-01-12 11:36:33] --- current time step: 32 (frenet_interface.py:280)
INFO     [2025-01-12 11:36:33] --- current velocity: 3.662246934405167 (frenet_interface.py:281)
INFO     [2025-01-12 11:36:33] --- current target velocity: 3.6598324001778293 (frenet_interface.py:282)
INFO     [2025-01-12 11:36:34] --- Sampled interval of velocity: 0.00 m/s - 9.41 m/s (planner.py:310)
INFO     [2025-01-12 11:36:34] --- select trajectory 711 (reactive_planner_cpp.py:382)
INFO     [2025-01-12 11:36:34] --- current time step: 33 (frenet_interface.py:257)
INFO     [2025-01-12 11:36:34] --- current velocity: 3.634649618859759 (frenet_interface.py:258)
INFO     [2025-01-12 11:36:34] --- current target velocity: 3.6596391875476275 (frenet_interface.py:259)
INFO     [2025-01-12 11:36:36] --- Sampled interval of velocity: 0.00 m/s - 9.38 m/s (planner.py:310)
INFO     [2025-01-12 11:36:36] --- current time step: 34 (frenet_interface.py:280)
INFO     [2025-01-12 11:36:36] --- current velocity: 3.6020470031855987 (frenet_interface.py:281)
INFO     [2025-01-12 11:36:36] --- current target velocity: 3.659760077932455 (frenet_interface.py:282)
INFO     [2025-01-12 11:36:36] --- Sampled interval of velocity: 0.00 m/s - 9.35 m/s (planner.py:310)
INFO     [2025-01-12 11:36:36] --- current time step: 35 (frenet_interface.py:280)
INFO     [2025-01-12 11:36:36] --- current velocity: 3.564858261863161 (frenet_interface.py:281)
INFO     [2025-01-12 11:36:36] --- current target velocity: 3.6601490257265126 (frenet_interface.py:282)
INFO     [2025-01-12 11:36:36] --- Sampled interval of velocity: 0.00 m/s - 9.31 m/s (planner.py:310)
INFO     [2025-01-12 11:36:36] --- select trajectory 201 (reactive_planner_cpp.py:382)
INFO     [2025-01-12 11:36:36] --- current time step: 36 (frenet_interface.py:257)
INFO     [2025-01-12 11:36:36] --- current velocity: 3.529782839578522 (frenet_interface.py:258)
INFO     [2025-01-12 11:36:36] --- current target velocity: 3.6608549385105356 (frenet_interface.py:259)
INFO     [2025-01-12 11:36:38] --- Sampled interval of velocity: 0.00 m/s - 9.28 m/s (planner.py:310)
INFO     [2025-01-12 11:36:38] --- current time step: 37 (frenet_interface.py:280)
INFO     [2025-01-12 11:36:38] --- current velocity: 3.465958638885722 (frenet_interface.py:281)
INFO     [2025-01-12 11:36:38] --- current target velocity: 3.6618773245681973 (frenet_interface.py:282)
INFO     [2025-01-12 11:36:39] --- Sampled interval of velocity: 0.00 m/s - 9.22 m/s (planner.py:310)
INFO     [2025-01-12 11:36:39] --- current time step: 38 (frenet_interface.py:280)
INFO     [2025-01-12 11:36:39] --- current velocity: 3.3766443263560575 (frenet_interface.py:281)
INFO     [2025-01-12 11:36:39] --- current target velocity: 3.6633665243886315 (frenet_interface.py:282)
INFO     [2025-01-12 11:36:40] --- Sampled interval of velocity: 0.00 m/s - 9.13 m/s (planner.py:310)
INFO     [2025-01-12 11:36:40] --- select trajectory 401 (reactive_planner_cpp.py:382)
INFO     [2025-01-12 11:36:40] --- current time step: 39 (frenet_interface.py:257)
INFO     [2025-01-12 11:36:40] --- current velocity: 3.300617068047963 (frenet_interface.py:258)
INFO     [2025-01-12 11:36:40] --- current target velocity: 3.665581230174005 (frenet_interface.py:259)
INFO     [2025-01-12 11:36:41] --- Sampled interval of velocity: 0.00 m/s - 9.05 m/s (planner.py:310)
INFO     [2025-01-12 11:36:41] --- current time step: 40 (frenet_interface.py:280)
INFO     [2025-01-12 11:36:41] --- current velocity: 3.178877692930231 (frenet_interface.py:281)
INFO     [2025-01-12 11:36:41] --- current target velocity: 3.6685747693155286 (frenet_interface.py:282)
INFO     [2025-01-12 11:36:42] --- Sampled interval of velocity: 0.00 m/s - 8.93 m/s (planner.py:310)
INFO     [2025-01-12 11:36:42] --- current time step: 41 (frenet_interface.py:280)
INFO     [2025-01-12 11:36:42] --- current velocity: 3.01958080104389 (frenet_interface.py:281)
INFO     [2025-01-12 11:36:42] --- current target velocity: 3.6725453964268087 (frenet_interface.py:282)
INFO     [2025-01-12 11:36:42] --- Sampled interval of velocity: 0.00 m/s - 8.77 m/s (planner.py:310)
INFO     [2025-01-12 11:36:42] --- select trajectory 101 (reactive_planner_cpp.py:382)
INFO     [2025-01-12 11:36:42] --- current time step: 42 (frenet_interface.py:257)
INFO     [2025-01-12 11:36:42] --- current velocity: 2.902343155643519 (frenet_interface.py:258)
INFO     [2025-01-12 11:36:42] --- current target velocity: 3.6779090931672576 (frenet_interface.py:259)
INFO     [2025-01-12 11:36:44] --- Sampled interval of velocity: 0.00 m/s - 8.65 m/s (planner.py:310)
INFO     [2025-01-12 11:36:44] --- current time step: 43 (frenet_interface.py:280)
INFO     [2025-01-12 11:36:44] --- current velocity: 2.734714512435495 (frenet_interface.py:281)
INFO     [2025-01-12 11:36:44] --- current target velocity: 3.684658605013998 (frenet_interface.py:282)
INFO     [2025-01-12 11:36:44] --- Sampled interval of velocity: 0.00 m/s - 8.48 m/s (planner.py:310)
INFO     [2025-01-12 11:36:44] --- current time step: 44 (frenet_interface.py:280)
INFO     [2025-01-12 11:36:44] --- current velocity: 2.529605013198852 (frenet_interface.py:281)
INFO     [2025-01-12 11:36:44] --- current target velocity: 3.6929018325763563 (frenet_interface.py:282)
INFO     [2025-01-12 11:36:45] --- Sampled interval of velocity: 0.00 m/s - 8.28 m/s (planner.py:310)
INFO     [2025-01-12 11:36:45] --- select trajectory 270 (reactive_planner_cpp.py:382)
INFO     [2025-01-12 11:36:45] --- current time step: 45 (frenet_interface.py:257)
INFO     [2025-01-12 11:36:45] --- current velocity: 2.472699424267136 (frenet_interface.py:258)
INFO     [2025-01-12 11:36:45] --- current target velocity: 3.7031037691870305 (frenet_interface.py:259)
INFO     [2025-01-12 11:36:46] --- Sampled interval of velocity: 0.00 m/s - 8.22 m/s (planner.py:310)
INFO     [2025-01-12 11:36:46] --- current time step: 46 (frenet_interface.py:280)
INFO     [2025-01-12 11:36:46] --- current velocity: 2.515509182198358 (frenet_interface.py:281)
INFO     [2025-01-12 11:36:46] --- current target velocity: 3.714884313341382 (frenet_interface.py:282)
INFO     [2025-01-12 11:36:47] --- Sampled interval of velocity: 0.00 m/s - 8.27 m/s (planner.py:310)
INFO     [2025-01-12 11:36:47] --- current time step: 47 (frenet_interface.py:280)
INFO     [2025-01-12 11:36:47] --- current velocity: 2.6484028083505984 (frenet_interface.py:281)
INFO     [2025-01-12 11:36:47] --- current target velocity: 3.726968291113556 (frenet_interface.py:282)
INFO     [2025-01-12 11:36:47] --- Sampled interval of velocity: 0.00 m/s - 8.40 m/s (planner.py:310)
INFO     [2025-01-12 11:36:47] --- select trajectory 470 (reactive_planner_cpp.py:382)
INFO     [2025-01-12 11:36:47] --- current time step: 48 (frenet_interface.py:257)
INFO     [2025-01-12 11:36:47] --- current velocity: 2.8102514218281938 (frenet_interface.py:258)
INFO     [2025-01-12 11:36:47] --- current target velocity: 3.7384458790290527 (frenet_interface.py:259)
INFO     [2025-01-12 11:36:50] --- Sampled interval of velocity: 0.00 m/s - 8.56 m/s (planner.py:310)
INFO     [2025-01-12 11:36:50] --- current time step: 49 (frenet_interface.py:280)
INFO     [2025-01-12 11:36:50] --- current velocity: 3.1067208356747775 (frenet_interface.py:281)
INFO     [2025-01-12 11:36:50] --- current target velocity: 3.7487760481103565 (frenet_interface.py:282)
INFO     [2025-01-12 11:36:50] --- Sampled interval of velocity: 0.00 m/s - 8.86 m/s (planner.py:310)
INFO     [2025-01-12 11:36:50] --- current time step: 50 (frenet_interface.py:280)
INFO     [2025-01-12 11:36:50] --- current velocity: 3.5099746256846807 (frenet_interface.py:281)
INFO     [2025-01-12 11:36:50] --- current target velocity: 3.7570582027131745 (frenet_interface.py:282)
INFO     [2025-01-12 11:36:51] --- Sampled interval of velocity: 0.00 m/s - 9.26 m/s (planner.py:310)
INFO     [2025-01-12 11:36:51] --- select trajectory 180 (reactive_planner_cpp.py:382)
INFO     [2025-01-12 11:36:51] --- current time step: 51 (frenet_interface.py:257)
INFO     [2025-01-12 11:36:51] --- current velocity: 3.8244491593169276 (frenet_interface.py:258)
INFO     [2025-01-12 11:36:51] --- current target velocity: 3.7620225669683403 (frenet_interface.py:259)
INFO     [2025-01-12 11:36:53] --- Sampled interval of velocity: 0.00 m/s - 9.57 m/s (planner.py:310)
INFO     [2025-01-12 11:36:53] --- current time step: 52 (frenet_interface.py:280)
INFO     [2025-01-12 11:36:53] --- current velocity: 4.29632084711464 (frenet_interface.py:281)
INFO     [2025-01-12 11:36:53] --- current target velocity: 3.763509579434201 (frenet_interface.py:282)
INFO     [2025-01-12 11:36:53] --- Sampled interval of velocity: 0.00 m/s - 10.05 m/s (planner.py:310)
INFO     [2025-01-12 11:36:53] --- current time step: 53 (frenet_interface.py:280)
INFO     [2025-01-12 11:36:53] --- current velocity: 4.876045688094752 (frenet_interface.py:281)
INFO     [2025-01-12 11:36:53] --- current target velocity: 3.7608343392858976 (frenet_interface.py:282)
INFO     [2025-01-12 11:36:54] --- Sampled interval of velocity: 0.00 m/s - 10.63 m/s (planner.py:310)
INFO     [2025-01-12 11:36:54] --- select trajectory 180 (reactive_planner_cpp.py:382)
INFO     [2025-01-12 11:36:54] --- current time step: 54 (frenet_interface.py:257)
INFO     [2025-01-12 11:36:54] --- current velocity: 5.238035205416264 (frenet_interface.py:258)
INFO     [2025-01-12 11:36:54] --- current target velocity: 3.752338195455237 (frenet_interface.py:259)
INFO     [2025-01-12 11:36:57] --- Sampled interval of velocity: 0.00 m/s - 10.99 m/s (planner.py:310)
INFO     [2025-01-12 11:36:57] --- current time step: 55 (frenet_interface.py:280)
INFO     [2025-01-12 11:36:57] --- current velocity: 5.709660215722009 (frenet_interface.py:281)
INFO     [2025-01-12 11:36:57] --- current target velocity: 3.7383235212085766 (frenet_interface.py:282)
INFO     [2025-01-12 11:36:57] --- Sampled interval of velocity: 0.00 m/s - 11.46 m/s (planner.py:310)
INFO     [2025-01-12 11:36:57] --- current time step: 56 (frenet_interface.py:280)
INFO     [2025-01-12 11:36:57] --- current velocity: 6.262723243172678 (frenet_interface.py:281)
INFO     [2025-01-12 11:36:57] --- current target velocity: 3.7189261298298653 (frenet_interface.py:282)
INFO     [2025-01-12 11:36:59] --- Sampled interval of velocity: 0.00 m/s - 12.01 m/s (planner.py:310)
INFO     [2025-01-12 11:36:59] --- select trajectory 530 (reactive_planner_cpp.py:382)
INFO     [2025-01-12 11:36:59] --- current time step: 57 (frenet_interface.py:257)
INFO     [2025-01-12 11:36:59] --- current velocity: 6.503077979347612 (frenet_interface.py:258)
INFO     [2025-01-12 11:36:59] --- current target velocity: 3.692747563187039 (frenet_interface.py:259)
INFO     [2025-01-12 11:37:02] --- Sampled interval of velocity: 0.00 m/s - 12.25 m/s (planner.py:310)
INFO     [2025-01-12 11:37:02] --- current time step: 58 (frenet_interface.py:280)
INFO     [2025-01-12 11:37:02] --- current velocity: 6.702276117927849 (frenet_interface.py:281)
INFO     [2025-01-12 11:37:02] --- current target velocity: 3.660737061314472 (frenet_interface.py:282)
INFO     [2025-01-12 11:37:02] --- Sampled interval of velocity: 0.00 m/s - 12.45 m/s (planner.py:310)
INFO     [2025-01-12 11:37:02] --- current time step: 59 (frenet_interface.py:280)
INFO     [2025-01-12 11:37:02] --- current velocity: 6.873563503478091 (frenet_interface.py:281)
INFO     [2025-01-12 11:37:02] --- current target velocity: 3.624911722667082 (frenet_interface.py:282)
INFO     [2025-01-12 11:37:03] --- Sampled interval of velocity: 0.00 m/s - 12.62 m/s (planner.py:310)
INFO     [2025-01-12 11:37:03] --- select trajectory 440 (reactive_planner_cpp.py:382)
INFO     [2025-01-12 11:37:03] --- current time step: 60 (frenet_interface.py:257)
INFO     [2025-01-12 11:37:03] --- current velocity: 6.968453128191528 (frenet_interface.py:258)
INFO     [2025-01-12 11:37:03] --- current target velocity: 3.5857069247960585 (frenet_interface.py:259)
INFO     [2025-01-12 11:37:07] --- Sampled interval of velocity: 0.00 m/s - 12.72 m/s (planner.py:310)
INFO     [2025-01-12 11:37:07] --- current time step: 61 (frenet_interface.py:280)
INFO     [2025-01-12 11:37:07] --- current velocity: 7.097982997227257 (frenet_interface.py:281)
INFO     [2025-01-12 11:37:07] --- current target velocity: 3.5439834127032115 (frenet_interface.py:282)
INFO     [2025-01-12 11:37:07] --- Sampled interval of velocity: 0.00 m/s - 12.85 m/s (planner.py:310)
INFO     [2025-01-12 11:37:07] --- current time step: 62 (frenet_interface.py:280)
INFO     [2025-01-12 11:37:07] --- current velocity: 7.23784352332786 (frenet_interface.py:281)
INFO     [2025-01-12 11:37:07] --- current target velocity: 3.5003168500668496 (frenet_interface.py:282)
INFO     [2025-01-12 11:37:08] --- Sampled interval of velocity: 0.00 m/s - 12.99 m/s (planner.py:310)
INFO     [2025-01-12 11:37:08] --- select trajectory 620 (reactive_planner_cpp.py:382)
INFO     [2025-01-12 11:37:08] --- current time step: 63 (frenet_interface.py:257)
INFO     [2025-01-12 11:37:08] --- current velocity: 7.33354932550071 (frenet_interface.py:258)
INFO     [2025-01-12 11:37:08] --- current target velocity: 3.454703634575453 (frenet_interface.py:259)
INFO     [2025-01-12 11:37:11] --- Sampled interval of velocity: 0.00 m/s - 13.08 m/s (planner.py:310)
INFO     [2025-01-12 11:37:11] --- current time step: 64 (frenet_interface.py:280)
INFO     [2025-01-12 11:37:11] --- current velocity: 7.395454264476468 (frenet_interface.py:281)
INFO     [2025-01-12 11:37:11] --- current target velocity: 3.4073950060662943 (frenet_interface.py:282)
INFO     [2025-01-12 11:37:12] --- Sampled interval of velocity: 0.00 m/s - 13.15 m/s (planner.py:310)
INFO     [2025-01-12 11:37:12] --- current time step: 65 (frenet_interface.py:280)
INFO     [2025-01-12 11:37:12] --- current velocity: 7.402177430358776 (frenet_interface.py:281)
INFO     [2025-01-12 11:37:12] --- current target velocity: 3.35878752008753 (frenet_interface.py:282)
INFO     [2025-01-12 11:37:13] --- Sampled interval of velocity: 0.00 m/s - 13.15 m/s (planner.py:310)
INFO     [2025-01-12 11:37:13] --- select trajectory 311 (reactive_planner_cpp.py:382)
INFO     [2025-01-12 11:37:13] --- current time step: 66 (frenet_interface.py:257)
INFO     [2025-01-12 11:37:13] --- current velocity: 7.371929767126952 (frenet_interface.py:258)
INFO     [2025-01-12 11:37:13] --- current target velocity: 3.3090908580148306 (frenet_interface.py:259)
INFO     [2025-01-12 11:37:17] --- Sampled interval of velocity: 0.00 m/s - 13.12 m/s (planner.py:310)
INFO     [2025-01-12 11:37:17] --- current time step: 67 (frenet_interface.py:280)
INFO     [2025-01-12 11:37:17] --- current velocity: 7.288919182562638 (frenet_interface.py:281)
INFO     [2025-01-12 11:37:17] --- current target velocity: 3.2584766578381497 (frenet_interface.py:282)
INFO     [2025-01-12 11:37:18] --- Sampled interval of velocity: 0.00 m/s - 13.04 m/s (planner.py:310)
INFO     [2025-01-12 11:37:18] --- current time step: 68 (frenet_interface.py:280)
INFO     [2025-01-12 11:37:18] --- current velocity: 7.167125650028898 (frenet_interface.py:281)
INFO     [2025-01-12 11:37:18] --- current target velocity: 3.2073062219186825 (frenet_interface.py:282)
INFO     [2025-01-12 11:37:19] --- Sampled interval of velocity: 0.00 m/s - 12.92 m/s (planner.py:310)
INFO     [2025-01-12 11:37:19] --- select trajectory 411 (reactive_planner_cpp.py:382)
INFO     [2025-01-12 11:37:19] --- current time step: 69 (frenet_interface.py:257)
INFO     [2025-01-12 11:37:19] --- current velocity: 7.052788842672117 (frenet_interface.py:258)
INFO     [2025-01-12 11:37:19] --- current target velocity: 3.156048413887225 (frenet_interface.py:259)
INFO     [2025-01-12 11:37:21] --- Sampled interval of velocity: 0.00 m/s - 12.80 m/s (planner.py:310)
INFO     [2025-01-12 11:37:21] --- current time step: 70 (frenet_interface.py:280)
INFO     [2025-01-12 11:37:21] --- current velocity: 6.864482004072898 (frenet_interface.py:281)
INFO     [2025-01-12 11:37:21] --- current target velocity: 3.104875190120217 (frenet_interface.py:282)
