CRITICAL [2025-01-12 11:25:48] --- Start Planner Vehicle ID: 30303 (frenet_interface.py:67)
INFO     [2025-01-12 11:25:51] --- Sampled interval of velocity: 0.00 m/s - 19.63 m/s (planner.py:310)
INFO     [2025-01-12 11:25:51] --- select trajectory 196 (reactive_planner_cpp.py:382)
INFO     [2025-01-12 11:25:51] --- current time step: 0 (frenet_interface.py:257)
INFO     [2025-01-12 11:25:51] --- current velocity: 13.552157337148001 (frenet_interface.py:258)
INFO     [2025-01-12 11:25:51] --- current target velocity: 8.8753 (frenet_interface.py:259)
INFO     [2025-01-12 11:25:53] --- Sampled interval of velocity: 0.00 m/s - 19.30 m/s (planner.py:310)
INFO     [2025-01-12 11:25:53] --- current time step: 1 (frenet_interface.py:280)
INFO     [2025-01-12 11:25:53] --- current velocity: 12.666120499704983 (frenet_interface.py:281)
INFO     [2025-01-12 11:25:53] --- current target velocity: 8.552157337148001 (frenet_interface.py:282)
INFO     [2025-01-12 11:25:54] --- Sampled interval of velocity: 0.00 m/s - 18.42 m/s (planner.py:310)
INFO     [2025-01-12 11:25:54] --- current time step: 2 (frenet_interface.py:280)
INFO     [2025-01-12 11:25:54] --- current velocity: 11.342275488834321 (frenet_interface.py:281)
INFO     [2025-01-12 11:25:54] --- current target velocity: 7.6661204997049825 (frenet_interface.py:282)
INFO     [2025-01-12 11:25:55] --- Sampled interval of velocity: 0.00 m/s - 17.09 m/s (planner.py:310)
INFO     [2025-01-12 11:25:55] --- select trajectory 411 (reactive_planner_cpp.py:382)
INFO     [2025-01-12 11:25:55] --- current time step: 3 (frenet_interface.py:257)
INFO     [2025-01-12 11:25:55] --- current velocity: 10.592097821580062 (frenet_interface.py:258)
INFO     [2025-01-12 11:25:55] --- current target velocity: 6.342275488834321 (frenet_interface.py:259)
INFO     [2025-01-12 11:25:57] --- Sampled interval of velocity: 0.00 m/s - 16.34 m/s (planner.py:310)
INFO     [2025-01-12 11:25:57] --- current time step: 4 (frenet_interface.py:280)
INFO     [2025-01-12 11:25:57] --- current velocity: 9.8479116564849 (frenet_interface.py:281)
INFO     [2025-01-12 11:25:57] --- current target velocity: 5.592097821580062 (frenet_interface.py:282)
INFO     [2025-01-12 11:25:58] --- Sampled interval of velocity: 0.00 m/s - 15.60 m/s (planner.py:310)
INFO     [2025-01-12 11:25:58] --- current time step: 5 (frenet_interface.py:280)
INFO     [2025-01-12 11:25:58] --- current velocity: 9.117654218305104 (frenet_interface.py:281)
INFO     [2025-01-12 11:25:58] --- current target velocity: 4.8479116564849 (frenet_interface.py:282)
INFO     [2025-01-12 11:25:59] --- Sampled interval of velocity: 0.00 m/s - 14.87 m/s (planner.py:310)
INFO     [2025-01-12 11:25:59] --- select trajectory 111 (reactive_planner_cpp.py:382)
INFO     [2025-01-12 11:25:59] --- current time step: 6 (frenet_interface.py:257)
INFO     [2025-01-12 11:25:59] --- current velocity: 8.694096480080782 (frenet_interface.py:258)
INFO     [2025-01-12 11:25:59] --- current target velocity: 4.117654218305104 (frenet_interface.py:259)
INFO     [2025-01-12 11:26:02] --- Sampled interval of velocity: 0.00 m/s - 14.44 m/s (planner.py:310)
INFO     [2025-01-12 11:26:02] --- current time step: 7 (frenet_interface.py:280)
INFO     [2025-01-12 11:26:02] --- current velocity: 8.164615487654412 (frenet_interface.py:281)
INFO     [2025-01-12 11:26:02] --- current target velocity: 3.6940964800807823 (frenet_interface.py:282)
INFO     [2025-01-12 11:26:03] --- Sampled interval of velocity: 0.00 m/s - 13.91 m/s (planner.py:310)
INFO     [2025-01-12 11:26:03] --- current time step: 8 (frenet_interface.py:280)
INFO     [2025-01-12 11:26:03] --- current velocity: 7.560028725858796 (frenet_interface.py:281)
INFO     [2025-01-12 11:26:03] --- current target velocity: 3.1646154876544124 (frenet_interface.py:282)
INFO     [2025-01-12 11:26:04] --- Sampled interval of velocity: 0.00 m/s - 13.31 m/s (planner.py:310)
INFO     [2025-01-12 11:26:04] --- select trajectory 111 (reactive_planner_cpp.py:382)
INFO     [2025-01-12 11:26:04] --- current time step: 9 (frenet_interface.py:257)
INFO     [2025-01-12 11:26:04] --- current velocity: 7.200365803539791 (frenet_interface.py:258)
INFO     [2025-01-12 11:26:04] --- current target velocity: 2.9384807357662988 (frenet_interface.py:259)
INFO     [2025-01-12 11:26:07] --- Sampled interval of velocity: 0.00 m/s - 12.95 m/s (planner.py:310)
INFO     [2025-01-12 11:26:07] --- current time step: 10 (frenet_interface.py:280)
INFO     [2025-01-12 11:26:07] --- current velocity: 6.768234378461549 (frenet_interface.py:281)
INFO     [2025-01-12 11:26:07] --- current target velocity: 2.9064757461793778 (frenet_interface.py:282)
INFO     [2025-01-12 11:26:07] --- Sampled interval of velocity: 0.00 m/s - 12.52 m/s (planner.py:310)
INFO     [2025-01-12 11:26:07] --- current time step: 11 (frenet_interface.py:280)
INFO     [2025-01-12 11:26:07] --- current velocity: 6.286120951164441 (frenet_interface.py:281)
INFO     [2025-01-12 11:26:07] --- current target velocity: 2.8768893200621943 (frenet_interface.py:282)
INFO     [2025-01-12 11:26:09] --- Sampled interval of velocity: 0.00 m/s - 12.04 m/s (planner.py:310)
INFO     [2025-01-12 11:26:09] --- select trajectory 111 (reactive_planner_cpp.py:382)
INFO     [2025-01-12 11:26:09] --- current time step: 12 (frenet_interface.py:257)
INFO     [2025-01-12 11:26:09] --- current velocity: 6.003362581510082 (frenet_interface.py:258)
INFO     [2025-01-12 11:26:09] --- current target velocity: 2.850221316633299 (frenet_interface.py:259)
INFO     [2025-01-12 11:26:11] --- Sampled interval of velocity: 0.00 m/s - 11.75 m/s (planner.py:310)
INFO     [2025-01-12 11:26:11] --- current time step: 13 (frenet_interface.py:280)
INFO     [2025-01-12 11:26:11] --- current velocity: 5.666130672936061 (frenet_interface.py:281)
INFO     [2025-01-12 11:26:11] --- current target velocity: 2.82595827064053 (frenet_interface.py:282)
INFO     [2025-01-12 11:26:11] --- Sampled interval of velocity: 0.00 m/s - 11.42 m/s (planner.py:310)
INFO     [2025-01-12 11:26:11] --- current time step: 14 (frenet_interface.py:280)
INFO     [2025-01-12 11:26:11] --- current velocity: 5.291577051393174 (frenet_interface.py:281)
INFO     [2025-01-12 11:26:11] --- current target velocity: 2.8036426202797355 (frenet_interface.py:282)
INFO     [2025-01-12 11:26:12] --- Sampled interval of velocity: 0.00 m/s - 11.04 m/s (planner.py:310)
INFO     [2025-01-12 11:26:12] --- select trajectory 111 (reactive_planner_cpp.py:382)
INFO     [2025-01-12 11:26:12] --- current time step: 15 (frenet_interface.py:257)
INFO     [2025-01-12 11:26:12] --- current velocity: 5.072518474347337 (frenet_interface.py:258)
INFO     [2025-01-12 11:26:12] --- current target velocity: 2.7836604827320355 (frenet_interface.py:259)
INFO     [2025-01-12 11:26:15] --- Sampled interval of velocity: 0.00 m/s - 10.82 m/s (planner.py:310)
INFO     [2025-01-12 11:26:15] --- current time step: 16 (frenet_interface.py:280)
INFO     [2025-01-12 11:26:15] --- current velocity: 4.811644374733086 (frenet_interface.py:281)
INFO     [2025-01-12 11:26:15] --- current target velocity: 2.765597159472859 (frenet_interface.py:282)
INFO     [2025-01-12 11:26:15] --- Sampled interval of velocity: 0.00 m/s - 10.56 m/s (planner.py:310)
INFO     [2025-01-12 11:26:15] --- current time step: 17 (frenet_interface.py:280)
INFO     [2025-01-12 11:26:15] --- current velocity: 4.522161233115931 (frenet_interface.py:281)
INFO     [2025-01-12 11:26:15] --- current target velocity: 2.7490864128297647 (frenet_interface.py:282)
INFO     [2025-01-12 11:26:16] --- Sampled interval of velocity: 0.00 m/s - 10.27 m/s (planner.py:310)
INFO     [2025-01-12 11:26:16] --- select trajectory 111 (reactive_planner_cpp.py:382)
INFO     [2025-01-12 11:26:16] --- current time step: 18 (frenet_interface.py:257)
INFO     [2025-01-12 11:26:16] --- current velocity: 4.352952693947942 (frenet_interface.py:258)
INFO     [2025-01-12 11:26:16] --- current target velocity: 2.734432594180895 (frenet_interface.py:259)
INFO     [2025-01-12 11:26:19] --- Sampled interval of velocity: 0.00 m/s - 10.10 m/s (planner.py:310)
INFO     [2025-01-12 11:26:19] --- current time step: 19 (frenet_interface.py:280)
INFO     [2025-01-12 11:26:19] --- current velocity: 4.151504905904273 (frenet_interface.py:281)
INFO     [2025-01-12 11:26:19] --- current target velocity: 2.7213077050359553 (frenet_interface.py:282)
INFO     [2025-01-12 11:26:19] --- Sampled interval of velocity: 0.00 m/s - 9.90 m/s (planner.py:310)
INFO     [2025-01-12 11:26:19] --- current time step: 20 (frenet_interface.py:280)
INFO     [2025-01-12 11:26:19] --- current velocity: 3.9280062449652693 (frenet_interface.py:281)
INFO     [2025-01-12 11:26:19] --- current target velocity: 2.709422563011392 (frenet_interface.py:282)
INFO     [2025-01-12 11:26:20] --- Sampled interval of velocity: 0.00 m/s - 9.68 m/s (planner.py:310)
INFO     [2025-01-12 11:26:20] --- select trajectory 411 (reactive_planner_cpp.py:382)
INFO     [2025-01-12 11:26:20] --- current time step: 21 (frenet_interface.py:257)
INFO     [2025-01-12 11:26:20] --- current velocity: 3.806382860139477 (frenet_interface.py:258)
INFO     [2025-01-12 11:26:20] --- current target velocity: 2.699018295662965 (frenet_interface.py:259)
INFO     [2025-01-12 11:26:22] --- Sampled interval of velocity: 0.00 m/s - 9.56 m/s (planner.py:310)
INFO     [2025-01-12 11:26:22] --- current time step: 22 (frenet_interface.py:280)
INFO     [2025-01-12 11:26:22] --- current velocity: 3.674678011854134 (frenet_interface.py:281)
INFO     [2025-01-12 11:26:22] --- current target velocity: 2.6898124385115696 (frenet_interface.py:282)
INFO     [2025-01-12 11:26:22] --- Sampled interval of velocity: 0.00 m/s - 9.42 m/s (planner.py:310)
INFO     [2025-01-12 11:26:22] --- current time step: 23 (frenet_interface.py:280)
INFO     [2025-01-12 11:26:22] --- current velocity: 3.5359477031264857 (frenet_interface.py:281)
INFO     [2025-01-12 11:26:22] --- current target velocity: 2.6814677486839993 (frenet_interface.py:282)
INFO     [2025-01-12 11:26:23] --- Sampled interval of velocity: 0.00 m/s - 9.29 m/s (planner.py:310)
INFO     [2025-01-12 11:26:23] --- select trajectory 711 (reactive_planner_cpp.py:382)
INFO     [2025-01-12 11:26:23] --- current time step: 24 (frenet_interface.py:257)
INFO     [2025-01-12 11:26:23] --- current velocity: 3.466008755048157 (frenet_interface.py:258)
INFO     [2025-01-12 11:26:23] --- current target velocity: 2.674073321931421 (frenet_interface.py:259)
INFO     [2025-01-12 11:26:25] --- Sampled interval of velocity: 0.00 m/s - 9.22 m/s (planner.py:310)
INFO     [2025-01-12 11:26:25] --- current time step: 25 (frenet_interface.py:280)
INFO     [2025-01-12 11:26:25] --- current velocity: 3.3974620370934048 (frenet_interface.py:281)
INFO     [2025-01-12 11:26:25] --- current target velocity: 2.6674056457948647 (frenet_interface.py:282)
INFO     [2025-01-12 11:26:26] --- Sampled interval of velocity: 0.00 m/s - 9.15 m/s (planner.py:310)
INFO     [2025-01-12 11:26:26] --- current time step: 26 (frenet_interface.py:280)
INFO     [2025-01-12 11:26:26] --- current velocity: 3.3303762277708526 (frenet_interface.py:281)
INFO     [2025-01-12 11:26:26] --- current target velocity: 2.6611925487399932 (frenet_interface.py:282)
INFO     [2025-01-12 11:26:27] --- Sampled interval of velocity: 0.00 m/s - 9.08 m/s (planner.py:310)
INFO     [2025-01-12 11:26:27] --- select trajectory 711 (reactive_planner_cpp.py:382)
INFO     [2025-01-12 11:26:27] --- current time step: 27 (frenet_interface.py:257)
INFO     [2025-01-12 11:26:27] --- current velocity: 3.2959309482853634 (frenet_interface.py:258)
INFO     [2025-01-12 11:26:27] --- current target velocity: 2.6554335157263576 (frenet_interface.py:259)
INFO     [2025-01-12 11:26:29] --- Sampled interval of velocity: 0.00 m/s - 9.05 m/s (planner.py:310)
INFO     [2025-01-12 11:26:29] --- current time step: 28 (frenet_interface.py:280)
INFO     [2025-01-12 11:26:29] --- current velocity: 3.259094074629432 (frenet_interface.py:281)
INFO     [2025-01-12 11:26:29] --- current target velocity: 2.64999607928988 (frenet_interface.py:282)
INFO     [2025-01-12 11:26:29] --- Sampled interval of velocity: 0.00 m/s - 9.01 m/s (planner.py:310)
INFO     [2025-01-12 11:26:29] --- current time step: 29 (frenet_interface.py:280)
INFO     [2025-01-12 11:26:29] --- current velocity: 3.2201154023253573 (frenet_interface.py:281)
INFO     [2025-01-12 11:26:29] --- current target velocity: 2.6447652014847924 (frenet_interface.py:282)
INFO     [2025-01-12 11:26:30] --- Sampled interval of velocity: 0.00 m/s - 8.97 m/s (planner.py:310)
INFO     [2025-01-12 11:26:30] --- select trajectory 196 (reactive_planner_cpp.py:382)
INFO     [2025-01-12 11:26:30] --- current time step: 30 (frenet_interface.py:257)
INFO     [2025-01-12 11:26:30] --- current velocity: 3.128624758579875 (frenet_interface.py:258)
INFO     [2025-01-12 11:26:30] --- current target velocity: 2.639765137489855 (frenet_interface.py:259)
INFO     [2025-01-12 11:26:32] --- Sampled interval of velocity: 0.00 m/s - 8.88 m/s (planner.py:310)
INFO     [2025-01-12 11:26:32] --- current time step: 31 (frenet_interface.py:280)
INFO     [2025-01-12 11:26:32] --- current velocity: 2.9128070830966166 (frenet_interface.py:281)
INFO     [2025-01-12 11:26:32] --- current target velocity: 2.6351368872754897 (frenet_interface.py:282)
INFO     [2025-01-12 11:26:33] --- Sampled interval of velocity: 0.00 m/s - 8.66 m/s (planner.py:310)
INFO     [2025-01-12 11:26:33] --- current time step: 32 (frenet_interface.py:280)
INFO     [2025-01-12 11:26:33] --- current velocity: 2.6006943081146066 (frenet_interface.py:281)
INFO     [2025-01-12 11:26:33] --- current target velocity: 2.631762770838497 (frenet_interface.py:282)
INFO     [2025-01-12 11:26:33] --- Sampled interval of velocity: 0.00 m/s - 8.35 m/s (planner.py:310)
INFO     [2025-01-12 11:26:33] --- select trajectory 501 (reactive_planner_cpp.py:382)
INFO     [2025-01-12 11:26:33] --- current time step: 33 (frenet_interface.py:257)
INFO     [2025-01-12 11:26:33] --- current velocity: 2.431745171010247 (frenet_interface.py:258)
INFO     [2025-01-12 11:26:33] --- current target velocity: 2.6306261801105975 (frenet_interface.py:259)
INFO     [2025-01-12 11:26:35] --- Sampled interval of velocity: 0.00 m/s - 8.18 m/s (planner.py:310)
INFO     [2025-01-12 11:26:35] --- current time step: 34 (frenet_interface.py:280)
INFO     [2025-01-12 11:26:35] --- current velocity: 2.275484128914038 (frenet_interface.py:281)
INFO     [2025-01-12 11:26:35] --- current target velocity: 2.631630392251959 (frenet_interface.py:282)
INFO     [2025-01-12 11:26:36] --- Sampled interval of velocity: 0.00 m/s - 8.03 m/s (planner.py:310)
INFO     [2025-01-12 11:26:36] --- current time step: 35 (frenet_interface.py:280)
INFO     [2025-01-12 11:26:36] --- current velocity: 2.1314162068915534 (frenet_interface.py:281)
INFO     [2025-01-12 11:26:36] --- current target velocity: 2.634078220731347 (frenet_interface.py:282)
INFO     [2025-01-12 11:26:37] --- Sampled interval of velocity: 0.00 m/s - 7.88 m/s (planner.py:310)
INFO     [2025-01-12 11:26:37] --- select trajectory 301 (reactive_planner_cpp.py:382)
INFO     [2025-01-12 11:26:37] --- current time step: 36 (frenet_interface.py:257)
INFO     [2025-01-12 11:26:37] --- current velocity: 2.061916219077159 (frenet_interface.py:258)
INFO     [2025-01-12 11:26:37] --- current target velocity: 2.6378978977855296 (frenet_interface.py:259)
INFO     [2025-01-12 11:26:39] --- Sampled interval of velocity: 0.00 m/s - 7.81 m/s (planner.py:310)
INFO     [2025-01-12 11:26:39] --- current time step: 37 (frenet_interface.py:280)
INFO     [2025-01-12 11:26:39] --- current velocity: 1.9917834519677406 (frenet_interface.py:281)
INFO     [2025-01-12 11:26:39] --- current target velocity: 2.642729723763243 (frenet_interface.py:282)
INFO     [2025-01-12 11:26:40] --- Sampled interval of velocity: 0.00 m/s - 7.74 m/s (planner.py:310)
INFO     [2025-01-12 11:26:40] --- current time step: 38 (frenet_interface.py:280)
INFO     [2025-01-12 11:26:40] --- current velocity: 1.921364166613628 (frenet_interface.py:281)
INFO     [2025-01-12 11:26:40] --- current target velocity: 2.64827784599453 (frenet_interface.py:282)
INFO     [2025-01-12 11:26:41] --- Sampled interval of velocity: 0.00 m/s - 7.67 m/s (planner.py:310)
INFO     [2025-01-12 11:26:41] --- select trajectory 1 (reactive_planner_cpp.py:382)
INFO     [2025-01-12 11:26:41] --- current time step: 39 (frenet_interface.py:257)
INFO     [2025-01-12 11:26:41] --- current velocity: 1.8805724317661774 (frenet_interface.py:258)
INFO     [2025-01-12 11:26:41] --- current target velocity: 2.6545659784629705 (frenet_interface.py:259)
INFO     [2025-01-12 11:26:43] --- Sampled interval of velocity: 0.00 m/s - 7.63 m/s (planner.py:310)
INFO     [2025-01-12 11:26:43] --- current time step: 40 (frenet_interface.py:280)
INFO     [2025-01-12 11:26:43] --- current velocity: 1.8297225770288967 (frenet_interface.py:281)
INFO     [2025-01-12 11:26:43] --- current target velocity: 2.66147141056172 (frenet_interface.py:282)
INFO     [2025-01-12 11:26:43] --- Sampled interval of velocity: 0.00 m/s - 7.58 m/s (planner.py:310)
INFO     [2025-01-12 11:26:43] --- current time step: 41 (frenet_interface.py:280)
INFO     [2025-01-12 11:26:43] --- current velocity: 1.7704319478150121 (frenet_interface.py:281)
INFO     [2025-01-12 11:26:43] --- current target velocity: 2.6689302356325926 (frenet_interface.py:282)
INFO     [2025-01-12 11:26:44] --- Sampled interval of velocity: 0.00 m/s - 7.52 m/s (planner.py:310)
INFO     [2025-01-12 11:26:44] --- select trajectory 301 (reactive_planner_cpp.py:382)
INFO     [2025-01-12 11:26:44] --- current time step: 42 (frenet_interface.py:257)
INFO     [2025-01-12 11:26:44] --- current velocity: 1.7370565649727818 (frenet_interface.py:258)
INFO     [2025-01-12 11:26:44] --- current target velocity: 2.6770444127989204 (frenet_interface.py:259)
INFO     [2025-01-12 11:26:46] --- Sampled interval of velocity: 0.00 m/s - 7.49 m/s (planner.py:310)
INFO     [2025-01-12 11:26:46] --- current time step: 43 (frenet_interface.py:280)
INFO     [2025-01-12 11:26:46] --- current velocity: 1.7002096474483466 (frenet_interface.py:281)
INFO     [2025-01-12 11:26:46] --- current target velocity: 2.685751881182084 (frenet_interface.py:282)
INFO     [2025-01-12 11:26:47] --- Sampled interval of velocity: 0.00 m/s - 7.45 m/s (planner.py:310)
INFO     [2025-01-12 11:26:47] --- current time step: 44 (frenet_interface.py:280)
INFO     [2025-01-12 11:26:47] --- current velocity: 1.6603521940656067 (frenet_interface.py:281)
INFO     [2025-01-12 11:26:47] --- current target velocity: 2.6949599639103914 (frenet_interface.py:282)
INFO     [2025-01-12 11:26:48] --- Sampled interval of velocity: 0.00 m/s - 7.41 m/s (planner.py:310)
INFO     [2025-01-12 11:26:48] --- select trajectory 91 (reactive_planner_cpp.py:382)
INFO     [2025-01-12 11:26:48] --- current time step: 45 (frenet_interface.py:257)
INFO     [2025-01-12 11:26:48] --- current velocity: 1.6255508188262464 (frenet_interface.py:258)
INFO     [2025-01-12 11:26:48] --- current target velocity: 2.704714265580212 (frenet_interface.py:259)
INFO     [2025-01-12 11:26:50] --- Sampled interval of velocity: 0.00 m/s - 7.38 m/s (planner.py:310)
INFO     [2025-01-12 11:26:50] --- current time step: 46 (frenet_interface.py:280)
INFO     [2025-01-12 11:26:50] --- current velocity: 1.564772539782639 (frenet_interface.py:281)
INFO     [2025-01-12 11:26:50] --- current target velocity: 2.715000158491087 (frenet_interface.py:282)
INFO     [2025-01-12 11:26:51] --- Sampled interval of velocity: 0.00 m/s - 7.31 m/s (planner.py:310)
INFO     [2025-01-12 11:26:51] --- current time step: 47 (frenet_interface.py:280)
INFO     [2025-01-12 11:26:51] --- current velocity: 1.4816425479730906 (frenet_interface.py:281)
INFO     [2025-01-12 11:26:51] --- current target velocity: 2.7259592250653424 (frenet_interface.py:282)
INFO     [2025-01-12 11:26:52] --- Sampled interval of velocity: 0.00 m/s - 7.23 m/s (planner.py:310)
INFO     [2025-01-12 11:26:52] --- select trajectory 391 (reactive_planner_cpp.py:382)
INFO     [2025-01-12 11:26:52] --- current time step: 48 (frenet_interface.py:257)
INFO     [2025-01-12 11:26:52] --- current velocity: 1.4309000916403942 (frenet_interface.py:258)
INFO     [2025-01-12 11:26:52] --- current target velocity: 2.737850711128232 (frenet_interface.py:259)
INFO     [2025-01-12 11:26:53] --- Sampled interval of velocity: 0.00 m/s - 7.18 m/s (planner.py:310)
INFO     [2025-01-12 11:26:53] --- current time step: 49 (frenet_interface.py:280)
INFO     [2025-01-12 11:26:53] --- current velocity: 1.3723917452628456 (frenet_interface.py:281)
INFO     [2025-01-12 11:26:53] --- current target velocity: 2.750659645024027 (frenet_interface.py:282)
INFO     [2025-01-12 11:26:54] --- Sampled interval of velocity: 0.00 m/s - 7.12 m/s (planner.py:310)
INFO     [2025-01-12 11:26:54] --- current time step: 50 (frenet_interface.py:280)
INFO     [2025-01-12 11:26:54] --- current velocity: 1.3070498658953413 (frenet_interface.py:281)
INFO     [2025-01-12 11:26:54] --- current target velocity: 2.764279901798614 (frenet_interface.py:282)
INFO     [2025-01-12 11:26:56] --- Sampled interval of velocity: 0.00 m/s - 7.06 m/s (planner.py:310)
INFO     [2025-01-12 11:26:56] --- select trajectory 401 (reactive_planner_cpp.py:382)
INFO     [2025-01-12 11:26:56] --- current time step: 51 (frenet_interface.py:257)
INFO     [2025-01-12 11:26:56] --- current velocity: 1.2713590624405622 (frenet_interface.py:258)
INFO     [2025-01-12 11:26:56] --- current target velocity: 2.7788108047176956 (frenet_interface.py:259)
INFO     [2025-01-12 11:26:57] --- Sampled interval of velocity: 0.00 m/s - 7.02 m/s (planner.py:310)
INFO     [2025-01-12 11:26:57] --- current time step: 52 (frenet_interface.py:280)
INFO     [2025-01-12 11:26:57] --- current velocity: 1.2332723441255466 (frenet_interface.py:281)
INFO     [2025-01-12 11:26:57] --- current target velocity: 2.794165166249636 (frenet_interface.py:282)
INFO     [2025-01-12 11:26:58] --- Sampled interval of velocity: 0.00 m/s - 6.98 m/s (planner.py:310)
INFO     [2025-01-12 11:26:58] --- current time step: 53 (frenet_interface.py:280)
INFO     [2025-01-12 11:26:58] --- current velocity: 1.1935964578755762 (frenet_interface.py:281)
INFO     [2025-01-12 11:26:58] --- current target velocity: 2.810224368534528 (frenet_interface.py:282)
INFO     [2025-01-12 11:26:59] --- Sampled interval of velocity: 0.00 m/s - 6.94 m/s (planner.py:310)
INFO     [2025-01-12 11:26:59] --- select trajectory 81 (reactive_planner_cpp.py:382)
INFO     [2025-01-12 11:26:59] --- current time step: 54 (frenet_interface.py:257)
INFO     [2025-01-12 11:26:59] --- current velocity: 1.1757909248712715 (frenet_interface.py:258)
INFO     [2025-01-12 11:26:59] --- current target velocity: 2.827031643822238 (frenet_interface.py:259)
INFO     [2025-01-12 11:27:01] --- Sampled interval of velocity: 0.00 m/s - 6.93 m/s (planner.py:310)
INFO     [2025-01-12 11:27:01] --- current time step: 55 (frenet_interface.py:280)
INFO     [2025-01-12 11:27:01] --- current velocity: 1.1622976693581988 (frenet_interface.py:281)
INFO     [2025-01-12 11:27:01] --- current target velocity: 2.8445073320960153 (frenet_interface.py:282)
INFO     [2025-01-12 11:27:02] --- Sampled interval of velocity: 0.00 m/s - 6.91 m/s (planner.py:310)
INFO     [2025-01-12 11:27:02] --- current time step: 56 (frenet_interface.py:280)
INFO     [2025-01-12 11:27:02] --- current velocity: 1.1526993741685094 (frenet_interface.py:281)
INFO     [2025-01-12 11:27:02] --- current target velocity: 2.8625267407359276 (frenet_interface.py:282)
INFO     [2025-01-12 11:27:04] --- Sampled interval of velocity: 0.00 m/s - 6.90 m/s (planner.py:310)
INFO     [2025-01-12 11:27:04] --- select trajectory 221 (reactive_planner_cpp.py:382)
INFO     [2025-01-12 11:27:04] --- current time step: 57 (frenet_interface.py:257)
INFO     [2025-01-12 11:27:04] --- current velocity: 1.1595983470286504 (frenet_interface.py:258)
INFO     [2025-01-12 11:27:04] --- current target velocity: 2.8810629952011566 (frenet_interface.py:259)
INFO     [2025-01-12 11:27:06] --- Sampled interval of velocity: 0.00 m/s - 6.91 m/s (planner.py:310)
INFO     [2025-01-12 11:27:06] --- current time step: 58 (frenet_interface.py:280)
INFO     [2025-01-12 11:27:06] --- current velocity: 1.1866097990752003 (frenet_interface.py:281)
INFO     [2025-01-12 11:27:06] --- current target velocity: 2.900037526915972 (frenet_interface.py:282)
INFO     [2025-01-12 11:27:07] --- Sampled interval of velocity: 0.00 m/s - 6.94 m/s (planner.py:310)
INFO     [2025-01-12 11:27:07] --- current time step: 59 (frenet_interface.py:280)
INFO     [2025-01-12 11:27:07] --- current velocity: 1.2315206490596802 (frenet_interface.py:281)
INFO     [2025-01-12 11:27:07] --- current target velocity: 2.9192432744900714 (frenet_interface.py:282)
INFO     [2025-01-12 11:27:09] --- Sampled interval of velocity: 0.00 m/s - 6.98 m/s (planner.py:310)
INFO     [2025-01-12 11:27:09] --- select trajectory 621 (reactive_planner_cpp.py:382)
INFO     [2025-01-12 11:27:09] --- current time step: 60 (frenet_interface.py:257)
INFO     [2025-01-12 11:27:09] --- current velocity: 1.2611163871425732 (frenet_interface.py:258)
INFO     [2025-01-12 11:27:09] --- current target velocity: 2.938474481845018 (frenet_interface.py:259)
INFO     [2025-01-12 11:27:11] --- Sampled interval of velocity: 0.00 m/s - 7.01 m/s (planner.py:310)
INFO     [2025-01-12 11:27:11] --- current time step: 61 (frenet_interface.py:280)
INFO     [2025-01-12 11:27:11] --- current velocity: 1.2964520624776619 (frenet_interface.py:281)
INFO     [2025-01-12 11:27:11] --- current target velocity: 2.9577091958653314 (frenet_interface.py:282)
INFO     [2025-01-12 11:27:12] --- Sampled interval of velocity: 0.00 m/s - 7.05 m/s (planner.py:310)
INFO     [2025-01-12 11:27:12] --- current time step: 62 (frenet_interface.py:280)
INFO     [2025-01-12 11:27:12] --- current velocity: 1.3370346492458793 (frenet_interface.py:281)
INFO     [2025-01-12 11:27:12] --- current target velocity: 2.977012445927644 (frenet_interface.py:282)
INFO     [2025-01-12 11:27:13] --- Sampled interval of velocity: 0.00 m/s - 7.09 m/s (planner.py:310)
INFO     [2025-01-12 11:27:13] --- select trajectory 721 (reactive_planner_cpp.py:382)
INFO     [2025-01-12 11:27:13] --- current time step: 63 (frenet_interface.py:257)
INFO     [2025-01-12 11:27:13] --- current velocity: 1.3614509138401485 (frenet_interface.py:258)
INFO     [2025-01-12 11:27:13] --- current target velocity: 2.996322745796809 (frenet_interface.py:259)
INFO     [2025-01-12 11:27:15] --- Sampled interval of velocity: 0.00 m/s - 7.11 m/s (planner.py:310)
INFO     [2025-01-12 11:27:15] --- current time step: 64 (frenet_interface.py:280)
INFO     [2025-01-12 11:27:15] --- current velocity: 1.39136218039969 (frenet_interface.py:281)
INFO     [2025-01-12 11:27:15] --- current target velocity: 3.0157057619011844 (frenet_interface.py:282)
INFO     [2025-01-12 11:27:17] --- Sampled interval of velocity: 0.00 m/s - 7.14 m/s (planner.py:310)
INFO     [2025-01-12 11:27:17] --- current time step: 65 (frenet_interface.py:280)
INFO     [2025-01-12 11:27:17] --- current velocity: 1.4263247086686466 (frenet_interface.py:281)
INFO     [2025-01-12 11:27:17] --- current target velocity: 3.035226460006553 (frenet_interface.py:282)
INFO     [2025-01-12 11:27:18] --- Sampled interval of velocity: 0.00 m/s - 7.18 m/s (planner.py:310)
INFO     [2025-01-12 11:27:18] --- select trajectory 111 (reactive_planner_cpp.py:382)
INFO     [2025-01-12 11:27:18] --- current time step: 66 (frenet_interface.py:257)
INFO     [2025-01-12 11:27:18] --- current velocity: 1.4503373574203726 (frenet_interface.py:258)
INFO     [2025-01-12 11:27:18] --- current target velocity: 3.054826284861808 (frenet_interface.py:259)
INFO     [2025-01-12 11:27:20] --- Sampled interval of velocity: 0.00 m/s - 7.20 m/s (planner.py:310)
INFO     [2025-01-12 11:27:20] --- current time step: 67 (frenet_interface.py:280)
INFO     [2025-01-12 11:27:20] --- current velocity: 1.4834373374017835 (frenet_interface.py:281)
INFO     [2025-01-12 11:27:20] --- current target velocity: 3.0745500944348727 (frenet_interface.py:282)
INFO     [2025-01-12 11:27:22] --- Sampled interval of velocity: 0.00 m/s - 7.23 m/s (planner.py:310)
INFO     [2025-01-12 11:27:22] --- current time step: 68 (frenet_interface.py:280)
INFO     [2025-01-12 11:27:22] --- current velocity: 1.523228067535111 (frenet_interface.py:281)
INFO     [2025-01-12 11:27:22] --- current target velocity: 3.0944058989405256 (frenet_interface.py:282)
INFO     [2025-01-12 11:27:23] --- Sampled interval of velocity: 0.00 m/s - 7.27 m/s (planner.py:310)
INFO     [2025-01-12 11:27:23] --- select trajectory 151 (reactive_planner_cpp.py:382)
INFO     [2025-01-12 11:27:23] --- current time step: 69 (frenet_interface.py:257)
INFO     [2025-01-12 11:27:23] --- current velocity: 1.6323007324802346 (frenet_interface.py:258)
INFO     [2025-01-12 11:27:23] --- current target velocity: 3.1143000351810386 (frenet_interface.py:259)
INFO     [2025-01-12 11:27:25] --- Sampled interval of velocity: 0.00 m/s - 7.38 m/s (planner.py:310)
INFO     [2025-01-12 11:27:25] --- current time step: 70 (frenet_interface.py:280)
INFO     [2025-01-12 11:27:25] --- current velocity: 1.8942482559618947 (frenet_interface.py:281)
INFO     [2025-01-12 11:27:25] --- current target velocity: 3.1339292570946875 (frenet_interface.py:282)
INFO     [2025-01-12 11:27:25] --- Sampled interval of velocity: 0.00 m/s - 7.64 m/s (planner.py:310)
INFO     [2025-01-12 11:27:25] --- current time step: 71 (frenet_interface.py:280)
INFO     [2025-01-12 11:27:25] --- current velocity: 2.274670798412211 (frenet_interface.py:281)
INFO     [2025-01-12 11:27:25] --- current target velocity: 3.15164670588348 (frenet_interface.py:282)
INFO     [2025-01-12 11:27:28] --- Sampled interval of velocity: 0.00 m/s - 8.02 m/s (planner.py:310)
INFO     [2025-01-12 11:27:29] --- select trajectory 321 (reactive_planner_cpp.py:382)
INFO     [2025-01-12 11:27:29] --- current time step: 72 (frenet_interface.py:257)
INFO     [2025-01-12 11:27:29] --- current velocity: 2.4746036878129556 (frenet_interface.py:258)
INFO     [2025-01-12 11:27:29] --- current target velocity: 3.1656158846888207 (frenet_interface.py:259)
INFO     [2025-01-12 11:27:30] --- Sampled interval of velocity: 0.00 m/s - 8.22 m/s (planner.py:310)
INFO     [2025-01-12 11:27:30] --- current time step: 73 (frenet_interface.py:280)
INFO     [2025-01-12 11:27:30] --- current velocity: 2.647344386395923 (frenet_interface.py:281)
INFO     [2025-01-12 11:27:30] --- current target velocity: 3.1759927485918684 (frenet_interface.py:282)
INFO     [2025-01-12 11:27:31] --- Sampled interval of velocity: 0.00 m/s - 8.40 m/s (planner.py:310)
INFO     [2025-01-12 11:27:31] --- current time step: 74 (frenet_interface.py:280)
INFO     [2025-01-12 11:27:31] --- current velocity: 2.7945960977509956 (frenet_interface.py:281)
INFO     [2025-01-12 11:27:31] --- current target velocity: 3.1841637307289035 (frenet_interface.py:282)
INFO     [2025-01-12 11:27:33] --- Sampled interval of velocity: 0.00 m/s - 8.54 m/s (planner.py:310)
INFO     [2025-01-12 11:27:33] --- select trajectory 121 (reactive_planner_cpp.py:382)
INFO     [2025-01-12 11:27:33] --- current time step: 75 (frenet_interface.py:257)
INFO     [2025-01-12 11:27:33] --- current velocity: 2.8599672844743727 (frenet_interface.py:258)
INFO     [2025-01-12 11:27:33] --- current target velocity: 3.1903953573672275 (frenet_interface.py:259)
INFO     [2025-01-12 11:27:35] --- Sampled interval of velocity: 0.00 m/s - 8.61 m/s (planner.py:310)
INFO     [2025-01-12 11:27:35] --- current time step: 76 (frenet_interface.py:280)
INFO     [2025-01-12 11:27:35] --- current velocity: 2.9207727060930693 (frenet_interface.py:281)
INFO     [2025-01-12 11:27:35] --- current target velocity: 3.1953645047399015 (frenet_interface.py:282)
INFO     [2025-01-12 11:27:37] --- Sampled interval of velocity: 0.00 m/s - 8.67 m/s (planner.py:310)
INFO     [2025-01-12 11:27:37] --- current time step: 77 (frenet_interface.py:280)
INFO     [2025-01-12 11:27:37] --- current velocity: 2.9766625835981526 (frenet_interface.py:281)
INFO     [2025-01-12 11:27:37] --- current target velocity: 3.1995950527041392 (frenet_interface.py:282)
INFO     [2025-01-12 11:27:38] --- Sampled interval of velocity: 0.00 m/s - 8.73 m/s (planner.py:310)
INFO     [2025-01-12 11:27:38] --- select trajectory 421 (reactive_planner_cpp.py:382)
INFO     [2025-01-12 11:27:38] --- current time step: 78 (frenet_interface.py:257)
INFO     [2025-01-12 11:27:38] --- current velocity: 3.0039696852825775 (frenet_interface.py:258)
INFO     [2025-01-12 11:27:38] --- current target velocity: 3.2031225626175877 (frenet_interface.py:259)
INFO     [2025-01-12 11:27:41] --- Sampled interval of velocity: 0.00 m/s - 8.75 m/s (planner.py:310)
INFO     [2025-01-12 11:27:41] --- current time step: 79 (frenet_interface.py:280)
INFO     [2025-01-12 11:27:41] --- current velocity: 3.0322551959811763 (frenet_interface.py:281)
INFO     [2025-01-12 11:27:41] --- current target velocity: 3.2061641051737655 (frenet_interface.py:282)
INFO     [2025-01-12 11:27:41] --- Sampled interval of velocity: 0.00 m/s - 8.78 m/s (planner.py:310)
INFO     [2025-01-12 11:27:41] --- current time step: 80 (frenet_interface.py:280)
INFO     [2025-01-12 11:27:41] --- current velocity: 3.0610386932660654 (frenet_interface.py:281)
INFO     [2025-01-12 11:27:41] --- current target velocity: 3.2088903831499316 (frenet_interface.py:282)
INFO     [2025-01-12 11:27:44] --- Sampled interval of velocity: 0.00 m/s - 8.81 m/s (planner.py:310)
INFO     [2025-01-12 11:27:44] --- select trajectory 721 (reactive_planner_cpp.py:382)
INFO     [2025-01-12 11:27:44] --- current time step: 81 (frenet_interface.py:257)
INFO     [2025-01-12 11:27:44] --- current velocity: 3.0753228624005216 (frenet_interface.py:258)
INFO     [2025-01-12 11:27:44] --- current target velocity: 3.2112766319641604 (frenet_interface.py:259)
INFO     [2025-01-12 11:27:45] --- Sampled interval of velocity: 0.00 m/s - 8.83 m/s (planner.py:310)
INFO     [2025-01-12 11:27:45] --- current time step: 82 (frenet_interface.py:280)
INFO     [2025-01-12 11:27:45] --- current velocity: 3.089294965562312 (frenet_interface.py:281)
INFO     [2025-01-12 11:27:45] --- current target velocity: 3.213412010348894 (frenet_interface.py:282)
INFO     [2025-01-12 11:27:46] --- Sampled interval of velocity: 0.00 m/s - 8.84 m/s (planner.py:310)
INFO     [2025-01-12 11:27:46] --- current time step: 83 (frenet_interface.py:280)
INFO     [2025-01-12 11:27:46] --- current velocity: 3.102942921328383 (frenet_interface.py:281)
INFO     [2025-01-12 11:27:46] --- current target velocity: 3.2153980192488087 (frenet_interface.py:282)
INFO     [2025-01-12 11:27:47] --- Sampled interval of velocity: 0.00 m/s - 8.85 m/s (planner.py:310)
INFO     [2025-01-12 11:27:47] --- select trajectory 721 (reactive_planner_cpp.py:382)
INFO     [2025-01-12 11:27:47] --- current time step: 84 (frenet_interface.py:257)
INFO     [2025-01-12 11:27:47] --- current velocity: 3.109950948761175 (frenet_interface.py:258)
INFO     [2025-01-12 11:27:47] --- current target velocity: 3.2172326586362923 (frenet_interface.py:259)
INFO     [2025-01-12 11:27:49] --- Sampled interval of velocity: 0.00 m/s - 8.86 m/s (planner.py:310)
INFO     [2025-01-12 11:27:49] --- current time step: 85 (frenet_interface.py:280)
INFO     [2025-01-12 11:27:49] --- current velocity: 3.117458680675365 (frenet_interface.py:281)
INFO     [2025-01-12 11:27:49] --- current target velocity: 3.2189643699138726 (frenet_interface.py:282)
INFO     [2025-01-12 11:27:50] --- Sampled interval of velocity: 0.00 m/s - 8.87 m/s (planner.py:310)
INFO     [2025-01-12 11:27:50] --- current time step: 86 (frenet_interface.py:280)
INFO     [2025-01-12 11:27:50] --- current velocity: 3.1254143740577005 (frenet_interface.py:281)
INFO     [2025-01-12 11:27:50] --- current target velocity: 3.2206357832717867 (frenet_interface.py:282)
INFO     [2025-01-12 11:27:51] --- Sampled interval of velocity: 0.00 m/s - 8.88 m/s (planner.py:310)
INFO     [2025-01-12 11:27:51] --- select trajectory 701 (reactive_planner_cpp.py:382)
INFO     [2025-01-12 11:27:51] --- current time step: 87 (frenet_interface.py:257)
INFO     [2025-01-12 11:27:51] --- current velocity: 3.1226602667740027 (frenet_interface.py:258)
INFO     [2025-01-12 11:27:51] --- current target velocity: 3.222236338601027 (frenet_interface.py:259)
INFO     [2025-01-12 11:27:53] --- Sampled interval of velocity: 0.00 m/s - 8.87 m/s (planner.py:310)
INFO     [2025-01-12 11:27:53] --- current time step: 88 (frenet_interface.py:280)
INFO     [2025-01-12 11:27:53] --- current velocity: 3.106850727542448 (frenet_interface.py:281)
INFO     [2025-01-12 11:27:53] --- current target velocity: 3.2238276929509357 (frenet_interface.py:282)
INFO     [2025-01-12 11:27:54] --- Sampled interval of velocity: 0.00 m/s - 8.86 m/s (planner.py:310)
INFO     [2025-01-12 11:27:54] --- current time step: 89 (frenet_interface.py:280)
INFO     [2025-01-12 11:27:54] --- current velocity: 3.078908570032185 (frenet_interface.py:281)
INFO     [2025-01-12 11:27:54] --- current target velocity: 3.2256280711862693 (frenet_interface.py:282)
INFO     [2025-01-12 11:27:55] --- Sampled interval of velocity: 0.00 m/s - 8.83 m/s (planner.py:310)
INFO     [2025-01-12 11:27:55] --- select trajectory 601 (reactive_planner_cpp.py:382)
INFO     [2025-01-12 11:27:55] --- current time step: 90 (frenet_interface.py:257)
INFO     [2025-01-12 11:27:55] --- current velocity: 3.056318996848862 (frenet_interface.py:258)
INFO     [2025-01-12 11:27:55] --- current target velocity: 3.227861559692566 (frenet_interface.py:259)
INFO     [2025-01-12 11:27:56] --- Sampled interval of velocity: 0.00 m/s - 8.81 m/s (planner.py:310)
INFO     [2025-01-12 11:27:56] --- current time step: 91 (frenet_interface.py:280)
INFO     [2025-01-12 11:27:56] --- current velocity: 3.0228186374496104 (frenet_interface.py:281)
INFO     [2025-01-12 11:27:56] --- current target velocity: 3.230608164448571 (frenet_interface.py:282)
INFO     [2025-01-12 11:27:57] --- Sampled interval of velocity: 0.00 m/s - 8.77 m/s (planner.py:310)
INFO     [2025-01-12 11:27:57] --- current time step: 92 (frenet_interface.py:280)
INFO     [2025-01-12 11:27:57] --- current velocity: 2.979258738913513 (frenet_interface.py:281)
INFO     [2025-01-12 11:27:57] --- current target velocity: 3.2339444027665545 (frenet_interface.py:282)
INFO     [2025-01-12 11:27:58] --- Sampled interval of velocity: 0.00 m/s - 8.73 m/s (planner.py:310)
WARNING  [2025-01-12 11:27:59] --- No optimal trajectory available. Select stopping trajectory! (reactive_planner_cpp.py:407)
INFO     [2025-01-12 11:27:59] --- current time step: 93 (frenet_interface.py:257)
INFO     [2025-01-12 11:27:59] --- current velocity: 2.889931709286577 (frenet_interface.py:258)
INFO     [2025-01-12 11:27:59] --- current target velocity: 3.2380890972063527 (frenet_interface.py:259)
INFO     [2025-01-12 11:28:00] --- Sampled interval of velocity: 0.00 m/s - 8.64 m/s (planner.py:310)
INFO     [2025-01-12 11:28:01] --- current time step: 94 (frenet_interface.py:280)
INFO     [2025-01-12 11:28:01] --- current velocity: 2.6873589735600985 (frenet_interface.py:281)
INFO     [2025-01-12 11:28:01] --- current target velocity: 3.2434161486445263 (frenet_interface.py:282)
INFO     [2025-01-12 11:28:01] --- Sampled interval of velocity: 0.00 m/s - 8.44 m/s (planner.py:310)
INFO     [2025-01-12 11:28:01] --- current time step: 95 (frenet_interface.py:280)
INFO     [2025-01-12 11:28:01] --- current velocity: 2.3971941827887884 (frenet_interface.py:281)
INFO     [2025-01-12 11:28:01] --- current target velocity: 3.251682862855834 (frenet_interface.py:282)
INFO     [2025-01-12 11:28:02] --- Sampled interval of velocity: 0.00 m/s - 8.15 m/s (planner.py:310)
WARNING  [2025-01-12 11:28:02] --- No optimal trajectory available. Select stopping trajectory! (reactive_planner_cpp.py:407)
INFO     [2025-01-12 11:28:02] --- current time step: 96 (frenet_interface.py:257)
INFO     [2025-01-12 11:28:02] --- current velocity: 2.20691822457278 (frenet_interface.py:258)
INFO     [2025-01-12 11:28:02] --- current target velocity: 3.26495033170612 (frenet_interface.py:259)
INFO     [2025-01-12 11:28:04] --- Sampled interval of velocity: 0.00 m/s - 7.96 m/s (planner.py:310)
INFO     [2025-01-12 11:28:04] --- current time step: 97 (frenet_interface.py:280)
INFO     [2025-01-12 11:28:04] --- current velocity: 1.9705236493766254 (frenet_interface.py:281)
INFO     [2025-01-12 11:28:04] --- current target velocity: 3.283382772647261 (frenet_interface.py:282)
INFO     [2025-01-12 11:28:04] --- Sampled interval of velocity: 0.00 m/s - 7.72 m/s (planner.py:310)
INFO     [2025-01-12 11:28:04] --- current time step: 98 (frenet_interface.py:280)
INFO     [2025-01-12 11:28:05] --- current velocity: 1.701546004423207 (frenet_interface.py:281)
INFO     [2025-01-12 11:28:05] --- current target velocity: 3.3067432157613954 (frenet_interface.py:282)
INFO     [2025-01-12 11:28:06] --- Sampled interval of velocity: 0.00 m/s - 7.45 m/s (planner.py:310)
INFO     [2025-01-12 11:28:06] --- select trajectory 21 (reactive_planner_cpp.py:382)
INFO     [2025-01-12 11:28:06] --- current time step: 99 (frenet_interface.py:257)
INFO     [2025-01-12 11:28:06] --- current velocity: 1.588101892242512 (frenet_interface.py:258)
INFO     [2025-01-12 11:28:06] --- current target velocity: 3.336114358046359 (frenet_interface.py:259)
INFO     [2025-01-12 11:28:07] --- Sampled interval of velocity: 0.00 m/s - 7.34 m/s (planner.py:310)
INFO     [2025-01-12 11:28:07] --- current time step: 100 (frenet_interface.py:280)
INFO     [2025-01-12 11:28:07] --- current velocity: 1.5248034956281449 (frenet_interface.py:281)
INFO     [2025-01-12 11:28:07] --- current target velocity: 3.3707205199099475 (frenet_interface.py:282)
INFO     [2025-01-12 11:28:08] --- Sampled interval of velocity: 0.00 m/s - 7.27 m/s (planner.py:310)
INFO     [2025-01-12 11:28:08] --- current time step: 101 (frenet_interface.py:280)
INFO     [2025-01-12 11:28:08] --- current velocity: 1.5060657283130745 (frenet_interface.py:281)
INFO     [2025-01-12 11:28:08] --- current target velocity: 3.40859997665385 (frenet_interface.py:282)
INFO     [2025-01-12 11:28:09] --- Sampled interval of velocity: 0.00 m/s - 7.26 m/s (planner.py:310)
INFO     [2025-01-12 11:28:09] --- select trajectory 111 (reactive_planner_cpp.py:382)
INFO     [2025-01-12 11:28:09] --- current time step: 102 (frenet_interface.py:257)
INFO     [2025-01-12 11:28:09] --- current velocity: 1.5139501688564214 (frenet_interface.py:258)
INFO     [2025-01-12 11:28:09] --- current target velocity: 3.4489541476868593 (frenet_interface.py:259)
INFO     [2025-01-12 11:28:11] --- Sampled interval of velocity: 0.00 m/s - 7.26 m/s (planner.py:310)
INFO     [2025-01-12 11:28:11] --- current time step: 103 (frenet_interface.py:280)
INFO     [2025-01-12 11:28:11] --- current velocity: 1.5340949699964426 (frenet_interface.py:281)
INFO     [2025-01-12 11:28:11] --- current target velocity: 3.4911298460590463 (frenet_interface.py:282)
INFO     [2025-01-12 11:28:12] --- Sampled interval of velocity: 0.00 m/s - 7.28 m/s (planner.py:310)
INFO     [2025-01-12 11:28:12] --- current time step: 104 (frenet_interface.py:280)
INFO     [2025-01-12 11:28:12] --- current velocity: 1.5637586288541334 (frenet_interface.py:281)
INFO     [2025-01-12 11:28:12] --- current target velocity: 3.5348635070384438 (frenet_interface.py:282)
INFO     [2025-01-12 11:28:13] --- Sampled interval of velocity: 0.00 m/s - 7.31 m/s (planner.py:310)
INFO     [2025-01-12 11:28:13] --- select trajectory 116 (reactive_planner_cpp.py:382)
INFO     [2025-01-12 11:28:13] --- current time step: 105 (frenet_interface.py:257)
INFO     [2025-01-12 11:28:13] --- current velocity: 1.583787517854134 (frenet_interface.py:258)
INFO     [2025-01-12 11:28:13] --- current target velocity: 3.580013864231055 (frenet_interface.py:259)
INFO     [2025-01-12 11:28:14] --- Sampled interval of velocity: 0.00 m/s - 7.33 m/s (planner.py:310)
INFO     [2025-01-12 11:28:14] --- current time step: 106 (frenet_interface.py:280)
INFO     [2025-01-12 11:28:14] --- current velocity: 1.6093234253110538 (frenet_interface.py:281)
INFO     [2025-01-12 11:28:14] --- current target velocity: 3.6266828131430215 (frenet_interface.py:282)
INFO     [2025-01-12 11:28:15] --- Sampled interval of velocity: 0.00 m/s - 7.36 m/s (planner.py:310)
INFO     [2025-01-12 11:28:15] --- current time step: 107 (frenet_interface.py:280)
INFO     [2025-01-12 11:28:15] --- current velocity: 1.6388040920400773 (frenet_interface.py:281)
INFO     [2025-01-12 11:28:15] --- current target velocity: 3.675028555181798 (frenet_interface.py:282)
INFO     [2025-01-12 11:28:16] --- Sampled interval of velocity: 0.00 m/s - 7.39 m/s (planner.py:310)
WARNING  [2025-01-12 11:28:17] --- No optimal trajectory available. Select stopping trajectory! (reactive_planner_cpp.py:407)
INFO     [2025-01-12 11:28:17] --- current time step: 108 (frenet_interface.py:257)
INFO     [2025-01-12 11:28:17] --- current velocity: 1.613440331305632 (frenet_interface.py:258)
INFO     [2025-01-12 11:28:17] --- current target velocity: 3.7250585169453756 (frenet_interface.py:259)
INFO     [2025-01-12 11:28:18] --- Sampled interval of velocity: 0.00 m/s - 7.36 m/s (planner.py:310)
INFO     [2025-01-12 11:28:18] --- current time step: 109 (frenet_interface.py:280)
INFO     [2025-01-12 11:28:18] --- current velocity: 1.5167720850185213 (frenet_interface.py:281)
INFO     [2025-01-12 11:28:18] --- current target velocity: 3.7773671933635384 (frenet_interface.py:282)
INFO     [2025-01-12 11:28:19] --- Sampled interval of velocity: 0.00 m/s - 7.27 m/s (planner.py:310)
INFO     [2025-01-12 11:28:19] --- current time step: 110 (frenet_interface.py:280)
INFO     [2025-01-12 11:28:19] --- current velocity: 1.36433234700573 (frenet_interface.py:281)
INFO     [2025-01-12 11:28:19] --- current target velocity: 3.8339560690765606 (frenet_interface.py:282)
INFO     [2025-01-12 11:28:20] --- Sampled interval of velocity: 0.00 m/s - 7.11 m/s (planner.py:310)
WARNING  [2025-01-12 11:28:20] --- No optimal trajectory available. Select stopping trajectory! (reactive_planner_cpp.py:407)
INFO     [2025-01-12 11:28:20] --- current time step: 111 (frenet_interface.py:257)
INFO     [2025-01-12 11:28:20] --- current velocity: 1.2602041701805826 (frenet_interface.py:258)
INFO     [2025-01-12 11:28:20] --- current target velocity: 3.8968351068876856 (frenet_interface.py:259)
INFO     [2025-01-12 11:28:22] --- Sampled interval of velocity: 0.00 m/s - 7.01 m/s (planner.py:310)
INFO     [2025-01-12 11:28:22] --- current time step: 112 (frenet_interface.py:280)
INFO     [2025-01-12 11:28:22] --- current velocity: 1.1282667878622603 (frenet_interface.py:281)
INFO     [2025-01-12 11:28:22] --- current target velocity: 3.9666166800347082 (frenet_interface.py:282)
INFO     [2025-01-12 11:28:23] --- Sampled interval of velocity: 0.00 m/s - 6.88 m/s (planner.py:310)
INFO     [2025-01-12 11:28:23] --- current time step: 113 (frenet_interface.py:280)
INFO     [2025-01-12 11:28:23] --- current velocity: 0.9764691933853168 (frenet_interface.py:281)
INFO     [2025-01-12 11:28:23] --- current target velocity: 4.0435720960144454 (frenet_interface.py:282)
INFO     [2025-01-12 11:28:24] --- Sampled interval of velocity: 0.00 m/s - 6.73 m/s (planner.py:310)
WARNING  [2025-01-12 11:28:24] --- No optimal trajectory available. Select stopping trajectory! (reactive_planner_cpp.py:407)
INFO     [2025-01-12 11:28:24] --- current time step: 114 (frenet_interface.py:257)
INFO     [2025-01-12 11:28:24] --- current velocity: 0.8880150499921663 (frenet_interface.py:258)
INFO     [2025-01-12 11:28:24] --- current target velocity: 4.128997247321869 (frenet_interface.py:259)
INFO     [2025-01-12 11:28:26] --- Sampled interval of velocity: 0.00 m/s - 6.64 m/s (planner.py:310)
INFO     [2025-01-12 11:28:26] --- current time step: 115 (frenet_interface.py:280)
INFO     [2025-01-12 11:28:26] --- current velocity: 0.7849643424401496 (frenet_interface.py:281)
INFO     [2025-01-12 11:28:26] --- current target velocity: 4.222977736729903 (frenet_interface.py:282)
INFO     [2025-01-12 11:28:26] --- Sampled interval of velocity: 0.00 m/s - 6.53 m/s (planner.py:310)
INFO     [2025-01-12 11:28:26] --- current time step: 116 (frenet_interface.py:280)
INFO     [2025-01-12 11:28:26] --- current velocity: 0.6721676005030094 (frenet_interface.py:281)
INFO     [2025-01-12 11:28:26] --- current target velocity: 4.325567850838046 (frenet_interface.py:282)
INFO     [2025-01-12 11:28:28] --- Sampled interval of velocity: 0.00 m/s - 6.42 m/s (planner.py:310)
WARNING  [2025-01-12 11:28:29] --- No optimal trajectory available. Select stopping trajectory! (reactive_planner_cpp.py:407)
INFO     [2025-01-12 11:28:29] --- current time step: 117 (frenet_interface.py:257)
INFO     [2025-01-12 11:28:29] --- current velocity: 0.6085798474263323 (frenet_interface.py:258)
INFO     [2025-01-12 11:28:29] --- current target velocity: 4.43795509506419 (frenet_interface.py:259)
INFO     [2025-01-12 11:28:30] --- Sampled interval of velocity: 0.00 m/s - 6.36 m/s (planner.py:310)
INFO     [2025-01-12 11:28:30] --- current time step: 118 (frenet_interface.py:280)
INFO     [2025-01-12 11:28:30] --- current velocity: 0.5359853392707736 (frenet_interface.py:281)
INFO     [2025-01-12 11:28:30] --- current target velocity: 4.560429242434237 (frenet_interface.py:282)
INFO     [2025-01-12 11:28:31] --- Sampled interval of velocity: 0.00 m/s - 6.29 m/s (planner.py:310)
INFO     [2025-01-12 11:28:31] --- current time step: 119 (frenet_interface.py:280)
INFO     [2025-01-12 11:28:31] --- current velocity: 0.4575578288404689 (frenet_interface.py:281)
INFO     [2025-01-12 11:28:31] --- current target velocity: 4.693346853296181 (frenet_interface.py:282)
INFO     [2025-01-12 11:28:32] --- Sampled interval of velocity: 0.00 m/s - 6.21 m/s (planner.py:310)
WARNING  [2025-01-12 11:28:33] --- No optimal trajectory available. Select stopping trajectory! (reactive_planner_cpp.py:407)
INFO     [2025-01-12 11:28:33] --- current time step: 120 (frenet_interface.py:257)
INFO     [2025-01-12 11:28:33] --- current velocity: 0.41374817867103514 (frenet_interface.py:258)
INFO     [2025-01-12 11:28:33] --- current target velocity: 4.838044143827715 (frenet_interface.py:259)
INFO     [2025-01-12 11:28:34] --- Sampled interval of velocity: 0.00 m/s - 6.16 m/s (planner.py:310)
INFO     [2025-01-12 11:28:34] --- current time step: 121 (frenet_interface.py:280)
INFO     [2025-01-12 11:28:34] --- current velocity: 0.3640224284877395 (frenet_interface.py:281)
INFO     [2025-01-12 11:28:34] --- current target velocity: 4.995251628205801 (frenet_interface.py:282)
INFO     [2025-01-12 11:28:35] --- Sampled interval of velocity: 0.00 m/s - 6.11 m/s (planner.py:310)
INFO     [2025-01-12 11:28:35] --- current time step: 122 (frenet_interface.py:280)
INFO     [2025-01-12 11:28:35] --- current velocity: 0.3105062378286908 (frenet_interface.py:281)
INFO     [2025-01-12 11:28:35] --- current target velocity: 5.165842809147894 (frenet_interface.py:282)
INFO     [2025-01-12 11:28:37] --- Sampled interval of velocity: 0.00 m/s - 6.06 m/s (planner.py:310)
WARNING  [2025-01-12 11:28:37] --- No optimal trajectory available. Select stopping trajectory! (reactive_planner_cpp.py:407)
INFO     [2025-01-12 11:28:37] --- current time step: 123 (frenet_interface.py:257)
INFO     [2025-01-12 11:28:37] --- current velocity: 0.2806931160275376 (frenet_interface.py:258)
INFO     [2025-01-12 11:28:37] --- current target velocity: 5.310506237828691 (frenet_interface.py:259)
INFO     [2025-01-12 11:28:40] --- Sampled interval of velocity: 0.00 m/s - 6.03 m/s (planner.py:310)
INFO     [2025-01-12 11:28:40] --- current time step: 124 (frenet_interface.py:280)
INFO     [2025-01-12 11:28:40] --- current velocity: 0.24691272181481452 (frenet_interface.py:281)
INFO     [2025-01-12 11:28:40] --- current target velocity: 5.280693116027537 (frenet_interface.py:282)
INFO     [2025-01-12 11:28:40] --- Sampled interval of velocity: 0.00 m/s - 6.00 m/s (planner.py:310)
INFO     [2025-01-12 11:28:40] --- current time step: 125 (frenet_interface.py:280)
INFO     [2025-01-12 11:28:40] --- current velocity: 0.21059922540035303 (frenet_interface.py:281)
INFO     [2025-01-12 11:28:40] --- current target velocity: 5.246912721814814 (frenet_interface.py:282)
INFO     [2025-01-12 11:28:42] --- Sampled interval of velocity: 0.00 m/s - 5.96 m/s (planner.py:310)
WARNING  [2025-01-12 11:28:42] --- No optimal trajectory available. Select stopping trajectory! (reactive_planner_cpp.py:407)
INFO     [2025-01-12 11:28:42] --- current time step: 126 (frenet_interface.py:257)
INFO     [2025-01-12 11:28:42] --- current velocity: 0.19038609924280114 (frenet_interface.py:258)
INFO     [2025-01-12 11:28:42] --- current target velocity: 5.210599225400353 (frenet_interface.py:259)
INFO     [2025-01-12 11:28:45] --- Sampled interval of velocity: 0.00 m/s - 5.94 m/s (planner.py:310)
INFO     [2025-01-12 11:28:46] --- current time step: 127 (frenet_interface.py:280)
INFO     [2025-01-12 11:28:46] --- current velocity: 0.16749525550532526 (frenet_interface.py:281)
INFO     [2025-01-12 11:28:46] --- current target velocity: 5.190386099242801 (frenet_interface.py:282)
INFO     [2025-01-12 11:28:46] --- Sampled interval of velocity: 0.00 m/s - 5.92 m/s (planner.py:310)
INFO     [2025-01-12 11:28:46] --- current time step: 128 (frenet_interface.py:280)
INFO     [2025-01-12 11:28:46] --- current velocity: 0.1428965101226504 (frenet_interface.py:281)
INFO     [2025-01-12 11:28:46] --- current target velocity: 5.167495255505325 (frenet_interface.py:282)
INFO     [2025-01-12 11:28:47] --- Sampled interval of velocity: 0.00 m/s - 5.89 m/s (planner.py:310)
WARNING  [2025-01-12 11:28:48] --- No optimal trajectory available. Select stopping trajectory! (reactive_planner_cpp.py:407)
INFO     [2025-01-12 11:28:48] --- current time step: 129 (frenet_interface.py:257)
INFO     [2025-01-12 11:28:48] --- current velocity: 0.1292075731289358 (frenet_interface.py:258)
INFO     [2025-01-12 11:28:48] --- current target velocity: 5.14289651012265 (frenet_interface.py:259)
INFO     [2025-01-12 11:28:50] --- Sampled interval of velocity: 0.00 m/s - 5.88 m/s (planner.py:310)
INFO     [2025-01-12 11:28:50] --- current time step: 130 (frenet_interface.py:280)
INFO     [2025-01-12 11:28:50] --- current velocity: 0.1137076955768325 (frenet_interface.py:281)
INFO     [2025-01-12 11:28:50] --- current target velocity: 5.1292075731289355 (frenet_interface.py:282)
INFO     [2025-01-12 11:28:51] --- Sampled interval of velocity: 0.00 m/s - 5.86 m/s (planner.py:310)
INFO     [2025-01-12 11:28:51] --- current time step: 131 (frenet_interface.py:280)
INFO     [2025-01-12 11:28:51] --- current velocity: 0.09705314126951052 (frenet_interface.py:281)
INFO     [2025-01-12 11:28:51] --- current target velocity: 5.113707695576832 (frenet_interface.py:282)
INFO     [2025-01-12 11:28:52] --- Sampled interval of velocity: 0.00 m/s - 5.85 m/s (planner.py:310)
WARNING  [2025-01-12 11:28:52] --- Planning standstill for the current scenario (reactive_planner_cpp.py:395)
INFO     [2025-01-12 11:28:53] --- current time step: 132 (frenet_interface.py:257)
INFO     [2025-01-12 11:28:53] --- current velocity: 0.0 (frenet_interface.py:258)
INFO     [2025-01-12 11:28:53] --- current target velocity: 5.097053141269511 (frenet_interface.py:259)
INFO     [2025-01-12 11:28:55] --- Sampled interval of velocity: 0.00 m/s - 5.75 m/s (planner.py:310)
INFO     [2025-01-12 11:28:55] --- current time step: 133 (frenet_interface.py:280)
INFO     [2025-01-12 11:28:55] --- current velocity: 0.0 (frenet_interface.py:281)
INFO     [2025-01-12 11:28:55] --- current target velocity: 5.0 (frenet_interface.py:282)
INFO     [2025-01-12 11:28:56] --- Sampled interval of velocity: 0.00 m/s - 5.75 m/s (planner.py:310)
INFO     [2025-01-12 11:28:56] --- current time step: 134 (frenet_interface.py:280)
INFO     [2025-01-12 11:28:56] --- current velocity: 0.0 (frenet_interface.py:281)
INFO     [2025-01-12 11:28:56] --- current target velocity: 5.0 (frenet_interface.py:282)
INFO     [2025-01-12 11:28:57] --- Sampled interval of velocity: 0.00 m/s - 5.75 m/s (planner.py:310)
WARNING  [2025-01-12 11:28:58] --- Planning standstill for the current scenario (reactive_planner_cpp.py:395)
INFO     [2025-01-12 11:28:58] --- current time step: 135 (frenet_interface.py:257)
INFO     [2025-01-12 11:28:58] --- current velocity: 0.0 (frenet_interface.py:258)
INFO     [2025-01-12 11:28:58] --- current target velocity: 5.0 (frenet_interface.py:259)
INFO     [2025-01-12 11:29:00] --- Sampled interval of velocity: 0.00 m/s - 5.75 m/s (planner.py:310)
INFO     [2025-01-12 11:29:00] --- current time step: 136 (frenet_interface.py:280)
INFO     [2025-01-12 11:29:00] --- current velocity: 0.0 (frenet_interface.py:281)
INFO     [2025-01-12 11:29:00] --- current target velocity: 5.0 (frenet_interface.py:282)
INFO     [2025-01-12 11:29:01] --- Sampled interval of velocity: 0.00 m/s - 5.75 m/s (planner.py:310)
INFO     [2025-01-12 11:29:01] --- current time step: 137 (frenet_interface.py:280)
INFO     [2025-01-12 11:29:01] --- current velocity: 0.0 (frenet_interface.py:281)
INFO     [2025-01-12 11:29:01] --- current target velocity: 5.0 (frenet_interface.py:282)
INFO     [2025-01-12 11:29:02] --- Sampled interval of velocity: 0.00 m/s - 5.75 m/s (planner.py:310)
WARNING  [2025-01-12 11:29:02] --- Planning standstill for the current scenario (reactive_planner_cpp.py:395)
INFO     [2025-01-12 11:29:02] --- current time step: 138 (frenet_interface.py:257)
INFO     [2025-01-12 11:29:02] --- current velocity: 0.0 (frenet_interface.py:258)
INFO     [2025-01-12 11:29:02] --- current target velocity: 5.0 (frenet_interface.py:259)
INFO     [2025-01-12 11:29:05] --- Sampled interval of velocity: 0.00 m/s - 5.75 m/s (planner.py:310)
INFO     [2025-01-12 11:29:05] --- current time step: 139 (frenet_interface.py:280)
INFO     [2025-01-12 11:29:05] --- current velocity: 0.0 (frenet_interface.py:281)
INFO     [2025-01-12 11:29:05] --- current target velocity: 5.0 (frenet_interface.py:282)
INFO     [2025-01-12 11:29:05] --- Sampled interval of velocity: 0.00 m/s - 5.75 m/s (planner.py:310)
INFO     [2025-01-12 11:29:05] --- current time step: 140 (frenet_interface.py:280)
INFO     [2025-01-12 11:29:05] --- current velocity: 0.0 (frenet_interface.py:281)
INFO     [2025-01-12 11:29:05] --- current target velocity: 5.0 (frenet_interface.py:282)
INFO     [2025-01-12 11:29:06] --- Sampled interval of velocity: 0.00 m/s - 5.75 m/s (planner.py:310)
WARNING  [2025-01-12 11:29:07] --- Planning standstill for the current scenario (reactive_planner_cpp.py:395)
INFO     [2025-01-12 11:29:07] --- current time step: 141 (frenet_interface.py:257)
INFO     [2025-01-12 11:29:07] --- current velocity: 0.0 (frenet_interface.py:258)
INFO     [2025-01-12 11:29:07] --- current target velocity: 5.0 (frenet_interface.py:259)
INFO     [2025-01-12 11:29:09] --- Sampled interval of velocity: 0.00 m/s - 5.75 m/s (planner.py:310)
INFO     [2025-01-12 11:29:09] --- current time step: 142 (frenet_interface.py:280)
INFO     [2025-01-12 11:29:09] --- current velocity: 0.0 (frenet_interface.py:281)
INFO     [2025-01-12 11:29:09] --- current target velocity: 5.0 (frenet_interface.py:282)
INFO     [2025-01-12 11:29:10] --- Sampled interval of velocity: 0.00 m/s - 5.75 m/s (planner.py:310)
INFO     [2025-01-12 11:29:10] --- current time step: 143 (frenet_interface.py:280)
INFO     [2025-01-12 11:29:10] --- current velocity: 0.0 (frenet_interface.py:281)
INFO     [2025-01-12 11:29:10] --- current target velocity: 5.0 (frenet_interface.py:282)
