CRITICAL [2025-01-12 11:23:50] --- Start Planner Vehicle ID: 1 (frenet_interface.py:67)
INFO     [2025-01-12 11:23:51] --- Sampled interval of velocity: 0.00 m/s - 9.13 m/s (planner.py:310)
INFO     [2025-01-12 11:23:51] --- select trajectory 71 (reactive_planner_cpp.py:382)
INFO     [2025-01-12 11:23:51] --- current time step: 0 (frenet_interface.py:257)
INFO     [2025-01-12 11:23:51] --- current velocity: 3.3752635622624867 (frenet_interface.py:258)
INFO     [2025-01-12 11:23:51] --- current target velocity: 3.3752635 (frenet_interface.py:259)
INFO     [2025-01-12 11:23:53] --- Sampled interval of velocity: 0.00 m/s - 9.13 m/s (planner.py:310)
INFO     [2025-01-12 11:23:53] --- current time step: 1 (frenet_interface.py:280)
INFO     [2025-01-12 11:23:53] --- current velocity: 3.3752637012994735 (frenet_interface.py:281)
INFO     [2025-01-12 11:23:53] --- current target velocity: 3.3752635622624867 (frenet_interface.py:282)
INFO     [2025-01-12 11:23:53] --- Sampled interval of velocity: 0.00 m/s - 9.13 m/s (planner.py:310)
INFO     [2025-01-12 11:23:53] --- current time step: 2 (frenet_interface.py:280)
INFO     [2025-01-12 11:23:53] --- current velocity: 3.375263923337844 (frenet_interface.py:281)
INFO     [2025-01-12 11:23:53] --- current target velocity: 3.3752637012994735 (frenet_interface.py:282)
INFO     [2025-01-12 11:23:54] --- Sampled interval of velocity: 0.00 m/s - 9.13 m/s (planner.py:310)
INFO     [2025-01-12 11:23:54] --- select trajectory 1 (reactive_planner_cpp.py:382)
INFO     [2025-01-12 11:23:54] --- current time step: 3 (frenet_interface.py:257)
INFO     [2025-01-12 11:23:54] --- current velocity: 3.3529858035699625 (frenet_interface.py:258)
INFO     [2025-01-12 11:23:54] --- current target velocity: 3.375263923337844 (frenet_interface.py:259)
INFO     [2025-01-12 11:23:56] --- Sampled interval of velocity: 0.00 m/s - 9.10 m/s (planner.py:310)
INFO     [2025-01-12 11:23:56] --- current time step: 4 (frenet_interface.py:280)
INFO     [2025-01-12 11:23:56] --- current velocity: 3.289788355288503 (frenet_interface.py:281)
INFO     [2025-01-12 11:23:56] --- current target velocity: 3.3529858035699625 (frenet_interface.py:282)
INFO     [2025-01-12 11:23:56] --- Sampled interval of velocity: 0.00 m/s - 9.04 m/s (planner.py:310)
INFO     [2025-01-12 11:23:56] --- current time step: 5 (frenet_interface.py:280)
INFO     [2025-01-12 11:23:56] --- current velocity: 3.19112768551196 (frenet_interface.py:281)
INFO     [2025-01-12 11:23:56] --- current target velocity: 3.289788355288503 (frenet_interface.py:282)
INFO     [2025-01-12 11:23:57] --- Sampled interval of velocity: 0.00 m/s - 8.94 m/s (planner.py:310)
INFO     [2025-01-12 11:23:57] --- select trajectory 191 (reactive_planner_cpp.py:382)
INFO     [2025-01-12 11:23:57] --- current time step: 6 (frenet_interface.py:257)
INFO     [2025-01-12 11:23:57] --- current velocity: 3.0694824186371297 (frenet_interface.py:258)
INFO     [2025-01-12 11:23:57] --- current target velocity: 3.19112768551196 (frenet_interface.py:259)
INFO     [2025-01-12 11:23:59] --- Sampled interval of velocity: 0.00 m/s - 8.82 m/s (planner.py:310)
INFO     [2025-01-12 11:23:59] --- current time step: 7 (frenet_interface.py:280)
INFO     [2025-01-12 11:23:59] --- current velocity: 2.836401393698871 (frenet_interface.py:281)
INFO     [2025-01-12 11:23:59] --- current target velocity: 3.0694824186371297 (frenet_interface.py:282)
INFO     [2025-01-12 11:23:59] --- Sampled interval of velocity: 0.00 m/s - 8.59 m/s (planner.py:310)
INFO     [2025-01-12 11:23:59] --- current time step: 8 (frenet_interface.py:280)
INFO     [2025-01-12 11:23:59] --- current velocity: 2.517805819156782 (frenet_interface.py:281)
INFO     [2025-01-12 11:23:59] --- current target velocity: 2.836401393698871 (frenet_interface.py:282)
INFO     [2025-01-12 11:24:00] --- Sampled interval of velocity: 0.00 m/s - 8.27 m/s (planner.py:310)
INFO     [2025-01-12 11:24:00] --- select trajectory 191 (reactive_planner_cpp.py:382)
INFO     [2025-01-12 11:24:00] --- current time step: 9 (frenet_interface.py:257)
INFO     [2025-01-12 11:24:00] --- current velocity: 2.3134383634638906 (frenet_interface.py:258)
INFO     [2025-01-12 11:24:00] --- current target velocity: 2.517805819156782 (frenet_interface.py:259)
INFO     [2025-01-12 11:24:01] --- Sampled interval of velocity: 0.00 m/s - 8.06 m/s (planner.py:310)
INFO     [2025-01-12 11:24:01] --- current time step: 10 (frenet_interface.py:280)
INFO     [2025-01-12 11:24:01] --- current velocity: 2.0623462029221558 (frenet_interface.py:281)
INFO     [2025-01-12 11:24:01] --- current target velocity: 2.3134383634638906 (frenet_interface.py:282)
INFO     [2025-01-12 11:24:01] --- Sampled interval of velocity: 0.00 m/s - 7.81 m/s (planner.py:310)
INFO     [2025-01-12 11:24:01] --- current time step: 11 (frenet_interface.py:280)
INFO     [2025-01-12 11:24:01] --- current velocity: 1.778475455694883 (frenet_interface.py:281)
INFO     [2025-01-12 11:24:01] --- current target velocity: 2.0623462029221558 (frenet_interface.py:282)
INFO     [2025-01-12 11:24:02] --- Sampled interval of velocity: 0.00 m/s - 7.53 m/s (planner.py:310)
INFO     [2025-01-12 11:24:02] --- select trajectory 191 (reactive_planner_cpp.py:382)
INFO     [2025-01-12 11:24:02] --- current time step: 12 (frenet_interface.py:257)
INFO     [2025-01-12 11:24:02] --- current velocity: 1.614924083759996 (frenet_interface.py:258)
INFO     [2025-01-12 11:24:02] --- current target velocity: 1.778475455694883 (frenet_interface.py:259)
INFO     [2025-01-12 11:24:04] --- Sampled interval of velocity: 0.00 m/s - 7.36 m/s (planner.py:310)
INFO     [2025-01-12 11:24:04] --- current time step: 13 (frenet_interface.py:280)
INFO     [2025-01-12 11:24:04] --- current velocity: 1.4256751732290798 (frenet_interface.py:281)
INFO     [2025-01-12 11:24:04] --- current target velocity: 1.614924083759996 (frenet_interface.py:282)
INFO     [2025-01-12 11:24:04] --- Sampled interval of velocity: 0.00 m/s - 7.18 m/s (planner.py:310)
INFO     [2025-01-12 11:24:04] --- current time step: 14 (frenet_interface.py:280)
INFO     [2025-01-12 11:24:04] --- current velocity: 1.219427518955465 (frenet_interface.py:281)
INFO     [2025-01-12 11:24:04] --- current target velocity: 1.4256751732290798 (frenet_interface.py:282)
INFO     [2025-01-12 11:24:04] --- Sampled interval of velocity: 0.00 m/s - 6.97 m/s (planner.py:310)
WARNING  [2025-01-12 11:24:05] --- No optimal trajectory available. Select stopping trajectory! (reactive_planner_cpp.py:407)
INFO     [2025-01-12 11:24:05] --- current time step: 15 (frenet_interface.py:257)
INFO     [2025-01-12 11:24:05] --- current velocity: 1.103508717996204 (frenet_interface.py:258)
INFO     [2025-01-12 11:24:05] --- current target velocity: 1.219427518955465 (frenet_interface.py:259)
INFO     [2025-01-12 11:24:06] --- Sampled interval of velocity: 0.00 m/s - 6.85 m/s (planner.py:310)
INFO     [2025-01-12 11:24:07] --- current time step: 16 (frenet_interface.py:280)
INFO     [2025-01-12 11:24:07] --- current velocity: 0.9714225985093331 (frenet_interface.py:281)
INFO     [2025-01-12 11:24:07] --- current target velocity: 1.103508717996204 (frenet_interface.py:282)
INFO     [2025-01-12 11:24:07] --- Sampled interval of velocity: 0.00 m/s - 6.72 m/s (planner.py:310)
INFO     [2025-01-12 11:24:07] --- current time step: 17 (frenet_interface.py:280)
INFO     [2025-01-12 11:24:07] --- current velocity: 0.82890174261815 (frenet_interface.py:281)
INFO     [2025-01-12 11:24:07] --- current target velocity: 0.9714225985093331 (frenet_interface.py:282)
INFO     [2025-01-12 11:24:07] --- Sampled interval of velocity: 0.00 m/s - 6.58 m/s (planner.py:310)
WARNING  [2025-01-12 11:24:08] --- No optimal trajectory available. Select stopping trajectory! (reactive_planner_cpp.py:407)
INFO     [2025-01-12 11:24:08] --- current time step: 18 (frenet_interface.py:257)
INFO     [2025-01-12 11:24:08] --- current velocity: 0.7493600314119122 (frenet_interface.py:258)
INFO     [2025-01-12 11:24:08] --- current target velocity: 0.82890174261815 (frenet_interface.py:259)
INFO     [2025-01-12 11:24:09] --- Sampled interval of velocity: 0.00 m/s - 6.50 m/s (planner.py:310)
INFO     [2025-01-12 11:24:09] --- current time step: 19 (frenet_interface.py:280)
INFO     [2025-01-12 11:24:09] --- current velocity: 0.6591280420571327 (frenet_interface.py:281)
INFO     [2025-01-12 11:24:09] --- current target velocity: 0.7493600314119122 (frenet_interface.py:282)
INFO     [2025-01-12 11:24:10] --- Sampled interval of velocity: 0.00 m/s - 6.41 m/s (planner.py:310)
INFO     [2025-01-12 11:24:10] --- current time step: 20 (frenet_interface.py:280)
INFO     [2025-01-12 11:24:10] --- current velocity: 0.5620543929162305 (frenet_interface.py:281)
INFO     [2025-01-12 11:24:10] --- current target velocity: 0.6591280420571327 (frenet_interface.py:282)
INFO     [2025-01-12 11:24:10] --- Sampled interval of velocity: 0.00 m/s - 6.31 m/s (planner.py:310)
WARNING  [2025-01-12 11:24:10] --- No optimal trajectory available. Select stopping trajectory! (reactive_planner_cpp.py:407)
INFO     [2025-01-12 11:24:10] --- current time step: 21 (frenet_interface.py:257)
INFO     [2025-01-12 11:24:10] --- current velocity: 0.507990476576675 (frenet_interface.py:258)
INFO     [2025-01-12 11:24:10] --- current target velocity: 0.5620543929162305 (frenet_interface.py:259)
INFO     [2025-01-12 11:24:12] --- Sampled interval of velocity: 0.00 m/s - 6.26 m/s (planner.py:310)
INFO     [2025-01-12 11:24:12] --- current time step: 22 (frenet_interface.py:280)
INFO     [2025-01-12 11:24:12] --- current velocity: 0.44674270534236216 (frenet_interface.py:281)
INFO     [2025-01-12 11:24:12] --- current target velocity: 0.507990476576675 (frenet_interface.py:282)
INFO     [2025-01-12 11:24:13] --- Sampled interval of velocity: 0.00 m/s - 6.20 m/s (planner.py:310)
INFO     [2025-01-12 11:24:13] --- current time step: 23 (frenet_interface.py:280)
INFO     [2025-01-12 11:24:13] --- current velocity: 0.380909629296649 (frenet_interface.py:281)
INFO     [2025-01-12 11:24:13] --- current target velocity: 0.44674270534236216 (frenet_interface.py:282)
INFO     [2025-01-12 11:24:13] --- Sampled interval of velocity: 0.00 m/s - 6.13 m/s (planner.py:310)
WARNING  [2025-01-12 11:24:13] --- No optimal trajectory available. Select stopping trajectory! (reactive_planner_cpp.py:407)
INFO     [2025-01-12 11:24:13] --- current time step: 24 (frenet_interface.py:257)
INFO     [2025-01-12 11:24:13] --- current velocity: 0.344268044547647 (frenet_interface.py:258)
INFO     [2025-01-12 11:24:13] --- current target velocity: 0.380909629296649 (frenet_interface.py:259)
INFO     [2025-01-12 11:24:14] --- Sampled interval of velocity: 0.00 m/s - 6.09 m/s (planner.py:310)
INFO     [2025-01-12 11:24:14] --- current time step: 25 (frenet_interface.py:280)
INFO     [2025-01-12 11:24:14] --- current velocity: 0.3027745633225987 (frenet_interface.py:281)
INFO     [2025-01-12 11:24:14] --- current target velocity: 0.344268044547647 (frenet_interface.py:282)
INFO     [2025-01-12 11:24:14] --- Sampled interval of velocity: 0.00 m/s - 6.05 m/s (planner.py:310)
INFO     [2025-01-12 11:24:14] --- current time step: 26 (frenet_interface.py:280)
INFO     [2025-01-12 11:24:14] --- current velocity: 0.25818677404955187 (frenet_interface.py:281)
INFO     [2025-01-12 11:24:14] --- current target velocity: 0.3027745633225987 (frenet_interface.py:282)
CRITICAL [2025-01-12 11:47:06] --- Start Planner Vehicle ID: 1 (frenet_interface.py:67)
INFO     [2025-01-12 11:47:07] --- Sampled interval of velocity: 0.00 m/s - 7.86 m/s (planner.py:310)
INFO     [2025-01-12 11:47:07] --- select trajectory 101 (reactive_planner_cpp.py:382)
INFO     [2025-01-12 11:47:07] --- current time step: 0 (frenet_interface.py:257)
INFO     [2025-01-12 11:47:07] --- current velocity: 2.08286886249475 (frenet_interface.py:258)
INFO     [2025-01-12 11:47:07] --- current target velocity: 2.1090964 (frenet_interface.py:259)
INFO     [2025-01-12 11:47:08] --- Sampled interval of velocity: 0.00 m/s - 7.83 m/s (planner.py:310)
INFO     [2025-01-12 11:47:08] --- current time step: 1 (frenet_interface.py:280)
INFO     [2025-01-12 11:47:08] --- current velocity: 2.0109522620924936 (frenet_interface.py:281)
INFO     [2025-01-12 11:47:08] --- current target velocity: 2.08286886249475 (frenet_interface.py:282)
INFO     [2025-01-12 11:47:08] --- Sampled interval of velocity: 0.00 m/s - 7.76 m/s (planner.py:310)
INFO     [2025-01-12 11:47:08] --- current time step: 2 (frenet_interface.py:280)
INFO     [2025-01-12 11:47:08] --- current velocity: 1.9035056706112041 (frenet_interface.py:281)
INFO     [2025-01-12 11:47:08] --- current target velocity: 2.0109522620924936 (frenet_interface.py:282)
INFO     [2025-01-12 11:47:09] --- Sampled interval of velocity: 0.00 m/s - 7.65 m/s (planner.py:310)
INFO     [2025-01-12 11:47:09] --- select trajectory 491 (reactive_planner_cpp.py:382)
INFO     [2025-01-12 11:47:09] --- current time step: 3 (frenet_interface.py:257)
INFO     [2025-01-12 11:47:09] --- current velocity: 1.8234108872135413 (frenet_interface.py:258)
INFO     [2025-01-12 11:47:09] --- current target velocity: 1.9035056706112041 (frenet_interface.py:259)
INFO     [2025-01-12 11:47:10] --- Sampled interval of velocity: 0.00 m/s - 7.57 m/s (planner.py:310)
INFO     [2025-01-12 11:47:10] --- current time step: 4 (frenet_interface.py:280)
INFO     [2025-01-12 11:47:10] --- current velocity: 1.708540190422803 (frenet_interface.py:281)
INFO     [2025-01-12 11:47:10] --- current target velocity: 1.8234108872135413 (frenet_interface.py:282)
INFO     [2025-01-12 11:47:11] --- Sampled interval of velocity: 0.00 m/s - 7.46 m/s (planner.py:310)
INFO     [2025-01-12 11:47:11] --- current time step: 5 (frenet_interface.py:280)
INFO     [2025-01-12 11:47:11] --- current velocity: 1.565906734150926 (frenet_interface.py:281)
INFO     [2025-01-12 11:47:11] --- current target velocity: 1.708540190422803 (frenet_interface.py:282)
INFO     [2025-01-12 11:47:11] --- Sampled interval of velocity: 0.00 m/s - 7.32 m/s (planner.py:310)
INFO     [2025-01-12 11:47:11] --- select trajectory 191 (reactive_planner_cpp.py:382)
INFO     [2025-01-12 11:47:11] --- current time step: 6 (frenet_interface.py:257)
INFO     [2025-01-12 11:47:11] --- current velocity: 1.4656637984078607 (frenet_interface.py:258)
INFO     [2025-01-12 11:47:11] --- current target velocity: 1.565906734150926 (frenet_interface.py:259)
INFO     [2025-01-12 11:47:12] --- Sampled interval of velocity: 0.00 m/s - 7.22 m/s (planner.py:310)
INFO     [2025-01-12 11:47:12] --- current time step: 7 (frenet_interface.py:280)
INFO     [2025-01-12 11:47:12] --- current velocity: 1.326185198190989 (frenet_interface.py:281)
INFO     [2025-01-12 11:47:12] --- current target velocity: 1.4656637984078607 (frenet_interface.py:282)
INFO     [2025-01-12 11:47:13] --- Sampled interval of velocity: 0.00 m/s - 7.08 m/s (planner.py:310)
INFO     [2025-01-12 11:47:13] --- current time step: 8 (frenet_interface.py:280)
INFO     [2025-01-12 11:47:13] --- current velocity: 1.1577381900872794 (frenet_interface.py:281)
INFO     [2025-01-12 11:47:13] --- current target velocity: 1.326185198190989 (frenet_interface.py:282)
INFO     [2025-01-12 11:47:13] --- Sampled interval of velocity: 0.00 m/s - 6.91 m/s (planner.py:310)
INFO     [2025-01-12 11:47:13] --- select trajectory 491 (reactive_planner_cpp.py:382)
INFO     [2025-01-12 11:47:13] --- current time step: 9 (frenet_interface.py:257)
INFO     [2025-01-12 11:47:13] --- current velocity: 1.0634865315220112 (frenet_interface.py:258)
INFO     [2025-01-12 11:47:13] --- current target velocity: 1.1577381900872794 (frenet_interface.py:259)
INFO     [2025-01-12 11:47:15] --- Sampled interval of velocity: 0.00 m/s - 6.81 m/s (planner.py:310)
INFO     [2025-01-12 11:47:15] --- current time step: 10 (frenet_interface.py:280)
INFO     [2025-01-12 11:47:15] --- current velocity: 0.9617787398498768 (frenet_interface.py:281)
INFO     [2025-01-12 11:47:15] --- current target velocity: 1.0634865315220112 (frenet_interface.py:282)
INFO     [2025-01-12 11:47:15] --- Sampled interval of velocity: 0.00 m/s - 6.71 m/s (planner.py:310)
INFO     [2025-01-12 11:47:15] --- current time step: 11 (frenet_interface.py:280)
INFO     [2025-01-12 11:47:15] --- current velocity: 0.8549268503158501 (frenet_interface.py:281)
INFO     [2025-01-12 11:47:15] --- current target velocity: 0.9617787398498768 (frenet_interface.py:282)
INFO     [2025-01-12 11:47:16] --- Sampled interval of velocity: 0.00 m/s - 6.60 m/s (planner.py:310)
INFO     [2025-01-12 11:47:16] --- select trajectory 81 (reactive_planner_cpp.py:382)
INFO     [2025-01-12 11:47:16] --- current time step: 12 (frenet_interface.py:257)
INFO     [2025-01-12 11:47:16] --- current velocity: 0.8068035700029145 (frenet_interface.py:258)
INFO     [2025-01-12 11:47:16] --- current target velocity: 0.8549268503158501 (frenet_interface.py:259)
INFO     [2025-01-12 11:47:18] --- Sampled interval of velocity: 0.00 m/s - 6.56 m/s (planner.py:310)
INFO     [2025-01-12 11:47:18] --- current time step: 13 (frenet_interface.py:280)
INFO     [2025-01-12 11:47:18] --- current velocity: 0.7703351055982574 (frenet_interface.py:281)
INFO     [2025-01-12 11:47:18] --- current target velocity: 0.8068035700029145 (frenet_interface.py:282)
INFO     [2025-01-12 11:47:18] --- Sampled interval of velocity: 0.00 m/s - 6.52 m/s (planner.py:310)
INFO     [2025-01-12 11:47:18] --- current time step: 14 (frenet_interface.py:280)
INFO     [2025-01-12 11:47:18] --- current velocity: 0.7443935876986332 (frenet_interface.py:281)
INFO     [2025-01-12 11:47:18] --- current target velocity: 0.7703351055982574 (frenet_interface.py:282)
INFO     [2025-01-12 11:47:18] --- Sampled interval of velocity: 0.00 m/s - 6.49 m/s (planner.py:310)
INFO     [2025-01-12 11:47:18] --- select trajectory 181 (reactive_planner_cpp.py:382)
INFO     [2025-01-12 11:47:18] --- current time step: 15 (frenet_interface.py:257)
INFO     [2025-01-12 11:47:18] --- current velocity: 0.735693580268889 (frenet_interface.py:258)
INFO     [2025-01-12 11:47:18] --- current target velocity: 0.7443935876986332 (frenet_interface.py:259)
INFO     [2025-01-12 11:47:19] --- Sampled interval of velocity: 0.00 m/s - 6.49 m/s (planner.py:310)
INFO     [2025-01-12 11:47:19] --- current time step: 16 (frenet_interface.py:280)
INFO     [2025-01-12 11:47:19] --- current velocity: 0.7302995571365603 (frenet_interface.py:281)
INFO     [2025-01-12 11:47:19] --- current target velocity: 0.735693580268889 (frenet_interface.py:282)
INFO     [2025-01-12 11:47:20] --- Sampled interval of velocity: 0.00 m/s - 6.48 m/s (planner.py:310)
INFO     [2025-01-12 11:47:20] --- current time step: 17 (frenet_interface.py:280)
INFO     [2025-01-12 11:47:20] --- current velocity: 0.7276895213372042 (frenet_interface.py:281)
INFO     [2025-01-12 11:47:20] --- current target velocity: 0.7302995571365603 (frenet_interface.py:282)
CRITICAL [2025-01-12 11:48:26] --- Start Planner Vehicle ID: 1 (frenet_interface.py:67)
INFO     [2025-01-12 11:48:26] --- Sampled interval of velocity: 0.00 m/s - 20.09 m/s (planner.py:310)
INFO     [2025-01-12 11:48:26] --- select trajectory 51 (reactive_planner_cpp.py:382)
INFO     [2025-01-12 11:48:26] --- current time step: 0 (frenet_interface.py:257)
INFO     [2025-01-12 11:48:26] --- current velocity: 14.343676447601228 (frenet_interface.py:258)
INFO     [2025-01-12 11:48:26] --- current target velocity: 14.339397 (frenet_interface.py:259)
INFO     [2025-01-12 11:48:28] --- Sampled interval of velocity: 0.00 m/s - 20.09 m/s (planner.py:310)
INFO     [2025-01-12 11:48:28] --- current time step: 1 (frenet_interface.py:280)
INFO     [2025-01-12 11:48:28] --- current velocity: 14.35199239508258 (frenet_interface.py:281)
INFO     [2025-01-12 11:48:28] --- current target velocity: 14.343676447601228 (frenet_interface.py:282)
INFO     [2025-01-12 11:48:28] --- Sampled interval of velocity: 0.00 m/s - 20.10 m/s (planner.py:310)
INFO     [2025-01-12 11:48:28] --- current time step: 2 (frenet_interface.py:280)
INFO     [2025-01-12 11:48:28] --- current velocity: 14.357317553266672 (frenet_interface.py:281)
INFO     [2025-01-12 11:48:28] --- current target velocity: 14.35199239508258 (frenet_interface.py:282)
INFO     [2025-01-12 11:48:29] --- Sampled interval of velocity: 0.00 m/s - 20.11 m/s (planner.py:310)
INFO     [2025-01-12 11:48:29] --- select trajectory 51 (reactive_planner_cpp.py:382)
INFO     [2025-01-12 11:48:29] --- current time step: 3 (frenet_interface.py:257)
INFO     [2025-01-12 11:48:29] --- current velocity: 14.360508556066586 (frenet_interface.py:258)
INFO     [2025-01-12 11:48:29] --- current target velocity: 14.357317553266672 (frenet_interface.py:259)
INFO     [2025-01-12 11:48:31] --- Sampled interval of velocity: 0.00 m/s - 20.11 m/s (planner.py:310)
INFO     [2025-01-12 11:48:31] --- current time step: 4 (frenet_interface.py:280)
INFO     [2025-01-12 11:48:31] --- current velocity: 14.369116884931021 (frenet_interface.py:281)
INFO     [2025-01-12 11:48:31] --- current target velocity: 14.360508556066586 (frenet_interface.py:282)
INFO     [2025-01-12 11:48:31] --- Sampled interval of velocity: 0.00 m/s - 20.12 m/s (planner.py:310)
INFO     [2025-01-12 11:48:31] --- current time step: 5 (frenet_interface.py:280)
INFO     [2025-01-12 11:48:31] --- current velocity: 14.380997795550769 (frenet_interface.py:281)
INFO     [2025-01-12 11:48:31] --- current target velocity: 14.369116884931021 (frenet_interface.py:282)
INFO     [2025-01-12 11:48:32] --- Sampled interval of velocity: 0.00 m/s - 20.13 m/s (planner.py:310)
INFO     [2025-01-12 11:48:32] --- select trajectory 51 (reactive_planner_cpp.py:382)
INFO     [2025-01-12 11:48:32] --- current time step: 6 (frenet_interface.py:257)
INFO     [2025-01-12 11:48:32] --- current velocity: 14.390364350593789 (frenet_interface.py:258)
INFO     [2025-01-12 11:48:32] --- current target velocity: 14.380997795550769 (frenet_interface.py:259)
INFO     [2025-01-12 11:48:33] --- Sampled interval of velocity: 0.00 m/s - 20.14 m/s (planner.py:310)
INFO     [2025-01-12 11:48:33] --- current time step: 7 (frenet_interface.py:280)
INFO     [2025-01-12 11:48:33] --- current velocity: 14.39673206241123 (frenet_interface.py:281)
INFO     [2025-01-12 11:48:33] --- current target velocity: 14.390364350593789 (frenet_interface.py:282)
INFO     [2025-01-12 11:48:33] --- Sampled interval of velocity: 0.00 m/s - 20.15 m/s (planner.py:310)
INFO     [2025-01-12 11:48:33] --- current time step: 8 (frenet_interface.py:280)
INFO     [2025-01-12 11:48:33] --- current velocity: 14.40077595716027 (frenet_interface.py:281)
INFO     [2025-01-12 11:48:33] --- current target velocity: 14.39673206241123 (frenet_interface.py:282)
INFO     [2025-01-12 11:48:34] --- Sampled interval of velocity: 0.00 m/s - 20.15 m/s (planner.py:310)
INFO     [2025-01-12 11:48:34] --- select trajectory 51 (reactive_planner_cpp.py:382)
INFO     [2025-01-12 11:48:34] --- current time step: 9 (frenet_interface.py:257)
INFO     [2025-01-12 11:48:34] --- current velocity: 14.402024077480394 (frenet_interface.py:258)
INFO     [2025-01-12 11:48:34] --- current target velocity: 14.40077595716027 (frenet_interface.py:259)
INFO     [2025-01-12 11:48:35] --- Sampled interval of velocity: 0.00 m/s - 20.15 m/s (planner.py:310)
INFO     [2025-01-12 11:48:35] --- current time step: 10 (frenet_interface.py:280)
INFO     [2025-01-12 11:48:35] --- current velocity: 14.40164024136111 (frenet_interface.py:281)
INFO     [2025-01-12 11:48:35] --- current target velocity: 14.402024077480394 (frenet_interface.py:282)
INFO     [2025-01-12 11:48:36] --- Sampled interval of velocity: 0.00 m/s - 20.15 m/s (planner.py:310)
INFO     [2025-01-12 11:48:36] --- current time step: 11 (frenet_interface.py:280)
INFO     [2025-01-12 11:48:36] --- current velocity: 14.39976132424479 (frenet_interface.py:281)
INFO     [2025-01-12 11:48:36] --- current target velocity: 14.40164024136111 (frenet_interface.py:282)
INFO     [2025-01-12 11:48:36] --- Sampled interval of velocity: 0.00 m/s - 20.15 m/s (planner.py:310)
INFO     [2025-01-12 11:48:36] --- select trajectory 51 (reactive_planner_cpp.py:382)
INFO     [2025-01-12 11:48:36] --- current time step: 12 (frenet_interface.py:257)
INFO     [2025-01-12 11:48:36] --- current velocity: 14.396662898300756 (frenet_interface.py:258)
INFO     [2025-01-12 11:48:36] --- current target velocity: 14.39976132424479 (frenet_interface.py:259)
INFO     [2025-01-12 11:48:38] --- Sampled interval of velocity: 0.00 m/s - 20.15 m/s (planner.py:310)
INFO     [2025-01-12 11:48:38] --- current time step: 13 (frenet_interface.py:280)
INFO     [2025-01-12 11:48:38] --- current velocity: 14.39317097296189 (frenet_interface.py:281)
INFO     [2025-01-12 11:48:38] --- current target velocity: 14.396662898300756 (frenet_interface.py:282)
INFO     [2025-01-12 11:48:38] --- Sampled interval of velocity: 0.00 m/s - 20.14 m/s (planner.py:310)
INFO     [2025-01-12 11:48:38] --- current time step: 14 (frenet_interface.py:280)
INFO     [2025-01-12 11:48:38] --- current velocity: 14.389709450184633 (frenet_interface.py:281)
INFO     [2025-01-12 11:48:38] --- current target velocity: 14.39317097296189 (frenet_interface.py:282)
INFO     [2025-01-12 11:48:39] --- Sampled interval of velocity: 0.00 m/s - 20.14 m/s (planner.py:310)
INFO     [2025-01-12 11:48:39] --- select trajectory 451 (reactive_planner_cpp.py:382)
INFO     [2025-01-12 11:48:39] --- current time step: 15 (frenet_interface.py:257)
INFO     [2025-01-12 11:48:39] --- current velocity: 14.386344797892429 (frenet_interface.py:258)
INFO     [2025-01-12 11:48:39] --- current target velocity: 14.389709450184633 (frenet_interface.py:259)
INFO     [2025-01-12 11:48:41] --- Sampled interval of velocity: 0.00 m/s - 20.14 m/s (planner.py:310)
INFO     [2025-01-12 11:48:41] --- current time step: 16 (frenet_interface.py:280)
INFO     [2025-01-12 11:48:41] --- current velocity: 14.382674731918426 (frenet_interface.py:281)
INFO     [2025-01-12 11:48:41] --- current target velocity: 14.386344797892429 (frenet_interface.py:282)
INFO     [2025-01-12 11:48:41] --- Sampled interval of velocity: 0.00 m/s - 20.13 m/s (planner.py:310)
INFO     [2025-01-12 11:48:41] --- current time step: 17 (frenet_interface.py:280)
INFO     [2025-01-12 11:48:41] --- current velocity: 14.378210022755201 (frenet_interface.py:281)
INFO     [2025-01-12 11:48:41] --- current target velocity: 14.382674731918426 (frenet_interface.py:282)
INFO     [2025-01-12 11:48:41] --- Sampled interval of velocity: 0.00 m/s - 20.13 m/s (planner.py:310)
INFO     [2025-01-12 11:48:41] --- select trajectory 151 (reactive_planner_cpp.py:382)
INFO     [2025-01-12 11:48:41] --- current time step: 18 (frenet_interface.py:257)
INFO     [2025-01-12 11:48:41] --- current velocity: 14.373549927857697 (frenet_interface.py:258)
INFO     [2025-01-12 11:48:41] --- current target velocity: 14.378210022755201 (frenet_interface.py:259)
INFO     [2025-01-12 11:48:43] --- Sampled interval of velocity: 0.00 m/s - 20.12 m/s (planner.py:310)
INFO     [2025-01-12 11:48:43] --- current time step: 19 (frenet_interface.py:280)
INFO     [2025-01-12 11:48:43] --- current velocity: 14.36961308905873 (frenet_interface.py:281)
INFO     [2025-01-12 11:48:43] --- current target velocity: 14.373549927857697 (frenet_interface.py:282)
INFO     [2025-01-12 11:48:44] --- Sampled interval of velocity: 0.00 m/s - 20.12 m/s (planner.py:310)
INFO     [2025-01-12 11:48:44] --- current time step: 20 (frenet_interface.py:280)
INFO     [2025-01-12 11:48:44] --- current velocity: 14.366647275309846 (frenet_interface.py:281)
INFO     [2025-01-12 11:48:44] --- current target velocity: 14.36961308905873 (frenet_interface.py:282)
INFO     [2025-01-12 11:48:44] --- Sampled interval of velocity: 0.00 m/s - 20.12 m/s (planner.py:310)
WARNING  [2025-01-12 11:48:46] --- No optimal trajectory available. Select stopping trajectory! (reactive_planner_cpp.py:407)
INFO     [2025-01-12 11:48:46] --- current time step: 21 (frenet_interface.py:257)
INFO     [2025-01-12 11:48:46] --- current velocity: 14.029665084634976 (frenet_interface.py:258)
INFO     [2025-01-12 11:48:46] --- current target velocity: 14.366647275309846 (frenet_interface.py:259)
INFO     [2025-01-12 11:48:48] --- Sampled interval of velocity: 0.00 m/s - 19.78 m/s (planner.py:310)
INFO     [2025-01-12 11:48:48] --- current time step: 22 (frenet_interface.py:280)
INFO     [2025-01-12 11:48:48] --- current velocity: 13.110449554486262 (frenet_interface.py:281)
INFO     [2025-01-12 11:48:48] --- current target velocity: 14.029665084634976 (frenet_interface.py:282)
