CRITICAL [2025-01-12 11:24:22] --- Start Planner Vehicle ID: 30630 (frenet_interface.py:67)
INFO     [2025-01-12 11:24:26] --- Sampled interval of velocity: 0.00 m/s - 19.76 m/s (planner.py:310)
INFO     [2025-01-12 11:24:26] --- select trajectory 421 (reactive_planner_cpp.py:382)
INFO     [2025-01-12 11:24:26] --- current time step: 0 (frenet_interface.py:257)
INFO     [2025-01-12 11:24:26] --- current velocity: 13.91627638234011 (frenet_interface.py:258)
INFO     [2025-01-12 11:24:26] --- current target velocity: 14.0125 (frenet_interface.py:259)
INFO     [2025-01-12 11:24:29] --- Sampled interval of velocity: 0.00 m/s - 19.67 m/s (planner.py:310)
INFO     [2025-01-12 11:24:29] --- current time step: 1 (frenet_interface.py:280)
INFO     [2025-01-12 11:24:29] --- current velocity: 13.646850304481267 (frenet_interface.py:281)
INFO     [2025-01-12 11:24:29] --- current target velocity: 13.91627638234011 (frenet_interface.py:282)
INFO     [2025-01-12 11:24:31] --- Sampled interval of velocity: 0.00 m/s - 19.40 m/s (planner.py:310)
INFO     [2025-01-12 11:24:31] --- current time step: 2 (frenet_interface.py:280)
INFO     [2025-01-12 11:24:31] --- current velocity: 13.233088923777464 (frenet_interface.py:281)
INFO     [2025-01-12 11:24:31] --- current target velocity: 13.646850304481267 (frenet_interface.py:282)
INFO     [2025-01-12 11:24:32] --- Sampled interval of velocity: 0.00 m/s - 18.98 m/s (planner.py:310)
INFO     [2025-01-12 11:24:32] --- select trajectory 151 (reactive_planner_cpp.py:382)
INFO     [2025-01-12 11:24:32] --- current time step: 3 (frenet_interface.py:257)
INFO     [2025-01-12 11:24:32] --- current velocity: 13.036268027694723 (frenet_interface.py:258)
INFO     [2025-01-12 11:24:32] --- current target velocity: 13.233088923777464 (frenet_interface.py:259)
INFO     [2025-01-12 11:24:35] --- Sampled interval of velocity: 0.00 m/s - 18.79 m/s (planner.py:310)
INFO     [2025-01-12 11:24:35] --- current time step: 4 (frenet_interface.py:280)
INFO     [2025-01-12 11:24:35] --- current velocity: 12.914239169803327 (frenet_interface.py:281)
INFO     [2025-01-12 11:24:35] --- current target velocity: 13.036268027694723 (frenet_interface.py:282)
INFO     [2025-01-12 11:24:35] --- Sampled interval of velocity: 0.00 m/s - 18.66 m/s (planner.py:310)
INFO     [2025-01-12 11:24:35] --- current time step: 5 (frenet_interface.py:280)
INFO     [2025-01-12 11:24:35] --- current velocity: 12.855193064286587 (frenet_interface.py:281)
INFO     [2025-01-12 11:24:35] --- current target velocity: 12.914239169803327 (frenet_interface.py:282)
INFO     [2025-01-12 11:24:36] --- Sampled interval of velocity: 0.00 m/s - 18.61 m/s (planner.py:310)
INFO     [2025-01-12 11:24:36] --- select trajectory 151 (reactive_planner_cpp.py:382)
INFO     [2025-01-12 11:24:36] --- current time step: 6 (frenet_interface.py:257)
INFO     [2025-01-12 11:24:36] --- current velocity: 12.842180160913305 (frenet_interface.py:258)
INFO     [2025-01-12 11:24:36] --- current target velocity: 12.855193064286587 (frenet_interface.py:259)
INFO     [2025-01-12 11:24:39] --- Sampled interval of velocity: 0.00 m/s - 18.59 m/s (planner.py:310)
INFO     [2025-01-12 11:24:39] --- current time step: 7 (frenet_interface.py:280)
INFO     [2025-01-12 11:24:39] --- current velocity: 12.834112111529448 (frenet_interface.py:281)
INFO     [2025-01-12 11:24:39] --- current target velocity: 12.842180160913305 (frenet_interface.py:282)
INFO     [2025-01-12 11:24:40] --- Sampled interval of velocity: 0.00 m/s - 18.58 m/s (planner.py:310)
INFO     [2025-01-12 11:24:40] --- current time step: 8 (frenet_interface.py:280)
INFO     [2025-01-12 11:24:40] --- current velocity: 12.83020815600569 (frenet_interface.py:281)
INFO     [2025-01-12 11:24:40] --- current target velocity: 12.834112111529448 (frenet_interface.py:282)
INFO     [2025-01-12 11:24:41] --- Sampled interval of velocity: 0.00 m/s - 18.58 m/s (planner.py:310)
INFO     [2025-01-12 11:24:41] --- select trajectory 151 (reactive_planner_cpp.py:382)
INFO     [2025-01-12 11:24:41] --- current time step: 9 (frenet_interface.py:257)
INFO     [2025-01-12 11:24:41] --- current velocity: 12.829347722750915 (frenet_interface.py:258)
INFO     [2025-01-12 11:24:41] --- current target velocity: 12.83020815600569 (frenet_interface.py:259)
INFO     [2025-01-12 11:24:44] --- Sampled interval of velocity: 0.00 m/s - 18.58 m/s (planner.py:310)
INFO     [2025-01-12 11:24:44] --- current time step: 10 (frenet_interface.py:280)
INFO     [2025-01-12 11:24:44] --- current velocity: 12.828814204932588 (frenet_interface.py:281)
INFO     [2025-01-12 11:24:44] --- current target velocity: 12.829347722750915 (frenet_interface.py:282)
INFO     [2025-01-12 11:24:44] --- Sampled interval of velocity: 0.00 m/s - 18.58 m/s (planner.py:310)
INFO     [2025-01-12 11:24:44] --- current time step: 11 (frenet_interface.py:280)
INFO     [2025-01-12 11:24:44] --- current velocity: 12.8285560165552 (frenet_interface.py:281)
INFO     [2025-01-12 11:24:44] --- current target velocity: 12.828814204932588 (frenet_interface.py:282)
INFO     [2025-01-12 11:24:45] --- Sampled interval of velocity: 0.00 m/s - 18.58 m/s (planner.py:310)
INFO     [2025-01-12 11:24:45] --- select trajectory 51 (reactive_planner_cpp.py:382)
INFO     [2025-01-12 11:24:45] --- current time step: 12 (frenet_interface.py:257)
INFO     [2025-01-12 11:24:45] --- current velocity: 12.828495018224231 (frenet_interface.py:258)
INFO     [2025-01-12 11:24:45] --- current target velocity: 12.8285560165552 (frenet_interface.py:259)
INFO     [2025-01-12 11:24:48] --- Sampled interval of velocity: 0.00 m/s - 18.58 m/s (planner.py:310)
INFO     [2025-01-12 11:24:48] --- current time step: 13 (frenet_interface.py:280)
INFO     [2025-01-12 11:24:48] --- current velocity: 12.828448788144438 (frenet_interface.py:281)
INFO     [2025-01-12 11:24:48] --- current target velocity: 12.828495018224231 (frenet_interface.py:282)
INFO     [2025-01-12 11:24:49] --- Sampled interval of velocity: 0.00 m/s - 18.58 m/s (planner.py:310)
INFO     [2025-01-12 11:24:49] --- current time step: 14 (frenet_interface.py:280)
INFO     [2025-01-12 11:24:49] --- current velocity: 12.82841589948365 (frenet_interface.py:281)
INFO     [2025-01-12 11:24:49] --- current target velocity: 12.828448788144438 (frenet_interface.py:282)
INFO     [2025-01-12 11:24:49] --- Sampled interval of velocity: 0.00 m/s - 18.58 m/s (planner.py:310)
INFO     [2025-01-12 11:24:49] --- select trajectory 250 (reactive_planner_cpp.py:382)
INFO     [2025-01-12 11:24:49] --- current time step: 15 (frenet_interface.py:257)
INFO     [2025-01-12 11:24:49] --- current velocity: 12.828430225111664 (frenet_interface.py:258)
INFO     [2025-01-12 11:24:49] --- current target velocity: 12.82841589948365 (frenet_interface.py:259)
INFO     [2025-01-12 11:24:52] --- Sampled interval of velocity: 0.00 m/s - 18.58 m/s (planner.py:310)
INFO     [2025-01-12 11:24:52] --- current time step: 16 (frenet_interface.py:280)
INFO     [2025-01-12 11:24:52] --- current velocity: 12.828721341629201 (frenet_interface.py:281)
INFO     [2025-01-12 11:24:52] --- current target velocity: 12.828430225111664 (frenet_interface.py:282)
INFO     [2025-01-12 11:24:53] --- Sampled interval of velocity: 0.00 m/s - 18.58 m/s (planner.py:310)
INFO     [2025-01-12 11:24:53] --- current time step: 17 (frenet_interface.py:280)
INFO     [2025-01-12 11:24:53] --- current velocity: 12.829695210907365 (frenet_interface.py:281)
INFO     [2025-01-12 11:24:53] --- current target velocity: 12.828721341629201 (frenet_interface.py:282)
INFO     [2025-01-12 11:24:54] --- Sampled interval of velocity: 0.00 m/s - 18.58 m/s (planner.py:310)
INFO     [2025-01-12 11:24:54] --- select trajectory 521 (reactive_planner_cpp.py:382)
INFO     [2025-01-12 11:24:54] --- current time step: 18 (frenet_interface.py:257)
INFO     [2025-01-12 11:24:54] --- current velocity: 12.804937419591518 (frenet_interface.py:258)
INFO     [2025-01-12 11:24:54] --- current target velocity: 12.829695210907365 (frenet_interface.py:259)
INFO     [2025-01-12 11:24:57] --- Sampled interval of velocity: 0.00 m/s - 18.55 m/s (planner.py:310)
INFO     [2025-01-12 11:24:57] --- current time step: 19 (frenet_interface.py:280)
INFO     [2025-01-12 11:24:57] --- current velocity: 12.731838415758526 (frenet_interface.py:281)
INFO     [2025-01-12 11:24:57] --- current target velocity: 12.804937419591518 (frenet_interface.py:282)
INFO     [2025-01-12 11:24:57] --- Sampled interval of velocity: 0.00 m/s - 18.48 m/s (planner.py:310)
INFO     [2025-01-12 11:24:57] --- current time step: 20 (frenet_interface.py:280)
INFO     [2025-01-12 11:24:57] --- current velocity: 12.614397687968975 (frenet_interface.py:281)
INFO     [2025-01-12 11:24:57] --- current target velocity: 12.731838415758526 (frenet_interface.py:282)
INFO     [2025-01-12 11:24:58] --- Sampled interval of velocity: 0.00 m/s - 18.36 m/s (planner.py:310)
INFO     [2025-01-12 11:24:58] --- marking trajectory 189 invalid: s=128.64320009653179 is out of bounds (FillCoordinates.cpp:129)
INFO     [2025-01-12 11:24:58] --- marking trajectory 180 invalid: s=128.64320009653179 is out of bounds (FillCoordinates.cpp:129)
INFO     [2025-01-12 11:24:58] --- marking trajectory 181 invalid: s=128.64320009653179 is out of bounds (FillCoordinates.cpp:129)
INFO     [2025-01-12 11:24:58] --- marking trajectory 182 invalid: s=128.64320009653179 is out of bounds (FillCoordinates.cpp:129)
INFO     [2025-01-12 11:24:58] --- marking trajectory 183 invalid: s=128.64320009653179 is out of bounds (FillCoordinates.cpp:129)
INFO     [2025-01-12 11:24:58] --- marking trajectory 184 invalid: s=128.64320009653179 is out of bounds (FillCoordinates.cpp:129)
INFO     [2025-01-12 11:24:58] --- marking trajectory 185 invalid: s=128.64320009653179 is out of bounds (FillCoordinates.cpp:129)
INFO     [2025-01-12 11:24:58] --- marking trajectory 186 invalid: s=128.64320009653179 is out of bounds (FillCoordinates.cpp:129)
INFO     [2025-01-12 11:24:58] --- marking trajectory 187 invalid: s=128.64320009653179 is out of bounds (FillCoordinates.cpp:129)
INFO     [2025-01-12 11:24:58] --- marking trajectory 188 invalid: s=128.64320009653179 is out of bounds (FillCoordinates.cpp:129)
INFO     [2025-01-12 11:24:58] --- select trajectory 21 (reactive_planner_cpp.py:382)
INFO     [2025-01-12 11:24:58] --- current time step: 21 (frenet_interface.py:257)
INFO     [2025-01-12 11:24:58] --- current velocity: 12.49578753634545 (frenet_interface.py:258)
INFO     [2025-01-12 11:24:58] --- current target velocity: 12.614397687968975 (frenet_interface.py:259)
INFO     [2025-01-12 11:25:00] --- Sampled interval of velocity: 0.00 m/s - 18.25 m/s (planner.py:310)
INFO     [2025-01-12 11:25:00] --- current time step: 22 (frenet_interface.py:280)
INFO     [2025-01-12 11:25:00] --- current velocity: 12.286808410607161 (frenet_interface.py:281)
INFO     [2025-01-12 11:25:00] --- current target velocity: 12.49578753634545 (frenet_interface.py:282)
INFO     [2025-01-12 11:25:00] --- Sampled interval of velocity: 0.00 m/s - 18.04 m/s (planner.py:310)
INFO     [2025-01-12 11:25:00] --- current time step: 23 (frenet_interface.py:280)
INFO     [2025-01-12 11:25:00] --- current velocity: 12.00034544065188 (frenet_interface.py:281)
INFO     [2025-01-12 11:25:00] --- current target velocity: 12.286808410607161 (frenet_interface.py:282)
INFO     [2025-01-12 11:25:01] --- Sampled interval of velocity: 0.00 m/s - 17.75 m/s (planner.py:310)
INFO     [2025-01-12 11:25:01] --- marking trajectory 80 invalid: s=128.47132216052515 is out of bounds (FillCoordinates.cpp:129)
INFO     [2025-01-12 11:25:01] --- marking trajectory 81 invalid: s=128.47132216052515 is out of bounds (FillCoordinates.cpp:129)
INFO     [2025-01-12 11:25:01] --- marking trajectory 82 invalid: s=128.47132216052515 is out of bounds (FillCoordinates.cpp:129)
INFO     [2025-01-12 11:25:01] --- marking trajectory 83 invalid: s=128.47132216052515 is out of bounds (FillCoordinates.cpp:129)
INFO     [2025-01-12 11:25:01] --- marking trajectory 189 invalid: s=128.64568764859942 is out of bounds (FillCoordinates.cpp:129)
INFO     [2025-01-12 11:25:01] --- marking trajectory 180 invalid: s=128.64568764859942 is out of bounds (FillCoordinates.cpp:129)
INFO     [2025-01-12 11:25:01] --- marking trajectory 181 invalid: s=128.64568764859942 is out of bounds (FillCoordinates.cpp:129)
INFO     [2025-01-12 11:25:01] --- marking trajectory 182 invalid: s=128.64568764859942 is out of bounds (FillCoordinates.cpp:129)
INFO     [2025-01-12 11:25:01] --- marking trajectory 183 invalid: s=128.64568764859942 is out of bounds (FillCoordinates.cpp:129)
INFO     [2025-01-12 11:25:01] --- marking trajectory 184 invalid: s=128.64568764859942 is out of bounds (FillCoordinates.cpp:129)
INFO     [2025-01-12 11:25:01] --- marking trajectory 185 invalid: s=128.64568764859942 is out of bounds (FillCoordinates.cpp:129)
INFO     [2025-01-12 11:25:01] --- marking trajectory 186 invalid: s=128.64568764859942 is out of bounds (FillCoordinates.cpp:129)
INFO     [2025-01-12 11:25:01] --- marking trajectory 187 invalid: s=128.64568764859942 is out of bounds (FillCoordinates.cpp:129)
INFO     [2025-01-12 11:25:01] --- marking trajectory 188 invalid: s=128.64568764859942 is out of bounds (FillCoordinates.cpp:129)
INFO     [2025-01-12 11:25:01] --- marking trajectory 488 invalid: s=129.30066128620143 is out of bounds (FillCoordinates.cpp:129)
INFO     [2025-01-12 11:25:01] --- marking trajectory 489 invalid: s=129.30066128620143 is out of bounds (FillCoordinates.cpp:129)
INFO     [2025-01-12 11:25:01] --- marking trajectory 84 invalid: s=128.47132216052515 is out of bounds (FillCoordinates.cpp:129)
INFO     [2025-01-12 11:25:01] --- marking trajectory 85 invalid: s=128.47132216052515 is out of bounds (FillCoordinates.cpp:129)
INFO     [2025-01-12 11:25:01] --- marking trajectory 86 invalid: s=128.47132216052515 is out of bounds (FillCoordinates.cpp:129)
INFO     [2025-01-12 11:25:01] --- marking trajectory 480 invalid: s=129.30066128620143 is out of bounds (FillCoordinates.cpp:129)
INFO     [2025-01-12 11:25:01] --- marking trajectory 484 invalid: s=129.30066128620143 is out of bounds (FillCoordinates.cpp:129)
INFO     [2025-01-12 11:25:01] --- marking trajectory 485 invalid: s=129.30066128620143 is out of bounds (FillCoordinates.cpp:129)
INFO     [2025-01-12 11:25:01] --- marking trajectory 486 invalid: s=129.30066128620143 is out of bounds (FillCoordinates.cpp:129)
INFO     [2025-01-12 11:25:01] --- marking trajectory 487 invalid: s=129.30066128620143 is out of bounds (FillCoordinates.cpp:129)
INFO     [2025-01-12 11:25:01] --- marking trajectory 87 invalid: s=128.47132216052515 is out of bounds (FillCoordinates.cpp:129)
INFO     [2025-01-12 11:25:01] --- marking trajectory 481 invalid: s=129.30066128620143 is out of bounds (FillCoordinates.cpp:129)
INFO     [2025-01-12 11:25:01] --- marking trajectory 482 invalid: s=129.30066128620143 is out of bounds (FillCoordinates.cpp:129)
INFO     [2025-01-12 11:25:01] --- marking trajectory 483 invalid: s=129.30066128620143 is out of bounds (FillCoordinates.cpp:129)
INFO     [2025-01-12 11:25:01] --- marking trajectory 88 invalid: s=128.47132216052515 is out of bounds (FillCoordinates.cpp:129)
INFO     [2025-01-12 11:25:01] --- marking trajectory 89 invalid: s=128.47132216052515 is out of bounds (FillCoordinates.cpp:129)
INFO     [2025-01-12 11:25:01] --- select trajectory 1 (reactive_planner_cpp.py:382)
INFO     [2025-01-12 11:25:01] --- current time step: 24 (frenet_interface.py:257)
INFO     [2025-01-12 11:25:01] --- current velocity: 11.760646903127842 (frenet_interface.py:258)
INFO     [2025-01-12 11:25:01] --- current target velocity: 12.00034544065188 (frenet_interface.py:259)
INFO     [2025-01-12 11:25:04] --- Sampled interval of velocity: 0.00 m/s - 17.51 m/s (planner.py:310)
INFO     [2025-01-12 11:25:04] --- current time step: 25 (frenet_interface.py:280)
INFO     [2025-01-12 11:25:04] --- current velocity: 11.376259331329727 (frenet_interface.py:281)
INFO     [2025-01-12 11:25:04] --- current target velocity: 11.760646903127842 (frenet_interface.py:282)
INFO     [2025-01-12 11:25:05] --- Sampled interval of velocity: 0.00 m/s - 17.13 m/s (planner.py:310)
INFO     [2025-01-12 11:25:05] --- current time step: 26 (frenet_interface.py:280)
INFO     [2025-01-12 11:25:05] --- current velocity: 10.867816062245259 (frenet_interface.py:281)
INFO     [2025-01-12 11:25:05] --- current target velocity: 11.376259331329727 (frenet_interface.py:282)
INFO     [2025-01-12 11:25:06] --- Sampled interval of velocity: 0.00 m/s - 16.62 m/s (planner.py:310)
INFO     [2025-01-12 11:25:06] --- marking trajectory 80 invalid: s=128.2414380715556 is out of bounds (FillCoordinates.cpp:129)
INFO     [2025-01-12 11:25:06] --- marking trajectory 81 invalid: s=128.2414380715556 is out of bounds (FillCoordinates.cpp:129)
INFO     [2025-01-12 11:25:06] --- marking trajectory 82 invalid: s=128.2414380715556 is out of bounds (FillCoordinates.cpp:129)
INFO     [2025-01-12 11:25:06] --- marking trajectory 83 invalid: s=128.2414380715556 is out of bounds (FillCoordinates.cpp:129)
INFO     [2025-01-12 11:25:06] --- marking trajectory 84 invalid: s=128.2414380715556 is out of bounds (FillCoordinates.cpp:129)
INFO     [2025-01-12 11:25:06] --- marking trajectory 85 invalid: s=128.2414380715556 is out of bounds (FillCoordinates.cpp:129)
INFO     [2025-01-12 11:25:06] --- marking trajectory 180 invalid: s=128.69928731563786 is out of bounds (FillCoordinates.cpp:129)
INFO     [2025-01-12 11:25:06] --- marking trajectory 189 invalid: s=128.69928731563786 is out of bounds (FillCoordinates.cpp:129)
INFO     [2025-01-12 11:25:06] --- marking trajectory 488 invalid: s=129.1515817523272 is out of bounds (FillCoordinates.cpp:129)
INFO     [2025-01-12 11:25:06] --- marking trajectory 484 invalid: s=129.1515817523272 is out of bounds (FillCoordinates.cpp:129)
INFO     [2025-01-12 11:25:06] --- marking trajectory 480 invalid: s=129.1515817523272 is out of bounds (FillCoordinates.cpp:129)
INFO     [2025-01-12 11:25:06] --- marking trajectory 481 invalid: s=129.1515817523272 is out of bounds (FillCoordinates.cpp:129)
INFO     [2025-01-12 11:25:06] --- marking trajectory 181 invalid: s=128.69928731563786 is out of bounds (FillCoordinates.cpp:129)
INFO     [2025-01-12 11:25:06] --- marking trajectory 489 invalid: s=129.1515817523272 is out of bounds (FillCoordinates.cpp:129)
INFO     [2025-01-12 11:25:06] --- marking trajectory 485 invalid: s=129.1515817523272 is out of bounds (FillCoordinates.cpp:129)
INFO     [2025-01-12 11:25:06] --- marking trajectory 86 invalid: s=128.2414380715556 is out of bounds (FillCoordinates.cpp:129)
INFO     [2025-01-12 11:25:06] --- marking trajectory 482 invalid: s=129.1515817523272 is out of bounds (FillCoordinates.cpp:129)
INFO     [2025-01-12 11:25:06] --- marking trajectory 182 invalid: s=128.69928731563786 is out of bounds (FillCoordinates.cpp:129)
INFO     [2025-01-12 11:25:06] --- marking trajectory 183 invalid: s=128.69928731563786 is out of bounds (FillCoordinates.cpp:129)
INFO     [2025-01-12 11:25:06] --- marking trajectory 87 invalid: s=128.2414380715556 is out of bounds (FillCoordinates.cpp:129)
INFO     [2025-01-12 11:25:06] --- marking trajectory 483 invalid: s=129.1515817523272 is out of bounds (FillCoordinates.cpp:129)
INFO     [2025-01-12 11:25:06] --- marking trajectory 486 invalid: s=129.1515817523272 is out of bounds (FillCoordinates.cpp:129)
INFO     [2025-01-12 11:25:06] --- marking trajectory 487 invalid: s=129.1515817523272 is out of bounds (FillCoordinates.cpp:129)
INFO     [2025-01-12 11:25:06] --- marking trajectory 184 invalid: s=128.69928731563786 is out of bounds (FillCoordinates.cpp:129)
INFO     [2025-01-12 11:25:06] --- marking trajectory 185 invalid: s=128.69928731563786 is out of bounds (FillCoordinates.cpp:129)
INFO     [2025-01-12 11:25:06] --- marking trajectory 186 invalid: s=128.69928731563786 is out of bounds (FillCoordinates.cpp:129)
INFO     [2025-01-12 11:25:06] --- marking trajectory 187 invalid: s=128.69928731563786 is out of bounds (FillCoordinates.cpp:129)
INFO     [2025-01-12 11:25:06] --- marking trajectory 188 invalid: s=128.69928731563786 is out of bounds (FillCoordinates.cpp:129)
INFO     [2025-01-12 11:25:06] --- marking trajectory 88 invalid: s=128.2414380715556 is out of bounds (FillCoordinates.cpp:129)
INFO     [2025-01-12 11:25:06] --- marking trajectory 89 invalid: s=128.2414380715556 is out of bounds (FillCoordinates.cpp:129)
WARNING  [2025-01-12 11:25:07] --- No optimal trajectory available. Select stopping trajectory! (reactive_planner_cpp.py:407)
INFO     [2025-01-12 11:25:07] --- current time step: 27 (frenet_interface.py:257)
INFO     [2025-01-12 11:25:07] --- current velocity: 10.430187331517761 (frenet_interface.py:258)
INFO     [2025-01-12 11:25:07] --- current target velocity: 10.867816062245259 (frenet_interface.py:259)
INFO     [2025-01-12 11:25:10] --- Sampled interval of velocity: 0.00 m/s - 16.18 m/s (planner.py:310)
INFO     [2025-01-12 11:25:10] --- current time step: 28 (frenet_interface.py:280)
INFO     [2025-01-12 11:25:10] --- current velocity: 9.724412930057792 (frenet_interface.py:281)
INFO     [2025-01-12 11:25:10] --- current target velocity: 10.430187331517761 (frenet_interface.py:282)
INFO     [2025-01-12 11:25:10] --- Sampled interval of velocity: 0.00 m/s - 15.47 m/s (planner.py:310)
INFO     [2025-01-12 11:25:10] --- current time step: 29 (frenet_interface.py:280)
INFO     [2025-01-12 11:25:10] --- current velocity: 8.815801541746985 (frenet_interface.py:281)
INFO     [2025-01-12 11:25:10] --- current target velocity: 9.724412930057792 (frenet_interface.py:282)
INFO     [2025-01-12 11:25:11] --- Sampled interval of velocity: 0.00 m/s - 14.57 m/s (planner.py:310)
WARNING  [2025-01-12 11:25:12] --- No optimal trajectory available. Select stopping trajectory! (reactive_planner_cpp.py:407)
INFO     [2025-01-12 11:25:12] --- current time step: 30 (frenet_interface.py:257)
INFO     [2025-01-12 11:25:12] --- current velocity: 8.20212993455723 (frenet_interface.py:258)
INFO     [2025-01-12 11:25:12] --- current target velocity: 8.815801541746985 (frenet_interface.py:259)
INFO     [2025-01-12 11:25:15] --- Sampled interval of velocity: 0.00 m/s - 13.95 m/s (planner.py:310)
INFO     [2025-01-12 11:25:15] --- current time step: 31 (frenet_interface.py:280)
INFO     [2025-01-12 11:25:15] --- current velocity: 7.386016508032447 (frenet_interface.py:281)
INFO     [2025-01-12 11:25:15] --- current target velocity: 8.20212993455723 (frenet_interface.py:282)
INFO     [2025-01-12 11:25:16] --- Sampled interval of velocity: 0.00 m/s - 13.14 m/s (planner.py:310)
INFO     [2025-01-12 11:25:16] --- current time step: 32 (frenet_interface.py:280)
INFO     [2025-01-12 11:25:16] --- current velocity: 6.422428826371577 (frenet_interface.py:281)
INFO     [2025-01-12 11:25:16] --- current target velocity: 7.386016508032447 (frenet_interface.py:282)
INFO     [2025-01-12 11:25:17] --- Sampled interval of velocity: 0.00 m/s - 12.17 m/s (planner.py:310)
WARNING  [2025-01-12 11:25:18] --- No optimal trajectory available. Select stopping trajectory! (reactive_planner_cpp.py:407)
INFO     [2025-01-12 11:25:18] --- current time step: 33 (frenet_interface.py:257)
INFO     [2025-01-12 11:25:18] --- current velocity: 5.851793755037873 (frenet_interface.py:258)
INFO     [2025-01-12 11:25:18] --- current target velocity: 6.422428826371577 (frenet_interface.py:259)
