CRITICAL [2025-01-12 11:44:36] --- Start Planner Vehicle ID: 30765 (frenet_interface.py:67)
INFO     [2025-01-12 11:44:37] --- Sampled interval of velocity: 0.00 m/s - 20.41 m/s (planner.py:310)
INFO     [2025-01-12 11:44:37] --- select trajectory 191 (reactive_planner_cpp.py:382)
INFO     [2025-01-12 11:44:37] --- current time step: 0 (frenet_interface.py:257)
INFO     [2025-01-12 11:44:37] --- current velocity: 14.316041327691698 (frenet_interface.py:258)
INFO     [2025-01-12 11:44:37] --- current target velocity: 9.6574 (frenet_interface.py:259)
INFO     [2025-01-12 11:44:39] --- Sampled interval of velocity: 0.00 m/s - 20.07 m/s (planner.py:310)
INFO     [2025-01-12 11:44:39] --- current time step: 1 (frenet_interface.py:280)
INFO     [2025-01-12 11:44:39] --- current velocity: 13.380057874762091 (frenet_interface.py:281)
INFO     [2025-01-12 11:44:39] --- current target velocity: 9.316041327691698 (frenet_interface.py:282)
INFO     [2025-01-12 11:44:40] --- Sampled interval of velocity: 0.00 m/s - 19.13 m/s (planner.py:310)
INFO     [2025-01-12 11:44:40] --- current time step: 2 (frenet_interface.py:280)
INFO     [2025-01-12 11:44:40] --- current velocity: 11.98158848651966 (frenet_interface.py:281)
INFO     [2025-01-12 11:44:40] --- current target velocity: 8.380057874762091 (frenet_interface.py:282)
INFO     [2025-01-12 11:44:41] --- Sampled interval of velocity: 0.00 m/s - 17.73 m/s (planner.py:310)
INFO     [2025-01-12 11:44:41] --- select trajectory 121 (reactive_planner_cpp.py:382)
INFO     [2025-01-12 11:44:41] --- current time step: 3 (frenet_interface.py:257)
INFO     [2025-01-12 11:44:41] --- current velocity: 11.202177146781485 (frenet_interface.py:258)
INFO     [2025-01-12 11:44:41] --- current target velocity: 6.9815884865196605 (frenet_interface.py:259)
INFO     [2025-01-12 11:44:43] --- Sampled interval of velocity: 0.00 m/s - 16.95 m/s (planner.py:310)
INFO     [2025-01-12 11:44:43] --- current time step: 4 (frenet_interface.py:280)
INFO     [2025-01-12 11:44:43] --- current velocity: 10.455445631485443 (frenet_interface.py:281)
INFO     [2025-01-12 11:44:43] --- current target velocity: 6.2021771467814855 (frenet_interface.py:282)
INFO     [2025-01-12 11:44:43] --- Sampled interval of velocity: 0.00 m/s - 16.21 m/s (planner.py:310)
INFO     [2025-01-12 11:44:43] --- current time step: 5 (frenet_interface.py:280)
INFO     [2025-01-12 11:44:43] --- current velocity: 9.750148584971893 (frenet_interface.py:281)
INFO     [2025-01-12 11:44:43] --- current target velocity: 5.455445631485443 (frenet_interface.py:282)
INFO     [2025-01-12 11:44:44] --- Sampled interval of velocity: 0.00 m/s - 15.50 m/s (planner.py:310)
INFO     [2025-01-12 11:44:44] --- select trajectory 111 (reactive_planner_cpp.py:382)
INFO     [2025-01-12 11:44:44] --- current time step: 6 (frenet_interface.py:257)
INFO     [2025-01-12 11:44:44] --- current velocity: 9.331651898723242 (frenet_interface.py:258)
INFO     [2025-01-12 11:44:44] --- current target velocity: 4.7501485849718925 (frenet_interface.py:259)
INFO     [2025-01-12 11:44:46] --- Sampled interval of velocity: 0.00 m/s - 15.08 m/s (planner.py:310)
INFO     [2025-01-12 11:44:46] --- current time step: 7 (frenet_interface.py:280)
INFO     [2025-01-12 11:44:46] --- current velocity: 8.781864264934889 (frenet_interface.py:281)
INFO     [2025-01-12 11:44:46] --- current target velocity: 4.331651898723242 (frenet_interface.py:282)
INFO     [2025-01-12 11:44:46] --- Sampled interval of velocity: 0.00 m/s - 14.53 m/s (planner.py:310)
INFO     [2025-01-12 11:44:46] --- current time step: 8 (frenet_interface.py:280)
INFO     [2025-01-12 11:44:46] --- current velocity: 8.136846925108191 (frenet_interface.py:281)
INFO     [2025-01-12 11:44:46] --- current target velocity: 3.781864264934889 (frenet_interface.py:282)
INFO     [2025-01-12 11:44:47] --- Sampled interval of velocity: 0.00 m/s - 13.89 m/s (planner.py:310)
INFO     [2025-01-12 11:44:47] --- select trajectory 111 (reactive_planner_cpp.py:382)
INFO     [2025-01-12 11:44:47] --- current time step: 9 (frenet_interface.py:257)
INFO     [2025-01-12 11:44:47] --- current velocity: 7.746965315378714 (frenet_interface.py:258)
INFO     [2025-01-12 11:44:47] --- current target velocity: 3.136846925108191 (frenet_interface.py:259)
INFO     [2025-01-12 11:44:49] --- Sampled interval of velocity: 0.00 m/s - 13.50 m/s (planner.py:310)
INFO     [2025-01-12 11:44:49] --- current time step: 10 (frenet_interface.py:280)
INFO     [2025-01-12 11:44:49] --- current velocity: 7.274717860175112 (frenet_interface.py:281)
INFO     [2025-01-12 11:44:49] --- current target velocity: 2.7469653153787137 (frenet_interface.py:282)
INFO     [2025-01-12 11:44:49] --- Sampled interval of velocity: 0.00 m/s - 13.02 m/s (planner.py:310)
INFO     [2025-01-12 11:44:49] --- current time step: 11 (frenet_interface.py:280)
INFO     [2025-01-12 11:44:49] --- current velocity: 6.745282949723834 (frenet_interface.py:281)
INFO     [2025-01-12 11:44:49] --- current target velocity: 2.2747178601751123 (frenet_interface.py:282)
INFO     [2025-01-12 11:44:50] --- Sampled interval of velocity: 0.00 m/s - 12.50 m/s (planner.py:310)
INFO     [2025-01-12 11:44:50] --- select trajectory 101 (reactive_planner_cpp.py:382)
INFO     [2025-01-12 11:44:50] --- current time step: 12 (frenet_interface.py:257)
INFO     [2025-01-12 11:44:50] --- current velocity: 6.3974563997188225 (frenet_interface.py:258)
INFO     [2025-01-12 11:44:50] --- current target velocity: 1.7452829497238342 (frenet_interface.py:259)
INFO     [2025-01-12 11:44:52] --- Sampled interval of velocity: 0.00 m/s - 12.15 m/s (planner.py:310)
INFO     [2025-01-12 11:44:52] --- current time step: 13 (frenet_interface.py:280)
INFO     [2025-01-12 11:44:52] --- current velocity: 5.925677199040688 (frenet_interface.py:281)
INFO     [2025-01-12 11:44:52] --- current target velocity: 1.3974563997188225 (frenet_interface.py:282)
INFO     [2025-01-12 11:44:52] --- Sampled interval of velocity: 0.00 m/s - 11.68 m/s (planner.py:310)
INFO     [2025-01-12 11:44:52] --- current time step: 14 (frenet_interface.py:280)
INFO     [2025-01-12 11:44:52] --- current velocity: 5.3630422586328335 (frenet_interface.py:281)
INFO     [2025-01-12 11:44:52] --- current target velocity: 1.060732407974581 (frenet_interface.py:282)
INFO     [2025-01-12 11:44:53] --- Sampled interval of velocity: 0.00 m/s - 11.11 m/s (planner.py:310)
INFO     [2025-01-12 11:44:53] --- select trajectory 101 (reactive_planner_cpp.py:382)
INFO     [2025-01-12 11:44:53] --- current time step: 15 (frenet_interface.py:257)
INFO     [2025-01-12 11:44:53] --- current velocity: 5.023800391909813 (frenet_interface.py:258)
INFO     [2025-01-12 11:44:53] --- current target velocity: 1.0264800229427458 (frenet_interface.py:259)
INFO     [2025-01-12 11:44:55] --- Sampled interval of velocity: 0.00 m/s - 10.77 m/s (planner.py:310)
INFO     [2025-01-12 11:44:55] --- current time step: 16 (frenet_interface.py:280)
INFO     [2025-01-12 11:44:55] --- current velocity: 4.6171170370609556 (frenet_interface.py:281)
INFO     [2025-01-12 11:44:55] --- current target velocity: 0.9951007961786221 (frenet_interface.py:282)
INFO     [2025-01-12 11:44:56] --- Sampled interval of velocity: 0.00 m/s - 10.37 m/s (planner.py:310)
INFO     [2025-01-12 11:44:56] --- current time step: 17 (frenet_interface.py:280)
INFO     [2025-01-12 11:44:56] --- current velocity: 4.164009802627216 (frenet_interface.py:281)
INFO     [2025-01-12 11:44:56] --- current target velocity: 0.9660848696038934 (frenet_interface.py:282)
INFO     [2025-01-12 11:44:56] --- Sampled interval of velocity: 0.00 m/s - 9.91 m/s (planner.py:310)
INFO     [2025-01-12 11:44:56] --- select trajectory 191 (reactive_planner_cpp.py:382)
INFO     [2025-01-12 11:44:56] --- current time step: 18 (frenet_interface.py:257)
INFO     [2025-01-12 11:44:56] --- current velocity: 3.8731190276223044 (frenet_interface.py:258)
INFO     [2025-01-12 11:44:56] --- current target velocity: 0.939920965237405 (frenet_interface.py:259)
INFO     [2025-01-12 11:44:58] --- Sampled interval of velocity: 0.00 m/s - 9.62 m/s (planner.py:310)
INFO     [2025-01-12 11:44:58] --- current time step: 19 (frenet_interface.py:280)
INFO     [2025-01-12 11:44:58] --- current velocity: 3.4870246096505806 (frenet_interface.py:281)
INFO     [2025-01-12 11:44:58] --- current target velocity: 0.9161697642913658 (frenet_interface.py:282)
INFO     [2025-01-12 11:44:58] --- Sampled interval of velocity: 0.00 m/s - 9.24 m/s (planner.py:310)
INFO     [2025-01-12 11:44:58] --- current time step: 20 (frenet_interface.py:280)
INFO     [2025-01-12 11:44:58] --- current velocity: 3.031623452296936 (frenet_interface.py:281)
INFO     [2025-01-12 11:44:58] --- current target velocity: 0.894691030553712 (frenet_interface.py:282)
INFO     [2025-01-12 11:44:59] --- Sampled interval of velocity: 0.00 m/s - 8.78 m/s (planner.py:310)
INFO     [2025-01-12 11:44:59] --- select trajectory 191 (reactive_planner_cpp.py:382)
INFO     [2025-01-12 11:44:59] --- current time step: 21 (frenet_interface.py:257)
INFO     [2025-01-12 11:44:59] --- current velocity: 2.7621031281885142 (frenet_interface.py:258)
INFO     [2025-01-12 11:44:59] --- current target velocity: 0.8761806436543007 (frenet_interface.py:259)
INFO     [2025-01-12 11:45:00] --- Sampled interval of velocity: 0.00 m/s - 8.51 m/s (planner.py:310)
INFO     [2025-01-12 11:45:00] --- current time step: 22 (frenet_interface.py:280)
INFO     [2025-01-12 11:45:00] --- current velocity: 2.445222607769258 (frenet_interface.py:281)
INFO     [2025-01-12 11:45:00] --- current target velocity: 0.8602336320974131 (frenet_interface.py:282)
INFO     [2025-01-12 11:45:01] --- Sampled interval of velocity: 0.00 m/s - 8.20 m/s (planner.py:310)
INFO     [2025-01-12 11:45:01] --- current time step: 23 (frenet_interface.py:280)
INFO     [2025-01-12 11:45:01] --- current velocity: 2.096369229947706 (frenet_interface.py:281)
INFO     [2025-01-12 11:45:01] --- current target velocity: 0.8463706576603971 (frenet_interface.py:282)
INFO     [2025-01-12 11:45:02] --- Sampled interval of velocity: 0.00 m/s - 7.85 m/s (planner.py:310)
INFO     [2025-01-12 11:45:02] --- select trajectory 91 (reactive_planner_cpp.py:382)
INFO     [2025-01-12 11:45:02] --- current time step: 24 (frenet_interface.py:257)
INFO     [2025-01-12 11:45:02] --- current velocity: 1.916152750884087 (frenet_interface.py:258)
INFO     [2025-01-12 11:45:02] --- current target velocity: 0.8349590694489086 (frenet_interface.py:259)
INFO     [2025-01-12 11:45:04] --- Sampled interval of velocity: 0.00 m/s - 7.67 m/s (planner.py:310)
INFO     [2025-01-12 11:45:04] --- current time step: 25 (frenet_interface.py:280)
INFO     [2025-01-12 11:45:04] --- current velocity: 1.736136618831862 (frenet_interface.py:281)
INFO     [2025-01-12 11:45:04] --- current target velocity: 0.8255127558329293 (frenet_interface.py:282)
INFO     [2025-01-12 11:45:04] --- Sampled interval of velocity: 0.00 m/s - 7.49 m/s (planner.py:310)
INFO     [2025-01-12 11:45:04] --- current time step: 26 (frenet_interface.py:280)
INFO     [2025-01-12 11:45:04] --- current velocity: 1.5577047510336908 (frenet_interface.py:281)
INFO     [2025-01-12 11:45:04] --- current target velocity: 0.817378141441619 (frenet_interface.py:282)
INFO     [2025-01-12 11:45:05] --- Sampled interval of velocity: 0.00 m/s - 7.31 m/s (planner.py:310)
INFO     [2025-01-12 11:45:05] --- select trajectory 101 (reactive_planner_cpp.py:382)
INFO     [2025-01-12 11:45:05] --- current time step: 27 (frenet_interface.py:257)
INFO     [2025-01-12 11:45:05] --- current velocity: 1.4695060261159714 (frenet_interface.py:258)
INFO     [2025-01-12 11:45:05] --- current target velocity: 0.8105801671936169 (frenet_interface.py:259)
INFO     [2025-01-12 11:45:07] --- Sampled interval of velocity: 0.00 m/s - 7.22 m/s (planner.py:310)
INFO     [2025-01-12 11:45:07] --- current time step: 28 (frenet_interface.py:280)
INFO     [2025-01-12 11:45:07] --- current velocity: 1.3830266793877537 (frenet_interface.py:281)
INFO     [2025-01-12 11:45:07] --- current target velocity: 0.804770740831544 (frenet_interface.py:282)
INFO     [2025-01-12 11:45:07] --- Sampled interval of velocity: 0.00 m/s - 7.13 m/s (planner.py:310)
INFO     [2025-01-12 11:45:07] --- current time step: 29 (frenet_interface.py:280)
INFO     [2025-01-12 11:45:07] --- current velocity: 1.2996743079730553 (frenet_interface.py:281)
INFO     [2025-01-12 11:45:07] --- current target velocity: 0.7995932934928925 (frenet_interface.py:282)
INFO     [2025-01-12 11:45:08] --- Sampled interval of velocity: 0.00 m/s - 7.05 m/s (planner.py:310)
INFO     [2025-01-12 11:45:08] --- select trajectory 191 (reactive_planner_cpp.py:382)
INFO     [2025-01-12 11:45:08] --- current time step: 30 (frenet_interface.py:257)
INFO     [2025-01-12 11:45:08] --- current velocity: 1.235824022383503 (frenet_interface.py:258)
INFO     [2025-01-12 11:45:08] --- current target velocity: 0.7950433945924399 (frenet_interface.py:259)
INFO     [2025-01-12 11:45:09] --- Sampled interval of velocity: 0.00 m/s - 6.99 m/s (planner.py:310)
INFO     [2025-01-12 11:45:09] --- current time step: 31 (frenet_interface.py:280)
INFO     [2025-01-12 11:45:09] --- current velocity: 1.132054429127508 (frenet_interface.py:281)
INFO     [2025-01-12 11:45:09] --- current target velocity: 0.7910057994372757 (frenet_interface.py:282)
INFO     [2025-01-12 11:45:10] --- Sampled interval of velocity: 0.00 m/s - 6.88 m/s (planner.py:310)
INFO     [2025-01-12 11:45:10] --- current time step: 32 (frenet_interface.py:280)
INFO     [2025-01-12 11:45:10] --- current velocity: 0.9980578963739658 (frenet_interface.py:281)
INFO     [2025-01-12 11:45:10] --- current target velocity: 1.132054429127508 (frenet_interface.py:282)
INFO     [2025-01-12 11:45:11] --- Sampled interval of velocity: 0.00 m/s - 6.75 m/s (planner.py:310)
INFO     [2025-01-12 11:45:11] --- select trajectory 181 (reactive_planner_cpp.py:382)
INFO     [2025-01-12 11:45:11] --- current time step: 33 (frenet_interface.py:257)
INFO     [2025-01-12 11:45:11] --- current velocity: 0.9377772298075305 (frenet_interface.py:258)
INFO     [2025-01-12 11:45:11] --- current target velocity: 0.9980578963739658 (frenet_interface.py:259)
INFO     [2025-01-12 11:45:12] --- Sampled interval of velocity: 0.00 m/s - 6.69 m/s (planner.py:310)
INFO     [2025-01-12 11:45:12] --- current time step: 34 (frenet_interface.py:280)
INFO     [2025-01-12 11:45:12] --- current velocity: 0.9004032165303427 (frenet_interface.py:281)
INFO     [2025-01-12 11:45:12] --- current target velocity: 0.9377772298075305 (frenet_interface.py:282)
INFO     [2025-01-12 11:45:13] --- Sampled interval of velocity: 0.00 m/s - 6.65 m/s (planner.py:310)
INFO     [2025-01-12 11:45:13] --- current time step: 35 (frenet_interface.py:280)
INFO     [2025-01-12 11:45:13] --- current velocity: 0.8823190165558481 (frenet_interface.py:281)
INFO     [2025-01-12 11:45:13] --- current target velocity: 0.9004032165303427 (frenet_interface.py:282)
INFO     [2025-01-12 11:45:14] --- Sampled interval of velocity: 0.00 m/s - 6.63 m/s (planner.py:310)
INFO     [2025-01-12 11:45:14] --- select trajectory 181 (reactive_planner_cpp.py:382)
INFO     [2025-01-12 11:45:14] --- current time step: 36 (frenet_interface.py:257)
INFO     [2025-01-12 11:45:14] --- current velocity: 0.8783335179408736 (frenet_interface.py:258)
INFO     [2025-01-12 11:45:14] --- current target velocity: 0.8823190165558481 (frenet_interface.py:259)
INFO     [2025-01-12 11:45:15] --- Sampled interval of velocity: 0.00 m/s - 6.63 m/s (planner.py:310)
INFO     [2025-01-12 11:45:15] --- current time step: 37 (frenet_interface.py:280)
INFO     [2025-01-12 11:45:15] --- current velocity: 0.8758625087994543 (frenet_interface.py:281)
INFO     [2025-01-12 11:45:15] --- current target velocity: 0.8783335179408736 (frenet_interface.py:282)
INFO     [2025-01-12 11:45:16] --- Sampled interval of velocity: 0.00 m/s - 6.63 m/s (planner.py:310)
INFO     [2025-01-12 11:45:16] --- current time step: 38 (frenet_interface.py:280)
INFO     [2025-01-12 11:45:16] --- current velocity: 0.8746668592145014 (frenet_interface.py:281)
INFO     [2025-01-12 11:45:16] --- current target velocity: 0.8758625087994543 (frenet_interface.py:282)
INFO     [2025-01-12 11:45:16] --- Sampled interval of velocity: 0.00 m/s - 6.62 m/s (planner.py:310)
INFO     [2025-01-12 11:45:16] --- select trajectory 181 (reactive_planner_cpp.py:382)
INFO     [2025-01-12 11:45:16] --- current time step: 39 (frenet_interface.py:257)
INFO     [2025-01-12 11:45:16] --- current velocity: 0.8744033551728179 (frenet_interface.py:258)
INFO     [2025-01-12 11:45:16] --- current target velocity: 0.8746668592145014 (frenet_interface.py:259)
INFO     [2025-01-12 11:45:18] --- Sampled interval of velocity: 0.00 m/s - 6.62 m/s (planner.py:310)
INFO     [2025-01-12 11:45:18] --- current time step: 40 (frenet_interface.py:280)
INFO     [2025-01-12 11:45:18] --- current velocity: 0.874239982665993 (frenet_interface.py:281)
INFO     [2025-01-12 11:45:18] --- current target velocity: 0.8744033551728179 (frenet_interface.py:282)
INFO     [2025-01-12 11:45:18] --- Sampled interval of velocity: 0.00 m/s - 6.62 m/s (planner.py:310)
INFO     [2025-01-12 11:45:18] --- current time step: 41 (frenet_interface.py:280)
INFO     [2025-01-12 11:45:18] --- current velocity: 0.8741609314516738 (frenet_interface.py:281)
INFO     [2025-01-12 11:45:18] --- current target velocity: 0.874239982665993 (frenet_interface.py:282)
INFO     [2025-01-12 11:45:19] --- Sampled interval of velocity: 0.00 m/s - 6.62 m/s (planner.py:310)
INFO     [2025-01-12 11:45:19] --- select trajectory 181 (reactive_planner_cpp.py:382)
INFO     [2025-01-12 11:45:19] --- current time step: 42 (frenet_interface.py:257)
INFO     [2025-01-12 11:45:19] --- current velocity: 0.8741435096943908 (frenet_interface.py:258)
INFO     [2025-01-12 11:45:19] --- current target velocity: 0.8741609314516738 (frenet_interface.py:259)
INFO     [2025-01-12 11:45:21] --- Sampled interval of velocity: 0.00 m/s - 6.62 m/s (planner.py:310)
INFO     [2025-01-12 11:45:21] --- current time step: 43 (frenet_interface.py:280)
INFO     [2025-01-12 11:45:21] --- current velocity: 0.8741327082039005 (frenet_interface.py:281)
INFO     [2025-01-12 11:45:21] --- current target velocity: 0.8741435096943908 (frenet_interface.py:282)
INFO     [2025-01-12 11:45:21] --- Sampled interval of velocity: 0.00 m/s - 6.62 m/s (planner.py:310)
INFO     [2025-01-12 11:45:21] --- current time step: 44 (frenet_interface.py:280)
INFO     [2025-01-12 11:45:21] --- current velocity: 0.8741274816751781 (frenet_interface.py:281)
INFO     [2025-01-12 11:45:21] --- current target velocity: 0.8741327082039005 (frenet_interface.py:282)
INFO     [2025-01-12 11:45:22] --- Sampled interval of velocity: 0.00 m/s - 6.62 m/s (planner.py:310)
INFO     [2025-01-12 11:45:22] --- select trajectory 181 (reactive_planner_cpp.py:382)
INFO     [2025-01-12 11:45:22] --- current time step: 45 (frenet_interface.py:257)
INFO     [2025-01-12 11:45:22] --- current velocity: 0.87412632982175 (frenet_interface.py:258)
INFO     [2025-01-12 11:45:22] --- current target velocity: 0.8741274816751781 (frenet_interface.py:259)
INFO     [2025-01-12 11:45:24] --- Sampled interval of velocity: 0.00 m/s - 6.62 m/s (planner.py:310)
INFO     [2025-01-12 11:45:24] --- current time step: 46 (frenet_interface.py:280)
INFO     [2025-01-12 11:45:24] --- current velocity: 0.8741256156722171 (frenet_interface.py:281)
INFO     [2025-01-12 11:45:24] --- current target velocity: 0.87412632982175 (frenet_interface.py:282)
