CRITICAL [2025-01-12 11:44:03] --- Start Planner Vehicle ID: 30531 (frenet_interface.py:67)
INFO     [2025-01-12 11:44:05] --- Sampled interval of velocity: 0.00 m/s - 7.08 m/s (planner.py:310)
INFO     [2025-01-12 11:44:05] --- select trajectory 391 (reactive_planner_cpp.py:382)
INFO     [2025-01-12 11:44:05] --- current time step: 0 (frenet_interface.py:257)
INFO     [2025-01-12 11:44:05] --- current velocity: 1.3244671416336493 (frenet_interface.py:258)
INFO     [2025-01-12 11:44:05] --- current target velocity: 3.2263147547968996 (frenet_interface.py:259)
INFO     [2025-01-12 11:44:07] --- Sampled interval of velocity: 0.00 m/s - 7.07 m/s (planner.py:310)
INFO     [2025-01-12 11:44:07] --- current time step: 1 (frenet_interface.py:280)
INFO     [2025-01-12 11:44:07] --- current velocity: 1.3033484045163852 (frenet_interface.py:281)
INFO     [2025-01-12 11:44:07] --- current target velocity: 3.239132291404921 (frenet_interface.py:282)
INFO     [2025-01-12 11:44:07] --- Sampled interval of velocity: 0.00 m/s - 7.05 m/s (planner.py:310)
INFO     [2025-01-12 11:44:07] --- current time step: 2 (frenet_interface.py:280)
INFO     [2025-01-12 11:44:07] --- current velocity: 1.2697629143452693 (frenet_interface.py:281)
INFO     [2025-01-12 11:44:07] --- current target velocity: 3.25222170756269 (frenet_interface.py:282)
INFO     [2025-01-12 11:44:07] --- Sampled interval of velocity: 0.00 m/s - 7.02 m/s (planner.py:310)
INFO     [2025-01-12 11:44:07] --- select trajectory 191 (reactive_planner_cpp.py:382)
INFO     [2025-01-12 11:44:07] --- current time step: 3 (frenet_interface.py:257)
INFO     [2025-01-12 11:44:07] --- current velocity: 1.2239403999597924 (frenet_interface.py:258)
INFO     [2025-01-12 11:44:07] --- current target velocity: 3.265678484431781 (frenet_interface.py:259)
INFO     [2025-01-12 11:44:09] --- Sampled interval of velocity: 0.00 m/s - 6.97 m/s (planner.py:310)
INFO     [2025-01-12 11:44:09] --- current time step: 4 (frenet_interface.py:280)
INFO     [2025-01-12 11:44:09] --- current velocity: 1.1328373558553457 (frenet_interface.py:281)
INFO     [2025-01-12 11:44:09] --- current target velocity: 3.279572426568816 (frenet_interface.py:282)
INFO     [2025-01-12 11:44:10] --- Sampled interval of velocity: 0.00 m/s - 6.88 m/s (planner.py:310)
INFO     [2025-01-12 11:44:10] --- current time step: 5 (frenet_interface.py:280)
INFO     [2025-01-12 11:44:10] --- current velocity: 1.0068980145733406 (frenet_interface.py:281)
INFO     [2025-01-12 11:44:10] --- current target velocity: 3.2941408651701227 (frenet_interface.py:282)
INFO     [2025-01-12 11:44:10] --- Sampled interval of velocity: 0.00 m/s - 6.76 m/s (planner.py:310)
INFO     [2025-01-12 11:44:10] --- select trajectory 191 (reactive_planner_cpp.py:382)
INFO     [2025-01-12 11:44:10] --- current time step: 6 (frenet_interface.py:257)
INFO     [2025-01-12 11:44:10] --- current velocity: 0.9256646627339494 (frenet_interface.py:258)
INFO     [2025-01-12 11:44:10] --- current target velocity: 3.309678092304025 (frenet_interface.py:259)
INFO     [2025-01-12 11:44:11] --- Sampled interval of velocity: 0.00 m/s - 6.68 m/s (planner.py:310)
INFO     [2025-01-12 11:44:11] --- current time step: 7 (frenet_interface.py:280)
INFO     [2025-01-12 11:44:11] --- current velocity: 0.8255857148477657 (frenet_interface.py:281)
INFO     [2025-01-12 11:44:11] --- current target velocity: 3.3261682826325973 (frenet_interface.py:282)
INFO     [2025-01-12 11:44:12] --- Sampled interval of velocity: 0.00 m/s - 6.58 m/s (planner.py:310)
INFO     [2025-01-12 11:44:12] --- current time step: 8 (frenet_interface.py:280)
INFO     [2025-01-12 11:44:12] --- current velocity: 0.7122662161069359 (frenet_interface.py:281)
INFO     [2025-01-12 11:44:12] --- current target velocity: 3.3435385823372963 (frenet_interface.py:282)
INFO     [2025-01-12 11:44:12] --- Sampled interval of velocity: 0.00 m/s - 6.46 m/s (planner.py:310)
INFO     [2025-01-12 11:44:12] --- select trajectory 191 (reactive_planner_cpp.py:382)
INFO     [2025-01-12 11:44:12] --- current time step: 9 (frenet_interface.py:257)
INFO     [2025-01-12 11:44:12] --- current velocity: 0.6469095162862337 (frenet_interface.py:258)
INFO     [2025-01-12 11:44:12] --- current target velocity: 3.3619224658281763 (frenet_interface.py:259)
INFO     [2025-01-12 11:44:14] --- Sampled interval of velocity: 0.00 m/s - 6.40 m/s (planner.py:310)
INFO     [2025-01-12 11:44:14] --- current time step: 10 (frenet_interface.py:280)
INFO     [2025-01-12 11:44:14] --- current velocity: 0.5712366675621071 (frenet_interface.py:281)
INFO     [2025-01-12 11:44:14] --- current target velocity: 3.38121260895934 (frenet_interface.py:282)
INFO     [2025-01-12 11:44:15] --- Sampled interval of velocity: 0.00 m/s - 6.32 m/s (planner.py:310)
INFO     [2025-01-12 11:44:15] --- current time step: 11 (frenet_interface.py:280)
INFO     [2025-01-12 11:44:15] --- current velocity: 0.48873267706633033 (frenet_interface.py:281)
INFO     [2025-01-12 11:44:15] --- current target velocity: 3.4012953994170667 (frenet_interface.py:282)
INFO     [2025-01-12 11:44:15] --- Sampled interval of velocity: 0.00 m/s - 6.24 m/s (planner.py:310)
INFO     [2025-01-12 11:44:15] --- select trajectory 191 (reactive_planner_cpp.py:382)
INFO     [2025-01-12 11:44:15] --- current time step: 12 (frenet_interface.py:257)
INFO     [2025-01-12 11:44:15] --- current velocity: 0.4423490942839868 (frenet_interface.py:258)
INFO     [2025-01-12 11:44:15] --- current target velocity: 3.4222507768037387 (frenet_interface.py:259)
INFO     [2025-01-12 11:44:17] --- Sampled interval of velocity: 0.00 m/s - 6.19 m/s (planner.py:310)
INFO     [2025-01-12 11:44:17] --- current time step: 13 (frenet_interface.py:280)
INFO     [2025-01-12 11:44:17] --- current velocity: 0.3894867967906593 (frenet_interface.py:281)
INFO     [2025-01-12 11:44:17] --- current target velocity: 3.4439866176698346 (frenet_interface.py:282)
INFO     [2025-01-12 11:44:17] --- Sampled interval of velocity: 0.00 m/s - 6.14 m/s (planner.py:310)
INFO     [2025-01-12 11:44:17] --- current time step: 14 (frenet_interface.py:280)
INFO     [2025-01-12 11:44:17] --- current velocity: 0.33244164349933963 (frenet_interface.py:281)
INFO     [2025-01-12 11:44:17] --- current target velocity: 3.466413465448067 (frenet_interface.py:282)
INFO     [2025-01-12 11:44:18] --- Sampled interval of velocity: 0.00 m/s - 6.08 m/s (planner.py:310)
INFO     [2025-01-12 11:44:18] --- select trajectory 191 (reactive_planner_cpp.py:382)
INFO     [2025-01-12 11:44:18] --- current time step: 15 (frenet_interface.py:257)
INFO     [2025-01-12 11:44:18] --- current velocity: 0.300601745094181 (frenet_interface.py:258)
INFO     [2025-01-12 11:44:18] --- current target velocity: 3.489586572445501 (frenet_interface.py:259)
INFO     [2025-01-12 11:44:20] --- Sampled interval of velocity: 0.00 m/s - 6.05 m/s (planner.py:310)
INFO     [2025-01-12 11:44:20] --- current time step: 16 (frenet_interface.py:280)
INFO     [2025-01-12 11:44:20] --- current velocity: 0.26448066949697635 (frenet_interface.py:281)
INFO     [2025-01-12 11:44:20] --- current target velocity: 3.5134410379080676 (frenet_interface.py:282)
INFO     [2025-01-12 11:44:20] --- Sampled interval of velocity: 0.00 m/s - 6.01 m/s (planner.py:310)
INFO     [2025-01-12 11:44:20] --- current time step: 17 (frenet_interface.py:280)
INFO     [2025-01-12 11:44:20] --- current velocity: 0.2256193981680347 (frenet_interface.py:281)
INFO     [2025-01-12 11:44:20] --- current target velocity: 3.537915335433209 (frenet_interface.py:282)
INFO     [2025-01-12 11:44:21] --- Sampled interval of velocity: 0.00 m/s - 5.98 m/s (planner.py:310)
WARNING  [2025-01-12 11:44:21] --- No optimal trajectory available. Select stopping trajectory! (reactive_planner_cpp.py:407)
INFO     [2025-01-12 11:44:21] --- current time step: 18 (frenet_interface.py:257)
INFO     [2025-01-12 11:44:21] --- current velocity: 0.2039755656420462 (frenet_interface.py:258)
INFO     [2025-01-12 11:44:21] --- current target velocity: 3.56305045878665 (frenet_interface.py:259)
INFO     [2025-01-12 11:44:22] --- Sampled interval of velocity: 0.00 m/s - 5.95 m/s (planner.py:310)
INFO     [2025-01-12 11:44:22] --- current time step: 19 (frenet_interface.py:280)
INFO     [2025-01-12 11:44:22] --- current velocity: 0.17945536464212208 (frenet_interface.py:281)
INFO     [2025-01-12 11:44:22] --- current target velocity: 3.5888040736337072 (frenet_interface.py:282)
INFO     [2025-01-12 11:44:22] --- Sampled interval of velocity: 0.00 m/s - 5.93 m/s (planner.py:310)
INFO     [2025-01-12 11:44:22] --- current time step: 20 (frenet_interface.py:280)
INFO     [2025-01-12 11:44:22] --- current velocity: 0.15309917715198512 (frenet_interface.py:281)
INFO     [2025-01-12 11:44:22] --- current target velocity: 3.6151365717753285 (frenet_interface.py:282)
INFO     [2025-01-12 11:44:23] --- Sampled interval of velocity: 0.00 m/s - 5.90 m/s (planner.py:310)
WARNING  [2025-01-12 11:44:23] --- No optimal trajectory available. Select stopping trajectory! (reactive_planner_cpp.py:407)
INFO     [2025-01-12 11:44:23] --- current time step: 21 (frenet_interface.py:257)
INFO     [2025-01-12 11:44:23] --- current velocity: 0.13842965257683496 (frenet_interface.py:258)
INFO     [2025-01-12 11:44:23] --- current target velocity: 3.642079928425017 (frenet_interface.py:259)
