CRITICAL [2025-01-12 11:46:59] --- Start Planner Vehicle ID: 30234 (frenet_interface.py:67)
INFO     [2025-01-12 11:47:01] --- Sampled interval of velocity: 0.00 m/s - 20.44 m/s (planner.py:310)
INFO     [2025-01-12 11:47:01] --- select trajectory 441 (reactive_planner_cpp.py:382)
INFO     [2025-01-12 11:47:01] --- current time step: 0 (frenet_interface.py:257)
INFO     [2025-01-12 11:47:01] --- current velocity: 14.660781049856126 (frenet_interface.py:258)
INFO     [2025-01-12 11:47:01] --- current target velocity: 13.219574341724838 (frenet_interface.py:259)
INFO     [2025-01-12 11:47:03] --- Sampled interval of velocity: 0.00 m/s - 20.41 m/s (planner.py:310)
INFO     [2025-01-12 11:47:03] --- current time step: 1 (frenet_interface.py:280)
INFO     [2025-01-12 11:47:03] --- current velocity: 14.58401519855565 (frenet_interface.py:281)
INFO     [2025-01-12 11:47:03] --- current target velocity: 13.209706366545293 (frenet_interface.py:282)
INFO     [2025-01-12 11:47:04] --- Sampled interval of velocity: 0.00 m/s - 20.33 m/s (planner.py:310)
INFO     [2025-01-12 11:47:04] --- current time step: 2 (frenet_interface.py:280)
INFO     [2025-01-12 11:47:04] --- current velocity: 14.464947761130453 (frenet_interface.py:281)
INFO     [2025-01-12 11:47:04] --- current target velocity: 13.200063330459852 (frenet_interface.py:282)
INFO     [2025-01-12 11:47:04] --- Sampled interval of velocity: 0.00 m/s - 20.21 m/s (planner.py:310)
INFO     [2025-01-12 11:47:04] --- select trajectory 141 (reactive_planner_cpp.py:382)
INFO     [2025-01-12 11:47:04] --- current time step: 3 (frenet_interface.py:257)
INFO     [2025-01-12 11:47:04] --- current velocity: 14.36656993369083 (frenet_interface.py:258)
INFO     [2025-01-12 11:47:04] --- current target velocity: 13.190967450841963 (frenet_interface.py:259)
INFO     [2025-01-12 11:47:06] --- Sampled interval of velocity: 0.00 m/s - 20.12 m/s (planner.py:310)
INFO     [2025-01-12 11:47:06] --- current time step: 4 (frenet_interface.py:280)
INFO     [2025-01-12 11:47:06] --- current velocity: 14.2154256299828 (frenet_interface.py:281)
INFO     [2025-01-12 11:47:06] --- current target velocity: 13.182489562535467 (frenet_interface.py:282)
INFO     [2025-01-12 11:47:07] --- Sampled interval of velocity: 0.00 m/s - 19.97 m/s (planner.py:310)
INFO     [2025-01-12 11:47:07] --- current time step: 5 (frenet_interface.py:280)
INFO     [2025-01-12 11:47:07] --- current velocity: 14.023314255871748 (frenet_interface.py:281)
INFO     [2025-01-12 11:47:07] --- current target velocity: 13.174775764997854 (frenet_interface.py:282)
INFO     [2025-01-12 11:47:07] --- Sampled interval of velocity: 0.00 m/s - 19.77 m/s (planner.py:310)
INFO     [2025-01-12 11:47:07] --- select trajectory 531 (reactive_planner_cpp.py:382)
INFO     [2025-01-12 11:47:07] --- current time step: 6 (frenet_interface.py:257)
INFO     [2025-01-12 11:47:07] --- current velocity: 13.908723876234392 (frenet_interface.py:258)
INFO     [2025-01-12 11:47:07] --- current target velocity: 13.168164301352403 (frenet_interface.py:259)
INFO     [2025-01-12 11:47:09] --- Sampled interval of velocity: 0.00 m/s - 19.66 m/s (planner.py:310)
INFO     [2025-01-12 11:47:09] --- current time step: 7 (frenet_interface.py:280)
INFO     [2025-01-12 11:47:09] --- current velocity: 13.776126062214662 (frenet_interface.py:281)
INFO     [2025-01-12 11:47:09] --- current target velocity: 13.162542711082478 (frenet_interface.py:282)
INFO     [2025-01-12 11:47:09] --- Sampled interval of velocity: 0.00 m/s - 19.53 m/s (planner.py:310)
INFO     [2025-01-12 11:47:09] --- current time step: 8 (frenet_interface.py:280)
INFO     [2025-01-12 11:47:09] --- current velocity: 13.627555737697312 (frenet_interface.py:281)
INFO     [2025-01-12 11:47:09] --- current target velocity: 13.157715305543597 (frenet_interface.py:282)
INFO     [2025-01-12 11:47:10] --- Sampled interval of velocity: 0.00 m/s - 19.38 m/s (planner.py:310)
INFO     [2025-01-12 11:47:10] --- select trajectory 446 (reactive_planner_cpp.py:382)
INFO     [2025-01-12 11:47:10] --- current time step: 9 (frenet_interface.py:257)
INFO     [2025-01-12 11:47:10] --- current velocity: 13.538394730013188 (frenet_interface.py:258)
INFO     [2025-01-12 11:47:10] --- current target velocity: 13.153827009197338 (frenet_interface.py:259)
INFO     [2025-01-12 11:47:13] --- Sampled interval of velocity: 0.00 m/s - 19.29 m/s (planner.py:310)
INFO     [2025-01-12 11:47:13] --- current time step: 10 (frenet_interface.py:280)
INFO     [2025-01-12 11:47:13] --- current velocity: 13.428601340230196 (frenet_interface.py:281)
INFO     [2025-01-12 11:47:13] --- current target velocity: 13.150740236145811 (frenet_interface.py:282)
INFO     [2025-01-12 11:47:13] --- Sampled interval of velocity: 0.00 m/s - 19.18 m/s (planner.py:310)
INFO     [2025-01-12 11:47:13] --- current time step: 11 (frenet_interface.py:280)
INFO     [2025-01-12 11:47:13] --- current velocity: 13.302603113764095 (frenet_interface.py:281)
INFO     [2025-01-12 11:47:13] --- current target velocity: 13.148333971235134 (frenet_interface.py:282)
INFO     [2025-01-12 11:47:14] --- Sampled interval of velocity: 0.00 m/s - 19.05 m/s (planner.py:310)
INFO     [2025-01-12 11:47:14] --- select trajectory 752 (reactive_planner_cpp.py:382)
INFO     [2025-01-12 11:47:14] --- current time step: 12 (frenet_interface.py:257)
INFO     [2025-01-12 11:47:14] --- current velocity: 13.240411544296373 (frenet_interface.py:258)
INFO     [2025-01-12 11:47:14] --- current target velocity: 13.14675138325212 (frenet_interface.py:259)
INFO     [2025-01-12 11:47:16] --- Sampled interval of velocity: 0.00 m/s - 18.99 m/s (planner.py:310)
INFO     [2025-01-12 11:47:16] --- current time step: 13 (frenet_interface.py:280)
INFO     [2025-01-12 11:47:16] --- current velocity: 13.187236950027259 (frenet_interface.py:281)
INFO     [2025-01-12 11:47:16] --- current target velocity: 13.145844280558807 (frenet_interface.py:282)
INFO     [2025-01-12 11:47:17] --- Sampled interval of velocity: 0.00 m/s - 18.94 m/s (planner.py:310)
INFO     [2025-01-12 11:47:17] --- current time step: 14 (frenet_interface.py:280)
INFO     [2025-01-12 11:47:17] --- current velocity: 13.142812541862785 (frenet_interface.py:281)
INFO     [2025-01-12 11:47:17] --- current target velocity: 13.145347293085305 (frenet_interface.py:282)
INFO     [2025-01-12 11:47:17] --- Sampled interval of velocity: 0.00 m/s - 18.89 m/s (planner.py:310)
INFO     [2025-01-12 11:47:17] --- select trajectory 742 (reactive_planner_cpp.py:382)
INFO     [2025-01-12 11:47:17] --- current time step: 15 (frenet_interface.py:257)
INFO     [2025-01-12 11:47:17] --- current velocity: 13.120408638187246 (frenet_interface.py:258)
INFO     [2025-01-12 11:47:17] --- current target velocity: 13.145209149007488 (frenet_interface.py:259)
INFO     [2025-01-12 11:47:21] --- Sampled interval of velocity: 0.00 m/s - 18.87 m/s (planner.py:310)
INFO     [2025-01-12 11:47:21] --- current time step: 16 (frenet_interface.py:280)
INFO     [2025-01-12 11:47:21] --- current velocity: 13.092419112041727 (frenet_interface.py:281)
INFO     [2025-01-12 11:47:21] --- current target velocity: 13.145319277845875 (frenet_interface.py:282)
INFO     [2025-01-12 11:47:21] --- Sampled interval of velocity: 0.00 m/s - 18.84 m/s (planner.py:310)
INFO     [2025-01-12 11:47:21] --- current time step: 17 (frenet_interface.py:280)
INFO     [2025-01-12 11:47:21] --- current velocity: 13.058936907353573 (frenet_interface.py:281)
INFO     [2025-01-12 11:47:21] --- current target velocity: 13.14563225769344 (frenet_interface.py:282)
INFO     [2025-01-12 11:47:21] --- Sampled interval of velocity: 0.00 m/s - 18.81 m/s (planner.py:310)
INFO     [2025-01-12 11:47:22] --- select trajectory 722 (reactive_planner_cpp.py:382)
INFO     [2025-01-12 11:47:22] --- current time step: 18 (frenet_interface.py:257)
INFO     [2025-01-12 11:47:22] --- current velocity: 13.022705918874069 (frenet_interface.py:258)
INFO     [2025-01-12 11:47:22] --- current target velocity: 13.146194332617087 (frenet_interface.py:259)
INFO     [2025-01-12 11:47:25] --- Sampled interval of velocity: 0.00 m/s - 18.77 m/s (planner.py:310)
INFO     [2025-01-12 11:47:25] --- current time step: 19 (frenet_interface.py:280)
INFO     [2025-01-12 11:47:25] --- current velocity: 12.950719162111222 (frenet_interface.py:281)
INFO     [2025-01-12 11:47:25] --- current target velocity: 13.147019782262221 (frenet_interface.py:282)
INFO     [2025-01-12 11:47:25] --- Sampled interval of velocity: 0.00 m/s - 18.70 m/s (planner.py:310)
INFO     [2025-01-12 11:47:25] --- current time step: 20 (frenet_interface.py:280)
INFO     [2025-01-12 11:47:25] --- current velocity: 12.845027394911089 (frenet_interface.py:281)
INFO     [2025-01-12 11:47:25] --- current target velocity: 13.148281039900235 (frenet_interface.py:282)
INFO     [2025-01-12 11:47:26] --- Sampled interval of velocity: 0.00 m/s - 18.60 m/s (planner.py:310)
INFO     [2025-01-12 11:47:26] --- select trajectory 622 (reactive_planner_cpp.py:382)
INFO     [2025-01-12 11:47:26] --- current time step: 21 (frenet_interface.py:257)
INFO     [2025-01-12 11:47:26] --- current velocity: 12.766471395207498 (frenet_interface.py:258)
INFO     [2025-01-12 11:47:26] --- current target velocity: 13.15025174085493 (frenet_interface.py:259)
INFO     [2025-01-12 11:47:28] --- Sampled interval of velocity: 0.00 m/s - 18.52 m/s (planner.py:310)
INFO     [2025-01-12 11:47:28] --- current time step: 22 (frenet_interface.py:280)
INFO     [2025-01-12 11:47:28] --- current velocity: 12.65841254073782 (frenet_interface.py:281)
INFO     [2025-01-12 11:47:28] --- current target velocity: 13.152963425671906 (frenet_interface.py:282)
INFO     [2025-01-12 11:47:28] --- Sampled interval of velocity: 0.00 m/s - 18.41 m/s (planner.py:310)
INFO     [2025-01-12 11:47:28] --- current time step: 23 (frenet_interface.py:280)
INFO     [2025-01-12 11:47:28] --- current velocity: 12.524893462731882 (frenet_interface.py:281)
INFO     [2025-01-12 11:47:28] --- current target velocity: 13.156448383911558 (frenet_interface.py:282)
INFO     [2025-01-12 11:47:29] --- Sampled interval of velocity: 0.00 m/s - 18.27 m/s (planner.py:310)
INFO     [2025-01-12 11:47:29] --- select trajectory 126 (reactive_planner_cpp.py:382)
INFO     [2025-01-12 11:47:29] --- current time step: 24 (frenet_interface.py:257)
INFO     [2025-01-12 11:47:29] --- current velocity: 12.334610521813648 (frenet_interface.py:258)
INFO     [2025-01-12 11:47:29] --- current target velocity: 13.160964515342352 (frenet_interface.py:259)
INFO     [2025-01-12 11:47:30] --- Sampled interval of velocity: 0.00 m/s - 18.08 m/s (planner.py:310)
INFO     [2025-01-12 11:47:30] --- current time step: 25 (frenet_interface.py:280)
INFO     [2025-01-12 11:47:30] --- current velocity: 11.936010571484246 (frenet_interface.py:281)
INFO     [2025-01-12 11:47:30] --- current target velocity: 13.166747461146286 (frenet_interface.py:282)
INFO     [2025-01-12 11:47:31] --- Sampled interval of velocity: 0.00 m/s - 17.69 m/s (planner.py:310)
INFO     [2025-01-12 11:47:31] --- current time step: 26 (frenet_interface.py:280)
INFO     [2025-01-12 11:47:31] --- current velocity: 11.37605557506362 (frenet_interface.py:281)
INFO     [2025-01-12 11:47:31] --- current target velocity: 13.175071628663012 (frenet_interface.py:282)
INFO     [2025-01-12 11:47:31] --- Sampled interval of velocity: 0.00 m/s - 17.13 m/s (planner.py:310)
WARNING  [2025-01-12 11:47:32] --- No optimal trajectory available. Select stopping trajectory! (reactive_planner_cpp.py:407)
INFO     [2025-01-12 11:47:32] --- current time step: 27 (frenet_interface.py:257)
INFO     [2025-01-12 11:47:32] --- current velocity: 10.852691392166808 (frenet_interface.py:258)
INFO     [2025-01-12 11:47:32] --- current target velocity: 13.187497599753021 (frenet_interface.py:259)
INFO     [2025-01-12 11:47:33] --- Sampled interval of velocity: 0.00 m/s - 16.60 m/s (planner.py:310)
INFO     [2025-01-12 11:47:33] --- current time step: 28 (frenet_interface.py:280)
INFO     [2025-01-12 11:47:33] --- current velocity: 9.965644595153217 (frenet_interface.py:281)
INFO     [2025-01-12 11:47:33] --- current target velocity: 13.204411352812047 (frenet_interface.py:282)
INFO     [2025-01-12 11:47:34] --- Sampled interval of velocity: 0.00 m/s - 15.72 m/s (planner.py:310)
INFO     [2025-01-12 11:47:34] --- current time step: 29 (frenet_interface.py:280)
INFO     [2025-01-12 11:47:34] --- current velocity: 8.80214983321588 (frenet_interface.py:281)
INFO     [2025-01-12 11:47:34] --- current target velocity: 13.227533231748282 (frenet_interface.py:282)
INFO     [2025-01-12 11:47:34] --- Sampled interval of velocity: 0.00 m/s - 14.55 m/s (planner.py:310)
WARNING  [2025-01-12 11:47:35] --- No optimal trajectory available. Select stopping trajectory! (reactive_planner_cpp.py:407)
INFO     [2025-01-12 11:47:35] --- current time step: 30 (frenet_interface.py:257)
INFO     [2025-01-12 11:47:35] --- current velocity: 8.113065471154023 (frenet_interface.py:258)
INFO     [2025-01-12 11:47:35] --- current target velocity: 13.259707283817216 (frenet_interface.py:259)
INFO     [2025-01-12 11:47:37] --- Sampled interval of velocity: 0.00 m/s - 13.86 m/s (planner.py:310)
INFO     [2025-01-12 11:47:37] --- current time step: 31 (frenet_interface.py:280)
INFO     [2025-01-12 11:47:37] --- current velocity: 7.340595301145202 (frenet_interface.py:281)
INFO     [2025-01-12 11:47:37] --- current target velocity: 13.113065471154023 (frenet_interface.py:282)
INFO     [2025-01-12 11:47:37] --- Sampled interval of velocity: 0.00 m/s - 13.09 m/s (planner.py:310)
INFO     [2025-01-12 11:47:37] --- current time step: 32 (frenet_interface.py:280)
INFO     [2025-01-12 11:47:37] --- current velocity: 6.516293076368623 (frenet_interface.py:281)
INFO     [2025-01-12 11:47:37] --- current target velocity: 12.340595301145202 (frenet_interface.py:282)
INFO     [2025-01-12 11:47:37] --- Sampled interval of velocity: 0.00 m/s - 12.27 m/s (planner.py:310)
WARNING  [2025-01-12 11:47:38] --- No optimal trajectory available. Select stopping trajectory! (reactive_planner_cpp.py:407)
INFO     [2025-01-12 11:47:38] --- current time step: 33 (frenet_interface.py:257)
INFO     [2025-01-12 11:47:38] --- current velocity: 6.01737200155906 (frenet_interface.py:258)
INFO     [2025-01-12 11:47:38] --- current target velocity: 11.516293076368623 (frenet_interface.py:259)
INFO     [2025-01-12 11:47:40] --- Sampled interval of velocity: 0.00 m/s - 11.77 m/s (planner.py:310)
INFO     [2025-01-12 11:47:40] --- current time step: 34 (frenet_interface.py:280)
INFO     [2025-01-12 11:47:40] --- current velocity: 5.386073851284237 (frenet_interface.py:281)
INFO     [2025-01-12 11:47:40] --- current target velocity: 11.01737200155906 (frenet_interface.py:282)
INFO     [2025-01-12 11:47:40] --- Sampled interval of velocity: 0.00 m/s - 11.14 m/s (planner.py:310)
INFO     [2025-01-12 11:47:40] --- current time step: 35 (frenet_interface.py:280)
INFO     [2025-01-12 11:47:40] --- current velocity: 4.660513424969853 (frenet_interface.py:281)
INFO     [2025-01-12 11:47:40] --- current target velocity: 10.386073851284237 (frenet_interface.py:282)
INFO     [2025-01-12 11:47:40] --- Sampled interval of velocity: 0.00 m/s - 10.41 m/s (planner.py:310)
WARNING  [2025-01-12 11:47:41] --- No optimal trajectory available. Select stopping trajectory! (reactive_planner_cpp.py:407)
INFO     [2025-01-12 11:47:41] --- current time step: 36 (frenet_interface.py:257)
INFO     [2025-01-12 11:47:41] --- current velocity: 4.237861443904858 (frenet_interface.py:258)
INFO     [2025-01-12 11:47:41] --- current target velocity: 9.660513424969853 (frenet_interface.py:259)
