CRITICAL [2025-01-12 11:21:33] --- Start Planner Vehicle ID: 1 (frenet_interface.py:67)
INFO     [2025-01-12 11:21:33] --- Sampled interval of velocity: 0.00 m/s - 7.40 m/s (planner.py:310)
INFO     [2025-01-12 11:21:33] --- select trajectory 81 (reactive_planner_cpp.py:382)
INFO     [2025-01-12 11:21:33] --- current time step: 0 (frenet_interface.py:257)
INFO     [2025-01-12 11:21:33] --- current velocity: 1.647945709024904 (frenet_interface.py:258)
INFO     [2025-01-12 11:21:33] --- current target velocity: 1.647946 (frenet_interface.py:259)
INFO     [2025-01-12 11:21:34] --- Sampled interval of velocity: 0.00 m/s - 7.40 m/s (planner.py:310)
INFO     [2025-01-12 11:21:34] --- current time step: 1 (frenet_interface.py:280)
INFO     [2025-01-12 11:21:34] --- current velocity: 1.6479447929239186 (frenet_interface.py:281)
INFO     [2025-01-12 11:21:34] --- current target velocity: 1.647945709024904 (frenet_interface.py:282)
INFO     [2025-01-12 11:21:34] --- Sampled interval of velocity: 0.00 m/s - 7.40 m/s (planner.py:310)
INFO     [2025-01-12 11:21:34] --- current time step: 2 (frenet_interface.py:280)
INFO     [2025-01-12 11:21:34] --- current velocity: 1.6479432690610272 (frenet_interface.py:281)
INFO     [2025-01-12 11:21:34] --- current target velocity: 1.6479447929239186 (frenet_interface.py:282)
INFO     [2025-01-12 11:21:34] --- Sampled interval of velocity: 0.00 m/s - 7.40 m/s (planner.py:310)
INFO     [2025-01-12 11:21:34] --- select trajectory 191 (reactive_planner_cpp.py:382)
INFO     [2025-01-12 11:21:34] --- current time step: 3 (frenet_interface.py:257)
INFO     [2025-01-12 11:21:34] --- current velocity: 1.6096030525246938 (frenet_interface.py:258)
INFO     [2025-01-12 11:21:34] --- current target velocity: 1.6479432690610272 (frenet_interface.py:259)
INFO     [2025-01-12 11:21:35] --- Sampled interval of velocity: 0.00 m/s - 7.36 m/s (planner.py:310)
INFO     [2025-01-12 11:21:35] --- current time step: 4 (frenet_interface.py:280)
INFO     [2025-01-12 11:21:35] --- current velocity: 1.5044553400121046 (frenet_interface.py:281)
INFO     [2025-01-12 11:21:35] --- current target velocity: 1.6096030525246938 (frenet_interface.py:282)
INFO     [2025-01-12 11:21:36] --- Sampled interval of velocity: 0.00 m/s - 7.25 m/s (planner.py:310)
INFO     [2025-01-12 11:21:36] --- current time step: 5 (frenet_interface.py:280)
INFO     [2025-01-12 11:21:36] --- current velocity: 1.3473055209723 (frenet_interface.py:281)
INFO     [2025-01-12 11:21:36] --- current target velocity: 1.5044553400121046 (frenet_interface.py:282)
INFO     [2025-01-12 11:21:36] --- Sampled interval of velocity: 0.00 m/s - 7.10 m/s (planner.py:310)
INFO     [2025-01-12 11:21:36] --- select trajectory 491 (reactive_planner_cpp.py:382)
INFO     [2025-01-12 11:21:36] --- current time step: 6 (frenet_interface.py:257)
INFO     [2025-01-12 11:21:36] --- current velocity: 1.2508381632579566 (frenet_interface.py:258)
INFO     [2025-01-12 11:21:36] --- current target velocity: 1.3473055209723 (frenet_interface.py:259)
INFO     [2025-01-12 11:21:37] --- Sampled interval of velocity: 0.00 m/s - 7.00 m/s (planner.py:310)
INFO     [2025-01-12 11:21:37] --- current time step: 7 (frenet_interface.py:280)
INFO     [2025-01-12 11:21:37] --- current velocity: 1.1417761684551198 (frenet_interface.py:281)
INFO     [2025-01-12 11:21:37] --- current target velocity: 1.2508381632579566 (frenet_interface.py:282)
INFO     [2025-01-12 11:21:38] --- Sampled interval of velocity: 0.00 m/s - 6.89 m/s (planner.py:310)
INFO     [2025-01-12 11:21:38] --- current time step: 8 (frenet_interface.py:280)
INFO     [2025-01-12 11:21:38] --- current velocity: 1.0232918432635902 (frenet_interface.py:281)
INFO     [2025-01-12 11:21:38] --- current target velocity: 1.1417761684551198 (frenet_interface.py:282)
INFO     [2025-01-12 11:21:38] --- Sampled interval of velocity: 0.00 m/s - 6.77 m/s (planner.py:310)
INFO     [2025-01-12 11:21:38] --- select trajectory 581 (reactive_planner_cpp.py:382)
INFO     [2025-01-12 11:21:38] --- current time step: 9 (frenet_interface.py:257)
INFO     [2025-01-12 11:21:38] --- current velocity: 0.9668277278620364 (frenet_interface.py:258)
INFO     [2025-01-12 11:21:38] --- current target velocity: 1.0232918432635902 (frenet_interface.py:259)
INFO     [2025-01-12 11:21:39] --- Sampled interval of velocity: 0.00 m/s - 6.72 m/s (planner.py:310)
INFO     [2025-01-12 11:21:39] --- current time step: 10 (frenet_interface.py:280)
INFO     [2025-01-12 11:21:39] --- current velocity: 0.9192177227855379 (frenet_interface.py:281)
INFO     [2025-01-12 11:21:39] --- current target velocity: 0.9668277278620364 (frenet_interface.py:282)
INFO     [2025-01-12 11:21:39] --- Sampled interval of velocity: 0.00 m/s - 6.67 m/s (planner.py:310)
INFO     [2025-01-12 11:21:39] --- current time step: 11 (frenet_interface.py:280)
INFO     [2025-01-12 11:21:39] --- current velocity: 0.8799192939878433 (frenet_interface.py:281)
INFO     [2025-01-12 11:21:39] --- current target velocity: 0.9192177227855379 (frenet_interface.py:282)
INFO     [2025-01-12 11:21:40] --- Sampled interval of velocity: 0.00 m/s - 6.63 m/s (planner.py:310)
INFO     [2025-01-12 11:21:40] --- select trajectory 171 (reactive_planner_cpp.py:382)
INFO     [2025-01-12 11:21:40] --- current time step: 12 (frenet_interface.py:257)
INFO     [2025-01-12 11:21:40] --- current velocity: 0.9992447614906228 (frenet_interface.py:258)
INFO     [2025-01-12 11:21:40] --- current target velocity: 0.8799192939878433 (frenet_interface.py:259)
INFO     [2025-01-12 11:21:42] --- Sampled interval of velocity: 0.00 m/s - 6.75 m/s (planner.py:310)
INFO     [2025-01-12 11:21:42] --- current time step: 13 (frenet_interface.py:280)
INFO     [2025-01-12 11:21:42] --- current velocity: 1.3574001821131187 (frenet_interface.py:281)
INFO     [2025-01-12 11:21:42] --- current target velocity: 0.9992447614906228 (frenet_interface.py:282)
INFO     [2025-01-12 11:21:42] --- Sampled interval of velocity: 0.00 m/s - 7.11 m/s (planner.py:310)
INFO     [2025-01-12 11:21:42] --- current time step: 14 (frenet_interface.py:280)
INFO     [2025-01-12 11:21:42] --- current velocity: 1.9016687346529457 (frenet_interface.py:281)
INFO     [2025-01-12 11:21:42] --- current target velocity: 1.3574001821131187 (frenet_interface.py:282)
INFO     [2025-01-12 11:21:42] --- Sampled interval of velocity: 0.00 m/s - 7.65 m/s (planner.py:310)
INFO     [2025-01-12 11:21:42] --- select trajectory 176 (reactive_planner_cpp.py:382)
INFO     [2025-01-12 11:21:42] --- current time step: 15 (frenet_interface.py:257)
INFO     [2025-01-12 11:21:42] --- current velocity: 2.291685926338777 (frenet_interface.py:258)
INFO     [2025-01-12 11:21:42] --- current target velocity: 1.9016687346529457 (frenet_interface.py:259)
INFO     [2025-01-12 11:21:44] --- Sampled interval of velocity: 0.00 m/s - 8.04 m/s (planner.py:310)
INFO     [2025-01-12 11:21:44] --- current time step: 16 (frenet_interface.py:280)
INFO     [2025-01-12 11:21:44] --- current velocity: 2.817668366284773 (frenet_interface.py:281)
INFO     [2025-01-12 11:21:44] --- current target velocity: 2.291685926338777 (frenet_interface.py:282)
INFO     [2025-01-12 11:21:44] --- Sampled interval of velocity: 0.00 m/s - 8.57 m/s (planner.py:310)
INFO     [2025-01-12 11:21:44] --- current time step: 17 (frenet_interface.py:280)
INFO     [2025-01-12 11:21:44] --- current velocity: 3.4431400817182243 (frenet_interface.py:281)
INFO     [2025-01-12 11:21:44] --- current target velocity: 2.817668366284773 (frenet_interface.py:282)
CRITICAL [2025-01-12 11:44:55] --- Start Planner Vehicle ID: 1 (frenet_interface.py:67)
INFO     [2025-01-12 11:44:55] --- Sampled interval of velocity: 0.00 m/s - 15.21 m/s (planner.py:310)
INFO     [2025-01-12 11:44:55] --- select trajectory 361 (reactive_planner_cpp.py:382)
INFO     [2025-01-12 11:44:55] --- current time step: 0 (frenet_interface.py:257)
INFO     [2025-01-12 11:44:55] --- current velocity: 9.472762691417408 (frenet_interface.py:258)
INFO     [2025-01-12 11:44:55] --- current target velocity: 9.4620401 (frenet_interface.py:259)
INFO     [2025-01-12 11:44:57] --- Sampled interval of velocity: 0.00 m/s - 15.22 m/s (planner.py:310)
INFO     [2025-01-12 11:44:57] --- current time step: 1 (frenet_interface.py:280)
INFO     [2025-01-12 11:44:57] --- current velocity: 9.503650254490836 (frenet_interface.py:281)
INFO     [2025-01-12 11:44:57] --- current target velocity: 9.472762691417408 (frenet_interface.py:282)
INFO     [2025-01-12 11:44:57] --- Sampled interval of velocity: 0.00 m/s - 15.25 m/s (planner.py:310)
INFO     [2025-01-12 11:44:57] --- current time step: 2 (frenet_interface.py:280)
INFO     [2025-01-12 11:44:57] --- current velocity: 9.552782503585744 (frenet_interface.py:281)
INFO     [2025-01-12 11:44:57] --- current target velocity: 9.503650254490836 (frenet_interface.py:282)
INFO     [2025-01-12 11:44:57] --- Sampled interval of velocity: 0.00 m/s - 15.30 m/s (planner.py:310)
INFO     [2025-01-12 11:44:57] --- select trajectory 491 (reactive_planner_cpp.py:382)
INFO     [2025-01-12 11:44:57] --- current time step: 3 (frenet_interface.py:257)
INFO     [2025-01-12 11:44:57] --- current velocity: 9.438382046400394 (frenet_interface.py:258)
INFO     [2025-01-12 11:44:57] --- current target velocity: 9.552782503585744 (frenet_interface.py:259)
INFO     [2025-01-12 11:44:59] --- Sampled interval of velocity: 0.00 m/s - 15.19 m/s (planner.py:310)
INFO     [2025-01-12 11:44:59] --- current time step: 4 (frenet_interface.py:280)
INFO     [2025-01-12 11:44:59] --- current velocity: 9.066002979719435 (frenet_interface.py:281)
INFO     [2025-01-12 11:44:59] --- current target velocity: 9.438382046400394 (frenet_interface.py:282)
INFO     [2025-01-12 11:44:59] --- Sampled interval of velocity: 0.00 m/s - 14.82 m/s (planner.py:310)
INFO     [2025-01-12 11:44:59] --- current time step: 5 (frenet_interface.py:280)
INFO     [2025-01-12 11:44:59] --- current velocity: 8.478299236085263 (frenet_interface.py:281)
INFO     [2025-01-12 11:44:59] --- current target velocity: 9.066002979719435 (frenet_interface.py:282)
INFO     [2025-01-12 11:44:59] --- Sampled interval of velocity: 0.00 m/s - 14.23 m/s (planner.py:310)
INFO     [2025-01-12 11:45:00] --- select trajectory 191 (reactive_planner_cpp.py:382)
INFO     [2025-01-12 11:45:00] --- current time step: 6 (frenet_interface.py:257)
INFO     [2025-01-12 11:45:00] --- current velocity: 7.999390616757159 (frenet_interface.py:258)
INFO     [2025-01-12 11:45:00] --- current target velocity: 8.478299236085263 (frenet_interface.py:259)
INFO     [2025-01-12 11:45:02] --- Sampled interval of velocity: 0.00 m/s - 13.75 m/s (planner.py:310)
INFO     [2025-01-12 11:45:02] --- current time step: 7 (frenet_interface.py:280)
INFO     [2025-01-12 11:45:02] --- current velocity: 7.283507081218991 (frenet_interface.py:281)
INFO     [2025-01-12 11:45:02] --- current target velocity: 7.999390616757159 (frenet_interface.py:282)
INFO     [2025-01-12 11:45:02] --- Sampled interval of velocity: 0.00 m/s - 13.03 m/s (planner.py:310)
INFO     [2025-01-12 11:45:02] --- current time step: 8 (frenet_interface.py:280)
INFO     [2025-01-12 11:45:02] --- current velocity: 6.390189759337126 (frenet_interface.py:281)
INFO     [2025-01-12 11:45:02] --- current target velocity: 7.283507081218991 (frenet_interface.py:282)
INFO     [2025-01-12 11:45:02] --- Sampled interval of velocity: 0.00 m/s - 12.14 m/s (planner.py:310)
INFO     [2025-01-12 11:45:02] --- select trajectory 191 (reactive_planner_cpp.py:382)
INFO     [2025-01-12 11:45:02] --- current time step: 9 (frenet_interface.py:257)
INFO     [2025-01-12 11:45:02] --- current velocity: 5.843782922151541 (frenet_interface.py:258)
INFO     [2025-01-12 11:45:02] --- current target velocity: 6.390189759337126 (frenet_interface.py:259)
INFO     [2025-01-12 11:45:04] --- Sampled interval of velocity: 0.00 m/s - 11.59 m/s (planner.py:310)
INFO     [2025-01-12 11:45:04] --- current time step: 10 (frenet_interface.py:280)
INFO     [2025-01-12 11:45:04] --- current velocity: 5.189247375528493 (frenet_interface.py:281)
INFO     [2025-01-12 11:45:04] --- current target velocity: 5.843782922151541 (frenet_interface.py:282)
INFO     [2025-01-12 11:45:05] --- Sampled interval of velocity: 0.00 m/s - 10.94 m/s (planner.py:310)
INFO     [2025-01-12 11:45:05] --- current time step: 11 (frenet_interface.py:280)
INFO     [2025-01-12 11:45:05] --- current velocity: 4.460330722629957 (frenet_interface.py:281)
INFO     [2025-01-12 11:45:05] --- current target velocity: 5.189247375528493 (frenet_interface.py:282)
INFO     [2025-01-12 11:45:05] --- Sampled interval of velocity: 0.00 m/s - 10.21 m/s (planner.py:310)
INFO     [2025-01-12 11:45:05] --- select trajectory 441 (reactive_planner_cpp.py:382)
INFO     [2025-01-12 11:45:05] --- current time step: 12 (frenet_interface.py:257)
INFO     [2025-01-12 11:45:05] --- current velocity: 4.144301714462012 (frenet_interface.py:258)
INFO     [2025-01-12 11:45:05] --- current target velocity: 4.460330722629957 (frenet_interface.py:259)
INFO     [2025-01-12 11:45:07] --- Sampled interval of velocity: 0.00 m/s - 9.89 m/s (planner.py:310)
INFO     [2025-01-12 11:45:07] --- current time step: 13 (frenet_interface.py:280)
INFO     [2025-01-12 11:45:07] --- current velocity: 3.9414884848965768 (frenet_interface.py:281)
INFO     [2025-01-12 11:45:07] --- current target velocity: 4.144301714462012 (frenet_interface.py:282)
INFO     [2025-01-12 11:45:07] --- Sampled interval of velocity: 0.00 m/s - 9.69 m/s (planner.py:310)
INFO     [2025-01-12 11:45:07] --- current time step: 14 (frenet_interface.py:280)
INFO     [2025-01-12 11:45:07] --- current velocity: 3.837515013552822 (frenet_interface.py:281)
INFO     [2025-01-12 11:45:07] --- current target velocity: 3.9414884848965768 (frenet_interface.py:282)
INFO     [2025-01-12 11:45:08] --- Sampled interval of velocity: 0.00 m/s - 9.59 m/s (planner.py:310)
INFO     [2025-01-12 11:45:08] --- select trajectory 401 (reactive_planner_cpp.py:382)
INFO     [2025-01-12 11:45:08] --- current time step: 15 (frenet_interface.py:257)
INFO     [2025-01-12 11:45:08] --- current velocity: 3.773472030957977 (frenet_interface.py:258)
INFO     [2025-01-12 11:45:08] --- current target velocity: 3.837515013552822 (frenet_interface.py:259)
INFO     [2025-01-12 11:45:09] --- Sampled interval of velocity: 0.00 m/s - 9.52 m/s (planner.py:310)
INFO     [2025-01-12 11:45:09] --- current time step: 16 (frenet_interface.py:280)
INFO     [2025-01-12 11:45:09] --- current velocity: 3.647774711404962 (frenet_interface.py:281)
INFO     [2025-01-12 11:45:09] --- current target velocity: 3.773472030957977 (frenet_interface.py:282)
INFO     [2025-01-12 11:45:10] --- Sampled interval of velocity: 0.00 m/s - 9.40 m/s (planner.py:310)
INFO     [2025-01-12 11:45:10] --- current time step: 17 (frenet_interface.py:280)
INFO     [2025-01-12 11:45:10] --- current velocity: 3.4710520441848067 (frenet_interface.py:281)
INFO     [2025-01-12 11:45:10] --- current target velocity: 3.647774711404962 (frenet_interface.py:282)
INFO     [2025-01-12 11:45:10] --- Sampled interval of velocity: 0.00 m/s - 9.22 m/s (planner.py:310)
INFO     [2025-01-12 11:45:10] --- select trajectory 191 (reactive_planner_cpp.py:382)
INFO     [2025-01-12 11:45:10] --- current time step: 18 (frenet_interface.py:257)
INFO     [2025-01-12 11:45:10] --- current velocity: 3.3081276176836383 (frenet_interface.py:258)
INFO     [2025-01-12 11:45:10] --- current target velocity: 3.4710520441848067 (frenet_interface.py:259)
INFO     [2025-01-12 11:45:12] --- Sampled interval of velocity: 0.00 m/s - 9.06 m/s (planner.py:310)
INFO     [2025-01-12 11:45:12] --- current time step: 19 (frenet_interface.py:280)
INFO     [2025-01-12 11:45:12] --- current velocity: 3.0356193407128527 (frenet_interface.py:281)
INFO     [2025-01-12 11:45:12] --- current target velocity: 3.3081276176836383 (frenet_interface.py:282)
INFO     [2025-01-12 11:45:12] --- Sampled interval of velocity: 0.00 m/s - 8.79 m/s (planner.py:310)
INFO     [2025-01-12 11:45:12] --- current time step: 20 (frenet_interface.py:280)
INFO     [2025-01-12 11:45:12] --- current velocity: 2.6798861806003713 (frenet_interface.py:281)
INFO     [2025-01-12 11:45:12] --- current target velocity: 3.0356193407128527 (frenet_interface.py:282)
INFO     [2025-01-12 11:45:12] --- Sampled interval of velocity: 0.00 m/s - 8.43 m/s (planner.py:310)
INFO     [2025-01-12 11:45:12] --- select trajectory 491 (reactive_planner_cpp.py:382)
INFO     [2025-01-12 11:45:12] --- current time step: 21 (frenet_interface.py:257)
INFO     [2025-01-12 11:45:12] --- current velocity: 2.473318735980869 (frenet_interface.py:258)
INFO     [2025-01-12 11:45:12] --- current target velocity: 2.6798861806003713 (frenet_interface.py:259)
INFO     [2025-01-12 11:45:14] --- Sampled interval of velocity: 0.00 m/s - 8.22 m/s (planner.py:310)
INFO     [2025-01-12 11:45:14] --- current time step: 22 (frenet_interface.py:280)
INFO     [2025-01-12 11:45:14] --- current velocity: 2.2460209499496027 (frenet_interface.py:281)
INFO     [2025-01-12 11:45:14] --- current target velocity: 2.473318735980869 (frenet_interface.py:282)
INFO     [2025-01-12 11:45:14] --- Sampled interval of velocity: 0.00 m/s - 8.00 m/s (planner.py:310)
INFO     [2025-01-12 11:45:14] --- current time step: 23 (frenet_interface.py:280)
INFO     [2025-01-12 11:45:14] --- current velocity: 2.003760732244027 (frenet_interface.py:281)
INFO     [2025-01-12 11:45:14] --- current target velocity: 2.2460209499496027 (frenet_interface.py:282)
INFO     [2025-01-12 11:45:15] --- Sampled interval of velocity: 0.00 m/s - 7.75 m/s (planner.py:310)
INFO     [2025-01-12 11:45:15] --- select trajectory 191 (reactive_planner_cpp.py:382)
INFO     [2025-01-12 11:45:15] --- current time step: 24 (frenet_interface.py:257)
INFO     [2025-01-12 11:45:15] --- current velocity: 1.8547104536945769 (frenet_interface.py:258)
INFO     [2025-01-12 11:45:15] --- current target velocity: 2.003760732244027 (frenet_interface.py:259)
INFO     [2025-01-12 11:45:16] --- Sampled interval of velocity: 0.00 m/s - 7.60 m/s (planner.py:310)
INFO     [2025-01-12 11:45:16] --- current time step: 25 (frenet_interface.py:280)
INFO     [2025-01-12 11:45:16] --- current velocity: 1.6633198665418363 (frenet_interface.py:281)
INFO     [2025-01-12 11:45:16] --- current target velocity: 1.8547104536945769 (frenet_interface.py:282)
INFO     [2025-01-12 11:45:17] --- Sampled interval of velocity: 0.00 m/s - 7.41 m/s (planner.py:310)
INFO     [2025-01-12 11:45:17] --- current time step: 26 (frenet_interface.py:280)
INFO     [2025-01-12 11:45:17] --- current velocity: 1.4415011483213167 (frenet_interface.py:281)
INFO     [2025-01-12 11:45:17] --- current target velocity: 1.6633198665418363 (frenet_interface.py:282)
INFO     [2025-01-12 11:45:17] --- Sampled interval of velocity: 0.00 m/s - 7.19 m/s (planner.py:310)
INFO     [2025-01-12 11:45:17] --- select trajectory 311 (reactive_planner_cpp.py:382)
INFO     [2025-01-12 11:45:17] --- current time step: 27 (frenet_interface.py:257)
INFO     [2025-01-12 11:45:17] --- current velocity: 1.3368495500677018 (frenet_interface.py:258)
INFO     [2025-01-12 11:45:17] --- current target velocity: 1.4415011483213167 (frenet_interface.py:259)
INFO     [2025-01-12 11:45:18] --- Sampled interval of velocity: 0.00 m/s - 7.09 m/s (planner.py:310)
INFO     [2025-01-12 11:45:18] --- current time step: 28 (frenet_interface.py:280)
INFO     [2025-01-12 11:45:18] --- current velocity: 1.2548408260944017 (frenet_interface.py:281)
INFO     [2025-01-12 11:45:18] --- current target velocity: 1.3368495500677018 (frenet_interface.py:282)
INFO     [2025-01-12 11:45:19] --- Sampled interval of velocity: 0.00 m/s - 7.00 m/s (planner.py:310)
INFO     [2025-01-12 11:45:19] --- current time step: 29 (frenet_interface.py:280)
INFO     [2025-01-12 11:45:19] --- current velocity: 1.1938010557354706 (frenet_interface.py:281)
INFO     [2025-01-12 11:45:19] --- current target velocity: 1.2548408260944017 (frenet_interface.py:282)
