CRITICAL [2025-01-12 11:34:46] --- Start Planner Vehicle ID: 3363 (frenet_interface.py:67)
INFO     [2025-01-12 11:34:52] --- Sampled interval of velocity: 0.00 m/s - 17.82 m/s (planner.py:310)
INFO     [2025-01-12 11:34:52] --- select trajectory 411 (reactive_planner_cpp.py:382)
INFO     [2025-01-12 11:34:52] --- current time step: 0 (frenet_interface.py:257)
INFO     [2025-01-12 11:34:52] --- current velocity: 11.955938979864397 (frenet_interface.py:258)
INFO     [2025-01-12 11:34:52] --- current target velocity: 7.0669 (frenet_interface.py:259)
INFO     [2025-01-12 11:34:54] --- Sampled interval of velocity: 0.00 m/s - 17.71 m/s (planner.py:310)
INFO     [2025-01-12 11:34:54] --- current time step: 1 (frenet_interface.py:280)
INFO     [2025-01-12 11:34:54] --- current velocity: 11.645248138784074 (frenet_interface.py:281)
INFO     [2025-01-12 11:34:54] --- current target velocity: 6.955938979864397 (frenet_interface.py:282)
INFO     [2025-01-12 11:34:55] --- Sampled interval of velocity: 0.00 m/s - 17.40 m/s (planner.py:310)
INFO     [2025-01-12 11:34:55] --- current time step: 2 (frenet_interface.py:280)
INFO     [2025-01-12 11:34:55] --- current velocity: 11.168115807281954 (frenet_interface.py:281)
INFO     [2025-01-12 11:34:55] --- current target velocity: 6.6452481387840745 (frenet_interface.py:282)
INFO     [2025-01-12 11:34:56] --- Sampled interval of velocity: 0.00 m/s - 16.92 m/s (planner.py:310)
INFO     [2025-01-12 11:34:56] --- select trajectory 21 (reactive_planner_cpp.py:382)
INFO     [2025-01-12 11:34:56] --- current time step: 3 (frenet_interface.py:257)
INFO     [2025-01-12 11:34:56] --- current velocity: 10.876741937216634 (frenet_interface.py:258)
INFO     [2025-01-12 11:34:56] --- current target velocity: 6.453197936802323 (frenet_interface.py:259)
INFO     [2025-01-12 11:34:59] --- Sampled interval of velocity: 0.00 m/s - 16.63 m/s (planner.py:310)
INFO     [2025-01-12 11:34:59] --- current time step: 4 (frenet_interface.py:280)
INFO     [2025-01-12 11:34:59] --- current velocity: 10.555929882987545 (frenet_interface.py:281)
INFO     [2025-01-12 11:34:59] --- current target velocity: 6.421667334347821 (frenet_interface.py:282)
INFO     [2025-01-12 11:35:00] --- Sampled interval of velocity: 0.00 m/s - 16.31 m/s (planner.py:310)
INFO     [2025-01-12 11:35:00] --- current time step: 5 (frenet_interface.py:280)
INFO     [2025-01-12 11:35:00] --- current velocity: 10.211758591472165 (frenet_interface.py:281)
INFO     [2025-01-12 11:35:00] --- current target velocity: 6.3918279700727565 (frenet_interface.py:282)
INFO     [2025-01-12 11:35:01] --- Sampled interval of velocity: 0.00 m/s - 15.96 m/s (planner.py:310)
INFO     [2025-01-12 11:35:01] --- select trajectory 6 (reactive_planner_cpp.py:382)
INFO     [2025-01-12 11:35:01] --- current time step: 6 (frenet_interface.py:257)
INFO     [2025-01-12 11:35:01] --- current velocity: 9.973107902996107 (frenet_interface.py:258)
INFO     [2025-01-12 11:35:01] --- current target velocity: 6.363899929928401 (frenet_interface.py:259)
INFO     [2025-01-12 11:35:05] --- Sampled interval of velocity: 0.00 m/s - 15.72 m/s (planner.py:310)
INFO     [2025-01-12 11:35:05] --- current time step: 7 (frenet_interface.py:280)
INFO     [2025-01-12 11:35:05] --- current velocity: 9.621910090668733 (frenet_interface.py:281)
INFO     [2025-01-12 11:35:05] --- current target velocity: 6.337571790336332 (frenet_interface.py:282)
INFO     [2025-01-12 11:35:06] --- Sampled interval of velocity: 0.00 m/s - 15.37 m/s (planner.py:310)
INFO     [2025-01-12 11:35:06] --- current time step: 8 (frenet_interface.py:280)
INFO     [2025-01-12 11:35:06] --- current velocity: 9.174559228596955 (frenet_interface.py:281)
INFO     [2025-01-12 11:35:06] --- current target velocity: 6.312971550012453 (frenet_interface.py:282)
INFO     [2025-01-12 11:35:08] --- Sampled interval of velocity: 0.00 m/s - 14.92 m/s (planner.py:310)
INFO     [2025-01-12 11:35:08] --- select trajectory 761 (reactive_planner_cpp.py:382)
INFO     [2025-01-12 11:35:08] --- current time step: 9 (frenet_interface.py:257)
INFO     [2025-01-12 11:35:08] --- current velocity: 8.952218867877908 (frenet_interface.py:258)
INFO     [2025-01-12 11:35:08] --- current target velocity: 6.29088159453251 (frenet_interface.py:259)
INFO     [2025-01-12 11:35:12] --- Sampled interval of velocity: 0.00 m/s - 14.70 m/s (planner.py:310)
INFO     [2025-01-12 11:35:12] --- current time step: 10 (frenet_interface.py:280)
INFO     [2025-01-12 11:35:12] --- current velocity: 8.773473121984727 (frenet_interface.py:281)
INFO     [2025-01-12 11:35:12] --- current target velocity: 6.270962386741187 (frenet_interface.py:282)
INFO     [2025-01-12 11:35:12] --- Sampled interval of velocity: 0.00 m/s - 14.52 m/s (planner.py:310)
INFO     [2025-01-12 11:35:12] --- current time step: 11 (frenet_interface.py:280)
INFO     [2025-01-12 11:35:12] --- current velocity: 8.635791076310188 (frenet_interface.py:281)
INFO     [2025-01-12 11:35:12] --- current target velocity: 6.252206181234015 (frenet_interface.py:282)
INFO     [2025-01-12 11:35:15] --- Sampled interval of velocity: 0.00 m/s - 14.39 m/s (planner.py:310)
INFO     [2025-01-12 11:35:15] --- select trajectory 160 (reactive_planner_cpp.py:382)
INFO     [2025-01-12 11:35:15] --- current time step: 12 (frenet_interface.py:257)
INFO     [2025-01-12 11:35:15] --- current velocity: 8.63831390130236 (frenet_interface.py:258)
INFO     [2025-01-12 11:35:15] --- current target velocity: 6.234329474135827 (frenet_interface.py:259)
INFO     [2025-01-12 11:35:17] --- Sampled interval of velocity: 0.00 m/s - 14.39 m/s (planner.py:310)
INFO     [2025-01-12 11:35:17] --- current time step: 13 (frenet_interface.py:280)
INFO     [2025-01-12 11:35:17] --- current velocity: 8.756183639691775 (frenet_interface.py:281)
INFO     [2025-01-12 11:35:17] --- current target velocity: 6.216738247677442 (frenet_interface.py:282)
INFO     [2025-01-12 11:35:18] --- Sampled interval of velocity: 0.00 m/s - 14.51 m/s (planner.py:310)
INFO     [2025-01-12 11:35:18] --- current time step: 14 (frenet_interface.py:280)
INFO     [2025-01-12 11:35:18] --- current velocity: 8.971840361254793 (frenet_interface.py:281)
INFO     [2025-01-12 11:35:18] --- current target velocity: 6.198469946220841 (frenet_interface.py:282)
INFO     [2025-01-12 11:35:20] --- Sampled interval of velocity: 0.00 m/s - 14.72 m/s (planner.py:310)
INFO     [2025-01-12 11:35:20] --- select trajectory 466 (reactive_planner_cpp.py:382)
INFO     [2025-01-12 11:35:20] --- current time step: 15 (frenet_interface.py:257)
INFO     [2025-01-12 11:35:20] --- current velocity: 9.1052110761899 (frenet_interface.py:258)
INFO     [2025-01-12 11:35:20] --- current target velocity: 6.178802410336384 (frenet_interface.py:259)
INFO     [2025-01-12 11:35:24] --- Sampled interval of velocity: 0.00 m/s - 14.86 m/s (planner.py:310)
INFO     [2025-01-12 11:35:24] --- current time step: 16 (frenet_interface.py:280)
INFO     [2025-01-12 11:35:24] --- current velocity: 9.249193611285312 (frenet_interface.py:281)
INFO     [2025-01-12 11:35:24] --- current target velocity: 6.157614146055359 (frenet_interface.py:282)
INFO     [2025-01-12 11:35:25] --- Sampled interval of velocity: 0.00 m/s - 15.00 m/s (planner.py:310)
INFO     [2025-01-12 11:35:25] --- current time step: 17 (frenet_interface.py:280)
INFO     [2025-01-12 11:35:25] --- current velocity: 9.403552119515261 (frenet_interface.py:281)
INFO     [2025-01-12 11:35:25] --- current target velocity: 6.135032505239835 (frenet_interface.py:282)
INFO     [2025-01-12 11:35:27] --- Sampled interval of velocity: 0.00 m/s - 15.15 m/s (planner.py:310)
INFO     [2025-01-12 11:35:27] --- select trajectory 471 (reactive_planner_cpp.py:382)
INFO     [2025-01-12 11:35:27] --- current time step: 18 (frenet_interface.py:257)
INFO     [2025-01-12 11:35:27] --- current velocity: 9.512684590563232 (frenet_interface.py:258)
INFO     [2025-01-12 11:35:27] --- current target velocity: 6.1108449897677355 (frenet_interface.py:259)
INFO     [2025-01-12 11:35:30] --- Sampled interval of velocity: 0.00 m/s - 15.26 m/s (planner.py:310)
INFO     [2025-01-12 11:35:30] --- current time step: 19 (frenet_interface.py:280)
INFO     [2025-01-12 11:35:30] --- current velocity: 9.689123310996262 (frenet_interface.py:281)
INFO     [2025-01-12 11:35:30] --- current target velocity: 6.085133718574535 (frenet_interface.py:282)
INFO     [2025-01-12 11:35:31] --- Sampled interval of velocity: 0.00 m/s - 15.44 m/s (planner.py:310)
INFO     [2025-01-12 11:35:31] --- current time step: 20 (frenet_interface.py:280)
INFO     [2025-01-12 11:35:31] --- current velocity: 9.92888671142237 (frenet_interface.py:281)
INFO     [2025-01-12 11:35:31] --- current target velocity: 6.057661717575208 (frenet_interface.py:282)
INFO     [2025-01-12 11:35:32] --- Sampled interval of velocity: 0.00 m/s - 15.68 m/s (planner.py:310)
INFO     [2025-01-12 11:35:33] --- select trajectory 161 (reactive_planner_cpp.py:382)
INFO     [2025-01-12 11:35:33] --- current time step: 21 (frenet_interface.py:257)
INFO     [2025-01-12 11:35:33] --- current velocity: 10.057181442775015 (frenet_interface.py:258)
INFO     [2025-01-12 11:35:33] --- current target velocity: 6.027833062055978 (frenet_interface.py:259)
INFO     [2025-01-12 11:35:36] --- Sampled interval of velocity: 0.00 m/s - 15.81 m/s (planner.py:310)
INFO     [2025-01-12 11:35:36] --- current time step: 22 (frenet_interface.py:280)
INFO     [2025-01-12 11:35:36] --- current velocity: 10.205634548844664 (frenet_interface.py:281)
INFO     [2025-01-12 11:35:36] --- current target velocity: 5.995766979191156 (frenet_interface.py:282)
INFO     [2025-01-12 11:35:37] --- Sampled interval of velocity: 0.00 m/s - 15.96 m/s (planner.py:310)
INFO     [2025-01-12 11:35:37] --- current time step: 23 (frenet_interface.py:280)
INFO     [2025-01-12 11:35:37] --- current velocity: 10.37739300270777 (frenet_interface.py:281)
INFO     [2025-01-12 11:35:37] --- current target velocity: 5.961775074444325 (frenet_interface.py:282)
INFO     [2025-01-12 11:35:38] --- Sampled interval of velocity: 0.00 m/s - 16.13 m/s (planner.py:310)
INFO     [2025-01-12 11:35:38] --- select trajectory 171 (reactive_planner_cpp.py:382)
INFO     [2025-01-12 11:35:38] --- current time step: 24 (frenet_interface.py:257)
INFO     [2025-01-12 11:35:38] --- current velocity: 10.532427918067587 (frenet_interface.py:258)
INFO     [2025-01-12 11:35:38] --- current target velocity: 5.925661710717327 (frenet_interface.py:259)
INFO     [2025-01-12 11:35:42] --- Sampled interval of velocity: 0.00 m/s - 16.28 m/s (planner.py:310)
INFO     [2025-01-12 11:35:42] --- current time step: 25 (frenet_interface.py:280)
INFO     [2025-01-12 11:35:42] --- current velocity: 10.818815389261227 (frenet_interface.py:281)
INFO     [2025-01-12 11:35:42] --- current target velocity: 5.887541142941351 (frenet_interface.py:282)
INFO     [2025-01-12 11:35:43] --- Sampled interval of velocity: 0.00 m/s - 16.57 m/s (planner.py:310)
INFO     [2025-01-12 11:35:43] --- current time step: 26 (frenet_interface.py:280)
INFO     [2025-01-12 11:35:43] --- current velocity: 11.203962200735901 (frenet_interface.py:281)
INFO     [2025-01-12 11:35:43] --- current target velocity: 5.84696387482723 (frenet_interface.py:282)
INFO     [2025-01-12 11:35:45] --- Sampled interval of velocity: 0.00 m/s - 16.95 m/s (planner.py:310)
INFO     [2025-01-12 11:35:45] --- select trajectory 521 (reactive_planner_cpp.py:382)
INFO     [2025-01-12 11:35:45] --- current time step: 27 (frenet_interface.py:257)
INFO     [2025-01-12 11:35:45] --- current velocity: 11.400870560236946 (frenet_interface.py:258)
INFO     [2025-01-12 11:35:45] --- current target velocity: 6.203962200735901 (frenet_interface.py:259)
INFO     [2025-01-12 11:35:49] --- Sampled interval of velocity: 0.00 m/s - 17.15 m/s (planner.py:310)
INFO     [2025-01-12 11:35:49] --- current time step: 28 (frenet_interface.py:280)
INFO     [2025-01-12 11:35:49] --- current velocity: 11.541186074831073 (frenet_interface.py:281)
INFO     [2025-01-12 11:35:49] --- current target velocity: 6.400870560236946 (frenet_interface.py:282)
INFO     [2025-01-12 11:35:49] --- Sampled interval of velocity: 0.00 m/s - 17.29 m/s (planner.py:310)
INFO     [2025-01-12 11:35:49] --- current time step: 29 (frenet_interface.py:280)
INFO     [2025-01-12 11:35:49] --- current velocity: 11.62681690953675 (frenet_interface.py:281)
INFO     [2025-01-12 11:35:49] --- current target velocity: 6.541186074831073 (frenet_interface.py:282)
INFO     [2025-01-12 11:35:51] --- Sampled interval of velocity: 0.00 m/s - 17.38 m/s (planner.py:310)
INFO     [2025-01-12 11:35:51] --- select trajectory 331 (reactive_planner_cpp.py:382)
INFO     [2025-01-12 11:35:51] --- current time step: 30 (frenet_interface.py:257)
INFO     [2025-01-12 11:35:51] --- current velocity: 11.660167006581604 (frenet_interface.py:258)
INFO     [2025-01-12 11:35:51] --- current target velocity: 6.62681690953675 (frenet_interface.py:259)
INFO     [2025-01-12 11:35:54] --- Sampled interval of velocity: 0.00 m/s - 17.41 m/s (planner.py:310)
INFO     [2025-01-12 11:35:54] --- current time step: 31 (frenet_interface.py:280)
INFO     [2025-01-12 11:35:54] --- current velocity: 11.646659078237045 (frenet_interface.py:281)
INFO     [2025-01-12 11:35:54] --- current target velocity: 6.660167006581604 (frenet_interface.py:282)
INFO     [2025-01-12 11:35:55] --- Sampled interval of velocity: 0.00 m/s - 17.40 m/s (planner.py:310)
INFO     [2025-01-12 11:35:55] --- current time step: 32 (frenet_interface.py:280)
INFO     [2025-01-12 11:35:55] --- current velocity: 11.590956412953249 (frenet_interface.py:281)
INFO     [2025-01-12 11:35:55] --- current target velocity: 6.646659078237045 (frenet_interface.py:282)
INFO     [2025-01-12 11:35:56] --- Sampled interval of velocity: 0.00 m/s - 17.34 m/s (planner.py:310)
INFO     [2025-01-12 11:35:56] --- select trajectory 431 (reactive_planner_cpp.py:382)
INFO     [2025-01-12 11:35:56] --- current time step: 33 (frenet_interface.py:257)
INFO     [2025-01-12 11:35:56] --- current velocity: 11.51786603837419 (frenet_interface.py:258)
INFO     [2025-01-12 11:35:56] --- current target velocity: 6.590956412953249 (frenet_interface.py:259)
INFO     [2025-01-12 11:35:59] --- Sampled interval of velocity: 0.00 m/s - 17.27 m/s (planner.py:310)
INFO     [2025-01-12 11:35:59] --- current time step: 34 (frenet_interface.py:280)
INFO     [2025-01-12 11:35:59] --- current velocity: 11.367543713943501 (frenet_interface.py:281)
INFO     [2025-01-12 11:35:59] --- current target velocity: 6.517866038374191 (frenet_interface.py:282)
INFO     [2025-01-12 11:36:00] --- Sampled interval of velocity: 0.00 m/s - 17.12 m/s (planner.py:310)
INFO     [2025-01-12 11:36:00] --- current time step: 35 (frenet_interface.py:280)
INFO     [2025-01-12 11:36:00] --- current velocity: 11.156569440684764 (frenet_interface.py:281)
INFO     [2025-01-12 11:36:00] --- current target velocity: 6.367543713943501 (frenet_interface.py:282)
INFO     [2025-01-12 11:36:02] --- Sampled interval of velocity: 0.00 m/s - 16.91 m/s (planner.py:310)
INFO     [2025-01-12 11:36:02] --- select trajectory 521 (reactive_planner_cpp.py:382)
INFO     [2025-01-12 11:36:02] --- current time step: 36 (frenet_interface.py:257)
INFO     [2025-01-12 11:36:02] --- current velocity: 11.019205933236739 (frenet_interface.py:258)
INFO     [2025-01-12 11:36:02] --- current target velocity: 6.156569440684764 (frenet_interface.py:259)
INFO     [2025-01-12 11:36:04] --- Sampled interval of velocity: 0.00 m/s - 16.77 m/s (planner.py:310)
INFO     [2025-01-12 11:36:04] --- current time step: 37 (frenet_interface.py:280)
INFO     [2025-01-12 11:36:04] --- current velocity: 10.859641710999774 (frenet_interface.py:281)
INFO     [2025-01-12 11:36:04] --- current target velocity: 6.019205933236739 (frenet_interface.py:282)
INFO     [2025-01-12 11:36:05] --- Sampled interval of velocity: 0.00 m/s - 16.61 m/s (planner.py:310)
INFO     [2025-01-12 11:36:05] --- current time step: 38 (frenet_interface.py:280)
INFO     [2025-01-12 11:36:05] --- current velocity: 10.680713823823755 (frenet_interface.py:281)
INFO     [2025-01-12 11:36:05] --- current target velocity: 5.8596417109997745 (frenet_interface.py:282)
INFO     [2025-01-12 11:36:06] --- Sampled interval of velocity: 0.00 m/s - 16.43 m/s (planner.py:310)
INFO     [2025-01-12 11:36:06] --- select trajectory 421 (reactive_planner_cpp.py:382)
INFO     [2025-01-12 11:36:06] --- current time step: 39 (frenet_interface.py:257)
INFO     [2025-01-12 11:36:06] --- current velocity: 10.531058138843628 (frenet_interface.py:258)
INFO     [2025-01-12 11:36:06] --- current target velocity: 5.680713823823755 (frenet_interface.py:259)
INFO     [2025-01-12 11:36:10] --- Sampled interval of velocity: 0.00 m/s - 16.28 m/s (planner.py:310)
INFO     [2025-01-12 11:36:10] --- current time step: 40 (frenet_interface.py:280)
INFO     [2025-01-12 11:36:10] --- current velocity: 10.291916312746798 (frenet_interface.py:281)
INFO     [2025-01-12 11:36:10] --- current target velocity: 5.531058138843628 (frenet_interface.py:282)
INFO     [2025-01-12 11:36:10] --- Sampled interval of velocity: 0.00 m/s - 16.04 m/s (planner.py:310)
INFO     [2025-01-12 11:36:10] --- current time step: 41 (frenet_interface.py:280)
INFO     [2025-01-12 11:36:10] --- current velocity: 9.977044817005725 (frenet_interface.py:281)
INFO     [2025-01-12 11:36:10] --- current target velocity: 5.291916312746798 (frenet_interface.py:282)
INFO     [2025-01-12 11:36:12] --- Sampled interval of velocity: 0.00 m/s - 15.73 m/s (planner.py:310)
INFO     [2025-01-12 11:36:12] --- select trajectory 121 (reactive_planner_cpp.py:382)
INFO     [2025-01-12 11:36:12] --- current time step: 42 (frenet_interface.py:257)
INFO     [2025-01-12 11:36:12] --- current velocity: 9.738830715256798 (frenet_interface.py:258)
INFO     [2025-01-12 11:36:12] --- current target velocity: 5.050588686681374 (frenet_interface.py:259)
INFO     [2025-01-12 11:36:15] --- Sampled interval of velocity: 0.00 m/s - 15.49 m/s (planner.py:310)
INFO     [2025-01-12 11:36:15] --- current time step: 43 (frenet_interface.py:280)
INFO     [2025-01-12 11:36:15] --- current velocity: 9.389408613396823 (frenet_interface.py:281)
INFO     [2025-01-12 11:36:15] --- current target velocity: 5.005133980708255 (frenet_interface.py:282)
INFO     [2025-01-12 11:36:16] --- Sampled interval of velocity: 0.00 m/s - 15.14 m/s (planner.py:310)
INFO     [2025-01-12 11:36:16] --- current time step: 44 (frenet_interface.py:280)
INFO     [2025-01-12 11:36:16] --- current velocity: 8.956885054915116 (frenet_interface.py:281)
INFO     [2025-01-12 11:36:16] --- current target velocity: 4.961645136789768 (frenet_interface.py:282)
INFO     [2025-01-12 11:36:17] --- Sampled interval of velocity: 0.00 m/s - 14.71 m/s (planner.py:310)
INFO     [2025-01-12 11:36:17] --- select trajectory 121 (reactive_planner_cpp.py:382)
INFO     [2025-01-12 11:36:17] --- current time step: 45 (frenet_interface.py:257)
INFO     [2025-01-12 11:36:17] --- current velocity: 8.684590263331486 (frenet_interface.py:258)
INFO     [2025-01-12 11:36:17] --- current target velocity: 4.921106733190587 (frenet_interface.py:259)
INFO     [2025-01-12 11:36:20] --- Sampled interval of velocity: 0.00 m/s - 14.43 m/s (planner.py:310)
INFO     [2025-01-12 11:36:20] --- current time step: 46 (frenet_interface.py:280)
INFO     [2025-01-12 11:36:20] --- current velocity: 8.345613308052076 (frenet_interface.py:281)
INFO     [2025-01-12 11:36:20] --- current target velocity: 4.883196041138345 (frenet_interface.py:282)
INFO     [2025-01-12 11:36:21] --- Sampled interval of velocity: 0.00 m/s - 14.10 m/s (planner.py:310)
INFO     [2025-01-12 11:36:21] --- current time step: 47 (frenet_interface.py:280)
INFO     [2025-01-12 11:36:21] --- current velocity: 7.9595445538240295 (frenet_interface.py:281)
INFO     [2025-01-12 11:36:21] --- current target velocity: 4.847551954394813 (frenet_interface.py:282)
INFO     [2025-01-12 11:36:22] --- Sampled interval of velocity: 0.00 m/s - 13.71 m/s (planner.py:310)
INFO     [2025-01-12 11:36:22] --- select trajectory 521 (reactive_planner_cpp.py:382)
INFO     [2025-01-12 11:36:22] --- current time step: 48 (frenet_interface.py:257)
INFO     [2025-01-12 11:36:22] --- current velocity: 7.761002234462579 (frenet_interface.py:258)
INFO     [2025-01-12 11:36:22] --- current target velocity: 4.814804810358169 (frenet_interface.py:259)
INFO     [2025-01-12 11:36:25] --- Sampled interval of velocity: 0.00 m/s - 13.51 m/s (planner.py:310)
INFO     [2025-01-12 11:36:25] --- current time step: 49 (frenet_interface.py:280)
INFO     [2025-01-12 11:36:25] --- current velocity: 7.568604424071627 (frenet_interface.py:281)
INFO     [2025-01-12 11:36:25] --- current target velocity: 4.784360081681442 (frenet_interface.py:282)
INFO     [2025-01-12 11:36:26] --- Sampled interval of velocity: 0.00 m/s - 13.32 m/s (planner.py:310)
INFO     [2025-01-12 11:36:26] --- current time step: 50 (frenet_interface.py:280)
INFO     [2025-01-12 11:36:26] --- current velocity: 7.382473756593195 (frenet_interface.py:281)
INFO     [2025-01-12 11:36:26] --- current target velocity: 4.755273769824369 (frenet_interface.py:282)
INFO     [2025-01-12 11:36:27] --- Sampled interval of velocity: 0.00 m/s - 13.13 m/s (planner.py:310)
INFO     [2025-01-12 11:36:27] --- select trajectory 121 (reactive_planner_cpp.py:382)
INFO     [2025-01-12 11:36:27] --- current time step: 51 (frenet_interface.py:257)
INFO     [2025-01-12 11:36:27] --- current velocity: 7.249601055543445 (frenet_interface.py:258)
INFO     [2025-01-12 11:36:27] --- current target velocity: 4.727524314877876 (frenet_interface.py:259)
INFO     [2025-01-12 11:36:29] --- Sampled interval of velocity: 0.00 m/s - 13.00 m/s (planner.py:310)
INFO     [2025-01-12 11:36:29] --- current time step: 52 (frenet_interface.py:280)
INFO     [2025-01-12 11:36:29] --- current velocity: 7.045741432667243 (frenet_interface.py:281)
INFO     [2025-01-12 11:36:29] --- current target velocity: 4.700772224289162 (frenet_interface.py:282)
INFO     [2025-01-12 11:36:30] --- Sampled interval of velocity: 0.00 m/s - 12.80 m/s (planner.py:310)
INFO     [2025-01-12 11:36:30] --- current time step: 53 (frenet_interface.py:280)
INFO     [2025-01-12 11:36:30] --- current velocity: 6.788573338779434 (frenet_interface.py:281)
INFO     [2025-01-12 11:36:30] --- current target velocity: 4.675230932200568 (frenet_interface.py:282)
INFO     [2025-01-12 11:36:31] --- Sampled interval of velocity: 0.00 m/s - 12.54 m/s (planner.py:310)
INFO     [2025-01-12 11:36:32] --- select trajectory 121 (reactive_planner_cpp.py:382)
INFO     [2025-01-12 11:36:32] --- current time step: 54 (frenet_interface.py:257)
INFO     [2025-01-12 11:36:32] --- current velocity: 6.625143075318292 (frenet_interface.py:258)
INFO     [2025-01-12 11:36:32] --- current target velocity: 4.651592945873102 (frenet_interface.py:259)
INFO     [2025-01-12 11:36:34] --- Sampled interval of velocity: 0.00 m/s - 12.38 m/s (planner.py:310)
INFO     [2025-01-12 11:36:34] --- current time step: 55 (frenet_interface.py:280)
INFO     [2025-01-12 11:36:34] --- current velocity: 6.420735666445374 (frenet_interface.py:281)
INFO     [2025-01-12 11:36:34] --- current target velocity: 4.629686707066863 (frenet_interface.py:282)
INFO     [2025-01-12 11:36:34] --- Sampled interval of velocity: 0.00 m/s - 12.17 m/s (planner.py:310)
INFO     [2025-01-12 11:36:34] --- current time step: 56 (frenet_interface.py:280)
INFO     [2025-01-12 11:36:34] --- current velocity: 6.187262469757581 (frenet_interface.py:281)
INFO     [2025-01-12 11:36:34] --- current target velocity: 4.609297644171776 (frenet_interface.py:282)
INFO     [2025-01-12 11:36:36] --- Sampled interval of velocity: 0.00 m/s - 11.94 m/s (planner.py:310)
INFO     [2025-01-12 11:36:36] --- select trajectory 121 (reactive_planner_cpp.py:382)
INFO     [2025-01-12 11:36:36] --- current time step: 57 (frenet_interface.py:257)
INFO     [2025-01-12 11:36:36] --- current velocity: 6.046591642794745 (frenet_interface.py:258)
INFO     [2025-01-12 11:36:36] --- current target velocity: 4.590856040402193 (frenet_interface.py:259)
INFO     [2025-01-12 11:36:38] --- Sampled interval of velocity: 0.00 m/s - 11.80 m/s (planner.py:310)
INFO     [2025-01-12 11:36:38] --- current time step: 58 (frenet_interface.py:280)
INFO     [2025-01-12 11:36:38] --- current velocity: 5.874856185916174 (frenet_interface.py:281)
INFO     [2025-01-12 11:36:38] --- current target velocity: 4.574053441209306 (frenet_interface.py:282)
INFO     [2025-01-12 11:36:39] --- Sampled interval of velocity: 0.00 m/s - 11.62 m/s (planner.py:310)
INFO     [2025-01-12 11:36:39] --- current time step: 59 (frenet_interface.py:280)
INFO     [2025-01-12 11:36:39] --- current velocity: 5.681423551129332 (frenet_interface.py:281)
INFO     [2025-01-12 11:36:39] --- current target velocity: 4.558621792445119 (frenet_interface.py:282)
INFO     [2025-01-12 11:36:40] --- Sampled interval of velocity: 0.00 m/s - 11.43 m/s (planner.py:310)
WARNING  [2025-01-12 11:36:41] --- No optimal trajectory available. Select stopping trajectory! (reactive_planner_cpp.py:407)
INFO     [2025-01-12 11:36:41] --- current time step: 60 (frenet_interface.py:257)
INFO     [2025-01-12 11:36:41] --- current velocity: 5.465997622956856 (frenet_interface.py:258)
INFO     [2025-01-12 11:36:41] --- current target velocity: 4.5449036685283355 (frenet_interface.py:259)
