CRITICAL [2025-01-12 11:40:41] --- Start Planner Vehicle ID: 30743 (frenet_interface.py:67)
INFO     [2025-01-12 11:40:47] --- Sampled interval of velocity: 0.00 m/s - 16.01 m/s (planner.py:310)
INFO     [2025-01-12 11:40:47] --- select trajectory 101 (reactive_planner_cpp.py:382)
INFO     [2025-01-12 11:40:47] --- current time step: 0 (frenet_interface.py:257)
INFO     [2025-01-12 11:40:47] --- current velocity: 10.06365043202247 (frenet_interface.py:258)
INFO     [2025-01-12 11:40:47] --- current target velocity: 7.94113203541807 (frenet_interface.py:259)
INFO     [2025-01-12 11:40:49] --- Sampled interval of velocity: 0.00 m/s - 15.81 m/s (planner.py:310)
INFO     [2025-01-12 11:40:49] --- current time step: 1 (frenet_interface.py:280)
INFO     [2025-01-12 11:40:49] --- current velocity: 9.536516849328201 (frenet_interface.py:281)
INFO     [2025-01-12 11:40:49] --- current target velocity: 7.925931678528718 (frenet_interface.py:282)
INFO     [2025-01-12 11:40:50] --- Sampled interval of velocity: 0.00 m/s - 15.29 m/s (planner.py:310)
INFO     [2025-01-12 11:40:50] --- current time step: 2 (frenet_interface.py:280)
INFO     [2025-01-12 11:40:50] --- current velocity: 8.748920575697383 (frenet_interface.py:281)
INFO     [2025-01-12 11:40:50] --- current target velocity: 7.91301356966303 (frenet_interface.py:282)
INFO     [2025-01-12 11:40:52] --- Sampled interval of velocity: 0.00 m/s - 14.50 m/s (planner.py:310)
INFO     [2025-01-12 11:40:52] --- select trajectory 131 (reactive_planner_cpp.py:382)
INFO     [2025-01-12 11:40:52] --- current time step: 3 (frenet_interface.py:257)
INFO     [2025-01-12 11:40:52] --- current velocity: 8.344994098441855 (frenet_interface.py:258)
INFO     [2025-01-12 11:40:52] --- current target velocity: 7.904463480328647 (frenet_interface.py:259)
INFO     [2025-01-12 11:40:54] --- Sampled interval of velocity: 0.00 m/s - 14.09 m/s (planner.py:310)
INFO     [2025-01-12 11:40:54] --- current time step: 4 (frenet_interface.py:280)
INFO     [2025-01-12 11:40:54] --- current velocity: 8.020480409695526 (frenet_interface.py:281)
INFO     [2025-01-12 11:40:54] --- current target velocity: 7.900080608325161 (frenet_interface.py:282)
INFO     [2025-01-12 11:40:54] --- Sampled interval of velocity: 0.00 m/s - 13.77 m/s (planner.py:310)
INFO     [2025-01-12 11:40:54] --- current time step: 5 (frenet_interface.py:280)
INFO     [2025-01-12 11:40:54] --- current velocity: 7.766750411802154 (frenet_interface.py:281)
INFO     [2025-01-12 11:40:54] --- current target velocity: 7.898161207068543 (frenet_interface.py:282)
INFO     [2025-01-12 11:40:56] --- Sampled interval of velocity: 0.00 m/s - 13.52 m/s (planner.py:310)
INFO     [2025-01-12 11:40:56] --- select trajectory 141 (reactive_planner_cpp.py:382)
INFO     [2025-01-12 11:40:56] --- current time step: 6 (frenet_interface.py:257)
INFO     [2025-01-12 11:40:56] --- current velocity: 7.675337489944737 (frenet_interface.py:258)
INFO     [2025-01-12 11:40:56] --- current target velocity: 7.898231787433832 (frenet_interface.py:259)
INFO     [2025-01-12 11:40:59] --- Sampled interval of velocity: 0.00 m/s - 13.43 m/s (planner.py:310)
INFO     [2025-01-12 11:40:59] --- current time step: 7 (frenet_interface.py:280)
INFO     [2025-01-12 11:40:59] --- current velocity: 7.618658207988367 (frenet_interface.py:281)
INFO     [2025-01-12 11:40:59] --- current target velocity: 7.899501639412014 (frenet_interface.py:282)
INFO     [2025-01-12 11:40:59] --- Sampled interval of velocity: 0.00 m/s - 13.37 m/s (planner.py:310)
INFO     [2025-01-12 11:40:59] --- current time step: 8 (frenet_interface.py:280)
INFO     [2025-01-12 11:40:59] --- current velocity: 7.5912302032595065 (frenet_interface.py:281)
INFO     [2025-01-12 11:40:59] --- current target velocity: 7.901311389246318 (frenet_interface.py:282)
INFO     [2025-01-12 11:41:00] --- Sampled interval of velocity: 0.00 m/s - 13.34 m/s (planner.py:310)
INFO     [2025-01-12 11:41:01] --- select trajectory 751 (reactive_planner_cpp.py:382)
INFO     [2025-01-12 11:41:01] --- current time step: 9 (frenet_interface.py:257)
INFO     [2025-01-12 11:41:01] --- current velocity: 7.586830069304389 (frenet_interface.py:258)
INFO     [2025-01-12 11:41:01] --- current target velocity: 7.903444078556153 (frenet_interface.py:259)
INFO     [2025-01-12 11:41:03] --- Sampled interval of velocity: 0.00 m/s - 13.34 m/s (planner.py:310)
INFO     [2025-01-12 11:41:03] --- current time step: 10 (frenet_interface.py:280)
INFO     [2025-01-12 11:41:03] --- current velocity: 7.588010716875539 (frenet_interface.py:281)
INFO     [2025-01-12 11:41:03] --- current target velocity: 7.905709482138956 (frenet_interface.py:282)
INFO     [2025-01-12 11:41:03] --- Sampled interval of velocity: 0.00 m/s - 13.34 m/s (planner.py:310)
INFO     [2025-01-12 11:41:03] --- current time step: 11 (frenet_interface.py:280)
INFO     [2025-01-12 11:41:03] --- current velocity: 7.594390514911984 (frenet_interface.py:281)
INFO     [2025-01-12 11:41:03] --- current target velocity: 7.908019147377851 (frenet_interface.py:282)
INFO     [2025-01-12 11:41:05] --- Sampled interval of velocity: 0.00 m/s - 13.34 m/s (planner.py:310)
INFO     [2025-01-12 11:41:05] --- select trajectory 731 (reactive_planner_cpp.py:382)
INFO     [2025-01-12 11:41:05] --- current time step: 12 (frenet_interface.py:257)
INFO     [2025-01-12 11:41:05] --- current velocity: 7.595525808677111 (frenet_interface.py:258)
INFO     [2025-01-12 11:41:05] --- current target velocity: 7.910334726778952 (frenet_interface.py:259)
INFO     [2025-01-12 11:41:08] --- Sampled interval of velocity: 0.00 m/s - 13.35 m/s (planner.py:310)
INFO     [2025-01-12 11:41:08] --- current time step: 13 (frenet_interface.py:280)
INFO     [2025-01-12 11:41:08] --- current velocity: 7.590364598927053 (frenet_interface.py:281)
INFO     [2025-01-12 11:41:08] --- current target velocity: 7.912649709935401 (frenet_interface.py:282)
INFO     [2025-01-12 11:41:08] --- Sampled interval of velocity: 0.00 m/s - 13.34 m/s (planner.py:310)
INFO     [2025-01-12 11:41:08] --- current time step: 14 (frenet_interface.py:280)
INFO     [2025-01-12 11:41:08] --- current velocity: 7.5793440917687125 (frenet_interface.py:281)
INFO     [2025-01-12 11:41:08] --- current target velocity: 7.915014211930448 (frenet_interface.py:282)
INFO     [2025-01-12 11:41:10] --- Sampled interval of velocity: 0.00 m/s - 13.33 m/s (planner.py:310)
INFO     [2025-01-12 11:41:10] --- select trajectory 721 (reactive_planner_cpp.py:382)
INFO     [2025-01-12 11:41:10] --- current time step: 15 (frenet_interface.py:257)
INFO     [2025-01-12 11:41:10] --- current velocity: 7.564483941879937 (frenet_interface.py:258)
INFO     [2025-01-12 11:41:10] --- current target velocity: 7.9174746823425926 (frenet_interface.py:259)
INFO     [2025-01-12 11:41:13] --- Sampled interval of velocity: 0.00 m/s - 13.31 m/s (planner.py:310)
INFO     [2025-01-12 11:41:13] --- current time step: 16 (frenet_interface.py:280)
INFO     [2025-01-12 11:41:13] --- current velocity: 7.534441236861643 (frenet_interface.py:281)
INFO     [2025-01-12 11:41:13] --- current target velocity: 7.920063125668102 (frenet_interface.py:282)
INFO     [2025-01-12 11:41:13] --- Sampled interval of velocity: 0.00 m/s - 13.28 m/s (planner.py:310)
INFO     [2025-01-12 11:41:13] --- current time step: 17 (frenet_interface.py:280)
INFO     [2025-01-12 11:41:13] --- current velocity: 7.490317937997661 (frenet_interface.py:281)
INFO     [2025-01-12 11:41:13] --- current target velocity: 7.92286155251877 (frenet_interface.py:282)
INFO     [2025-01-12 11:41:15] --- Sampled interval of velocity: 0.00 m/s - 13.24 m/s (planner.py:310)
INFO     [2025-01-12 11:41:15] --- select trajectory 311 (reactive_planner_cpp.py:382)
INFO     [2025-01-12 11:41:15] --- current time step: 18 (frenet_interface.py:257)
INFO     [2025-01-12 11:41:15] --- current velocity: 7.444063198936627 (frenet_interface.py:258)
INFO     [2025-01-12 11:41:15] --- current target velocity: 7.925986450810643 (frenet_interface.py:259)
INFO     [2025-01-12 11:41:17] --- Sampled interval of velocity: 0.00 m/s - 13.19 m/s (planner.py:310)
INFO     [2025-01-12 11:41:17] --- current time step: 19 (frenet_interface.py:280)
INFO     [2025-01-12 11:41:17] --- current velocity: 7.358655199287348 (frenet_interface.py:281)
INFO     [2025-01-12 11:41:17] --- current target velocity: 7.929489345572403 (frenet_interface.py:282)
INFO     [2025-01-12 11:41:18] --- Sampled interval of velocity: 0.00 m/s - 13.11 m/s (planner.py:310)
INFO     [2025-01-12 11:41:18] --- current time step: 20 (frenet_interface.py:280)
INFO     [2025-01-12 11:41:18] --- current velocity: 7.237928253521367 (frenet_interface.py:281)
INFO     [2025-01-12 11:41:18] --- current target velocity: 7.933559316626672 (frenet_interface.py:282)
INFO     [2025-01-12 11:41:20] --- Sampled interval of velocity: 0.00 m/s - 12.99 m/s (planner.py:310)
INFO     [2025-01-12 11:41:20] --- select trajectory 101 (reactive_planner_cpp.py:382)
INFO     [2025-01-12 11:41:20] --- current time step: 21 (frenet_interface.py:257)
INFO     [2025-01-12 11:41:20] --- current velocity: 7.050526502100499 (frenet_interface.py:258)
INFO     [2025-01-12 11:41:20] --- current target velocity: 7.938500565425485 (frenet_interface.py:259)
INFO     [2025-01-12 11:41:23] --- Sampled interval of velocity: 0.00 m/s - 12.80 m/s (planner.py:310)
INFO     [2025-01-12 11:41:23] --- current time step: 22 (frenet_interface.py:280)
INFO     [2025-01-12 11:41:23] --- current velocity: 6.656908702405686 (frenet_interface.py:281)
INFO     [2025-01-12 11:41:23] --- current target velocity: 7.9446038271199555 (frenet_interface.py:282)
INFO     [2025-01-12 11:41:23] --- Sampled interval of velocity: 0.00 m/s - 12.41 m/s (planner.py:310)
INFO     [2025-01-12 11:41:23] --- current time step: 23 (frenet_interface.py:280)
INFO     [2025-01-12 11:41:23] --- current velocity: 6.1042854256306205 (frenet_interface.py:281)
INFO     [2025-01-12 11:41:23] --- current target velocity: 7.953140817463511 (frenet_interface.py:282)
INFO     [2025-01-12 11:41:25] --- Sampled interval of velocity: 0.00 m/s - 11.85 m/s (planner.py:310)
INFO     [2025-01-12 11:41:25] --- select trajectory 91 (reactive_planner_cpp.py:382)
INFO     [2025-01-12 11:41:25] --- current time step: 24 (frenet_interface.py:257)
INFO     [2025-01-12 11:41:25] --- current velocity: 5.770414471162425 (frenet_interface.py:258)
INFO     [2025-01-12 11:41:25] --- current target velocity: 7.96563085313833 (frenet_interface.py:259)
INFO     [2025-01-12 11:41:27] --- Sampled interval of velocity: 0.00 m/s - 11.52 m/s (planner.py:310)
INFO     [2025-01-12 11:41:27] --- current time step: 25 (frenet_interface.py:280)
INFO     [2025-01-12 11:41:27] --- current velocity: 5.390856225418342 (frenet_interface.py:281)
INFO     [2025-01-12 11:41:27] --- current target velocity: 7.981954380235033 (frenet_interface.py:282)
INFO     [2025-01-12 11:41:29] --- Sampled interval of velocity: 0.00 m/s - 11.14 m/s (planner.py:310)
INFO     [2025-01-12 11:41:29] --- current time step: 26 (frenet_interface.py:280)
INFO     [2025-01-12 11:41:29] --- current velocity: 4.974118733545178 (frenet_interface.py:281)
INFO     [2025-01-12 11:41:29] --- current target velocity: 8.001449250390252 (frenet_interface.py:282)
INFO     [2025-01-12 11:41:31] --- Sampled interval of velocity: 0.00 m/s - 10.72 m/s (planner.py:310)
INFO     [2025-01-12 11:41:31] --- select trajectory 191 (reactive_planner_cpp.py:382)
INFO     [2025-01-12 11:41:31] --- current time step: 27 (frenet_interface.py:257)
INFO     [2025-01-12 11:41:31] --- current velocity: 4.6795758955491165 (frenet_interface.py:258)
INFO     [2025-01-12 11:41:31] --- current target velocity: 8.024533053727577 (frenet_interface.py:259)
INFO     [2025-01-12 11:41:34] --- Sampled interval of velocity: 0.00 m/s - 10.43 m/s (planner.py:310)
INFO     [2025-01-12 11:41:34] --- current time step: 28 (frenet_interface.py:280)
INFO     [2025-01-12 11:41:34] --- current velocity: 4.251179466945771 (frenet_interface.py:281)
INFO     [2025-01-12 11:41:34] --- current target velocity: 8.050856337233991 (frenet_interface.py:282)
INFO     [2025-01-12 11:41:34] --- Sampled interval of velocity: 0.00 m/s - 10.00 m/s (planner.py:310)
INFO     [2025-01-12 11:41:34] --- current time step: 29 (frenet_interface.py:280)
INFO     [2025-01-12 11:41:34] --- current velocity: 3.723043565236093 (frenet_interface.py:281)
INFO     [2025-01-12 11:41:34] --- current target velocity: 8.08065427751898 (frenet_interface.py:282)
INFO     [2025-01-12 11:41:36] --- Sampled interval of velocity: 0.00 m/s - 9.47 m/s (planner.py:310)
WARNING  [2025-01-12 11:41:38] --- No optimal trajectory available. Select stopping trajectory! (reactive_planner_cpp.py:407)
INFO     [2025-01-12 11:41:38] --- current time step: 30 (frenet_interface.py:257)
INFO     [2025-01-12 11:41:38] --- current velocity: 3.4022072236249516 (frenet_interface.py:258)
INFO     [2025-01-12 11:41:38] --- current target velocity: 8.114995944282304 (frenet_interface.py:259)
INFO     [2025-01-12 11:41:41] --- Sampled interval of velocity: 0.00 m/s - 9.15 m/s (planner.py:310)
INFO     [2025-01-12 11:41:41] --- current time step: 31 (frenet_interface.py:280)
INFO     [2025-01-12 11:41:41] --- current velocity: 3.019339721136262 (frenet_interface.py:281)
INFO     [2025-01-12 11:41:41] --- current target velocity: 8.153524693147128 (frenet_interface.py:282)
INFO     [2025-01-12 11:41:41] --- Sampled interval of velocity: 0.00 m/s - 8.77 m/s (planner.py:310)
INFO     [2025-01-12 11:41:41] --- current time step: 32 (frenet_interface.py:280)
INFO     [2025-01-12 11:41:41] --- current velocity: 2.593949612114874 (frenet_interface.py:281)
INFO     [2025-01-12 11:41:41] --- current target velocity: 8.019339721136262 (frenet_interface.py:282)
INFO     [2025-01-12 11:41:43] --- Sampled interval of velocity: 0.00 m/s - 8.34 m/s (planner.py:310)
WARNING  [2025-01-12 11:41:44] --- No optimal trajectory available. Select stopping trajectory! (reactive_planner_cpp.py:407)
INFO     [2025-01-12 11:41:44] --- current time step: 33 (frenet_interface.py:257)
INFO     [2025-01-12 11:41:44] --- current velocity: 2.3516782029184786 (frenet_interface.py:258)
INFO     [2025-01-12 11:41:44] --- current target velocity: 7.593949612114875 (frenet_interface.py:259)
INFO     [2025-01-12 11:41:48] --- Sampled interval of velocity: 0.00 m/s - 8.10 m/s (planner.py:310)
INFO     [2025-01-12 11:41:48] --- current time step: 34 (frenet_interface.py:280)
INFO     [2025-01-12 11:41:48] --- current velocity: 2.0733225985943453 (frenet_interface.py:281)
INFO     [2025-01-12 11:41:48] --- current target velocity: 7.351678202918478 (frenet_interface.py:282)
INFO     [2025-01-12 11:41:49] --- Sampled interval of velocity: 0.00 m/s - 7.82 m/s (planner.py:310)
INFO     [2025-01-12 11:41:49] --- current time step: 35 (frenet_interface.py:280)
INFO     [2025-01-12 11:41:49] --- current velocity: 1.7713473828963653 (frenet_interface.py:281)
INFO     [2025-01-12 11:41:49] --- current target velocity: 7.073322598594345 (frenet_interface.py:282)
INFO     [2025-01-12 11:41:51] --- Sampled interval of velocity: 0.00 m/s - 7.52 m/s (planner.py:310)
WARNING  [2025-01-12 11:41:52] --- No optimal trajectory available. Select stopping trajectory! (reactive_planner_cpp.py:407)
INFO     [2025-01-12 11:41:52] --- current time step: 36 (frenet_interface.py:257)
INFO     [2025-01-12 11:41:52] --- current velocity: 1.6021683396076984 (frenet_interface.py:258)
INFO     [2025-01-12 11:41:52] --- current target velocity: 6.771347382896366 (frenet_interface.py:259)
INFO     [2025-01-12 11:41:55] --- Sampled interval of velocity: 0.00 m/s - 7.35 m/s (planner.py:310)
INFO     [2025-01-12 11:41:55] --- current time step: 37 (frenet_interface.py:280)
INFO     [2025-01-12 11:41:55] --- current velocity: 1.4097840895348464 (frenet_interface.py:281)
INFO     [2025-01-12 11:41:55] --- current target velocity: 6.602168339607698 (frenet_interface.py:282)
INFO     [2025-01-12 11:41:55] --- Sampled interval of velocity: 0.00 m/s - 7.16 m/s (planner.py:310)
INFO     [2025-01-12 11:41:55] --- current time step: 38 (frenet_interface.py:280)
INFO     [2025-01-12 11:41:55] --- current velocity: 1.2024789475560684 (frenet_interface.py:281)
INFO     [2025-01-12 11:41:55] --- current target velocity: 6.409784089534846 (frenet_interface.py:282)
INFO     [2025-01-12 11:41:57] --- Sampled interval of velocity: 0.00 m/s - 6.95 m/s (planner.py:310)
WARNING  [2025-01-12 11:41:58] --- No optimal trajectory available. Select stopping trajectory! (reactive_planner_cpp.py:407)
INFO     [2025-01-12 11:41:58] --- current time step: 39 (frenet_interface.py:257)
INFO     [2025-01-12 11:41:58] --- current velocity: 1.0868905594387495 (frenet_interface.py:258)
INFO     [2025-01-12 11:41:58] --- current target velocity: 6.202478947556068 (frenet_interface.py:259)
INFO     [2025-01-12 11:42:00] --- Sampled interval of velocity: 0.00 m/s - 6.84 m/s (planner.py:310)
INFO     [2025-01-12 11:42:00] --- current time step: 40 (frenet_interface.py:280)
INFO     [2025-01-12 11:42:00] --- current velocity: 0.9558468886253473 (frenet_interface.py:281)
INFO     [2025-01-12 11:42:00] --- current target velocity: 6.08689055943875 (frenet_interface.py:282)
INFO     [2025-01-12 11:42:01] --- Sampled interval of velocity: 0.00 m/s - 6.71 m/s (planner.py:310)
INFO     [2025-01-12 11:42:01] --- current time step: 41 (frenet_interface.py:280)
INFO     [2025-01-12 11:42:01] --- current velocity: 0.8149238946887106 (frenet_interface.py:281)
INFO     [2025-01-12 11:42:01] --- current target velocity: 5.955846888625347 (frenet_interface.py:282)
INFO     [2025-01-12 11:42:02] --- Sampled interval of velocity: 0.00 m/s - 6.56 m/s (planner.py:310)
WARNING  [2025-01-12 11:42:03] --- No optimal trajectory available. Select stopping trajectory! (reactive_planner_cpp.py:407)
INFO     [2025-01-12 11:42:03] --- current time step: 42 (frenet_interface.py:257)
INFO     [2025-01-12 11:42:03] --- current velocity: 0.7364612011990921 (frenet_interface.py:258)
INFO     [2025-01-12 11:42:03] --- current target velocity: 5.814923894688711 (frenet_interface.py:259)
INFO     [2025-01-12 11:42:05] --- Sampled interval of velocity: 0.00 m/s - 6.49 m/s (planner.py:310)
INFO     [2025-01-12 11:42:05] --- current time step: 43 (frenet_interface.py:280)
INFO     [2025-01-12 11:42:05] --- current velocity: 0.6475889998135067 (frenet_interface.py:281)
INFO     [2025-01-12 11:42:05] --- current target velocity: 5.736461201199092 (frenet_interface.py:282)
INFO     [2025-01-12 11:42:05] --- Sampled interval of velocity: 0.00 m/s - 6.40 m/s (planner.py:310)
INFO     [2025-01-12 11:42:05] --- current time step: 44 (frenet_interface.py:280)
INFO     [2025-01-12 11:42:05] --- current velocity: 0.5520751016559154 (frenet_interface.py:281)
INFO     [2025-01-12 11:42:05] --- current target velocity: 5.6475889998135065 (frenet_interface.py:282)
INFO     [2025-01-12 11:42:07] --- Sampled interval of velocity: 0.00 m/s - 6.30 m/s (planner.py:310)
WARNING  [2025-01-12 11:42:07] --- No optimal trajectory available. Select stopping trajectory! (reactive_planner_cpp.py:407)
INFO     [2025-01-12 11:42:07] --- current time step: 45 (frenet_interface.py:257)
INFO     [2025-01-12 11:42:07] --- current velocity: 0.4989183205504465 (frenet_interface.py:258)
INFO     [2025-01-12 11:42:07] --- current target velocity: 5.552075101655915 (frenet_interface.py:259)
INFO     [2025-01-12 11:42:09] --- Sampled interval of velocity: 0.00 m/s - 6.25 m/s (planner.py:310)
INFO     [2025-01-12 11:42:09] --- current time step: 46 (frenet_interface.py:280)
INFO     [2025-01-12 11:42:09] --- current velocity: 0.43872616518486857 (frenet_interface.py:281)
INFO     [2025-01-12 11:42:09] --- current target velocity: 5.498918320550446 (frenet_interface.py:282)
INFO     [2025-01-12 11:42:11] --- Sampled interval of velocity: 0.00 m/s - 6.19 m/s (planner.py:310)
INFO     [2025-01-12 11:42:11] --- current time step: 47 (frenet_interface.py:280)
INFO     [2025-01-12 11:42:11] --- current velocity: 0.37404769656260606 (frenet_interface.py:281)
INFO     [2025-01-12 11:42:11] --- current target velocity: 5.438726165184868 (frenet_interface.py:282)
INFO     [2025-01-12 11:42:12] --- Sampled interval of velocity: 0.00 m/s - 6.12 m/s (planner.py:310)
WARNING  [2025-01-12 11:42:13] --- No optimal trajectory available. Select stopping trajectory! (reactive_planner_cpp.py:407)
INFO     [2025-01-12 11:42:13] --- current time step: 48 (frenet_interface.py:257)
INFO     [2025-01-12 11:42:13] --- current velocity: 0.33805667818315144 (frenet_interface.py:258)
INFO     [2025-01-12 11:42:13] --- current target velocity: 5.374047696562606 (frenet_interface.py:259)
INFO     [2025-01-12 11:42:14] --- Sampled interval of velocity: 0.00 m/s - 6.09 m/s (planner.py:310)
INFO     [2025-01-12 11:42:14] --- current time step: 49 (frenet_interface.py:280)
INFO     [2025-01-12 11:42:14] --- current velocity: 0.2973056745596466 (frenet_interface.py:281)
INFO     [2025-01-12 11:42:14] --- current target velocity: 5.338056678183151 (frenet_interface.py:282)
INFO     [2025-01-12 11:42:16] --- Sampled interval of velocity: 0.00 m/s - 6.05 m/s (planner.py:310)
INFO     [2025-01-12 11:42:16] --- current time step: 50 (frenet_interface.py:280)
INFO     [2025-01-12 11:42:16] --- current velocity: 0.2535198536213305 (frenet_interface.py:281)
INFO     [2025-01-12 11:42:16] --- current target velocity: 5.297305674559647 (frenet_interface.py:282)
INFO     [2025-01-12 11:42:17] --- Sampled interval of velocity: 0.00 m/s - 6.00 m/s (planner.py:310)
WARNING  [2025-01-12 11:42:18] --- No optimal trajectory available. Select stopping trajectory! (reactive_planner_cpp.py:407)
INFO     [2025-01-12 11:42:18] --- current time step: 51 (frenet_interface.py:257)
INFO     [2025-01-12 11:42:18] --- current velocity: 0.2291557579224157 (frenet_interface.py:258)
INFO     [2025-01-12 11:42:18] --- current target velocity: 5.253519853621331 (frenet_interface.py:259)
INFO     [2025-01-12 11:42:20] --- Sampled interval of velocity: 0.00 m/s - 5.98 m/s (planner.py:310)
INFO     [2025-01-12 11:42:20] --- current time step: 52 (frenet_interface.py:280)
INFO     [2025-01-12 11:42:20] --- current velocity: 0.20157011176147901 (frenet_interface.py:281)
INFO     [2025-01-12 11:42:20] --- current target velocity: 5.229155757922416 (frenet_interface.py:282)
INFO     [2025-01-12 11:42:21] --- Sampled interval of velocity: 0.00 m/s - 5.95 m/s (planner.py:310)
INFO     [2025-01-12 11:42:21] --- current time step: 53 (frenet_interface.py:280)
INFO     [2025-01-12 11:42:21] --- current velocity: 0.1719306149893568 (frenet_interface.py:281)
INFO     [2025-01-12 11:42:21] --- current target velocity: 5.201570111761479 (frenet_interface.py:282)
INFO     [2025-01-12 11:42:22] --- Sampled interval of velocity: 0.00 m/s - 5.92 m/s (planner.py:310)
WARNING  [2025-01-12 11:42:23] --- No optimal trajectory available. Select stopping trajectory! (reactive_planner_cpp.py:407)
INFO     [2025-01-12 11:42:23] --- current time step: 54 (frenet_interface.py:257)
INFO     [2025-01-12 11:42:23] --- current velocity: 0.15543827607873117 (frenet_interface.py:258)
INFO     [2025-01-12 11:42:23] --- current target velocity: 5.171930614989357 (frenet_interface.py:259)
INFO     [2025-01-12 11:42:24] --- Sampled interval of velocity: 0.00 m/s - 5.91 m/s (planner.py:310)
INFO     [2025-01-12 11:42:24] --- current time step: 55 (frenet_interface.py:280)
INFO     [2025-01-12 11:42:24] --- current velocity: 0.13676538067815808 (frenet_interface.py:281)
INFO     [2025-01-12 11:42:24] --- current target velocity: 5.155438276078732 (frenet_interface.py:282)
INFO     [2025-01-12 11:42:26] --- Sampled interval of velocity: 0.00 m/s - 5.89 m/s (planner.py:310)
INFO     [2025-01-12 11:42:26] --- current time step: 56 (frenet_interface.py:280)
INFO     [2025-01-12 11:42:26] --- current velocity: 0.11670232710514457 (frenet_interface.py:281)
INFO     [2025-01-12 11:42:26] --- current target velocity: 5.136765380678158 (frenet_interface.py:282)
INFO     [2025-01-12 11:42:27] --- Sampled interval of velocity: 0.00 m/s - 5.87 m/s (planner.py:310)
WARNING  [2025-01-12 11:42:28] --- No optimal trajectory available. Select stopping trajectory! (reactive_planner_cpp.py:407)
INFO     [2025-01-12 11:42:28] --- current time step: 57 (frenet_interface.py:257)
INFO     [2025-01-12 11:42:28] --- current velocity: 0.10553866156355765 (frenet_interface.py:258)
INFO     [2025-01-12 11:42:28] --- current target velocity: 5.116702327105145 (frenet_interface.py:259)
INFO     [2025-01-12 11:42:29] --- Sampled interval of velocity: 0.00 m/s - 5.86 m/s (planner.py:310)
INFO     [2025-01-12 11:42:29] --- current time step: 58 (frenet_interface.py:280)
INFO     [2025-01-12 11:42:29] --- current velocity: 0.09289900780834111 (frenet_interface.py:281)
INFO     [2025-01-12 11:42:29] --- current target velocity: 5.105538661563558 (frenet_interface.py:282)
INFO     [2025-01-12 11:42:30] --- Sampled interval of velocity: 0.00 m/s - 5.84 m/s (planner.py:310)
INFO     [2025-01-12 11:42:30] --- current time step: 59 (frenet_interface.py:280)
INFO     [2025-01-12 11:42:30] --- current velocity: 0.0793183800614675 (frenet_interface.py:281)
INFO     [2025-01-12 11:42:30] --- current target velocity: 5.092899007808341 (frenet_interface.py:282)
INFO     [2025-01-12 11:42:34] --- Sampled interval of velocity: 0.00 m/s - 5.83 m/s (planner.py:310)
WARNING  [2025-01-12 11:42:35] --- Planning standstill for the current scenario (reactive_planner_cpp.py:395)
INFO     [2025-01-12 11:42:36] --- current time step: 60 (frenet_interface.py:257)
INFO     [2025-01-12 11:42:36] --- current velocity: 0.0 (frenet_interface.py:258)
INFO     [2025-01-12 11:42:36] --- current target velocity: 5.079318380061467 (frenet_interface.py:259)
INFO     [2025-01-12 11:42:38] --- Sampled interval of velocity: 0.00 m/s - 5.75 m/s (planner.py:310)
INFO     [2025-01-12 11:42:38] --- current time step: 61 (frenet_interface.py:280)
INFO     [2025-01-12 11:42:38] --- current velocity: 0.0 (frenet_interface.py:281)
INFO     [2025-01-12 11:42:38] --- current target velocity: 5.0 (frenet_interface.py:282)
INFO     [2025-01-12 11:42:38] --- Sampled interval of velocity: 0.00 m/s - 5.75 m/s (planner.py:310)
INFO     [2025-01-12 11:42:38] --- current time step: 62 (frenet_interface.py:280)
INFO     [2025-01-12 11:42:38] --- current velocity: 0.0 (frenet_interface.py:281)
INFO     [2025-01-12 11:42:38] --- current target velocity: 5.0 (frenet_interface.py:282)
INFO     [2025-01-12 11:42:41] --- Sampled interval of velocity: 0.00 m/s - 5.75 m/s (planner.py:310)
WARNING  [2025-01-12 11:42:41] --- Planning standstill for the current scenario (reactive_planner_cpp.py:395)
INFO     [2025-01-12 11:42:41] --- current time step: 63 (frenet_interface.py:257)
INFO     [2025-01-12 11:42:41] --- current velocity: 0.0 (frenet_interface.py:258)
INFO     [2025-01-12 11:42:41] --- current target velocity: 5.0 (frenet_interface.py:259)
INFO     [2025-01-12 11:42:43] --- Sampled interval of velocity: 0.00 m/s - 5.75 m/s (planner.py:310)
INFO     [2025-01-12 11:42:43] --- current time step: 64 (frenet_interface.py:280)
INFO     [2025-01-12 11:42:43] --- current velocity: 0.0 (frenet_interface.py:281)
INFO     [2025-01-12 11:42:43] --- current target velocity: 5.0 (frenet_interface.py:282)
INFO     [2025-01-12 11:42:44] --- Sampled interval of velocity: 0.00 m/s - 5.75 m/s (planner.py:310)
INFO     [2025-01-12 11:42:44] --- current time step: 65 (frenet_interface.py:280)
INFO     [2025-01-12 11:42:44] --- current velocity: 0.0 (frenet_interface.py:281)
INFO     [2025-01-12 11:42:44] --- current target velocity: 5.0 (frenet_interface.py:282)
INFO     [2025-01-12 11:42:46] --- Sampled interval of velocity: 0.00 m/s - 5.75 m/s (planner.py:310)
WARNING  [2025-01-12 11:42:46] --- Planning standstill for the current scenario (reactive_planner_cpp.py:395)
INFO     [2025-01-12 11:42:46] --- current time step: 66 (frenet_interface.py:257)
INFO     [2025-01-12 11:42:46] --- current velocity: 0.0 (frenet_interface.py:258)
INFO     [2025-01-12 11:42:46] --- current target velocity: 5.0 (frenet_interface.py:259)
INFO     [2025-01-12 11:42:48] --- Sampled interval of velocity: 0.00 m/s - 5.75 m/s (planner.py:310)
INFO     [2025-01-12 11:42:48] --- current time step: 67 (frenet_interface.py:280)
INFO     [2025-01-12 11:42:48] --- current velocity: 0.0 (frenet_interface.py:281)
INFO     [2025-01-12 11:42:48] --- current target velocity: 5.0 (frenet_interface.py:282)
INFO     [2025-01-12 11:42:48] --- Sampled interval of velocity: 0.00 m/s - 5.75 m/s (planner.py:310)
INFO     [2025-01-12 11:42:48] --- current time step: 68 (frenet_interface.py:280)
INFO     [2025-01-12 11:42:48] --- current velocity: 0.0 (frenet_interface.py:281)
INFO     [2025-01-12 11:42:48] --- current target velocity: 5.0 (frenet_interface.py:282)
INFO     [2025-01-12 11:42:50] --- Sampled interval of velocity: 0.00 m/s - 5.75 m/s (planner.py:310)
INFO     [2025-01-12 11:42:50] --- select trajectory 171 (reactive_planner_cpp.py:382)
INFO     [2025-01-12 11:42:50] --- current time step: 69 (frenet_interface.py:257)
INFO     [2025-01-12 11:42:50] --- current velocity: 0.20566033414006316 (frenet_interface.py:258)
INFO     [2025-01-12 11:42:50] --- current target velocity: 5.0 (frenet_interface.py:259)
INFO     [2025-01-12 11:42:51] --- Sampled interval of velocity: 0.00 m/s - 5.96 m/s (planner.py:310)
INFO     [2025-01-12 11:42:51] --- current time step: 70 (frenet_interface.py:280)
INFO     [2025-01-12 11:42:51] --- current velocity: 0.5642459251610555 (frenet_interface.py:281)
INFO     [2025-01-12 11:42:51] --- current target velocity: 5.205660334140063 (frenet_interface.py:282)
INFO     [2025-01-12 11:42:51] --- Sampled interval of velocity: 0.00 m/s - 6.31 m/s (planner.py:310)
INFO     [2025-01-12 11:42:51] --- current time step: 71 (frenet_interface.py:280)
INFO     [2025-01-12 11:42:51] --- current velocity: 1.1036055763304733 (frenet_interface.py:281)
INFO     [2025-01-12 11:42:51] --- current target velocity: 5.564245925161056 (frenet_interface.py:282)
INFO     [2025-01-12 11:42:53] --- Sampled interval of velocity: 0.00 m/s - 6.85 m/s (planner.py:310)
INFO     [2025-01-12 11:42:53] --- select trajectory 721 (reactive_planner_cpp.py:382)
INFO     [2025-01-12 11:42:53] --- current time step: 72 (frenet_interface.py:257)
INFO     [2025-01-12 11:42:53] --- current velocity: 1.394603026144604 (frenet_interface.py:258)
INFO     [2025-01-12 11:42:53] --- current target velocity: 6.103605576330473 (frenet_interface.py:259)
INFO     [2025-01-12 11:42:54] --- Sampled interval of velocity: 0.00 m/s - 7.14 m/s (planner.py:310)
INFO     [2025-01-12 11:42:54] --- current time step: 73 (frenet_interface.py:280)
INFO     [2025-01-12 11:42:54] --- current velocity: 1.6559318441859785 (frenet_interface.py:281)
INFO     [2025-01-12 11:42:54] --- current target velocity: 6.394603026144604 (frenet_interface.py:282)
INFO     [2025-01-12 11:42:55] --- Sampled interval of velocity: 0.00 m/s - 7.41 m/s (planner.py:310)
INFO     [2025-01-12 11:42:55] --- current time step: 74 (frenet_interface.py:280)
INFO     [2025-01-12 11:42:55] --- current velocity: 1.888981942857922 (frenet_interface.py:281)
INFO     [2025-01-12 11:42:55] --- current target velocity: 6.655931844185979 (frenet_interface.py:282)
INFO     [2025-01-12 11:42:56] --- Sampled interval of velocity: 0.00 m/s - 7.64 m/s (planner.py:310)
INFO     [2025-01-12 11:42:56] --- select trajectory 51 (reactive_planner_cpp.py:382)
INFO     [2025-01-12 11:42:56] --- current time step: 75 (frenet_interface.py:257)
INFO     [2025-01-12 11:42:56] --- current velocity: 2.024447551905323 (frenet_interface.py:258)
INFO     [2025-01-12 11:42:56] --- current target velocity: 6.888981942857922 (frenet_interface.py:259)
INFO     [2025-01-12 11:42:58] --- Sampled interval of velocity: 0.00 m/s - 7.77 m/s (planner.py:310)
INFO     [2025-01-12 11:42:58] --- current time step: 76 (frenet_interface.py:280)
INFO     [2025-01-12 11:42:58] --- current velocity: 2.2067349257319715 (frenet_interface.py:281)
INFO     [2025-01-12 11:42:58] --- current target velocity: 7.0244475519053236 (frenet_interface.py:282)
INFO     [2025-01-12 11:42:58] --- Sampled interval of velocity: 0.00 m/s - 7.96 m/s (planner.py:310)
INFO     [2025-01-12 11:42:58] --- current time step: 77 (frenet_interface.py:280)
INFO     [2025-01-12 11:42:58] --- current velocity: 2.4287408763004663 (frenet_interface.py:281)
INFO     [2025-01-12 11:42:58] --- current target velocity: 7.206734925731972 (frenet_interface.py:282)
INFO     [2025-01-12 11:42:59] --- Sampled interval of velocity: 0.00 m/s - 8.18 m/s (planner.py:310)
INFO     [2025-01-12 11:42:59] --- select trajectory 752 (reactive_planner_cpp.py:382)
INFO     [2025-01-12 11:42:59] --- current time step: 78 (frenet_interface.py:257)
INFO     [2025-01-12 11:42:59] --- current velocity: 2.552729378449517 (frenet_interface.py:258)
INFO     [2025-01-12 11:42:59] --- current target velocity: 7.428740876300466 (frenet_interface.py:259)
INFO     [2025-01-12 11:43:01] --- Sampled interval of velocity: 0.00 m/s - 8.30 m/s (planner.py:310)
INFO     [2025-01-12 11:43:01] --- current time step: 79 (frenet_interface.py:280)
INFO     [2025-01-12 11:43:01] --- current velocity: 2.684742846890841 (frenet_interface.py:281)
INFO     [2025-01-12 11:43:01] --- current target velocity: 7.552729378449516 (frenet_interface.py:282)
INFO     [2025-01-12 11:43:02] --- Sampled interval of velocity: 0.00 m/s - 8.43 m/s (planner.py:310)
INFO     [2025-01-12 11:43:02] --- current time step: 80 (frenet_interface.py:280)
INFO     [2025-01-12 11:43:02] --- current velocity: 2.8241534655647196 (frenet_interface.py:281)
INFO     [2025-01-12 11:43:02] --- current target velocity: 7.684742846890841 (frenet_interface.py:282)
INFO     [2025-01-12 11:43:03] --- Sampled interval of velocity: 0.00 m/s - 8.57 m/s (planner.py:310)
INFO     [2025-01-12 11:43:03] --- select trajectory 406 (reactive_planner_cpp.py:382)
INFO     [2025-01-12 11:43:03] --- current time step: 81 (frenet_interface.py:257)
INFO     [2025-01-12 11:43:03] --- current velocity: 2.860104270202413 (frenet_interface.py:258)
INFO     [2025-01-12 11:43:03] --- current target velocity: 7.82415346556472 (frenet_interface.py:259)
INFO     [2025-01-12 11:43:05] --- Sampled interval of velocity: 0.00 m/s - 8.61 m/s (planner.py:310)
INFO     [2025-01-12 11:43:05] --- current time step: 82 (frenet_interface.py:280)
INFO     [2025-01-12 11:43:05] --- current velocity: 2.8316505923593613 (frenet_interface.py:281)
INFO     [2025-01-12 11:43:05] --- current target velocity: 7.860104270202413 (frenet_interface.py:282)
INFO     [2025-01-12 11:43:05] --- Sampled interval of velocity: 0.00 m/s - 8.58 m/s (planner.py:310)
INFO     [2025-01-12 11:43:05] --- current time step: 83 (frenet_interface.py:280)
INFO     [2025-01-12 11:43:05] --- current velocity: 2.7488188809260325 (frenet_interface.py:281)
INFO     [2025-01-12 11:43:05] --- current target velocity: 7.831650592359361 (frenet_interface.py:282)
INFO     [2025-01-12 11:43:08] --- Sampled interval of velocity: 0.00 m/s - 8.50 m/s (planner.py:310)
INFO     [2025-01-12 11:43:08] --- select trajectory 106 (reactive_planner_cpp.py:382)
INFO     [2025-01-12 11:43:08] --- current time step: 84 (frenet_interface.py:257)
INFO     [2025-01-12 11:43:08] --- current velocity: 2.6654980907072607 (frenet_interface.py:258)
INFO     [2025-01-12 11:43:08] --- current target velocity: 7.7488188809260325 (frenet_interface.py:259)
INFO     [2025-01-12 11:43:09] --- Sampled interval of velocity: 0.00 m/s - 8.42 m/s (planner.py:310)
INFO     [2025-01-12 11:43:09] --- current time step: 85 (frenet_interface.py:280)
INFO     [2025-01-12 11:43:09] --- current velocity: 2.5305467701468483 (frenet_interface.py:281)
INFO     [2025-01-12 11:43:09] --- current target velocity: 7.665498090707261 (frenet_interface.py:282)
INFO     [2025-01-12 11:43:10] --- Sampled interval of velocity: 0.00 m/s - 8.28 m/s (planner.py:310)
INFO     [2025-01-12 11:43:10] --- current time step: 86 (frenet_interface.py:280)
INFO     [2025-01-12 11:43:10] --- current velocity: 2.356538369524421 (frenet_interface.py:281)
INFO     [2025-01-12 11:43:10] --- current target velocity: 7.530546770146849 (frenet_interface.py:282)
INFO     [2025-01-12 11:43:12] --- Sampled interval of velocity: 0.00 m/s - 8.11 m/s (planner.py:310)
INFO     [2025-01-12 11:43:12] --- select trajectory 686 (reactive_planner_cpp.py:382)
INFO     [2025-01-12 11:43:12] --- current time step: 87 (frenet_interface.py:257)
INFO     [2025-01-12 11:43:12] --- current velocity: 2.268302147630556 (frenet_interface.py:258)
INFO     [2025-01-12 11:43:12] --- current target velocity: 7.35653836952442 (frenet_interface.py:259)
INFO     [2025-01-12 11:43:13] --- Sampled interval of velocity: 0.00 m/s - 8.02 m/s (planner.py:310)
INFO     [2025-01-12 11:43:13] --- current time step: 88 (frenet_interface.py:280)
INFO     [2025-01-12 11:43:13] --- current velocity: 2.1924556957669887 (frenet_interface.py:281)
INFO     [2025-01-12 11:43:13] --- current target velocity: 7.268302147630556 (frenet_interface.py:282)
INFO     [2025-01-12 11:43:14] --- Sampled interval of velocity: 0.00 m/s - 7.94 m/s (planner.py:310)
INFO     [2025-01-12 11:43:14] --- current time step: 89 (frenet_interface.py:280)
INFO     [2025-01-12 11:43:14] --- current velocity: 2.128314994598759 (frenet_interface.py:281)
INFO     [2025-01-12 11:43:14] --- current target velocity: 7.192455695766989 (frenet_interface.py:282)
INFO     [2025-01-12 11:43:15] --- Sampled interval of velocity: 0.00 m/s - 7.88 m/s (planner.py:310)
INFO     [2025-01-12 11:43:15] --- select trajectory 752 (reactive_planner_cpp.py:382)
INFO     [2025-01-12 11:43:15] --- current time step: 90 (frenet_interface.py:257)
INFO     [2025-01-12 11:43:15] --- current velocity: 2.11330142341603 (frenet_interface.py:258)
INFO     [2025-01-12 11:43:15] --- current target velocity: 7.1283149945987585 (frenet_interface.py:259)
INFO     [2025-01-12 11:43:17] --- Sampled interval of velocity: 0.00 m/s - 7.86 m/s (planner.py:310)
INFO     [2025-01-12 11:43:17] --- current time step: 91 (frenet_interface.py:280)
INFO     [2025-01-12 11:43:17] --- current velocity: 2.125645336366492 (frenet_interface.py:281)
INFO     [2025-01-12 11:43:17] --- current target velocity: 7.11330142341603 (frenet_interface.py:282)
INFO     [2025-01-12 11:43:17] --- Sampled interval of velocity: 0.00 m/s - 7.88 m/s (planner.py:310)
INFO     [2025-01-12 11:43:17] --- current time step: 92 (frenet_interface.py:280)
INFO     [2025-01-12 11:43:17] --- current velocity: 2.1637890780509337 (frenet_interface.py:281)
INFO     [2025-01-12 11:43:17] --- current target velocity: 7.125645336366492 (frenet_interface.py:282)
INFO     [2025-01-12 11:43:18] --- Sampled interval of velocity: 0.00 m/s - 7.91 m/s (planner.py:310)
INFO     [2025-01-12 11:43:18] --- select trajectory 742 (reactive_planner_cpp.py:382)
INFO     [2025-01-12 11:43:18] --- current time step: 93 (frenet_interface.py:257)
INFO     [2025-01-12 11:43:18] --- current velocity: 2.1967581849209945 (frenet_interface.py:258)
INFO     [2025-01-12 11:43:18] --- current target velocity: 7.163789078050934 (frenet_interface.py:259)
INFO     [2025-01-12 11:43:20] --- Sampled interval of velocity: 0.00 m/s - 7.95 m/s (planner.py:310)
INFO     [2025-01-12 11:43:20] --- current time step: 94 (frenet_interface.py:280)
INFO     [2025-01-12 11:43:20] --- current velocity: 2.2444246206551797 (frenet_interface.py:281)
INFO     [2025-01-12 11:43:20] --- current target velocity: 7.196758184920995 (frenet_interface.py:282)
INFO     [2025-01-12 11:43:20] --- Sampled interval of velocity: 0.00 m/s - 7.99 m/s (planner.py:310)
INFO     [2025-01-12 11:43:20] --- current time step: 95 (frenet_interface.py:280)
INFO     [2025-01-12 11:43:20] --- current velocity: 2.305825511568361 (frenet_interface.py:281)
INFO     [2025-01-12 11:43:20] --- current target velocity: 7.244424620655179 (frenet_interface.py:282)
INFO     [2025-01-12 11:43:21] --- Sampled interval of velocity: 0.00 m/s - 8.06 m/s (planner.py:310)
INFO     [2025-01-12 11:43:21] --- select trajectory 732 (reactive_planner_cpp.py:382)
INFO     [2025-01-12 11:43:21] --- current time step: 96 (frenet_interface.py:257)
INFO     [2025-01-12 11:43:21] --- current velocity: 2.343631571707545 (frenet_interface.py:258)
INFO     [2025-01-12 11:43:21] --- current target velocity: 7.3058255115683615 (frenet_interface.py:259)
INFO     [2025-01-12 11:43:23] --- Sampled interval of velocity: 0.00 m/s - 8.09 m/s (planner.py:310)
INFO     [2025-01-12 11:43:23] --- current time step: 97 (frenet_interface.py:280)
INFO     [2025-01-12 11:43:23] --- current velocity: 2.388461153702995 (frenet_interface.py:281)
INFO     [2025-01-12 11:43:23] --- current target velocity: 7.3436315717075455 (frenet_interface.py:282)
INFO     [2025-01-12 11:43:24] --- Sampled interval of velocity: 0.00 m/s - 8.14 m/s (planner.py:310)
INFO     [2025-01-12 11:43:24] --- current time step: 98 (frenet_interface.py:280)
INFO     [2025-01-12 11:43:24] --- current velocity: 2.439752230527527 (frenet_interface.py:281)
INFO     [2025-01-12 11:43:24] --- current target velocity: 7.388461153702995 (frenet_interface.py:282)
INFO     [2025-01-12 11:43:25] --- Sampled interval of velocity: 0.00 m/s - 8.19 m/s (planner.py:310)
INFO     [2025-01-12 11:43:25] --- select trajectory 762 (reactive_planner_cpp.py:382)
INFO     [2025-01-12 11:43:25] --- current time step: 99 (frenet_interface.py:257)
INFO     [2025-01-12 11:43:25] --- current velocity: 2.481045856512586 (frenet_interface.py:258)
INFO     [2025-01-12 11:43:25] --- current target velocity: 7.439752230527527 (frenet_interface.py:259)
INFO     [2025-01-12 11:43:26] --- Sampled interval of velocity: 0.00 m/s - 8.23 m/s (planner.py:310)
INFO     [2025-01-12 11:43:26] --- current time step: 100 (frenet_interface.py:280)
INFO     [2025-01-12 11:43:26] --- current velocity: 2.548746278544407 (frenet_interface.py:281)
INFO     [2025-01-12 11:43:26] --- current target velocity: 7.481045856512586 (frenet_interface.py:282)
INFO     [2025-01-12 11:43:27] --- Sampled interval of velocity: 0.00 m/s - 8.30 m/s (planner.py:310)
INFO     [2025-01-12 11:43:27] --- current time step: 101 (frenet_interface.py:280)
INFO     [2025-01-12 11:43:27] --- current velocity: 2.6408639608212314 (frenet_interface.py:281)
INFO     [2025-01-12 11:43:27] --- current target velocity: 7.548746278544407 (frenet_interface.py:282)
INFO     [2025-01-12 11:43:29] --- Sampled interval of velocity: 0.00 m/s - 8.39 m/s (planner.py:310)
INFO     [2025-01-12 11:43:29] --- select trajectory 272 (reactive_planner_cpp.py:382)
INFO     [2025-01-12 11:43:29] --- current time step: 102 (frenet_interface.py:257)
INFO     [2025-01-12 11:43:29] --- current velocity: 2.7306712512084905 (frenet_interface.py:258)
INFO     [2025-01-12 11:43:29] --- current target velocity: 7.640863960821232 (frenet_interface.py:259)
