CRITICAL [2025-01-12 11:41:01] --- Start Planner Vehicle ID: 30786 (frenet_interface.py:67)
INFO     [2025-01-12 11:41:07] --- Sampled interval of velocity: 0.00 m/s - 13.62 m/s (planner.py:310)
INFO     [2025-01-12 11:41:07] --- select trajectory 111 (reactive_planner_cpp.py:382)
INFO     [2025-01-12 11:41:07] --- current time step: 0 (frenet_interface.py:257)
INFO     [2025-01-12 11:41:07] --- current velocity: 7.766534482809962 (frenet_interface.py:258)
INFO     [2025-01-12 11:41:07] --- current target velocity: 6.735163541397929 (frenet_interface.py:259)
INFO     [2025-01-12 11:41:09] --- Sampled interval of velocity: 0.00 m/s - 13.52 m/s (planner.py:310)
INFO     [2025-01-12 11:41:09] --- current time step: 1 (frenet_interface.py:280)
INFO     [2025-01-12 11:41:09] --- current velocity: 7.483222887501066 (frenet_interface.py:281)
INFO     [2025-01-12 11:41:09] --- current target velocity: 6.727690457863805 (frenet_interface.py:282)
INFO     [2025-01-12 11:41:10] --- Sampled interval of velocity: 0.00 m/s - 13.23 m/s (planner.py:310)
INFO     [2025-01-12 11:41:10] --- current time step: 2 (frenet_interface.py:280)
INFO     [2025-01-12 11:41:10] --- current velocity: 7.059155557342046 (frenet_interface.py:281)
INFO     [2025-01-12 11:41:10] --- current target velocity: 6.721447182823917 (frenet_interface.py:282)
INFO     [2025-01-12 11:41:11] --- Sampled interval of velocity: 0.00 m/s - 12.81 m/s (planner.py:310)
INFO     [2025-01-12 11:41:11] --- select trajectory 21 (reactive_planner_cpp.py:382)
INFO     [2025-01-12 11:41:12] --- current time step: 3 (frenet_interface.py:257)
INFO     [2025-01-12 11:41:12] --- current velocity: 6.824079111182349 (frenet_interface.py:258)
INFO     [2025-01-12 11:41:12] --- current target velocity: 6.717569995800603 (frenet_interface.py:259)
INFO     [2025-01-12 11:41:14] --- Sampled interval of velocity: 0.00 m/s - 12.57 m/s (planner.py:310)
INFO     [2025-01-12 11:41:14] --- current time step: 4 (frenet_interface.py:280)
INFO     [2025-01-12 11:41:14] --- current velocity: 6.599299025701291 (frenet_interface.py:281)
INFO     [2025-01-12 11:41:14] --- current target velocity: 6.715998018129596 (frenet_interface.py:282)
INFO     [2025-01-12 11:41:14] --- Sampled interval of velocity: 0.00 m/s - 12.35 m/s (planner.py:310)
INFO     [2025-01-12 11:41:14] --- current time step: 5 (frenet_interface.py:280)
INFO     [2025-01-12 11:41:14] --- current velocity: 6.385185952382127 (frenet_interface.py:281)
INFO     [2025-01-12 11:41:14] --- current target velocity: 6.716010661709398 (frenet_interface.py:282)
INFO     [2025-01-12 11:41:16] --- Sampled interval of velocity: 0.00 m/s - 12.14 m/s (planner.py:310)
INFO     [2025-01-12 11:41:16] --- select trajectory 131 (reactive_planner_cpp.py:382)
INFO     [2025-01-12 11:41:16] --- current time step: 6 (frenet_interface.py:257)
INFO     [2025-01-12 11:41:16] --- current velocity: 6.291999809045649 (frenet_interface.py:258)
INFO     [2025-01-12 11:41:16] --- current target velocity: 6.717566640390594 (frenet_interface.py:259)
INFO     [2025-01-12 11:41:18] --- Sampled interval of velocity: 0.00 m/s - 12.04 m/s (planner.py:310)
INFO     [2025-01-12 11:41:18] --- current time step: 7 (frenet_interface.py:280)
INFO     [2025-01-12 11:41:18] --- current velocity: 6.218552157171584 (frenet_interface.py:281)
INFO     [2025-01-12 11:41:18] --- current target velocity: 6.720239075317781 (frenet_interface.py:282)
INFO     [2025-01-12 11:41:19] --- Sampled interval of velocity: 0.00 m/s - 11.97 m/s (planner.py:310)
INFO     [2025-01-12 11:41:19] --- current time step: 8 (frenet_interface.py:280)
INFO     [2025-01-12 11:41:19] --- current velocity: 6.162557820834099 (frenet_interface.py:281)
INFO     [2025-01-12 11:41:19] --- current target velocity: 6.72354399199047 (frenet_interface.py:282)
INFO     [2025-01-12 11:41:21] --- Sampled interval of velocity: 0.00 m/s - 11.91 m/s (planner.py:310)
INFO     [2025-01-12 11:41:21] --- select trajectory 121 (reactive_planner_cpp.py:382)
INFO     [2025-01-12 11:41:21] --- current time step: 9 (frenet_interface.py:257)
INFO     [2025-01-12 11:41:21] --- current velocity: 6.103407327588024 (frenet_interface.py:258)
INFO     [2025-01-12 11:41:21] --- current target velocity: 6.727360576894731 (frenet_interface.py:259)
INFO     [2025-01-12 11:41:23] --- Sampled interval of velocity: 0.00 m/s - 11.85 m/s (planner.py:310)
INFO     [2025-01-12 11:41:23] --- current time step: 10 (frenet_interface.py:280)
INFO     [2025-01-12 11:41:23] --- current velocity: 5.982964672734664 (frenet_interface.py:281)
INFO     [2025-01-12 11:41:23] --- current target velocity: 6.731597976813212 (frenet_interface.py:282)
INFO     [2025-01-12 11:41:24] --- Sampled interval of velocity: 0.00 m/s - 11.73 m/s (planner.py:310)
INFO     [2025-01-12 11:41:24] --- current time step: 11 (frenet_interface.py:280)
INFO     [2025-01-12 11:41:24] --- current velocity: 5.815329899476774 (frenet_interface.py:281)
INFO     [2025-01-12 11:41:24] --- current target velocity: 6.736557630459518 (frenet_interface.py:282)
INFO     [2025-01-12 11:41:26] --- Sampled interval of velocity: 0.00 m/s - 11.57 m/s (planner.py:310)
INFO     [2025-01-12 11:41:26] --- select trajectory 11 (reactive_planner_cpp.py:382)
INFO     [2025-01-12 11:41:26] --- current time step: 12 (frenet_interface.py:257)
INFO     [2025-01-12 11:41:26] --- current velocity: 5.703558578210529 (frenet_interface.py:258)
INFO     [2025-01-12 11:41:26] --- current target velocity: 6.742650389583826 (frenet_interface.py:259)
INFO     [2025-01-12 11:41:29] --- Sampled interval of velocity: 0.00 m/s - 11.45 m/s (planner.py:310)
INFO     [2025-01-12 11:41:29] --- current time step: 13 (frenet_interface.py:280)
INFO     [2025-01-12 11:41:29] --- current velocity: 5.558368088443565 (frenet_interface.py:281)
INFO     [2025-01-12 11:41:29] --- current target velocity: 6.749862522291401 (frenet_interface.py:282)
INFO     [2025-01-12 11:41:30] --- Sampled interval of velocity: 0.00 m/s - 11.31 m/s (planner.py:310)
INFO     [2025-01-12 11:41:30] --- current time step: 14 (frenet_interface.py:280)
INFO     [2025-01-12 11:41:30] --- current velocity: 5.384831346818528 (frenet_interface.py:281)
INFO     [2025-01-12 11:41:30] --- current target velocity: 6.758136777886539 (frenet_interface.py:282)
INFO     [2025-01-12 11:41:32] --- Sampled interval of velocity: 0.00 m/s - 11.13 m/s (planner.py:310)
INFO     [2025-01-12 11:41:32] --- select trajectory 111 (reactive_planner_cpp.py:382)
INFO     [2025-01-12 11:41:32] --- current time step: 15 (frenet_interface.py:257)
INFO     [2025-01-12 11:41:32] --- current velocity: 5.247732662106517 (frenet_interface.py:258)
INFO     [2025-01-12 11:41:33] --- current target velocity: 6.767727746360577 (frenet_interface.py:259)
INFO     [2025-01-12 11:41:36] --- Sampled interval of velocity: 0.00 m/s - 11.00 m/s (planner.py:310)
INFO     [2025-01-12 11:41:36] --- current time step: 16 (frenet_interface.py:280)
INFO     [2025-01-12 11:41:36] --- current velocity: 5.034213659580468 (frenet_interface.py:281)
INFO     [2025-01-12 11:41:36] --- current target velocity: 6.77859473560095 (frenet_interface.py:282)
INFO     [2025-01-12 11:41:36] --- Sampled interval of velocity: 0.00 m/s - 10.78 m/s (planner.py:310)
INFO     [2025-01-12 11:41:36] --- current time step: 17 (frenet_interface.py:280)
INFO     [2025-01-12 11:41:36] --- current velocity: 4.7632904419481115 (frenet_interface.py:281)
INFO     [2025-01-12 11:41:36] --- current target velocity: 6.790968194053808 (frenet_interface.py:282)
INFO     [2025-01-12 11:41:39] --- Sampled interval of velocity: 0.00 m/s - 10.51 m/s (planner.py:310)
INFO     [2025-01-12 11:41:39] --- select trajectory 712 (reactive_planner_cpp.py:382)
INFO     [2025-01-12 11:41:39] --- current time step: 18 (frenet_interface.py:257)
INFO     [2025-01-12 11:41:39] --- current velocity: 4.619322579491384 (frenet_interface.py:258)
INFO     [2025-01-12 11:41:39] --- current target velocity: 6.805392843064938 (frenet_interface.py:259)
INFO     [2025-01-12 11:41:42] --- Sampled interval of velocity: 0.00 m/s - 10.37 m/s (planner.py:310)
INFO     [2025-01-12 11:41:42] --- current time step: 19 (frenet_interface.py:280)
INFO     [2025-01-12 11:41:42] --- current velocity: 4.48191530659013 (frenet_interface.py:281)
INFO     [2025-01-12 11:41:42] --- current target velocity: 6.821670550482242 (frenet_interface.py:282)
INFO     [2025-01-12 11:41:43] --- Sampled interval of velocity: 0.00 m/s - 10.23 m/s (planner.py:310)
INFO     [2025-01-12 11:41:43] --- current time step: 20 (frenet_interface.py:280)
INFO     [2025-01-12 11:41:43] --- current velocity: 4.352985305865753 (frenet_interface.py:281)
INFO     [2025-01-12 11:41:43] --- current target velocity: 6.839297042711818 (frenet_interface.py:282)
INFO     [2025-01-12 11:41:45] --- Sampled interval of velocity: 0.00 m/s - 10.10 m/s (planner.py:310)
INFO     [2025-01-12 11:41:45] --- select trajectory 111 (reactive_planner_cpp.py:382)
INFO     [2025-01-12 11:41:45] --- current time step: 21 (frenet_interface.py:257)
INFO     [2025-01-12 11:41:45] --- current velocity: 4.263849001866411 (frenet_interface.py:258)
INFO     [2025-01-12 11:41:45] --- current target velocity: 6.85826248247063 (frenet_interface.py:259)
INFO     [2025-01-12 11:41:48] --- Sampled interval of velocity: 0.00 m/s - 10.01 m/s (planner.py:310)
INFO     [2025-01-12 11:41:48] --- current time step: 22 (frenet_interface.py:280)
INFO     [2025-01-12 11:41:48] --- current velocity: 4.120815423057944 (frenet_interface.py:281)
INFO     [2025-01-12 11:41:48] --- current target velocity: 6.878389094351842 (frenet_interface.py:282)
INFO     [2025-01-12 11:41:49] --- Sampled interval of velocity: 0.00 m/s - 9.87 m/s (planner.py:310)
INFO     [2025-01-12 11:41:49] --- current time step: 23 (frenet_interface.py:280)
INFO     [2025-01-12 11:41:49] --- current velocity: 3.9342156468920777 (frenet_interface.py:281)
INFO     [2025-01-12 11:41:49] --- current target velocity: 6.89982054472383 (frenet_interface.py:282)
INFO     [2025-01-12 11:41:52] --- Sampled interval of velocity: 0.00 m/s - 9.68 m/s (planner.py:310)
INFO     [2025-01-12 11:41:52] --- select trajectory 461 (reactive_planner_cpp.py:382)
INFO     [2025-01-12 11:41:52] --- current time step: 24 (frenet_interface.py:257)
INFO     [2025-01-12 11:41:52] --- current velocity: 3.894348688295575 (frenet_interface.py:258)
INFO     [2025-01-12 11:41:52] --- current target velocity: 6.922961514485983 (frenet_interface.py:259)
INFO     [2025-01-12 11:41:55] --- Sampled interval of velocity: 0.00 m/s - 9.64 m/s (planner.py:310)
INFO     [2025-01-12 11:41:55] --- current time step: 25 (frenet_interface.py:280)
INFO     [2025-01-12 11:41:55] --- current velocity: 3.968057026033279 (frenet_interface.py:281)
INFO     [2025-01-12 11:41:55] --- current target velocity: 6.947506214058703 (frenet_interface.py:282)
INFO     [2025-01-12 11:41:56] --- Sampled interval of velocity: 0.00 m/s - 9.72 m/s (planner.py:310)
INFO     [2025-01-12 11:41:56] --- current time step: 26 (frenet_interface.py:280)
INFO     [2025-01-12 11:41:56] --- current velocity: 4.136790000852019 (frenet_interface.py:281)
INFO     [2025-01-12 11:41:56] --- current target velocity: 6.972296283110104 (frenet_interface.py:282)
INFO     [2025-01-12 11:41:58] --- Sampled interval of velocity: 0.00 m/s - 9.89 m/s (planner.py:310)
INFO     [2025-01-12 11:41:58] --- select trajectory 101 (reactive_planner_cpp.py:382)
INFO     [2025-01-12 11:41:58] --- current time step: 27 (frenet_interface.py:257)
INFO     [2025-01-12 11:41:58] --- current velocity: 4.154062397359756 (frenet_interface.py:258)
INFO     [2025-01-12 11:41:58] --- current target velocity: 6.996474630672739 (frenet_interface.py:259)
INFO     [2025-01-12 11:42:01] --- Sampled interval of velocity: 0.00 m/s - 9.90 m/s (planner.py:310)
INFO     [2025-01-12 11:42:01] --- current time step: 28 (frenet_interface.py:280)
INFO     [2025-01-12 11:42:01] --- current velocity: 4.020830053405201 (frenet_interface.py:281)
INFO     [2025-01-12 11:42:01] --- current target velocity: 7.020084849845833 (frenet_interface.py:282)
INFO     [2025-01-12 11:42:01] --- Sampled interval of velocity: 0.00 m/s - 9.77 m/s (planner.py:310)
INFO     [2025-01-12 11:42:01] --- current time step: 29 (frenet_interface.py:280)
INFO     [2025-01-12 11:42:01] --- current velocity: 3.769009903624793 (frenet_interface.py:281)
INFO     [2025-01-12 11:42:01] --- current target velocity: 7.04456095065509 (frenet_interface.py:282)
INFO     [2025-01-12 11:42:03] --- Sampled interval of velocity: 0.00 m/s - 9.52 m/s (planner.py:310)
WARNING  [2025-01-12 11:42:04] --- No optimal trajectory available. Select stopping trajectory! (reactive_planner_cpp.py:407)
INFO     [2025-01-12 11:42:04] --- current time step: 30 (frenet_interface.py:257)
INFO     [2025-01-12 11:42:04] --- current velocity: 3.583457183973129 (frenet_interface.py:258)
INFO     [2025-01-12 11:42:04] --- current target velocity: 7.071056211360388 (frenet_interface.py:259)
INFO     [2025-01-12 11:42:07] --- Sampled interval of velocity: 0.00 m/s - 9.33 m/s (planner.py:310)
INFO     [2025-01-12 11:42:07] --- current time step: 31 (frenet_interface.py:280)
INFO     [2025-01-12 11:42:07] --- current velocity: 3.3412020108314486 (frenet_interface.py:281)
INFO     [2025-01-12 11:42:07] --- current target velocity: 7.099853303708951 (frenet_interface.py:282)
INFO     [2025-01-12 11:42:07] --- Sampled interval of velocity: 0.00 m/s - 9.09 m/s (planner.py:310)
INFO     [2025-01-12 11:42:07] --- current time step: 32 (frenet_interface.py:280)
INFO     [2025-01-12 11:42:07] --- current velocity: 3.058057435696445 (frenet_interface.py:281)
INFO     [2025-01-12 11:42:07] --- current target velocity: 7.130960999073568 (frenet_interface.py:282)
INFO     [2025-01-12 11:42:10] --- Sampled interval of velocity: 0.00 m/s - 8.81 m/s (planner.py:310)
WARNING  [2025-01-12 11:42:11] --- No optimal trajectory available. Select stopping trajectory! (reactive_planner_cpp.py:407)
INFO     [2025-01-12 11:42:11] --- current time step: 33 (frenet_interface.py:257)
INFO     [2025-01-12 11:42:11] --- current velocity: 2.8634400867719907 (frenet_interface.py:258)
INFO     [2025-01-12 11:42:11] --- current target velocity: 7.164866744155284 (frenet_interface.py:259)
INFO     [2025-01-12 11:42:13] --- Sampled interval of velocity: 0.00 m/s - 8.61 m/s (planner.py:310)
INFO     [2025-01-12 11:42:13] --- current time step: 34 (frenet_interface.py:280)
INFO     [2025-01-12 11:42:13] --- current velocity: 2.5917598587169026 (frenet_interface.py:281)
INFO     [2025-01-12 11:42:13] --- current target velocity: 7.201392802829729 (frenet_interface.py:282)
INFO     [2025-01-12 11:42:13] --- Sampled interval of velocity: 0.00 m/s - 8.34 m/s (planner.py:310)
INFO     [2025-01-12 11:42:13] --- current time step: 35 (frenet_interface.py:280)
INFO     [2025-01-12 11:42:13] --- current velocity: 2.263099852306936 (frenet_interface.py:281)
INFO     [2025-01-12 11:42:13] --- current target velocity: 7.240614937714721 (frenet_interface.py:282)
INFO     [2025-01-12 11:42:16] --- Sampled interval of velocity: 0.00 m/s - 8.01 m/s (planner.py:310)
WARNING  [2025-01-12 11:42:17] --- No optimal trajectory available. Select stopping trajectory! (reactive_planner_cpp.py:407)
INFO     [2025-01-12 11:42:17] --- current time step: 36 (frenet_interface.py:257)
INFO     [2025-01-12 11:42:17] --- current velocity: 2.079020456584787 (frenet_interface.py:258)
INFO     [2025-01-12 11:42:17] --- current target velocity: 7.2630998523069366 (frenet_interface.py:259)
INFO     [2025-01-12 11:42:19] --- Sampled interval of velocity: 0.00 m/s - 7.83 m/s (planner.py:310)
INFO     [2025-01-12 11:42:19] --- current time step: 37 (frenet_interface.py:280)
INFO     [2025-01-12 11:42:19] --- current velocity: 1.8802903925743668 (frenet_interface.py:281)
INFO     [2025-01-12 11:42:19] --- current target velocity: 7.079020456584788 (frenet_interface.py:282)
INFO     [2025-01-12 11:42:20] --- Sampled interval of velocity: 0.00 m/s - 7.63 m/s (planner.py:310)
INFO     [2025-01-12 11:42:20] --- current time step: 38 (frenet_interface.py:280)
INFO     [2025-01-12 11:42:20] --- current velocity: 1.6714335924614654 (frenet_interface.py:281)
INFO     [2025-01-12 11:42:20] --- current target velocity: 6.880290392574366 (frenet_interface.py:282)
