CRITICAL [2025-01-12 11:30:55] --- Start Planner Vehicle ID: 30269 (frenet_interface.py:67)
INFO     [2025-01-12 11:30:57] --- Sampled interval of velocity: 0.00 m/s - 6.08 m/s (planner.py:310)
INFO     [2025-01-12 11:30:57] --- select trajectory 441 (reactive_planner_cpp.py:382)
INFO     [2025-01-12 11:30:57] --- current time step: 0 (frenet_interface.py:257)
INFO     [2025-01-12 11:30:57] --- current velocity: 0.3840801263222469 (frenet_interface.py:258)
INFO     [2025-01-12 11:30:57] --- current target velocity: 4.04090091618786 (frenet_interface.py:259)
INFO     [2025-01-12 11:30:59] --- Sampled interval of velocity: 0.00 m/s - 6.13 m/s (planner.py:310)
INFO     [2025-01-12 11:30:59] --- current time step: 1 (frenet_interface.py:280)
INFO     [2025-01-12 11:30:59] --- current velocity: 0.5257042828450147 (frenet_interface.py:281)
INFO     [2025-01-12 11:30:59] --- current target velocity: 4.065836040361723 (frenet_interface.py:282)
INFO     [2025-01-12 11:30:59] --- Sampled interval of velocity: 0.00 m/s - 6.28 m/s (planner.py:310)
INFO     [2025-01-12 11:30:59] --- current time step: 2 (frenet_interface.py:280)
INFO     [2025-01-12 11:30:59] --- current velocity: 0.7431973904800596 (frenet_interface.py:281)
INFO     [2025-01-12 11:30:59] --- current target velocity: 4.090448187102413 (frenet_interface.py:282)
INFO     [2025-01-12 11:31:00] --- Sampled interval of velocity: 0.00 m/s - 6.49 m/s (planner.py:310)
INFO     [2025-01-12 11:31:00] --- select trajectory 711 (reactive_planner_cpp.py:382)
INFO     [2025-01-12 11:31:00] --- current time step: 3 (frenet_interface.py:257)
INFO     [2025-01-12 11:31:00] --- current velocity: 0.8630459809990402 (frenet_interface.py:258)
INFO     [2025-01-12 11:31:00] --- current target velocity: 4.114159205348292 (frenet_interface.py:259)
INFO     [2025-01-12 11:31:02] --- Sampled interval of velocity: 0.00 m/s - 6.61 m/s (planner.py:310)
INFO     [2025-01-12 11:31:02] --- current time step: 4 (frenet_interface.py:280)
INFO     [2025-01-12 11:31:02] --- current velocity: 0.9725173213898243 (frenet_interface.py:281)
INFO     [2025-01-12 11:31:02] --- current target velocity: 4.136988911764079 (frenet_interface.py:282)
INFO     [2025-01-12 11:31:02] --- Sampled interval of velocity: 0.00 m/s - 6.72 m/s (planner.py:310)
INFO     [2025-01-12 11:31:02] --- current time step: 5 (frenet_interface.py:280)
INFO     [2025-01-12 11:31:02] --- current velocity: 1.0720534262408115 (frenet_interface.py:281)
INFO     [2025-01-12 11:31:02] --- current target velocity: 4.159339828896211 (frenet_interface.py:282)
INFO     [2025-01-12 11:31:03] --- Sampled interval of velocity: 0.00 m/s - 6.82 m/s (planner.py:310)
INFO     [2025-01-12 11:31:03] --- select trajectory 181 (reactive_planner_cpp.py:382)
INFO     [2025-01-12 11:31:03] --- current time step: 6 (frenet_interface.py:257)
INFO     [2025-01-12 11:31:03] --- current velocity: 1.111210910314389 (frenet_interface.py:258)
INFO     [2025-01-12 11:31:03] --- current target velocity: 4.181272895701817 (frenet_interface.py:259)
INFO     [2025-01-12 11:31:04] --- Sampled interval of velocity: 0.00 m/s - 6.86 m/s (planner.py:310)
INFO     [2025-01-12 11:31:04] --- current time step: 7 (frenet_interface.py:280)
INFO     [2025-01-12 11:31:04] --- current velocity: 1.135519063554323 (frenet_interface.py:281)
INFO     [2025-01-12 11:31:04] --- current target velocity: 4.203022909445092 (frenet_interface.py:282)
INFO     [2025-01-12 11:31:06] --- Sampled interval of velocity: 0.00 m/s - 6.89 m/s (planner.py:310)
INFO     [2025-01-12 11:31:06] --- current time step: 8 (frenet_interface.py:280)
INFO     [2025-01-12 11:31:06] --- current velocity: 1.1473021920873394 (frenet_interface.py:281)
INFO     [2025-01-12 11:31:06] --- current target velocity: 4.224857996517742 (frenet_interface.py:282)
INFO     [2025-01-12 11:31:06] --- Sampled interval of velocity: 0.00 m/s - 6.90 m/s (planner.py:310)
INFO     [2025-01-12 11:31:06] --- select trajectory 101 (reactive_planner_cpp.py:382)
INFO     [2025-01-12 11:31:06] --- current time step: 9 (frenet_interface.py:257)
INFO     [2025-01-12 11:31:06] --- current velocity: 1.1432657279647167 (frenet_interface.py:258)
INFO     [2025-01-12 11:31:06] --- current target velocity: 4.246877820565783 (frenet_interface.py:259)
INFO     [2025-01-12 11:31:07] --- Sampled interval of velocity: 0.00 m/s - 6.89 m/s (planner.py:310)
INFO     [2025-01-12 11:31:07] --- current time step: 10 (frenet_interface.py:280)
INFO     [2025-01-12 11:31:07] --- current velocity: 1.1266858914501072 (frenet_interface.py:281)
INFO     [2025-01-12 11:31:07] --- current target velocity: 4.269185220259854 (frenet_interface.py:282)
INFO     [2025-01-12 11:31:08] --- Sampled interval of velocity: 0.00 m/s - 6.88 m/s (planner.py:310)
INFO     [2025-01-12 11:31:08] --- current time step: 11 (frenet_interface.py:280)
INFO     [2025-01-12 11:31:08] --- current velocity: 1.1003018028390492 (frenet_interface.py:281)
INFO     [2025-01-12 11:31:08] --- current target velocity: 4.291892036792274 (frenet_interface.py:282)
INFO     [2025-01-12 11:31:08] --- Sampled interval of velocity: 0.00 m/s - 6.85 m/s (planner.py:310)
INFO     [2025-01-12 11:31:08] --- select trajectory 496 (reactive_planner_cpp.py:382)
INFO     [2025-01-12 11:31:08] --- current time step: 12 (frenet_interface.py:257)
INFO     [2025-01-12 11:31:08] --- current velocity: 1.0711166154936143 (frenet_interface.py:258)
INFO     [2025-01-12 11:31:08] --- current target velocity: 4.3150883775093325 (frenet_interface.py:259)
INFO     [2025-01-12 11:31:11] --- Sampled interval of velocity: 0.00 m/s - 6.82 m/s (planner.py:310)
INFO     [2025-01-12 11:31:11] --- current time step: 13 (frenet_interface.py:280)
INFO     [2025-01-12 11:31:11] --- current velocity: 1.0169827118267125 (frenet_interface.py:281)
INFO     [2025-01-12 11:31:11] --- current target velocity: 4.3388180802965035 (frenet_interface.py:282)
INFO     [2025-01-12 11:31:11] --- Sampled interval of velocity: 0.00 m/s - 6.77 m/s (planner.py:310)
INFO     [2025-01-12 11:31:11] --- current time step: 14 (frenet_interface.py:280)
INFO     [2025-01-12 11:31:11] --- current velocity: 0.942294328860939 (frenet_interface.py:281)
INFO     [2025-01-12 11:31:11] --- current target velocity: 4.363209986308094 (frenet_interface.py:282)
INFO     [2025-01-12 11:31:12] --- Sampled interval of velocity: 0.00 m/s - 6.69 m/s (planner.py:310)
INFO     [2025-01-12 11:31:12] --- select trajectory 196 (reactive_planner_cpp.py:382)
INFO     [2025-01-12 11:31:12] --- current time step: 15 (frenet_interface.py:257)
INFO     [2025-01-12 11:31:12] --- current velocity: 0.8858362139303316 (frenet_interface.py:258)
INFO     [2025-01-12 11:31:12] --- current target velocity: 4.388449091918815 (frenet_interface.py:259)
INFO     [2025-01-12 11:31:14] --- Sampled interval of velocity: 0.00 m/s - 6.64 m/s (planner.py:310)
INFO     [2025-01-12 11:31:14] --- current time step: 16 (frenet_interface.py:280)
INFO     [2025-01-12 11:31:14] --- current velocity: 0.8043105130151357 (frenet_interface.py:281)
INFO     [2025-01-12 11:31:14] --- current target velocity: 4.414554621646215 (frenet_interface.py:282)
INFO     [2025-01-12 11:31:14] --- Sampled interval of velocity: 0.00 m/s - 6.55 m/s (planner.py:310)
INFO     [2025-01-12 11:31:14] --- current time step: 17 (frenet_interface.py:280)
INFO     [2025-01-12 11:31:14] --- current velocity: 0.7041394573267943 (frenet_interface.py:281)
INFO     [2025-01-12 11:31:14] --- current target velocity: 4.4415823685303915 (frenet_interface.py:282)
INFO     [2025-01-12 11:31:15] --- Sampled interval of velocity: 0.00 m/s - 6.45 m/s (planner.py:310)
INFO     [2025-01-12 11:31:15] --- select trajectory 196 (reactive_planner_cpp.py:382)
INFO     [2025-01-12 11:31:15] --- current time step: 18 (frenet_interface.py:257)
INFO     [2025-01-12 11:31:15] --- current velocity: 0.6433967074588847 (frenet_interface.py:258)
INFO     [2025-01-12 11:31:15] --- current target velocity: 4.469720322904201 (frenet_interface.py:259)
INFO     [2025-01-12 11:31:17] --- Sampled interval of velocity: 0.00 m/s - 6.39 m/s (planner.py:310)
INFO     [2025-01-12 11:31:17] --- current time step: 19 (frenet_interface.py:280)
INFO     [2025-01-12 11:31:17] --- current velocity: 0.570986567211564 (frenet_interface.py:281)
INFO     [2025-01-12 11:31:17] --- current target velocity: 4.498911313114248 (frenet_interface.py:282)
INFO     [2025-01-12 11:31:17] --- Sampled interval of velocity: 0.00 m/s - 6.32 m/s (planner.py:310)
INFO     [2025-01-12 11:31:17] --- current time step: 20 (frenet_interface.py:280)
INFO     [2025-01-12 11:31:17] --- current velocity: 0.4905865244578555 (frenet_interface.py:281)
INFO     [2025-01-12 11:31:17] --- current target velocity: 4.529073339081447 (frenet_interface.py:282)
INFO     [2025-01-12 11:31:18] --- Sampled interval of velocity: 0.00 m/s - 6.24 m/s (planner.py:310)
INFO     [2025-01-12 11:31:18] --- select trajectory 786 (reactive_planner_cpp.py:382)
INFO     [2025-01-12 11:31:18] --- current time step: 21 (frenet_interface.py:257)
INFO     [2025-01-12 11:31:18] --- current velocity: 0.45172761878583234 (frenet_interface.py:258)
INFO     [2025-01-12 11:31:18] --- current target velocity: 4.560305954505146 (frenet_interface.py:259)
INFO     [2025-01-12 11:31:19] --- Sampled interval of velocity: 0.00 m/s - 6.20 m/s (planner.py:310)
INFO     [2025-01-12 11:31:19] --- current time step: 22 (frenet_interface.py:280)
INFO     [2025-01-12 11:31:19] --- current velocity: 0.41813607218101795 (frenet_interface.py:281)
INFO     [2025-01-12 11:31:19] --- current target velocity: 4.5925075315964525 (frenet_interface.py:282)
INFO     [2025-01-12 11:31:20] --- Sampled interval of velocity: 0.00 m/s - 6.17 m/s (planner.py:310)
INFO     [2025-01-12 11:31:20] --- current time step: 23 (frenet_interface.py:280)
INFO     [2025-01-12 11:31:20] --- current velocity: 0.38953469461570284 (frenet_interface.py:281)
INFO     [2025-01-12 11:31:20] --- current target velocity: 4.625507563259595 (frenet_interface.py:282)
INFO     [2025-01-12 11:31:20] --- Sampled interval of velocity: 0.00 m/s - 6.14 m/s (planner.py:310)
INFO     [2025-01-12 11:31:20] --- select trajectory 196 (reactive_planner_cpp.py:382)
INFO     [2025-01-12 11:31:20] --- current time step: 24 (frenet_interface.py:257)
INFO     [2025-01-12 11:31:20] --- current velocity: 0.3696592757780427 (frenet_interface.py:258)
INFO     [2025-01-12 11:31:20] --- current target velocity: 4.659284181792659 (frenet_interface.py:259)
INFO     [2025-01-12 11:31:22] --- Sampled interval of velocity: 0.00 m/s - 6.12 m/s (planner.py:310)
INFO     [2025-01-12 11:31:22] --- current time step: 25 (frenet_interface.py:280)
INFO     [2025-01-12 11:31:22] --- current velocity: 0.33813464922300474 (frenet_interface.py:281)
INFO     [2025-01-12 11:31:22] --- current target velocity: 4.693789005732546 (frenet_interface.py:282)
INFO     [2025-01-12 11:31:23] --- Sampled interval of velocity: 0.00 m/s - 6.09 m/s (planner.py:310)
INFO     [2025-01-12 11:31:23] --- current time step: 26 (frenet_interface.py:280)
INFO     [2025-01-12 11:31:23] --- current velocity: 0.29781418741158244 (frenet_interface.py:281)
INFO     [2025-01-12 11:31:23] --- current target velocity: 4.729065758422959 (frenet_interface.py:282)
INFO     [2025-01-12 11:31:23] --- Sampled interval of velocity: 0.00 m/s - 6.05 m/s (planner.py:310)
INFO     [2025-01-12 11:31:23] --- select trajectory 196 (reactive_planner_cpp.py:382)
INFO     [2025-01-12 11:31:23] --- current time step: 27 (frenet_interface.py:257)
INFO     [2025-01-12 11:31:23] --- current velocity: 0.2728154135812731 (frenet_interface.py:258)
INFO     [2025-01-12 11:31:23] --- current target velocity: 4.765217214236466 (frenet_interface.py:259)
INFO     [2025-01-12 11:31:25] --- Sampled interval of velocity: 0.00 m/s - 6.02 m/s (planner.py:310)
INFO     [2025-01-12 11:31:25] --- current time step: 28 (frenet_interface.py:280)
INFO     [2025-01-12 11:31:25] --- current velocity: 0.2426471914698639 (frenet_interface.py:281)
INFO     [2025-01-12 11:31:25] --- current target velocity: 4.802237096027301 (frenet_interface.py:282)
INFO     [2025-01-12 11:31:26] --- Sampled interval of velocity: 0.00 m/s - 5.99 m/s (planner.py:310)
INFO     [2025-01-12 11:31:26] --- current time step: 29 (frenet_interface.py:280)
INFO     [2025-01-12 11:31:26] --- current velocity: 0.20890038811653183 (frenet_interface.py:281)
INFO     [2025-01-12 11:31:26] --- current target velocity: 4.840104942622591 (frenet_interface.py:282)
INFO     [2025-01-12 11:31:26] --- Sampled interval of velocity: 0.00 m/s - 5.96 m/s (planner.py:310)
INFO     [2025-01-12 11:31:26] --- select trajectory 196 (reactive_planner_cpp.py:382)
INFO     [2025-01-12 11:31:26] --- current time step: 30 (frenet_interface.py:257)
INFO     [2025-01-12 11:31:26] --- current velocity: 0.18959300375287264 (frenet_interface.py:258)
INFO     [2025-01-12 11:31:26] --- current target velocity: 4.878878887911074 (frenet_interface.py:259)
INFO     [2025-01-12 11:31:27] --- Sampled interval of velocity: 0.00 m/s - 5.94 m/s (planner.py:310)
INFO     [2025-01-12 11:31:27] --- current time step: 31 (frenet_interface.py:280)
INFO     [2025-01-12 11:31:27] --- current velocity: 0.1673476824801109 (frenet_interface.py:281)
INFO     [2025-01-12 11:31:27] --- current target velocity: 4.9185343596951325 (frenet_interface.py:282)
INFO     [2025-01-12 11:31:28] --- Sampled interval of velocity: 0.00 m/s - 5.92 m/s (planner.py:310)
INFO     [2025-01-12 11:31:28] --- current time step: 32 (frenet_interface.py:280)
INFO     [2025-01-12 11:31:28] --- current velocity: 0.14317089348095102 (frenet_interface.py:281)
INFO     [2025-01-12 11:31:28] --- current target velocity: 4.959045995084398 (frenet_interface.py:282)
INFO     [2025-01-12 11:31:29] --- Sampled interval of velocity: 0.00 m/s - 5.89 m/s (planner.py:310)
INFO     [2025-01-12 11:31:29] --- select trajectory 196 (reactive_planner_cpp.py:382)
INFO     [2025-01-12 11:31:29] --- current time step: 33 (frenet_interface.py:257)
INFO     [2025-01-12 11:31:29] --- current velocity: 0.12960878286960334 (frenet_interface.py:258)
INFO     [2025-01-12 11:31:29] --- current target velocity: 5.000456925065945 (frenet_interface.py:259)
INFO     [2025-01-12 11:31:30] --- Sampled interval of velocity: 0.00 m/s - 5.88 m/s (planner.py:310)
INFO     [2025-01-12 11:31:30] --- current time step: 34 (frenet_interface.py:280)
INFO     [2025-01-12 11:31:30] --- current velocity: 0.11417397810669278 (frenet_interface.py:281)
INFO     [2025-01-12 11:31:30] --- current target velocity: 5.042751563486128 (frenet_interface.py:282)
INFO     [2025-01-12 11:31:30] --- Sampled interval of velocity: 0.00 m/s - 5.86 m/s (planner.py:310)
INFO     [2025-01-12 11:31:30] --- current time step: 35 (frenet_interface.py:280)
INFO     [2025-01-12 11:31:30] --- current velocity: 0.0975332094302308 (frenet_interface.py:281)
INFO     [2025-01-12 11:31:30] --- current target velocity: 5.085915879782868 (frenet_interface.py:282)
INFO     [2025-01-12 11:31:31] --- Sampled interval of velocity: 0.00 m/s - 5.85 m/s (planner.py:310)
INFO     [2025-01-12 11:31:31] --- select trajectory 96 (reactive_planner_cpp.py:382)
INFO     [2025-01-12 11:31:31] --- current time step: 36 (frenet_interface.py:257)
INFO     [2025-01-12 11:31:31] --- current velocity: 0.08903149412816352 (frenet_interface.py:258)
INFO     [2025-01-12 11:31:31] --- current target velocity: 5.097533209430231 (frenet_interface.py:259)
INFO     [2025-01-12 11:31:32] --- Sampled interval of velocity: 0.00 m/s - 5.84 m/s (planner.py:310)
INFO     [2025-01-12 11:31:32] --- current time step: 37 (frenet_interface.py:280)
INFO     [2025-01-12 11:31:32] --- current velocity: 0.08058724783697534 (frenet_interface.py:281)
INFO     [2025-01-12 11:31:32] --- current target velocity: 5.089031494128164 (frenet_interface.py:282)
INFO     [2025-01-12 11:31:33] --- Sampled interval of velocity: 0.00 m/s - 5.83 m/s (planner.py:310)
INFO     [2025-01-12 11:31:33] --- current time step: 38 (frenet_interface.py:280)
INFO     [2025-01-12 11:31:33] --- current velocity: 0.07225955924525557 (frenet_interface.py:281)
INFO     [2025-01-12 11:31:33] --- current target velocity: 5.080587247836975 (frenet_interface.py:282)
INFO     [2025-01-12 11:31:33] --- Sampled interval of velocity: 0.00 m/s - 5.82 m/s (planner.py:310)
INFO     [2025-01-12 11:31:33] --- select trajectory 96 (reactive_planner_cpp.py:382)
INFO     [2025-01-12 11:31:33] --- current time step: 39 (frenet_interface.py:257)
INFO     [2025-01-12 11:31:33] --- current velocity: 0.06789499705784051 (frenet_interface.py:258)
INFO     [2025-01-12 11:31:33] --- current target velocity: 5.072259559245255 (frenet_interface.py:259)
INFO     [2025-01-12 11:31:35] --- Sampled interval of velocity: 0.00 m/s - 5.82 m/s (planner.py:310)
INFO     [2025-01-12 11:31:35] --- current time step: 40 (frenet_interface.py:280)
INFO     [2025-01-12 11:31:35] --- current velocity: 0.06310996644033494 (frenet_interface.py:281)
INFO     [2025-01-12 11:31:35] --- current target velocity: 5.067894997057841 (frenet_interface.py:282)
INFO     [2025-01-12 11:31:35] --- Sampled interval of velocity: 0.00 m/s - 5.81 m/s (planner.py:310)
INFO     [2025-01-12 11:31:35] --- current time step: 41 (frenet_interface.py:280)
INFO     [2025-01-12 11:31:35] --- current velocity: 0.05799288168202231 (frenet_interface.py:281)
INFO     [2025-01-12 11:31:35] --- current target velocity: 5.063109966440335 (frenet_interface.py:282)
INFO     [2025-01-12 11:31:36] --- Sampled interval of velocity: 0.00 m/s - 5.81 m/s (planner.py:310)
INFO     [2025-01-12 11:31:36] --- select trajectory 496 (reactive_planner_cpp.py:382)
INFO     [2025-01-12 11:31:36] --- current time step: 42 (frenet_interface.py:257)
INFO     [2025-01-12 11:31:36] --- current velocity: 0.0548971195340407 (frenet_interface.py:258)
INFO     [2025-01-12 11:31:36] --- current target velocity: 5.057992881682022 (frenet_interface.py:259)
INFO     [2025-01-12 11:31:38] --- Sampled interval of velocity: 0.00 m/s - 5.80 m/s (planner.py:310)
INFO     [2025-01-12 11:31:38] --- current time step: 43 (frenet_interface.py:280)
INFO     [2025-01-12 11:31:38] --- current velocity: 0.05097602454994262 (frenet_interface.py:281)
INFO     [2025-01-12 11:31:38] --- current target velocity: 5.054897119534041 (frenet_interface.py:282)
INFO     [2025-01-12 11:31:38] --- Sampled interval of velocity: 0.00 m/s - 5.80 m/s (planner.py:310)
INFO     [2025-01-12 11:31:38] --- current time step: 44 (frenet_interface.py:280)
INFO     [2025-01-12 11:31:38] --- current velocity: 0.04639842385289346 (frenet_interface.py:281)
INFO     [2025-01-12 11:31:38] --- current target velocity: 5.050976024549943 (frenet_interface.py:282)
INFO     [2025-01-12 11:31:39] --- Sampled interval of velocity: 0.00 m/s - 5.80 m/s (planner.py:310)
INFO     [2025-01-12 11:31:39] --- select trajectory 496 (reactive_planner_cpp.py:382)
INFO     [2025-01-12 11:31:39] --- current time step: 45 (frenet_interface.py:257)
INFO     [2025-01-12 11:31:39] --- current velocity: 0.04364587750176157 (frenet_interface.py:258)
INFO     [2025-01-12 11:31:39] --- current target velocity: 5.046398423852893 (frenet_interface.py:259)
INFO     [2025-01-12 11:31:40] --- Sampled interval of velocity: 0.00 m/s - 5.79 m/s (planner.py:310)
INFO     [2025-01-12 11:31:40] --- current time step: 46 (frenet_interface.py:280)
INFO     [2025-01-12 11:31:40] --- current velocity: 0.04032068748463572 (frenet_interface.py:281)
INFO     [2025-01-12 11:31:40] --- current target velocity: 5.043645877501762 (frenet_interface.py:282)
INFO     [2025-01-12 11:31:40] --- Sampled interval of velocity: 0.00 m/s - 5.79 m/s (planner.py:310)
INFO     [2025-01-12 11:31:40] --- current time step: 47 (frenet_interface.py:280)
INFO     [2025-01-12 11:31:40] --- current velocity: 0.036547160936481936 (frenet_interface.py:281)
INFO     [2025-01-12 11:31:40] --- current target velocity: 5.040320687484636 (frenet_interface.py:282)
INFO     [2025-01-12 11:31:41] --- Sampled interval of velocity: 0.00 m/s - 5.79 m/s (planner.py:310)
INFO     [2025-01-12 11:31:41] --- select trajectory 496 (reactive_planner_cpp.py:382)
INFO     [2025-01-12 11:31:41] --- current time step: 48 (frenet_interface.py:257)
INFO     [2025-01-12 11:31:41] --- current velocity: 0.034323348723333556 (frenet_interface.py:258)
INFO     [2025-01-12 11:31:41] --- current target velocity: 5.036547160936482 (frenet_interface.py:259)
INFO     [2025-01-12 11:31:43] --- Sampled interval of velocity: 0.00 m/s - 5.78 m/s (planner.py:310)
INFO     [2025-01-12 11:31:43] --- current time step: 49 (frenet_interface.py:280)
INFO     [2025-01-12 11:31:43] --- current velocity: 0.03167143708114668 (frenet_interface.py:281)
INFO     [2025-01-12 11:31:43] --- current target velocity: 5.034323348723333 (frenet_interface.py:282)
INFO     [2025-01-12 11:31:43] --- Sampled interval of velocity: 0.00 m/s - 5.78 m/s (planner.py:310)
INFO     [2025-01-12 11:31:43] --- current time step: 50 (frenet_interface.py:280)
INFO     [2025-01-12 11:31:43] --- current velocity: 0.02868632506961191 (frenet_interface.py:281)
INFO     [2025-01-12 11:31:43] --- current target velocity: 5.031671437081147 (frenet_interface.py:282)
INFO     [2025-01-12 11:31:44] --- Sampled interval of velocity: 0.00 m/s - 5.78 m/s (planner.py:310)
INFO     [2025-01-12 11:31:44] --- select trajectory 496 (reactive_planner_cpp.py:382)
INFO     [2025-01-12 11:31:44] --- current time step: 51 (frenet_interface.py:257)
INFO     [2025-01-12 11:31:44] --- current velocity: 0.026937598211688275 (frenet_interface.py:258)
INFO     [2025-01-12 11:31:44] --- current target velocity: 5.028686325069612 (frenet_interface.py:259)
INFO     [2025-01-12 11:31:45] --- Sampled interval of velocity: 0.00 m/s - 5.78 m/s (planner.py:310)
INFO     [2025-01-12 11:31:45] --- current time step: 52 (frenet_interface.py:280)
INFO     [2025-01-12 11:31:45] --- current velocity: 0.024860377325636528 (frenet_interface.py:281)
INFO     [2025-01-12 11:31:45] --- current target velocity: 5.026937598211688 (frenet_interface.py:282)
INFO     [2025-01-12 11:31:46] --- Sampled interval of velocity: 0.00 m/s - 5.77 m/s (planner.py:310)
INFO     [2025-01-12 11:31:46] --- current time step: 53 (frenet_interface.py:280)
INFO     [2025-01-12 11:31:46] --- current velocity: 0.022527983312087416 (frenet_interface.py:281)
INFO     [2025-01-12 11:31:46] --- current target velocity: 5.024860377325637 (frenet_interface.py:282)
