CRITICAL [2025-01-12 11:33:02] --- Start Planner Vehicle ID: 30746 (frenet_interface.py:67)
INFO     [2025-01-12 11:33:08] --- Sampled interval of velocity: 0.00 m/s - 6.82 m/s (planner.py:310)
INFO     [2025-01-12 11:33:08] --- select trajectory 711 (reactive_planner_cpp.py:382)
INFO     [2025-01-12 11:33:08] --- current time step: 0 (frenet_interface.py:257)
INFO     [2025-01-12 11:33:08] --- current velocity: 1.0746630071910561 (frenet_interface.py:258)
INFO     [2025-01-12 11:33:08] --- current target velocity: 1.3480400152829728 (frenet_interface.py:259)
INFO     [2025-01-12 11:33:11] --- Sampled interval of velocity: 0.00 m/s - 6.82 m/s (planner.py:310)
INFO     [2025-01-12 11:33:11] --- current time step: 1 (frenet_interface.py:280)
INFO     [2025-01-12 11:33:11] --- current velocity: 1.080668660789882 (frenet_interface.py:281)
INFO     [2025-01-12 11:33:11] --- current target velocity: 1.3498940895520972 (frenet_interface.py:282)
INFO     [2025-01-12 11:33:11] --- Sampled interval of velocity: 0.00 m/s - 6.83 m/s (planner.py:310)
INFO     [2025-01-12 11:33:11] --- current time step: 2 (frenet_interface.py:280)
INFO     [2025-01-12 11:33:11] --- current velocity: 1.0903351077686048 (frenet_interface.py:281)
INFO     [2025-01-12 11:33:11] --- current target velocity: 1.3517457284831333 (frenet_interface.py:282)
INFO     [2025-01-12 11:33:13] --- Sampled interval of velocity: 0.00 m/s - 6.84 m/s (planner.py:310)
INFO     [2025-01-12 11:33:13] --- select trajectory 711 (reactive_planner_cpp.py:382)
INFO     [2025-01-12 11:33:13] --- current time step: 3 (frenet_interface.py:257)
INFO     [2025-01-12 11:33:13] --- current velocity: 1.0976800227103476 (frenet_interface.py:258)
INFO     [2025-01-12 11:33:13] --- current target velocity: 1.3535688565648296 (frenet_interface.py:259)
INFO     [2025-01-12 11:33:16] --- Sampled interval of velocity: 0.00 m/s - 6.85 m/s (planner.py:310)
INFO     [2025-01-12 11:33:16] --- current time step: 4 (frenet_interface.py:280)
INFO     [2025-01-12 11:33:16] --- current velocity: 1.1081620761996163 (frenet_interface.py:281)
INFO     [2025-01-12 11:33:16] --- current target velocity: 1.35535828012504 (frenet_interface.py:282)
INFO     [2025-01-12 11:33:16] --- Sampled interval of velocity: 0.00 m/s - 6.86 m/s (planner.py:310)
INFO     [2025-01-12 11:33:16] --- current time step: 5 (frenet_interface.py:280)
INFO     [2025-01-12 11:33:16] --- current velocity: 1.121543773374402 (frenet_interface.py:281)
INFO     [2025-01-12 11:33:16] --- current target velocity: 1.3571104809769692 (frenet_interface.py:282)
INFO     [2025-01-12 11:33:17] --- Sampled interval of velocity: 0.00 m/s - 6.87 m/s (planner.py:310)
INFO     [2025-01-12 11:33:17] --- select trajectory 781 (reactive_planner_cpp.py:382)
INFO     [2025-01-12 11:33:17] --- current time step: 6 (frenet_interface.py:257)
INFO     [2025-01-12 11:33:17] --- current velocity: 1.1284373305129738 (frenet_interface.py:258)
INFO     [2025-01-12 11:33:17] --- current target velocity: 1.3588035778907754 (frenet_interface.py:259)
INFO     [2025-01-12 11:33:20] --- Sampled interval of velocity: 0.00 m/s - 6.88 m/s (planner.py:310)
INFO     [2025-01-12 11:33:20] --- current time step: 7 (frenet_interface.py:280)
INFO     [2025-01-12 11:33:20] --- current velocity: 1.1344187719745318 (frenet_interface.py:281)
INFO     [2025-01-12 11:33:20] --- current target velocity: 1.3604469186449675 (frenet_interface.py:282)
INFO     [2025-01-12 11:33:20] --- Sampled interval of velocity: 0.00 m/s - 6.88 m/s (planner.py:310)
INFO     [2025-01-12 11:33:20] --- current time step: 8 (frenet_interface.py:280)
INFO     [2025-01-12 11:33:20] --- current velocity: 1.1395247362536678 (frenet_interface.py:281)
INFO     [2025-01-12 11:33:20] --- current target velocity: 1.3620680168492139 (frenet_interface.py:282)
INFO     [2025-01-12 11:33:22] --- Sampled interval of velocity: 0.00 m/s - 6.89 m/s (planner.py:310)
INFO     [2025-01-12 11:33:22] --- select trajectory 281 (reactive_planner_cpp.py:382)
INFO     [2025-01-12 11:33:22] --- current time step: 9 (frenet_interface.py:257)
INFO     [2025-01-12 11:33:22] --- current velocity: 1.141654917797113 (frenet_interface.py:258)
INFO     [2025-01-12 11:33:22] --- current target velocity: 1.3636728954653432 (frenet_interface.py:259)
INFO     [2025-01-12 11:33:25] --- Sampled interval of velocity: 0.00 m/s - 6.89 m/s (planner.py:310)
INFO     [2025-01-12 11:33:25] --- current time step: 10 (frenet_interface.py:280)
INFO     [2025-01-12 11:33:25] --- current velocity: 1.1433568458285002 (frenet_interface.py:281)
INFO     [2025-01-12 11:33:25] --- current target velocity: 1.3652753158085342 (frenet_interface.py:282)
INFO     [2025-01-12 11:33:26] --- Sampled interval of velocity: 0.00 m/s - 6.89 m/s (planner.py:310)
INFO     [2025-01-12 11:33:26] --- current time step: 11 (frenet_interface.py:280)
INFO     [2025-01-12 11:33:26] --- current velocity: 1.1446646481897509 (frenet_interface.py:281)
INFO     [2025-01-12 11:33:26] --- current target velocity: 1.3668873395709444 (frenet_interface.py:282)
INFO     [2025-01-12 11:33:27] --- Sampled interval of velocity: 0.00 m/s - 6.89 m/s (planner.py:310)
INFO     [2025-01-12 11:33:27] --- select trajectory 711 (reactive_planner_cpp.py:382)
INFO     [2025-01-12 11:33:27] --- current time step: 12 (frenet_interface.py:257)
INFO     [2025-01-12 11:33:27] --- current velocity: 1.1470927301846021 (frenet_interface.py:258)
INFO     [2025-01-12 11:33:27] --- current target velocity: 1.3685121881225246 (frenet_interface.py:259)
INFO     [2025-01-12 11:33:29] --- Sampled interval of velocity: 0.00 m/s - 6.90 m/s (planner.py:310)
INFO     [2025-01-12 11:33:29] --- current time step: 13 (frenet_interface.py:280)
INFO     [2025-01-12 11:33:29] --- current velocity: 1.153054738664126 (frenet_interface.py:281)
INFO     [2025-01-12 11:33:29] --- current target velocity: 1.3701499195601021 (frenet_interface.py:282)
INFO     [2025-01-12 11:33:30] --- Sampled interval of velocity: 0.00 m/s - 6.90 m/s (planner.py:310)
INFO     [2025-01-12 11:33:30] --- current time step: 14 (frenet_interface.py:280)
INFO     [2025-01-12 11:33:30] --- current velocity: 1.1622969509011074 (frenet_interface.py:281)
INFO     [2025-01-12 11:33:30] --- current target velocity: 1.371780904804663 (frenet_interface.py:282)
INFO     [2025-01-12 11:33:31] --- Sampled interval of velocity: 0.00 m/s - 6.91 m/s (planner.py:310)
INFO     [2025-01-12 11:33:31] --- select trajectory 781 (reactive_planner_cpp.py:382)
INFO     [2025-01-12 11:33:31] --- current time step: 15 (frenet_interface.py:257)
INFO     [2025-01-12 11:33:31] --- current velocity: 1.1673551900224455 (frenet_interface.py:258)
INFO     [2025-01-12 11:33:31] --- current target velocity: 1.3733795437933445 (frenet_interface.py:259)
INFO     [2025-01-12 11:33:34] --- Sampled interval of velocity: 0.00 m/s - 6.92 m/s (planner.py:310)
INFO     [2025-01-12 11:33:34] --- current time step: 16 (frenet_interface.py:280)
INFO     [2025-01-12 11:33:34] --- current velocity: 1.1717508417327165 (frenet_interface.py:281)
INFO     [2025-01-12 11:33:34] --- current target velocity: 1.3749462326345476 (frenet_interface.py:282)
INFO     [2025-01-12 11:33:34] --- Sampled interval of velocity: 0.00 m/s - 6.92 m/s (planner.py:310)
INFO     [2025-01-12 11:33:34] --- current time step: 17 (frenet_interface.py:280)
INFO     [2025-01-12 11:33:34] --- current velocity: 1.1754919544647762 (frenet_interface.py:281)
INFO     [2025-01-12 11:33:34] --- current target velocity: 1.3765011320958034 (frenet_interface.py:282)
INFO     [2025-01-12 11:33:35] --- Sampled interval of velocity: 0.00 m/s - 6.93 m/s (planner.py:310)
INFO     [2025-01-12 11:33:35] --- select trajectory 581 (reactive_planner_cpp.py:382)
INFO     [2025-01-12 11:33:35] --- current time step: 18 (frenet_interface.py:257)
INFO     [2025-01-12 11:33:35] --- current velocity: 1.177090492883204 (frenet_interface.py:258)
INFO     [2025-01-12 11:33:35] --- current target velocity: 1.378049043805937 (frenet_interface.py:259)
INFO     [2025-01-12 11:33:37] --- Sampled interval of velocity: 0.00 m/s - 6.93 m/s (planner.py:310)
INFO     [2025-01-12 11:33:37] --- current time step: 19 (frenet_interface.py:280)
INFO     [2025-01-12 11:33:37] --- current velocity: 1.1784338904839338 (frenet_interface.py:281)
INFO     [2025-01-12 11:33:37] --- current target velocity: 1.3796007259571337 (frenet_interface.py:282)
INFO     [2025-01-12 11:33:38] --- Sampled interval of velocity: 0.00 m/s - 6.93 m/s (planner.py:310)
INFO     [2025-01-12 11:33:38] --- current time step: 20 (frenet_interface.py:280)
INFO     [2025-01-12 11:33:38] --- current velocity: 1.1795382825267084 (frenet_interface.py:281)
INFO     [2025-01-12 11:33:38] --- current target velocity: 1.3811652667812155 (frenet_interface.py:282)
INFO     [2025-01-12 11:33:39] --- Sampled interval of velocity: 0.00 m/s - 6.93 m/s (planner.py:310)
INFO     [2025-01-12 11:33:39] --- select trajectory 281 (reactive_planner_cpp.py:382)
INFO     [2025-01-12 11:33:39] --- current time step: 21 (frenet_interface.py:257)
INFO     [2025-01-12 11:33:39] --- current velocity: 1.1799889458314388 (frenet_interface.py:258)
INFO     [2025-01-12 11:33:39] --- current target velocity: 1.3827448306606671 (frenet_interface.py:259)
INFO     [2025-01-12 11:33:41] --- Sampled interval of velocity: 0.00 m/s - 6.93 m/s (planner.py:310)
INFO     [2025-01-12 11:33:41] --- current time step: 22 (frenet_interface.py:280)
INFO     [2025-01-12 11:33:41] --- current velocity: 1.1803415154093808 (frenet_interface.py:281)
INFO     [2025-01-12 11:33:41] --- current target velocity: 1.384343311617538 (frenet_interface.py:282)
INFO     [2025-01-12 11:33:42] --- Sampled interval of velocity: 0.00 m/s - 6.93 m/s (planner.py:310)
INFO     [2025-01-12 11:33:42] --- current time step: 23 (frenet_interface.py:280)
INFO     [2025-01-12 11:33:42] --- current velocity: 1.1806052725251726 (frenet_interface.py:281)
INFO     [2025-01-12 11:33:42] --- current target velocity: 1.3859640154266413 (frenet_interface.py:282)
INFO     [2025-01-12 11:33:43] --- Sampled interval of velocity: 0.00 m/s - 6.93 m/s (planner.py:310)
INFO     [2025-01-12 11:33:43] --- select trajectory 81 (reactive_planner_cpp.py:382)
INFO     [2025-01-12 11:33:43] --- current time step: 24 (frenet_interface.py:257)
INFO     [2025-01-12 11:33:43] --- current velocity: 1.1807008969857697 (frenet_interface.py:258)
INFO     [2025-01-12 11:33:43] --- current target velocity: 1.3876081722811864 (frenet_interface.py:259)
INFO     [2025-01-12 11:33:45] --- Sampled interval of velocity: 0.00 m/s - 6.93 m/s (planner.py:310)
INFO     [2025-01-12 11:33:45] --- current time step: 25 (frenet_interface.py:280)
INFO     [2025-01-12 11:33:45] --- current velocity: 1.1807673598956598 (frenet_interface.py:281)
INFO     [2025-01-12 11:33:45] --- current target velocity: 1.3892773909471874 (frenet_interface.py:282)
