CRITICAL [2025-01-12 11:41:42] --- Start Planner Vehicle ID: 20069 (frenet_interface.py:67)
INFO     [2025-01-12 11:41:48] --- Sampled interval of velocity: 0.00 m/s - 16.53 m/s (planner.py:310)
INFO     [2025-01-12 11:41:48] --- select trajectory 470 (reactive_planner_cpp.py:382)
INFO     [2025-01-12 11:41:48] --- current time step: 0 (frenet_interface.py:257)
INFO     [2025-01-12 11:41:48] --- current velocity: 10.888686144666998 (frenet_interface.py:258)
INFO     [2025-01-12 11:41:48] --- current target velocity: 8.564562948793402 (frenet_interface.py:259)
INFO     [2025-01-12 11:41:50] --- Sampled interval of velocity: 0.00 m/s - 16.64 m/s (planner.py:310)
INFO     [2025-01-12 11:41:50] --- current time step: 1 (frenet_interface.py:280)
INFO     [2025-01-12 11:41:50] --- current velocity: 11.082670786559326 (frenet_interface.py:281)
INFO     [2025-01-12 11:41:50] --- current target velocity: 8.553145945408836 (frenet_interface.py:282)
INFO     [2025-01-12 11:41:50] --- Sampled interval of velocity: 0.00 m/s - 16.83 m/s (planner.py:310)
INFO     [2025-01-12 11:41:50] --- current time step: 2 (frenet_interface.py:280)
INFO     [2025-01-12 11:41:50] --- current velocity: 11.346141887396081 (frenet_interface.py:281)
INFO     [2025-01-12 11:41:50] --- current target velocity: 8.540835876516647 (frenet_interface.py:282)
INFO     [2025-01-12 11:41:51] --- Sampled interval of velocity: 0.00 m/s - 17.10 m/s (planner.py:310)
INFO     [2025-01-12 11:41:51] --- select trajectory 531 (reactive_planner_cpp.py:382)
INFO     [2025-01-12 11:41:51] --- current time step: 3 (frenet_interface.py:257)
INFO     [2025-01-12 11:41:51] --- current velocity: 11.469418859536667 (frenet_interface.py:258)
INFO     [2025-01-12 11:41:51] --- current target velocity: 8.527250013576193 (frenet_interface.py:259)
INFO     [2025-01-12 11:41:53] --- Sampled interval of velocity: 0.00 m/s - 17.22 m/s (planner.py:310)
INFO     [2025-01-12 11:41:53] --- current time step: 4 (frenet_interface.py:280)
INFO     [2025-01-12 11:41:53] --- current velocity: 11.547317149304368 (frenet_interface.py:281)
INFO     [2025-01-12 11:41:53] --- current target velocity: 8.512515052735573 (frenet_interface.py:282)
INFO     [2025-01-12 11:41:54] --- Sampled interval of velocity: 0.00 m/s - 17.30 m/s (planner.py:310)
INFO     [2025-01-12 11:41:54] --- current time step: 5 (frenet_interface.py:280)
INFO     [2025-01-12 11:41:54] --- current velocity: 11.582234319156974 (frenet_interface.py:281)
INFO     [2025-01-12 11:41:54] --- current target velocity: 8.497124904909072 (frenet_interface.py:282)
INFO     [2025-01-12 11:41:55] --- Sampled interval of velocity: 0.00 m/s - 17.33 m/s (planner.py:310)
INFO     [2025-01-12 11:41:55] --- select trajectory 431 (reactive_planner_cpp.py:382)
INFO     [2025-01-12 11:41:55] --- current time step: 6 (frenet_interface.py:257)
INFO     [2025-01-12 11:41:55] --- current velocity: 11.5418595750774 (frenet_interface.py:258)
INFO     [2025-01-12 11:41:55] --- current target velocity: 8.481286551158739 (frenet_interface.py:259)
INFO     [2025-01-12 11:41:56] --- Sampled interval of velocity: 0.00 m/s - 17.29 m/s (planner.py:310)
INFO     [2025-01-12 11:41:56] --- current time step: 7 (frenet_interface.py:280)
INFO     [2025-01-12 11:41:56] --- current velocity: 11.41938870089345 (frenet_interface.py:281)
INFO     [2025-01-12 11:41:56] --- current target velocity: 8.46526135588557 (frenet_interface.py:282)
INFO     [2025-01-12 11:41:57] --- Sampled interval of velocity: 0.00 m/s - 17.17 m/s (planner.py:310)
INFO     [2025-01-12 11:41:57] --- current time step: 8 (frenet_interface.py:280)
INFO     [2025-01-12 11:41:57] --- current velocity: 11.2312563501195 (frenet_interface.py:281)
INFO     [2025-01-12 11:41:57] --- current target velocity: 8.449462675318696 (frenet_interface.py:282)
INFO     [2025-01-12 11:41:58] --- Sampled interval of velocity: 0.00 m/s - 16.98 m/s (planner.py:310)
INFO     [2025-01-12 11:41:58] --- select trajectory 431 (reactive_planner_cpp.py:382)
INFO     [2025-01-12 11:41:58] --- current time step: 9 (frenet_interface.py:257)
INFO     [2025-01-12 11:41:58] --- current velocity: 11.091571492468535 (frenet_interface.py:258)
INFO     [2025-01-12 11:41:58] --- current target velocity: 8.434272002725214 (frenet_interface.py:259)
INFO     [2025-01-12 11:41:59] --- Sampled interval of velocity: 0.00 m/s - 16.84 m/s (planner.py:310)
INFO     [2025-01-12 11:41:59] --- current time step: 10 (frenet_interface.py:280)
INFO     [2025-01-12 11:41:59] --- current velocity: 10.904813299077858 (frenet_interface.py:281)
INFO     [2025-01-12 11:41:59] --- current target velocity: 8.419739388892582 (frenet_interface.py:282)
INFO     [2025-01-12 11:41:59] --- Sampled interval of velocity: 0.00 m/s - 16.65 m/s (planner.py:310)
INFO     [2025-01-12 11:41:59] --- current time step: 11 (frenet_interface.py:280)
INFO     [2025-01-12 11:41:59] --- current velocity: 10.68419301669229 (frenet_interface.py:281)
INFO     [2025-01-12 11:41:59] --- current target velocity: 8.405865863781617 (frenet_interface.py:282)
INFO     [2025-01-12 11:42:00] --- Sampled interval of velocity: 0.00 m/s - 16.43 m/s (planner.py:310)
INFO     [2025-01-12 11:42:00] --- select trajectory 131 (reactive_planner_cpp.py:382)
INFO     [2025-01-12 11:42:00] --- current time step: 12 (frenet_interface.py:257)
INFO     [2025-01-12 11:42:00] --- current velocity: 10.526338843494896 (frenet_interface.py:258)
INFO     [2025-01-12 11:42:00] --- current target velocity: 8.392882996477688 (frenet_interface.py:259)
INFO     [2025-01-12 11:42:02] --- Sampled interval of velocity: 0.00 m/s - 16.28 m/s (planner.py:310)
INFO     [2025-01-12 11:42:02] --- current time step: 13 (frenet_interface.py:280)
INFO     [2025-01-12 11:42:02] --- current velocity: 10.30752344229889 (frenet_interface.py:281)
INFO     [2025-01-12 11:42:02] --- current target velocity: 8.380721325623849 (frenet_interface.py:282)
INFO     [2025-01-12 11:42:02] --- Sampled interval of velocity: 0.00 m/s - 16.06 m/s (planner.py:310)
INFO     [2025-01-12 11:42:02] --- current time step: 14 (frenet_interface.py:280)
INFO     [2025-01-12 11:42:02] --- current velocity: 10.044113225173527 (frenet_interface.py:281)
INFO     [2025-01-12 11:42:02] --- current target velocity: 8.369438034626231 (frenet_interface.py:282)
INFO     [2025-01-12 11:42:03] --- Sampled interval of velocity: 0.00 m/s - 15.79 m/s (planner.py:310)
INFO     [2025-01-12 11:42:03] --- select trajectory 431 (reactive_planner_cpp.py:382)
INFO     [2025-01-12 11:42:03] --- current time step: 15 (frenet_interface.py:257)
INFO     [2025-01-12 11:42:03] --- current velocity: 9.894171070117277 (frenet_interface.py:258)
INFO     [2025-01-12 11:42:03] --- current target velocity: 8.35936004947483 (frenet_interface.py:259)
INFO     [2025-01-12 11:42:04] --- Sampled interval of velocity: 0.00 m/s - 15.64 m/s (planner.py:310)
INFO     [2025-01-12 11:42:04] --- current time step: 16 (frenet_interface.py:280)
INFO     [2025-01-12 11:42:04] --- current velocity: 9.725468975508628 (frenet_interface.py:281)
INFO     [2025-01-12 11:42:04] --- current target velocity: 8.35033485529877 (frenet_interface.py:282)
INFO     [2025-01-12 11:42:05] --- Sampled interval of velocity: 0.00 m/s - 15.48 m/s (planner.py:310)
INFO     [2025-01-12 11:42:05] --- current time step: 17 (frenet_interface.py:280)
INFO     [2025-01-12 11:42:05] --- current velocity: 9.542080320089438 (frenet_interface.py:281)
INFO     [2025-01-12 11:42:05] --- current target velocity: 8.34212388856689 (frenet_interface.py:282)
INFO     [2025-01-12 11:42:05] --- Sampled interval of velocity: 0.00 m/s - 15.29 m/s (planner.py:310)
INFO     [2025-01-12 11:42:05] --- select trajectory 331 (reactive_planner_cpp.py:382)
INFO     [2025-01-12 11:42:05] --- current time step: 18 (frenet_interface.py:257)
INFO     [2025-01-12 11:42:05] --- current velocity: 9.449440302282177 (frenet_interface.py:258)
INFO     [2025-01-12 11:42:05] --- current target velocity: 8.334841892636652 (frenet_interface.py:259)
INFO     [2025-01-12 11:42:06] --- Sampled interval of velocity: 0.00 m/s - 15.20 m/s (planner.py:310)
INFO     [2025-01-12 11:42:06] --- current time step: 19 (frenet_interface.py:280)
INFO     [2025-01-12 11:42:06] --- current velocity: 9.351759604194068 (frenet_interface.py:281)
INFO     [2025-01-12 11:42:06] --- current target velocity: 8.328297576772322 (frenet_interface.py:282)
INFO     [2025-01-12 11:42:07] --- Sampled interval of velocity: 0.00 m/s - 15.10 m/s (planner.py:310)
INFO     [2025-01-12 11:42:07] --- current time step: 20 (frenet_interface.py:280)
INFO     [2025-01-12 11:42:07] --- current velocity: 9.249682749022172 (frenet_interface.py:281)
INFO     [2025-01-12 11:42:07] --- current target velocity: 8.32225627383229 (frenet_interface.py:282)
INFO     [2025-01-12 11:42:07] --- Sampled interval of velocity: 0.00 m/s - 15.00 m/s (planner.py:310)
INFO     [2025-01-12 11:42:07] --- select trajectory 636 (reactive_planner_cpp.py:382)
INFO     [2025-01-12 11:42:07] --- current time step: 21 (frenet_interface.py:257)
INFO     [2025-01-12 11:42:07] --- current velocity: 9.197336689134387 (frenet_interface.py:258)
INFO     [2025-01-12 11:42:07] --- current target velocity: 8.316745330910422 (frenet_interface.py:259)
INFO     [2025-01-12 11:42:08] --- Sampled interval of velocity: 0.00 m/s - 14.95 m/s (planner.py:310)
INFO     [2025-01-12 11:42:08] --- current time step: 22 (frenet_interface.py:280)
INFO     [2025-01-12 11:42:08] --- current velocity: 9.138531345243177 (frenet_interface.py:281)
INFO     [2025-01-12 11:42:08] --- current target velocity: 8.311636875154178 (frenet_interface.py:282)
INFO     [2025-01-12 11:42:09] --- Sampled interval of velocity: 0.00 m/s - 14.89 m/s (planner.py:310)
INFO     [2025-01-12 11:42:09] --- current time step: 23 (frenet_interface.py:280)
INFO     [2025-01-12 11:42:09] --- current velocity: 9.07381240232537 (frenet_interface.py:281)
INFO     [2025-01-12 11:42:09] --- current target velocity: 8.306806989709825 (frenet_interface.py:282)
INFO     [2025-01-12 11:42:10] --- Sampled interval of velocity: 0.00 m/s - 14.82 m/s (planner.py:310)
INFO     [2025-01-12 11:42:10] --- select trajectory 731 (reactive_planner_cpp.py:382)
INFO     [2025-01-12 11:42:10] --- current time step: 24 (frenet_interface.py:257)
INFO     [2025-01-12 11:42:10] --- current velocity: 9.036802383946569 (frenet_interface.py:258)
INFO     [2025-01-12 11:42:10] --- current target velocity: 8.302284690725228 (frenet_interface.py:259)
INFO     [2025-01-12 11:42:11] --- Sampled interval of velocity: 0.00 m/s - 14.79 m/s (planner.py:310)
INFO     [2025-01-12 11:42:11] --- current time step: 25 (frenet_interface.py:280)
INFO     [2025-01-12 11:42:11] --- current velocity: 8.99364440925326 (frenet_interface.py:281)
INFO     [2025-01-12 11:42:11] --- current target velocity: 8.298003122725321 (frenet_interface.py:282)
INFO     [2025-01-12 11:42:12] --- Sampled interval of velocity: 0.00 m/s - 14.74 m/s (planner.py:310)
INFO     [2025-01-12 11:42:12] --- current time step: 26 (frenet_interface.py:280)
INFO     [2025-01-12 11:42:12] --- current velocity: 8.945588572419593 (frenet_interface.py:281)
INFO     [2025-01-12 11:42:12] --- current target velocity: 8.293902595105445 (frenet_interface.py:282)
INFO     [2025-01-12 11:42:13] --- Sampled interval of velocity: 0.00 m/s - 14.70 m/s (planner.py:310)
INFO     [2025-01-12 11:42:13] --- select trajectory 241 (reactive_planner_cpp.py:382)
INFO     [2025-01-12 11:42:13] --- current time step: 27 (frenet_interface.py:257)
INFO     [2025-01-12 11:42:13] --- current velocity: 8.92358504168892 (frenet_interface.py:258)
INFO     [2025-01-12 11:42:13] --- current target velocity: 8.290019792022028 (frenet_interface.py:259)
INFO     [2025-01-12 11:42:14] --- Sampled interval of velocity: 0.00 m/s - 14.67 m/s (planner.py:310)
INFO     [2025-01-12 11:42:14] --- current time step: 28 (frenet_interface.py:280)
INFO     [2025-01-12 11:42:14] --- current velocity: 8.906376365060163 (frenet_interface.py:281)
INFO     [2025-01-12 11:42:14] --- current target velocity: 8.286305163003355 (frenet_interface.py:282)
INFO     [2025-01-12 11:42:15] --- Sampled interval of velocity: 0.00 m/s - 14.66 m/s (planner.py:310)
INFO     [2025-01-12 11:42:15] --- current time step: 29 (frenet_interface.py:280)
INFO     [2025-01-12 11:42:15] --- current velocity: 8.893606606250547 (frenet_interface.py:281)
INFO     [2025-01-12 11:42:15] --- current target velocity: 8.282668022496384 (frenet_interface.py:282)
INFO     [2025-01-12 11:42:16] --- Sampled interval of velocity: 0.00 m/s - 14.64 m/s (planner.py:310)
INFO     [2025-01-12 11:42:16] --- select trajectory 241 (reactive_planner_cpp.py:382)
INFO     [2025-01-12 11:42:16] --- current time step: 30 (frenet_interface.py:257)
INFO     [2025-01-12 11:42:16] --- current velocity: 8.88978003248827 (frenet_interface.py:258)
INFO     [2025-01-12 11:42:16] --- current target velocity: 8.279082990530629 (frenet_interface.py:259)
INFO     [2025-01-12 11:42:17] --- Sampled interval of velocity: 0.00 m/s - 14.64 m/s (planner.py:310)
INFO     [2025-01-12 11:42:17] --- current time step: 31 (frenet_interface.py:280)
INFO     [2025-01-12 11:42:17] --- current velocity: 8.887197961969408 (frenet_interface.py:281)
INFO     [2025-01-12 11:42:17] --- current target velocity: 8.275511298376632 (frenet_interface.py:282)
INFO     [2025-01-12 11:42:18] --- Sampled interval of velocity: 0.00 m/s - 14.64 m/s (planner.py:310)
INFO     [2025-01-12 11:42:18] --- current time step: 32 (frenet_interface.py:280)
INFO     [2025-01-12 11:42:18] --- current velocity: 8.88546385902299 (frenet_interface.py:281)
INFO     [2025-01-12 11:42:18] --- current target velocity: 8.271925668524982 (frenet_interface.py:282)
INFO     [2025-01-12 11:42:19] --- Sampled interval of velocity: 0.00 m/s - 14.64 m/s (planner.py:310)
INFO     [2025-01-12 11:42:19] --- select trajectory 41 (reactive_planner_cpp.py:382)
INFO     [2025-01-12 11:42:19] --- current time step: 33 (frenet_interface.py:257)
INFO     [2025-01-12 11:42:19] --- current velocity: 8.885262703724441 (frenet_interface.py:258)
INFO     [2025-01-12 11:42:19] --- current target velocity: 8.268319481964108 (frenet_interface.py:259)
INFO     [2025-01-12 11:42:20] --- Sampled interval of velocity: 0.00 m/s - 14.64 m/s (planner.py:310)
INFO     [2025-01-12 11:42:20] --- current time step: 34 (frenet_interface.py:280)
INFO     [2025-01-12 11:42:20] --- current velocity: 8.884635218736088 (frenet_interface.py:281)
INFO     [2025-01-12 11:42:20] --- current target velocity: 8.264682868920024 (frenet_interface.py:282)
INFO     [2025-01-12 11:42:21] --- Sampled interval of velocity: 0.00 m/s - 14.63 m/s (planner.py:310)
INFO     [2025-01-12 11:42:21] --- current time step: 35 (frenet_interface.py:280)
INFO     [2025-01-12 11:42:21] --- current velocity: 8.883480252900613 (frenet_interface.py:281)
INFO     [2025-01-12 11:42:21] --- current target velocity: 8.261008499880774 (frenet_interface.py:282)
INFO     [2025-01-12 11:42:22] --- Sampled interval of velocity: 0.00 m/s - 14.63 m/s (planner.py:310)
INFO     [2025-01-12 11:42:22] --- select trajectory 731 (reactive_planner_cpp.py:382)
INFO     [2025-01-12 11:42:22] --- current time step: 36 (frenet_interface.py:257)
INFO     [2025-01-12 11:42:22] --- current velocity: 8.877079613050205 (frenet_interface.py:258)
INFO     [2025-01-12 11:42:22] --- current target velocity: 8.257293936653975 (frenet_interface.py:259)
INFO     [2025-01-12 11:42:23] --- Sampled interval of velocity: 0.00 m/s - 14.63 m/s (planner.py:310)
INFO     [2025-01-12 11:42:23] --- current time step: 37 (frenet_interface.py:280)
INFO     [2025-01-12 11:42:23] --- current velocity: 8.860734098168118 (frenet_interface.py:281)
INFO     [2025-01-12 11:42:23] --- current target velocity: 8.25354667717987 (frenet_interface.py:282)
INFO     [2025-01-12 11:42:23] --- Sampled interval of velocity: 0.00 m/s - 14.61 m/s (planner.py:310)
INFO     [2025-01-12 11:42:23] --- current time step: 38 (frenet_interface.py:280)
INFO     [2025-01-12 11:42:23] --- current velocity: 8.834570876627648 (frenet_interface.py:281)
INFO     [2025-01-12 11:42:23] --- current target velocity: 8.249815969943382 (frenet_interface.py:282)
INFO     [2025-01-12 11:42:24] --- Sampled interval of velocity: 0.00 m/s - 14.58 m/s (planner.py:310)
INFO     [2025-01-12 11:42:24] --- select trajectory 741 (reactive_planner_cpp.py:382)
INFO     [2025-01-12 11:42:24] --- current time step: 39 (frenet_interface.py:257)
INFO     [2025-01-12 11:42:24] --- current velocity: 8.818111166863847 (frenet_interface.py:258)
INFO     [2025-01-12 11:42:24] --- current target velocity: 8.24616000231595 (frenet_interface.py:259)
INFO     [2025-01-12 11:42:27] --- Sampled interval of velocity: 0.00 m/s - 14.57 m/s (planner.py:310)
INFO     [2025-01-12 11:42:27] --- current time step: 40 (frenet_interface.py:280)
INFO     [2025-01-12 11:42:27] --- current velocity: 8.80321117417435 (frenet_interface.py:281)
INFO     [2025-01-12 11:42:27] --- current target velocity: 8.242579619291982 (frenet_interface.py:282)
INFO     [2025-01-12 11:42:28] --- Sampled interval of velocity: 0.00 m/s - 14.55 m/s (planner.py:310)
INFO     [2025-01-12 11:42:28] --- current time step: 41 (frenet_interface.py:280)
INFO     [2025-01-12 11:42:28] --- current velocity: 8.79050820782903 (frenet_interface.py:281)
INFO     [2025-01-12 11:42:28] --- current target velocity: 8.239031192408728 (frenet_interface.py:282)
INFO     [2025-01-12 11:42:29] --- Sampled interval of velocity: 0.00 m/s - 14.54 m/s (planner.py:310)
INFO     [2025-01-12 11:42:29] --- select trajectory 341 (reactive_planner_cpp.py:382)
INFO     [2025-01-12 11:42:29] --- current time step: 42 (frenet_interface.py:257)
INFO     [2025-01-12 11:42:29] --- current velocity: 8.78446402324429 (frenet_interface.py:258)
INFO     [2025-01-12 11:42:29] --- current target velocity: 8.235504314511308 (frenet_interface.py:259)
INFO     [2025-01-12 11:42:31] --- Sampled interval of velocity: 0.00 m/s - 14.53 m/s (planner.py:310)
INFO     [2025-01-12 11:42:31] --- current time step: 43 (frenet_interface.py:280)
INFO     [2025-01-12 11:42:31] --- current velocity: 8.780359792930192 (frenet_interface.py:281)
INFO     [2025-01-12 11:42:31] --- current target velocity: 8.231975616524469 (frenet_interface.py:282)
INFO     [2025-01-12 11:42:31] --- Sampled interval of velocity: 0.00 m/s - 14.53 m/s (planner.py:310)
INFO     [2025-01-12 11:42:31] --- current time step: 44 (frenet_interface.py:280)
INFO     [2025-01-12 11:42:31] --- current velocity: 8.777874936752688 (frenet_interface.py:281)
INFO     [2025-01-12 11:42:31] --- current target velocity: 8.228425121579592 (frenet_interface.py:282)
INFO     [2025-01-12 11:42:33] --- Sampled interval of velocity: 0.00 m/s - 14.53 m/s (planner.py:310)
INFO     [2025-01-12 11:42:33] --- select trajectory 241 (reactive_planner_cpp.py:382)
INFO     [2025-01-12 11:42:33] --- current time step: 45 (frenet_interface.py:257)
INFO     [2025-01-12 11:42:33] --- current velocity: 8.777330005046128 (frenet_interface.py:258)
INFO     [2025-01-12 11:42:33] --- current target velocity: 8.224847903888676 (frenet_interface.py:259)
INFO     [2025-01-12 11:42:35] --- Sampled interval of velocity: 0.00 m/s - 14.53 m/s (planner.py:310)
INFO     [2025-01-12 11:42:35] --- current time step: 46 (frenet_interface.py:280)
INFO     [2025-01-12 11:42:35] --- current velocity: 8.776834909275339 (frenet_interface.py:281)
INFO     [2025-01-12 11:42:35] --- current target velocity: 8.221235825035137 (frenet_interface.py:282)
INFO     [2025-01-12 11:42:36] --- Sampled interval of velocity: 0.00 m/s - 14.53 m/s (planner.py:310)
INFO     [2025-01-12 11:42:36] --- current time step: 47 (frenet_interface.py:280)
INFO     [2025-01-12 11:42:36] --- current velocity: 8.77625051737327 (frenet_interface.py:281)
INFO     [2025-01-12 11:42:36] --- current target velocity: 8.217582439925254 (frenet_interface.py:282)
INFO     [2025-01-12 11:42:36] --- Sampled interval of velocity: 0.00 m/s - 14.53 m/s (planner.py:310)
INFO     [2025-01-12 11:42:37] --- select trajectory 41 (reactive_planner_cpp.py:382)
INFO     [2025-01-12 11:42:37] --- current time step: 48 (frenet_interface.py:257)
INFO     [2025-01-12 11:42:37] --- current velocity: 8.775866581093766 (frenet_interface.py:258)
INFO     [2025-01-12 11:42:37] --- current target velocity: 8.21388555349059 (frenet_interface.py:259)
INFO     [2025-01-12 11:42:38] --- Sampled interval of velocity: 0.00 m/s - 14.53 m/s (planner.py:310)
INFO     [2025-01-12 11:42:38] --- current time step: 49 (frenet_interface.py:280)
INFO     [2025-01-12 11:42:38] --- current velocity: 8.775464936453421 (frenet_interface.py:281)
INFO     [2025-01-12 11:42:38] --- current target velocity: 8.210142244649989 (frenet_interface.py:282)
INFO     [2025-01-12 11:42:38] --- Sampled interval of velocity: 0.00 m/s - 14.53 m/s (planner.py:310)
INFO     [2025-01-12 11:42:38] --- current time step: 50 (frenet_interface.py:280)
INFO     [2025-01-12 11:42:38] --- current velocity: 8.775138233714545 (frenet_interface.py:281)
INFO     [2025-01-12 11:42:38] --- current target velocity: 8.206350114939141 (frenet_interface.py:282)
INFO     [2025-01-12 11:42:39] --- Sampled interval of velocity: 0.00 m/s - 14.53 m/s (planner.py:310)
INFO     [2025-01-12 11:42:39] --- select trajectory 41 (reactive_planner_cpp.py:382)
INFO     [2025-01-12 11:42:39] --- current time step: 51 (frenet_interface.py:257)
INFO     [2025-01-12 11:42:39] --- current velocity: 8.774951524030774 (frenet_interface.py:258)
INFO     [2025-01-12 11:42:39] --- current target velocity: 8.202507797746692 (frenet_interface.py:259)
INFO     [2025-01-12 11:42:41] --- Sampled interval of velocity: 0.00 m/s - 14.52 m/s (planner.py:310)
INFO     [2025-01-12 11:42:41] --- current time step: 52 (frenet_interface.py:280)
INFO     [2025-01-12 11:42:41] --- current velocity: 8.774823495502824 (frenet_interface.py:281)
INFO     [2025-01-12 11:42:41] --- current target velocity: 8.198613785928362 (frenet_interface.py:282)
INFO     [2025-01-12 11:42:42] --- Sampled interval of velocity: 0.00 m/s - 14.52 m/s (planner.py:310)
INFO     [2025-01-12 11:42:42] --- current time step: 53 (frenet_interface.py:280)
INFO     [2025-01-12 11:42:42] --- current velocity: 8.774765394209762 (frenet_interface.py:281)
INFO     [2025-01-12 11:42:42] --- current target velocity: 8.1946667132582 (frenet_interface.py:282)
INFO     [2025-01-12 11:42:43] --- Sampled interval of velocity: 0.00 m/s - 14.52 m/s (planner.py:310)
INFO     [2025-01-12 11:42:43] --- select trajectory 731 (reactive_planner_cpp.py:382)
INFO     [2025-01-12 11:42:43] --- current time step: 54 (frenet_interface.py:257)
INFO     [2025-01-12 11:42:43] --- current velocity: 8.769853817365027 (frenet_interface.py:258)
INFO     [2025-01-12 11:42:43] --- current target velocity: 8.190665407362332 (frenet_interface.py:259)
INFO     [2025-01-12 11:42:45] --- Sampled interval of velocity: 0.00 m/s - 14.52 m/s (planner.py:310)
INFO     [2025-01-12 11:42:45] --- current time step: 55 (frenet_interface.py:280)
INFO     [2025-01-12 11:42:45] --- current velocity: 8.755566296144869 (frenet_interface.py:281)
INFO     [2025-01-12 11:42:45] --- current target velocity: 8.186620115957714 (frenet_interface.py:282)
INFO     [2025-01-12 11:42:45] --- Sampled interval of velocity: 0.00 m/s - 14.51 m/s (planner.py:310)
INFO     [2025-01-12 11:42:45] --- current time step: 56 (frenet_interface.py:280)
INFO     [2025-01-12 11:42:45] --- current velocity: 8.732535009714255 (frenet_interface.py:281)
INFO     [2025-01-12 11:42:45] --- current target velocity: 8.182586056051711 (frenet_interface.py:282)
INFO     [2025-01-12 11:42:46] --- Sampled interval of velocity: 0.00 m/s - 14.48 m/s (planner.py:310)
INFO     [2025-01-12 11:42:46] --- select trajectory 741 (reactive_planner_cpp.py:382)
INFO     [2025-01-12 11:42:46] --- current time step: 57 (frenet_interface.py:257)
INFO     [2025-01-12 11:42:46] --- current velocity: 8.719816705186394 (frenet_interface.py:258)
INFO     [2025-01-12 11:42:46] --- current target velocity: 8.178627341715293 (frenet_interface.py:259)
INFO     [2025-01-12 11:42:47] --- Sampled interval of velocity: 0.00 m/s - 14.47 m/s (planner.py:310)
INFO     [2025-01-12 11:42:47] --- current time step: 58 (frenet_interface.py:280)
INFO     [2025-01-12 11:42:47] --- current velocity: 8.708768531941374 (frenet_interface.py:281)
INFO     [2025-01-12 11:42:47] --- current target velocity: 8.174745424890007 (frenet_interface.py:282)
INFO     [2025-01-12 11:42:47] --- Sampled interval of velocity: 0.00 m/s - 14.46 m/s (planner.py:310)
INFO     [2025-01-12 11:42:47] --- current time step: 59 (frenet_interface.py:280)
INFO     [2025-01-12 11:42:47] --- current velocity: 8.699318832665668 (frenet_interface.py:281)
INFO     [2025-01-12 11:42:47] --- current target velocity: 8.170892688057997 (frenet_interface.py:282)
INFO     [2025-01-12 11:42:48] --- Sampled interval of velocity: 0.00 m/s - 14.45 m/s (planner.py:310)
INFO     [2025-01-12 11:42:48] --- select trajectory 341 (reactive_planner_cpp.py:382)
INFO     [2025-01-12 11:42:48] --- current time step: 60 (frenet_interface.py:257)
INFO     [2025-01-12 11:42:48] --- current velocity: 8.695299075257624 (frenet_interface.py:258)
INFO     [2025-01-12 11:42:48] --- current target velocity: 8.167057684197674 (frenet_interface.py:259)
INFO     [2025-01-12 11:42:49] --- Sampled interval of velocity: 0.00 m/s - 14.45 m/s (planner.py:310)
INFO     [2025-01-12 11:42:49] --- current time step: 61 (frenet_interface.py:280)
INFO     [2025-01-12 11:42:49] --- current velocity: 8.691984410150942 (frenet_interface.py:281)
INFO     [2025-01-12 11:42:49] --- current target velocity: 8.163214707614713 (frenet_interface.py:282)
INFO     [2025-01-12 11:42:49] --- Sampled interval of velocity: 0.00 m/s - 14.44 m/s (planner.py:310)
INFO     [2025-01-12 11:42:49] --- current time step: 62 (frenet_interface.py:280)
INFO     [2025-01-12 11:42:49] --- current velocity: 8.689339737197502 (frenet_interface.py:281)
INFO     [2025-01-12 11:42:49] --- current target velocity: 8.15934168871717 (frenet_interface.py:282)
INFO     [2025-01-12 11:42:49] --- Sampled interval of velocity: 0.00 m/s - 14.44 m/s (planner.py:310)
INFO     [2025-01-12 11:42:49] --- select trajectory 241 (reactive_planner_cpp.py:382)
INFO     [2025-01-12 11:42:49] --- current time step: 63 (frenet_interface.py:257)
INFO     [2025-01-12 11:42:49] --- current velocity: 8.688264930815322 (frenet_interface.py:258)
INFO     [2025-01-12 11:42:49] --- current target velocity: 8.155433018506702 (frenet_interface.py:259)
INFO     [2025-01-12 11:42:50] --- Sampled interval of velocity: 0.00 m/s - 14.44 m/s (planner.py:310)
INFO     [2025-01-12 11:42:50] --- current time step: 64 (frenet_interface.py:280)
INFO     [2025-01-12 11:42:50] --- current velocity: 8.687414115397052 (frenet_interface.py:281)
INFO     [2025-01-12 11:42:50] --- current target velocity: 8.151479530041605 (frenet_interface.py:282)
INFO     [2025-01-12 11:42:51] --- Sampled interval of velocity: 0.00 m/s - 14.44 m/s (planner.py:310)
INFO     [2025-01-12 11:42:51] --- current time step: 65 (frenet_interface.py:280)
INFO     [2025-01-12 11:42:51] --- current velocity: 8.68679301687308 (frenet_interface.py:281)
INFO     [2025-01-12 11:42:51] --- current target velocity: 8.147473882523585 (frenet_interface.py:282)
INFO     [2025-01-12 11:42:51] --- Sampled interval of velocity: 0.00 m/s - 14.44 m/s (planner.py:310)
INFO     [2025-01-12 11:42:51] --- select trajectory 241 (reactive_planner_cpp.py:382)
INFO     [2025-01-12 11:42:51] --- current time step: 66 (frenet_interface.py:257)
INFO     [2025-01-12 11:42:51] --- current velocity: 8.686609118096182 (frenet_interface.py:258)
INFO     [2025-01-12 11:42:51] --- current target velocity: 8.143413385118286 (frenet_interface.py:259)
INFO     [2025-01-12 11:42:52] --- Sampled interval of velocity: 0.00 m/s - 14.44 m/s (planner.py:310)
INFO     [2025-01-12 11:42:52] --- current time step: 67 (frenet_interface.py:280)
INFO     [2025-01-12 11:42:52] --- current velocity: 8.68652498068501 (frenet_interface.py:281)
INFO     [2025-01-12 11:42:52] --- current target velocity: 8.139294540704608 (frenet_interface.py:282)
INFO     [2025-01-12 11:42:53] --- Sampled interval of velocity: 0.00 m/s - 14.44 m/s (planner.py:310)
INFO     [2025-01-12 11:42:53] --- current time step: 68 (frenet_interface.py:280)
INFO     [2025-01-12 11:42:53] --- current velocity: 8.686507715853391 (frenet_interface.py:281)
INFO     [2025-01-12 11:42:53] --- current target velocity: 8.13511445060463 (frenet_interface.py:282)
INFO     [2025-01-12 11:42:53] --- Sampled interval of velocity: 0.00 m/s - 14.44 m/s (planner.py:310)
INFO     [2025-01-12 11:42:53] --- select trajectory 41 (reactive_planner_cpp.py:382)
INFO     [2025-01-12 11:42:53] --- current time step: 69 (frenet_interface.py:257)
INFO     [2025-01-12 11:42:53] --- current velocity: 8.68656806268962 (frenet_interface.py:258)
INFO     [2025-01-12 11:42:53] --- current target velocity: 8.130871339316817 (frenet_interface.py:259)
INFO     [2025-01-12 11:42:54] --- Sampled interval of velocity: 0.00 m/s - 14.44 m/s (planner.py:310)
INFO     [2025-01-12 11:42:54] --- current time step: 70 (frenet_interface.py:280)
INFO     [2025-01-12 11:42:54] --- current velocity: 8.6865944289553 (frenet_interface.py:281)
INFO     [2025-01-12 11:42:54] --- current target velocity: 8.126563200224433 (frenet_interface.py:282)
INFO     [2025-01-12 11:42:55] --- Sampled interval of velocity: 0.00 m/s - 14.44 m/s (planner.py:310)
INFO     [2025-01-12 11:42:55] --- current time step: 71 (frenet_interface.py:280)
INFO     [2025-01-12 11:42:55] --- current velocity: 8.686578083164955 (frenet_interface.py:281)
INFO     [2025-01-12 11:42:55] --- current target velocity: 8.122188122712707 (frenet_interface.py:282)
INFO     [2025-01-12 11:42:55] --- Sampled interval of velocity: 0.00 m/s - 14.44 m/s (planner.py:310)
INFO     [2025-01-12 11:42:55] --- select trajectory 731 (reactive_planner_cpp.py:382)
INFO     [2025-01-12 11:42:55] --- current time step: 72 (frenet_interface.py:257)
INFO     [2025-01-12 11:42:55] --- current velocity: 8.68176621364407 (frenet_interface.py:258)
INFO     [2025-01-12 11:42:55] --- current target velocity: 8.117744425898646 (frenet_interface.py:259)
INFO     [2025-01-12 11:42:56] --- Sampled interval of velocity: 0.00 m/s - 14.43 m/s (planner.py:310)
INFO     [2025-01-12 11:42:56] --- current time step: 73 (frenet_interface.py:280)
INFO     [2025-01-12 11:42:56] --- current velocity: 8.667815056782578 (frenet_interface.py:281)
INFO     [2025-01-12 11:42:56] --- current target velocity: 8.113243077022084 (frenet_interface.py:282)
INFO     [2025-01-12 11:42:56] --- Sampled interval of velocity: 0.00 m/s - 14.42 m/s (planner.py:310)
INFO     [2025-01-12 11:42:56] --- current time step: 74 (frenet_interface.py:280)
INFO     [2025-01-12 11:42:56] --- current velocity: 8.645384631155379 (frenet_interface.py:281)
INFO     [2025-01-12 11:42:56] --- current target velocity: 8.108745025224174 (frenet_interface.py:282)
