CRITICAL [2025-01-12 11:44:04] --- Start Planner Vehicle ID: 20062 (frenet_interface.py:67)
INFO     [2025-01-12 11:44:11] --- Sampled interval of velocity: 0.00 m/s - 12.56 m/s (planner.py:310)
INFO     [2025-01-12 11:44:11] --- select trajectory 101 (reactive_planner_cpp.py:382)
INFO     [2025-01-12 11:44:11] --- current time step: 0 (frenet_interface.py:257)
INFO     [2025-01-12 11:44:11] --- current velocity: 6.704990057048719 (frenet_interface.py:258)
INFO     [2025-01-12 11:44:11] --- current target velocity: 1.881066019907011 (frenet_interface.py:259)
INFO     [2025-01-12 11:44:15] --- Sampled interval of velocity: 0.00 m/s - 12.45 m/s (planner.py:310)
INFO     [2025-01-12 11:44:15] --- current time step: 1 (frenet_interface.py:280)
INFO     [2025-01-12 11:44:15] --- current velocity: 6.379636701321422 (frenet_interface.py:281)
INFO     [2025-01-12 11:44:15] --- current target velocity: 1.8563312513338017 (frenet_interface.py:282)
INFO     [2025-01-12 11:44:17] --- Sampled interval of velocity: 0.00 m/s - 12.13 m/s (planner.py:310)
INFO     [2025-01-12 11:44:17] --- current time step: 2 (frenet_interface.py:280)
INFO     [2025-01-12 11:44:17] --- current velocity: 5.8842680981429645 (frenet_interface.py:281)
INFO     [2025-01-12 11:44:17] --- current target velocity: 1.8324615654247522 (frenet_interface.py:282)
INFO     [2025-01-12 11:44:20] --- Sampled interval of velocity: 0.00 m/s - 11.63 m/s (planner.py:310)
INFO     [2025-01-12 11:44:20] --- select trajectory 101 (reactive_planner_cpp.py:382)
INFO     [2025-01-12 11:44:20] --- current time step: 3 (frenet_interface.py:257)
INFO     [2025-01-12 11:44:20] --- current velocity: 5.547914432698955 (frenet_interface.py:258)
INFO     [2025-01-12 11:44:20] --- current target velocity: 1.8104619438996916 (frenet_interface.py:259)
INFO     [2025-01-12 11:44:23] --- Sampled interval of velocity: 0.00 m/s - 11.30 m/s (planner.py:310)
INFO     [2025-01-12 11:44:24] --- current time step: 4 (frenet_interface.py:280)
INFO     [2025-01-12 11:44:24] --- current velocity: 5.120490996575018 (frenet_interface.py:281)
INFO     [2025-01-12 11:44:24] --- current target velocity: 1.790387609717448 (frenet_interface.py:282)
INFO     [2025-01-12 11:44:26] --- Sampled interval of velocity: 0.00 m/s - 10.87 m/s (planner.py:310)
INFO     [2025-01-12 11:44:26] --- current time step: 5 (frenet_interface.py:280)
INFO     [2025-01-12 11:44:26] --- current velocity: 4.627921817868569 (frenet_interface.py:281)
INFO     [2025-01-12 11:44:26] --- current target velocity: 1.7720863160784008 (frenet_interface.py:282)
INFO     [2025-01-12 11:44:28] --- Sampled interval of velocity: 0.00 m/s - 10.38 m/s (planner.py:310)
INFO     [2025-01-12 11:44:28] --- select trajectory 101 (reactive_planner_cpp.py:382)
INFO     [2025-01-12 11:44:28] --- current time step: 6 (frenet_interface.py:257)
INFO     [2025-01-12 11:44:28] --- current velocity: 4.336955173322671 (frenet_interface.py:258)
INFO     [2025-01-12 11:44:28] --- current target velocity: 1.7559902546597326 (frenet_interface.py:259)
INFO     [2025-01-12 11:44:31] --- Sampled interval of velocity: 0.00 m/s - 10.09 m/s (planner.py:310)
INFO     [2025-01-12 11:44:31] --- current time step: 7 (frenet_interface.py:280)
INFO     [2025-01-12 11:44:31] --- current velocity: 3.9919907992565102 (frenet_interface.py:281)
INFO     [2025-01-12 11:44:31] --- current target velocity: 1.7417626464519047 (frenet_interface.py:282)
INFO     [2025-01-12 11:44:33] --- Sampled interval of velocity: 0.00 m/s - 9.74 m/s (planner.py:310)
INFO     [2025-01-12 11:44:33] --- current time step: 8 (frenet_interface.py:280)
INFO     [2025-01-12 11:44:33] --- current velocity: 3.610244808217709 (frenet_interface.py:281)
INFO     [2025-01-12 11:44:33] --- current target velocity: 1.7290584419317072 (frenet_interface.py:282)
INFO     [2025-01-12 11:44:36] --- Sampled interval of velocity: 0.00 m/s - 9.36 m/s (planner.py:310)
INFO     [2025-01-12 11:44:36] --- select trajectory 401 (reactive_planner_cpp.py:382)
INFO     [2025-01-12 11:44:36] --- current time step: 9 (frenet_interface.py:257)
INFO     [2025-01-12 11:44:36] --- current velocity: 3.404656029693282 (frenet_interface.py:258)
INFO     [2025-01-12 11:44:36] --- current target velocity: 1.7181405387501691 (frenet_interface.py:259)
INFO     [2025-01-12 11:44:38] --- Sampled interval of velocity: 0.00 m/s - 9.15 m/s (planner.py:310)
INFO     [2025-01-12 11:44:38] --- current time step: 10 (frenet_interface.py:280)
INFO     [2025-01-12 11:44:38] --- current velocity: 3.185365282598125 (frenet_interface.py:281)
INFO     [2025-01-12 11:44:38] --- current target velocity: 1.7086663052354392 (frenet_interface.py:282)
INFO     [2025-01-12 11:44:40] --- Sampled interval of velocity: 0.00 m/s - 8.94 m/s (planner.py:310)
INFO     [2025-01-12 11:44:40] --- current time step: 11 (frenet_interface.py:280)
INFO     [2025-01-12 11:44:40] --- current velocity: 2.957003620076758 (frenet_interface.py:281)
INFO     [2025-01-12 11:44:40] --- current target velocity: 1.7002233631187256 (frenet_interface.py:282)
INFO     [2025-01-12 11:44:42] --- Sampled interval of velocity: 0.00 m/s - 8.71 m/s (planner.py:310)
INFO     [2025-01-12 11:44:42] --- select trajectory 701 (reactive_planner_cpp.py:382)
INFO     [2025-01-12 11:44:42] --- current time step: 12 (frenet_interface.py:257)
INFO     [2025-01-12 11:44:42] --- current velocity: 2.842823258543149 (frenet_interface.py:258)
INFO     [2025-01-12 11:44:42] --- current target velocity: 1.6928891312033663 (frenet_interface.py:259)
INFO     [2025-01-12 11:44:44] --- Sampled interval of velocity: 0.00 m/s - 8.59 m/s (planner.py:310)
INFO     [2025-01-12 11:44:44] --- current time step: 13 (frenet_interface.py:280)
INFO     [2025-01-12 11:44:44] --- current velocity: 2.7316739084797645 (frenet_interface.py:281)
INFO     [2025-01-12 11:44:44] --- current target velocity: 1.68640122285432 (frenet_interface.py:282)
INFO     [2025-01-12 11:44:45] --- Sampled interval of velocity: 0.00 m/s - 8.48 m/s (planner.py:310)
INFO     [2025-01-12 11:44:45] --- current time step: 14 (frenet_interface.py:280)
INFO     [2025-01-12 11:44:45] --- current velocity: 2.6236135323582848 (frenet_interface.py:281)
INFO     [2025-01-12 11:44:45] --- current target velocity: 1.6804522032372964 (frenet_interface.py:282)
INFO     [2025-01-12 11:44:47] --- Sampled interval of velocity: 0.00 m/s - 8.37 m/s (planner.py:310)
INFO     [2025-01-12 11:44:47] --- select trajectory 701 (reactive_planner_cpp.py:382)
INFO     [2025-01-12 11:44:47] --- current time step: 15 (frenet_interface.py:257)
INFO     [2025-01-12 11:44:47] --- current velocity: 2.5687193134050363 (frenet_interface.py:258)
INFO     [2025-01-12 11:44:47] --- current target velocity: 1.6750342259608586 (frenet_interface.py:259)
INFO     [2025-01-12 11:44:49] --- Sampled interval of velocity: 0.00 m/s - 8.32 m/s (planner.py:310)
INFO     [2025-01-12 11:44:49] --- current time step: 16 (frenet_interface.py:280)
INFO     [2025-01-12 11:44:49] --- current velocity: 2.51076351202107 (frenet_interface.py:281)
INFO     [2025-01-12 11:44:49] --- current target velocity: 1.6699993710752978 (frenet_interface.py:282)
INFO     [2025-01-12 11:44:51] --- Sampled interval of velocity: 0.00 m/s - 8.26 m/s (planner.py:310)
INFO     [2025-01-12 11:44:51] --- current time step: 17 (frenet_interface.py:280)
INFO     [2025-01-12 11:44:51] --- current velocity: 2.450091874150239 (frenet_interface.py:281)
INFO     [2025-01-12 11:44:51] --- current target velocity: 1.6652193707843883 (frenet_interface.py:282)
INFO     [2025-01-12 11:44:53] --- Sampled interval of velocity: 0.00 m/s - 8.20 m/s (planner.py:310)
INFO     [2025-01-12 11:44:53] --- select trajectory 111 (reactive_planner_cpp.py:382)
INFO     [2025-01-12 11:44:53] --- current time step: 18 (frenet_interface.py:257)
INFO     [2025-01-12 11:44:53] --- current velocity: 2.415206935724759 (frenet_interface.py:258)
INFO     [2025-01-12 11:44:53] --- current target velocity: 1.6607144097639206 (frenet_interface.py:259)
INFO     [2025-01-12 11:44:55] --- Sampled interval of velocity: 0.00 m/s - 8.17 m/s (planner.py:310)
INFO     [2025-01-12 11:44:55] --- current time step: 19 (frenet_interface.py:280)
INFO     [2025-01-12 11:44:55] --- current velocity: 2.3738434480030697 (frenet_interface.py:281)
INFO     [2025-01-12 11:44:55] --- current target velocity: 1.6564225267316273 (frenet_interface.py:282)
INFO     [2025-01-12 11:44:57] --- Sampled interval of velocity: 0.00 m/s - 8.12 m/s (planner.py:310)
INFO     [2025-01-12 11:44:57] --- current time step: 20 (frenet_interface.py:280)
INFO     [2025-01-12 11:44:57] --- current velocity: 2.3280663512327395 (frenet_interface.py:281)
INFO     [2025-01-12 11:44:57] --- current target velocity: 1.6522966299856563 (frenet_interface.py:282)
INFO     [2025-01-12 11:45:00] --- Sampled interval of velocity: 0.00 m/s - 8.08 m/s (planner.py:310)
INFO     [2025-01-12 11:45:00] --- select trajectory 111 (reactive_planner_cpp.py:382)
INFO     [2025-01-12 11:45:00] --- current time step: 21 (frenet_interface.py:257)
INFO     [2025-01-12 11:45:00] --- current velocity: 2.301352907885123 (frenet_interface.py:258)
INFO     [2025-01-12 11:45:00] --- current target velocity: 1.6483701088144407 (frenet_interface.py:259)
INFO     [2025-01-12 11:45:02] --- Sampled interval of velocity: 0.00 m/s - 8.05 m/s (planner.py:310)
INFO     [2025-01-12 11:45:02] --- current time step: 22 (frenet_interface.py:280)
INFO     [2025-01-12 11:45:02] --- current velocity: 2.269578166011341 (frenet_interface.py:281)
INFO     [2025-01-12 11:45:02] --- current target velocity: 1.6446028148373628 (frenet_interface.py:282)
INFO     [2025-01-12 11:45:04] --- Sampled interval of velocity: 0.00 m/s - 8.02 m/s (planner.py:310)
INFO     [2025-01-12 11:45:04] --- current time step: 23 (frenet_interface.py:280)
INFO     [2025-01-12 11:45:04] --- current velocity: 2.234344816199297 (frenet_interface.py:281)
INFO     [2025-01-12 11:45:04] --- current target velocity: 1.6409596142469878 (frenet_interface.py:282)
INFO     [2025-01-12 11:45:06] --- Sampled interval of velocity: 0.00 m/s - 7.98 m/s (planner.py:310)
INFO     [2025-01-12 11:45:06] --- select trajectory 111 (reactive_planner_cpp.py:382)
INFO     [2025-01-12 11:45:06] --- current time step: 24 (frenet_interface.py:257)
INFO     [2025-01-12 11:45:06] --- current velocity: 2.213758567468419 (frenet_interface.py:258)
INFO     [2025-01-12 11:45:06] --- current target velocity: 1.6374669751782596 (frenet_interface.py:259)
INFO     [2025-01-12 11:45:08] --- Sampled interval of velocity: 0.00 m/s - 7.96 m/s (planner.py:310)
INFO     [2025-01-12 11:45:08] --- current time step: 25 (frenet_interface.py:280)
INFO     [2025-01-12 11:45:08] --- current velocity: 2.1892566634217707 (frenet_interface.py:281)
INFO     [2025-01-12 11:45:08] --- current target velocity: 1.6340936759757363 (frenet_interface.py:282)
INFO     [2025-01-12 11:45:10] --- Sampled interval of velocity: 0.00 m/s - 7.94 m/s (planner.py:310)
INFO     [2025-01-12 11:45:10] --- current time step: 26 (frenet_interface.py:280)
INFO     [2025-01-12 11:45:10] --- current velocity: 2.162077501911864 (frenet_interface.py:281)
INFO     [2025-01-12 11:45:10] --- current target velocity: 1.6308122720775753 (frenet_interface.py:282)
INFO     [2025-01-12 11:45:12] --- Sampled interval of velocity: 0.00 m/s - 7.91 m/s (planner.py:310)
INFO     [2025-01-12 11:45:12] --- select trajectory 111 (reactive_planner_cpp.py:382)
INFO     [2025-01-12 11:45:12] --- current time step: 27 (frenet_interface.py:257)
INFO     [2025-01-12 11:45:12] --- current velocity: 2.146193558106395 (frenet_interface.py:258)
INFO     [2025-01-12 11:45:12] --- current target velocity: 1.6276435336760693 (frenet_interface.py:259)
INFO     [2025-01-12 11:45:14] --- Sampled interval of velocity: 0.00 m/s - 7.90 m/s (planner.py:310)
INFO     [2025-01-12 11:45:14] --- current time step: 28 (frenet_interface.py:280)
INFO     [2025-01-12 11:45:14] --- current velocity: 2.127285980222534 (frenet_interface.py:281)
INFO     [2025-01-12 11:45:14] --- current target velocity: 1.624562934593988 (frenet_interface.py:282)
INFO     [2025-01-12 11:45:16] --- Sampled interval of velocity: 0.00 m/s - 7.88 m/s (planner.py:310)
INFO     [2025-01-12 11:45:16] --- current time step: 29 (frenet_interface.py:280)
INFO     [2025-01-12 11:45:16] --- current velocity: 2.106310752194213 (frenet_interface.py:281)
INFO     [2025-01-12 11:45:16] --- current target velocity: 1.6215488805476643 (frenet_interface.py:282)
INFO     [2025-01-12 11:45:18] --- Sampled interval of velocity: 0.00 m/s - 7.86 m/s (planner.py:310)
INFO     [2025-01-12 11:45:18] --- select trajectory 111 (reactive_planner_cpp.py:382)
INFO     [2025-01-12 11:45:18] --- current time step: 30 (frenet_interface.py:257)
INFO     [2025-01-12 11:45:18] --- current velocity: 2.0940522588606942 (frenet_interface.py:258)
INFO     [2025-01-12 11:45:18] --- current target velocity: 1.6186176183703604 (frenet_interface.py:259)
INFO     [2025-01-12 11:45:20] --- Sampled interval of velocity: 0.00 m/s - 7.84 m/s (planner.py:310)
INFO     [2025-01-12 11:45:20] --- current time step: 31 (frenet_interface.py:280)
INFO     [2025-01-12 11:45:20] --- current velocity: 2.0794596895064354 (frenet_interface.py:281)
INFO     [2025-01-12 11:45:20] --- current target velocity: 1.6157498139486772 (frenet_interface.py:282)
INFO     [2025-01-12 11:45:22] --- Sampled interval of velocity: 0.00 m/s - 7.83 m/s (planner.py:310)
INFO     [2025-01-12 11:45:22] --- current time step: 32 (frenet_interface.py:280)
INFO     [2025-01-12 11:45:22] --- current velocity: 2.0632708645923357 (frenet_interface.py:281)
INFO     [2025-01-12 11:45:22] --- current target velocity: 1.6129284230814704 (frenet_interface.py:282)
INFO     [2025-01-12 11:45:24] --- Sampled interval of velocity: 0.00 m/s - 7.81 m/s (planner.py:310)
INFO     [2025-01-12 11:45:24] --- select trajectory 111 (reactive_planner_cpp.py:382)
INFO     [2025-01-12 11:45:24] --- current time step: 33 (frenet_interface.py:257)
INFO     [2025-01-12 11:45:24] --- current velocity: 2.053809745296714 (frenet_interface.py:258)
INFO     [2025-01-12 11:45:24] --- current target velocity: 1.6101661244972523 (frenet_interface.py:259)
INFO     [2025-01-12 11:45:27] --- Sampled interval of velocity: 0.00 m/s - 7.80 m/s (planner.py:310)
INFO     [2025-01-12 11:45:27] --- current time step: 34 (frenet_interface.py:280)
INFO     [2025-01-12 11:45:27] --- current velocity: 2.042546927175215 (frenet_interface.py:281)
INFO     [2025-01-12 11:45:27] --- current target velocity: 1.6074476375551046 (frenet_interface.py:282)
