CRITICAL [2025-01-12 11:40:41] --- Start Planner Vehicle ID: 30684 (frenet_interface.py:67)
INFO     [2025-01-12 11:40:42] --- Sampled interval of velocity: 0.00 m/s - 11.22 m/s (planner.py:310)
INFO     [2025-01-12 11:40:42] --- select trajectory 721 (reactive_planner_cpp.py:382)
INFO     [2025-01-12 11:40:42] --- current time step: 0 (frenet_interface.py:257)
INFO     [2025-01-12 11:40:42] --- current velocity: 5.464190796132762 (frenet_interface.py:258)
INFO     [2025-01-12 11:40:42] --- current target velocity: 5.517842616579249 (frenet_interface.py:259)
INFO     [2025-01-12 11:40:43] --- Sampled interval of velocity: 0.00 m/s - 11.21 m/s (planner.py:310)
INFO     [2025-01-12 11:40:43] --- current time step: 1 (frenet_interface.py:280)
INFO     [2025-01-12 11:40:43] --- current velocity: 5.452236224447744 (frenet_interface.py:281)
INFO     [2025-01-12 11:40:43] --- current target velocity: 5.518186687266539 (frenet_interface.py:282)
INFO     [2025-01-12 11:40:43] --- Sampled interval of velocity: 0.00 m/s - 11.20 m/s (planner.py:310)
INFO     [2025-01-12 11:40:43] --- current time step: 2 (frenet_interface.py:280)
INFO     [2025-01-12 11:40:43] --- current velocity: 5.432996494167584 (frenet_interface.py:281)
INFO     [2025-01-12 11:40:43] --- current target velocity: 5.518590399455294 (frenet_interface.py:282)
INFO     [2025-01-12 11:40:44] --- Sampled interval of velocity: 0.00 m/s - 11.18 m/s (planner.py:310)
INFO     [2025-01-12 11:40:44] --- select trajectory 321 (reactive_planner_cpp.py:382)
INFO     [2025-01-12 11:40:44] --- current time step: 3 (frenet_interface.py:257)
INFO     [2025-01-12 11:40:44] --- current velocity: 5.415791539687645 (frenet_interface.py:258)
INFO     [2025-01-12 11:40:44] --- current target velocity: 5.519106792174485 (frenet_interface.py:259)
INFO     [2025-01-12 11:40:45] --- Sampled interval of velocity: 0.00 m/s - 11.17 m/s (planner.py:310)
INFO     [2025-01-12 11:40:45] --- current time step: 4 (frenet_interface.py:280)
INFO     [2025-01-12 11:40:45] --- current velocity: 5.387602311158532 (frenet_interface.py:281)
INFO     [2025-01-12 11:40:45] --- current target velocity: 5.519753372701496 (frenet_interface.py:282)
INFO     [2025-01-12 11:40:46] --- Sampled interval of velocity: 0.00 m/s - 11.14 m/s (planner.py:310)
INFO     [2025-01-12 11:40:46] --- current time step: 5 (frenet_interface.py:280)
INFO     [2025-01-12 11:40:46] --- current velocity: 5.349521734434151 (frenet_interface.py:281)
INFO     [2025-01-12 11:40:46] --- current target velocity: 5.5205671729115675 (frenet_interface.py:282)
INFO     [2025-01-12 11:40:46] --- Sampled interval of velocity: 0.00 m/s - 11.10 m/s (planner.py:310)
INFO     [2025-01-12 11:40:46] --- select trajectory 711 (reactive_planner_cpp.py:382)
INFO     [2025-01-12 11:40:46] --- current time step: 6 (frenet_interface.py:257)
INFO     [2025-01-12 11:40:46] --- current velocity: 5.321198603930395 (frenet_interface.py:258)
INFO     [2025-01-12 11:40:46] --- current target velocity: 5.521624686916443 (frenet_interface.py:259)
INFO     [2025-01-12 11:40:47] --- Sampled interval of velocity: 0.00 m/s - 11.07 m/s (planner.py:310)
INFO     [2025-01-12 11:40:47] --- current time step: 7 (frenet_interface.py:280)
INFO     [2025-01-12 11:40:47] --- current velocity: 5.279562506369228 (frenet_interface.py:281)
INFO     [2025-01-12 11:40:47] --- current target velocity: 5.522928266373929 (frenet_interface.py:282)
INFO     [2025-01-12 11:40:47] --- Sampled interval of velocity: 0.00 m/s - 11.03 m/s (planner.py:310)
INFO     [2025-01-12 11:40:47] --- current time step: 8 (frenet_interface.py:280)
INFO     [2025-01-12 11:40:47] --- current velocity: 5.225614815820008 (frenet_interface.py:281)
INFO     [2025-01-12 11:40:47] --- current target velocity: 5.52449899091885 (frenet_interface.py:282)
INFO     [2025-01-12 11:40:47] --- Sampled interval of velocity: 0.00 m/s - 10.98 m/s (planner.py:310)
INFO     [2025-01-12 11:40:48] --- select trajectory 311 (reactive_planner_cpp.py:382)
INFO     [2025-01-12 11:40:48] --- current time step: 9 (frenet_interface.py:257)
INFO     [2025-01-12 11:40:48] --- current velocity: 5.184613958504949 (frenet_interface.py:258)
INFO     [2025-01-12 11:40:48] --- current target velocity: 5.526434104801567 (frenet_interface.py:259)
INFO     [2025-01-12 11:40:49] --- Sampled interval of velocity: 0.00 m/s - 10.93 m/s (planner.py:310)
INFO     [2025-01-12 11:40:49] --- current time step: 10 (frenet_interface.py:280)
INFO     [2025-01-12 11:40:49] --- current velocity: 5.122779114493161 (frenet_interface.py:281)
INFO     [2025-01-12 11:40:49] --- current target velocity: 5.528732564170163 (frenet_interface.py:282)
INFO     [2025-01-12 11:40:49] --- Sampled interval of velocity: 0.00 m/s - 10.87 m/s (planner.py:310)
INFO     [2025-01-12 11:40:49] --- current time step: 11 (frenet_interface.py:280)
INFO     [2025-01-12 11:40:49] --- current velocity: 5.042224571716954 (frenet_interface.py:281)
INFO     [2025-01-12 11:40:49] --- current target velocity: 5.5314382223291085 (frenet_interface.py:282)
INFO     [2025-01-12 11:40:50] --- Sampled interval of velocity: 0.00 m/s - 10.79 m/s (planner.py:310)
INFO     [2025-01-12 11:40:50] --- select trajectory 111 (reactive_planner_cpp.py:382)
INFO     [2025-01-12 11:40:50] --- current time step: 12 (frenet_interface.py:257)
INFO     [2025-01-12 11:40:50] --- current velocity: 4.950783897445492 (frenet_interface.py:258)
INFO     [2025-01-12 11:40:50] --- current target velocity: 5.534704378783943 (frenet_interface.py:259)
INFO     [2025-01-12 11:40:51] --- Sampled interval of velocity: 0.00 m/s - 10.70 m/s (planner.py:310)
INFO     [2025-01-12 11:40:51] --- current time step: 13 (frenet_interface.py:280)
INFO     [2025-01-12 11:40:51] --- current velocity: 4.778280410213543 (frenet_interface.py:281)
INFO     [2025-01-12 11:40:51] --- current target velocity: 5.538606334222299 (frenet_interface.py:282)
INFO     [2025-01-12 11:40:51] --- Sampled interval of velocity: 0.00 m/s - 10.53 m/s (planner.py:310)
INFO     [2025-01-12 11:40:51] --- current time step: 14 (frenet_interface.py:280)
INFO     [2025-01-12 11:40:51] --- current velocity: 4.543623997702009 (frenet_interface.py:281)
INFO     [2025-01-12 11:40:51] --- current target velocity: 5.543555415552261 (frenet_interface.py:282)
INFO     [2025-01-12 11:40:52] --- Sampled interval of velocity: 0.00 m/s - 10.29 m/s (planner.py:310)
INFO     [2025-01-12 11:40:52] --- select trajectory 701 (reactive_planner_cpp.py:382)
INFO     [2025-01-12 11:40:52] --- current time step: 15 (frenet_interface.py:257)
INFO     [2025-01-12 11:40:52] --- current velocity: 4.411808018994237 (frenet_interface.py:258)
INFO     [2025-01-12 11:40:52] --- current target velocity: 5.550109441511429 (frenet_interface.py:259)
INFO     [2025-01-12 11:40:52] --- Sampled interval of velocity: 0.00 m/s - 10.16 m/s (planner.py:310)
INFO     [2025-01-12 11:40:52] --- current time step: 16 (frenet_interface.py:280)
INFO     [2025-01-12 11:40:52] --- current velocity: 4.276156519418233 (frenet_interface.py:281)
INFO     [2025-01-12 11:40:52] --- current target velocity: 5.558170226907864 (frenet_interface.py:282)
INFO     [2025-01-12 11:40:53] --- Sampled interval of velocity: 0.00 m/s - 10.03 m/s (planner.py:310)
INFO     [2025-01-12 11:40:53] --- current time step: 17 (frenet_interface.py:280)
INFO     [2025-01-12 11:40:53] --- current velocity: 4.137267231108696 (frenet_interface.py:281)
INFO     [2025-01-12 11:40:53] --- current target velocity: 5.5673666863510665 (frenet_interface.py:282)
INFO     [2025-01-12 11:40:53] --- Sampled interval of velocity: 0.00 m/s - 9.89 m/s (planner.py:310)
INFO     [2025-01-12 11:40:53] --- select trajectory 301 (reactive_planner_cpp.py:382)
INFO     [2025-01-12 11:40:53] --- current time step: 18 (frenet_interface.py:257)
INFO     [2025-01-12 11:40:53] --- current velocity: 4.0570992122987635 (frenet_interface.py:258)
INFO     [2025-01-12 11:40:53] --- current target velocity: 5.5777518338785175 (frenet_interface.py:259)
INFO     [2025-01-12 11:40:55] --- Sampled interval of velocity: 0.00 m/s - 9.81 m/s (planner.py:310)
INFO     [2025-01-12 11:40:55] --- current time step: 19 (frenet_interface.py:280)
INFO     [2025-01-12 11:40:55] --- current velocity: 3.9582883065832473 (frenet_interface.py:281)
INFO     [2025-01-12 11:40:55] --- current target velocity: 5.58912861190448 (frenet_interface.py:282)
INFO     [2025-01-12 11:40:56] --- Sampled interval of velocity: 0.00 m/s - 9.71 m/s (planner.py:310)
INFO     [2025-01-12 11:40:56] --- current time step: 20 (frenet_interface.py:280)
INFO     [2025-01-12 11:40:56] --- current velocity: 3.8428965107865327 (frenet_interface.py:281)
INFO     [2025-01-12 11:40:56] --- current target velocity: 5.601376772197994 (frenet_interface.py:282)
INFO     [2025-01-12 11:40:56] --- Sampled interval of velocity: 0.00 m/s - 9.59 m/s (planner.py:310)
INFO     [2025-01-12 11:40:56] --- select trajectory 401 (reactive_planner_cpp.py:382)
INFO     [2025-01-12 11:40:56] --- current time step: 21 (frenet_interface.py:257)
INFO     [2025-01-12 11:40:56] --- current velocity: 3.751308803292036 (frenet_interface.py:258)
INFO     [2025-01-12 11:40:56] --- current target velocity: 5.614654217541353 (frenet_interface.py:259)
INFO     [2025-01-12 11:40:57] --- Sampled interval of velocity: 0.00 m/s - 9.50 m/s (planner.py:310)
INFO     [2025-01-12 11:40:57] --- current time step: 22 (frenet_interface.py:280)
INFO     [2025-01-12 11:40:57] --- current velocity: 3.6060417902517528 (frenet_interface.py:281)
INFO     [2025-01-12 11:40:57] --- current target velocity: 5.6289271216902526 (frenet_interface.py:282)
INFO     [2025-01-12 11:40:57] --- Sampled interval of velocity: 0.00 m/s - 9.36 m/s (planner.py:310)
INFO     [2025-01-12 11:40:57] --- current time step: 23 (frenet_interface.py:280)
INFO     [2025-01-12 11:40:57] --- current velocity: 3.4167877627161856 (frenet_interface.py:281)
INFO     [2025-01-12 11:40:57] --- current target velocity: 5.644372405460921 (frenet_interface.py:282)
INFO     [2025-01-12 11:40:58] --- Sampled interval of velocity: 0.00 m/s - 9.17 m/s (planner.py:310)
INFO     [2025-01-12 11:40:58] --- select trajectory 796 (reactive_planner_cpp.py:382)
INFO     [2025-01-12 11:40:58] --- current time step: 24 (frenet_interface.py:257)
INFO     [2025-01-12 11:40:58] --- current velocity: 3.3084312100695406 (frenet_interface.py:258)
INFO     [2025-01-12 11:40:58] --- current target velocity: 5.661408814324867 (frenet_interface.py:259)
INFO     [2025-01-12 11:40:59] --- Sampled interval of velocity: 0.00 m/s - 9.06 m/s (planner.py:310)
INFO     [2025-01-12 11:40:59] --- current time step: 25 (frenet_interface.py:280)
INFO     [2025-01-12 11:40:59] --- current velocity: 3.1919991500098193 (frenet_interface.py:281)
INFO     [2025-01-12 11:40:59] --- current target velocity: 5.6799401335164665 (frenet_interface.py:282)
INFO     [2025-01-12 11:40:59] --- Sampled interval of velocity: 0.00 m/s - 8.94 m/s (planner.py:310)
INFO     [2025-01-12 11:40:59] --- current time step: 26 (frenet_interface.py:280)
INFO     [2025-01-12 11:40:59] --- current velocity: 3.068318715576566 (frenet_interface.py:281)
INFO     [2025-01-12 11:40:59] --- current target velocity: 5.699686647698519 (frenet_interface.py:282)
INFO     [2025-01-12 11:41:00] --- Sampled interval of velocity: 0.00 m/s - 8.82 m/s (planner.py:310)
INFO     [2025-01-12 11:41:00] --- select trajectory 391 (reactive_planner_cpp.py:382)
INFO     [2025-01-12 11:41:00] --- current time step: 27 (frenet_interface.py:257)
INFO     [2025-01-12 11:41:00] --- current velocity: 2.9932921917645334 (frenet_interface.py:258)
INFO     [2025-01-12 11:41:00] --- current target velocity: 5.7207411223364595 (frenet_interface.py:259)
INFO     [2025-01-12 11:41:01] --- Sampled interval of velocity: 0.00 m/s - 8.74 m/s (planner.py:310)
INFO     [2025-01-12 11:41:01] --- current time step: 28 (frenet_interface.py:280)
INFO     [2025-01-12 11:41:01] --- current velocity: 2.8968376999707806 (frenet_interface.py:281)
INFO     [2025-01-12 11:41:01] --- current target velocity: 5.742953529811041 (frenet_interface.py:282)
INFO     [2025-01-12 11:41:01] --- Sampled interval of velocity: 0.00 m/s - 8.65 m/s (planner.py:310)
INFO     [2025-01-12 11:41:01] --- current time step: 29 (frenet_interface.py:280)
INFO     [2025-01-12 11:41:01] --- current velocity: 2.781259220405532 (frenet_interface.py:281)
INFO     [2025-01-12 11:41:01] --- current target velocity: 5.766252001507383 (frenet_interface.py:282)
INFO     [2025-01-12 11:41:02] --- Sampled interval of velocity: 0.00 m/s - 8.53 m/s (planner.py:310)
INFO     [2025-01-12 11:41:02] --- select trajectory 330 (reactive_planner_cpp.py:382)
INFO     [2025-01-12 11:41:02] --- current time step: 30 (frenet_interface.py:257)
INFO     [2025-01-12 11:41:02] --- current velocity: 2.7323076135437434 (frenet_interface.py:258)
INFO     [2025-01-12 11:41:02] --- current target velocity: 5.790834445003638 (frenet_interface.py:259)
INFO     [2025-01-12 11:41:03] --- Sampled interval of velocity: 0.00 m/s - 8.48 m/s (planner.py:310)
INFO     [2025-01-12 11:41:03] --- current time step: 31 (frenet_interface.py:280)
INFO     [2025-01-12 11:41:03] --- current velocity: 2.7078689909522224 (frenet_interface.py:281)
INFO     [2025-01-12 11:41:03] --- current target velocity: 5.816561177903368 (frenet_interface.py:282)
INFO     [2025-01-12 11:41:04] --- Sampled interval of velocity: 0.00 m/s - 8.46 m/s (planner.py:310)
INFO     [2025-01-12 11:41:04] --- current time step: 32 (frenet_interface.py:280)
INFO     [2025-01-12 11:41:04] --- current velocity: 2.7055184143897875 (frenet_interface.py:281)
INFO     [2025-01-12 11:41:04] --- current target velocity: 5.843033673454987 (frenet_interface.py:282)
INFO     [2025-01-12 11:41:04] --- Sampled interval of velocity: 0.00 m/s - 8.46 m/s (planner.py:310)
INFO     [2025-01-12 11:41:04] --- select trajectory 230 (reactive_planner_cpp.py:382)
INFO     [2025-01-12 11:41:04] --- current time step: 33 (frenet_interface.py:257)
INFO     [2025-01-12 11:41:04] --- current velocity: 2.7164152184558503 (frenet_interface.py:258)
INFO     [2025-01-12 11:41:04] --- current target velocity: 5.870060889175489 (frenet_interface.py:259)
INFO     [2025-01-12 11:41:05] --- Sampled interval of velocity: 0.00 m/s - 8.47 m/s (planner.py:310)
INFO     [2025-01-12 11:41:05] --- current time step: 34 (frenet_interface.py:280)
INFO     [2025-01-12 11:41:05] --- current velocity: 2.745480869721816 (frenet_interface.py:281)
INFO     [2025-01-12 11:41:05] --- current target velocity: 5.897487167996028 (frenet_interface.py:282)
INFO     [2025-01-12 11:41:06] --- Sampled interval of velocity: 0.00 m/s - 8.50 m/s (planner.py:310)
INFO     [2025-01-12 11:41:06] --- current time step: 35 (frenet_interface.py:280)
INFO     [2025-01-12 11:41:06] --- current velocity: 2.7891711035324005 (frenet_interface.py:281)
INFO     [2025-01-12 11:41:06] --- current target velocity: 5.925167419417264 (frenet_interface.py:282)
INFO     [2025-01-12 11:41:06] --- Sampled interval of velocity: 0.00 m/s - 8.54 m/s (planner.py:310)
INFO     [2025-01-12 11:41:06] --- select trajectory 551 (reactive_planner_cpp.py:382)
INFO     [2025-01-12 11:41:06] --- current time step: 36 (frenet_interface.py:257)
INFO     [2025-01-12 11:41:06] --- current velocity: 2.8144266917546577 (frenet_interface.py:258)
INFO     [2025-01-12 11:41:06] --- current target velocity: 5.952945696525352 (frenet_interface.py:259)
INFO     [2025-01-12 11:41:07] --- Sampled interval of velocity: 0.00 m/s - 8.56 m/s (planner.py:310)
INFO     [2025-01-12 11:41:07] --- current time step: 37 (frenet_interface.py:280)
INFO     [2025-01-12 11:41:07] --- current velocity: 2.85852069409461 (frenet_interface.py:281)
INFO     [2025-01-12 11:41:07] --- current target velocity: 5.980797443816939 (frenet_interface.py:282)
INFO     [2025-01-12 11:41:07] --- Sampled interval of velocity: 0.00 m/s - 8.61 m/s (planner.py:310)
INFO     [2025-01-12 11:41:07] --- current time step: 38 (frenet_interface.py:280)
INFO     [2025-01-12 11:41:07] --- current velocity: 2.921051678819762 (frenet_interface.py:281)
INFO     [2025-01-12 11:41:07] --- current target velocity: 6.008644188464421 (frenet_interface.py:282)
INFO     [2025-01-12 11:41:08] --- Sampled interval of velocity: 0.00 m/s - 8.67 m/s (planner.py:310)
INFO     [2025-01-12 11:41:08] --- select trajectory 251 (reactive_planner_cpp.py:382)
INFO     [2025-01-12 11:41:08] --- current time step: 39 (frenet_interface.py:257)
INFO     [2025-01-12 11:41:08] --- current velocity: 2.9605631116117532 (frenet_interface.py:258)
INFO     [2025-01-12 11:41:08] --- current target velocity: 6.036268242560639 (frenet_interface.py:259)
INFO     [2025-01-12 11:41:10] --- Sampled interval of velocity: 0.00 m/s - 8.71 m/s (planner.py:310)
INFO     [2025-01-12 11:41:10] --- current time step: 40 (frenet_interface.py:280)
INFO     [2025-01-12 11:41:10] --- current velocity: 3.0340215869555474 (frenet_interface.py:281)
INFO     [2025-01-12 11:41:10] --- current target velocity: 6.063666288416338 (frenet_interface.py:282)
INFO     [2025-01-12 11:41:10] --- Sampled interval of velocity: 0.00 m/s - 8.78 m/s (planner.py:310)
INFO     [2025-01-12 11:41:10] --- current time step: 41 (frenet_interface.py:280)
INFO     [2025-01-12 11:41:10] --- current velocity: 3.140368452528603 (frenet_interface.py:281)
INFO     [2025-01-12 11:41:10] --- current target velocity: 6.090733422388386 (frenet_interface.py:282)
INFO     [2025-01-12 11:41:10] --- Sampled interval of velocity: 0.00 m/s - 8.89 m/s (planner.py:310)
INFO     [2025-01-12 11:41:10] --- select trajectory 451 (reactive_planner_cpp.py:382)
INFO     [2025-01-12 11:41:10] --- current time step: 42 (frenet_interface.py:257)
INFO     [2025-01-12 11:41:10] --- current velocity: 3.233079185457824 (frenet_interface.py:258)
INFO     [2025-01-12 11:41:10] --- current target velocity: 6.117129679014686 (frenet_interface.py:259)
INFO     [2025-01-12 11:41:12] --- Sampled interval of velocity: 0.00 m/s - 8.98 m/s (planner.py:310)
INFO     [2025-01-12 11:41:12] --- current time step: 43 (frenet_interface.py:280)
INFO     [2025-01-12 11:41:12] --- current velocity: 3.3976073874364 (frenet_interface.py:281)
INFO     [2025-01-12 11:41:12] --- current target velocity: 6.142838402340321 (frenet_interface.py:282)
INFO     [2025-01-12 11:41:12] --- Sampled interval of velocity: 0.00 m/s - 9.15 m/s (planner.py:310)
INFO     [2025-01-12 11:41:12] --- current time step: 44 (frenet_interface.py:280)
INFO     [2025-01-12 11:41:12] --- current velocity: 3.625381796610493 (frenet_interface.py:281)
INFO     [2025-01-12 11:41:12] --- current target velocity: 6.167599295976345 (frenet_interface.py:282)
INFO     [2025-01-12 11:41:13] --- Sampled interval of velocity: 0.00 m/s - 9.38 m/s (planner.py:310)
INFO     [2025-01-12 11:41:13] --- select trajectory 141 (reactive_planner_cpp.py:382)
INFO     [2025-01-12 11:41:13] --- current time step: 45 (frenet_interface.py:257)
INFO     [2025-01-12 11:41:13] --- current velocity: 3.810174736484479 (frenet_interface.py:258)
INFO     [2025-01-12 11:41:13] --- current target velocity: 6.19079656926193 (frenet_interface.py:259)
INFO     [2025-01-12 11:41:14] --- Sampled interval of velocity: 0.00 m/s - 9.56 m/s (planner.py:310)
INFO     [2025-01-12 11:41:14] --- current time step: 46 (frenet_interface.py:280)
INFO     [2025-01-12 11:41:14] --- current velocity: 4.041651218439766 (frenet_interface.py:281)
INFO     [2025-01-12 11:41:14] --- current target velocity: 6.212532246292402 (frenet_interface.py:282)
INFO     [2025-01-12 11:41:15] --- Sampled interval of velocity: 0.00 m/s - 9.79 m/s (planner.py:310)
INFO     [2025-01-12 11:41:15] --- current time step: 47 (frenet_interface.py:280)
INFO     [2025-01-12 11:41:15] --- current velocity: 4.3121434970484405 (frenet_interface.py:281)
INFO     [2025-01-12 11:41:15] --- current target velocity: 6.232977898891311 (frenet_interface.py:282)
INFO     [2025-01-12 11:41:16] --- Sampled interval of velocity: 0.00 m/s - 10.06 m/s (planner.py:310)
INFO     [2025-01-12 11:41:16] --- select trajectory 151 (reactive_planner_cpp.py:382)
INFO     [2025-01-12 11:41:16] --- current time step: 48 (frenet_interface.py:257)
INFO     [2025-01-12 11:41:16] --- current velocity: 4.502142682193388 (frenet_interface.py:258)
INFO     [2025-01-12 11:41:16] --- current target velocity: 6.2517631657965875 (frenet_interface.py:259)
INFO     [2025-01-12 11:41:17] --- Sampled interval of velocity: 0.00 m/s - 10.25 m/s (planner.py:310)
INFO     [2025-01-12 11:41:17] --- current time step: 49 (frenet_interface.py:280)
INFO     [2025-01-12 11:41:17] --- current velocity: 4.718190830760056 (frenet_interface.py:281)
INFO     [2025-01-12 11:41:17] --- current target velocity: 6.269141128092085 (frenet_interface.py:282)
INFO     [2025-01-12 11:41:17] --- Sampled interval of velocity: 0.00 m/s - 10.47 m/s (planner.py:310)
INFO     [2025-01-12 11:41:17] --- current time step: 50 (frenet_interface.py:280)
INFO     [2025-01-12 11:41:17] --- current velocity: 4.948946560503221 (frenet_interface.py:281)
INFO     [2025-01-12 11:41:17] --- current target velocity: 6.285267327938222 (frenet_interface.py:282)
INFO     [2025-01-12 11:41:18] --- Sampled interval of velocity: 0.00 m/s - 10.70 m/s (planner.py:310)
INFO     [2025-01-12 11:41:18] --- select trajectory 441 (reactive_planner_cpp.py:382)
INFO     [2025-01-12 11:41:18] --- current time step: 51 (frenet_interface.py:257)
INFO     [2025-01-12 11:41:18] --- current velocity: 5.083270737487948 (frenet_interface.py:258)
INFO     [2025-01-12 11:41:18] --- current target velocity: 6.299767962677842 (frenet_interface.py:259)
INFO     [2025-01-12 11:41:20] --- Sampled interval of velocity: 0.00 m/s - 10.83 m/s (planner.py:310)
INFO     [2025-01-12 11:41:20] --- current time step: 52 (frenet_interface.py:280)
INFO     [2025-01-12 11:41:20] --- current velocity: 5.22439646737465 (frenet_interface.py:281)
INFO     [2025-01-12 11:41:20] --- current target velocity: 6.312906406829516 (frenet_interface.py:282)
INFO     [2025-01-12 11:41:20] --- Sampled interval of velocity: 0.00 m/s - 10.97 m/s (planner.py:310)
INFO     [2025-01-12 11:41:20] --- current time step: 53 (frenet_interface.py:280)
INFO     [2025-01-12 11:41:20] --- current velocity: 5.373642043344837 (frenet_interface.py:281)
INFO     [2025-01-12 11:41:20] --- current target velocity: 6.324998209499878 (frenet_interface.py:282)
INFO     [2025-01-12 11:41:21] --- Sampled interval of velocity: 0.00 m/s - 11.12 m/s (planner.py:310)
INFO     [2025-01-12 11:41:21] --- select trajectory 741 (reactive_planner_cpp.py:382)
INFO     [2025-01-12 11:41:21] --- current time step: 54 (frenet_interface.py:257)
INFO     [2025-01-12 11:41:21] --- current velocity: 5.449340661884224 (frenet_interface.py:258)
INFO     [2025-01-12 11:41:21] --- current target velocity: 6.335845799694089 (frenet_interface.py:259)
INFO     [2025-01-12 11:41:22] --- Sampled interval of velocity: 0.00 m/s - 11.20 m/s (planner.py:310)
INFO     [2025-01-12 11:41:22] --- current time step: 55 (frenet_interface.py:280)
INFO     [2025-01-12 11:41:22] --- current velocity: 5.5248646627659905 (frenet_interface.py:281)
INFO     [2025-01-12 11:41:22] --- current target velocity: 6.345712336970381 (frenet_interface.py:282)
INFO     [2025-01-12 11:41:23] --- Sampled interval of velocity: 0.00 m/s - 11.27 m/s (planner.py:310)
INFO     [2025-01-12 11:41:23] --- current time step: 56 (frenet_interface.py:280)
INFO     [2025-01-12 11:41:23] --- current velocity: 5.601066265942222 (frenet_interface.py:281)
INFO     [2025-01-12 11:41:23] --- current target velocity: 6.354960607661863 (frenet_interface.py:282)
INFO     [2025-01-12 11:41:23] --- Sampled interval of velocity: 0.00 m/s - 11.35 m/s (planner.py:310)
INFO     [2025-01-12 11:41:23] --- select trajectory 751 (reactive_planner_cpp.py:382)
INFO     [2025-01-12 11:41:23] --- current time step: 57 (frenet_interface.py:257)
INFO     [2025-01-12 11:41:23] --- current velocity: 5.641967935342049 (frenet_interface.py:258)
INFO     [2025-01-12 11:41:23] --- current target velocity: 6.363570535578276 (frenet_interface.py:259)
INFO     [2025-01-12 11:41:25] --- Sampled interval of velocity: 0.00 m/s - 11.39 m/s (planner.py:310)
INFO     [2025-01-12 11:41:25] --- current time step: 58 (frenet_interface.py:280)
INFO     [2025-01-12 11:41:25] --- current velocity: 5.687916441256894 (frenet_interface.py:281)
INFO     [2025-01-12 11:41:25] --- current target velocity: 6.37172563835891 (frenet_interface.py:282)
INFO     [2025-01-12 11:41:25] --- Sampled interval of velocity: 0.00 m/s - 11.44 m/s (planner.py:310)
INFO     [2025-01-12 11:41:25] --- current time step: 59 (frenet_interface.py:280)
INFO     [2025-01-12 11:41:25] --- current velocity: 5.737853598870279 (frenet_interface.py:281)
INFO     [2025-01-12 11:41:25] --- current target velocity: 6.379583037347745 (frenet_interface.py:282)
INFO     [2025-01-12 11:41:25] --- Sampled interval of velocity: 0.00 m/s - 11.49 m/s (planner.py:310)
INFO     [2025-01-12 11:41:26] --- select trajectory 751 (reactive_planner_cpp.py:382)
INFO     [2025-01-12 11:41:26] --- current time step: 60 (frenet_interface.py:257)
INFO     [2025-01-12 11:41:26] --- current velocity: 5.767224972330406 (frenet_interface.py:258)
INFO     [2025-01-12 11:41:26] --- current target velocity: 6.3870854015653595 (frenet_interface.py:259)
INFO     [2025-01-12 11:41:27] --- Sampled interval of velocity: 0.00 m/s - 11.52 m/s (planner.py:310)
INFO     [2025-01-12 11:41:27] --- current time step: 61 (frenet_interface.py:280)
INFO     [2025-01-12 11:41:27] --- current velocity: 5.801648285146757 (frenet_interface.py:281)
INFO     [2025-01-12 11:41:27] --- current target velocity: 6.394317807864342 (frenet_interface.py:282)
INFO     [2025-01-12 11:41:28] --- Sampled interval of velocity: 0.00 m/s - 11.55 m/s (planner.py:310)
INFO     [2025-01-12 11:41:28] --- current time step: 62 (frenet_interface.py:280)
INFO     [2025-01-12 11:41:28] --- current velocity: 5.841054171408313 (frenet_interface.py:281)
INFO     [2025-01-12 11:41:28] --- current target velocity: 6.401354258960681 (frenet_interface.py:282)
INFO     [2025-01-12 11:41:28] --- Sampled interval of velocity: 0.00 m/s - 11.59 m/s (planner.py:310)
INFO     [2025-01-12 11:41:28] --- select trajectory 241 (reactive_planner_cpp.py:382)
INFO     [2025-01-12 11:41:28] --- current time step: 63 (frenet_interface.py:257)
INFO     [2025-01-12 11:41:28] --- current velocity: 5.85947815011151 (frenet_interface.py:258)
INFO     [2025-01-12 11:41:28] --- current target velocity: 6.408123889955357 (frenet_interface.py:259)
INFO     [2025-01-12 11:41:31] --- Sampled interval of velocity: 0.00 m/s - 11.61 m/s (planner.py:310)
INFO     [2025-01-12 11:41:31] --- current time step: 64 (frenet_interface.py:280)
INFO     [2025-01-12 11:41:31] --- current velocity: 5.873866672870736 (frenet_interface.py:281)
INFO     [2025-01-12 11:41:31] --- current target velocity: 6.4146991288903035 (frenet_interface.py:282)
INFO     [2025-01-12 11:41:31] --- Sampled interval of velocity: 0.00 m/s - 11.62 m/s (planner.py:310)
INFO     [2025-01-12 11:41:31] --- current time step: 65 (frenet_interface.py:280)
INFO     [2025-01-12 11:41:31] --- current velocity: 5.884627034148484 (frenet_interface.py:281)
INFO     [2025-01-12 11:41:31] --- current target velocity: 6.421228280336087 (frenet_interface.py:282)
INFO     [2025-01-12 11:41:32] --- Sampled interval of velocity: 0.00 m/s - 11.63 m/s (planner.py:310)
INFO     [2025-01-12 11:41:32] --- select trajectory 241 (reactive_planner_cpp.py:382)
INFO     [2025-01-12 11:41:32] --- current time step: 66 (frenet_interface.py:257)
INFO     [2025-01-12 11:41:32] --- current velocity: 5.888295577038937 (frenet_interface.py:258)
INFO     [2025-01-12 11:41:32] --- current target velocity: 6.427754688804201 (frenet_interface.py:259)
INFO     [2025-01-12 11:41:33] --- Sampled interval of velocity: 0.00 m/s - 11.64 m/s (planner.py:310)
INFO     [2025-01-12 11:41:33] --- current time step: 67 (frenet_interface.py:280)
INFO     [2025-01-12 11:41:33] --- current velocity: 5.891074029061059 (frenet_interface.py:281)
INFO     [2025-01-12 11:41:33] --- current target velocity: 6.434345453740321 (frenet_interface.py:282)
INFO     [2025-01-12 11:41:33] --- Sampled interval of velocity: 0.00 m/s - 11.64 m/s (planner.py:310)
INFO     [2025-01-12 11:41:33] --- current time step: 68 (frenet_interface.py:280)
INFO     [2025-01-12 11:41:33] --- current velocity: 5.893063656727035 (frenet_interface.py:281)
INFO     [2025-01-12 11:41:33] --- current target velocity: 6.441049831982867 (frenet_interface.py:282)
INFO     [2025-01-12 11:41:33] --- Sampled interval of velocity: 0.00 m/s - 11.64 m/s (planner.py:310)
INFO     [2025-01-12 11:41:33] --- select trajectory 41 (reactive_planner_cpp.py:382)
INFO     [2025-01-12 11:41:33] --- current time step: 69 (frenet_interface.py:257)
INFO     [2025-01-12 11:41:33] --- current velocity: 5.8934447583424445 (frenet_interface.py:258)
INFO     [2025-01-12 11:41:33] --- current target velocity: 6.44788299973777 (frenet_interface.py:259)
INFO     [2025-01-12 11:41:36] --- Sampled interval of velocity: 0.00 m/s - 11.64 m/s (planner.py:310)
INFO     [2025-01-12 11:41:36] --- current time step: 70 (frenet_interface.py:280)
INFO     [2025-01-12 11:41:36] --- current velocity: 5.893694878438412 (frenet_interface.py:281)
INFO     [2025-01-12 11:41:36] --- current target velocity: 6.454866234337697 (frenet_interface.py:282)
INFO     [2025-01-12 11:41:36] --- Sampled interval of velocity: 0.00 m/s - 11.64 m/s (planner.py:310)
INFO     [2025-01-12 11:41:36] --- current time step: 71 (frenet_interface.py:280)
INFO     [2025-01-12 11:41:36] --- current velocity: 5.893888018909029 (frenet_interface.py:281)
INFO     [2025-01-12 11:41:36] --- current target velocity: 6.4620170732414985 (frenet_interface.py:282)
INFO     [2025-01-12 11:41:37] --- Sampled interval of velocity: 0.00 m/s - 11.64 m/s (planner.py:310)
INFO     [2025-01-12 11:41:37] --- select trajectory 41 (reactive_planner_cpp.py:382)
INFO     [2025-01-12 11:41:37] --- current time step: 72 (frenet_interface.py:257)
INFO     [2025-01-12 11:41:37] --- current velocity: 5.893863970207015 (frenet_interface.py:258)
INFO     [2025-01-12 11:41:37] --- current target velocity: 6.46934509549496 (frenet_interface.py:259)
INFO     [2025-01-12 11:41:39] --- Sampled interval of velocity: 0.00 m/s - 11.64 m/s (planner.py:310)
INFO     [2025-01-12 11:41:39] --- current time step: 73 (frenet_interface.py:280)
INFO     [2025-01-12 11:41:39] --- current velocity: 5.893962106740182 (frenet_interface.py:281)
INFO     [2025-01-12 11:41:39] --- current target velocity: 6.476861225400136 (frenet_interface.py:282)
INFO     [2025-01-12 11:41:39] --- Sampled interval of velocity: 0.00 m/s - 11.64 m/s (planner.py:310)
INFO     [2025-01-12 11:41:39] --- current time step: 74 (frenet_interface.py:280)
INFO     [2025-01-12 11:41:39] --- current velocity: 5.894172806710939 (frenet_interface.py:281)
INFO     [2025-01-12 11:41:39] --- current target velocity: 6.484575477400322 (frenet_interface.py:282)
INFO     [2025-01-12 11:41:40] --- Sampled interval of velocity: 0.00 m/s - 11.64 m/s (planner.py:310)
INFO     [2025-01-12 11:41:40] --- select trajectory 441 (reactive_planner_cpp.py:382)
INFO     [2025-01-12 11:41:40] --- current time step: 75 (frenet_interface.py:257)
INFO     [2025-01-12 11:41:40] --- current velocity: 5.894435233405729 (frenet_interface.py:258)
INFO     [2025-01-12 11:41:40] --- current target velocity: 6.49249649823538 (frenet_interface.py:259)
INFO     [2025-01-12 11:41:43] --- Sampled interval of velocity: 0.00 m/s - 11.64 m/s (planner.py:310)
INFO     [2025-01-12 11:41:43] --- current time step: 76 (frenet_interface.py:280)
INFO     [2025-01-12 11:41:43] --- current velocity: 5.894789972852695 (frenet_interface.py:281)
INFO     [2025-01-12 11:41:43] --- current target velocity: 6.500633582845287 (frenet_interface.py:282)
INFO     [2025-01-12 11:41:43] --- Sampled interval of velocity: 0.00 m/s - 11.64 m/s (planner.py:310)
INFO     [2025-01-12 11:41:43] --- current time step: 77 (frenet_interface.py:280)
INFO     [2025-01-12 11:41:43] --- current velocity: 5.895209817476046 (frenet_interface.py:281)
INFO     [2025-01-12 11:41:43] --- current target velocity: 6.508996258508137 (frenet_interface.py:282)
INFO     [2025-01-12 11:41:44] --- Sampled interval of velocity: 0.00 m/s - 11.65 m/s (planner.py:310)
INFO     [2025-01-12 11:41:44] --- select trajectory 321 (reactive_planner_cpp.py:382)
INFO     [2025-01-12 11:41:44] --- current time step: 78 (frenet_interface.py:257)
INFO     [2025-01-12 11:41:44] --- current velocity: 5.8872788264864315 (frenet_interface.py:258)
INFO     [2025-01-12 11:41:44] --- current target velocity: 6.517594203074296 (frenet_interface.py:259)
INFO     [2025-01-12 11:41:45] --- Sampled interval of velocity: 0.00 m/s - 11.64 m/s (planner.py:310)
INFO     [2025-01-12 11:41:45] --- current time step: 79 (frenet_interface.py:280)
INFO     [2025-01-12 11:41:45] --- current velocity: 5.863573250616692 (frenet_interface.py:281)
INFO     [2025-01-12 11:41:45] --- current target velocity: 6.526478100415927 (frenet_interface.py:282)
INFO     [2025-01-12 11:41:45] --- Sampled interval of velocity: 0.00 m/s - 11.61 m/s (planner.py:310)
INFO     [2025-01-12 11:41:45] --- current time step: 80 (frenet_interface.py:280)
INFO     [2025-01-12 11:41:45] --- current velocity: 5.8255394508932605 (frenet_interface.py:281)
INFO     [2025-01-12 11:41:45] --- current target velocity: 6.53585832314931 (frenet_interface.py:282)
INFO     [2025-01-12 11:41:45] --- Sampled interval of velocity: 0.00 m/s - 11.58 m/s (planner.py:310)
INFO     [2025-01-12 11:41:46] --- select trajectory 121 (reactive_planner_cpp.py:382)
INFO     [2025-01-12 11:41:46] --- current time step: 81 (frenet_interface.py:257)
INFO     [2025-01-12 11:41:46] --- current velocity: 5.772815751095211 (frenet_interface.py:258)
INFO     [2025-01-12 11:41:46] --- current target velocity: 6.545978834527293 (frenet_interface.py:259)
INFO     [2025-01-12 11:41:49] --- Sampled interval of velocity: 0.00 m/s - 11.52 m/s (planner.py:310)
INFO     [2025-01-12 11:41:49] --- current time step: 82 (frenet_interface.py:280)
INFO     [2025-01-12 11:41:49] --- current velocity: 5.666799120603824 (frenet_interface.py:281)
INFO     [2025-01-12 11:41:49] --- current target velocity: 6.557030772958853 (frenet_interface.py:282)
INFO     [2025-01-12 11:41:49] --- Sampled interval of velocity: 0.00 m/s - 11.42 m/s (planner.py:310)
INFO     [2025-01-12 11:41:49] --- current time step: 83 (frenet_interface.py:280)
INFO     [2025-01-12 11:41:49] --- current velocity: 5.5197471503065945 (frenet_interface.py:281)
INFO     [2025-01-12 11:41:49] --- current target velocity: 6.569643795836151 (frenet_interface.py:282)
INFO     [2025-01-12 11:41:49] --- Sampled interval of velocity: 0.00 m/s - 11.27 m/s (planner.py:310)
INFO     [2025-01-12 11:41:50] --- select trajectory 121 (reactive_planner_cpp.py:382)
INFO     [2025-01-12 11:41:50] --- current time step: 84 (frenet_interface.py:257)
INFO     [2025-01-12 11:41:50] --- current velocity: 5.422178069306615 (frenet_interface.py:258)
INFO     [2025-01-12 11:41:50] --- current target velocity: 6.5846134966980445 (frenet_interface.py:259)
INFO     [2025-01-12 11:41:51] --- Sampled interval of velocity: 0.00 m/s - 11.17 m/s (planner.py:310)
INFO     [2025-01-12 11:41:51] --- current time step: 85 (frenet_interface.py:280)
INFO     [2025-01-12 11:41:51] --- current velocity: 5.297758466302413 (frenet_interface.py:281)
INFO     [2025-01-12 11:41:51] --- current target velocity: 6.60197181209401 (frenet_interface.py:282)
INFO     [2025-01-12 11:41:52] --- Sampled interval of velocity: 0.00 m/s - 11.05 m/s (planner.py:310)
INFO     [2025-01-12 11:41:52] --- current time step: 86 (frenet_interface.py:280)
INFO     [2025-01-12 11:41:52] --- current velocity: 5.154110712246215 (frenet_interface.py:281)
INFO     [2025-01-12 11:41:52] --- current target velocity: 6.621655680988434 (frenet_interface.py:282)
INFO     [2025-01-12 11:41:52] --- Sampled interval of velocity: 0.00 m/s - 10.90 m/s (planner.py:310)
INFO     [2025-01-12 11:41:52] --- select trajectory 121 (reactive_planner_cpp.py:382)
INFO     [2025-01-12 11:41:52] --- current time step: 87 (frenet_interface.py:257)
INFO     [2025-01-12 11:41:52] --- current velocity: 5.067043517434769 (frenet_interface.py:258)
INFO     [2025-01-12 11:41:52] --- current target velocity: 5.154110712246215 (frenet_interface.py:259)
INFO     [2025-01-12 11:41:53] --- Sampled interval of velocity: 0.00 m/s - 10.82 m/s (planner.py:310)
INFO     [2025-01-12 11:41:53] --- current time step: 88 (frenet_interface.py:280)
INFO     [2025-01-12 11:41:53] --- current velocity: 4.960443424401033 (frenet_interface.py:281)
INFO     [2025-01-12 11:41:53] --- current target velocity: 5.067043517434769 (frenet_interface.py:282)
INFO     [2025-01-12 11:41:54] --- Sampled interval of velocity: 0.00 m/s - 10.71 m/s (planner.py:310)
INFO     [2025-01-12 11:41:54] --- current time step: 89 (frenet_interface.py:280)
INFO     [2025-01-12 11:41:54] --- current velocity: 4.840178759065151 (frenet_interface.py:281)
INFO     [2025-01-12 11:41:54] --- current target velocity: 4.960443424401033 (frenet_interface.py:282)
INFO     [2025-01-12 11:41:54] --- Sampled interval of velocity: 0.00 m/s - 10.59 m/s (planner.py:310)
INFO     [2025-01-12 11:41:54] --- select trajectory 121 (reactive_planner_cpp.py:382)
INFO     [2025-01-12 11:41:54] --- current time step: 90 (frenet_interface.py:257)
INFO     [2025-01-12 11:41:54] --- current velocity: 4.768234168434914 (frenet_interface.py:258)
INFO     [2025-01-12 11:41:54] --- current target velocity: 4.840178759065151 (frenet_interface.py:259)
INFO     [2025-01-12 11:41:56] --- Sampled interval of velocity: 0.00 m/s - 10.52 m/s (planner.py:310)
INFO     [2025-01-12 11:41:56] --- current time step: 91 (frenet_interface.py:280)
INFO     [2025-01-12 11:41:56] --- current velocity: 4.680716381364817 (frenet_interface.py:281)
INFO     [2025-01-12 11:41:56] --- current target velocity: 4.768234168434914 (frenet_interface.py:282)
INFO     [2025-01-12 11:41:57] --- Sampled interval of velocity: 0.00 m/s - 10.43 m/s (planner.py:310)
INFO     [2025-01-12 11:41:57] --- current time step: 92 (frenet_interface.py:280)
INFO     [2025-01-12 11:41:57] --- current velocity: 4.582352504982493 (frenet_interface.py:281)
INFO     [2025-01-12 11:41:57] --- current target velocity: 4.680716381364817 (frenet_interface.py:282)
INFO     [2025-01-12 11:41:57] --- Sampled interval of velocity: 0.00 m/s - 10.33 m/s (planner.py:310)
INFO     [2025-01-12 11:41:57] --- select trajectory 121 (reactive_planner_cpp.py:382)
INFO     [2025-01-12 11:41:57] --- current time step: 93 (frenet_interface.py:257)
INFO     [2025-01-12 11:41:57] --- current velocity: 4.523642454388709 (frenet_interface.py:258)
INFO     [2025-01-12 11:41:57] --- current target velocity: 4.582352504982493 (frenet_interface.py:259)
INFO     [2025-01-12 11:41:59] --- Sampled interval of velocity: 0.00 m/s - 10.27 m/s (planner.py:310)
INFO     [2025-01-12 11:41:59] --- current time step: 94 (frenet_interface.py:280)
INFO     [2025-01-12 11:41:59] --- current velocity: 4.4522974275341705 (frenet_interface.py:281)
INFO     [2025-01-12 11:41:59] --- current target velocity: 4.523642454388709 (frenet_interface.py:282)
INFO     [2025-01-12 11:41:59] --- Sampled interval of velocity: 0.00 m/s - 10.20 m/s (planner.py:310)
INFO     [2025-01-12 11:41:59] --- current time step: 95 (frenet_interface.py:280)
INFO     [2025-01-12 11:41:59] --- current velocity: 4.372158944907377 (frenet_interface.py:281)
INFO     [2025-01-12 11:41:59] --- current target velocity: 4.4522974275341705 (frenet_interface.py:282)
INFO     [2025-01-12 11:42:00] --- Sampled interval of velocity: 0.00 m/s - 10.12 m/s (planner.py:310)
WARNING  [2025-01-12 11:42:00] --- No optimal trajectory available. Select stopping trajectory! (reactive_planner_cpp.py:407)
INFO     [2025-01-12 11:42:00] --- current time step: 96 (frenet_interface.py:257)
INFO     [2025-01-12 11:42:00] --- current velocity: 4.235947716980023 (frenet_interface.py:258)
INFO     [2025-01-12 11:42:00] --- current target velocity: 4.372158944907377 (frenet_interface.py:259)
INFO     [2025-01-12 11:42:01] --- Sampled interval of velocity: 0.00 m/s - 9.99 m/s (planner.py:310)
INFO     [2025-01-12 11:42:01] --- current time step: 97 (frenet_interface.py:280)
INFO     [2025-01-12 11:42:01] --- current velocity: 3.9354685463466486 (frenet_interface.py:281)
INFO     [2025-01-12 11:42:01] --- current target velocity: 4.235947716980023 (frenet_interface.py:282)
INFO     [2025-01-12 11:42:02] --- Sampled interval of velocity: 0.00 m/s - 9.69 m/s (planner.py:310)
INFO     [2025-01-12 11:42:02] --- current time step: 98 (frenet_interface.py:280)
INFO     [2025-01-12 11:42:02] --- current velocity: 3.508065236494649 (frenet_interface.py:281)
INFO     [2025-01-12 11:42:02] --- current target velocity: 3.9354685463466486 (frenet_interface.py:282)
