CRITICAL [2025-01-12 11:39:06] --- Start Planner Vehicle ID: 30375 (frenet_interface.py:67)
INFO     [2025-01-12 11:39:08] --- Sampled interval of velocity: 0.00 m/s - 13.55 m/s (planner.py:310)
INFO     [2025-01-12 11:39:08] --- select trajectory 731 (reactive_planner_cpp.py:382)
INFO     [2025-01-12 11:39:08] --- current time step: 0 (frenet_interface.py:257)
INFO     [2025-01-12 11:39:08] --- current velocity: 7.793765613993274 (frenet_interface.py:258)
INFO     [2025-01-12 11:39:08] --- current target velocity: 7.7971 (frenet_interface.py:259)
INFO     [2025-01-12 11:39:09] --- Sampled interval of velocity: 0.00 m/s - 13.54 m/s (planner.py:310)
INFO     [2025-01-12 11:39:09] --- current time step: 1 (frenet_interface.py:280)
INFO     [2025-01-12 11:39:09] --- current velocity: 7.784065583516709 (frenet_interface.py:281)
INFO     [2025-01-12 11:39:09] --- current target velocity: 7.793765613993274 (frenet_interface.py:282)
INFO     [2025-01-12 11:39:09] --- Sampled interval of velocity: 0.00 m/s - 13.53 m/s (planner.py:310)
INFO     [2025-01-12 11:39:09] --- current time step: 2 (frenet_interface.py:280)
INFO     [2025-01-12 11:39:09] --- current velocity: 7.768454600913594 (frenet_interface.py:281)
INFO     [2025-01-12 11:39:09] --- current target velocity: 7.784065583516709 (frenet_interface.py:282)
INFO     [2025-01-12 11:39:10] --- Sampled interval of velocity: 0.00 m/s - 13.52 m/s (planner.py:310)
INFO     [2025-01-12 11:39:10] --- select trajectory 141 (reactive_planner_cpp.py:382)
INFO     [2025-01-12 11:39:10] --- current time step: 3 (frenet_interface.py:257)
INFO     [2025-01-12 11:39:10] --- current velocity: 7.7608452343785315 (frenet_interface.py:258)
INFO     [2025-01-12 11:39:10] --- current target velocity: 7.768454600913594 (frenet_interface.py:259)
INFO     [2025-01-12 11:39:11] --- Sampled interval of velocity: 0.00 m/s - 13.51 m/s (planner.py:310)
INFO     [2025-01-12 11:39:11] --- current time step: 4 (frenet_interface.py:280)
INFO     [2025-01-12 11:39:11] --- current velocity: 7.75612799439516 (frenet_interface.py:281)
INFO     [2025-01-12 11:39:11] --- current target velocity: 7.7608452343785315 (frenet_interface.py:282)
INFO     [2025-01-12 11:39:12] --- Sampled interval of velocity: 0.00 m/s - 13.51 m/s (planner.py:310)
INFO     [2025-01-12 11:39:12] --- current time step: 5 (frenet_interface.py:280)
INFO     [2025-01-12 11:39:12] --- current velocity: 7.753846510062524 (frenet_interface.py:281)
INFO     [2025-01-12 11:39:12] --- current target velocity: 7.75612799439516 (frenet_interface.py:282)
INFO     [2025-01-12 11:39:12] --- Sampled interval of velocity: 0.00 m/s - 13.50 m/s (planner.py:310)
INFO     [2025-01-12 11:39:12] --- select trajectory 141 (reactive_planner_cpp.py:382)
INFO     [2025-01-12 11:39:12] --- current time step: 6 (frenet_interface.py:257)
INFO     [2025-01-12 11:39:12] --- current velocity: 7.753344041364446 (frenet_interface.py:258)
INFO     [2025-01-12 11:39:12] --- current target velocity: 7.753846510062524 (frenet_interface.py:259)
INFO     [2025-01-12 11:39:14] --- Sampled interval of velocity: 0.00 m/s - 13.50 m/s (planner.py:310)
INFO     [2025-01-12 11:39:14] --- current time step: 7 (frenet_interface.py:280)
INFO     [2025-01-12 11:39:14] --- current velocity: 7.753032367591131 (frenet_interface.py:281)
INFO     [2025-01-12 11:39:14] --- current target velocity: 7.753344041364446 (frenet_interface.py:282)
INFO     [2025-01-12 11:39:14] --- Sampled interval of velocity: 0.00 m/s - 13.50 m/s (planner.py:310)
INFO     [2025-01-12 11:39:14] --- current time step: 8 (frenet_interface.py:280)
INFO     [2025-01-12 11:39:14] --- current velocity: 7.752881299479045 (frenet_interface.py:281)
INFO     [2025-01-12 11:39:14] --- current target velocity: 7.753032367591131 (frenet_interface.py:282)
INFO     [2025-01-12 11:39:15] --- Sampled interval of velocity: 0.00 m/s - 13.50 m/s (planner.py:310)
INFO     [2025-01-12 11:39:15] --- select trajectory 41 (reactive_planner_cpp.py:382)
INFO     [2025-01-12 11:39:15] --- current time step: 9 (frenet_interface.py:257)
INFO     [2025-01-12 11:39:15] --- current velocity: 7.752845345706043 (frenet_interface.py:258)
INFO     [2025-01-12 11:39:15] --- current target velocity: 7.752881299479045 (frenet_interface.py:259)
INFO     [2025-01-12 11:39:16] --- Sampled interval of velocity: 0.00 m/s - 13.50 m/s (planner.py:310)
INFO     [2025-01-12 11:39:16] --- current time step: 10 (frenet_interface.py:280)
INFO     [2025-01-12 11:39:16] --- current velocity: 7.752817816224002 (frenet_interface.py:281)
INFO     [2025-01-12 11:39:16] --- current target velocity: 7.752845345706043 (frenet_interface.py:282)
INFO     [2025-01-12 11:39:16] --- Sampled interval of velocity: 0.00 m/s - 13.50 m/s (planner.py:310)
INFO     [2025-01-12 11:39:16] --- current time step: 11 (frenet_interface.py:280)
INFO     [2025-01-12 11:39:16] --- current velocity: 7.752798016035561 (frenet_interface.py:281)
INFO     [2025-01-12 11:39:16] --- current target velocity: 7.752817816224002 (frenet_interface.py:282)
INFO     [2025-01-12 11:39:17] --- Sampled interval of velocity: 0.00 m/s - 13.50 m/s (planner.py:310)
INFO     [2025-01-12 11:39:17] --- select trajectory 521 (reactive_planner_cpp.py:382)
INFO     [2025-01-12 11:39:17] --- current time step: 12 (frenet_interface.py:257)
INFO     [2025-01-12 11:39:17] --- current velocity: 7.7411646966745495 (frenet_interface.py:258)
INFO     [2025-01-12 11:39:17] --- current target velocity: 7.752798016035561 (frenet_interface.py:259)
INFO     [2025-01-12 11:39:18] --- Sampled interval of velocity: 0.00 m/s - 13.49 m/s (planner.py:310)
INFO     [2025-01-12 11:39:18] --- current time step: 13 (frenet_interface.py:280)
INFO     [2025-01-12 11:39:18] --- current velocity: 7.707504660804313 (frenet_interface.py:281)
INFO     [2025-01-12 11:39:18] --- current target velocity: 7.7411646966745495 (frenet_interface.py:282)
INFO     [2025-01-12 11:39:18] --- Sampled interval of velocity: 0.00 m/s - 13.46 m/s (planner.py:310)
INFO     [2025-01-12 11:39:18] --- current time step: 14 (frenet_interface.py:280)
INFO     [2025-01-12 11:39:18] --- current velocity: 7.653653515054418 (frenet_interface.py:281)
INFO     [2025-01-12 11:39:18] --- current target velocity: 7.707504660804313 (frenet_interface.py:282)
INFO     [2025-01-12 11:39:19] --- Sampled interval of velocity: 0.00 m/s - 13.40 m/s (planner.py:310)
INFO     [2025-01-12 11:39:19] --- select trajectory 211 (reactive_planner_cpp.py:382)
INFO     [2025-01-12 11:39:19] --- current time step: 15 (frenet_interface.py:257)
INFO     [2025-01-12 11:39:19] --- current velocity: 7.593884213164594 (frenet_interface.py:258)
INFO     [2025-01-12 11:39:19] --- current target velocity: 7.653653515054418 (frenet_interface.py:259)
INFO     [2025-01-12 11:39:20] --- Sampled interval of velocity: 0.00 m/s - 13.34 m/s (planner.py:310)
INFO     [2025-01-12 11:39:20] --- current time step: 16 (frenet_interface.py:280)
INFO     [2025-01-12 11:39:20] --- current velocity: 7.4818964893444555 (frenet_interface.py:281)
INFO     [2025-01-12 11:39:20] --- current target velocity: 7.593884213164594 (frenet_interface.py:282)
INFO     [2025-01-12 11:39:21] --- Sampled interval of velocity: 0.00 m/s - 13.23 m/s (planner.py:310)
INFO     [2025-01-12 11:39:21] --- current time step: 17 (frenet_interface.py:280)
INFO     [2025-01-12 11:39:21] --- current velocity: 7.323668347364064 (frenet_interface.py:281)
INFO     [2025-01-12 11:39:21] --- current target velocity: 7.4818964893444555 (frenet_interface.py:282)
INFO     [2025-01-12 11:39:21] --- Sampled interval of velocity: 0.00 m/s - 13.07 m/s (planner.py:310)
INFO     [2025-01-12 11:39:21] --- select trajectory 401 (reactive_planner_cpp.py:382)
INFO     [2025-01-12 11:39:21] --- current time step: 18 (frenet_interface.py:257)
INFO     [2025-01-12 11:39:21] --- current velocity: 7.163420084280748 (frenet_interface.py:258)
INFO     [2025-01-12 11:39:21] --- current target velocity: 7.323668347364064 (frenet_interface.py:259)
INFO     [2025-01-12 11:39:23] --- Sampled interval of velocity: 0.00 m/s - 12.91 m/s (planner.py:310)
INFO     [2025-01-12 11:39:23] --- current time step: 19 (frenet_interface.py:280)
INFO     [2025-01-12 11:39:23] --- current velocity: 6.876785656037572 (frenet_interface.py:281)
INFO     [2025-01-12 11:39:23] --- current target velocity: 7.163420084280748 (frenet_interface.py:282)
INFO     [2025-01-12 11:39:23] --- Sampled interval of velocity: 0.00 m/s - 12.63 m/s (planner.py:310)
INFO     [2025-01-12 11:39:23] --- current time step: 20 (frenet_interface.py:280)
INFO     [2025-01-12 11:39:23] --- current velocity: 6.485897073089521 (frenet_interface.py:281)
INFO     [2025-01-12 11:39:23] --- current target velocity: 6.876785656037572 (frenet_interface.py:282)
INFO     [2025-01-12 11:39:23] --- Sampled interval of velocity: 0.00 m/s - 12.24 m/s (planner.py:310)
INFO     [2025-01-12 11:39:23] --- select trajectory 491 (reactive_planner_cpp.py:382)
INFO     [2025-01-12 11:39:24] --- current time step: 21 (frenet_interface.py:257)
INFO     [2025-01-12 11:39:24] --- current velocity: 6.203551595757142 (frenet_interface.py:258)
INFO     [2025-01-12 11:39:24] --- current target velocity: 6.485897073089521 (frenet_interface.py:259)
INFO     [2025-01-12 11:39:25] --- Sampled interval of velocity: 0.00 m/s - 11.95 m/s (planner.py:310)
INFO     [2025-01-12 11:39:25] --- current time step: 22 (frenet_interface.py:280)
INFO     [2025-01-12 11:39:25] --- current velocity: 5.8066146122305575 (frenet_interface.py:281)
INFO     [2025-01-12 11:39:25] --- current target velocity: 6.203551595757142 (frenet_interface.py:282)
INFO     [2025-01-12 11:39:25] --- Sampled interval of velocity: 0.00 m/s - 11.56 m/s (planner.py:310)
INFO     [2025-01-12 11:39:25] --- current time step: 23 (frenet_interface.py:280)
INFO     [2025-01-12 11:39:25] --- current velocity: 5.3167777944248575 (frenet_interface.py:281)
INFO     [2025-01-12 11:39:25] --- current target velocity: 5.8066146122305575 (frenet_interface.py:282)
INFO     [2025-01-12 11:39:26] --- Sampled interval of velocity: 0.00 m/s - 11.07 m/s (planner.py:310)
INFO     [2025-01-12 11:39:26] --- select trajectory 191 (reactive_planner_cpp.py:382)
INFO     [2025-01-12 11:39:26] --- current time step: 24 (frenet_interface.py:257)
INFO     [2025-01-12 11:39:26] --- current velocity: 4.974351060698777 (frenet_interface.py:258)
INFO     [2025-01-12 11:39:26] --- current target velocity: 5.3167777944248575 (frenet_interface.py:259)
INFO     [2025-01-12 11:39:28] --- Sampled interval of velocity: 0.00 m/s - 10.72 m/s (planner.py:310)
INFO     [2025-01-12 11:39:28] --- current time step: 25 (frenet_interface.py:280)
INFO     [2025-01-12 11:39:28] --- current velocity: 4.499332881548505 (frenet_interface.py:281)
INFO     [2025-01-12 11:39:28] --- current target velocity: 4.974351060698777 (frenet_interface.py:282)
INFO     [2025-01-12 11:39:28] --- Sampled interval of velocity: 0.00 m/s - 10.25 m/s (planner.py:310)
INFO     [2025-01-12 11:39:28] --- current time step: 26 (frenet_interface.py:280)
INFO     [2025-01-12 11:39:28] --- current velocity: 3.9265320173679106 (frenet_interface.py:281)
INFO     [2025-01-12 11:39:28] --- current target velocity: 4.499332881548505 (frenet_interface.py:282)
INFO     [2025-01-12 11:39:28] --- Sampled interval of velocity: 0.00 m/s - 9.68 m/s (planner.py:310)
INFO     [2025-01-12 11:39:28] --- select trajectory 191 (reactive_planner_cpp.py:382)
INFO     [2025-01-12 11:39:28] --- current time step: 27 (frenet_interface.py:257)
INFO     [2025-01-12 11:39:28] --- current velocity: 3.5830003739253335 (frenet_interface.py:258)
INFO     [2025-01-12 11:39:28] --- current target velocity: 3.9265320173679106 (frenet_interface.py:259)
INFO     [2025-01-12 11:39:30] --- Sampled interval of velocity: 0.00 m/s - 9.33 m/s (planner.py:310)
INFO     [2025-01-12 11:39:30] --- current time step: 28 (frenet_interface.py:280)
INFO     [2025-01-12 11:39:30] --- current velocity: 3.1760051003747063 (frenet_interface.py:281)
INFO     [2025-01-12 11:39:30] --- current target velocity: 3.5830003739253335 (frenet_interface.py:282)
INFO     [2025-01-12 11:39:30] --- Sampled interval of velocity: 0.00 m/s - 8.93 m/s (planner.py:310)
INFO     [2025-01-12 11:39:30] --- current time step: 29 (frenet_interface.py:280)
INFO     [2025-01-12 11:39:30] --- current velocity: 2.7258117526795904 (frenet_interface.py:281)
INFO     [2025-01-12 11:39:30] --- current target velocity: 3.1760051003747063 (frenet_interface.py:282)
INFO     [2025-01-12 11:39:30] --- Sampled interval of velocity: 0.00 m/s - 8.48 m/s (planner.py:310)
INFO     [2025-01-12 11:39:30] --- select trajectory 191 (reactive_planner_cpp.py:382)
INFO     [2025-01-12 11:39:30] --- current time step: 30 (frenet_interface.py:257)
INFO     [2025-01-12 11:39:30] --- current velocity: 2.4701846702446675 (frenet_interface.py:258)
INFO     [2025-01-12 11:39:30] --- current target velocity: 2.7258117526795904 (frenet_interface.py:259)
INFO     [2025-01-12 11:39:32] --- Sampled interval of velocity: 0.00 m/s - 8.22 m/s (planner.py:310)
INFO     [2025-01-12 11:39:32] --- current time step: 31 (frenet_interface.py:280)
INFO     [2025-01-12 11:39:32] --- current velocity: 2.177031605268115 (frenet_interface.py:281)
INFO     [2025-01-12 11:39:32] --- current target velocity: 2.4701846702446675 (frenet_interface.py:282)
INFO     [2025-01-12 11:39:32] --- Sampled interval of velocity: 0.00 m/s - 7.93 m/s (planner.py:310)
INFO     [2025-01-12 11:39:32] --- current time step: 32 (frenet_interface.py:280)
INFO     [2025-01-12 11:39:32] --- current velocity: 1.8593890274061025 (frenet_interface.py:281)
INFO     [2025-01-12 11:39:32] --- current target velocity: 2.177031605268115 (frenet_interface.py:282)
INFO     [2025-01-12 11:39:33] --- Sampled interval of velocity: 0.00 m/s - 7.61 m/s (planner.py:310)
WARNING  [2025-01-12 11:39:33] --- No optimal trajectory available. Select stopping trajectory! (reactive_planner_cpp.py:407)
INFO     [2025-01-12 11:39:33] --- current time step: 33 (frenet_interface.py:257)
INFO     [2025-01-12 11:39:33] --- current velocity: 1.6815842934411795 (frenet_interface.py:258)
INFO     [2025-01-12 11:39:33] --- current target velocity: 1.8593890274061025 (frenet_interface.py:259)
INFO     [2025-01-12 11:39:34] --- Sampled interval of velocity: 0.00 m/s - 7.43 m/s (planner.py:310)
INFO     [2025-01-12 11:39:34] --- current time step: 34 (frenet_interface.py:280)
INFO     [2025-01-12 11:39:34] --- current velocity: 1.4795010161088658 (frenet_interface.py:281)
INFO     [2025-01-12 11:39:34] --- current target velocity: 1.6815842934411795 (frenet_interface.py:282)
INFO     [2025-01-12 11:39:35] --- Sampled interval of velocity: 0.00 m/s - 7.23 m/s (planner.py:310)
INFO     [2025-01-12 11:39:35] --- current time step: 35 (frenet_interface.py:280)
INFO     [2025-01-12 11:39:35] --- current velocity: 1.26182275660806 (frenet_interface.py:281)
INFO     [2025-01-12 11:39:35] --- current target velocity: 1.4795010161088658 (frenet_interface.py:282)
INFO     [2025-01-12 11:39:35] --- Sampled interval of velocity: 0.00 m/s - 7.01 m/s (planner.py:310)
WARNING  [2025-01-12 11:39:36] --- No optimal trajectory available. Select stopping trajectory! (reactive_planner_cpp.py:407)
INFO     [2025-01-12 11:39:36] --- current time step: 36 (frenet_interface.py:257)
INFO     [2025-01-12 11:39:36] --- current velocity: 1.140481479330091 (frenet_interface.py:258)
INFO     [2025-01-12 11:39:36] --- current target velocity: 1.26182275660806 (frenet_interface.py:259)
INFO     [2025-01-12 11:39:37] --- Sampled interval of velocity: 0.00 m/s - 6.89 m/s (planner.py:310)
INFO     [2025-01-12 11:39:37] --- current time step: 37 (frenet_interface.py:280)
INFO     [2025-01-12 11:39:37] --- current velocity: 1.0029381606608745 (frenet_interface.py:281)
INFO     [2025-01-12 11:39:37] --- current target velocity: 1.140481479330091 (frenet_interface.py:282)
