CRITICAL [2025-01-12 11:28:58] --- Start Planner Vehicle ID: 3040 (frenet_interface.py:67)
INFO     [2025-01-12 11:28:58] --- Sampled interval of velocity: 0.00 m/s - 7.22 m/s (planner.py:310)
INFO     [2025-01-12 11:28:58] --- select trajectory 191 (reactive_planner_cpp.py:382)
INFO     [2025-01-12 11:28:58] --- current time step: 0 (frenet_interface.py:257)
INFO     [2025-01-12 11:28:58] --- current velocity: 1.4327134888529727 (frenet_interface.py:258)
INFO     [2025-01-12 11:28:58] --- current target velocity: 4.4808263783074525 (frenet_interface.py:259)
INFO     [2025-01-12 11:29:00] --- Sampled interval of velocity: 0.00 m/s - 7.18 m/s (planner.py:310)
INFO     [2025-01-12 11:29:00] --- current time step: 1 (frenet_interface.py:280)
INFO     [2025-01-12 11:29:00] --- current velocity: 1.3389684156596766 (frenet_interface.py:281)
INFO     [2025-01-12 11:29:00] --- current target velocity: 4.501277768501768 (frenet_interface.py:282)
INFO     [2025-01-12 11:29:00] --- Sampled interval of velocity: 0.00 m/s - 7.09 m/s (planner.py:310)
INFO     [2025-01-12 11:29:00] --- current time step: 2 (frenet_interface.py:280)
INFO     [2025-01-12 11:29:00] --- current velocity: 1.1987650722454526 (frenet_interface.py:281)
INFO     [2025-01-12 11:29:00] --- current target velocity: 4.522449382589073 (frenet_interface.py:282)
INFO     [2025-01-12 11:29:00] --- Sampled interval of velocity: 0.00 m/s - 6.95 m/s (planner.py:310)
INFO     [2025-01-12 11:29:00] --- select trajectory 461 (reactive_planner_cpp.py:382)
INFO     [2025-01-12 11:29:00] --- current time step: 3 (frenet_interface.py:257)
INFO     [2025-01-12 11:29:00] --- current velocity: 1.2014371095710046 (frenet_interface.py:258)
INFO     [2025-01-12 11:29:00] --- current target velocity: 4.54471764655861 (frenet_interface.py:259)
INFO     [2025-01-12 11:29:02] --- Sampled interval of velocity: 0.00 m/s - 6.95 m/s (planner.py:310)
INFO     [2025-01-12 11:29:02] --- current time step: 4 (frenet_interface.py:280)
INFO     [2025-01-12 11:29:02] --- current velocity: 1.3524785799621863 (frenet_interface.py:281)
INFO     [2025-01-12 11:29:02] --- current target velocity: 4.567880006395921 (frenet_interface.py:282)
INFO     [2025-01-12 11:29:03] --- Sampled interval of velocity: 0.00 m/s - 7.10 m/s (planner.py:310)
INFO     [2025-01-12 11:29:03] --- current time step: 5 (frenet_interface.py:280)
INFO     [2025-01-12 11:29:03] --- current velocity: 1.6280282805026995 (frenet_interface.py:281)
INFO     [2025-01-12 11:29:03] --- current target velocity: 4.590815516255224 (frenet_interface.py:282)
INFO     [2025-01-12 11:29:03] --- Sampled interval of velocity: 0.00 m/s - 7.38 m/s (planner.py:310)
INFO     [2025-01-12 11:29:03] --- select trajectory 171 (reactive_planner_cpp.py:382)
INFO     [2025-01-12 11:29:03] --- current time step: 6 (frenet_interface.py:257)
INFO     [2025-01-12 11:29:03] --- current velocity: 1.8981564388841001 (frenet_interface.py:258)
INFO     [2025-01-12 11:29:03] --- current target velocity: 4.612565372199275 (frenet_interface.py:259)
INFO     [2025-01-12 11:29:04] --- Sampled interval of velocity: 0.00 m/s - 7.65 m/s (planner.py:310)
INFO     [2025-01-12 11:29:04] --- current time step: 7 (frenet_interface.py:280)
INFO     [2025-01-12 11:29:04] --- current velocity: 2.349587557600337 (frenet_interface.py:281)
INFO     [2025-01-12 11:29:04] --- current target velocity: 4.6327521507463665 (frenet_interface.py:282)
INFO     [2025-01-12 11:29:04] --- Sampled interval of velocity: 0.00 m/s - 8.10 m/s (planner.py:310)
INFO     [2025-01-12 11:29:04] --- current time step: 8 (frenet_interface.py:280)
INFO     [2025-01-12 11:29:04] --- current velocity: 2.9385370443235685 (frenet_interface.py:281)
INFO     [2025-01-12 11:29:04] --- current target velocity: 4.6506388635958205 (frenet_interface.py:282)
INFO     [2025-01-12 11:29:05] --- Sampled interval of velocity: 0.00 m/s - 8.69 m/s (planner.py:310)
INFO     [2025-01-12 11:29:05] --- select trajectory 276 (reactive_planner_cpp.py:382)
INFO     [2025-01-12 11:29:05] --- current time step: 9 (frenet_interface.py:257)
INFO     [2025-01-12 11:29:05] --- current velocity: 3.2701398184766335 (frenet_interface.py:258)
INFO     [2025-01-12 11:29:05] --- current target velocity: 4.665035972523496 (frenet_interface.py:259)
INFO     [2025-01-12 11:29:07] --- Sampled interval of velocity: 0.00 m/s - 9.02 m/s (planner.py:310)
INFO     [2025-01-12 11:29:07] --- current time step: 10 (frenet_interface.py:280)
INFO     [2025-01-12 11:29:07] --- current velocity: 3.619733991405757 (frenet_interface.py:281)
INFO     [2025-01-12 11:29:07] --- current target velocity: 4.676266700501603 (frenet_interface.py:282)
INFO     [2025-01-12 11:29:07] --- Sampled interval of velocity: 0.00 m/s - 9.37 m/s (planner.py:310)
INFO     [2025-01-12 11:29:07] --- current time step: 11 (frenet_interface.py:280)
INFO     [2025-01-12 11:29:07] --- current velocity: 3.983397602345773 (frenet_interface.py:281)
INFO     [2025-01-12 11:29:07] --- current target velocity: 4.68518486536245 (frenet_interface.py:282)
INFO     [2025-01-12 11:29:07] --- Sampled interval of velocity: 0.00 m/s - 9.73 m/s (planner.py:310)
INFO     [2025-01-12 11:29:07] --- select trajectory 281 (reactive_planner_cpp.py:382)
INFO     [2025-01-12 11:29:07] --- current time step: 12 (frenet_interface.py:257)
INFO     [2025-01-12 11:29:07] --- current velocity: 4.191302609114059 (frenet_interface.py:258)
INFO     [2025-01-12 11:29:07] --- current target velocity: 4.691621934612081 (frenet_interface.py:259)
INFO     [2025-01-12 11:29:09] --- Sampled interval of velocity: 0.00 m/s - 9.94 m/s (planner.py:310)
INFO     [2025-01-12 11:29:09] --- current time step: 13 (frenet_interface.py:280)
INFO     [2025-01-12 11:29:09] --- current velocity: 4.4423841221373 (frenet_interface.py:281)
INFO     [2025-01-12 11:29:09] --- current target velocity: 4.696066436667695 (frenet_interface.py:282)
INFO     [2025-01-12 11:29:10] --- Sampled interval of velocity: 0.00 m/s - 10.19 m/s (planner.py:310)
INFO     [2025-01-12 11:29:10] --- current time step: 14 (frenet_interface.py:280)
INFO     [2025-01-12 11:29:10] --- current velocity: 4.730752683467889 (frenet_interface.py:281)
INFO     [2025-01-12 11:29:10] --- current target velocity: 4.698865954961384 (frenet_interface.py:282)
INFO     [2025-01-12 11:29:10] --- Sampled interval of velocity: 0.00 m/s - 10.48 m/s (planner.py:310)
WARNING  [2025-01-12 11:29:11] --- No optimal trajectory available. Select stopping trajectory! (reactive_planner_cpp.py:407)
INFO     [2025-01-12 11:29:11] --- current time step: 15 (frenet_interface.py:257)
INFO     [2025-01-12 11:29:11] --- current velocity: 4.746041952840949 (frenet_interface.py:258)
INFO     [2025-01-12 11:29:11] --- current target velocity: 4.699682193413506 (frenet_interface.py:259)
INFO     [2025-01-12 11:29:12] --- Sampled interval of velocity: 0.00 m/s - 10.50 m/s (planner.py:310)
INFO     [2025-01-12 11:29:12] --- current time step: 16 (frenet_interface.py:280)
INFO     [2025-01-12 11:29:12] --- current velocity: 4.521446881977781 (frenet_interface.py:281)
INFO     [2025-01-12 11:29:12] --- current target velocity: 4.699172711590094 (frenet_interface.py:282)
INFO     [2025-01-12 11:29:12] --- Sampled interval of velocity: 0.00 m/s - 10.27 m/s (planner.py:310)
INFO     [2025-01-12 11:29:12] --- current time step: 17 (frenet_interface.py:280)
INFO     [2025-01-12 11:29:12] --- current velocity: 4.107153562212055 (frenet_interface.py:281)
INFO     [2025-01-12 11:29:12] --- current target velocity: 4.699473849572879 (frenet_interface.py:282)
INFO     [2025-01-12 11:29:12] --- Sampled interval of velocity: 0.00 m/s - 9.86 m/s (planner.py:310)
WARNING  [2025-01-12 11:29:13] --- No optimal trajectory available. Select stopping trajectory! (reactive_planner_cpp.py:407)
INFO     [2025-01-12 11:29:13] --- current time step: 18 (frenet_interface.py:257)
INFO     [2025-01-12 11:29:13] --- current velocity: 3.807621551158724 (frenet_interface.py:258)
INFO     [2025-01-12 11:29:13] --- current target velocity: 4.702246272225605 (frenet_interface.py:259)
INFO     [2025-01-12 11:29:15] --- Sampled interval of velocity: 0.00 m/s - 9.56 m/s (planner.py:310)
INFO     [2025-01-12 11:29:15] --- current time step: 19 (frenet_interface.py:280)
INFO     [2025-01-12 11:29:15] --- current velocity: 3.4187138135742994 (frenet_interface.py:281)
INFO     [2025-01-12 11:29:15] --- current target velocity: 4.707844342534866 (frenet_interface.py:282)
INFO     [2025-01-12 11:29:16] --- Sampled interval of velocity: 0.00 m/s - 9.17 m/s (planner.py:310)
INFO     [2025-01-12 11:29:16] --- current time step: 20 (frenet_interface.py:280)
INFO     [2025-01-12 11:29:16] --- current velocity: 2.9655073583440905 (frenet_interface.py:281)
INFO     [2025-01-12 11:29:16] --- current target velocity: 4.7162121449533405 (frenet_interface.py:282)
INFO     [2025-01-12 11:29:16] --- Sampled interval of velocity: 0.00 m/s - 8.72 m/s (planner.py:310)
INFO     [2025-01-12 11:29:16] --- select trajectory 382 (reactive_planner_cpp.py:382)
INFO     [2025-01-12 11:29:16] --- current time step: 21 (frenet_interface.py:257)
INFO     [2025-01-12 11:29:16] --- current velocity: 2.7467120188582164 (frenet_interface.py:258)
INFO     [2025-01-12 11:29:16] --- current target velocity: 4.728017772690782 (frenet_interface.py:259)
INFO     [2025-01-12 11:29:18] --- Sampled interval of velocity: 0.00 m/s - 8.50 m/s (planner.py:310)
INFO     [2025-01-12 11:29:18] --- current time step: 22 (frenet_interface.py:280)
INFO     [2025-01-12 11:29:18] --- current velocity: 2.5659122257577263 (frenet_interface.py:281)
INFO     [2025-01-12 11:29:18] --- current target velocity: 4.742716229870809 (frenet_interface.py:282)
INFO     [2025-01-12 11:29:18] --- Sampled interval of velocity: 0.00 m/s - 8.32 m/s (planner.py:310)
INFO     [2025-01-12 11:29:18] --- current time step: 23 (frenet_interface.py:280)
INFO     [2025-01-12 11:29:18] --- current velocity: 2.4203286441041536 (frenet_interface.py:281)
INFO     [2025-01-12 11:29:18] --- current target velocity: 4.759226474196748 (frenet_interface.py:282)
INFO     [2025-01-12 11:29:19] --- Sampled interval of velocity: 0.00 m/s - 8.17 m/s (planner.py:310)
INFO     [2025-01-12 11:29:19] --- select trajectory 41 (reactive_planner_cpp.py:382)
INFO     [2025-01-12 11:29:19] --- current time step: 24 (frenet_interface.py:257)
INFO     [2025-01-12 11:29:19] --- current velocity: 2.384646554541318 (frenet_interface.py:258)
INFO     [2025-01-12 11:29:19] --- current target velocity: 4.777292188767501 (frenet_interface.py:259)
INFO     [2025-01-12 11:29:20] --- Sampled interval of velocity: 0.00 m/s - 8.13 m/s (planner.py:310)
INFO     [2025-01-12 11:29:20] --- current time step: 25 (frenet_interface.py:280)
INFO     [2025-01-12 11:29:20] --- current velocity: 2.408643352751591 (frenet_interface.py:281)
INFO     [2025-01-12 11:29:20] --- current target velocity: 4.796367758620954 (frenet_interface.py:282)
INFO     [2025-01-12 11:29:21] --- Sampled interval of velocity: 0.00 m/s - 8.16 m/s (planner.py:310)
INFO     [2025-01-12 11:29:21] --- current time step: 26 (frenet_interface.py:280)
INFO     [2025-01-12 11:29:21] --- current velocity: 2.487388445381308 (frenet_interface.py:281)
INFO     [2025-01-12 11:29:21] --- current target velocity: 4.815732230274812 (frenet_interface.py:282)
INFO     [2025-01-12 11:29:21] --- Sampled interval of velocity: 0.00 m/s - 8.24 m/s (planner.py:310)
INFO     [2025-01-12 11:29:21] --- select trajectory 141 (reactive_planner_cpp.py:382)
INFO     [2025-01-12 11:29:21] --- current time step: 27 (frenet_interface.py:257)
INFO     [2025-01-12 11:29:21] --- current velocity: 2.5880394857790376 (frenet_interface.py:258)
INFO     [2025-01-12 11:29:21] --- current target velocity: 4.834912089182372 (frenet_interface.py:259)
INFO     [2025-01-12 11:29:22] --- Sampled interval of velocity: 0.00 m/s - 8.34 m/s (planner.py:310)
INFO     [2025-01-12 11:29:22] --- current time step: 28 (frenet_interface.py:280)
INFO     [2025-01-12 11:29:22] --- current velocity: 2.779312047977889 (frenet_interface.py:281)
INFO     [2025-01-12 11:29:22] --- current target velocity: 4.853633837621277 (frenet_interface.py:282)
INFO     [2025-01-12 11:29:23] --- Sampled interval of velocity: 0.00 m/s - 8.53 m/s (planner.py:310)
INFO     [2025-01-12 11:29:23] --- current time step: 29 (frenet_interface.py:280)
INFO     [2025-01-12 11:29:23] --- current velocity: 3.042848782568182 (frenet_interface.py:281)
INFO     [2025-01-12 11:29:23] --- current target velocity: 4.871385647566906 (frenet_interface.py:282)
INFO     [2025-01-12 11:29:23] --- Sampled interval of velocity: 0.00 m/s - 8.79 m/s (planner.py:310)
INFO     [2025-01-12 11:29:23] --- select trajectory 131 (reactive_planner_cpp.py:382)
INFO     [2025-01-12 11:29:23] --- current time step: 30 (frenet_interface.py:257)
INFO     [2025-01-12 11:29:23] --- current velocity: 3.1999493724215737 (frenet_interface.py:258)
INFO     [2025-01-12 11:29:23] --- current target velocity: 4.887484600704386 (frenet_interface.py:259)
INFO     [2025-01-12 11:29:25] --- Sampled interval of velocity: 0.00 m/s - 8.95 m/s (planner.py:310)
INFO     [2025-01-12 11:29:25] --- current time step: 31 (frenet_interface.py:280)
INFO     [2025-01-12 11:29:25] --- current velocity: 3.3656729687554385 (frenet_interface.py:281)
INFO     [2025-01-12 11:29:25] --- current target velocity: 4.90206308584813 (frenet_interface.py:282)
INFO     [2025-01-12 11:29:25] --- Sampled interval of velocity: 0.00 m/s - 9.12 m/s (planner.py:310)
INFO     [2025-01-12 11:29:25] --- current time step: 32 (frenet_interface.py:280)
INFO     [2025-01-12 11:29:25] --- current velocity: 3.534510913929816 (frenet_interface.py:281)
INFO     [2025-01-12 11:29:25] --- current target velocity: 4.915568070576812 (frenet_interface.py:282)
INFO     [2025-01-12 11:29:26] --- Sampled interval of velocity: 0.00 m/s - 9.28 m/s (planner.py:310)
INFO     [2025-01-12 11:29:26] --- select trajectory 131 (reactive_planner_cpp.py:382)
INFO     [2025-01-12 11:29:26] --- current time step: 33 (frenet_interface.py:257)
INFO     [2025-01-12 11:29:26] --- current velocity: 3.6337607000639958 (frenet_interface.py:258)
INFO     [2025-01-12 11:29:26] --- current target velocity: 4.927929635650654 (frenet_interface.py:259)
INFO     [2025-01-12 11:29:27] --- Sampled interval of velocity: 0.00 m/s - 9.38 m/s (planner.py:310)
INFO     [2025-01-12 11:29:27] --- current time step: 34 (frenet_interface.py:280)
INFO     [2025-01-12 11:29:27] --- current velocity: 3.750249519925476 (frenet_interface.py:281)
INFO     [2025-01-12 11:29:27] --- current target velocity: 4.939425776455245 (frenet_interface.py:282)
INFO     [2025-01-12 11:29:28] --- Sampled interval of velocity: 0.00 m/s - 9.50 m/s (planner.py:310)
INFO     [2025-01-12 11:29:28] --- current time step: 35 (frenet_interface.py:280)
INFO     [2025-01-12 11:29:28] --- current velocity: 3.8780885745312395 (frenet_interface.py:281)
INFO     [2025-01-12 11:29:28] --- current target velocity: 4.950235363979774 (frenet_interface.py:282)
INFO     [2025-01-12 11:29:28] --- Sampled interval of velocity: 0.00 m/s - 9.63 m/s (planner.py:310)
INFO     [2025-01-12 11:29:28] --- select trajectory 151 (reactive_planner_cpp.py:382)
INFO     [2025-01-12 11:29:28] --- current time step: 36 (frenet_interface.py:257)
INFO     [2025-01-12 11:29:28] --- current velocity: 3.984074752760124 (frenet_interface.py:258)
INFO     [2025-01-12 11:29:28] --- current target velocity: 4.960200509098855 (frenet_interface.py:259)
INFO     [2025-01-12 11:29:29] --- Sampled interval of velocity: 0.00 m/s - 9.73 m/s (planner.py:310)
INFO     [2025-01-12 11:29:29] --- current time step: 37 (frenet_interface.py:280)
INFO     [2025-01-12 11:29:29] --- current velocity: 4.1554234085093125 (frenet_interface.py:281)
INFO     [2025-01-12 11:29:29] --- current target velocity: 4.969385527453157 (frenet_interface.py:282)
INFO     [2025-01-12 11:29:30] --- Sampled interval of velocity: 0.00 m/s - 9.91 m/s (planner.py:310)
INFO     [2025-01-12 11:29:30] --- current time step: 38 (frenet_interface.py:280)
INFO     [2025-01-12 11:29:30] --- current velocity: 4.3762435131520805 (frenet_interface.py:281)
INFO     [2025-01-12 11:29:30] --- current target velocity: 4.977502666753495 (frenet_interface.py:282)
INFO     [2025-01-12 11:29:30] --- Sampled interval of velocity: 0.00 m/s - 10.13 m/s (planner.py:310)
INFO     [2025-01-12 11:29:30] --- select trajectory 181 (reactive_planner_cpp.py:382)
INFO     [2025-01-12 11:29:30] --- current time step: 39 (frenet_interface.py:257)
INFO     [2025-01-12 11:29:30] --- current velocity: 4.609979875998438 (frenet_interface.py:258)
INFO     [2025-01-12 11:29:30] --- current target velocity: 4.983991709477096 (frenet_interface.py:259)
INFO     [2025-01-12 11:29:32] --- Sampled interval of velocity: 0.00 m/s - 10.36 m/s (planner.py:310)
INFO     [2025-01-12 11:29:32] --- current time step: 40 (frenet_interface.py:280)
INFO     [2025-01-12 11:29:32] --- current velocity: 5.038956835705886 (frenet_interface.py:281)
INFO     [2025-01-12 11:29:32] --- current target velocity: 4.609979875998438 (frenet_interface.py:282)
INFO     [2025-01-12 11:29:32] --- Sampled interval of velocity: 0.00 m/s - 10.79 m/s (planner.py:310)
INFO     [2025-01-12 11:29:32] --- current time step: 41 (frenet_interface.py:280)
INFO     [2025-01-12 11:29:32] --- current velocity: 5.617301869934486 (frenet_interface.py:281)
INFO     [2025-01-12 11:29:32] --- current target velocity: 5.038956835705886 (frenet_interface.py:282)
INFO     [2025-01-12 11:29:33] --- Sampled interval of velocity: 0.00 m/s - 11.37 m/s (planner.py:310)
INFO     [2025-01-12 11:29:33] --- select trajectory 161 (reactive_planner_cpp.py:382)
INFO     [2025-01-12 11:29:33] --- current time step: 42 (frenet_interface.py:257)
INFO     [2025-01-12 11:29:33] --- current velocity: 5.948361212135652 (frenet_interface.py:258)
INFO     [2025-01-12 11:29:33] --- current target velocity: 5.617301869934486 (frenet_interface.py:259)
INFO     [2025-01-12 11:29:35] --- Sampled interval of velocity: 0.00 m/s - 11.70 m/s (planner.py:310)
INFO     [2025-01-12 11:29:35] --- current time step: 43 (frenet_interface.py:280)
INFO     [2025-01-12 11:29:35] --- current velocity: 6.297128622378781 (frenet_interface.py:281)
INFO     [2025-01-12 11:29:35] --- current target velocity: 5.948361212135652 (frenet_interface.py:282)
INFO     [2025-01-12 11:29:35] --- Sampled interval of velocity: 0.00 m/s - 12.05 m/s (planner.py:310)
INFO     [2025-01-12 11:29:35] --- current time step: 44 (frenet_interface.py:280)
INFO     [2025-01-12 11:29:35] --- current velocity: 6.653443661630215 (frenet_interface.py:281)
INFO     [2025-01-12 11:29:35] --- current target velocity: 6.297128622378781 (frenet_interface.py:282)
INFO     [2025-01-12 11:29:35] --- Sampled interval of velocity: 0.00 m/s - 12.40 m/s (planner.py:310)
INFO     [2025-01-12 11:29:35] --- select trajectory 151 (reactive_planner_cpp.py:382)
INFO     [2025-01-12 11:29:35] --- current time step: 45 (frenet_interface.py:257)
INFO     [2025-01-12 11:29:35] --- current velocity: 6.800721148460427 (frenet_interface.py:258)
INFO     [2025-01-12 11:29:35] --- current target velocity: 6.653443661630215 (frenet_interface.py:259)
INFO     [2025-01-12 11:29:37] --- Sampled interval of velocity: 0.00 m/s - 12.55 m/s (planner.py:310)
INFO     [2025-01-12 11:29:37] --- current time step: 46 (frenet_interface.py:280)
INFO     [2025-01-12 11:29:37] --- current velocity: 6.892132054476436 (frenet_interface.py:281)
INFO     [2025-01-12 11:29:37] --- current target velocity: 6.800721148460427 (frenet_interface.py:282)
INFO     [2025-01-12 11:29:37] --- Sampled interval of velocity: 0.00 m/s - 12.64 m/s (planner.py:310)
INFO     [2025-01-12 11:29:37] --- current time step: 47 (frenet_interface.py:280)
INFO     [2025-01-12 11:29:37] --- current velocity: 6.9364709588827695 (frenet_interface.py:281)
INFO     [2025-01-12 11:29:37] --- current target velocity: 6.892132054476436 (frenet_interface.py:282)
INFO     [2025-01-12 11:29:38] --- Sampled interval of velocity: 0.00 m/s - 12.69 m/s (planner.py:310)
INFO     [2025-01-12 11:29:38] --- select trajectory 151 (reactive_planner_cpp.py:382)
INFO     [2025-01-12 11:29:38] --- current time step: 48 (frenet_interface.py:257)
INFO     [2025-01-12 11:29:38] --- current velocity: 6.946294385293786 (frenet_interface.py:258)
INFO     [2025-01-12 11:29:38] --- current target velocity: 6.9364709588827695 (frenet_interface.py:259)
INFO     [2025-01-12 11:29:39] --- Sampled interval of velocity: 0.00 m/s - 12.70 m/s (planner.py:310)
INFO     [2025-01-12 11:29:39] --- current time step: 49 (frenet_interface.py:280)
INFO     [2025-01-12 11:29:39] --- current velocity: 6.952385394362618 (frenet_interface.py:281)
INFO     [2025-01-12 11:29:39] --- current target velocity: 6.946294385293786 (frenet_interface.py:282)
INFO     [2025-01-12 11:29:39] --- Sampled interval of velocity: 0.00 m/s - 12.70 m/s (planner.py:310)
INFO     [2025-01-12 11:29:39] --- current time step: 50 (frenet_interface.py:280)
INFO     [2025-01-12 11:29:39] --- current velocity: 6.95532525639719 (frenet_interface.py:281)
INFO     [2025-01-12 11:29:39] --- current target velocity: 6.952385394362618 (frenet_interface.py:282)
INFO     [2025-01-12 11:29:40] --- Sampled interval of velocity: 0.00 m/s - 12.71 m/s (planner.py:310)
INFO     [2025-01-12 11:29:40] --- select trajectory 151 (reactive_planner_cpp.py:382)
INFO     [2025-01-12 11:29:40] --- current time step: 51 (frenet_interface.py:257)
INFO     [2025-01-12 11:29:40] --- current velocity: 6.955968946861506 (frenet_interface.py:258)
INFO     [2025-01-12 11:29:40] --- current target velocity: 6.95532525639719 (frenet_interface.py:259)
INFO     [2025-01-12 11:29:41] --- Sampled interval of velocity: 0.00 m/s - 12.71 m/s (planner.py:310)
INFO     [2025-01-12 11:29:41] --- current time step: 52 (frenet_interface.py:280)
INFO     [2025-01-12 11:29:41] --- current velocity: 6.956363766905149 (frenet_interface.py:281)
INFO     [2025-01-12 11:29:41] --- current target velocity: 6.955968946861506 (frenet_interface.py:282)
INFO     [2025-01-12 11:29:41] --- Sampled interval of velocity: 0.00 m/s - 12.71 m/s (planner.py:310)
INFO     [2025-01-12 11:29:41] --- current time step: 53 (frenet_interface.py:280)
INFO     [2025-01-12 11:29:41] --- current velocity: 6.956554247065286 (frenet_interface.py:281)
INFO     [2025-01-12 11:29:41] --- current target velocity: 6.956363766905149 (frenet_interface.py:282)
INFO     [2025-01-12 11:29:42] --- Sampled interval of velocity: 0.00 m/s - 12.71 m/s (planner.py:310)
INFO     [2025-01-12 11:29:42] --- select trajectory 451 (reactive_planner_cpp.py:382)
INFO     [2025-01-12 11:29:42] --- current time step: 54 (frenet_interface.py:257)
INFO     [2025-01-12 11:29:42] --- current velocity: 6.956598589618606 (frenet_interface.py:258)
INFO     [2025-01-12 11:29:42] --- current target velocity: 6.956554247065286 (frenet_interface.py:259)
INFO     [2025-01-12 11:29:43] --- Sampled interval of velocity: 0.00 m/s - 12.71 m/s (planner.py:310)
INFO     [2025-01-12 11:29:43] --- current time step: 55 (frenet_interface.py:280)
INFO     [2025-01-12 11:29:43] --- current velocity: 6.956631105345838 (frenet_interface.py:281)
INFO     [2025-01-12 11:29:43] --- current target velocity: 6.956598589618606 (frenet_interface.py:282)
INFO     [2025-01-12 11:29:43] --- Sampled interval of velocity: 0.00 m/s - 12.71 m/s (planner.py:310)
INFO     [2025-01-12 11:29:43] --- current time step: 56 (frenet_interface.py:280)
INFO     [2025-01-12 11:29:43] --- current velocity: 6.956652245648217 (frenet_interface.py:281)
INFO     [2025-01-12 11:29:43] --- current target velocity: 6.956631105345838 (frenet_interface.py:282)
INFO     [2025-01-12 11:29:44] --- Sampled interval of velocity: 0.00 m/s - 12.71 m/s (planner.py:310)
INFO     [2025-01-12 11:29:44] --- select trajectory 451 (reactive_planner_cpp.py:382)
INFO     [2025-01-12 11:29:44] --- current time step: 57 (frenet_interface.py:257)
INFO     [2025-01-12 11:29:44] --- current velocity: 6.956658903674025 (frenet_interface.py:258)
INFO     [2025-01-12 11:29:44] --- current target velocity: 6.956652245648217 (frenet_interface.py:259)
INFO     [2025-01-12 11:29:45] --- Sampled interval of velocity: 0.00 m/s - 12.71 m/s (planner.py:310)
INFO     [2025-01-12 11:29:45] --- current time step: 58 (frenet_interface.py:280)
INFO     [2025-01-12 11:29:45] --- current velocity: 6.956663188847257 (frenet_interface.py:281)
INFO     [2025-01-12 11:29:45] --- current target velocity: 6.956658903674025 (frenet_interface.py:282)
INFO     [2025-01-12 11:29:45] --- Sampled interval of velocity: 0.00 m/s - 12.71 m/s (planner.py:310)
INFO     [2025-01-12 11:29:45] --- current time step: 59 (frenet_interface.py:280)
INFO     [2025-01-12 11:29:45] --- current velocity: 6.956665421973648 (frenet_interface.py:281)
INFO     [2025-01-12 11:29:45] --- current target velocity: 6.956663188847257 (frenet_interface.py:282)
INFO     [2025-01-12 11:29:46] --- Sampled interval of velocity: 0.00 m/s - 12.71 m/s (planner.py:310)
INFO     [2025-01-12 11:29:46] --- select trajectory 151 (reactive_planner_cpp.py:382)
INFO     [2025-01-12 11:29:46] --- current time step: 60 (frenet_interface.py:257)
INFO     [2025-01-12 11:29:46] --- current velocity: 6.956665680610771 (frenet_interface.py:258)
INFO     [2025-01-12 11:29:46] --- current target velocity: 6.956665421973648 (frenet_interface.py:259)
INFO     [2025-01-12 11:29:47] --- Sampled interval of velocity: 0.00 m/s - 12.71 m/s (planner.py:310)
INFO     [2025-01-12 11:29:47] --- current time step: 61 (frenet_interface.py:280)
INFO     [2025-01-12 11:29:47] --- current velocity: 6.956665808380285 (frenet_interface.py:281)
INFO     [2025-01-12 11:29:47] --- current target velocity: 6.956665680610771 (frenet_interface.py:282)
INFO     [2025-01-12 11:29:48] --- Sampled interval of velocity: 0.00 m/s - 12.71 m/s (planner.py:310)
INFO     [2025-01-12 11:29:48] --- current time step: 62 (frenet_interface.py:280)
INFO     [2025-01-12 11:29:48] --- current velocity: 6.956665852883374 (frenet_interface.py:281)
INFO     [2025-01-12 11:29:48] --- current target velocity: 6.956665808380285 (frenet_interface.py:282)
INFO     [2025-01-12 11:29:48] --- Sampled interval of velocity: 0.00 m/s - 12.71 m/s (planner.py:310)
INFO     [2025-01-12 11:29:48] --- select trajectory 51 (reactive_planner_cpp.py:382)
INFO     [2025-01-12 11:29:48] --- current time step: 63 (frenet_interface.py:257)
INFO     [2025-01-12 11:29:48] --- current velocity: 6.956665924140476 (frenet_interface.py:258)
INFO     [2025-01-12 11:29:48] --- current target velocity: 6.956665852883374 (frenet_interface.py:259)
INFO     [2025-01-12 11:29:49] --- Sampled interval of velocity: 0.00 m/s - 12.71 m/s (planner.py:310)
INFO     [2025-01-12 11:29:49] --- current time step: 64 (frenet_interface.py:280)
INFO     [2025-01-12 11:29:49] --- current velocity: 6.956666048553709 (frenet_interface.py:281)
INFO     [2025-01-12 11:29:49] --- current target velocity: 6.956665924140476 (frenet_interface.py:282)
INFO     [2025-01-12 11:29:49] --- Sampled interval of velocity: 0.00 m/s - 12.71 m/s (planner.py:310)
INFO     [2025-01-12 11:29:50] --- current time step: 65 (frenet_interface.py:280)
INFO     [2025-01-12 11:29:50] --- current velocity: 6.956666155170809 (frenet_interface.py:281)
INFO     [2025-01-12 11:29:50] --- current target velocity: 6.956666048553709 (frenet_interface.py:282)
INFO     [2025-01-12 11:29:50] --- Sampled interval of velocity: 0.00 m/s - 12.71 m/s (planner.py:310)
INFO     [2025-01-12 11:29:50] --- select trajectory 51 (reactive_planner_cpp.py:382)
INFO     [2025-01-12 11:29:50] --- current time step: 66 (frenet_interface.py:257)
INFO     [2025-01-12 11:29:50] --- current velocity: 6.9566662137828015 (frenet_interface.py:258)
INFO     [2025-01-12 11:29:50] --- current target velocity: 6.956666155170809 (frenet_interface.py:259)
INFO     [2025-01-12 11:29:52] --- Sampled interval of velocity: 0.00 m/s - 12.71 m/s (planner.py:310)
INFO     [2025-01-12 11:29:52] --- current time step: 67 (frenet_interface.py:280)
INFO     [2025-01-12 11:29:52] --- current velocity: 6.956666236089889 (frenet_interface.py:281)
INFO     [2025-01-12 11:29:52] --- current target velocity: 6.9566662137828015 (frenet_interface.py:282)
INFO     [2025-01-12 11:29:52] --- Sampled interval of velocity: 0.00 m/s - 12.71 m/s (planner.py:310)
INFO     [2025-01-12 11:29:52] --- current time step: 68 (frenet_interface.py:280)
INFO     [2025-01-12 11:29:52] --- current velocity: 6.956666238443613 (frenet_interface.py:281)
INFO     [2025-01-12 11:29:52] --- current target velocity: 6.956666236089889 (frenet_interface.py:282)
INFO     [2025-01-12 11:29:53] --- Sampled interval of velocity: 0.00 m/s - 12.71 m/s (planner.py:310)
INFO     [2025-01-12 11:29:53] --- select trajectory 51 (reactive_planner_cpp.py:382)
INFO     [2025-01-12 11:29:53] --- current time step: 69 (frenet_interface.py:257)
INFO     [2025-01-12 11:29:53] --- current velocity: 6.9566662327007975 (frenet_interface.py:258)
INFO     [2025-01-12 11:29:53] --- current target velocity: 6.956666238443613 (frenet_interface.py:259)
INFO     [2025-01-12 11:29:55] --- Sampled interval of velocity: 0.00 m/s - 12.71 m/s (planner.py:310)
INFO     [2025-01-12 11:29:55] --- current time step: 70 (frenet_interface.py:280)
INFO     [2025-01-12 11:29:55] --- current velocity: 6.956666231122598 (frenet_interface.py:281)
INFO     [2025-01-12 11:29:55] --- current target velocity: 6.9566662327007975 (frenet_interface.py:282)
INFO     [2025-01-12 11:29:55] --- Sampled interval of velocity: 0.00 m/s - 12.71 m/s (planner.py:310)
INFO     [2025-01-12 11:29:55] --- current time step: 71 (frenet_interface.py:280)
INFO     [2025-01-12 11:29:55] --- current velocity: 6.956666233839792 (frenet_interface.py:281)
INFO     [2025-01-12 11:29:55] --- current target velocity: 6.956666231122598 (frenet_interface.py:282)
INFO     [2025-01-12 11:29:55] --- Sampled interval of velocity: 0.00 m/s - 12.71 m/s (planner.py:310)
INFO     [2025-01-12 11:29:55] --- select trajectory 51 (reactive_planner_cpp.py:382)
INFO     [2025-01-12 11:29:55] --- current time step: 72 (frenet_interface.py:257)
INFO     [2025-01-12 11:29:55] --- current velocity: 6.956666239356047 (frenet_interface.py:258)
INFO     [2025-01-12 11:29:55] --- current target velocity: 6.956666233839792 (frenet_interface.py:259)
INFO     [2025-01-12 11:29:57] --- Sampled interval of velocity: 0.00 m/s - 12.71 m/s (planner.py:310)
INFO     [2025-01-12 11:29:57] --- current time step: 73 (frenet_interface.py:280)
INFO     [2025-01-12 11:29:57] --- current velocity: 6.956666244378874 (frenet_interface.py:281)
INFO     [2025-01-12 11:29:57] --- current target velocity: 6.956666239356047 (frenet_interface.py:282)
INFO     [2025-01-12 11:29:57] --- Sampled interval of velocity: 0.00 m/s - 12.71 m/s (planner.py:310)
INFO     [2025-01-12 11:29:57] --- current time step: 74 (frenet_interface.py:280)
INFO     [2025-01-12 11:29:57] --- current velocity: 6.9566662471353995 (frenet_interface.py:281)
INFO     [2025-01-12 11:29:57] --- current target velocity: 6.956666244378874 (frenet_interface.py:282)
INFO     [2025-01-12 11:29:57] --- Sampled interval of velocity: 0.00 m/s - 12.71 m/s (planner.py:310)
INFO     [2025-01-12 11:29:57] --- select trajectory 51 (reactive_planner_cpp.py:382)
INFO     [2025-01-12 11:29:57] --- current time step: 75 (frenet_interface.py:257)
INFO     [2025-01-12 11:29:57] --- current velocity: 6.956666247663005 (frenet_interface.py:258)
INFO     [2025-01-12 11:29:57] --- current target velocity: 6.9566662471353995 (frenet_interface.py:259)
INFO     [2025-01-12 11:29:59] --- Sampled interval of velocity: 0.00 m/s - 12.71 m/s (planner.py:310)
INFO     [2025-01-12 11:29:59] --- current time step: 76 (frenet_interface.py:280)
INFO     [2025-01-12 11:29:59] --- current velocity: 6.9566662459261215 (frenet_interface.py:281)
INFO     [2025-01-12 11:29:59] --- current target velocity: 6.956666247663005 (frenet_interface.py:282)
INFO     [2025-01-12 11:29:59] --- Sampled interval of velocity: 0.00 m/s - 12.71 m/s (planner.py:310)
INFO     [2025-01-12 11:29:59] --- current time step: 77 (frenet_interface.py:280)
INFO     [2025-01-12 11:29:59] --- current velocity: 6.956666243891763 (frenet_interface.py:281)
INFO     [2025-01-12 11:29:59] --- current target velocity: 6.9566662459261215 (frenet_interface.py:282)
INFO     [2025-01-12 11:29:59] --- Sampled interval of velocity: 0.00 m/s - 12.71 m/s (planner.py:310)
INFO     [2025-01-12 11:29:59] --- select trajectory 51 (reactive_planner_cpp.py:382)
INFO     [2025-01-12 11:29:59] --- current time step: 78 (frenet_interface.py:257)
INFO     [2025-01-12 11:29:59] --- current velocity: 6.95666624210089 (frenet_interface.py:258)
INFO     [2025-01-12 11:29:59] --- current target velocity: 6.956666243891763 (frenet_interface.py:259)
INFO     [2025-01-12 11:30:00] --- Sampled interval of velocity: 0.00 m/s - 12.71 m/s (planner.py:310)
INFO     [2025-01-12 11:30:00] --- current time step: 79 (frenet_interface.py:280)
INFO     [2025-01-12 11:30:00] --- current velocity: 6.956666240916528 (frenet_interface.py:281)
INFO     [2025-01-12 11:30:00] --- current target velocity: 6.95666624210089 (frenet_interface.py:282)
INFO     [2025-01-12 11:30:01] --- Sampled interval of velocity: 0.00 m/s - 12.71 m/s (planner.py:310)
INFO     [2025-01-12 11:30:01] --- current time step: 80 (frenet_interface.py:280)
INFO     [2025-01-12 11:30:01] --- current velocity: 6.956666240754933 (frenet_interface.py:281)
INFO     [2025-01-12 11:30:01] --- current target velocity: 6.956666240916528 (frenet_interface.py:282)
INFO     [2025-01-12 11:30:01] --- Sampled interval of velocity: 0.00 m/s - 12.71 m/s (planner.py:310)
INFO     [2025-01-12 11:30:01] --- select trajectory 451 (reactive_planner_cpp.py:382)
INFO     [2025-01-12 11:30:01] --- current time step: 81 (frenet_interface.py:257)
INFO     [2025-01-12 11:30:01] --- current velocity: 6.9566662409510425 (frenet_interface.py:258)
INFO     [2025-01-12 11:30:01] --- current target velocity: 6.956666240754933 (frenet_interface.py:259)
INFO     [2025-01-12 11:30:03] --- Sampled interval of velocity: 0.00 m/s - 12.71 m/s (planner.py:310)
INFO     [2025-01-12 11:30:03] --- current time step: 82 (frenet_interface.py:280)
INFO     [2025-01-12 11:30:03] --- current velocity: 6.956666241374577 (frenet_interface.py:281)
INFO     [2025-01-12 11:30:03] --- current target velocity: 6.9566662409510425 (frenet_interface.py:282)
INFO     [2025-01-12 11:30:03] --- Sampled interval of velocity: 0.00 m/s - 12.71 m/s (planner.py:310)
INFO     [2025-01-12 11:30:03] --- current time step: 83 (frenet_interface.py:280)
INFO     [2025-01-12 11:30:03] --- current velocity: 6.9566662417665635 (frenet_interface.py:281)
INFO     [2025-01-12 11:30:03] --- current target velocity: 6.956666241374577 (frenet_interface.py:282)
