CRITICAL [2025-01-12 11:49:49] --- Start Planner Vehicle ID: 20093 (frenet_interface.py:67)
INFO     [2025-01-12 11:49:58] --- Sampled interval of velocity: 0.00 m/s - 5.75 m/s (planner.py:310)
INFO     [2025-01-12 11:49:58] --- select trajectory 606 (reactive_planner_cpp.py:382)
INFO     [2025-01-12 11:49:58] --- current time step: 0 (frenet_interface.py:257)
INFO     [2025-01-12 11:49:58] --- current velocity: 0.0025142640545134033 (frenet_interface.py:258)
INFO     [2025-01-12 11:49:58] --- current target velocity: 5.0 (frenet_interface.py:259)
INFO     [2025-01-12 11:50:01] --- Sampled interval of velocity: 0.00 m/s - 5.75 m/s (planner.py:310)
INFO     [2025-01-12 11:50:01] --- current time step: 1 (frenet_interface.py:280)
INFO     [2025-01-12 11:50:01] --- current velocity: 0.009820433751481868 (frenet_interface.py:281)
INFO     [2025-01-12 11:50:01] --- current target velocity: 5.002514264054513 (frenet_interface.py:282)
INFO     [2025-01-12 11:50:02] --- Sampled interval of velocity: 0.00 m/s - 5.76 m/s (planner.py:310)
INFO     [2025-01-12 11:50:02] --- current time step: 2 (frenet_interface.py:280)
INFO     [2025-01-12 11:50:02] --- current velocity: 0.02156362503008417 (frenet_interface.py:281)
INFO     [2025-01-12 11:50:02] --- current target velocity: 5.009820433751482 (frenet_interface.py:282)
INFO     [2025-01-12 11:50:03] --- Sampled interval of velocity: 0.00 m/s - 5.77 m/s (planner.py:310)
INFO     [2025-01-12 11:50:04] --- select trajectory 206 (reactive_planner_cpp.py:382)
INFO     [2025-01-12 11:50:04] --- current time step: 3 (frenet_interface.py:257)
INFO     [2025-01-12 11:50:04] --- current velocity: 0.03290415877596142 (frenet_interface.py:258)
INFO     [2025-01-12 11:50:04] --- current target velocity: 5.021563625030084 (frenet_interface.py:259)
INFO     [2025-01-12 11:50:05] --- Sampled interval of velocity: 0.00 m/s - 5.78 m/s (planner.py:310)
INFO     [2025-01-12 11:50:05] --- current time step: 4 (frenet_interface.py:280)
INFO     [2025-01-12 11:50:05] --- current velocity: 0.0524491177406 (frenet_interface.py:281)
INFO     [2025-01-12 11:50:05] --- current target velocity: 5.0329041587759615 (frenet_interface.py:282)
INFO     [2025-01-12 11:50:06] --- Sampled interval of velocity: 0.00 m/s - 5.80 m/s (planner.py:310)
INFO     [2025-01-12 11:50:06] --- current time step: 5 (frenet_interface.py:280)
INFO     [2025-01-12 11:50:06] --- current velocity: 0.0792489761952151 (frenet_interface.py:281)
INFO     [2025-01-12 11:50:06] --- current target velocity: 5.0524491177406 (frenet_interface.py:282)
INFO     [2025-01-12 11:50:08] --- Sampled interval of velocity: 0.00 m/s - 5.83 m/s (planner.py:310)
INFO     [2025-01-12 11:50:08] --- select trajectory 696 (reactive_planner_cpp.py:382)
INFO     [2025-01-12 11:50:08] --- current time step: 6 (frenet_interface.py:257)
INFO     [2025-01-12 11:50:08] --- current velocity: 0.09301187700496805 (frenet_interface.py:258)
INFO     [2025-01-12 11:50:08] --- current target velocity: 5.079248976195215 (frenet_interface.py:259)
INFO     [2025-01-12 11:50:11] --- Sampled interval of velocity: 0.00 m/s - 5.84 m/s (planner.py:310)
INFO     [2025-01-12 11:50:11] --- current time step: 7 (frenet_interface.py:280)
INFO     [2025-01-12 11:50:11] --- current velocity: 0.1042855213218932 (frenet_interface.py:281)
INFO     [2025-01-12 11:50:11] --- current target velocity: 5.093011877004968 (frenet_interface.py:282)
INFO     [2025-01-12 11:50:11] --- Sampled interval of velocity: 0.00 m/s - 5.85 m/s (planner.py:310)
INFO     [2025-01-12 11:50:11] --- current time step: 8 (frenet_interface.py:280)
INFO     [2025-01-12 11:50:11] --- current velocity: 0.11321569351073735 (frenet_interface.py:281)
INFO     [2025-01-12 11:50:11] --- current target velocity: 5.104285521321893 (frenet_interface.py:282)
INFO     [2025-01-12 11:50:13] --- Sampled interval of velocity: 0.00 m/s - 5.86 m/s (planner.py:310)
INFO     [2025-01-12 11:50:13] --- select trajectory 796 (reactive_planner_cpp.py:382)
INFO     [2025-01-12 11:50:13] --- current time step: 9 (frenet_interface.py:257)
INFO     [2025-01-12 11:50:13] --- current velocity: 0.11649855082615561 (frenet_interface.py:258)
INFO     [2025-01-12 11:50:13] --- current target velocity: 5.113215693510737 (frenet_interface.py:259)
INFO     [2025-01-12 11:50:16] --- Sampled interval of velocity: 0.00 m/s - 5.87 m/s (planner.py:310)
INFO     [2025-01-12 11:50:16] --- current time step: 10 (frenet_interface.py:280)
INFO     [2025-01-12 11:50:16] --- current velocity: 0.11858856858317003 (frenet_interface.py:281)
INFO     [2025-01-12 11:50:16] --- current target velocity: 5.116498550826155 (frenet_interface.py:282)
INFO     [2025-01-12 11:50:17] --- Sampled interval of velocity: 0.00 m/s - 5.87 m/s (planner.py:310)
INFO     [2025-01-12 11:50:17] --- current time step: 11 (frenet_interface.py:280)
INFO     [2025-01-12 11:50:17] --- current velocity: 0.1195619386608735 (frenet_interface.py:281)
INFO     [2025-01-12 11:50:17] --- current target velocity: 5.11858856858317 (frenet_interface.py:282)
INFO     [2025-01-12 11:50:18] --- Sampled interval of velocity: 0.00 m/s - 5.87 m/s (planner.py:310)
INFO     [2025-01-12 11:50:18] --- select trajectory 667 (reactive_planner_cpp.py:382)
INFO     [2025-01-12 11:50:18] --- current time step: 12 (frenet_interface.py:257)
INFO     [2025-01-12 11:50:18] --- current velocity: 0.13729768253004757 (frenet_interface.py:258)
INFO     [2025-01-12 11:50:18] --- current target velocity: 5.1195619386608735 (frenet_interface.py:259)
INFO     [2025-01-12 11:50:21] --- Sampled interval of velocity: 0.00 m/s - 5.89 m/s (planner.py:310)
INFO     [2025-01-12 11:50:21] --- current time step: 13 (frenet_interface.py:280)
INFO     [2025-01-12 11:50:21] --- current velocity: 0.18841521943755363 (frenet_interface.py:281)
INFO     [2025-01-12 11:50:21] --- current target velocity: 5.137297682530048 (frenet_interface.py:282)
INFO     [2025-01-12 11:50:21] --- Sampled interval of velocity: 0.00 m/s - 5.94 m/s (planner.py:310)
INFO     [2025-01-12 11:50:21] --- current time step: 14 (frenet_interface.py:280)
INFO     [2025-01-12 11:50:21] --- current velocity: 0.2704449555296119 (frenet_interface.py:281)
INFO     [2025-01-12 11:50:21] --- current target velocity: 5.1884152194375535 (frenet_interface.py:282)
INFO     [2025-01-12 11:50:23] --- Sampled interval of velocity: 0.00 m/s - 6.02 m/s (planner.py:310)
INFO     [2025-01-12 11:50:23] --- select trajectory 657 (reactive_planner_cpp.py:382)
INFO     [2025-01-12 11:50:23] --- current time step: 15 (frenet_interface.py:257)
INFO     [2025-01-12 11:50:23] --- current velocity: 0.3303451535460396 (frenet_interface.py:258)
INFO     [2025-01-12 11:50:23] --- current target velocity: 5.270444955529612 (frenet_interface.py:259)
INFO     [2025-01-12 11:50:26] --- Sampled interval of velocity: 0.00 m/s - 6.08 m/s (planner.py:310)
INFO     [2025-01-12 11:50:26] --- current time step: 16 (frenet_interface.py:280)
INFO     [2025-01-12 11:50:26] --- current velocity: 0.41220721559774387 (frenet_interface.py:281)
INFO     [2025-01-12 11:50:26] --- current target velocity: 5.330345153546039 (frenet_interface.py:282)
INFO     [2025-01-12 11:50:27] --- Sampled interval of velocity: 0.00 m/s - 6.16 m/s (planner.py:310)
INFO     [2025-01-12 11:50:27] --- current time step: 17 (frenet_interface.py:280)
INFO     [2025-01-12 11:50:27] --- current velocity: 0.5142877843364828 (frenet_interface.py:281)
INFO     [2025-01-12 11:50:27] --- current target velocity: 5.412207215597744 (frenet_interface.py:282)
INFO     [2025-01-12 11:50:28] --- Sampled interval of velocity: 0.00 m/s - 6.26 m/s (planner.py:310)
INFO     [2025-01-12 11:50:28] --- select trajectory 757 (reactive_planner_cpp.py:382)
INFO     [2025-01-12 11:50:28] --- current time step: 18 (frenet_interface.py:257)
INFO     [2025-01-12 11:50:28] --- current velocity: 0.5801349619801495 (frenet_interface.py:258)
INFO     [2025-01-12 11:50:28] --- current target velocity: 5.514287784336483 (frenet_interface.py:259)
INFO     [2025-01-12 11:50:31] --- Sampled interval of velocity: 0.00 m/s - 6.33 m/s (planner.py:310)
INFO     [2025-01-12 11:50:31] --- current time step: 19 (frenet_interface.py:280)
INFO     [2025-01-12 11:50:31] --- current velocity: 0.6650534024450787 (frenet_interface.py:281)
INFO     [2025-01-12 11:50:31] --- current target velocity: 5.58013496198015 (frenet_interface.py:282)
INFO     [2025-01-12 11:50:31] --- Sampled interval of velocity: 0.00 m/s - 6.42 m/s (planner.py:310)
INFO     [2025-01-12 11:50:31] --- current time step: 20 (frenet_interface.py:280)
INFO     [2025-01-12 11:50:31] --- current velocity: 0.7675760298127402 (frenet_interface.py:281)
INFO     [2025-01-12 11:50:31] --- current target velocity: 5.6650534024450785 (frenet_interface.py:282)
INFO     [2025-01-12 11:50:32] --- Sampled interval of velocity: 0.00 m/s - 6.52 m/s (planner.py:310)
WARNING  [2025-01-12 11:50:33] --- No optimal trajectory available. Select stopping trajectory! (reactive_planner_cpp.py:407)
INFO     [2025-01-12 11:50:33] --- current time step: 21 (frenet_interface.py:257)
INFO     [2025-01-12 11:50:33] --- current velocity: 0.8042317415676938 (frenet_interface.py:258)
INFO     [2025-01-12 11:50:33] --- current target velocity: 5.76757602981274 (frenet_interface.py:259)
INFO     [2025-01-12 11:50:36] --- Sampled interval of velocity: 0.00 m/s - 6.55 m/s (planner.py:310)
INFO     [2025-01-12 11:50:36] --- current time step: 22 (frenet_interface.py:280)
INFO     [2025-01-12 11:50:36] --- current velocity: 0.8066294238464278 (frenet_interface.py:281)
INFO     [2025-01-12 11:50:36] --- current target velocity: 5.804231741567694 (frenet_interface.py:282)
INFO     [2025-01-12 11:50:36] --- Sampled interval of velocity: 0.00 m/s - 6.56 m/s (planner.py:310)
INFO     [2025-01-12 11:50:36] --- current time step: 23 (frenet_interface.py:280)
INFO     [2025-01-12 11:50:36] --- current velocity: 0.7798227852063035 (frenet_interface.py:281)
INFO     [2025-01-12 11:50:36] --- current target velocity: 5.806629423846427 (frenet_interface.py:282)
INFO     [2025-01-12 11:50:37] --- Sampled interval of velocity: 0.00 m/s - 6.53 m/s (planner.py:310)
WARNING  [2025-01-12 11:50:38] --- No optimal trajectory available. Select stopping trajectory! (reactive_planner_cpp.py:407)
INFO     [2025-01-12 11:50:38] --- current time step: 24 (frenet_interface.py:257)
INFO     [2025-01-12 11:50:38] --- current velocity: 0.7452950721906344 (frenet_interface.py:258)
INFO     [2025-01-12 11:50:38] --- current target velocity: 5.779822785206304 (frenet_interface.py:259)
INFO     [2025-01-12 11:50:40] --- Sampled interval of velocity: 0.00 m/s - 6.50 m/s (planner.py:310)
INFO     [2025-01-12 11:50:40] --- current time step: 25 (frenet_interface.py:280)
INFO     [2025-01-12 11:50:40] --- current velocity: 0.6854077934936675 (frenet_interface.py:281)
INFO     [2025-01-12 11:50:40] --- current target velocity: 5.745295072190634 (frenet_interface.py:282)
INFO     [2025-01-12 11:50:41] --- Sampled interval of velocity: 0.00 m/s - 6.44 m/s (planner.py:310)
INFO     [2025-01-12 11:50:41] --- current time step: 26 (frenet_interface.py:280)
INFO     [2025-01-12 11:50:41] --- current velocity: 0.6061934663573455 (frenet_interface.py:281)
INFO     [2025-01-12 11:50:41] --- current target velocity: 5.685407793493668 (frenet_interface.py:282)
INFO     [2025-01-12 11:50:42] --- Sampled interval of velocity: 0.00 m/s - 6.36 m/s (planner.py:310)
WARNING  [2025-01-12 11:50:42] --- No optimal trajectory available. Select stopping trajectory! (reactive_planner_cpp.py:407)
INFO     [2025-01-12 11:50:42] --- current time step: 27 (frenet_interface.py:257)
INFO     [2025-01-12 11:50:42] --- current velocity: 0.5562205709671594 (frenet_interface.py:258)
INFO     [2025-01-12 11:50:42] --- current target velocity: 5.606193466357346 (frenet_interface.py:259)
INFO     [2025-01-12 11:50:44] --- Sampled interval of velocity: 0.00 m/s - 6.31 m/s (planner.py:310)
INFO     [2025-01-12 11:50:44] --- current time step: 28 (frenet_interface.py:280)
INFO     [2025-01-12 11:50:44] --- current velocity: 0.4953296063595671 (frenet_interface.py:281)
INFO     [2025-01-12 11:50:44] --- current target velocity: 5.5562205709671595 (frenet_interface.py:282)
INFO     [2025-01-12 11:50:44] --- Sampled interval of velocity: 0.00 m/s - 6.25 m/s (planner.py:310)
INFO     [2025-01-12 11:50:44] --- current time step: 29 (frenet_interface.py:280)
INFO     [2025-01-12 11:50:44] --- current velocity: 0.4268222102569989 (frenet_interface.py:281)
INFO     [2025-01-12 11:50:44] --- current target velocity: 5.495329606359567 (frenet_interface.py:282)
INFO     [2025-01-12 11:50:45] --- Sampled interval of velocity: 0.00 m/s - 6.18 m/s (planner.py:310)
WARNING  [2025-01-12 11:50:46] --- No optimal trajectory available. Select stopping trajectory! (reactive_planner_cpp.py:407)
INFO     [2025-01-12 11:50:46] --- current time step: 30 (frenet_interface.py:257)
INFO     [2025-01-12 11:50:46] --- current velocity: 0.38748534542905194 (frenet_interface.py:258)
INFO     [2025-01-12 11:50:46] --- current target velocity: 5.426822210256999 (frenet_interface.py:259)
INFO     [2025-01-12 11:50:48] --- Sampled interval of velocity: 0.00 m/s - 6.14 m/s (planner.py:310)
INFO     [2025-01-12 11:50:48] --- current time step: 31 (frenet_interface.py:280)
INFO     [2025-01-12 11:50:48] --- current velocity: 0.3420530672805453 (frenet_interface.py:281)
INFO     [2025-01-12 11:50:48] --- current target velocity: 5.387485345429052 (frenet_interface.py:282)
INFO     [2025-01-12 11:50:48] --- Sampled interval of velocity: 0.00 m/s - 6.09 m/s (planner.py:310)
INFO     [2025-01-12 11:50:49] --- current time step: 32 (frenet_interface.py:280)
INFO     [2025-01-12 11:50:49] --- current velocity: 0.292598106424702 (frenet_interface.py:281)
INFO     [2025-01-12 11:50:49] --- current target velocity: 5.3420530672805455 (frenet_interface.py:282)
INFO     [2025-01-12 11:50:49] --- Sampled interval of velocity: 0.00 m/s - 6.04 m/s (planner.py:310)
INFO     [2025-01-12 11:50:49] --- select trajectory 96 (reactive_planner_cpp.py:382)
INFO     [2025-01-12 11:50:49] --- current time step: 33 (frenet_interface.py:257)
INFO     [2025-01-12 11:50:49] --- current velocity: 0.26720424870109577 (frenet_interface.py:258)
INFO     [2025-01-12 11:50:49] --- current target velocity: 5.292598106424702 (frenet_interface.py:259)
INFO     [2025-01-12 11:50:52] --- Sampled interval of velocity: 0.00 m/s - 6.02 m/s (planner.py:310)
INFO     [2025-01-12 11:50:52] --- current time step: 34 (frenet_interface.py:280)
INFO     [2025-01-12 11:50:52] --- current velocity: 0.24191289404137706 (frenet_interface.py:281)
INFO     [2025-01-12 11:50:52] --- current target velocity: 5.267204248701096 (frenet_interface.py:282)
INFO     [2025-01-12 11:50:52] --- Sampled interval of velocity: 0.00 m/s - 5.99 m/s (planner.py:310)
INFO     [2025-01-12 11:50:52] --- current time step: 35 (frenet_interface.py:280)
INFO     [2025-01-12 11:50:52] --- current velocity: 0.21691104542766196 (frenet_interface.py:281)
INFO     [2025-01-12 11:50:52] --- current target velocity: 5.241912894041377 (frenet_interface.py:282)
INFO     [2025-01-12 11:50:53] --- Sampled interval of velocity: 0.00 m/s - 5.97 m/s (planner.py:310)
INFO     [2025-01-12 11:50:53] --- select trajectory 196 (reactive_planner_cpp.py:382)
INFO     [2025-01-12 11:50:53] --- current time step: 36 (frenet_interface.py:257)
INFO     [2025-01-12 11:50:53] --- current velocity: 0.2016380093358565 (frenet_interface.py:258)
INFO     [2025-01-12 11:50:53] --- current target velocity: 5.216911045427662 (frenet_interface.py:259)
INFO     [2025-01-12 11:50:55] --- Sampled interval of velocity: 0.00 m/s - 5.95 m/s (planner.py:310)
INFO     [2025-01-12 11:50:55] --- current time step: 37 (frenet_interface.py:280)
INFO     [2025-01-12 11:50:55] --- current velocity: 0.18149859344533098 (frenet_interface.py:281)
INFO     [2025-01-12 11:50:55] --- current target velocity: 5.2016380093358565 (frenet_interface.py:282)
INFO     [2025-01-12 11:50:56] --- Sampled interval of velocity: 0.00 m/s - 5.93 m/s (planner.py:310)
INFO     [2025-01-12 11:50:56] --- current time step: 38 (frenet_interface.py:280)
INFO     [2025-01-12 11:50:56] --- current velocity: 0.15782440582118773 (frenet_interface.py:281)
INFO     [2025-01-12 11:50:56] --- current target velocity: 5.181498593445331 (frenet_interface.py:282)
INFO     [2025-01-12 11:50:57] --- Sampled interval of velocity: 0.00 m/s - 5.91 m/s (planner.py:310)
INFO     [2025-01-12 11:50:57] --- select trajectory 196 (reactive_planner_cpp.py:382)
INFO     [2025-01-12 11:50:57] --- current time step: 39 (frenet_interface.py:257)
INFO     [2025-01-12 11:50:57] --- current velocity: 0.1438431383986738 (frenet_interface.py:258)
INFO     [2025-01-12 11:50:57] --- current target velocity: 5.157824405821188 (frenet_interface.py:259)
INFO     [2025-01-12 11:50:59] --- Sampled interval of velocity: 0.00 m/s - 5.89 m/s (planner.py:310)
INFO     [2025-01-12 11:50:59] --- current time step: 40 (frenet_interface.py:280)
INFO     [2025-01-12 11:50:59] --- current velocity: 0.127424542682103 (frenet_interface.py:281)
INFO     [2025-01-12 11:50:59] --- current target velocity: 5.143843138398674 (frenet_interface.py:282)
INFO     [2025-01-12 11:50:59] --- Sampled interval of velocity: 0.00 m/s - 5.88 m/s (planner.py:310)
INFO     [2025-01-12 11:50:59] --- current time step: 41 (frenet_interface.py:280)
INFO     [2025-01-12 11:50:59] --- current velocity: 0.10936264892164305 (frenet_interface.py:281)
INFO     [2025-01-12 11:50:59] --- current target velocity: 5.127424542682103 (frenet_interface.py:282)
INFO     [2025-01-12 11:51:00] --- Sampled interval of velocity: 0.00 m/s - 5.86 m/s (planner.py:310)
INFO     [2025-01-12 11:51:00] --- select trajectory 657 (reactive_planner_cpp.py:382)
INFO     [2025-01-12 11:51:00] --- current time step: 42 (frenet_interface.py:257)
INFO     [2025-01-12 11:51:00] --- current velocity: 0.11568012708994263 (frenet_interface.py:258)
INFO     [2025-01-12 11:51:00] --- current target velocity: 5.109362648921643 (frenet_interface.py:259)
INFO     [2025-01-12 11:51:02] --- Sampled interval of velocity: 0.00 m/s - 5.87 m/s (planner.py:310)
INFO     [2025-01-12 11:51:02] --- current time step: 43 (frenet_interface.py:280)
INFO     [2025-01-12 11:51:02] --- current velocity: 0.15179564999470727 (frenet_interface.py:281)
INFO     [2025-01-12 11:51:02] --- current target velocity: 5.115680127089942 (frenet_interface.py:282)
INFO     [2025-01-12 11:51:03] --- Sampled interval of velocity: 0.00 m/s - 5.90 m/s (planner.py:310)
INFO     [2025-01-12 11:51:03] --- current time step: 44 (frenet_interface.py:280)
INFO     [2025-01-12 11:51:03] --- current velocity: 0.2155272874260285 (frenet_interface.py:281)
INFO     [2025-01-12 11:51:03] --- current target velocity: 5.151795649994707 (frenet_interface.py:282)
INFO     [2025-01-12 11:51:04] --- Sampled interval of velocity: 0.00 m/s - 5.97 m/s (planner.py:310)
INFO     [2025-01-12 11:51:04] --- select trajectory 647 (reactive_planner_cpp.py:382)
INFO     [2025-01-12 11:51:04] --- current time step: 45 (frenet_interface.py:257)
INFO     [2025-01-12 11:51:04] --- current velocity: 0.2636296985595316 (frenet_interface.py:258)
INFO     [2025-01-12 11:51:04] --- current target velocity: 5.215527287426029 (frenet_interface.py:259)
INFO     [2025-01-12 11:51:06] --- Sampled interval of velocity: 0.00 m/s - 6.01 m/s (planner.py:310)
INFO     [2025-01-12 11:51:06] --- current time step: 46 (frenet_interface.py:280)
INFO     [2025-01-12 11:51:06] --- current velocity: 0.33014858462010876 (frenet_interface.py:281)
INFO     [2025-01-12 11:51:06] --- current target velocity: 5.263629698559532 (frenet_interface.py:282)
INFO     [2025-01-12 11:51:06] --- Sampled interval of velocity: 0.00 m/s - 6.08 m/s (planner.py:310)
INFO     [2025-01-12 11:51:06] --- current time step: 47 (frenet_interface.py:280)
INFO     [2025-01-12 11:51:06] --- current velocity: 0.4136295928443393 (frenet_interface.py:281)
INFO     [2025-01-12 11:51:06] --- current target velocity: 5.330148584620109 (frenet_interface.py:282)
INFO     [2025-01-12 11:51:07] --- Sampled interval of velocity: 0.00 m/s - 6.16 m/s (planner.py:310)
INFO     [2025-01-12 11:51:07] --- select trajectory 647 (reactive_planner_cpp.py:382)
INFO     [2025-01-12 11:51:07] --- current time step: 48 (frenet_interface.py:257)
INFO     [2025-01-12 11:51:07] --- current velocity: 0.46832878481076884 (frenet_interface.py:258)
INFO     [2025-01-12 11:51:07] --- current target velocity: 5.413629592844339 (frenet_interface.py:259)
INFO     [2025-01-12 11:51:08] --- Sampled interval of velocity: 0.00 m/s - 6.22 m/s (planner.py:310)
INFO     [2025-01-12 11:51:08] --- current time step: 49 (frenet_interface.py:280)
INFO     [2025-01-12 11:51:08] --- current velocity: 0.5400271261711448 (frenet_interface.py:281)
INFO     [2025-01-12 11:51:08] --- current target velocity: 5.468328784810769 (frenet_interface.py:282)
INFO     [2025-01-12 11:51:09] --- Sampled interval of velocity: 0.00 m/s - 6.29 m/s (planner.py:310)
INFO     [2025-01-12 11:51:09] --- current time step: 50 (frenet_interface.py:280)
INFO     [2025-01-12 11:51:09] --- current velocity: 0.6273955593077575 (frenet_interface.py:281)
INFO     [2025-01-12 11:51:09] --- current target velocity: 5.540027126171145 (frenet_interface.py:282)
INFO     [2025-01-12 11:51:10] --- Sampled interval of velocity: 0.00 m/s - 6.38 m/s (planner.py:310)
INFO     [2025-01-12 11:51:10] --- select trajectory 637 (reactive_planner_cpp.py:382)
INFO     [2025-01-12 11:51:10] --- current time step: 51 (frenet_interface.py:257)
INFO     [2025-01-12 11:51:10] --- current velocity: 0.6806535997100148 (frenet_interface.py:258)
INFO     [2025-01-12 11:51:10] --- current target velocity: 5.627395559307757 (frenet_interface.py:259)
INFO     [2025-01-12 11:51:11] --- Sampled interval of velocity: 0.00 m/s - 6.43 m/s (planner.py:310)
INFO     [2025-01-12 11:51:11] --- current time step: 52 (frenet_interface.py:280)
INFO     [2025-01-12 11:51:11] --- current velocity: 0.7450306238009583 (frenet_interface.py:281)
INFO     [2025-01-12 11:51:11] --- current target velocity: 5.6806535997100145 (frenet_interface.py:282)
INFO     [2025-01-12 11:51:12] --- Sampled interval of velocity: 0.00 m/s - 6.50 m/s (planner.py:310)
INFO     [2025-01-12 11:51:12] --- current time step: 53 (frenet_interface.py:280)
INFO     [2025-01-12 11:51:12] --- current velocity: 0.8198102168585212 (frenet_interface.py:281)
INFO     [2025-01-12 11:51:12] --- current target velocity: 5.745030623800958 (frenet_interface.py:282)
INFO     [2025-01-12 11:51:13] --- Sampled interval of velocity: 0.00 m/s - 6.57 m/s (planner.py:310)
INFO     [2025-01-12 11:51:13] --- select trajectory 637 (reactive_planner_cpp.py:382)
INFO     [2025-01-12 11:51:13] --- current time step: 54 (frenet_interface.py:257)
INFO     [2025-01-12 11:51:13] --- current velocity: 0.8660725943640029 (frenet_interface.py:258)
INFO     [2025-01-12 11:51:13] --- current target velocity: 5.819810216858521 (frenet_interface.py:259)
INFO     [2025-01-12 11:51:14] --- Sampled interval of velocity: 0.00 m/s - 6.62 m/s (planner.py:310)
INFO     [2025-01-12 11:51:14] --- current time step: 55 (frenet_interface.py:280)
INFO     [2025-01-12 11:51:14] --- current velocity: 0.9243208472755696 (frenet_interface.py:281)
INFO     [2025-01-12 11:51:14] --- current target velocity: 5.866072594364002 (frenet_interface.py:282)
INFO     [2025-01-12 11:51:14] --- Sampled interval of velocity: 0.00 m/s - 6.67 m/s (planner.py:310)
INFO     [2025-01-12 11:51:14] --- current time step: 56 (frenet_interface.py:280)
INFO     [2025-01-12 11:51:14] --- current velocity: 0.9940631401126162 (frenet_interface.py:281)
INFO     [2025-01-12 11:51:14] --- current target velocity: 5.9243208472755695 (frenet_interface.py:282)
INFO     [2025-01-12 11:51:16] --- Sampled interval of velocity: 0.00 m/s - 6.74 m/s (planner.py:310)
INFO     [2025-01-12 11:51:16] --- select trajectory 628 (reactive_planner_cpp.py:382)
INFO     [2025-01-12 11:51:16] --- current time step: 57 (frenet_interface.py:257)
INFO     [2025-01-12 11:51:16] --- current velocity: 1.0357566760246895 (frenet_interface.py:258)
INFO     [2025-01-12 11:51:16] --- current target velocity: 5.994063140112616 (frenet_interface.py:259)
INFO     [2025-01-12 11:51:17] --- Sampled interval of velocity: 0.00 m/s - 6.79 m/s (planner.py:310)
INFO     [2025-01-12 11:51:17] --- current time step: 58 (frenet_interface.py:280)
INFO     [2025-01-12 11:51:17] --- current velocity: 1.0845168854097154 (frenet_interface.py:281)
INFO     [2025-01-12 11:51:17] --- current target velocity: 6.03575667602469 (frenet_interface.py:282)
INFO     [2025-01-12 11:51:18] --- Sampled interval of velocity: 0.00 m/s - 6.83 m/s (planner.py:310)
INFO     [2025-01-12 11:51:18] --- current time step: 59 (frenet_interface.py:280)
INFO     [2025-01-12 11:51:18] --- current velocity: 1.1405207574763667 (frenet_interface.py:281)
INFO     [2025-01-12 11:51:18] --- current target velocity: 6.084516885409715 (frenet_interface.py:282)
INFO     [2025-01-12 11:51:20] --- Sampled interval of velocity: 0.00 m/s - 6.89 m/s (planner.py:310)
INFO     [2025-01-12 11:51:20] --- select trajectory 627 (reactive_planner_cpp.py:382)
INFO     [2025-01-12 11:51:20] --- current time step: 60 (frenet_interface.py:257)
INFO     [2025-01-12 11:51:20] --- current velocity: 1.1759988181855328 (frenet_interface.py:258)
INFO     [2025-01-12 11:51:20] --- current target velocity: 6.1405207574763665 (frenet_interface.py:259)
INFO     [2025-01-12 11:51:21] --- Sampled interval of velocity: 0.00 m/s - 6.93 m/s (planner.py:310)
INFO     [2025-01-12 11:51:21] --- current time step: 61 (frenet_interface.py:280)
INFO     [2025-01-12 11:51:21] --- current velocity: 1.2209180726613345 (frenet_interface.py:281)
INFO     [2025-01-12 11:51:21] --- current target velocity: 6.1759988181855325 (frenet_interface.py:282)
INFO     [2025-01-12 11:51:23] --- Sampled interval of velocity: 0.00 m/s - 6.97 m/s (planner.py:310)
INFO     [2025-01-12 11:51:23] --- current time step: 62 (frenet_interface.py:280)
INFO     [2025-01-12 11:51:23] --- current velocity: 1.2758762174451725 (frenet_interface.py:281)
INFO     [2025-01-12 11:51:23] --- current target velocity: 6.220918072661334 (frenet_interface.py:282)
INFO     [2025-01-12 11:51:24] --- Sampled interval of velocity: 0.00 m/s - 7.03 m/s (planner.py:310)
WARNING  [2025-01-12 11:51:24] --- No optimal trajectory available. Select stopping trajectory! (reactive_planner_cpp.py:407)
INFO     [2025-01-12 11:51:24] --- current time step: 63 (frenet_interface.py:257)
INFO     [2025-01-12 11:51:24] --- current velocity: 1.3052582025637405 (frenet_interface.py:258)
INFO     [2025-01-12 11:51:24] --- current target velocity: 6.275876217445172 (frenet_interface.py:259)
INFO     [2025-01-12 11:51:25] --- Sampled interval of velocity: 0.00 m/s - 7.06 m/s (planner.py:310)
INFO     [2025-01-12 11:51:25] --- current time step: 64 (frenet_interface.py:280)
INFO     [2025-01-12 11:51:25] --- current velocity: 1.3292824894086985 (frenet_interface.py:281)
INFO     [2025-01-12 11:51:25] --- current target velocity: 6.30525820256374 (frenet_interface.py:282)
INFO     [2025-01-12 11:51:26] --- Sampled interval of velocity: 0.00 m/s - 7.08 m/s (planner.py:310)
INFO     [2025-01-12 11:51:26] --- current time step: 65 (frenet_interface.py:280)
INFO     [2025-01-12 11:51:26] --- current velocity: 1.347722420686181 (frenet_interface.py:281)
INFO     [2025-01-12 11:51:26] --- current target velocity: 6.3292824894086985 (frenet_interface.py:282)
INFO     [2025-01-12 11:51:28] --- Sampled interval of velocity: 0.00 m/s - 7.10 m/s (planner.py:310)
WARNING  [2025-01-12 11:51:28] --- No optimal trajectory available. Select stopping trajectory! (reactive_planner_cpp.py:407)
INFO     [2025-01-12 11:51:28] --- current time step: 66 (frenet_interface.py:257)
INFO     [2025-01-12 11:51:28] --- current velocity: 1.3563970741282154 (frenet_interface.py:258)
INFO     [2025-01-12 11:51:28] --- current target velocity: 6.347722420686181 (frenet_interface.py:259)
INFO     [2025-01-12 11:51:30] --- Sampled interval of velocity: 0.00 m/s - 7.11 m/s (planner.py:310)
INFO     [2025-01-12 11:51:30] --- current time step: 67 (frenet_interface.py:280)
INFO     [2025-01-12 11:51:30] --- current velocity: 1.3596831766185669 (frenet_interface.py:281)
INFO     [2025-01-12 11:51:30] --- current target velocity: 6.356397074128216 (frenet_interface.py:282)
INFO     [2025-01-12 11:51:31] --- Sampled interval of velocity: 0.00 m/s - 7.11 m/s (planner.py:310)
INFO     [2025-01-12 11:51:31] --- current time step: 68 (frenet_interface.py:280)
INFO     [2025-01-12 11:51:31] --- current velocity: 1.3550762221683066 (frenet_interface.py:281)
INFO     [2025-01-12 11:51:31] --- current target velocity: 6.359683176618567 (frenet_interface.py:282)
INFO     [2025-01-12 11:51:32] --- Sampled interval of velocity: 0.00 m/s - 7.11 m/s (planner.py:310)
WARNING  [2025-01-12 11:51:32] --- No optimal trajectory available. Select stopping trajectory! (reactive_planner_cpp.py:407)
INFO     [2025-01-12 11:51:32] --- current time step: 69 (frenet_interface.py:257)
INFO     [2025-01-12 11:51:32] --- current velocity: 1.3482752623618262 (frenet_interface.py:258)
INFO     [2025-01-12 11:51:32] --- current target velocity: 6.355076222168306 (frenet_interface.py:259)
INFO     [2025-01-12 11:51:33] --- Sampled interval of velocity: 0.00 m/s - 7.10 m/s (planner.py:310)
INFO     [2025-01-12 11:51:33] --- current time step: 70 (frenet_interface.py:280)
INFO     [2025-01-12 11:51:33] --- current velocity: 1.3293998679328158 (frenet_interface.py:281)
INFO     [2025-01-12 11:51:33] --- current target velocity: 6.348275262361826 (frenet_interface.py:282)
INFO     [2025-01-12 11:51:33] --- Sampled interval of velocity: 0.00 m/s - 7.08 m/s (planner.py:310)
INFO     [2025-01-12 11:51:33] --- current time step: 71 (frenet_interface.py:280)
INFO     [2025-01-12 11:51:33] --- current velocity: 1.2979854812516185 (frenet_interface.py:281)
INFO     [2025-01-12 11:51:33] --- current target velocity: 6.329399867932816 (frenet_interface.py:282)
INFO     [2025-01-12 11:51:35] --- Sampled interval of velocity: 0.00 m/s - 7.05 m/s (planner.py:310)
WARNING  [2025-01-12 11:51:36] --- No optimal trajectory available. Select stopping trajectory! (reactive_planner_cpp.py:407)
INFO     [2025-01-12 11:51:36] --- current time step: 72 (frenet_interface.py:257)
INFO     [2025-01-12 11:51:36] --- current velocity: 1.2804839033558242 (frenet_interface.py:258)
INFO     [2025-01-12 11:51:36] --- current target velocity: 6.297985481251619 (frenet_interface.py:259)
INFO     [2025-01-12 11:51:37] --- Sampled interval of velocity: 0.00 m/s - 7.03 m/s (planner.py:310)
INFO     [2025-01-12 11:51:37] --- current time step: 73 (frenet_interface.py:280)
INFO     [2025-01-12 11:51:37] --- current velocity: 1.2597310127648926 (frenet_interface.py:281)
INFO     [2025-01-12 11:51:37] --- current target velocity: 6.280483903355824 (frenet_interface.py:282)
INFO     [2025-01-12 11:51:37] --- Sampled interval of velocity: 0.00 m/s - 7.01 m/s (planner.py:310)
INFO     [2025-01-12 11:51:37] --- current time step: 74 (frenet_interface.py:280)
INFO     [2025-01-12 11:51:37] --- current velocity: 1.2370921361989964 (frenet_interface.py:281)
INFO     [2025-01-12 11:51:37] --- current target velocity: 6.259731012764893 (frenet_interface.py:282)
INFO     [2025-01-12 11:51:40] --- Sampled interval of velocity: 0.00 m/s - 6.99 m/s (planner.py:310)
WARNING  [2025-01-12 11:51:40] --- No optimal trajectory available. Select stopping trajectory! (reactive_planner_cpp.py:407)
INFO     [2025-01-12 11:51:40] --- current time step: 75 (frenet_interface.py:257)
INFO     [2025-01-12 11:51:40] --- current velocity: 1.2259079422585444 (frenet_interface.py:258)
INFO     [2025-01-12 11:51:40] --- current target velocity: 6.237092136198997 (frenet_interface.py:259)
INFO     [2025-01-12 11:51:41] --- Sampled interval of velocity: 0.00 m/s - 6.98 m/s (planner.py:310)
INFO     [2025-01-12 11:51:41] --- current time step: 76 (frenet_interface.py:280)
INFO     [2025-01-12 11:51:41] --- current velocity: 1.211621464593906 (frenet_interface.py:281)
INFO     [2025-01-12 11:51:41] --- current target velocity: 6.225907942258544 (frenet_interface.py:282)
INFO     [2025-01-12 11:51:42] --- Sampled interval of velocity: 0.00 m/s - 6.96 m/s (planner.py:310)
INFO     [2025-01-12 11:51:42] --- current time step: 77 (frenet_interface.py:280)
INFO     [2025-01-12 11:51:42] --- current velocity: 1.1956264192631592 (frenet_interface.py:281)
INFO     [2025-01-12 11:51:42] --- current target velocity: 6.211621464593906 (frenet_interface.py:282)
INFO     [2025-01-12 11:51:43] --- Sampled interval of velocity: 0.00 m/s - 6.95 m/s (planner.py:310)
WARNING  [2025-01-12 11:51:44] --- No optimal trajectory available. Select stopping trajectory! (reactive_planner_cpp.py:407)
INFO     [2025-01-12 11:51:44] --- current time step: 78 (frenet_interface.py:257)
INFO     [2025-01-12 11:51:44] --- current velocity: 1.187292460398816 (frenet_interface.py:258)
INFO     [2025-01-12 11:51:44] --- current target velocity: 6.195626419263159 (frenet_interface.py:259)
INFO     [2025-01-12 11:51:45] --- Sampled interval of velocity: 0.00 m/s - 6.94 m/s (planner.py:310)
INFO     [2025-01-12 11:51:45] --- current time step: 79 (frenet_interface.py:280)
INFO     [2025-01-12 11:51:45] --- current velocity: 1.1759975916856584 (frenet_interface.py:281)
INFO     [2025-01-12 11:51:45] --- current target velocity: 6.187292460398816 (frenet_interface.py:282)
INFO     [2025-01-12 11:51:45] --- Sampled interval of velocity: 0.00 m/s - 6.93 m/s (planner.py:310)
INFO     [2025-01-12 11:51:45] --- current time step: 80 (frenet_interface.py:280)
INFO     [2025-01-12 11:51:45] --- current velocity: 1.16321681618044 (frenet_interface.py:281)
INFO     [2025-01-12 11:51:45] --- current target velocity: 6.175997591685658 (frenet_interface.py:282)
INFO     [2025-01-12 11:51:46] --- Sampled interval of velocity: 0.00 m/s - 6.91 m/s (planner.py:310)
WARNING  [2025-01-12 11:51:47] --- No optimal trajectory available. Select stopping trajectory! (reactive_planner_cpp.py:407)
INFO     [2025-01-12 11:51:47] --- current time step: 81 (frenet_interface.py:257)
INFO     [2025-01-12 11:51:47] --- current velocity: 1.1534741913755757 (frenet_interface.py:258)
INFO     [2025-01-12 11:51:47] --- current target velocity: 6.16321681618044 (frenet_interface.py:259)
INFO     [2025-01-12 11:51:48] --- Sampled interval of velocity: 0.00 m/s - 6.90 m/s (planner.py:310)
INFO     [2025-01-12 11:51:48] --- current time step: 82 (frenet_interface.py:280)
INFO     [2025-01-12 11:51:48] --- current velocity: 1.1362149292505204 (frenet_interface.py:281)
INFO     [2025-01-12 11:51:48] --- current target velocity: 6.153474191375576 (frenet_interface.py:282)
INFO     [2025-01-12 11:51:48] --- Sampled interval of velocity: 0.00 m/s - 6.89 m/s (planner.py:310)
INFO     [2025-01-12 11:51:48] --- current time step: 83 (frenet_interface.py:280)
INFO     [2025-01-12 11:51:48] --- current velocity: 1.1129913698556424 (frenet_interface.py:281)
INFO     [2025-01-12 11:51:48] --- current target velocity: 6.136214929250521 (frenet_interface.py:282)
INFO     [2025-01-12 11:51:49] --- Sampled interval of velocity: 0.00 m/s - 6.86 m/s (planner.py:310)
WARNING  [2025-01-12 11:51:50] --- No optimal trajectory available. Select stopping trajectory! (reactive_planner_cpp.py:407)
INFO     [2025-01-12 11:51:50] --- current time step: 84 (frenet_interface.py:257)
INFO     [2025-01-12 11:51:50] --- current velocity: 1.0904637645145683 (frenet_interface.py:258)
INFO     [2025-01-12 11:51:50] --- current target velocity: 6.112991369855642 (frenet_interface.py:259)
INFO     [2025-01-12 11:51:51] --- Sampled interval of velocity: 0.00 m/s - 6.84 m/s (planner.py:310)
INFO     [2025-01-12 11:51:51] --- current time step: 85 (frenet_interface.py:280)
INFO     [2025-01-12 11:51:51] --- current velocity: 1.050310824816625 (frenet_interface.py:281)
INFO     [2025-01-12 11:51:51] --- current target velocity: 6.090463764514569 (frenet_interface.py:282)
INFO     [2025-01-12 11:51:51] --- Sampled interval of velocity: 0.00 m/s - 6.80 m/s (planner.py:310)
INFO     [2025-01-12 11:51:51] --- current time step: 86 (frenet_interface.py:280)
INFO     [2025-01-12 11:51:51] --- current velocity: 0.9951608523681107 (frenet_interface.py:281)
INFO     [2025-01-12 11:51:51] --- current target velocity: 6.050310824816625 (frenet_interface.py:282)
INFO     [2025-01-12 11:51:53] --- Sampled interval of velocity: 0.00 m/s - 6.75 m/s (planner.py:310)
WARNING  [2025-01-12 11:51:53] --- No optimal trajectory available. Select stopping trajectory! (reactive_planner_cpp.py:407)
INFO     [2025-01-12 11:51:53] --- current time step: 87 (frenet_interface.py:257)
INFO     [2025-01-12 11:51:53] --- current velocity: 0.9577494018690877 (frenet_interface.py:258)
INFO     [2025-01-12 11:51:53] --- current target velocity: 5.995160852368111 (frenet_interface.py:259)
INFO     [2025-01-12 11:51:54] --- Sampled interval of velocity: 0.00 m/s - 6.71 m/s (planner.py:310)
INFO     [2025-01-12 11:51:54] --- current time step: 88 (frenet_interface.py:280)
INFO     [2025-01-12 11:51:54] --- current velocity: 0.908755786300582 (frenet_interface.py:281)
INFO     [2025-01-12 11:51:54] --- current target velocity: 5.957749401869088 (frenet_interface.py:282)
INFO     [2025-01-12 11:51:54] --- Sampled interval of velocity: 0.00 m/s - 6.66 m/s (planner.py:310)
INFO     [2025-01-12 11:51:54] --- current time step: 89 (frenet_interface.py:280)
INFO     [2025-01-12 11:51:54] --- current velocity: 0.8500317953697032 (frenet_interface.py:281)
INFO     [2025-01-12 11:51:54] --- current target velocity: 5.908755786300582 (frenet_interface.py:282)
INFO     [2025-01-12 11:51:55] --- Sampled interval of velocity: 0.00 m/s - 6.60 m/s (planner.py:310)
WARNING  [2025-01-12 11:51:56] --- No optimal trajectory available. Select stopping trajectory! (reactive_planner_cpp.py:407)
INFO     [2025-01-12 11:51:56] --- current time step: 90 (frenet_interface.py:257)
INFO     [2025-01-12 11:51:56] --- current velocity: 0.8042174747839568 (frenet_interface.py:258)
INFO     [2025-01-12 11:51:56] --- current target velocity: 5.850031795369703 (frenet_interface.py:259)
INFO     [2025-01-12 11:51:57] --- Sampled interval of velocity: 0.00 m/s - 6.55 m/s (planner.py:310)
INFO     [2025-01-12 11:51:58] --- current time step: 91 (frenet_interface.py:280)
INFO     [2025-01-12 11:51:58] --- current velocity: 0.7338536017812093 (frenet_interface.py:281)
INFO     [2025-01-12 11:51:58] --- current target velocity: 5.8042174747839566 (frenet_interface.py:282)
INFO     [2025-01-12 11:51:58] --- Sampled interval of velocity: 0.00 m/s - 6.48 m/s (planner.py:310)
INFO     [2025-01-12 11:51:58] --- current time step: 92 (frenet_interface.py:280)
INFO     [2025-01-12 11:51:58] --- current velocity: 0.6450325723871569 (frenet_interface.py:281)
INFO     [2025-01-12 11:51:58] --- current target velocity: 5.73385360178121 (frenet_interface.py:282)
