CRITICAL [2025-01-12 11:41:59] --- Start Planner Vehicle ID: 409 (frenet_interface.py:67)
INFO     [2025-01-12 11:42:42] --- Sampled interval of velocity: 0.00 m/s - 29.17 m/s (planner.py:310)
INFO     [2025-01-12 11:42:42] --- select trajectory 122 (reactive_planner_cpp.py:382)
INFO     [2025-01-12 11:42:42] --- current time step: 0 (frenet_interface.py:257)
INFO     [2025-01-12 11:42:42] --- current velocity: 23.304615897493637 (frenet_interface.py:258)
INFO     [2025-01-12 11:42:42] --- current target velocity: 27.130517112086885 (frenet_interface.py:259)
INFO     [2025-01-12 11:42:45] --- Sampled interval of velocity: 0.00 m/s - 29.05 m/s (planner.py:310)
INFO     [2025-01-12 11:42:45] --- current time step: 1 (frenet_interface.py:280)
INFO     [2025-01-12 11:42:45] --- current velocity: 22.617184628382393 (frenet_interface.py:281)
INFO     [2025-01-12 11:42:45] --- current target velocity: 27.149271887042772 (frenet_interface.py:282)
INFO     [2025-01-12 11:42:46] --- Sampled interval of velocity: 0.00 m/s - 28.37 m/s (planner.py:310)
INFO     [2025-01-12 11:42:46] --- current time step: 2 (frenet_interface.py:280)
INFO     [2025-01-12 11:42:46] --- current velocity: 21.487733299159068 (frenet_interface.py:281)
INFO     [2025-01-12 11:42:46] --- current target velocity: 27.17032947483995 (frenet_interface.py:282)
INFO     [2025-01-12 11:42:57] --- Sampled interval of velocity: 0.00 m/s - 27.24 m/s (planner.py:310)
INFO     [2025-01-12 11:42:57] --- select trajectory 371 (reactive_planner_cpp.py:382)
INFO     [2025-01-12 11:42:57] --- current time step: 3 (frenet_interface.py:257)
INFO     [2025-01-12 11:42:57] --- current velocity: 20.90027400755533 (frenet_interface.py:258)
INFO     [2025-01-12 11:42:57] --- current target velocity: 26.487733299159068 (frenet_interface.py:259)
INFO     [2025-01-12 11:42:59] --- Sampled interval of velocity: 0.00 m/s - 26.65 m/s (planner.py:310)
INFO     [2025-01-12 11:42:59] --- current time step: 4 (frenet_interface.py:280)
INFO     [2025-01-12 11:42:59] --- current velocity: 20.4407950322009 (frenet_interface.py:281)
INFO     [2025-01-12 11:42:59] --- current target velocity: 25.90027400755533 (frenet_interface.py:282)
INFO     [2025-01-12 11:43:00] --- Sampled interval of velocity: 0.00 m/s - 26.19 m/s (planner.py:310)
INFO     [2025-01-12 11:43:00] --- current time step: 5 (frenet_interface.py:280)
INFO     [2025-01-12 11:43:00] --- current velocity: 20.099979001192704 (frenet_interface.py:281)
INFO     [2025-01-12 11:43:00] --- current target velocity: 25.4407950322009 (frenet_interface.py:282)
INFO     [2025-01-12 11:43:13] --- Sampled interval of velocity: 0.00 m/s - 25.85 m/s (planner.py:310)
INFO     [2025-01-12 11:43:13] --- select trajectory 471 (reactive_planner_cpp.py:382)
INFO     [2025-01-12 11:43:13] --- current time step: 6 (frenet_interface.py:257)
INFO     [2025-01-12 11:43:13] --- current velocity: 20.010400125771508 (frenet_interface.py:258)
INFO     [2025-01-12 11:43:13] --- current target velocity: 25.099979001192704 (frenet_interface.py:259)
INFO     [2025-01-12 11:43:16] --- Sampled interval of velocity: 0.00 m/s - 25.76 m/s (planner.py:310)
INFO     [2025-01-12 11:43:16] --- current time step: 7 (frenet_interface.py:280)
INFO     [2025-01-12 11:43:16] --- current velocity: 20.020619395685912 (frenet_interface.py:281)
INFO     [2025-01-12 11:43:16] --- current target velocity: 25.010400125771508 (frenet_interface.py:282)
INFO     [2025-01-12 11:43:16] --- Sampled interval of velocity: 0.00 m/s - 25.77 m/s (planner.py:310)
INFO     [2025-01-12 11:43:16] --- current time step: 8 (frenet_interface.py:280)
INFO     [2025-01-12 11:43:16] --- current velocity: 20.12289978043322 (frenet_interface.py:281)
INFO     [2025-01-12 11:43:16] --- current target velocity: 25.020619395685912 (frenet_interface.py:282)
INFO     [2025-01-12 11:43:27] --- Sampled interval of velocity: 0.00 m/s - 25.87 m/s (planner.py:310)
INFO     [2025-01-12 11:43:27] --- select trajectory 171 (reactive_planner_cpp.py:382)
INFO     [2025-01-12 11:43:27] --- current time step: 9 (frenet_interface.py:257)
INFO     [2025-01-12 11:43:27] --- current velocity: 20.24173703596906 (frenet_interface.py:258)
INFO     [2025-01-12 11:43:27] --- current target velocity: 25.12289978043322 (frenet_interface.py:259)
INFO     [2025-01-12 11:43:30] --- Sampled interval of velocity: 0.00 m/s - 25.99 m/s (planner.py:310)
INFO     [2025-01-12 11:43:30] --- current time step: 10 (frenet_interface.py:280)
INFO     [2025-01-12 11:43:30] --- current velocity: 20.427710189432048 (frenet_interface.py:281)
INFO     [2025-01-12 11:43:30] --- current target velocity: 25.24173703596906 (frenet_interface.py:282)
INFO     [2025-01-12 11:43:31] --- Sampled interval of velocity: 0.00 m/s - 26.18 m/s (planner.py:310)
INFO     [2025-01-12 11:43:31] --- current time step: 11 (frenet_interface.py:280)
INFO     [2025-01-12 11:43:31] --- current velocity: 20.673722769730556 (frenet_interface.py:281)
INFO     [2025-01-12 11:43:31] --- current target velocity: 25.427710189432048 (frenet_interface.py:282)
INFO     [2025-01-12 11:43:48] --- Sampled interval of velocity: 0.00 m/s - 26.42 m/s (planner.py:310)
INFO     [2025-01-12 11:43:48] --- select trajectory 171 (reactive_planner_cpp.py:382)
INFO     [2025-01-12 11:43:48] --- current time step: 12 (frenet_interface.py:257)
INFO     [2025-01-12 11:43:48] --- current velocity: 20.859833990295197 (frenet_interface.py:258)
INFO     [2025-01-12 11:43:48] --- current target velocity: 25.673722769730556 (frenet_interface.py:259)
INFO     [2025-01-12 11:43:50] --- Sampled interval of velocity: 0.00 m/s - 26.61 m/s (planner.py:310)
INFO     [2025-01-12 11:43:50] --- current time step: 13 (frenet_interface.py:280)
INFO     [2025-01-12 11:43:50] --- current velocity: 21.105590858097294 (frenet_interface.py:281)
INFO     [2025-01-12 11:43:50] --- current target velocity: 25.859833990295197 (frenet_interface.py:282)
INFO     [2025-01-12 11:43:53] --- Sampled interval of velocity: 0.00 m/s - 26.86 m/s (planner.py:310)
INFO     [2025-01-12 11:43:53] --- current time step: 14 (frenet_interface.py:280)
INFO     [2025-01-12 11:43:53] --- current velocity: 21.373945198193947 (frenet_interface.py:281)
INFO     [2025-01-12 11:43:53] --- current target velocity: 26.105590858097294 (frenet_interface.py:282)
INFO     [2025-01-12 11:44:11] --- Sampled interval of velocity: 0.00 m/s - 27.12 m/s (planner.py:310)
INFO     [2025-01-12 11:44:11] --- select trajectory 171 (reactive_planner_cpp.py:382)
INFO     [2025-01-12 11:44:11] --- current time step: 15 (frenet_interface.py:257)
INFO     [2025-01-12 11:44:11] --- current velocity: 21.5423626092218 (frenet_interface.py:258)
INFO     [2025-01-12 11:44:11] --- current target velocity: 26.373945198193947 (frenet_interface.py:259)
INFO     [2025-01-12 11:44:15] --- Sampled interval of velocity: 0.00 m/s - 27.29 m/s (planner.py:310)
INFO     [2025-01-12 11:44:15] --- current time step: 16 (frenet_interface.py:280)
INFO     [2025-01-12 11:44:15] --- current velocity: 21.763076997177713 (frenet_interface.py:281)
INFO     [2025-01-12 11:44:15] --- current target velocity: 26.5423626092218 (frenet_interface.py:282)
INFO     [2025-01-12 11:44:16] --- Sampled interval of velocity: 0.00 m/s - 27.51 m/s (planner.py:310)
INFO     [2025-01-12 11:44:16] --- current time step: 17 (frenet_interface.py:280)
INFO     [2025-01-12 11:44:16] --- current velocity: 22.021650516220884 (frenet_interface.py:281)
INFO     [2025-01-12 11:44:16] --- current target velocity: 26.763076997177713 (frenet_interface.py:282)
INFO     [2025-01-12 11:44:30] --- Sampled interval of velocity: 0.00 m/s - 27.77 m/s (planner.py:310)
INFO     [2025-01-12 11:44:30] --- select trajectory 176 (reactive_planner_cpp.py:382)
INFO     [2025-01-12 11:44:30] --- current time step: 18 (frenet_interface.py:257)
INFO     [2025-01-12 11:44:30] --- current velocity: 22.1869579223173 (frenet_interface.py:258)
INFO     [2025-01-12 11:44:30] --- current target velocity: 27.021650516220884 (frenet_interface.py:259)
INFO     [2025-01-12 11:44:33] --- Sampled interval of velocity: 0.00 m/s - 27.94 m/s (planner.py:310)
INFO     [2025-01-12 11:44:33] --- current time step: 19 (frenet_interface.py:280)
INFO     [2025-01-12 11:44:33] --- current velocity: 22.4017441059577 (frenet_interface.py:281)
INFO     [2025-01-12 11:44:33] --- current target velocity: 27.1869579223173 (frenet_interface.py:282)
INFO     [2025-01-12 11:44:33] --- Sampled interval of velocity: 0.00 m/s - 28.15 m/s (planner.py:310)
INFO     [2025-01-12 11:44:33] --- current time step: 20 (frenet_interface.py:280)
INFO     [2025-01-12 11:44:33] --- current velocity: 22.65290198563795 (frenet_interface.py:281)
INFO     [2025-01-12 11:44:33] --- current target velocity: 27.4017441059577 (frenet_interface.py:282)
INFO     [2025-01-12 11:44:44] --- Sampled interval of velocity: 0.00 m/s - 28.40 m/s (planner.py:310)
INFO     [2025-01-12 11:44:44] --- select trajectory 171 (reactive_planner_cpp.py:382)
INFO     [2025-01-12 11:44:44] --- current time step: 21 (frenet_interface.py:257)
INFO     [2025-01-12 11:44:44] --- current velocity: 22.81362065854753 (frenet_interface.py:258)
INFO     [2025-01-12 11:44:44] --- current target velocity: 27.65290198563795 (frenet_interface.py:259)
INFO     [2025-01-12 11:44:46] --- Sampled interval of velocity: 0.00 m/s - 28.56 m/s (planner.py:310)
INFO     [2025-01-12 11:44:46] --- current time step: 22 (frenet_interface.py:280)
INFO     [2025-01-12 11:44:46] --- current velocity: 23.022033608936024 (frenet_interface.py:281)
INFO     [2025-01-12 11:44:46] --- current target velocity: 27.81362065854753 (frenet_interface.py:282)
INFO     [2025-01-12 11:44:47] --- Sampled interval of velocity: 0.00 m/s - 28.77 m/s (planner.py:310)
INFO     [2025-01-12 11:44:47] --- current time step: 23 (frenet_interface.py:280)
INFO     [2025-01-12 11:44:47] --- current velocity: 23.26480949610498 (frenet_interface.py:281)
INFO     [2025-01-12 11:44:47] --- current target velocity: 27.879385608915204 (frenet_interface.py:282)
INFO     [2025-01-12 11:44:59] --- Sampled interval of velocity: 0.00 m/s - 29.01 m/s (planner.py:310)
INFO     [2025-01-12 11:44:59] --- select trajectory 371 (reactive_planner_cpp.py:382)
INFO     [2025-01-12 11:44:59] --- current time step: 24 (frenet_interface.py:257)
INFO     [2025-01-12 11:44:59] --- current velocity: 23.39339837673539 (frenet_interface.py:258)
INFO     [2025-01-12 11:44:59] --- current target velocity: 27.906461487116992 (frenet_interface.py:259)
INFO     [2025-01-12 11:45:02] --- Sampled interval of velocity: 0.00 m/s - 29.14 m/s (planner.py:310)
INFO     [2025-01-12 11:45:02] --- current time step: 25 (frenet_interface.py:280)
INFO     [2025-01-12 11:45:02] --- current velocity: 23.52320404803667 (frenet_interface.py:281)
INFO     [2025-01-12 11:45:02] --- current target velocity: 27.932768912842022 (frenet_interface.py:282)
INFO     [2025-01-12 11:45:03] --- Sampled interval of velocity: 0.00 m/s - 29.27 m/s (planner.py:310)
INFO     [2025-01-12 11:45:03] --- current time step: 26 (frenet_interface.py:280)
INFO     [2025-01-12 11:45:03] --- current velocity: 23.653581796243873 (frenet_interface.py:281)
INFO     [2025-01-12 11:45:03] --- current target velocity: 27.958633352996397 (frenet_interface.py:282)
INFO     [2025-01-12 11:45:14] --- Sampled interval of velocity: 0.00 m/s - 29.40 m/s (planner.py:310)
INFO     [2025-01-12 11:45:14] --- select trajectory 171 (reactive_planner_cpp.py:382)
INFO     [2025-01-12 11:45:14] --- current time step: 27 (frenet_interface.py:257)
INFO     [2025-01-12 11:45:14] --- current velocity: 23.755806059811224 (frenet_interface.py:258)
INFO     [2025-01-12 11:45:14] --- current target velocity: 27.984041877284234 (frenet_interface.py:259)
INFO     [2025-01-12 11:45:17] --- Sampled interval of velocity: 0.00 m/s - 29.51 m/s (planner.py:310)
INFO     [2025-01-12 11:45:17] --- current time step: 28 (frenet_interface.py:280)
INFO     [2025-01-12 11:45:17] --- current velocity: 23.92171799885818 (frenet_interface.py:281)
INFO     [2025-01-12 11:45:17] --- current target velocity: 28.009102130849577 (frenet_interface.py:282)
INFO     [2025-01-12 11:45:18] --- Sampled interval of velocity: 0.00 m/s - 29.67 m/s (planner.py:310)
INFO     [2025-01-12 11:45:18] --- current time step: 29 (frenet_interface.py:280)
INFO     [2025-01-12 11:45:18] --- current velocity: 24.135848766251062 (frenet_interface.py:281)
INFO     [2025-01-12 11:45:18] --- current target velocity: 28.033660980566985 (frenet_interface.py:282)
INFO     [2025-01-12 11:45:32] --- Sampled interval of velocity: 0.00 m/s - 29.89 m/s (planner.py:310)
INFO     [2025-01-12 11:45:33] --- select trajectory 271 (reactive_planner_cpp.py:382)
INFO     [2025-01-12 11:45:33] --- current time step: 30 (frenet_interface.py:257)
INFO     [2025-01-12 11:45:33] --- current velocity: 24.255632146344396 (frenet_interface.py:258)
INFO     [2025-01-12 11:45:33] --- current target velocity: 28.05737844467763 (frenet_interface.py:259)
INFO     [2025-01-12 11:45:36] --- Sampled interval of velocity: 0.00 m/s - 30.01 m/s (planner.py:310)
INFO     [2025-01-12 11:45:36] --- current time step: 31 (frenet_interface.py:280)
INFO     [2025-01-12 11:45:36] --- current velocity: 24.38104977172 (frenet_interface.py:281)
INFO     [2025-01-12 11:45:36] --- current target velocity: 28.08036749643974 (frenet_interface.py:282)
INFO     [2025-01-12 11:45:38] --- Sampled interval of velocity: 0.00 m/s - 30.13 m/s (planner.py:310)
INFO     [2025-01-12 11:45:38] --- current time step: 32 (frenet_interface.py:280)
INFO     [2025-01-12 11:45:38] --- current velocity: 24.51082801822559 (frenet_interface.py:281)
INFO     [2025-01-12 11:45:38] --- current target velocity: 28.10289709767282 (frenet_interface.py:282)
INFO     [2025-01-12 11:45:51] --- Sampled interval of velocity: 0.00 m/s - 30.26 m/s (planner.py:310)
INFO     [2025-01-12 11:45:51] --- select trajectory 651 (reactive_planner_cpp.py:382)
INFO     [2025-01-12 11:45:51] --- current time step: 33 (frenet_interface.py:257)
INFO     [2025-01-12 11:45:51] --- current velocity: 24.565811846228453 (frenet_interface.py:258)
INFO     [2025-01-12 11:45:51] --- current target velocity: 28.124928840314737 (frenet_interface.py:259)
INFO     [2025-01-12 11:45:54] --- Sampled interval of velocity: 0.00 m/s - 30.32 m/s (planner.py:310)
INFO     [2025-01-12 11:45:54] --- current time step: 34 (frenet_interface.py:280)
INFO     [2025-01-12 11:45:54] --- current velocity: 24.60013819988069 (frenet_interface.py:281)
INFO     [2025-01-12 11:45:54] --- current target velocity: 28.146655091841357 (frenet_interface.py:282)
INFO     [2025-01-12 11:45:55] --- Sampled interval of velocity: 0.00 m/s - 30.35 m/s (planner.py:310)
INFO     [2025-01-12 11:45:55] --- current time step: 35 (frenet_interface.py:280)
INFO     [2025-01-12 11:45:55] --- current velocity: 24.615169819755955 (frenet_interface.py:281)
INFO     [2025-01-12 11:45:55] --- current target velocity: 28.168374702194495 (frenet_interface.py:282)
INFO     [2025-01-12 11:46:06] --- Sampled interval of velocity: 0.00 m/s - 30.37 m/s (planner.py:310)
INFO     [2025-01-12 11:46:06] --- select trajectory 751 (reactive_planner_cpp.py:382)
INFO     [2025-01-12 11:46:06] --- current time step: 36 (frenet_interface.py:257)
INFO     [2025-01-12 11:46:06] --- current velocity: 24.611895660434133 (frenet_interface.py:258)
INFO     [2025-01-12 11:46:06] --- current target velocity: 28.190210104594712 (frenet_interface.py:259)
INFO     [2025-01-12 11:46:09] --- Sampled interval of velocity: 0.00 m/s - 30.36 m/s (planner.py:310)
INFO     [2025-01-12 11:46:09] --- current time step: 37 (frenet_interface.py:280)
INFO     [2025-01-12 11:46:09] --- current velocity: 24.596796479763285 (frenet_interface.py:281)
INFO     [2025-01-12 11:46:09] --- current target velocity: 28.21228206735499 (frenet_interface.py:282)
INFO     [2025-01-12 11:46:10] --- Sampled interval of velocity: 0.00 m/s - 30.35 m/s (planner.py:310)
INFO     [2025-01-12 11:46:10] --- current time step: 38 (frenet_interface.py:280)
INFO     [2025-01-12 11:46:10] --- current velocity: 24.570713980977484 (frenet_interface.py:281)
INFO     [2025-01-12 11:46:10] --- current target velocity: 28.234685703353907 (frenet_interface.py:282)
INFO     [2025-01-12 11:46:26] --- Sampled interval of velocity: 0.00 m/s - 30.32 m/s (planner.py:310)
INFO     [2025-01-12 11:46:26] --- select trajectory 756 (reactive_planner_cpp.py:382)
INFO     [2025-01-12 11:46:26] --- current time step: 39 (frenet_interface.py:257)
INFO     [2025-01-12 11:46:26] --- current velocity: 24.55012398235758 (frenet_interface.py:258)
INFO     [2025-01-12 11:46:26] --- current target velocity: 28.257498520283733 (frenet_interface.py:259)
INFO     [2025-01-12 11:46:29] --- Sampled interval of velocity: 0.00 m/s - 30.30 m/s (planner.py:310)
INFO     [2025-01-12 11:46:29] --- current time step: 40 (frenet_interface.py:280)
INFO     [2025-01-12 11:46:29] --- current velocity: 24.52013477149012 (frenet_interface.py:281)
INFO     [2025-01-12 11:46:29] --- current target velocity: 28.280745488476438 (frenet_interface.py:282)
INFO     [2025-01-12 11:46:32] --- Sampled interval of velocity: 0.00 m/s - 30.27 m/s (planner.py:310)
INFO     [2025-01-12 11:46:32] --- current time step: 41 (frenet_interface.py:280)
INFO     [2025-01-12 11:46:32] --- current velocity: 24.481475110215996 (frenet_interface.py:281)
INFO     [2025-01-12 11:46:32] --- current target velocity: 28.30444716053995 (frenet_interface.py:282)
INFO     [2025-01-12 11:46:50] --- Sampled interval of velocity: 0.00 m/s - 30.23 m/s (planner.py:310)
INFO     [2025-01-12 11:46:50] --- select trajectory 110 (reactive_planner_cpp.py:382)
INFO     [2025-01-12 11:46:50] --- current time step: 42 (frenet_interface.py:257)
INFO     [2025-01-12 11:46:50] --- current velocity: 24.07048670676767 (frenet_interface.py:258)
INFO     [2025-01-12 11:46:50] --- current target velocity: 28.328669864507436 (frenet_interface.py:259)
INFO     [2025-01-12 11:46:54] --- Sampled interval of velocity: 0.00 m/s - 29.82 m/s (planner.py:310)
INFO     [2025-01-12 11:46:54] --- current time step: 43 (frenet_interface.py:280)
INFO     [2025-01-12 11:46:54] --- current velocity: 22.983358380520063 (frenet_interface.py:281)
INFO     [2025-01-12 11:46:54] --- current target velocity: 28.35424789974633 (frenet_interface.py:282)
INFO     [2025-01-12 11:46:55] --- Sampled interval of velocity: 0.00 m/s - 28.73 m/s (planner.py:310)
INFO     [2025-01-12 11:46:55] --- current time step: 44 (frenet_interface.py:280)
INFO     [2025-01-12 11:46:55] --- current velocity: 21.371896622938884 (frenet_interface.py:281)
INFO     [2025-01-12 11:46:55] --- current target velocity: 27.983358380520063 (frenet_interface.py:282)
INFO     [2025-01-12 11:47:10] --- Sampled interval of velocity: 0.00 m/s - 27.12 m/s (planner.py:310)
INFO     [2025-01-12 11:47:10] --- select trajectory 111 (reactive_planner_cpp.py:382)
INFO     [2025-01-12 11:47:10] --- current time step: 45 (frenet_interface.py:257)
INFO     [2025-01-12 11:47:10] --- current velocity: 20.275328620895817 (frenet_interface.py:258)
INFO     [2025-01-12 11:47:10] --- current target velocity: 26.371896622938884 (frenet_interface.py:259)
INFO     [2025-01-12 11:47:14] --- Sampled interval of velocity: 0.00 m/s - 26.03 m/s (planner.py:310)
INFO     [2025-01-12 11:47:14] --- current time step: 46 (frenet_interface.py:280)
INFO     [2025-01-12 11:47:14] --- current velocity: 18.86813513369219 (frenet_interface.py:281)
INFO     [2025-01-12 11:47:14] --- current target velocity: 25.275328620895817 (frenet_interface.py:282)
INFO     [2025-01-12 11:47:15] --- Sampled interval of velocity: 0.00 m/s - 24.62 m/s (planner.py:310)
INFO     [2025-01-12 11:47:15] --- current time step: 47 (frenet_interface.py:280)
INFO     [2025-01-12 11:47:15] --- current velocity: 17.242984271759088 (frenet_interface.py:281)
INFO     [2025-01-12 11:47:15] --- current target velocity: 23.86813513369219 (frenet_interface.py:282)
INFO     [2025-01-12 11:47:30] --- Sampled interval of velocity: 0.00 m/s - 22.99 m/s (planner.py:310)
INFO     [2025-01-12 11:47:30] --- select trajectory 101 (reactive_planner_cpp.py:382)
INFO     [2025-01-12 11:47:30] --- current time step: 48 (frenet_interface.py:257)
INFO     [2025-01-12 11:47:30] --- current velocity: 16.205340524463 (frenet_interface.py:258)
INFO     [2025-01-12 11:47:30] --- current target velocity: 22.242984271759088 (frenet_interface.py:259)
INFO     [2025-01-12 11:47:33] --- Sampled interval of velocity: 0.00 m/s - 21.96 m/s (planner.py:310)
INFO     [2025-01-12 11:47:33] --- current time step: 49 (frenet_interface.py:280)
INFO     [2025-01-12 11:47:33] --- current velocity: 14.854207875474607 (frenet_interface.py:281)
INFO     [2025-01-12 11:47:33] --- current target velocity: 21.205340524463 (frenet_interface.py:282)
INFO     [2025-01-12 11:47:34] --- Sampled interval of velocity: 0.00 m/s - 20.60 m/s (planner.py:310)
INFO     [2025-01-12 11:47:34] --- current time step: 50 (frenet_interface.py:280)
INFO     [2025-01-12 11:47:34] --- current velocity: 13.276294918164428 (frenet_interface.py:281)
INFO     [2025-01-12 11:47:34] --- current target velocity: 19.854207875474607 (frenet_interface.py:282)
INFO     [2025-01-12 11:47:48] --- Sampled interval of velocity: 0.00 m/s - 19.03 m/s (planner.py:310)
INFO     [2025-01-12 11:47:48] --- select trajectory 427 (reactive_planner_cpp.py:382)
INFO     [2025-01-12 11:47:48] --- current time step: 51 (frenet_interface.py:257)
INFO     [2025-01-12 11:47:48] --- current velocity: 12.46403681112063 (frenet_interface.py:258)
INFO     [2025-01-12 11:47:48] --- current target velocity: 18.276294918164428 (frenet_interface.py:259)
INFO     [2025-01-12 11:47:51] --- Sampled interval of velocity: 0.00 m/s - 18.21 m/s (planner.py:310)
INFO     [2025-01-12 11:47:51] --- current time step: 52 (frenet_interface.py:280)
INFO     [2025-01-12 11:47:51] --- current velocity: 11.720888007314741 (frenet_interface.py:281)
INFO     [2025-01-12 11:47:51] --- current target velocity: 17.46403681112063 (frenet_interface.py:282)
INFO     [2025-01-12 11:47:52] --- Sampled interval of velocity: 0.00 m/s - 17.47 m/s (planner.py:310)
INFO     [2025-01-12 11:47:52] --- current time step: 53 (frenet_interface.py:280)
INFO     [2025-01-12 11:47:52] --- current velocity: 11.099639544445665 (frenet_interface.py:281)
INFO     [2025-01-12 11:47:52] --- current target velocity: 16.72088800731474 (frenet_interface.py:282)
INFO     [2025-01-12 11:48:04] --- Sampled interval of velocity: 0.00 m/s - 16.85 m/s (planner.py:310)
WARNING  [2025-01-12 11:48:05] --- No optimal trajectory available. Select stopping trajectory! (reactive_planner_cpp.py:407)
INFO     [2025-01-12 11:48:05] --- current time step: 54 (frenet_interface.py:257)
INFO     [2025-01-12 11:48:05] --- current velocity: 10.73043063221757 (frenet_interface.py:258)
INFO     [2025-01-12 11:48:05] --- current target velocity: 16.099639544445665 (frenet_interface.py:259)
