CRITICAL [2025-01-12 11:31:21] --- Start Planner Vehicle ID: 30682 (frenet_interface.py:67)
INFO     [2025-01-12 11:31:25] --- Sampled interval of velocity: 0.00 m/s - 11.62 m/s (planner.py:310)
INFO     [2025-01-12 11:31:25] --- select trajectory 111 (reactive_planner_cpp.py:382)
INFO     [2025-01-12 11:31:25] --- current time step: 0 (frenet_interface.py:257)
INFO     [2025-01-12 11:31:25] --- current velocity: 5.805283453252348 (frenet_interface.py:258)
INFO     [2025-01-12 11:31:25] --- current target velocity: 2.549763427067677 (frenet_interface.py:259)
INFO     [2025-01-12 11:31:28] --- Sampled interval of velocity: 0.00 m/s - 11.56 m/s (planner.py:310)
INFO     [2025-01-12 11:31:28] --- current time step: 1 (frenet_interface.py:280)
INFO     [2025-01-12 11:31:28] --- current velocity: 5.615770352348855 (frenet_interface.py:281)
INFO     [2025-01-12 11:31:28] --- current target velocity: 2.5274578461908654 (frenet_interface.py:282)
INFO     [2025-01-12 11:31:29] --- Sampled interval of velocity: 0.00 m/s - 11.37 m/s (planner.py:310)
INFO     [2025-01-12 11:31:29] --- current time step: 2 (frenet_interface.py:280)
INFO     [2025-01-12 11:31:29] --- current velocity: 5.33261556059279 (frenet_interface.py:281)
INFO     [2025-01-12 11:31:29] --- current target velocity: 2.50574364700601 (frenet_interface.py:282)
INFO     [2025-01-12 11:31:31] --- Sampled interval of velocity: 0.00 m/s - 11.08 m/s (planner.py:310)
INFO     [2025-01-12 11:31:31] --- select trajectory 491 (reactive_planner_cpp.py:382)
INFO     [2025-01-12 11:31:31] --- current time step: 3 (frenet_interface.py:257)
INFO     [2025-01-12 11:31:31] --- current velocity: 5.116480136377318 (frenet_interface.py:258)
INFO     [2025-01-12 11:31:31] --- current target velocity: 2.4853659885993085 (frenet_interface.py:259)
INFO     [2025-01-12 11:31:33] --- Sampled interval of velocity: 0.00 m/s - 10.87 m/s (planner.py:310)
INFO     [2025-01-12 11:31:33] --- current time step: 4 (frenet_interface.py:280)
INFO     [2025-01-12 11:31:33] --- current velocity: 4.801399315954619 (frenet_interface.py:281)
INFO     [2025-01-12 11:31:33] --- current target velocity: 2.466412924357129 (frenet_interface.py:282)
INFO     [2025-01-12 11:31:34] --- Sampled interval of velocity: 0.00 m/s - 10.55 m/s (planner.py:310)
INFO     [2025-01-12 11:31:34] --- current time step: 5 (frenet_interface.py:280)
INFO     [2025-01-12 11:31:34] --- current velocity: 4.405775085906529 (frenet_interface.py:281)
INFO     [2025-01-12 11:31:34] --- current target velocity: 2.449051772728407 (frenet_interface.py:282)
INFO     [2025-01-12 11:31:36] --- Sampled interval of velocity: 0.00 m/s - 10.16 m/s (planner.py:310)
INFO     [2025-01-12 11:31:36] --- select trajectory 111 (reactive_planner_cpp.py:382)
INFO     [2025-01-12 11:31:36] --- current time step: 6 (frenet_interface.py:257)
INFO     [2025-01-12 11:31:36] --- current velocity: 4.184725063968671 (frenet_interface.py:258)
INFO     [2025-01-12 11:31:36] --- current target velocity: 2.433943514153976 (frenet_interface.py:259)
INFO     [2025-01-12 11:31:39] --- Sampled interval of velocity: 0.00 m/s - 9.93 m/s (planner.py:310)
INFO     [2025-01-12 11:31:39] --- current time step: 7 (frenet_interface.py:280)
INFO     [2025-01-12 11:31:39] --- current velocity: 3.95544954975999 (frenet_interface.py:281)
INFO     [2025-01-12 11:31:39] --- current target velocity: 2.4208290820165175 (frenet_interface.py:282)
INFO     [2025-01-12 11:31:40] --- Sampled interval of velocity: 0.00 m/s - 9.71 m/s (planner.py:310)
INFO     [2025-01-12 11:31:40] --- current time step: 8 (frenet_interface.py:280)
INFO     [2025-01-12 11:31:40] --- current velocity: 3.7241174597631805 (frenet_interface.py:281)
INFO     [2025-01-12 11:31:40] --- current target velocity: 3.95544954975999 (frenet_interface.py:282)
INFO     [2025-01-12 11:31:42] --- Sampled interval of velocity: 0.00 m/s - 9.47 m/s (planner.py:310)
INFO     [2025-01-12 11:31:42] --- select trajectory 151 (reactive_planner_cpp.py:382)
INFO     [2025-01-12 11:31:42] --- current time step: 9 (frenet_interface.py:257)
INFO     [2025-01-12 11:31:42] --- current velocity: 3.628950509125909 (frenet_interface.py:258)
INFO     [2025-01-12 11:31:42] --- current target velocity: 3.7241174597631805 (frenet_interface.py:259)
INFO     [2025-01-12 11:31:44] --- Sampled interval of velocity: 0.00 m/s - 9.38 m/s (planner.py:310)
INFO     [2025-01-12 11:31:44] --- current time step: 10 (frenet_interface.py:280)
INFO     [2025-01-12 11:31:44] --- current velocity: 3.5699470087054066 (frenet_interface.py:281)
INFO     [2025-01-12 11:31:44] --- current target velocity: 3.628950509125909 (frenet_interface.py:282)
INFO     [2025-01-12 11:31:45] --- Sampled interval of velocity: 0.00 m/s - 9.32 m/s (planner.py:310)
INFO     [2025-01-12 11:31:45] --- current time step: 11 (frenet_interface.py:280)
INFO     [2025-01-12 11:31:45] --- current velocity: 3.5413969378453594 (frenet_interface.py:281)
INFO     [2025-01-12 11:31:45] --- current target velocity: 3.5699470087054066 (frenet_interface.py:282)
INFO     [2025-01-12 11:31:47] --- Sampled interval of velocity: 0.00 m/s - 9.29 m/s (planner.py:310)
INFO     [2025-01-12 11:31:47] --- select trajectory 731 (reactive_planner_cpp.py:382)
INFO     [2025-01-12 11:31:47] --- current time step: 12 (frenet_interface.py:257)
INFO     [2025-01-12 11:31:47] --- current velocity: 3.537883530790673 (frenet_interface.py:258)
INFO     [2025-01-12 11:31:47] --- current target velocity: 3.5413969378453594 (frenet_interface.py:259)
INFO     [2025-01-12 11:31:51] --- Sampled interval of velocity: 0.00 m/s - 9.29 m/s (planner.py:310)
INFO     [2025-01-12 11:31:51] --- current time step: 13 (frenet_interface.py:280)
INFO     [2025-01-12 11:31:51] --- current velocity: 3.5422087950538756 (frenet_interface.py:281)
INFO     [2025-01-12 11:31:51] --- current target velocity: 3.537883530790673 (frenet_interface.py:282)
INFO     [2025-01-12 11:31:52] --- Sampled interval of velocity: 0.00 m/s - 9.29 m/s (planner.py:310)
INFO     [2025-01-12 11:31:52] --- current time step: 14 (frenet_interface.py:280)
INFO     [2025-01-12 11:31:52] --- current velocity: 3.553830954759998 (frenet_interface.py:281)
INFO     [2025-01-12 11:31:52] --- current target velocity: 3.5422087950538756 (frenet_interface.py:282)
INFO     [2025-01-12 11:31:54] --- Sampled interval of velocity: 0.00 m/s - 9.30 m/s (planner.py:310)
INFO     [2025-01-12 11:31:54] --- select trajectory 161 (reactive_planner_cpp.py:382)
INFO     [2025-01-12 11:31:54] --- current time step: 15 (frenet_interface.py:257)
INFO     [2025-01-12 11:31:54] --- current velocity: 3.5600664989078283 (frenet_interface.py:258)
INFO     [2025-01-12 11:31:54] --- current target velocity: 3.553830954759998 (frenet_interface.py:259)
INFO     [2025-01-12 11:31:56] --- Sampled interval of velocity: 0.00 m/s - 9.31 m/s (planner.py:310)
INFO     [2025-01-12 11:31:56] --- current time step: 16 (frenet_interface.py:280)
INFO     [2025-01-12 11:31:56] --- current velocity: 3.563932534853082 (frenet_interface.py:281)
INFO     [2025-01-12 11:31:56] --- current target velocity: 3.5600664989078283 (frenet_interface.py:282)
INFO     [2025-01-12 11:31:57] --- Sampled interval of velocity: 0.00 m/s - 9.31 m/s (planner.py:310)
INFO     [2025-01-12 11:31:57] --- current time step: 17 (frenet_interface.py:280)
INFO     [2025-01-12 11:31:57] --- current velocity: 3.5658031963112893 (frenet_interface.py:281)
INFO     [2025-01-12 11:31:57] --- current target velocity: 3.563932534853082 (frenet_interface.py:282)
INFO     [2025-01-12 11:31:59] --- Sampled interval of velocity: 0.00 m/s - 9.32 m/s (planner.py:310)
INFO     [2025-01-12 11:31:59] --- select trajectory 750 (reactive_planner_cpp.py:382)
INFO     [2025-01-12 11:31:59] --- current time step: 18 (frenet_interface.py:257)
INFO     [2025-01-12 11:31:59] --- current velocity: 3.5774286979016523 (frenet_interface.py:258)
INFO     [2025-01-12 11:31:59] --- current target velocity: 3.5658031963112893 (frenet_interface.py:259)
INFO     [2025-01-12 11:32:01] --- Sampled interval of velocity: 0.00 m/s - 9.33 m/s (planner.py:310)
INFO     [2025-01-12 11:32:01] --- current time step: 19 (frenet_interface.py:280)
INFO     [2025-01-12 11:32:01] --- current velocity: 3.610378980730876 (frenet_interface.py:281)
INFO     [2025-01-12 11:32:01] --- current target velocity: 3.5774286979016523 (frenet_interface.py:282)
INFO     [2025-01-12 11:32:02] --- Sampled interval of velocity: 0.00 m/s - 9.36 m/s (planner.py:310)
INFO     [2025-01-12 11:32:02] --- current time step: 20 (frenet_interface.py:280)
INFO     [2025-01-12 11:32:02] --- current velocity: 3.6633157688732068 (frenet_interface.py:281)
INFO     [2025-01-12 11:32:02] --- current target velocity: 3.610378980730876 (frenet_interface.py:282)
INFO     [2025-01-12 11:32:03] --- Sampled interval of velocity: 0.00 m/s - 9.41 m/s (planner.py:310)
INFO     [2025-01-12 11:32:03] --- select trajectory 406 (reactive_planner_cpp.py:382)
INFO     [2025-01-12 11:32:03] --- current time step: 21 (frenet_interface.py:257)
INFO     [2025-01-12 11:32:03] --- current velocity: 3.6539132305567126 (frenet_interface.py:258)
INFO     [2025-01-12 11:32:03] --- current target velocity: 3.6633157688732068 (frenet_interface.py:259)
INFO     [2025-01-12 11:32:06] --- Sampled interval of velocity: 0.00 m/s - 9.40 m/s (planner.py:310)
INFO     [2025-01-12 11:32:06] --- current time step: 22 (frenet_interface.py:280)
INFO     [2025-01-12 11:32:06] --- current velocity: 3.571135825589223 (frenet_interface.py:281)
INFO     [2025-01-12 11:32:06] --- current target velocity: 3.6539132305567126 (frenet_interface.py:282)
INFO     [2025-01-12 11:32:07] --- Sampled interval of velocity: 0.00 m/s - 9.32 m/s (planner.py:310)
INFO     [2025-01-12 11:32:07] --- current time step: 23 (frenet_interface.py:280)
INFO     [2025-01-12 11:32:07] --- current velocity: 3.426951859969663 (frenet_interface.py:281)
INFO     [2025-01-12 11:32:07] --- current target velocity: 3.571135825589223 (frenet_interface.py:282)
INFO     [2025-01-12 11:32:08] --- Sampled interval of velocity: 0.00 m/s - 9.18 m/s (planner.py:310)
INFO     [2025-01-12 11:32:08] --- select trajectory 161 (reactive_planner_cpp.py:382)
INFO     [2025-01-12 11:32:08] --- current time step: 24 (frenet_interface.py:257)
INFO     [2025-01-12 11:32:08] --- current velocity: 3.356269353716395 (frenet_interface.py:258)
INFO     [2025-01-12 11:32:08] --- current target velocity: 3.426951859969663 (frenet_interface.py:259)
INFO     [2025-01-12 11:32:10] --- Sampled interval of velocity: 0.00 m/s - 9.11 m/s (planner.py:310)
INFO     [2025-01-12 11:32:10] --- current time step: 25 (frenet_interface.py:280)
INFO     [2025-01-12 11:32:10] --- current velocity: 3.3124453563427516 (frenet_interface.py:281)
INFO     [2025-01-12 11:32:10] --- current target velocity: 3.356269353716395 (frenet_interface.py:282)
INFO     [2025-01-12 11:32:11] --- Sampled interval of velocity: 0.00 m/s - 9.06 m/s (planner.py:310)
INFO     [2025-01-12 11:32:11] --- current time step: 26 (frenet_interface.py:280)
INFO     [2025-01-12 11:32:11] --- current velocity: 3.291363384479836 (frenet_interface.py:281)
INFO     [2025-01-12 11:32:11] --- current target velocity: 3.3124453563427516 (frenet_interface.py:282)
INFO     [2025-01-12 11:32:13] --- Sampled interval of velocity: 0.00 m/s - 9.04 m/s (planner.py:310)
INFO     [2025-01-12 11:32:13] --- select trajectory 171 (reactive_planner_cpp.py:382)
INFO     [2025-01-12 11:32:13] --- current time step: 27 (frenet_interface.py:257)
INFO     [2025-01-12 11:32:13] --- current velocity: 3.2867839997966457 (frenet_interface.py:258)
INFO     [2025-01-12 11:32:13] --- current target velocity: 3.291363384479836 (frenet_interface.py:259)
INFO     [2025-01-12 11:32:15] --- Sampled interval of velocity: 0.00 m/s - 9.04 m/s (planner.py:310)
INFO     [2025-01-12 11:32:15] --- current time step: 28 (frenet_interface.py:280)
INFO     [2025-01-12 11:32:16] --- current velocity: 3.2839659605248883 (frenet_interface.py:281)
INFO     [2025-01-12 11:32:16] --- current target velocity: 3.2867839997966457 (frenet_interface.py:282)
INFO     [2025-01-12 11:32:16] --- Sampled interval of velocity: 0.00 m/s - 9.03 m/s (planner.py:310)
INFO     [2025-01-12 11:32:16] --- current time step: 29 (frenet_interface.py:280)
INFO     [2025-01-12 11:32:16] --- current velocity: 3.2826069334918864 (frenet_interface.py:281)
INFO     [2025-01-12 11:32:16] --- current target velocity: 3.2839659605248883 (frenet_interface.py:282)
INFO     [2025-01-12 11:32:18] --- Sampled interval of velocity: 0.00 m/s - 9.03 m/s (planner.py:310)
INFO     [2025-01-12 11:32:18] --- select trajectory 71 (reactive_planner_cpp.py:382)
INFO     [2025-01-12 11:32:18] --- current time step: 30 (frenet_interface.py:257)
INFO     [2025-01-12 11:32:18] --- current velocity: 3.2822669440516927 (frenet_interface.py:258)
INFO     [2025-01-12 11:32:18] --- current target velocity: 3.2826069334918864 (frenet_interface.py:259)
INFO     [2025-01-12 11:32:21] --- Sampled interval of velocity: 0.00 m/s - 9.03 m/s (planner.py:310)
INFO     [2025-01-12 11:32:21] --- current time step: 31 (frenet_interface.py:280)
INFO     [2025-01-12 11:32:21] --- current velocity: 3.2819776810698364 (frenet_interface.py:281)
INFO     [2025-01-12 11:32:21] --- current target velocity: 3.2822669440516927 (frenet_interface.py:282)
INFO     [2025-01-12 11:32:22] --- Sampled interval of velocity: 0.00 m/s - 9.03 m/s (planner.py:310)
INFO     [2025-01-12 11:32:22] --- current time step: 32 (frenet_interface.py:280)
INFO     [2025-01-12 11:32:22] --- current velocity: 3.281746445176718 (frenet_interface.py:281)
INFO     [2025-01-12 11:32:22] --- current target velocity: 3.2819776810698364 (frenet_interface.py:282)
INFO     [2025-01-12 11:32:23] --- Sampled interval of velocity: 0.00 m/s - 9.03 m/s (planner.py:310)
INFO     [2025-01-12 11:32:23] --- select trajectory 71 (reactive_planner_cpp.py:382)
INFO     [2025-01-12 11:32:23] --- current time step: 33 (frenet_interface.py:257)
INFO     [2025-01-12 11:32:23] --- current velocity: 3.281648372019748 (frenet_interface.py:258)
INFO     [2025-01-12 11:32:23] --- current target velocity: 3.281746445176718 (frenet_interface.py:259)
INFO     [2025-01-12 11:32:25] --- Sampled interval of velocity: 0.00 m/s - 9.03 m/s (planner.py:310)
INFO     [2025-01-12 11:32:25] --- current time step: 34 (frenet_interface.py:280)
INFO     [2025-01-12 11:32:25] --- current velocity: 3.2815606162134197 (frenet_interface.py:281)
INFO     [2025-01-12 11:32:25] --- current target velocity: 3.281648372019748 (frenet_interface.py:282)
INFO     [2025-01-12 11:32:26] --- Sampled interval of velocity: 0.00 m/s - 9.03 m/s (planner.py:310)
INFO     [2025-01-12 11:32:26] --- current time step: 35 (frenet_interface.py:280)
INFO     [2025-01-12 11:32:26] --- current velocity: 3.2814900902476656 (frenet_interface.py:281)
INFO     [2025-01-12 11:32:26] --- current target velocity: 3.2815606162134197 (frenet_interface.py:282)
INFO     [2025-01-12 11:32:28] --- Sampled interval of velocity: 0.00 m/s - 9.03 m/s (planner.py:310)
INFO     [2025-01-12 11:32:28] --- select trajectory 731 (reactive_planner_cpp.py:382)
INFO     [2025-01-12 11:32:28] --- current time step: 36 (frenet_interface.py:257)
INFO     [2025-01-12 11:32:28] --- current velocity: 3.2854878959091445 (frenet_interface.py:258)
INFO     [2025-01-12 11:32:28] --- current target velocity: 3.2814900902476656 (frenet_interface.py:259)
INFO     [2025-01-12 11:32:29] --- Sampled interval of velocity: 0.00 m/s - 9.04 m/s (planner.py:310)
INFO     [2025-01-12 11:32:29] --- current time step: 37 (frenet_interface.py:280)
INFO     [2025-01-12 11:32:29] --- current velocity: 3.297175914201316 (frenet_interface.py:281)
INFO     [2025-01-12 11:32:29] --- current target velocity: 3.2854878959091445 (frenet_interface.py:282)
INFO     [2025-01-12 11:32:31] --- Sampled interval of velocity: 0.00 m/s - 9.05 m/s (planner.py:310)
INFO     [2025-01-12 11:32:31] --- current time step: 38 (frenet_interface.py:280)
INFO     [2025-01-12 11:32:31] --- current velocity: 3.3160043810414015 (frenet_interface.py:281)
INFO     [2025-01-12 11:32:31] --- current target velocity: 3.297175914201316 (frenet_interface.py:282)
INFO     [2025-01-12 11:32:32] --- Sampled interval of velocity: 0.00 m/s - 9.07 m/s (planner.py:310)
INFO     [2025-01-12 11:32:32] --- select trajectory 251 (reactive_planner_cpp.py:382)
INFO     [2025-01-12 11:32:32] --- current time step: 39 (frenet_interface.py:257)
INFO     [2025-01-12 11:32:32] --- current velocity: 3.3512941675633083 (frenet_interface.py:258)
INFO     [2025-01-12 11:32:32] --- current target velocity: 3.3160043810414015 (frenet_interface.py:259)
INFO     [2025-01-12 11:32:34] --- Sampled interval of velocity: 0.00 m/s - 9.10 m/s (planner.py:310)
INFO     [2025-01-12 11:32:34] --- current time step: 40 (frenet_interface.py:280)
INFO     [2025-01-12 11:32:34] --- current velocity: 3.431567298830291 (frenet_interface.py:281)
INFO     [2025-01-12 11:32:34] --- current target velocity: 3.3512941675633083 (frenet_interface.py:282)
INFO     [2025-01-12 11:32:35] --- Sampled interval of velocity: 0.00 m/s - 9.18 m/s (planner.py:310)
INFO     [2025-01-12 11:32:35] --- current time step: 41 (frenet_interface.py:280)
INFO     [2025-01-12 11:32:35] --- current velocity: 3.551762412600992 (frenet_interface.py:281)
INFO     [2025-01-12 11:32:35] --- current target velocity: 3.431567298830291 (frenet_interface.py:282)
INFO     [2025-01-12 11:32:37] --- Sampled interval of velocity: 0.00 m/s - 9.30 m/s (planner.py:310)
INFO     [2025-01-12 11:32:37] --- select trajectory 496 (reactive_planner_cpp.py:382)
INFO     [2025-01-12 11:32:37] --- current time step: 42 (frenet_interface.py:257)
INFO     [2025-01-12 11:32:37] --- current velocity: 3.559719083787465 (frenet_interface.py:258)
INFO     [2025-01-12 11:32:37] --- current target velocity: 3.551762412600992 (frenet_interface.py:259)
INFO     [2025-01-12 11:32:39] --- Sampled interval of velocity: 0.00 m/s - 9.31 m/s (planner.py:310)
INFO     [2025-01-12 11:32:39] --- current time step: 43 (frenet_interface.py:280)
INFO     [2025-01-12 11:32:39] --- current velocity: 3.456850292198631 (frenet_interface.py:281)
INFO     [2025-01-12 11:32:39] --- current target velocity: 3.559719083787465 (frenet_interface.py:282)
INFO     [2025-01-12 11:32:40] --- Sampled interval of velocity: 0.00 m/s - 9.21 m/s (planner.py:310)
INFO     [2025-01-12 11:32:40] --- current time step: 44 (frenet_interface.py:280)
INFO     [2025-01-12 11:32:40] --- current velocity: 3.260795152649658 (frenet_interface.py:281)
INFO     [2025-01-12 11:32:40] --- current target velocity: 3.456850292198631 (frenet_interface.py:282)
INFO     [2025-01-12 11:32:42] --- Sampled interval of velocity: 0.00 m/s - 9.01 m/s (planner.py:310)
INFO     [2025-01-12 11:32:42] --- select trajectory 301 (reactive_planner_cpp.py:382)
INFO     [2025-01-12 11:32:42] --- current time step: 45 (frenet_interface.py:257)
INFO     [2025-01-12 11:32:42] --- current velocity: 3.140746863503477 (frenet_interface.py:258)
INFO     [2025-01-12 11:32:42] --- current target velocity: 3.260795152649658 (frenet_interface.py:259)
INFO     [2025-01-12 11:32:43] --- Sampled interval of velocity: 0.00 m/s - 8.89 m/s (planner.py:310)
INFO     [2025-01-12 11:32:43] --- current time step: 46 (frenet_interface.py:280)
INFO     [2025-01-12 11:32:43] --- current velocity: 3.0178481004229836 (frenet_interface.py:281)
INFO     [2025-01-12 11:32:43] --- current target velocity: 3.140746863503477 (frenet_interface.py:282)
INFO     [2025-01-12 11:32:45] --- Sampled interval of velocity: 0.00 m/s - 8.77 m/s (planner.py:310)
INFO     [2025-01-12 11:32:45] --- current time step: 47 (frenet_interface.py:280)
INFO     [2025-01-12 11:32:45] --- current velocity: 2.892859550958195 (frenet_interface.py:281)
INFO     [2025-01-12 11:32:45] --- current target velocity: 3.0178481004229836 (frenet_interface.py:282)
INFO     [2025-01-12 11:32:46] --- Sampled interval of velocity: 0.00 m/s - 8.64 m/s (planner.py:310)
INFO     [2025-01-12 11:32:46] --- select trajectory 196 (reactive_planner_cpp.py:382)
INFO     [2025-01-12 11:32:46] --- current time step: 48 (frenet_interface.py:257)
INFO     [2025-01-12 11:32:46] --- current velocity: 2.773535091049986 (frenet_interface.py:258)
INFO     [2025-01-12 11:32:46] --- current target velocity: 2.892859550958195 (frenet_interface.py:259)
INFO     [2025-01-12 11:32:48] --- Sampled interval of velocity: 0.00 m/s - 8.52 m/s (planner.py:310)
INFO     [2025-01-12 11:32:48] --- current time step: 49 (frenet_interface.py:280)
INFO     [2025-01-12 11:32:48] --- current velocity: 2.556630309402914 (frenet_interface.py:281)
INFO     [2025-01-12 11:32:48] --- current target velocity: 2.773535091049986 (frenet_interface.py:282)
INFO     [2025-01-12 11:32:50] --- Sampled interval of velocity: 0.00 m/s - 8.31 m/s (planner.py:310)
INFO     [2025-01-12 11:32:50] --- current time step: 50 (frenet_interface.py:280)
INFO     [2025-01-12 11:32:50] --- current velocity: 2.2651054798390926 (frenet_interface.py:281)
INFO     [2025-01-12 11:32:50] --- current target velocity: 2.556630309402914 (frenet_interface.py:282)
INFO     [2025-01-12 11:32:51] --- Sampled interval of velocity: 0.00 m/s - 8.02 m/s (planner.py:310)
INFO     [2025-01-12 11:32:51] --- select trajectory 281 (reactive_planner_cpp.py:382)
INFO     [2025-01-12 11:32:51] --- current time step: 51 (frenet_interface.py:257)
INFO     [2025-01-12 11:32:51] --- current velocity: 2.120173584406883 (frenet_interface.py:258)
INFO     [2025-01-12 11:32:51] --- current target velocity: 2.2651054798390926 (frenet_interface.py:259)
INFO     [2025-01-12 11:32:53] --- Sampled interval of velocity: 0.00 m/s - 7.87 m/s (planner.py:310)
INFO     [2025-01-12 11:32:53] --- current time step: 52 (frenet_interface.py:280)
INFO     [2025-01-12 11:32:53] --- current velocity: 2.0049481341209603 (frenet_interface.py:281)
INFO     [2025-01-12 11:32:53] --- current target velocity: 2.120173584406883 (frenet_interface.py:282)
INFO     [2025-01-12 11:32:54] --- Sampled interval of velocity: 0.00 m/s - 7.75 m/s (planner.py:310)
INFO     [2025-01-12 11:32:54] --- current time step: 53 (frenet_interface.py:280)
INFO     [2025-01-12 11:32:54] --- current velocity: 1.9170161390095388 (frenet_interface.py:281)
INFO     [2025-01-12 11:32:54] --- current target velocity: 2.0049481341209603 (frenet_interface.py:282)
INFO     [2025-01-12 11:32:57] --- Sampled interval of velocity: 0.00 m/s - 7.67 m/s (planner.py:310)
INFO     [2025-01-12 11:32:57] --- select trajectory 401 (reactive_planner_cpp.py:382)
INFO     [2025-01-12 11:32:57] --- current time step: 54 (frenet_interface.py:257)
INFO     [2025-01-12 11:32:57] --- current velocity: 1.8706846874569676 (frenet_interface.py:258)
INFO     [2025-01-12 11:32:57] --- current target velocity: 1.9170161390095388 (frenet_interface.py:259)
INFO     [2025-01-12 11:32:59] --- Sampled interval of velocity: 0.00 m/s - 7.62 m/s (planner.py:310)
INFO     [2025-01-12 11:32:59] --- current time step: 55 (frenet_interface.py:280)
INFO     [2025-01-12 11:32:59] --- current velocity: 1.8087994370433975 (frenet_interface.py:281)
INFO     [2025-01-12 11:32:59] --- current target velocity: 1.8706846874569676 (frenet_interface.py:282)
INFO     [2025-01-12 11:33:00] --- Sampled interval of velocity: 0.00 m/s - 7.56 m/s (planner.py:310)
INFO     [2025-01-12 11:33:00] --- current time step: 56 (frenet_interface.py:280)
INFO     [2025-01-12 11:33:00] --- current velocity: 1.7343996233587669 (frenet_interface.py:281)
INFO     [2025-01-12 11:33:00] --- current target velocity: 1.8087994370433975 (frenet_interface.py:282)
INFO     [2025-01-12 11:33:02] --- Sampled interval of velocity: 0.00 m/s - 7.48 m/s (planner.py:310)
INFO     [2025-01-12 11:33:02] --- select trajectory 181 (reactive_planner_cpp.py:382)
INFO     [2025-01-12 11:33:02] --- current time step: 57 (frenet_interface.py:257)
INFO     [2025-01-12 11:33:02] --- current velocity: 1.7014767365660937 (frenet_interface.py:258)
INFO     [2025-01-12 11:33:02] --- current target velocity: 1.7343996233587669 (frenet_interface.py:259)
INFO     [2025-01-12 11:33:04] --- Sampled interval of velocity: 0.00 m/s - 7.45 m/s (planner.py:310)
INFO     [2025-01-12 11:33:04] --- current time step: 58 (frenet_interface.py:280)
INFO     [2025-01-12 11:33:04] --- current velocity: 1.681054009101648 (frenet_interface.py:281)
INFO     [2025-01-12 11:33:04] --- current target velocity: 1.7014767365660937 (frenet_interface.py:282)
INFO     [2025-01-12 11:33:06] --- Sampled interval of velocity: 0.00 m/s - 7.43 m/s (planner.py:310)
INFO     [2025-01-12 11:33:06] --- current time step: 59 (frenet_interface.py:280)
INFO     [2025-01-12 11:33:06] --- current velocity: 1.6711615956462955 (frenet_interface.py:281)
INFO     [2025-01-12 11:33:06] --- current target velocity: 1.681054009101648 (frenet_interface.py:282)
INFO     [2025-01-12 11:33:08] --- Sampled interval of velocity: 0.00 m/s - 7.42 m/s (planner.py:310)
INFO     [2025-01-12 11:33:08] --- select trajectory 181 (reactive_planner_cpp.py:382)
INFO     [2025-01-12 11:33:08] --- current time step: 60 (frenet_interface.py:257)
INFO     [2025-01-12 11:33:08] --- current velocity: 1.668969122410325 (frenet_interface.py:258)
INFO     [2025-01-12 11:33:08] --- current target velocity: 1.6711615956462955 (frenet_interface.py:259)
INFO     [2025-01-12 11:33:10] --- Sampled interval of velocity: 0.00 m/s - 7.42 m/s (planner.py:310)
INFO     [2025-01-12 11:33:10] --- current time step: 61 (frenet_interface.py:280)
INFO     [2025-01-12 11:33:10] --- current velocity: 1.667604707248243 (frenet_interface.py:281)
INFO     [2025-01-12 11:33:10] --- current target velocity: 1.668969122410325 (frenet_interface.py:282)
INFO     [2025-01-12 11:33:12] --- Sampled interval of velocity: 0.00 m/s - 7.42 m/s (planner.py:310)
INFO     [2025-01-12 11:33:12] --- current time step: 62 (frenet_interface.py:280)
INFO     [2025-01-12 11:33:12] --- current velocity: 1.6669399647816887 (frenet_interface.py:281)
INFO     [2025-01-12 11:33:12] --- current target velocity: 1.667604707248243 (frenet_interface.py:282)
INFO     [2025-01-12 11:33:14] --- Sampled interval of velocity: 0.00 m/s - 7.42 m/s (planner.py:310)
INFO     [2025-01-12 11:33:14] --- select trajectory 181 (reactive_planner_cpp.py:382)
INFO     [2025-01-12 11:33:14] --- current time step: 63 (frenet_interface.py:257)
INFO     [2025-01-12 11:33:14] --- current velocity: 1.6667892895347556 (frenet_interface.py:258)
INFO     [2025-01-12 11:33:14] --- current target velocity: 1.6669399647816887 (frenet_interface.py:259)
INFO     [2025-01-12 11:33:17] --- Sampled interval of velocity: 0.00 m/s - 7.42 m/s (planner.py:310)
INFO     [2025-01-12 11:33:17] --- current time step: 64 (frenet_interface.py:280)
INFO     [2025-01-12 11:33:17] --- current velocity: 1.6666951864511235 (frenet_interface.py:281)
INFO     [2025-01-12 11:33:18] --- current target velocity: 1.6667892895347556 (frenet_interface.py:282)
INFO     [2025-01-12 11:33:19] --- Sampled interval of velocity: 0.00 m/s - 7.42 m/s (planner.py:310)
INFO     [2025-01-12 11:33:19] --- current time step: 65 (frenet_interface.py:280)
INFO     [2025-01-12 11:33:19] --- current velocity: 1.666649341250156 (frenet_interface.py:281)
INFO     [2025-01-12 11:33:19] --- current target velocity: 1.6666951864511235 (frenet_interface.py:282)
INFO     [2025-01-12 11:33:20] --- Sampled interval of velocity: 0.00 m/s - 7.42 m/s (planner.py:310)
INFO     [2025-01-12 11:33:20] --- select trajectory 181 (reactive_planner_cpp.py:382)
INFO     [2025-01-12 11:33:20] --- current time step: 66 (frenet_interface.py:257)
INFO     [2025-01-12 11:33:20] --- current velocity: 1.666639053514114 (frenet_interface.py:258)
INFO     [2025-01-12 11:33:20] --- current target velocity: 1.666649341250156 (frenet_interface.py:259)
INFO     [2025-01-12 11:33:23] --- Sampled interval of velocity: 0.00 m/s - 7.42 m/s (planner.py:310)
INFO     [2025-01-12 11:33:23] --- current time step: 67 (frenet_interface.py:280)
INFO     [2025-01-12 11:33:23] --- current velocity: 1.6666330543915397 (frenet_interface.py:281)
INFO     [2025-01-12 11:33:23] --- current target velocity: 1.666639053514114 (frenet_interface.py:282)
INFO     [2025-01-12 11:33:25] --- Sampled interval of velocity: 0.00 m/s - 7.42 m/s (planner.py:310)
INFO     [2025-01-12 11:33:25] --- current time step: 68 (frenet_interface.py:280)
INFO     [2025-01-12 11:33:25] --- current velocity: 1.666630563717379 (frenet_interface.py:281)
INFO     [2025-01-12 11:33:25] --- current target velocity: 1.6666330543915397 (frenet_interface.py:282)
INFO     [2025-01-12 11:33:27] --- Sampled interval of velocity: 0.00 m/s - 7.42 m/s (planner.py:310)
INFO     [2025-01-12 11:33:27] --- select trajectory 181 (reactive_planner_cpp.py:382)
INFO     [2025-01-12 11:33:27] --- current time step: 69 (frenet_interface.py:257)
INFO     [2025-01-12 11:33:27] --- current velocity: 1.6666304239101444 (frenet_interface.py:258)
INFO     [2025-01-12 11:33:27] --- current target velocity: 1.666630563717379 (frenet_interface.py:259)
INFO     [2025-01-12 11:33:30] --- Sampled interval of velocity: 0.00 m/s - 7.42 m/s (planner.py:310)
INFO     [2025-01-12 11:33:30] --- current time step: 70 (frenet_interface.py:280)
INFO     [2025-01-12 11:33:30] --- current velocity: 1.666630342177572 (frenet_interface.py:281)
INFO     [2025-01-12 11:33:30] --- current target velocity: 1.6666304239101444 (frenet_interface.py:282)
