CRITICAL [2025-01-12 11:31:53] --- Start Planner Vehicle ID: 30627 (frenet_interface.py:67)
INFO     [2025-01-12 11:31:54] --- Sampled interval of velocity: 0.00 m/s - 16.99 m/s (planner.py:310)
INFO     [2025-01-12 11:31:54] --- select trajectory 121 (reactive_planner_cpp.py:382)
INFO     [2025-01-12 11:31:54] --- current time step: 0 (frenet_interface.py:257)
INFO     [2025-01-12 11:31:54] --- current velocity: 11.126951474797456 (frenet_interface.py:258)
INFO     [2025-01-12 11:31:54] --- current target velocity: 6.244199999999999 (frenet_interface.py:259)
INFO     [2025-01-12 11:31:55] --- Sampled interval of velocity: 0.00 m/s - 16.88 m/s (planner.py:310)
INFO     [2025-01-12 11:31:55] --- current time step: 1 (frenet_interface.py:280)
INFO     [2025-01-12 11:31:55] --- current velocity: 10.811490229893925 (frenet_interface.py:281)
INFO     [2025-01-12 11:31:55] --- current target velocity: 6.1269514747974565 (frenet_interface.py:282)
INFO     [2025-01-12 11:31:56] --- Sampled interval of velocity: 0.00 m/s - 16.56 m/s (planner.py:310)
INFO     [2025-01-12 11:31:56] --- current time step: 2 (frenet_interface.py:280)
INFO     [2025-01-12 11:31:56] --- current velocity: 10.346466491690132 (frenet_interface.py:281)
INFO     [2025-01-12 11:31:56] --- current target velocity: 5.811490229893925 (frenet_interface.py:282)
INFO     [2025-01-12 11:31:56] --- Sampled interval of velocity: 0.00 m/s - 16.10 m/s (planner.py:310)
INFO     [2025-01-12 11:31:56] --- select trajectory 121 (reactive_planner_cpp.py:382)
INFO     [2025-01-12 11:31:56] --- current time step: 3 (frenet_interface.py:257)
INFO     [2025-01-12 11:31:56] --- current velocity: 10.026542907163211 (frenet_interface.py:258)
INFO     [2025-01-12 11:31:56] --- current target velocity: 5.346466491690132 (frenet_interface.py:259)
INFO     [2025-01-12 11:31:58] --- Sampled interval of velocity: 0.00 m/s - 15.78 m/s (planner.py:310)
INFO     [2025-01-12 11:31:58] --- current time step: 4 (frenet_interface.py:280)
INFO     [2025-01-12 11:31:58] --- current velocity: 9.615828902318661 (frenet_interface.py:281)
INFO     [2025-01-12 11:31:58] --- current target velocity: 5.026542907163211 (frenet_interface.py:282)
INFO     [2025-01-12 11:31:58] --- Sampled interval of velocity: 0.00 m/s - 15.37 m/s (planner.py:310)
INFO     [2025-01-12 11:31:58] --- current time step: 5 (frenet_interface.py:280)
INFO     [2025-01-12 11:31:58] --- current velocity: 9.141524417828435 (frenet_interface.py:281)
INFO     [2025-01-12 11:31:58] --- current target velocity: 4.615828902318661 (frenet_interface.py:282)
INFO     [2025-01-12 11:31:58] --- Sampled interval of velocity: 0.00 m/s - 14.89 m/s (planner.py:310)
INFO     [2025-01-12 11:31:58] --- select trajectory 111 (reactive_planner_cpp.py:382)
INFO     [2025-01-12 11:31:58] --- current time step: 6 (frenet_interface.py:257)
INFO     [2025-01-12 11:31:58] --- current velocity: 8.813714670361472 (frenet_interface.py:258)
INFO     [2025-01-12 11:31:58] --- current target velocity: 4.141524417828435 (frenet_interface.py:259)
INFO     [2025-01-12 11:31:59] --- Sampled interval of velocity: 0.00 m/s - 14.56 m/s (planner.py:310)
INFO     [2025-01-12 11:31:59] --- current time step: 7 (frenet_interface.py:280)
INFO     [2025-01-12 11:31:59] --- current velocity: 8.34576339818731 (frenet_interface.py:281)
INFO     [2025-01-12 11:31:59] --- current target velocity: 3.813714670361472 (frenet_interface.py:282)
INFO     [2025-01-12 11:32:00] --- Sampled interval of velocity: 0.00 m/s - 14.10 m/s (planner.py:310)
INFO     [2025-01-12 11:32:00] --- current time step: 8 (frenet_interface.py:280)
INFO     [2025-01-12 11:32:00] --- current velocity: 7.771054045675649 (frenet_interface.py:281)
INFO     [2025-01-12 11:32:00] --- current target velocity: 3.3457633981873105 (frenet_interface.py:282)
INFO     [2025-01-12 11:32:00] --- Sampled interval of velocity: 0.00 m/s - 13.52 m/s (planner.py:310)
INFO     [2025-01-12 11:32:00] --- select trajectory 111 (reactive_planner_cpp.py:382)
INFO     [2025-01-12 11:32:00] --- current time step: 9 (frenet_interface.py:257)
INFO     [2025-01-12 11:32:00] --- current velocity: 7.416960577612781 (frenet_interface.py:258)
INFO     [2025-01-12 11:32:00] --- current target velocity: 2.7710540456756494 (frenet_interface.py:259)
INFO     [2025-01-12 11:32:02] --- Sampled interval of velocity: 0.00 m/s - 13.17 m/s (planner.py:310)
INFO     [2025-01-12 11:32:02] --- current time step: 10 (frenet_interface.py:280)
INFO     [2025-01-12 11:32:02] --- current velocity: 6.979870288010999 (frenet_interface.py:281)
INFO     [2025-01-12 11:32:02] --- current target velocity: 2.416960577612781 (frenet_interface.py:282)
INFO     [2025-01-12 11:32:02] --- Sampled interval of velocity: 0.00 m/s - 12.73 m/s (planner.py:310)
INFO     [2025-01-12 11:32:02] --- current time step: 11 (frenet_interface.py:280)
INFO     [2025-01-12 11:32:02] --- current velocity: 6.484534181313078 (frenet_interface.py:281)
INFO     [2025-01-12 11:32:02] --- current target velocity: 1.979870288010999 (frenet_interface.py:282)
INFO     [2025-01-12 11:32:02] --- Sampled interval of velocity: 0.00 m/s - 12.23 m/s (planner.py:310)
INFO     [2025-01-12 11:32:02] --- select trajectory 101 (reactive_planner_cpp.py:382)
INFO     [2025-01-12 11:32:02] --- current time step: 12 (frenet_interface.py:257)
INFO     [2025-01-12 11:32:02] --- current velocity: 6.156525824698758 (frenet_interface.py:258)
INFO     [2025-01-12 11:32:02] --- current target velocity: 1.6375485864750927 (frenet_interface.py:259)
INFO     [2025-01-12 11:32:03] --- Sampled interval of velocity: 0.00 m/s - 11.91 m/s (planner.py:310)
INFO     [2025-01-12 11:32:03] --- current time step: 13 (frenet_interface.py:280)
INFO     [2025-01-12 11:32:03] --- current velocity: 5.707900081824439 (frenet_interface.py:281)
INFO     [2025-01-12 11:32:03] --- current target velocity: 1.6030314699707802 (frenet_interface.py:282)
INFO     [2025-01-12 11:32:04] --- Sampled interval of velocity: 0.00 m/s - 11.46 m/s (planner.py:310)
INFO     [2025-01-12 11:32:04] --- current time step: 14 (frenet_interface.py:280)
INFO     [2025-01-12 11:32:04] --- current velocity: 5.1708364962256415 (frenet_interface.py:281)
INFO     [2025-01-12 11:32:04] --- current target velocity: 5.707900081824439 (frenet_interface.py:282)
INFO     [2025-01-12 11:32:04] --- Sampled interval of velocity: 0.00 m/s - 10.92 m/s (planner.py:310)
INFO     [2025-01-12 11:32:04] --- select trajectory 521 (reactive_planner_cpp.py:382)
INFO     [2025-01-12 11:32:04] --- current time step: 15 (frenet_interface.py:257)
INFO     [2025-01-12 11:32:04] --- current velocity: 4.902386426399749 (frenet_interface.py:258)
INFO     [2025-01-12 11:32:04] --- current target velocity: 5.1708364962256415 (frenet_interface.py:259)
INFO     [2025-01-12 11:32:05] --- Sampled interval of velocity: 0.00 m/s - 10.65 m/s (planner.py:310)
INFO     [2025-01-12 11:32:05] --- current time step: 16 (frenet_interface.py:280)
INFO     [2025-01-12 11:32:05] --- current velocity: 4.666423602354129 (frenet_interface.py:281)
INFO     [2025-01-12 11:32:05] --- current target velocity: 4.902386426399749 (frenet_interface.py:282)
INFO     [2025-01-12 11:32:05] --- Sampled interval of velocity: 0.00 m/s - 10.42 m/s (planner.py:310)
INFO     [2025-01-12 11:32:05] --- current time step: 17 (frenet_interface.py:280)
INFO     [2025-01-12 11:32:05] --- current velocity: 4.461205508538514 (frenet_interface.py:281)
INFO     [2025-01-12 11:32:05] --- current target velocity: 4.666423602354129 (frenet_interface.py:282)
INFO     [2025-01-12 11:32:06] --- Sampled interval of velocity: 0.00 m/s - 10.21 m/s (planner.py:310)
INFO     [2025-01-12 11:32:06] --- select trajectory 491 (reactive_planner_cpp.py:382)
INFO     [2025-01-12 11:32:06] --- current time step: 18 (frenet_interface.py:257)
INFO     [2025-01-12 11:32:06] --- current velocity: 4.3140122820955495 (frenet_interface.py:258)
INFO     [2025-01-12 11:32:06] --- current target velocity: 4.461205508538514 (frenet_interface.py:259)
INFO     [2025-01-12 11:32:07] --- Sampled interval of velocity: 0.00 m/s - 10.06 m/s (planner.py:310)
INFO     [2025-01-12 11:32:07] --- current time step: 19 (frenet_interface.py:280)
INFO     [2025-01-12 11:32:07] --- current velocity: 4.074100790322454 (frenet_interface.py:281)
INFO     [2025-01-12 11:32:07] --- current target velocity: 4.3140122820955495 (frenet_interface.py:282)
INFO     [2025-01-12 11:32:07] --- Sampled interval of velocity: 0.00 m/s - 9.82 m/s (planner.py:310)
INFO     [2025-01-12 11:32:07] --- current time step: 20 (frenet_interface.py:280)
INFO     [2025-01-12 11:32:07] --- current velocity: 3.75807623199857 (frenet_interface.py:281)
INFO     [2025-01-12 11:32:07] --- current target velocity: 4.074100790322454 (frenet_interface.py:282)
INFO     [2025-01-12 11:32:07] --- Sampled interval of velocity: 0.00 m/s - 9.51 m/s (planner.py:310)
INFO     [2025-01-12 11:32:07] --- select trajectory 1 (reactive_planner_cpp.py:382)
INFO     [2025-01-12 11:32:07] --- current time step: 21 (frenet_interface.py:257)
INFO     [2025-01-12 11:32:07] --- current velocity: 3.5780743525321523 (frenet_interface.py:258)
INFO     [2025-01-12 11:32:07] --- current target velocity: 3.75807623199857 (frenet_interface.py:259)
INFO     [2025-01-12 11:32:09] --- Sampled interval of velocity: 0.00 m/s - 9.33 m/s (planner.py:310)
INFO     [2025-01-12 11:32:09] --- current time step: 22 (frenet_interface.py:280)
INFO     [2025-01-12 11:32:09] --- current velocity: 3.3884140763266988 (frenet_interface.py:281)
INFO     [2025-01-12 11:32:09] --- current target velocity: 3.5780743525321523 (frenet_interface.py:282)
INFO     [2025-01-12 11:32:09] --- Sampled interval of velocity: 0.00 m/s - 9.14 m/s (planner.py:310)
INFO     [2025-01-12 11:32:09] --- current time step: 23 (frenet_interface.py:280)
INFO     [2025-01-12 11:32:09] --- current velocity: 3.1917535031566726 (frenet_interface.py:281)
INFO     [2025-01-12 11:32:09] --- current target velocity: 3.3884140763266988 (frenet_interface.py:282)
INFO     [2025-01-12 11:32:09] --- Sampled interval of velocity: 0.00 m/s - 8.94 m/s (planner.py:310)
INFO     [2025-01-12 11:32:09] --- select trajectory 181 (reactive_planner_cpp.py:382)
INFO     [2025-01-12 11:32:09] --- current time step: 24 (frenet_interface.py:257)
INFO     [2025-01-12 11:32:09] --- current velocity: 3.109413033671966 (frenet_interface.py:258)
INFO     [2025-01-12 11:32:09] --- current target velocity: 3.1917535031566726 (frenet_interface.py:259)
INFO     [2025-01-12 11:32:11] --- Sampled interval of velocity: 0.00 m/s - 8.86 m/s (planner.py:310)
INFO     [2025-01-12 11:32:11] --- current time step: 25 (frenet_interface.py:280)
INFO     [2025-01-12 11:32:11] --- current velocity: 3.0583657015485928 (frenet_interface.py:281)
INFO     [2025-01-12 11:32:11] --- current target velocity: 3.109413033671966 (frenet_interface.py:282)
INFO     [2025-01-12 11:32:11] --- Sampled interval of velocity: 0.00 m/s - 8.81 m/s (planner.py:310)
INFO     [2025-01-12 11:32:11] --- current time step: 26 (frenet_interface.py:280)
INFO     [2025-01-12 11:32:11] --- current velocity: 3.0336706768945403 (frenet_interface.py:281)
INFO     [2025-01-12 11:32:11] --- current target velocity: 3.0583657015485928 (frenet_interface.py:282)
INFO     [2025-01-12 11:32:11] --- Sampled interval of velocity: 0.00 m/s - 8.78 m/s (planner.py:310)
INFO     [2025-01-12 11:32:11] --- select trajectory 731 (reactive_planner_cpp.py:382)
INFO     [2025-01-12 11:32:11] --- current time step: 27 (frenet_interface.py:257)
INFO     [2025-01-12 11:32:11] --- current velocity: 3.03195616789272 (frenet_interface.py:258)
INFO     [2025-01-12 11:32:11] --- current target velocity: 3.0336706768945403 (frenet_interface.py:259)
INFO     [2025-01-12 11:32:12] --- Sampled interval of velocity: 0.00 m/s - 8.78 m/s (planner.py:310)
INFO     [2025-01-12 11:32:12] --- current time step: 28 (frenet_interface.py:280)
INFO     [2025-01-12 11:32:12] --- current velocity: 3.039530309250341 (frenet_interface.py:281)
INFO     [2025-01-12 11:32:12] --- current target velocity: 3.03195616789272 (frenet_interface.py:282)
INFO     [2025-01-12 11:32:13] --- Sampled interval of velocity: 0.00 m/s - 8.79 m/s (planner.py:310)
INFO     [2025-01-12 11:32:13] --- current time step: 29 (frenet_interface.py:280)
INFO     [2025-01-12 11:32:13] --- current velocity: 3.0557451797673956 (frenet_interface.py:281)
INFO     [2025-01-12 11:32:13] --- current target velocity: 3.039530309250341 (frenet_interface.py:282)
INFO     [2025-01-12 11:32:14] --- Sampled interval of velocity: 0.00 m/s - 8.81 m/s (planner.py:310)
INFO     [2025-01-12 11:32:14] --- select trajectory 731 (reactive_planner_cpp.py:382)
INFO     [2025-01-12 11:32:14] --- current time step: 30 (frenet_interface.py:257)
INFO     [2025-01-12 11:32:14] --- current velocity: 3.0696403209200223 (frenet_interface.py:258)
INFO     [2025-01-12 11:32:14] --- current target velocity: 3.0557451797673956 (frenet_interface.py:259)
INFO     [2025-01-12 11:32:14] --- Sampled interval of velocity: 0.00 m/s - 8.82 m/s (planner.py:310)
INFO     [2025-01-12 11:32:14] --- current time step: 31 (frenet_interface.py:280)
INFO     [2025-01-12 11:32:14] --- current velocity: 3.090633815500859 (frenet_interface.py:281)
INFO     [2025-01-12 11:32:14] --- current target velocity: 3.0696403209200223 (frenet_interface.py:282)
INFO     [2025-01-12 11:32:15] --- Sampled interval of velocity: 0.00 m/s - 8.84 m/s (planner.py:310)
INFO     [2025-01-12 11:32:15] --- current time step: 32 (frenet_interface.py:280)
INFO     [2025-01-12 11:32:15] --- current velocity: 3.118194311271362 (frenet_interface.py:281)
INFO     [2025-01-12 11:32:15] --- current target velocity: 3.090633815500859 (frenet_interface.py:282)
INFO     [2025-01-12 11:32:15] --- Sampled interval of velocity: 0.00 m/s - 8.87 m/s (planner.py:310)
INFO     [2025-01-12 11:32:15] --- select trajectory 181 (reactive_planner_cpp.py:382)
INFO     [2025-01-12 11:32:15] --- current time step: 33 (frenet_interface.py:257)
INFO     [2025-01-12 11:32:15] --- current velocity: 3.1308703736668186 (frenet_interface.py:258)
INFO     [2025-01-12 11:32:15] --- current target velocity: 3.118194311271362 (frenet_interface.py:259)
INFO     [2025-01-12 11:32:17] --- Sampled interval of velocity: 0.00 m/s - 8.88 m/s (planner.py:310)
INFO     [2025-01-12 11:32:17] --- current time step: 34 (frenet_interface.py:280)
INFO     [2025-01-12 11:32:17] --- current velocity: 3.1387264083077837 (frenet_interface.py:281)
INFO     [2025-01-12 11:32:17] --- current target velocity: 3.1308703736668186 (frenet_interface.py:282)
INFO     [2025-01-12 11:32:17] --- Sampled interval of velocity: 0.00 m/s - 8.89 m/s (planner.py:310)
INFO     [2025-01-12 11:32:17] --- current time step: 35 (frenet_interface.py:280)
INFO     [2025-01-12 11:32:17] --- current velocity: 3.1425244996287476 (frenet_interface.py:281)
INFO     [2025-01-12 11:32:17] --- current target velocity: 3.1387264083077837 (frenet_interface.py:282)
INFO     [2025-01-12 11:32:17] --- Sampled interval of velocity: 0.00 m/s - 8.89 m/s (planner.py:310)
INFO     [2025-01-12 11:32:17] --- select trajectory 181 (reactive_planner_cpp.py:382)
INFO     [2025-01-12 11:32:17] --- current time step: 36 (frenet_interface.py:257)
INFO     [2025-01-12 11:32:17] --- current velocity: 3.1433556371272866 (frenet_interface.py:258)
INFO     [2025-01-12 11:32:17] --- current target velocity: 3.1425244996287476 (frenet_interface.py:259)
INFO     [2025-01-12 11:32:18] --- Sampled interval of velocity: 0.00 m/s - 8.89 m/s (planner.py:310)
INFO     [2025-01-12 11:32:18] --- current time step: 37 (frenet_interface.py:280)
INFO     [2025-01-12 11:32:18] --- current velocity: 3.143866257994358 (frenet_interface.py:281)
INFO     [2025-01-12 11:32:18] --- current target velocity: 3.1433556371272866 (frenet_interface.py:282)
INFO     [2025-01-12 11:32:19] --- Sampled interval of velocity: 0.00 m/s - 8.89 m/s (planner.py:310)
INFO     [2025-01-12 11:32:19] --- current time step: 38 (frenet_interface.py:280)
INFO     [2025-01-12 11:32:19] --- current velocity: 3.1441087009186988 (frenet_interface.py:281)
INFO     [2025-01-12 11:32:19] --- current target velocity: 3.143866257994358 (frenet_interface.py:282)
INFO     [2025-01-12 11:32:19] --- Sampled interval of velocity: 0.00 m/s - 8.89 m/s (planner.py:310)
INFO     [2025-01-12 11:32:19] --- select trajectory 560 (reactive_planner_cpp.py:382)
INFO     [2025-01-12 11:32:19] --- current time step: 39 (frenet_interface.py:257)
INFO     [2025-01-12 11:32:19] --- current velocity: 3.164233120964802 (frenet_interface.py:258)
INFO     [2025-01-12 11:32:19] --- current target velocity: 3.1441087009186988 (frenet_interface.py:259)
INFO     [2025-01-12 11:32:21] --- Sampled interval of velocity: 0.00 m/s - 8.91 m/s (planner.py:310)
INFO     [2025-01-12 11:32:21] --- current time step: 40 (frenet_interface.py:280)
INFO     [2025-01-12 11:32:21] --- current velocity: 3.2226009572584062 (frenet_interface.py:281)
INFO     [2025-01-12 11:32:21] --- current target velocity: 3.164233120964802 (frenet_interface.py:282)
INFO     [2025-01-12 11:32:21] --- Sampled interval of velocity: 0.00 m/s - 8.97 m/s (planner.py:310)
INFO     [2025-01-12 11:32:21] --- current time step: 41 (frenet_interface.py:280)
INFO     [2025-01-12 11:32:21] --- current velocity: 3.3164587539302754 (frenet_interface.py:281)
INFO     [2025-01-12 11:32:21] --- current target velocity: 3.2226009572584062 (frenet_interface.py:282)
INFO     [2025-01-12 11:32:21] --- Sampled interval of velocity: 0.00 m/s - 9.07 m/s (planner.py:310)
INFO     [2025-01-12 11:32:22] --- select trajectory 76 (reactive_planner_cpp.py:382)
INFO     [2025-01-12 11:32:22] --- current time step: 42 (frenet_interface.py:257)
INFO     [2025-01-12 11:32:22] --- current velocity: 3.3652851405118076 (frenet_interface.py:258)
INFO     [2025-01-12 11:32:22] --- current target velocity: 3.3164587539302754 (frenet_interface.py:259)
INFO     [2025-01-12 11:32:23] --- Sampled interval of velocity: 0.00 m/s - 9.12 m/s (planner.py:310)
INFO     [2025-01-12 11:32:23] --- current time step: 43 (frenet_interface.py:280)
INFO     [2025-01-12 11:32:23] --- current velocity: 3.4018305701795546 (frenet_interface.py:281)
INFO     [2025-01-12 11:32:23] --- current target velocity: 3.3652851405118076 (frenet_interface.py:282)
INFO     [2025-01-12 11:32:23] --- Sampled interval of velocity: 0.00 m/s - 9.15 m/s (planner.py:310)
INFO     [2025-01-12 11:32:23] --- current time step: 44 (frenet_interface.py:280)
INFO     [2025-01-12 11:32:23] --- current velocity: 3.427420012279416 (frenet_interface.py:281)
INFO     [2025-01-12 11:32:23] --- current target velocity: 3.4018305701795546 (frenet_interface.py:282)
INFO     [2025-01-12 11:32:23] --- Sampled interval of velocity: 0.00 m/s - 9.18 m/s (planner.py:310)
INFO     [2025-01-12 11:32:24] --- select trajectory 61 (reactive_planner_cpp.py:382)
INFO     [2025-01-12 11:32:24] --- current time step: 45 (frenet_interface.py:257)
INFO     [2025-01-12 11:32:24] --- current velocity: 3.436399571877238 (frenet_interface.py:258)
INFO     [2025-01-12 11:32:24] --- current target velocity: 3.427420012279416 (frenet_interface.py:259)
INFO     [2025-01-12 11:32:24] --- Sampled interval of velocity: 0.00 m/s - 9.19 m/s (planner.py:310)
INFO     [2025-01-12 11:32:24] --- current time step: 46 (frenet_interface.py:280)
INFO     [2025-01-12 11:32:24] --- current velocity: 3.443113021151127 (frenet_interface.py:281)
INFO     [2025-01-12 11:32:24] --- current target velocity: 3.436399571877238 (frenet_interface.py:282)
INFO     [2025-01-12 11:32:25] --- Sampled interval of velocity: 0.00 m/s - 9.19 m/s (planner.py:310)
INFO     [2025-01-12 11:32:25] --- current time step: 47 (frenet_interface.py:280)
INFO     [2025-01-12 11:32:25] --- current velocity: 3.4478767994949364 (frenet_interface.py:281)
INFO     [2025-01-12 11:32:25] --- current target velocity: 3.443113021151127 (frenet_interface.py:282)
INFO     [2025-01-12 11:32:25] --- Sampled interval of velocity: 0.00 m/s - 9.20 m/s (planner.py:310)
INFO     [2025-01-12 11:32:25] --- select trajectory 61 (reactive_planner_cpp.py:382)
INFO     [2025-01-12 11:32:25] --- current time step: 48 (frenet_interface.py:257)
INFO     [2025-01-12 11:32:25] --- current velocity: 3.4496061709753514 (frenet_interface.py:258)
INFO     [2025-01-12 11:32:25] --- current target velocity: 3.4478767994949364 (frenet_interface.py:259)
INFO     [2025-01-12 11:32:26] --- Sampled interval of velocity: 0.00 m/s - 9.20 m/s (planner.py:310)
INFO     [2025-01-12 11:32:26] --- current time step: 49 (frenet_interface.py:280)
INFO     [2025-01-12 11:32:26] --- current velocity: 3.450985813668095 (frenet_interface.py:281)
INFO     [2025-01-12 11:32:26] --- current target velocity: 3.4496061709753514 (frenet_interface.py:282)
INFO     [2025-01-12 11:32:27] --- Sampled interval of velocity: 0.00 m/s - 9.20 m/s (planner.py:310)
INFO     [2025-01-12 11:32:27] --- current time step: 50 (frenet_interface.py:280)
INFO     [2025-01-12 11:32:27] --- current velocity: 3.45203953681801 (frenet_interface.py:281)
INFO     [2025-01-12 11:32:27] --- current target velocity: 3.450985813668095 (frenet_interface.py:282)
INFO     [2025-01-12 11:32:27] --- Sampled interval of velocity: 0.00 m/s - 9.20 m/s (planner.py:310)
INFO     [2025-01-12 11:32:27] --- select trajectory 61 (reactive_planner_cpp.py:382)
INFO     [2025-01-12 11:32:27] --- current time step: 51 (frenet_interface.py:257)
INFO     [2025-01-12 11:32:27] --- current velocity: 3.4524688316721743 (frenet_interface.py:258)
INFO     [2025-01-12 11:32:27] --- current target velocity: 3.45203953681801 (frenet_interface.py:259)
INFO     [2025-01-12 11:32:28] --- Sampled interval of velocity: 0.00 m/s - 9.20 m/s (planner.py:310)
INFO     [2025-01-12 11:32:28] --- current time step: 52 (frenet_interface.py:280)
INFO     [2025-01-12 11:32:28] --- current velocity: 3.4528310669191895 (frenet_interface.py:281)
INFO     [2025-01-12 11:32:28] --- current target velocity: 3.4524688316721743 (frenet_interface.py:282)
INFO     [2025-01-12 11:32:28] --- Sampled interval of velocity: 0.00 m/s - 9.20 m/s (planner.py:310)
INFO     [2025-01-12 11:32:28] --- current time step: 53 (frenet_interface.py:280)
INFO     [2025-01-12 11:32:28] --- current velocity: 3.45312002480086 (frenet_interface.py:281)
INFO     [2025-01-12 11:32:28] --- current target velocity: 3.4528310669191895 (frenet_interface.py:282)
