CRITICAL [2025-01-12 11:39:47] --- Start Planner Vehicle ID: 1 (frenet_interface.py:67)
INFO     [2025-01-12 11:39:47] --- Sampled interval of velocity: 0.00 m/s - 9.83 m/s (planner.py:310)
INFO     [2025-01-12 11:39:47] --- select trajectory 191 (reactive_planner_cpp.py:382)
INFO     [2025-01-12 11:39:47] --- current time step: 0 (frenet_interface.py:257)
INFO     [2025-01-12 11:39:47] --- current velocity: 3.9864926332589374 (frenet_interface.py:258)
INFO     [2025-01-12 11:39:47] --- current target velocity: 4.0815379 (frenet_interface.py:259)
INFO     [2025-01-12 11:39:49] --- Sampled interval of velocity: 0.00 m/s - 9.74 m/s (planner.py:310)
INFO     [2025-01-12 11:39:49] --- current time step: 1 (frenet_interface.py:280)
INFO     [2025-01-12 11:39:49] --- current velocity: 3.725897446697234 (frenet_interface.py:281)
INFO     [2025-01-12 11:39:49] --- current target velocity: 3.9864926332589374 (frenet_interface.py:282)
INFO     [2025-01-12 11:39:50] --- Sampled interval of velocity: 0.00 m/s - 9.48 m/s (planner.py:310)
INFO     [2025-01-12 11:39:50] --- current time step: 2 (frenet_interface.py:280)
INFO     [2025-01-12 11:39:50] --- current velocity: 3.3365383506640667 (frenet_interface.py:281)
INFO     [2025-01-12 11:39:50] --- current target velocity: 3.725897446697234 (frenet_interface.py:282)
INFO     [2025-01-12 11:39:50] --- Sampled interval of velocity: 0.00 m/s - 9.09 m/s (planner.py:310)
INFO     [2025-01-12 11:39:50] --- select trajectory 675 (reactive_planner_cpp.py:382)
INFO     [2025-01-12 11:39:50] --- current time step: 3 (frenet_interface.py:257)
INFO     [2025-01-12 11:39:50] --- current velocity: 3.1308571804856578 (frenet_interface.py:258)
INFO     [2025-01-12 11:39:51] --- current target velocity: 3.3365383506640667 (frenet_interface.py:259)
INFO     [2025-01-12 11:39:52] --- Sampled interval of velocity: 0.00 m/s - 8.88 m/s (planner.py:310)
INFO     [2025-01-12 11:39:52] --- current time step: 4 (frenet_interface.py:280)
INFO     [2025-01-12 11:39:52] --- current velocity: 2.956309410030079 (frenet_interface.py:281)
INFO     [2025-01-12 11:39:52] --- current target velocity: 3.1308571804856578 (frenet_interface.py:282)
INFO     [2025-01-12 11:39:53] --- Sampled interval of velocity: 0.00 m/s - 8.71 m/s (planner.py:310)
INFO     [2025-01-12 11:39:53] --- current time step: 5 (frenet_interface.py:280)
INFO     [2025-01-12 11:39:53] --- current velocity: 2.8163256418590064 (frenet_interface.py:281)
INFO     [2025-01-12 11:39:53] --- current target velocity: 2.956309410030079 (frenet_interface.py:282)
INFO     [2025-01-12 11:39:53] --- Sampled interval of velocity: 0.00 m/s - 8.57 m/s (planner.py:310)
INFO     [2025-01-12 11:39:53] --- select trajectory 384 (reactive_planner_cpp.py:382)
INFO     [2025-01-12 11:39:53] --- current time step: 6 (frenet_interface.py:257)
INFO     [2025-01-12 11:39:53] --- current velocity: 2.7662758849945748 (frenet_interface.py:258)
INFO     [2025-01-12 11:39:53] --- current target velocity: 2.8163256418590064 (frenet_interface.py:259)
INFO     [2025-01-12 11:39:54] --- Sampled interval of velocity: 0.00 m/s - 8.52 m/s (planner.py:310)
INFO     [2025-01-12 11:39:54] --- current time step: 7 (frenet_interface.py:280)
INFO     [2025-01-12 11:39:54] --- current velocity: 2.7395456625084544 (frenet_interface.py:281)
INFO     [2025-01-12 11:39:54] --- current target velocity: 2.7662758849945748 (frenet_interface.py:282)
INFO     [2025-01-12 11:39:55] --- Sampled interval of velocity: 0.00 m/s - 8.49 m/s (planner.py:310)
INFO     [2025-01-12 11:39:55] --- current time step: 8 (frenet_interface.py:280)
INFO     [2025-01-12 11:39:55] --- current velocity: 2.738225272922304 (frenet_interface.py:281)
INFO     [2025-01-12 11:39:55] --- current target velocity: 2.7395456625084544 (frenet_interface.py:282)
INFO     [2025-01-12 11:39:55] --- Sampled interval of velocity: 0.00 m/s - 8.49 m/s (planner.py:310)
INFO     [2025-01-12 11:39:55] --- select trajectory 716 (reactive_planner_cpp.py:382)
INFO     [2025-01-12 11:39:55] --- current time step: 9 (frenet_interface.py:257)
INFO     [2025-01-12 11:39:55] --- current velocity: 2.737587236070127 (frenet_interface.py:258)
INFO     [2025-01-12 11:39:55] --- current target velocity: 2.738225272922304 (frenet_interface.py:259)
INFO     [2025-01-12 11:39:58] --- Sampled interval of velocity: 0.00 m/s - 8.49 m/s (planner.py:310)
INFO     [2025-01-12 11:39:58] --- current time step: 10 (frenet_interface.py:280)
INFO     [2025-01-12 11:39:58] --- current velocity: 2.723904793172373 (frenet_interface.py:281)
INFO     [2025-01-12 11:39:58] --- current target velocity: 2.737587236070127 (frenet_interface.py:282)
INFO     [2025-01-12 11:39:58] --- Sampled interval of velocity: 0.00 m/s - 8.47 m/s (planner.py:310)
INFO     [2025-01-12 11:39:58] --- current time step: 11 (frenet_interface.py:280)
INFO     [2025-01-12 11:39:58] --- current velocity: 2.698317728605213 (frenet_interface.py:281)
INFO     [2025-01-12 11:39:58] --- current target velocity: 2.723904793172373 (frenet_interface.py:282)
INFO     [2025-01-12 11:39:58] --- Sampled interval of velocity: 0.00 m/s - 8.45 m/s (planner.py:310)
INFO     [2025-01-12 11:39:58] --- select trajectory 381 (reactive_planner_cpp.py:382)
INFO     [2025-01-12 11:39:58] --- current time step: 12 (frenet_interface.py:257)
INFO     [2025-01-12 11:39:58] --- current velocity: 2.6758586116719516 (frenet_interface.py:258)
INFO     [2025-01-12 11:39:59] --- current target velocity: 2.698317728605213 (frenet_interface.py:259)
INFO     [2025-01-12 11:40:00] --- Sampled interval of velocity: 0.00 m/s - 8.43 m/s (planner.py:310)
INFO     [2025-01-12 11:40:00] --- current time step: 13 (frenet_interface.py:280)
INFO     [2025-01-12 11:40:00] --- current velocity: 2.6441793452116378 (frenet_interface.py:281)
INFO     [2025-01-12 11:40:00] --- current target velocity: 2.6758586116719516 (frenet_interface.py:282)
INFO     [2025-01-12 11:40:01] --- Sampled interval of velocity: 0.00 m/s - 8.39 m/s (planner.py:310)
INFO     [2025-01-12 11:40:01] --- current time step: 14 (frenet_interface.py:280)
INFO     [2025-01-12 11:40:01] --- current velocity: 2.6106181941151965 (frenet_interface.py:281)
INFO     [2025-01-12 11:40:01] --- current target velocity: 2.6441793452116378 (frenet_interface.py:282)
INFO     [2025-01-12 11:40:01] --- Sampled interval of velocity: 0.00 m/s - 8.36 m/s (planner.py:310)
INFO     [2025-01-12 11:40:01] --- select trajectory 381 (reactive_planner_cpp.py:382)
INFO     [2025-01-12 11:40:01] --- current time step: 15 (frenet_interface.py:257)
INFO     [2025-01-12 11:40:01] --- current velocity: 2.593294562747305 (frenet_interface.py:258)
INFO     [2025-01-12 11:40:01] --- current target velocity: 2.6106181941151965 (frenet_interface.py:259)
INFO     [2025-01-12 11:40:04] --- Sampled interval of velocity: 0.00 m/s - 8.34 m/s (planner.py:310)
INFO     [2025-01-12 11:40:04] --- current time step: 16 (frenet_interface.py:280)
INFO     [2025-01-12 11:40:04] --- current velocity: 2.576572514708128 (frenet_interface.py:281)
INFO     [2025-01-12 11:40:04] --- current target velocity: 2.593294562747305 (frenet_interface.py:282)
INFO     [2025-01-12 11:40:04] --- Sampled interval of velocity: 0.00 m/s - 8.33 m/s (planner.py:310)
INFO     [2025-01-12 11:40:04] --- current time step: 17 (frenet_interface.py:280)
INFO     [2025-01-12 11:40:04] --- current velocity: 2.5640711601282136 (frenet_interface.py:281)
INFO     [2025-01-12 11:40:04] --- current target velocity: 2.576572514708128 (frenet_interface.py:282)
INFO     [2025-01-12 11:40:04] --- Sampled interval of velocity: 0.00 m/s - 8.31 m/s (planner.py:310)
INFO     [2025-01-12 11:40:04] --- select trajectory 281 (reactive_planner_cpp.py:382)
INFO     [2025-01-12 11:40:04] --- current time step: 18 (frenet_interface.py:257)
INFO     [2025-01-12 11:40:04] --- current velocity: 2.5596320037141074 (frenet_interface.py:258)
INFO     [2025-01-12 11:40:04] --- current target velocity: 2.5640711601282136 (frenet_interface.py:259)
INFO     [2025-01-12 11:40:06] --- Sampled interval of velocity: 0.00 m/s - 8.31 m/s (planner.py:310)
INFO     [2025-01-12 11:40:06] --- current time step: 19 (frenet_interface.py:280)
INFO     [2025-01-12 11:40:06] --- current velocity: 2.5580710260353023 (frenet_interface.py:281)
INFO     [2025-01-12 11:40:06] --- current target velocity: 2.5596320037141074 (frenet_interface.py:282)
INFO     [2025-01-12 11:40:07] --- Sampled interval of velocity: 0.00 m/s - 8.31 m/s (planner.py:310)
INFO     [2025-01-12 11:40:07] --- current time step: 20 (frenet_interface.py:280)
INFO     [2025-01-12 11:40:07] --- current velocity: 2.5616399872206763 (frenet_interface.py:281)
INFO     [2025-01-12 11:40:07] --- current target velocity: 2.5580710260353023 (frenet_interface.py:282)
INFO     [2025-01-12 11:40:07] --- Sampled interval of velocity: 0.00 m/s - 8.31 m/s (planner.py:310)
INFO     [2025-01-12 11:40:07] --- select trajectory 281 (reactive_planner_cpp.py:382)
INFO     [2025-01-12 11:40:07] --- current time step: 21 (frenet_interface.py:257)
INFO     [2025-01-12 11:40:07] --- current velocity: 2.5659971747647066 (frenet_interface.py:258)
INFO     [2025-01-12 11:40:07] --- current target velocity: 2.5616399872206763 (frenet_interface.py:259)
INFO     [2025-01-12 11:40:09] --- Sampled interval of velocity: 0.00 m/s - 8.32 m/s (planner.py:310)
INFO     [2025-01-12 11:40:09] --- current time step: 22 (frenet_interface.py:280)
INFO     [2025-01-12 11:40:09] --- current velocity: 2.5726206100610343 (frenet_interface.py:281)
INFO     [2025-01-12 11:40:09] --- current target velocity: 2.5659971747647066 (frenet_interface.py:282)
INFO     [2025-01-12 11:40:09] --- Sampled interval of velocity: 0.00 m/s - 8.32 m/s (planner.py:310)
INFO     [2025-01-12 11:40:09] --- current time step: 23 (frenet_interface.py:280)
INFO     [2025-01-12 11:40:09] --- current velocity: 2.581187793868419 (frenet_interface.py:281)
INFO     [2025-01-12 11:40:09] --- current target velocity: 2.5726206100610343 (frenet_interface.py:282)
INFO     [2025-01-12 11:40:10] --- Sampled interval of velocity: 0.00 m/s - 8.33 m/s (planner.py:310)
WARNING  [2025-01-12 11:40:10] --- No optimal trajectory available. Select stopping trajectory! (reactive_planner_cpp.py:407)
INFO     [2025-01-12 11:40:10] --- current time step: 24 (frenet_interface.py:257)
INFO     [2025-01-12 11:40:10] --- current velocity: 2.577359772216771 (frenet_interface.py:258)
INFO     [2025-01-12 11:40:10] --- current target velocity: 2.581187793868419 (frenet_interface.py:259)
