CRITICAL [2025-01-12 11:38:37] --- Start Planner Vehicle ID: 57 (frenet_interface.py:67)
INFO     [2025-01-12 11:38:42] --- Sampled interval of velocity: 0.00 m/s - 12.25 m/s (planner.py:310)
INFO     [2025-01-12 11:38:42] --- select trajectory 101 (reactive_planner_cpp.py:382)
INFO     [2025-01-12 11:38:42] --- current time step: 0 (frenet_interface.py:257)
INFO     [2025-01-12 11:38:42] --- current velocity: 6.322910398785581 (frenet_interface.py:258)
INFO     [2025-01-12 11:38:42] --- current target velocity: 2.1630867543507866 (frenet_interface.py:259)
INFO     [2025-01-12 11:38:44] --- Sampled interval of velocity: 0.00 m/s - 12.07 m/s (planner.py:310)
INFO     [2025-01-12 11:38:44] --- current time step: 1 (frenet_interface.py:280)
INFO     [2025-01-12 11:38:44] --- current velocity: 5.969650925079754 (frenet_interface.py:281)
INFO     [2025-01-12 11:38:44] --- current target velocity: 2.1195818946071276 (frenet_interface.py:282)
INFO     [2025-01-12 11:38:44] --- Sampled interval of velocity: 0.00 m/s - 11.72 m/s (planner.py:310)
INFO     [2025-01-12 11:38:44] --- current time step: 2 (frenet_interface.py:280)
INFO     [2025-01-12 11:38:44] --- current velocity: 5.478385664443871 (frenet_interface.py:281)
INFO     [2025-01-12 11:38:44] --- current target velocity: 2.07793325631427 (frenet_interface.py:282)
INFO     [2025-01-12 11:38:46] --- Sampled interval of velocity: 0.00 m/s - 11.23 m/s (planner.py:310)
INFO     [2025-01-12 11:38:46] --- select trajectory 401 (reactive_planner_cpp.py:382)
INFO     [2025-01-12 11:38:46] --- current time step: 3 (frenet_interface.py:257)
INFO     [2025-01-12 11:38:46] --- current velocity: 5.183384153140402 (frenet_interface.py:258)
INFO     [2025-01-12 11:38:46] --- current target velocity: 2.039851321476111 (frenet_interface.py:259)
INFO     [2025-01-12 11:38:48] --- Sampled interval of velocity: 0.00 m/s - 10.93 m/s (planner.py:310)
INFO     [2025-01-12 11:38:49] --- current time step: 4 (frenet_interface.py:280)
INFO     [2025-01-12 11:38:49] --- current velocity: 4.851194048172162 (frenet_interface.py:281)
INFO     [2025-01-12 11:38:49] --- current target velocity: 2.005172097535589 (frenet_interface.py:282)
INFO     [2025-01-12 11:38:49] --- Sampled interval of velocity: 0.00 m/s - 10.60 m/s (planner.py:310)
INFO     [2025-01-12 11:38:49] --- current time step: 5 (frenet_interface.py:280)
INFO     [2025-01-12 11:38:49] --- current velocity: 4.491266531592609 (frenet_interface.py:281)
INFO     [2025-01-12 11:38:49] --- current target velocity: 1.973099519973759 (frenet_interface.py:282)
INFO     [2025-01-12 11:38:51] --- Sampled interval of velocity: 0.00 m/s - 10.24 m/s (planner.py:310)
INFO     [2025-01-12 11:38:52] --- select trajectory 101 (reactive_planner_cpp.py:382)
INFO     [2025-01-12 11:38:52] --- current time step: 6 (frenet_interface.py:257)
INFO     [2025-01-12 11:38:52] --- current velocity: 4.263338420377562 (frenet_interface.py:258)
INFO     [2025-01-12 11:38:52] --- current target velocity: 1.9440667395102378 (frenet_interface.py:259)
INFO     [2025-01-12 11:38:53] --- Sampled interval of velocity: 0.00 m/s - 10.01 m/s (planner.py:310)
INFO     [2025-01-12 11:38:53] --- current time step: 7 (frenet_interface.py:280)
INFO     [2025-01-12 11:38:53] --- current velocity: 3.9633685415321014 (frenet_interface.py:281)
INFO     [2025-01-12 11:38:53] --- current target velocity: 1.9175443218723194 (frenet_interface.py:282)
INFO     [2025-01-12 11:38:54] --- Sampled interval of velocity: 0.00 m/s - 9.71 m/s (planner.py:310)
INFO     [2025-01-12 11:38:54] --- current time step: 8 (frenet_interface.py:280)
INFO     [2025-01-12 11:38:54] --- current velocity: 3.6111100662116966 (frenet_interface.py:281)
INFO     [2025-01-12 11:38:54] --- current target velocity: 1.893357622412641 (frenet_interface.py:282)
INFO     [2025-01-12 11:38:55] --- Sampled interval of velocity: 0.00 m/s - 9.36 m/s (planner.py:310)
INFO     [2025-01-12 11:38:55] --- select trajectory 491 (reactive_planner_cpp.py:382)
INFO     [2025-01-12 11:38:55] --- current time step: 9 (frenet_interface.py:257)
INFO     [2025-01-12 11:38:55] --- current velocity: 3.3981853505086304 (frenet_interface.py:258)
INFO     [2025-01-12 11:38:55] --- current target velocity: 1.8722752229046289 (frenet_interface.py:259)
INFO     [2025-01-12 11:38:57] --- Sampled interval of velocity: 0.00 m/s - 9.15 m/s (planner.py:310)
INFO     [2025-01-12 11:38:57] --- current time step: 10 (frenet_interface.py:280)
INFO     [2025-01-12 11:38:57] --- current velocity: 3.137960492601351 (frenet_interface.py:281)
INFO     [2025-01-12 11:38:57] --- current target velocity: 1.8538849456670023 (frenet_interface.py:282)
INFO     [2025-01-12 11:38:57] --- Sampled interval of velocity: 0.00 m/s - 8.89 m/s (planner.py:310)
INFO     [2025-01-12 11:38:57] --- current time step: 11 (frenet_interface.py:280)
INFO     [2025-01-12 11:38:57] --- current velocity: 2.840532049214861 (frenet_interface.py:281)
INFO     [2025-01-12 11:38:57] --- current target velocity: 1.8377746193987672 (frenet_interface.py:282)
INFO     [2025-01-12 11:38:59] --- Sampled interval of velocity: 0.00 m/s - 8.59 m/s (planner.py:310)
INFO     [2025-01-12 11:38:59] --- select trajectory 391 (reactive_planner_cpp.py:382)
INFO     [2025-01-12 11:38:59] --- current time step: 12 (frenet_interface.py:257)
INFO     [2025-01-12 11:38:59] --- current velocity: 2.6818618280619817 (frenet_interface.py:258)
INFO     [2025-01-12 11:38:59] --- current target velocity: 1.8245085160820564 (frenet_interface.py:259)
INFO     [2025-01-12 11:39:02] --- Sampled interval of velocity: 0.00 m/s - 8.43 m/s (planner.py:310)
INFO     [2025-01-12 11:39:02] --- current time step: 13 (frenet_interface.py:280)
INFO     [2025-01-12 11:39:02] --- current velocity: 2.519200826252306 (frenet_interface.py:281)
INFO     [2025-01-12 11:39:02] --- current target velocity: 1.813612428363304 (frenet_interface.py:282)
INFO     [2025-01-12 11:39:02] --- Sampled interval of velocity: 0.00 m/s - 8.27 m/s (planner.py:310)
INFO     [2025-01-12 11:39:02] --- current time step: 14 (frenet_interface.py:280)
INFO     [2025-01-12 11:39:02] --- current velocity: 2.353576463317334 (frenet_interface.py:281)
INFO     [2025-01-12 11:39:02] --- current target velocity: 1.8043511526424487 (frenet_interface.py:282)
INFO     [2025-01-12 11:39:04] --- Sampled interval of velocity: 0.00 m/s - 8.10 m/s (planner.py:310)
INFO     [2025-01-12 11:39:04] --- select trajectory 491 (reactive_planner_cpp.py:382)
INFO     [2025-01-12 11:39:04] --- current time step: 15 (frenet_interface.py:257)
INFO     [2025-01-12 11:39:04] --- current velocity: 2.247386793070449 (frenet_interface.py:258)
INFO     [2025-01-12 11:39:04] --- current target velocity: 1.796824468617263 (frenet_interface.py:259)
INFO     [2025-01-12 11:39:07] --- Sampled interval of velocity: 0.00 m/s - 8.00 m/s (planner.py:310)
INFO     [2025-01-12 11:39:07] --- current time step: 16 (frenet_interface.py:280)
INFO     [2025-01-12 11:39:07] --- current velocity: 2.100738581153724 (frenet_interface.py:281)
INFO     [2025-01-12 11:39:07] --- current target velocity: 1.790711807042521 (frenet_interface.py:282)
INFO     [2025-01-12 11:39:07] --- Sampled interval of velocity: 0.00 m/s - 7.85 m/s (planner.py:310)
INFO     [2025-01-12 11:39:07] --- current time step: 17 (frenet_interface.py:280)
INFO     [2025-01-12 11:39:07] --- current velocity: 1.921367565505115 (frenet_interface.py:281)
INFO     [2025-01-12 11:39:07] --- current target velocity: 1.7859996114244323 (frenet_interface.py:282)
INFO     [2025-01-12 11:39:09] --- Sampled interval of velocity: 0.00 m/s - 7.67 m/s (planner.py:310)
INFO     [2025-01-12 11:39:09] --- select trajectory 191 (reactive_planner_cpp.py:382)
INFO     [2025-01-12 11:39:09] --- current time step: 18 (frenet_interface.py:257)
INFO     [2025-01-12 11:39:09] --- current velocity: 1.7968250914160628 (frenet_interface.py:258)
INFO     [2025-01-12 11:39:09] --- current target velocity: 1.7831914877231305 (frenet_interface.py:259)
INFO     [2025-01-12 11:39:11] --- Sampled interval of velocity: 0.00 m/s - 7.55 m/s (planner.py:310)
INFO     [2025-01-12 11:39:11] --- current time step: 19 (frenet_interface.py:280)
INFO     [2025-01-12 11:39:11] --- current velocity: 1.6247013518624829 (frenet_interface.py:281)
INFO     [2025-01-12 11:39:11] --- current target velocity: 1.7821865899660345 (frenet_interface.py:282)
INFO     [2025-01-12 11:39:12] --- Sampled interval of velocity: 0.00 m/s - 7.37 m/s (planner.py:310)
INFO     [2025-01-12 11:39:12] --- current time step: 20 (frenet_interface.py:280)
INFO     [2025-01-12 11:39:12] --- current velocity: 1.4175210086401098 (frenet_interface.py:281)
INFO     [2025-01-12 11:39:12] --- current target velocity: 1.7830470974850945 (frenet_interface.py:282)
INFO     [2025-01-12 11:39:15] --- Sampled interval of velocity: 0.00 m/s - 7.17 m/s (planner.py:310)
INFO     [2025-01-12 11:39:15] --- select trajectory 191 (reactive_planner_cpp.py:382)
INFO     [2025-01-12 11:39:15] --- current time step: 21 (frenet_interface.py:257)
INFO     [2025-01-12 11:39:15] --- current velocity: 1.2933995056701593 (frenet_interface.py:258)
INFO     [2025-01-12 11:39:15] --- current target velocity: 1.7863744868740876 (frenet_interface.py:259)
INFO     [2025-01-12 11:39:16] --- Sampled interval of velocity: 0.00 m/s - 7.04 m/s (planner.py:310)
INFO     [2025-01-12 11:39:16] --- current time step: 22 (frenet_interface.py:280)
INFO     [2025-01-12 11:39:16] --- current velocity: 1.146437595143851 (frenet_interface.py:281)
INFO     [2025-01-12 11:39:16] --- current target velocity: 1.7919421044394264 (frenet_interface.py:282)
INFO     [2025-01-12 11:39:17] --- Sampled interval of velocity: 0.00 m/s - 6.90 m/s (planner.py:310)
INFO     [2025-01-12 11:39:17] --- current time step: 23 (frenet_interface.py:280)
INFO     [2025-01-12 11:39:17] --- current velocity: 0.9839385396685983 (frenet_interface.py:281)
INFO     [2025-01-12 11:39:17] --- current target velocity: 1.7994476898006477 (frenet_interface.py:282)
INFO     [2025-01-12 11:39:19] --- Sampled interval of velocity: 0.00 m/s - 6.73 m/s (planner.py:310)
WARNING  [2025-01-12 11:39:20] --- No optimal trajectory available. Select stopping trajectory! (reactive_planner_cpp.py:407)
INFO     [2025-01-12 11:39:20] --- current time step: 24 (frenet_interface.py:257)
INFO     [2025-01-12 11:39:20] --- current velocity: 0.8916925900551261 (frenet_interface.py:258)
INFO     [2025-01-12 11:39:20] --- current target velocity: 1.8092246119664728 (frenet_interface.py:259)
INFO     [2025-01-12 11:39:22] --- Sampled interval of velocity: 0.00 m/s - 6.64 m/s (planner.py:310)
INFO     [2025-01-12 11:39:22] --- current time step: 25 (frenet_interface.py:280)
INFO     [2025-01-12 11:39:22] --- current velocity: 0.7859218163416948 (frenet_interface.py:281)
INFO     [2025-01-12 11:39:22] --- current target velocity: 1.820982532394034 (frenet_interface.py:282)
INFO     [2025-01-12 11:39:22] --- Sampled interval of velocity: 0.00 m/s - 6.54 m/s (planner.py:310)
INFO     [2025-01-12 11:39:22] --- current time step: 26 (frenet_interface.py:280)
INFO     [2025-01-12 11:39:22] --- current velocity: 0.6713270200504903 (frenet_interface.py:281)
INFO     [2025-01-12 11:39:22] --- current target velocity: 1.8344242327674154 (frenet_interface.py:282)
INFO     [2025-01-12 11:39:24] --- Sampled interval of velocity: 0.00 m/s - 6.42 m/s (planner.py:310)
WARNING  [2025-01-12 11:39:24] --- No optimal trajectory available. Select stopping trajectory! (reactive_planner_cpp.py:407)
INFO     [2025-01-12 11:39:24] --- current time step: 27 (frenet_interface.py:257)
INFO     [2025-01-12 11:39:24] --- current velocity: 0.6071857216345434 (frenet_interface.py:258)
INFO     [2025-01-12 11:39:24] --- current target velocity: 1.8497750709075176 (frenet_interface.py:259)
INFO     [2025-01-12 11:39:26] --- Sampled interval of velocity: 0.00 m/s - 6.36 m/s (planner.py:310)
INFO     [2025-01-12 11:39:26] --- current time step: 28 (frenet_interface.py:280)
INFO     [2025-01-12 11:39:26] --- current velocity: 0.5342895581135972 (frenet_interface.py:281)
INFO     [2025-01-12 11:39:26] --- current target velocity: 1.8668125164972929 (frenet_interface.py:282)
INFO     [2025-01-12 11:39:27] --- Sampled interval of velocity: 0.00 m/s - 6.28 m/s (planner.py:310)
INFO     [2025-01-12 11:39:27] --- current time step: 29 (frenet_interface.py:280)
INFO     [2025-01-12 11:39:27] --- current velocity: 0.45577031640093246 (frenet_interface.py:281)
INFO     [2025-01-12 11:39:27] --- current target velocity: 1.8853193135786503 (frenet_interface.py:282)
INFO     [2025-01-12 11:39:28] --- Sampled interval of velocity: 0.00 m/s - 6.21 m/s (planner.py:310)
INFO     [2025-01-12 11:39:28] --- select trajectory 391 (reactive_planner_cpp.py:382)
INFO     [2025-01-12 11:39:28] --- current time step: 30 (frenet_interface.py:257)
INFO     [2025-01-12 11:39:28] --- current velocity: 0.41653745468276654 (frenet_interface.py:258)
INFO     [2025-01-12 11:39:28] --- current target velocity: 1.905463534993846 (frenet_interface.py:259)
INFO     [2025-01-12 11:39:30] --- Sampled interval of velocity: 0.00 m/s - 6.17 m/s (planner.py:310)
INFO     [2025-01-12 11:39:30] --- current time step: 31 (frenet_interface.py:280)
INFO     [2025-01-12 11:39:30] --- current velocity: 0.3791211982532834 (frenet_interface.py:281)
INFO     [2025-01-12 11:39:30] --- current target velocity: 1.9270732602287333 (frenet_interface.py:282)
INFO     [2025-01-12 11:39:30] --- Sampled interval of velocity: 0.00 m/s - 6.13 m/s (planner.py:310)
INFO     [2025-01-12 11:39:30] --- current time step: 32 (frenet_interface.py:280)
INFO     [2025-01-12 11:39:30] --- current velocity: 0.34351476245509016 (frenet_interface.py:281)
INFO     [2025-01-12 11:39:30] --- current target velocity: 1.949900051794181 (frenet_interface.py:282)
INFO     [2025-01-12 11:39:32] --- Sampled interval of velocity: 0.00 m/s - 6.09 m/s (planner.py:310)
INFO     [2025-01-12 11:39:32] --- select trajectory 101 (reactive_planner_cpp.py:382)
INFO     [2025-01-12 11:39:32] --- current time step: 33 (frenet_interface.py:257)
INFO     [2025-01-12 11:39:32] --- current velocity: 0.3389343373575171 (frenet_interface.py:258)
INFO     [2025-01-12 11:39:32] --- current target velocity: 1.9739717579633718 (frenet_interface.py:259)
INFO     [2025-01-12 11:39:34] --- Sampled interval of velocity: 0.00 m/s - 6.09 m/s (planner.py:310)
INFO     [2025-01-12 11:39:34] --- current time step: 34 (frenet_interface.py:280)
INFO     [2025-01-12 11:39:34] --- current velocity: 0.3568045275591326 (frenet_interface.py:281)
INFO     [2025-01-12 11:39:34] --- current target velocity: 1.9991227020062838 (frenet_interface.py:282)
INFO     [2025-01-12 11:39:34] --- Sampled interval of velocity: 0.00 m/s - 6.11 m/s (planner.py:310)
INFO     [2025-01-12 11:39:34] --- current time step: 35 (frenet_interface.py:280)
INFO     [2025-01-12 11:39:34] --- current velocity: 0.3924868507394916 (frenet_interface.py:281)
INFO     [2025-01-12 11:39:34] --- current target velocity: 2.0249497470700195 (frenet_interface.py:282)
INFO     [2025-01-12 11:39:36] --- Sampled interval of velocity: 0.00 m/s - 6.14 m/s (planner.py:310)
INFO     [2025-01-12 11:39:36] --- select trajectory 191 (reactive_planner_cpp.py:382)
INFO     [2025-01-12 11:39:36] --- current time step: 36 (frenet_interface.py:257)
INFO     [2025-01-12 11:39:36] --- current velocity: 0.40115486990602023 (frenet_interface.py:258)
INFO     [2025-01-12 11:39:36] --- current target velocity: 2.0511655428200197 (frenet_interface.py:259)
INFO     [2025-01-12 11:39:38] --- Sampled interval of velocity: 0.00 m/s - 6.15 m/s (planner.py:310)
INFO     [2025-01-12 11:39:38] --- current time step: 37 (frenet_interface.py:280)
INFO     [2025-01-12 11:39:38] --- current velocity: 0.3871811792501746 (frenet_interface.py:281)
INFO     [2025-01-12 11:39:38] --- current target velocity: 2.07781499997001 (frenet_interface.py:282)
INFO     [2025-01-12 11:39:38] --- Sampled interval of velocity: 0.00 m/s - 6.14 m/s (planner.py:310)
INFO     [2025-01-12 11:39:38] --- current time step: 38 (frenet_interface.py:280)
INFO     [2025-01-12 11:39:38] --- current velocity: 0.35516249985793824 (frenet_interface.py:281)
INFO     [2025-01-12 11:39:38] --- current target velocity: 2.1053879785974736 (frenet_interface.py:282)
INFO     [2025-01-12 11:39:40] --- Sampled interval of velocity: 0.00 m/s - 6.11 m/s (planner.py:310)
INFO     [2025-01-12 11:39:40] --- select trajectory 191 (reactive_planner_cpp.py:382)
INFO     [2025-01-12 11:39:40] --- current time step: 39 (frenet_interface.py:257)
INFO     [2025-01-12 11:39:40] --- current velocity: 0.3305877809524855 (frenet_interface.py:258)
INFO     [2025-01-12 11:39:40] --- current target velocity: 2.1342697105977257 (frenet_interface.py:259)
INFO     [2025-01-12 11:39:42] --- Sampled interval of velocity: 0.00 m/s - 6.08 m/s (planner.py:310)
INFO     [2025-01-12 11:39:42] --- current time step: 40 (frenet_interface.py:280)
INFO     [2025-01-12 11:39:42] --- current velocity: 0.2978482176351768 (frenet_interface.py:281)
INFO     [2025-01-12 11:39:42] --- current target velocity: 2.164619234966077 (frenet_interface.py:282)
INFO     [2025-01-12 11:39:42] --- Sampled interval of velocity: 0.00 m/s - 6.05 m/s (planner.py:310)
INFO     [2025-01-12 11:39:42] --- current time step: 41 (frenet_interface.py:280)
INFO     [2025-01-12 11:39:42] --- current velocity: 0.25915729990982245 (frenet_interface.py:281)
INFO     [2025-01-12 11:39:42] --- current target velocity: 2.1965125635991196 (frenet_interface.py:282)
INFO     [2025-01-12 11:39:44] --- Sampled interval of velocity: 0.00 m/s - 6.01 m/s (planner.py:310)
INFO     [2025-01-12 11:39:44] --- select trajectory 191 (reactive_planner_cpp.py:382)
INFO     [2025-01-12 11:39:44] --- current time step: 42 (frenet_interface.py:257)
INFO     [2025-01-12 11:39:44] --- current velocity: 0.23623190771828068 (frenet_interface.py:258)
INFO     [2025-01-12 11:39:44] --- current target velocity: 2.2301547756583124 (frenet_interface.py:259)
INFO     [2025-01-12 11:39:46] --- Sampled interval of velocity: 0.00 m/s - 5.99 m/s (planner.py:310)
INFO     [2025-01-12 11:39:46] --- current time step: 43 (frenet_interface.py:280)
INFO     [2025-01-12 11:39:46] --- current velocity: 0.20925964676201936 (frenet_interface.py:281)
INFO     [2025-01-12 11:39:46] --- current target velocity: 2.2655488512986923 (frenet_interface.py:282)
INFO     [2025-01-12 11:39:47] --- Sampled interval of velocity: 0.00 m/s - 5.96 m/s (planner.py:310)
INFO     [2025-01-12 11:39:47] --- current time step: 44 (frenet_interface.py:280)
INFO     [2025-01-12 11:39:47] --- current velocity: 0.17955324307909712 (frenet_interface.py:281)
INFO     [2025-01-12 11:39:47] --- current target velocity: 2.302685588242561 (frenet_interface.py:282)
INFO     [2025-01-12 11:39:49] --- Sampled interval of velocity: 0.00 m/s - 5.93 m/s (planner.py:310)
INFO     [2025-01-12 11:39:49] --- select trajectory 191 (reactive_planner_cpp.py:382)
INFO     [2025-01-12 11:39:49] --- current time step: 45 (frenet_interface.py:257)
INFO     [2025-01-12 11:39:49] --- current velocity: 0.1627351398705623 (frenet_interface.py:258)
INFO     [2025-01-12 11:39:49] --- current target velocity: 2.341724588150216 (frenet_interface.py:259)
INFO     [2025-01-12 11:39:51] --- Sampled interval of velocity: 0.00 m/s - 5.91 m/s (planner.py:310)
INFO     [2025-01-12 11:39:51] --- current time step: 46 (frenet_interface.py:280)
INFO     [2025-01-12 11:39:51] --- current velocity: 0.14348354899187166 (frenet_interface.py:281)
INFO     [2025-01-12 11:39:51] --- current target velocity: 2.3826744406001437 (frenet_interface.py:282)
INFO     [2025-01-12 11:39:52] --- Sampled interval of velocity: 0.00 m/s - 5.89 m/s (planner.py:310)
INFO     [2025-01-12 11:39:52] --- current time step: 47 (frenet_interface.py:280)
INFO     [2025-01-12 11:39:52] --- current velocity: 0.12264869901320404 (frenet_interface.py:281)
INFO     [2025-01-12 11:39:52] --- current target velocity: 2.425547473902457 (frenet_interface.py:282)
INFO     [2025-01-12 11:39:54] --- Sampled interval of velocity: 0.00 m/s - 5.87 m/s (planner.py:310)
INFO     [2025-01-12 11:39:54] --- select trajectory 191 (reactive_planner_cpp.py:382)
INFO     [2025-01-12 11:39:54] --- current time step: 48 (frenet_interface.py:257)
INFO     [2025-01-12 11:39:54] --- current velocity: 0.11099595808735643 (frenet_interface.py:258)
INFO     [2025-01-12 11:39:54] --- current target velocity: 2.47049619621289 (frenet_interface.py:259)
INFO     [2025-01-12 11:39:56] --- Sampled interval of velocity: 0.00 m/s - 5.86 m/s (planner.py:310)
INFO     [2025-01-12 11:39:56] --- current time step: 49 (frenet_interface.py:280)
INFO     [2025-01-12 11:39:56] --- current velocity: 0.09775919904308615 (frenet_interface.py:281)
INFO     [2025-01-12 11:39:56] --- current target velocity: 2.5175665605437927 (frenet_interface.py:282)
INFO     [2025-01-12 11:39:57] --- Sampled interval of velocity: 0.00 m/s - 5.85 m/s (planner.py:310)
INFO     [2025-01-12 11:39:57] --- current time step: 50 (frenet_interface.py:280)
INFO     [2025-01-12 11:39:57] --- current velocity: 0.08350601247242664 (frenet_interface.py:281)
INFO     [2025-01-12 11:39:57] --- current target velocity: 2.566813104014741 (frenet_interface.py:282)
INFO     [2025-01-12 11:39:59] --- Sampled interval of velocity: 0.00 m/s - 5.83 m/s (planner.py:310)
INFO     [2025-01-12 11:39:59] --- select trajectory 506 (reactive_planner_cpp.py:382)
INFO     [2025-01-12 11:40:00] --- current time step: 51 (frenet_interface.py:257)
INFO     [2025-01-12 11:40:00] --- current velocity: 0.07956536596458189 (frenet_interface.py:258)
INFO     [2025-01-12 11:40:00] --- current target velocity: 2.618398925797478 (frenet_interface.py:259)
INFO     [2025-01-12 11:40:01] --- Sampled interval of velocity: 0.00 m/s - 5.83 m/s (planner.py:310)
INFO     [2025-01-12 11:40:01] --- current time step: 52 (frenet_interface.py:280)
INFO     [2025-01-12 11:40:01] --- current velocity: 0.0819782259228855 (frenet_interface.py:281)
INFO     [2025-01-12 11:40:01] --- current target velocity: 2.672386453099615 (frenet_interface.py:282)
INFO     [2025-01-12 11:40:03] --- Sampled interval of velocity: 0.00 m/s - 5.83 m/s (planner.py:310)
INFO     [2025-01-12 11:40:03] --- current time step: 53 (frenet_interface.py:280)
INFO     [2025-01-12 11:40:03] --- current velocity: 0.09023848636533688 (frenet_interface.py:281)
INFO     [2025-01-12 11:40:03] --- current target velocity: 2.728736953714372 (frenet_interface.py:282)
INFO     [2025-01-12 11:40:05] --- Sampled interval of velocity: 0.00 m/s - 5.84 m/s (planner.py:310)
INFO     [2025-01-12 11:40:05] --- select trajectory 196 (reactive_planner_cpp.py:382)
INFO     [2025-01-12 11:40:05] --- current time step: 54 (frenet_interface.py:257)
INFO     [2025-01-12 11:40:05] --- current velocity: 0.09271181409073377 (frenet_interface.py:258)
INFO     [2025-01-12 11:40:05] --- current target velocity: 2.78747239356314 (frenet_interface.py:259)
INFO     [2025-01-12 11:40:07] --- Sampled interval of velocity: 0.00 m/s - 5.84 m/s (planner.py:310)
INFO     [2025-01-12 11:40:07] --- current time step: 55 (frenet_interface.py:280)
INFO     [2025-01-12 11:40:07] --- current velocity: 0.08983497853281595 (frenet_interface.py:281)
INFO     [2025-01-12 11:40:07] --- current target velocity: 2.84873390478807 (frenet_interface.py:282)
INFO     [2025-01-12 11:40:08] --- Sampled interval of velocity: 0.00 m/s - 5.84 m/s (planner.py:310)
INFO     [2025-01-12 11:40:08] --- current time step: 56 (frenet_interface.py:280)
INFO     [2025-01-12 11:40:08] --- current velocity: 0.0826856396263776 (frenet_interface.py:281)
INFO     [2025-01-12 11:40:08] --- current target velocity: 2.912851569067917 (frenet_interface.py:282)
INFO     [2025-01-12 11:40:11] --- Sampled interval of velocity: 0.00 m/s - 5.83 m/s (planner.py:310)
INFO     [2025-01-12 11:40:11] --- select trajectory 191 (reactive_planner_cpp.py:382)
INFO     [2025-01-12 11:40:11] --- current time step: 57 (frenet_interface.py:257)
INFO     [2025-01-12 11:40:11] --- current velocity: 0.07709453620058357 (frenet_interface.py:258)
INFO     [2025-01-12 11:40:11] --- current target velocity: 2.9801439528902947 (frenet_interface.py:259)
INFO     [2025-01-12 11:40:14] --- Sampled interval of velocity: 0.00 m/s - 5.83 m/s (planner.py:310)
INFO     [2025-01-12 11:40:14] --- current time step: 58 (frenet_interface.py:280)
INFO     [2025-01-12 11:40:14] --- current velocity: 0.06959102625041198 (frenet_interface.py:281)
INFO     [2025-01-12 11:40:14] --- current target velocity: 3.0508774415100164 (frenet_interface.py:282)
INFO     [2025-01-12 11:40:14] --- Sampled interval of velocity: 0.00 m/s - 5.82 m/s (planner.py:310)
INFO     [2025-01-12 11:40:14] --- current time step: 59 (frenet_interface.py:280)
INFO     [2025-01-12 11:40:14] --- current velocity: 0.06069025436314043 (frenet_interface.py:281)
INFO     [2025-01-12 11:40:14] --- current target velocity: 3.125312360445818 (frenet_interface.py:282)
INFO     [2025-01-12 11:40:17] --- Sampled interval of velocity: 0.00 m/s - 5.81 m/s (planner.py:310)
INFO     [2025-01-12 11:40:17] --- select trajectory 191 (reactive_planner_cpp.py:382)
INFO     [2025-01-12 11:40:17] --- current time step: 60 (frenet_interface.py:257)
INFO     [2025-01-12 11:40:17] --- current velocity: 0.05540428420417863 (frenet_interface.py:258)
INFO     [2025-01-12 11:40:17] --- current target velocity: 3.203775866753565 (frenet_interface.py:259)
INFO     [2025-01-12 11:40:20] --- Sampled interval of velocity: 0.00 m/s - 5.81 m/s (planner.py:310)
INFO     [2025-01-12 11:40:20] --- current time step: 61 (frenet_interface.py:280)
INFO     [2025-01-12 11:40:20] --- current velocity: 0.049177001539549486 (frenet_interface.py:281)
INFO     [2025-01-12 11:40:20] --- current target velocity: 3.286555800201526 (frenet_interface.py:282)
INFO     [2025-01-12 11:40:21] --- Sampled interval of velocity: 0.00 m/s - 5.80 m/s (planner.py:310)
INFO     [2025-01-12 11:40:21] --- current time step: 62 (frenet_interface.py:280)
INFO     [2025-01-12 11:40:21] --- current velocity: 0.04231281609774774 (frenet_interface.py:281)
INFO     [2025-01-12 11:40:21] --- current target velocity: 3.3739665947517836 (frenet_interface.py:282)
INFO     [2025-01-12 11:40:23] --- Sampled interval of velocity: 0.00 m/s - 5.79 m/s (planner.py:310)
INFO     [2025-01-12 11:40:23] --- select trajectory 196 (reactive_planner_cpp.py:382)
INFO     [2025-01-12 11:40:23] --- current time step: 63 (frenet_interface.py:257)
INFO     [2025-01-12 11:40:23] --- current velocity: 0.038424507228117376 (frenet_interface.py:258)
INFO     [2025-01-12 11:40:23] --- current target velocity: 3.466416075152902 (frenet_interface.py:259)
INFO     [2025-01-12 11:40:26] --- Sampled interval of velocity: 0.00 m/s - 5.79 m/s (planner.py:310)
INFO     [2025-01-12 11:40:26] --- current time step: 64 (frenet_interface.py:280)
INFO     [2025-01-12 11:40:26] --- current velocity: 0.033972014900288665 (frenet_interface.py:281)
INFO     [2025-01-12 11:40:26] --- current target velocity: 3.5643015664098 (frenet_interface.py:282)
INFO     [2025-01-12 11:40:26] --- Sampled interval of velocity: 0.00 m/s - 5.78 m/s (planner.py:310)
INFO     [2025-01-12 11:40:26] --- current time step: 65 (frenet_interface.py:280)
INFO     [2025-01-12 11:40:26] --- current velocity: 0.029152240154706185 (frenet_interface.py:281)
INFO     [2025-01-12 11:40:26] --- current target velocity: 3.668068169182369 (frenet_interface.py:282)
INFO     [2025-01-12 11:40:28] --- Sampled interval of velocity: 0.00 m/s - 5.78 m/s (planner.py:310)
INFO     [2025-01-12 11:40:28] --- select trajectory 191 (reactive_planner_cpp.py:382)
INFO     [2025-01-12 11:40:28] --- current time step: 66 (frenet_interface.py:257)
INFO     [2025-01-12 11:40:28] --- current velocity: 0.026456147220333154 (frenet_interface.py:258)
INFO     [2025-01-12 11:40:28] --- current target velocity: 3.778264643091363 (frenet_interface.py:259)
INFO     [2025-01-12 11:40:31] --- Sampled interval of velocity: 0.00 m/s - 5.78 m/s (planner.py:310)
INFO     [2025-01-12 11:40:31] --- current time step: 67 (frenet_interface.py:280)
INFO     [2025-01-12 11:40:31] --- current velocity: 0.02339324401319767 (frenet_interface.py:281)
INFO     [2025-01-12 11:40:31] --- current target velocity: 3.8954654058194293 (frenet_interface.py:282)
INFO     [2025-01-12 11:40:31] --- Sampled interval of velocity: 0.00 m/s - 5.77 m/s (planner.py:310)
INFO     [2025-01-12 11:40:31] --- current time step: 68 (frenet_interface.py:280)
INFO     [2025-01-12 11:40:31] --- current velocity: 0.020094920515890003 (frenet_interface.py:281)
INFO     [2025-01-12 11:40:31] --- current target velocity: 4.020320748311772 (frenet_interface.py:282)
INFO     [2025-01-12 11:40:33] --- Sampled interval of velocity: 0.00 m/s - 5.77 m/s (planner.py:310)
INFO     [2025-01-12 11:40:33] --- select trajectory 711 (reactive_planner_cpp.py:382)
INFO     [2025-01-12 11:40:33] --- current time step: 69 (frenet_interface.py:257)
INFO     [2025-01-12 11:40:33] --- current velocity: 0.02315784517235272 (frenet_interface.py:258)
INFO     [2025-01-12 11:40:33] --- current target velocity: 4.153606165720845 (frenet_interface.py:259)
INFO     [2025-01-12 11:40:37] --- Sampled interval of velocity: 0.00 m/s - 5.77 m/s (planner.py:310)
INFO     [2025-01-12 11:40:37] --- current time step: 70 (frenet_interface.py:280)
INFO     [2025-01-12 11:40:37] --- current velocity: 0.03528967965299294 (frenet_interface.py:281)
INFO     [2025-01-12 11:40:37] --- current target velocity: 4.296115212234331 (frenet_interface.py:282)
INFO     [2025-01-12 11:40:37] --- Sampled interval of velocity: 0.00 m/s - 5.79 m/s (planner.py:310)
INFO     [2025-01-12 11:40:37] --- current time step: 71 (frenet_interface.py:280)
INFO     [2025-01-12 11:40:37] --- current velocity: 0.05584665925251181 (frenet_interface.py:281)
INFO     [2025-01-12 11:40:37] --- current target velocity: 4.448530225404964 (frenet_interface.py:282)
INFO     [2025-01-12 11:40:39] --- Sampled interval of velocity: 0.00 m/s - 5.81 m/s (planner.py:310)
INFO     [2025-01-12 11:40:39] --- select trajectory 196 (reactive_planner_cpp.py:382)
INFO     [2025-01-12 11:40:40] --- current time step: 72 (frenet_interface.py:257)
INFO     [2025-01-12 11:40:40] --- current velocity: 0.06471591824674348 (frenet_interface.py:258)
INFO     [2025-01-12 11:40:40] --- current target velocity: 4.611627904214201 (frenet_interface.py:259)
INFO     [2025-01-12 11:40:42] --- Sampled interval of velocity: 0.00 m/s - 5.81 m/s (planner.py:310)
INFO     [2025-01-12 11:40:42] --- current time step: 73 (frenet_interface.py:280)
INFO     [2025-01-12 11:40:42] --- current velocity: 0.06750425533281894 (frenet_interface.py:281)
INFO     [2025-01-12 11:40:42] --- current target velocity: 4.7866584388957385 (frenet_interface.py:282)
INFO     [2025-01-12 11:40:42] --- Sampled interval of velocity: 0.00 m/s - 5.82 m/s (planner.py:310)
INFO     [2025-01-12 11:40:42] --- current time step: 74 (frenet_interface.py:280)
INFO     [2025-01-12 11:40:42] --- current velocity: 0.06531495655172231 (frenet_interface.py:281)
INFO     [2025-01-12 11:40:42] --- current target velocity: 4.975461942050356 (frenet_interface.py:282)
INFO     [2025-01-12 11:40:44] --- Sampled interval of velocity: 0.00 m/s - 5.82 m/s (planner.py:310)
INFO     [2025-01-12 11:40:44] --- select trajectory 196 (reactive_planner_cpp.py:382)
INFO     [2025-01-12 11:40:44] --- current time step: 75 (frenet_interface.py:257)
INFO     [2025-01-12 11:40:44] --- current velocity: 0.06203587410346714 (frenet_interface.py:258)
INFO     [2025-01-12 11:40:44] --- current target velocity: 5.065314956551722 (frenet_interface.py:259)
INFO     [2025-01-12 11:40:47] --- Sampled interval of velocity: 0.00 m/s - 5.81 m/s (planner.py:310)
INFO     [2025-01-12 11:40:47] --- current time step: 76 (frenet_interface.py:280)
INFO     [2025-01-12 11:40:47] --- current velocity: 0.05682430215759812 (frenet_interface.py:281)
INFO     [2025-01-12 11:40:47] --- current target velocity: 5.062035874103467 (frenet_interface.py:282)
INFO     [2025-01-12 11:40:47] --- Sampled interval of velocity: 0.00 m/s - 5.81 m/s (planner.py:310)
INFO     [2025-01-12 11:40:47] --- current time step: 77 (frenet_interface.py:280)
INFO     [2025-01-12 11:40:47] --- current velocity: 0.050153221761094366 (frenet_interface.py:281)
INFO     [2025-01-12 11:40:47] --- current target velocity: 5.056824302157598 (frenet_interface.py:282)
INFO     [2025-01-12 11:40:49] --- Sampled interval of velocity: 0.00 m/s - 5.80 m/s (planner.py:310)
INFO     [2025-01-12 11:40:49] --- select trajectory 196 (reactive_planner_cpp.py:382)
INFO     [2025-01-12 11:40:49] --- current time step: 78 (frenet_interface.py:257)
INFO     [2025-01-12 11:40:49] --- current velocity: 0.046015358707285126 (frenet_interface.py:258)
INFO     [2025-01-12 11:40:49] --- current target velocity: 5.050153221761095 (frenet_interface.py:259)
INFO     [2025-01-12 11:40:51] --- Sampled interval of velocity: 0.00 m/s - 5.80 m/s (planner.py:310)
INFO     [2025-01-12 11:40:51] --- current time step: 79 (frenet_interface.py:280)
INFO     [2025-01-12 11:40:51] --- current velocity: 0.041020658273976156 (frenet_interface.py:281)
INFO     [2025-01-12 11:40:51] --- current target velocity: 5.046015358707285 (frenet_interface.py:282)
INFO     [2025-01-12 11:40:51] --- Sampled interval of velocity: 0.00 m/s - 5.79 m/s (planner.py:310)
INFO     [2025-01-12 11:40:51] --- current time step: 80 (frenet_interface.py:280)
INFO     [2025-01-12 11:40:51] --- current velocity: 0.035432692144236444 (frenet_interface.py:281)
INFO     [2025-01-12 11:40:51] --- current target velocity: 5.041020658273976 (frenet_interface.py:282)
INFO     [2025-01-12 11:40:53] --- Sampled interval of velocity: 0.00 m/s - 5.79 m/s (planner.py:310)
INFO     [2025-01-12 11:40:53] --- select trajectory 196 (reactive_planner_cpp.py:382)
INFO     [2025-01-12 11:40:53] --- current time step: 81 (frenet_interface.py:257)
INFO     [2025-01-12 11:40:53] --- current velocity: 0.03223538078504244 (frenet_interface.py:258)
INFO     [2025-01-12 11:40:53] --- current target velocity: 5.035432692144236 (frenet_interface.py:259)
INFO     [2025-01-12 11:40:55] --- Sampled interval of velocity: 0.00 m/s - 5.78 m/s (planner.py:310)
INFO     [2025-01-12 11:40:55] --- current time step: 82 (frenet_interface.py:280)
INFO     [2025-01-12 11:40:55] --- current velocity: 0.02855133287436902 (frenet_interface.py:281)
INFO     [2025-01-12 11:40:55] --- current target velocity: 5.032235380785043 (frenet_interface.py:282)
INFO     [2025-01-12 11:40:55] --- Sampled interval of velocity: 0.00 m/s - 5.78 m/s (planner.py:310)
INFO     [2025-01-12 11:40:55] --- current time step: 83 (frenet_interface.py:280)
INFO     [2025-01-12 11:40:55] --- current velocity: 0.024547265037315174 (frenet_interface.py:281)
INFO     [2025-01-12 11:40:55] --- current target velocity: 5.028551332874369 (frenet_interface.py:282)
INFO     [2025-01-12 11:40:57] --- Sampled interval of velocity: 0.00 m/s - 5.77 m/s (planner.py:310)
INFO     [2025-01-12 11:40:57] --- select trajectory 196 (reactive_planner_cpp.py:382)
INFO     [2025-01-12 11:40:57] --- current time step: 84 (frenet_interface.py:257)
INFO     [2025-01-12 11:40:57] --- current velocity: 0.022301101782854122 (frenet_interface.py:258)
INFO     [2025-01-12 11:40:57] --- current target velocity: 5.024547265037315 (frenet_interface.py:259)
INFO     [2025-01-12 11:40:59] --- Sampled interval of velocity: 0.00 m/s - 5.77 m/s (planner.py:310)
INFO     [2025-01-12 11:40:59] --- current time step: 85 (frenet_interface.py:280)
INFO     [2025-01-12 11:40:59] --- current velocity: 0.01974473969795132 (frenet_interface.py:281)
INFO     [2025-01-12 11:40:59] --- current target velocity: 5.022301101782854 (frenet_interface.py:282)
INFO     [2025-01-12 11:40:59] --- Sampled interval of velocity: 0.00 m/s - 5.77 m/s (planner.py:310)
INFO     [2025-01-12 11:40:59] --- current time step: 86 (frenet_interface.py:280)
INFO     [2025-01-12 11:40:59] --- current velocity: 0.016988611912525757 (frenet_interface.py:281)
INFO     [2025-01-12 11:40:59] --- current target velocity: 5.019744739697951 (frenet_interface.py:282)
INFO     [2025-01-12 11:41:01] --- Sampled interval of velocity: 0.00 m/s - 5.77 m/s (planner.py:310)
INFO     [2025-01-12 11:41:01] --- select trajectory 196 (reactive_planner_cpp.py:382)
INFO     [2025-01-12 11:41:01] --- current time step: 87 (frenet_interface.py:257)
INFO     [2025-01-12 11:41:01] --- current velocity: 0.015451266499267985 (frenet_interface.py:258)
INFO     [2025-01-12 11:41:01] --- current target velocity: 5.0169886119125255 (frenet_interface.py:259)
INFO     [2025-01-12 11:41:03] --- Sampled interval of velocity: 0.00 m/s - 5.77 m/s (planner.py:310)
INFO     [2025-01-12 11:41:03] --- current time step: 88 (frenet_interface.py:280)
INFO     [2025-01-12 11:41:03] --- current velocity: 0.01370793135759147 (frenet_interface.py:281)
INFO     [2025-01-12 11:41:03] --- current target velocity: 5.015451266499268 (frenet_interface.py:282)
INFO     [2025-01-12 11:41:03] --- Sampled interval of velocity: 0.00 m/s - 5.76 m/s (planner.py:310)
INFO     [2025-01-12 11:41:03] --- current time step: 89 (frenet_interface.py:280)
INFO     [2025-01-12 11:41:03] --- current velocity: 0.011832858746289907 (frenet_interface.py:281)
INFO     [2025-01-12 11:41:03] --- current target velocity: 5.013707931357591 (frenet_interface.py:282)
INFO     [2025-01-12 11:41:05] --- Sampled interval of velocity: 0.00 m/s - 5.76 m/s (planner.py:310)
INFO     [2025-01-12 11:41:05] --- select trajectory 186 (reactive_planner_cpp.py:382)
INFO     [2025-01-12 11:41:05] --- current time step: 90 (frenet_interface.py:257)
INFO     [2025-01-12 11:41:05] --- current velocity: 0.011041044451615488 (frenet_interface.py:258)
INFO     [2025-01-12 11:41:05] --- current target velocity: 5.01183285874629 (frenet_interface.py:259)
INFO     [2025-01-12 11:41:07] --- Sampled interval of velocity: 0.00 m/s - 5.76 m/s (planner.py:310)
INFO     [2025-01-12 11:41:07] --- current time step: 91 (frenet_interface.py:280)
INFO     [2025-01-12 11:41:07] --- current velocity: 0.010550119588891339 (frenet_interface.py:281)
INFO     [2025-01-12 11:41:07] --- current target velocity: 5.011041044451615 (frenet_interface.py:282)
INFO     [2025-01-12 11:41:08] --- Sampled interval of velocity: 0.00 m/s - 5.76 m/s (planner.py:310)
INFO     [2025-01-12 11:41:08] --- current time step: 92 (frenet_interface.py:280)
INFO     [2025-01-12 11:41:08] --- current velocity: 0.01031257530047058 (frenet_interface.py:281)
INFO     [2025-01-12 11:41:08] --- current target velocity: 5.010550119588891 (frenet_interface.py:282)
INFO     [2025-01-12 11:41:10] --- Sampled interval of velocity: 0.00 m/s - 5.76 m/s (planner.py:310)
INFO     [2025-01-12 11:41:10] --- select trajectory 186 (reactive_planner_cpp.py:382)
INFO     [2025-01-12 11:41:11] --- current time step: 93 (frenet_interface.py:257)
INFO     [2025-01-12 11:41:11] --- current velocity: 0.010260223942162281 (frenet_interface.py:258)
INFO     [2025-01-12 11:41:11] --- current target velocity: 5.01031257530047 (frenet_interface.py:259)
INFO     [2025-01-12 11:41:12] --- Sampled interval of velocity: 0.00 m/s - 5.76 m/s (planner.py:310)
INFO     [2025-01-12 11:41:12] --- current time step: 94 (frenet_interface.py:280)
INFO     [2025-01-12 11:41:12] --- current velocity: 0.010227766099994587 (frenet_interface.py:281)
INFO     [2025-01-12 11:41:12] --- current target velocity: 5.010260223942162 (frenet_interface.py:282)
INFO     [2025-01-12 11:41:12] --- Sampled interval of velocity: 0.00 m/s - 5.76 m/s (planner.py:310)
INFO     [2025-01-12 11:41:12] --- current time step: 95 (frenet_interface.py:280)
INFO     [2025-01-12 11:41:12] --- current velocity: 0.010212060692491231 (frenet_interface.py:281)
INFO     [2025-01-12 11:41:12] --- current target velocity: 5.0102277660999945 (frenet_interface.py:282)
INFO     [2025-01-12 11:41:15] --- Sampled interval of velocity: 0.00 m/s - 5.76 m/s (planner.py:310)
INFO     [2025-01-12 11:41:15] --- select trajectory 611 (reactive_planner_cpp.py:382)
INFO     [2025-01-12 11:41:15] --- current time step: 96 (frenet_interface.py:257)
INFO     [2025-01-12 11:41:15] --- current velocity: 0.015194020194411748 (frenet_interface.py:258)
INFO     [2025-01-12 11:41:15] --- current target velocity: 5.010212060692491 (frenet_interface.py:259)
