CRITICAL [2025-01-12 11:46:30] --- Start Planner Vehicle ID: 20050 (frenet_interface.py:67)
INFO     [2025-01-12 11:46:33] --- Sampled interval of velocity: 0.00 m/s - 16.28 m/s (planner.py:310)
INFO     [2025-01-12 11:46:33] --- select trajectory 121 (reactive_planner_cpp.py:382)
INFO     [2025-01-12 11:46:33] --- current time step: 0 (frenet_interface.py:257)
INFO     [2025-01-12 11:46:33] --- current velocity: 10.485640479697972 (frenet_interface.py:258)
INFO     [2025-01-12 11:46:33] --- current target velocity: 5.532500000000001 (frenet_interface.py:259)
INFO     [2025-01-12 11:46:35] --- Sampled interval of velocity: 0.00 m/s - 16.24 m/s (planner.py:310)
INFO     [2025-01-12 11:46:35] --- current time step: 1 (frenet_interface.py:280)
INFO     [2025-01-12 11:46:35] --- current velocity: 10.237853111030741 (frenet_interface.py:281)
INFO     [2025-01-12 11:46:35] --- current target velocity: 5.485640479697972 (frenet_interface.py:282)
INFO     [2025-01-12 11:46:35] --- Sampled interval of velocity: 0.00 m/s - 15.99 m/s (planner.py:310)
INFO     [2025-01-12 11:46:35] --- current time step: 2 (frenet_interface.py:280)
INFO     [2025-01-12 11:46:35] --- current velocity: 9.832414740624317 (frenet_interface.py:281)
INFO     [2025-01-12 11:46:35] --- current target velocity: 5.237853111030741 (frenet_interface.py:282)
INFO     [2025-01-12 11:46:36] --- Sampled interval of velocity: 0.00 m/s - 15.58 m/s (planner.py:310)
INFO     [2025-01-12 11:46:37] --- select trajectory 111 (reactive_planner_cpp.py:382)
INFO     [2025-01-12 11:46:37] --- current time step: 3 (frenet_interface.py:257)
INFO     [2025-01-12 11:46:37] --- current velocity: 9.50001466036437 (frenet_interface.py:258)
INFO     [2025-01-12 11:46:37] --- current target velocity: 4.832414740624317 (frenet_interface.py:259)
INFO     [2025-01-12 11:46:38] --- Sampled interval of velocity: 0.00 m/s - 15.25 m/s (planner.py:310)
INFO     [2025-01-12 11:46:38] --- current time step: 4 (frenet_interface.py:280)
INFO     [2025-01-12 11:46:38] --- current velocity: 9.000558553265826 (frenet_interface.py:281)
INFO     [2025-01-12 11:46:38] --- current target velocity: 4.737818618400155 (frenet_interface.py:282)
INFO     [2025-01-12 11:46:39] --- Sampled interval of velocity: 0.00 m/s - 14.75 m/s (planner.py:310)
INFO     [2025-01-12 11:46:39] --- current time step: 5 (frenet_interface.py:280)
INFO     [2025-01-12 11:46:39] --- current velocity: 8.3759133288713 (frenet_interface.py:281)
INFO     [2025-01-12 11:46:39] --- current target velocity: 4.706397566744445 (frenet_interface.py:282)
INFO     [2025-01-12 11:46:39] --- Sampled interval of velocity: 0.00 m/s - 14.13 m/s (planner.py:310)
INFO     [2025-01-12 11:46:39] --- select trajectory 121 (reactive_planner_cpp.py:382)
INFO     [2025-01-12 11:46:39] --- current time step: 6 (frenet_interface.py:257)
INFO     [2025-01-12 11:46:39] --- current velocity: 8.026005189788588 (frenet_interface.py:258)
INFO     [2025-01-12 11:46:39] --- current target velocity: 4.678491898230257 (frenet_interface.py:259)
INFO     [2025-01-12 11:46:40] --- Sampled interval of velocity: 0.00 m/s - 13.78 m/s (planner.py:310)
INFO     [2025-01-12 11:46:41] --- current time step: 7 (frenet_interface.py:280)
INFO     [2025-01-12 11:46:41] --- current velocity: 7.656937860119384 (frenet_interface.py:281)
INFO     [2025-01-12 11:46:41] --- current target velocity: 4.653671403725165 (frenet_interface.py:282)
INFO     [2025-01-12 11:46:41] --- Sampled interval of velocity: 0.00 m/s - 13.41 m/s (planner.py:310)
INFO     [2025-01-12 11:46:41] --- current time step: 8 (frenet_interface.py:280)
INFO     [2025-01-12 11:46:41] --- current velocity: 7.27977100357582 (frenet_interface.py:281)
INFO     [2025-01-12 11:46:41] --- current target velocity: 4.631054918685686 (frenet_interface.py:282)
INFO     [2025-01-12 11:46:42] --- Sampled interval of velocity: 0.00 m/s - 13.03 m/s (planner.py:310)
INFO     [2025-01-12 11:46:42] --- select trajectory 121 (reactive_planner_cpp.py:382)
INFO     [2025-01-12 11:46:43] --- current time step: 9 (frenet_interface.py:257)
INFO     [2025-01-12 11:46:43] --- current velocity: 7.068030858140561 (frenet_interface.py:258)
INFO     [2025-01-12 11:46:43] --- current target velocity: 4.6107870202479395 (frenet_interface.py:259)
INFO     [2025-01-12 11:46:44] --- Sampled interval of velocity: 0.00 m/s - 12.82 m/s (planner.py:310)
INFO     [2025-01-12 11:46:44] --- current time step: 10 (frenet_interface.py:280)
INFO     [2025-01-12 11:46:44] --- current velocity: 6.818487040822688 (frenet_interface.py:281)
INFO     [2025-01-12 11:46:44] --- current target velocity: 4.592321060392508 (frenet_interface.py:282)
INFO     [2025-01-12 11:46:44] --- Sampled interval of velocity: 0.00 m/s - 12.57 m/s (planner.py:310)
INFO     [2025-01-12 11:46:44] --- current time step: 11 (frenet_interface.py:280)
INFO     [2025-01-12 11:46:44] --- current velocity: 6.5433537111825 (frenet_interface.py:281)
INFO     [2025-01-12 11:46:44] --- current target velocity: 4.575266153402029 (frenet_interface.py:282)
INFO     [2025-01-12 11:46:45] --- Sampled interval of velocity: 0.00 m/s - 12.29 m/s (planner.py:310)
INFO     [2025-01-12 11:46:45] --- select trajectory 121 (reactive_planner_cpp.py:382)
INFO     [2025-01-12 11:46:45] --- current time step: 12 (frenet_interface.py:257)
INFO     [2025-01-12 11:46:45] --- current velocity: 6.381042927674399 (frenet_interface.py:258)
INFO     [2025-01-12 11:46:45] --- current target velocity: 4.559884563906434 (frenet_interface.py:259)
INFO     [2025-01-12 11:46:46] --- Sampled interval of velocity: 0.00 m/s - 12.13 m/s (planner.py:310)
INFO     [2025-01-12 11:46:46] --- current time step: 13 (frenet_interface.py:280)
INFO     [2025-01-12 11:46:46] --- current velocity: 6.184892824873469 (frenet_interface.py:281)
INFO     [2025-01-12 11:46:46] --- current target velocity: 4.54587303512053 (frenet_interface.py:282)
INFO     [2025-01-12 11:46:47] --- Sampled interval of velocity: 0.00 m/s - 11.93 m/s (planner.py:310)
INFO     [2025-01-12 11:46:47] --- current time step: 14 (frenet_interface.py:280)
INFO     [2025-01-12 11:46:47] --- current velocity: 5.965290374709717 (frenet_interface.py:281)
INFO     [2025-01-12 11:46:47] --- current target velocity: 4.532987970266714 (frenet_interface.py:282)
INFO     [2025-01-12 11:46:48] --- Sampled interval of velocity: 0.00 m/s - 11.72 m/s (planner.py:310)
INFO     [2025-01-12 11:46:48] --- select trajectory 121 (reactive_planner_cpp.py:382)
INFO     [2025-01-12 11:46:48] --- current time step: 15 (frenet_interface.py:257)
INFO     [2025-01-12 11:46:48] --- current velocity: 5.8345314225126215 (frenet_interface.py:258)
INFO     [2025-01-12 11:46:48] --- current target velocity: 4.52146836906501 (frenet_interface.py:259)
INFO     [2025-01-12 11:46:49] --- Sampled interval of velocity: 0.00 m/s - 11.58 m/s (planner.py:310)
INFO     [2025-01-12 11:46:49] --- current time step: 16 (frenet_interface.py:280)
INFO     [2025-01-12 11:46:49] --- current velocity: 5.675798622774787 (frenet_interface.py:281)
INFO     [2025-01-12 11:46:49] --- current target velocity: 4.511083939432913 (frenet_interface.py:282)
INFO     [2025-01-12 11:46:49] --- Sampled interval of velocity: 0.00 m/s - 11.43 m/s (planner.py:310)
INFO     [2025-01-12 11:46:49] --- current time step: 17 (frenet_interface.py:280)
INFO     [2025-01-12 11:46:49] --- current velocity: 5.497609754460354 (frenet_interface.py:281)
INFO     [2025-01-12 11:46:49] --- current target velocity: 4.501644113727169 (frenet_interface.py:282)
INFO     [2025-01-12 11:46:50] --- Sampled interval of velocity: 0.00 m/s - 11.25 m/s (planner.py:310)
INFO     [2025-01-12 11:46:50] --- select trajectory 421 (reactive_planner_cpp.py:382)
INFO     [2025-01-12 11:46:50] --- current time step: 18 (frenet_interface.py:257)
INFO     [2025-01-12 11:46:50] --- current velocity: 5.399172461492224 (frenet_interface.py:258)
INFO     [2025-01-12 11:46:50] --- current target velocity: 4.493351552704028 (frenet_interface.py:259)
INFO     [2025-01-12 11:46:52] --- Sampled interval of velocity: 0.00 m/s - 11.15 m/s (planner.py:310)
INFO     [2025-01-12 11:46:52] --- current time step: 19 (frenet_interface.py:280)
INFO     [2025-01-12 11:46:52] --- current velocity: 5.29077862386536 (frenet_interface.py:281)
INFO     [2025-01-12 11:46:52] --- current target velocity: 4.485997837110158 (frenet_interface.py:282)
INFO     [2025-01-12 11:46:52] --- Sampled interval of velocity: 0.00 m/s - 11.04 m/s (planner.py:310)
INFO     [2025-01-12 11:46:52] --- current time step: 20 (frenet_interface.py:280)
INFO     [2025-01-12 11:46:52] --- current velocity: 5.175189379134206 (frenet_interface.py:281)
INFO     [2025-01-12 11:46:52] --- current target velocity: 4.479333565114205 (frenet_interface.py:282)
INFO     [2025-01-12 11:46:54] --- Sampled interval of velocity: 0.00 m/s - 10.93 m/s (planner.py:310)
INFO     [2025-01-12 11:46:54] --- select trajectory 721 (reactive_planner_cpp.py:382)
INFO     [2025-01-12 11:46:54] --- current time step: 21 (frenet_interface.py:257)
INFO     [2025-01-12 11:46:54] --- current velocity: 5.116420242131018 (frenet_interface.py:258)
INFO     [2025-01-12 11:46:54] --- current target velocity: 4.473441893910944 (frenet_interface.py:259)
INFO     [2025-01-12 11:46:55] --- Sampled interval of velocity: 0.00 m/s - 10.87 m/s (planner.py:310)
INFO     [2025-01-12 11:46:55] --- current time step: 22 (frenet_interface.py:280)
INFO     [2025-01-12 11:46:55] --- current velocity: 5.058436147788839 (frenet_interface.py:281)
INFO     [2025-01-12 11:46:55] --- current target velocity: 4.468148191535244 (frenet_interface.py:282)
INFO     [2025-01-12 11:46:55] --- Sampled interval of velocity: 0.00 m/s - 10.81 m/s (planner.py:310)
INFO     [2025-01-12 11:46:55] --- current time step: 23 (frenet_interface.py:280)
INFO     [2025-01-12 11:46:55] --- current velocity: 5.001321863746562 (frenet_interface.py:281)
INFO     [2025-01-12 11:46:55] --- current target velocity: 4.463233822604354 (frenet_interface.py:282)
INFO     [2025-01-12 11:46:56] --- Sampled interval of velocity: 0.00 m/s - 10.75 m/s (planner.py:310)
INFO     [2025-01-12 11:46:56] --- select trajectory 721 (reactive_planner_cpp.py:382)
INFO     [2025-01-12 11:46:56] --- current time step: 24 (frenet_interface.py:257)
INFO     [2025-01-12 11:46:56] --- current velocity: 4.971695063183608 (frenet_interface.py:258)
INFO     [2025-01-12 11:46:56] --- current target velocity: 4.45870127205639 (frenet_interface.py:259)
INFO     [2025-01-12 11:46:58] --- Sampled interval of velocity: 0.00 m/s - 10.72 m/s (planner.py:310)
INFO     [2025-01-12 11:46:58] --- current time step: 25 (frenet_interface.py:280)
INFO     [2025-01-12 11:46:58] --- current velocity: 4.939627200318748 (frenet_interface.py:281)
INFO     [2025-01-12 11:46:58] --- current target velocity: 4.454443042248844 (frenet_interface.py:282)
INFO     [2025-01-12 11:46:58] --- Sampled interval of velocity: 0.00 m/s - 10.69 m/s (planner.py:310)
INFO     [2025-01-12 11:46:58] --- current time step: 26 (frenet_interface.py:280)
INFO     [2025-01-12 11:46:58] --- current velocity: 4.905360041095626 (frenet_interface.py:281)
INFO     [2025-01-12 11:46:58] --- current target velocity: 4.450366527251824 (frenet_interface.py:282)
INFO     [2025-01-12 11:46:59] --- Sampled interval of velocity: 0.00 m/s - 10.66 m/s (planner.py:310)
INFO     [2025-01-12 11:46:59] --- select trajectory 721 (reactive_planner_cpp.py:382)
INFO     [2025-01-12 11:46:59] --- current time step: 27 (frenet_interface.py:257)
INFO     [2025-01-12 11:46:59] --- current velocity: 4.885910956387064 (frenet_interface.py:258)
INFO     [2025-01-12 11:46:59] --- current target velocity: 4.446495213720662 (frenet_interface.py:259)
INFO     [2025-01-12 11:47:01] --- Sampled interval of velocity: 0.00 m/s - 10.64 m/s (planner.py:310)
INFO     [2025-01-12 11:47:01] --- current time step: 28 (frenet_interface.py:280)
INFO     [2025-01-12 11:47:01] --- current velocity: 4.863040826138928 (frenet_interface.py:281)
INFO     [2025-01-12 11:47:01] --- current target velocity: 4.44278085598073 (frenet_interface.py:282)
INFO     [2025-01-12 11:47:01] --- Sampled interval of velocity: 0.00 m/s - 10.61 m/s (planner.py:310)
INFO     [2025-01-12 11:47:01] --- current time step: 29 (frenet_interface.py:280)
INFO     [2025-01-12 11:47:01] --- current velocity: 4.837036013951649 (frenet_interface.py:281)
INFO     [2025-01-12 11:47:01] --- current target velocity: 4.4391811211339816 (frenet_interface.py:282)
INFO     [2025-01-12 11:47:02] --- Sampled interval of velocity: 0.00 m/s - 10.59 m/s (planner.py:310)
INFO     [2025-01-12 11:47:02] --- select trajectory 726 (reactive_planner_cpp.py:382)
INFO     [2025-01-12 11:47:02] --- current time step: 30 (frenet_interface.py:257)
INFO     [2025-01-12 11:47:02] --- current velocity: 4.821374881874691 (frenet_interface.py:258)
INFO     [2025-01-12 11:47:02] --- current target velocity: 4.435726443950658 (frenet_interface.py:259)
INFO     [2025-01-12 11:47:04] --- Sampled interval of velocity: 0.00 m/s - 10.57 m/s (planner.py:310)
INFO     [2025-01-12 11:47:04] --- current time step: 31 (frenet_interface.py:280)
INFO     [2025-01-12 11:47:04] --- current velocity: 4.802063799232855 (frenet_interface.py:281)
INFO     [2025-01-12 11:47:04] --- current target velocity: 4.432389194894145 (frenet_interface.py:282)
INFO     [2025-01-12 11:47:04] --- Sampled interval of velocity: 0.00 m/s - 10.55 m/s (planner.py:310)
INFO     [2025-01-12 11:47:04] --- current time step: 32 (frenet_interface.py:280)
INFO     [2025-01-12 11:47:04] --- current velocity: 4.779396184697525 (frenet_interface.py:281)
INFO     [2025-01-12 11:47:04] --- current target velocity: 4.42914456171861 (frenet_interface.py:282)
INFO     [2025-01-12 11:47:05] --- Sampled interval of velocity: 0.00 m/s - 10.53 m/s (planner.py:310)
INFO     [2025-01-12 11:47:05] --- select trajectory 721 (reactive_planner_cpp.py:382)
INFO     [2025-01-12 11:47:05] --- current time step: 33 (frenet_interface.py:257)
INFO     [2025-01-12 11:47:05] --- current velocity: 4.765360943764662 (frenet_interface.py:258)
INFO     [2025-01-12 11:47:05] --- current target velocity: 4.426025139996392 (frenet_interface.py:259)
INFO     [2025-01-12 11:47:08] --- Sampled interval of velocity: 0.00 m/s - 10.52 m/s (planner.py:310)
INFO     [2025-01-12 11:47:08] --- current time step: 34 (frenet_interface.py:280)
INFO     [2025-01-12 11:47:08] --- current velocity: 4.747695418892838 (frenet_interface.py:281)
INFO     [2025-01-12 11:47:08] --- current target velocity: 4.423010635912242 (frenet_interface.py:282)
INFO     [2025-01-12 11:47:08] --- Sampled interval of velocity: 0.00 m/s - 10.50 m/s (planner.py:310)
INFO     [2025-01-12 11:47:08] --- current time step: 35 (frenet_interface.py:280)
INFO     [2025-01-12 11:47:08] --- current velocity: 4.726687782599395 (frenet_interface.py:281)
INFO     [2025-01-12 11:47:08] --- current target velocity: 4.4200824947246105 (frenet_interface.py:282)
INFO     [2025-01-12 11:47:09] --- Sampled interval of velocity: 0.00 m/s - 10.48 m/s (planner.py:310)
INFO     [2025-01-12 11:47:09] --- select trajectory 731 (reactive_planner_cpp.py:382)
INFO     [2025-01-12 11:47:09] --- current time step: 36 (frenet_interface.py:257)
INFO     [2025-01-12 11:47:09] --- current velocity: 4.716136647955338 (frenet_interface.py:258)
INFO     [2025-01-12 11:47:09] --- current target velocity: 4.417273860478866 (frenet_interface.py:259)
INFO     [2025-01-12 11:47:11] --- Sampled interval of velocity: 0.00 m/s - 10.47 m/s (planner.py:310)
INFO     [2025-01-12 11:47:11] --- current time step: 37 (frenet_interface.py:280)
INFO     [2025-01-12 11:47:11] --- current velocity: 4.707015737642834 (frenet_interface.py:281)
INFO     [2025-01-12 11:47:11] --- current target velocity: 4.414559430722502 (frenet_interface.py:282)
INFO     [2025-01-12 11:47:11] --- Sampled interval of velocity: 0.00 m/s - 10.46 m/s (planner.py:310)
INFO     [2025-01-12 11:47:11] --- current time step: 38 (frenet_interface.py:280)
INFO     [2025-01-12 11:47:11] --- current velocity: 4.699249777199375 (frenet_interface.py:281)
INFO     [2025-01-12 11:47:11] --- current target velocity: 4.41188464820355 (frenet_interface.py:282)
INFO     [2025-01-12 11:47:12] --- Sampled interval of velocity: 0.00 m/s - 10.45 m/s (planner.py:310)
INFO     [2025-01-12 11:47:12] --- select trajectory 731 (reactive_planner_cpp.py:382)
INFO     [2025-01-12 11:47:12] --- current time step: 39 (frenet_interface.py:257)
INFO     [2025-01-12 11:47:12] --- current velocity: 4.695926123039493 (frenet_interface.py:258)
INFO     [2025-01-12 11:47:12] --- current target velocity: 4.409237934269268 (frenet_interface.py:259)
INFO     [2025-01-12 11:47:13] --- Sampled interval of velocity: 0.00 m/s - 10.45 m/s (planner.py:310)
INFO     [2025-01-12 11:47:13] --- current time step: 40 (frenet_interface.py:280)
INFO     [2025-01-12 11:47:13] --- current velocity: 4.693052986052952 (frenet_interface.py:281)
INFO     [2025-01-12 11:47:13] --- current target velocity: 4.406592872410699 (frenet_interface.py:282)
INFO     [2025-01-12 11:47:14] --- Sampled interval of velocity: 0.00 m/s - 10.44 m/s (planner.py:310)
INFO     [2025-01-12 11:47:14] --- current time step: 41 (frenet_interface.py:280)
INFO     [2025-01-12 11:47:14] --- current velocity: 4.6906066588328565 (frenet_interface.py:281)
INFO     [2025-01-12 11:47:14] --- current target velocity: 4.403927497891808 (frenet_interface.py:282)
