CRITICAL [2025-01-12 11:38:42] --- Start Planner Vehicle ID: 20099 (frenet_interface.py:67)
INFO     [2025-01-12 11:38:47] --- Sampled interval of velocity: 0.00 m/s - 18.05 m/s (planner.py:310)
INFO     [2025-01-12 11:38:47] --- select trajectory 411 (reactive_planner_cpp.py:382)
INFO     [2025-01-12 11:38:47] --- current time step: 0 (frenet_interface.py:257)
INFO     [2025-01-12 11:38:47] --- current velocity: 12.160308630268453 (frenet_interface.py:258)
INFO     [2025-01-12 11:38:47] --- current target velocity: 7.2965 (frenet_interface.py:259)
INFO     [2025-01-12 11:38:49] --- Sampled interval of velocity: 0.00 m/s - 17.91 m/s (planner.py:310)
INFO     [2025-01-12 11:38:49] --- current time step: 1 (frenet_interface.py:280)
INFO     [2025-01-12 11:38:49] --- current velocity: 11.826591014441604 (frenet_interface.py:281)
INFO     [2025-01-12 11:38:49] --- current target velocity: 7.160308630268453 (frenet_interface.py:282)
INFO     [2025-01-12 11:38:50] --- Sampled interval of velocity: 0.00 m/s - 17.58 m/s (planner.py:310)
INFO     [2025-01-12 11:38:50] --- current time step: 2 (frenet_interface.py:280)
INFO     [2025-01-12 11:38:50] --- current velocity: 11.328581890223004 (frenet_interface.py:281)
INFO     [2025-01-12 11:38:50] --- current target velocity: 6.826591014441604 (frenet_interface.py:282)
INFO     [2025-01-12 11:38:52] --- Sampled interval of velocity: 0.00 m/s - 17.08 m/s (planner.py:310)
INFO     [2025-01-12 11:38:52] --- select trajectory 121 (reactive_planner_cpp.py:382)
INFO     [2025-01-12 11:38:52] --- current time step: 3 (frenet_interface.py:257)
INFO     [2025-01-12 11:38:52] --- current velocity: 10.978754465255616 (frenet_interface.py:258)
INFO     [2025-01-12 11:38:52] --- current target velocity: 6.328581890223004 (frenet_interface.py:259)
INFO     [2025-01-12 11:38:54] --- Sampled interval of velocity: 0.00 m/s - 16.73 m/s (planner.py:310)
INFO     [2025-01-12 11:38:54] --- current time step: 4 (frenet_interface.py:280)
INFO     [2025-01-12 11:38:54] --- current velocity: 10.518535324286372 (frenet_interface.py:281)
INFO     [2025-01-12 11:38:54] --- current target velocity: 5.978754465255616 (frenet_interface.py:282)
INFO     [2025-01-12 11:38:55] --- Sampled interval of velocity: 0.00 m/s - 16.27 m/s (planner.py:310)
INFO     [2025-01-12 11:38:55] --- current time step: 5 (frenet_interface.py:280)
INFO     [2025-01-12 11:38:55] --- current velocity: 9.978204215773077 (frenet_interface.py:281)
INFO     [2025-01-12 11:38:55] --- current target velocity: 5.518535324286372 (frenet_interface.py:282)
INFO     [2025-01-12 11:38:56] --- Sampled interval of velocity: 0.00 m/s - 15.73 m/s (planner.py:310)
INFO     [2025-01-12 11:38:56] --- select trajectory 411 (reactive_planner_cpp.py:382)
INFO     [2025-01-12 11:38:56] --- current time step: 6 (frenet_interface.py:257)
INFO     [2025-01-12 11:38:56] --- current velocity: 9.644212329069944 (frenet_interface.py:258)
INFO     [2025-01-12 11:38:56] --- current target velocity: 5.013764451325283 (frenet_interface.py:259)
INFO     [2025-01-12 11:38:58] --- Sampled interval of velocity: 0.00 m/s - 15.39 m/s (planner.py:310)
INFO     [2025-01-12 11:38:58] --- current time step: 7 (frenet_interface.py:280)
INFO     [2025-01-12 11:38:58] --- current velocity: 9.224336269323507 (frenet_interface.py:281)
INFO     [2025-01-12 11:38:58] --- current target velocity: 4.97992403795158 (frenet_interface.py:282)
INFO     [2025-01-12 11:38:59] --- Sampled interval of velocity: 0.00 m/s - 14.97 m/s (planner.py:310)
INFO     [2025-01-12 11:38:59] --- current time step: 8 (frenet_interface.py:280)
INFO     [2025-01-12 11:38:59] --- current velocity: 8.736284667808727 (frenet_interface.py:281)
INFO     [2025-01-12 11:38:59] --- current target velocity: 4.948287375441403 (frenet_interface.py:282)
INFO     [2025-01-12 11:39:01] --- Sampled interval of velocity: 0.00 m/s - 14.49 m/s (planner.py:310)
INFO     [2025-01-12 11:39:01] --- select trajectory 121 (reactive_planner_cpp.py:382)
INFO     [2025-01-12 11:39:01] --- current time step: 9 (frenet_interface.py:257)
INFO     [2025-01-12 11:39:01] --- current velocity: 8.446027371346363 (frenet_interface.py:258)
INFO     [2025-01-12 11:39:01] --- current target velocity: 4.919451900307214 (frenet_interface.py:259)
INFO     [2025-01-12 11:39:04] --- Sampled interval of velocity: 0.00 m/s - 14.20 m/s (planner.py:310)
INFO     [2025-01-12 11:39:04] --- current time step: 10 (frenet_interface.py:280)
INFO     [2025-01-12 11:39:04] --- current velocity: 8.10281369949737 (frenet_interface.py:281)
INFO     [2025-01-12 11:39:04] --- current target velocity: 4.892999923735554 (frenet_interface.py:282)
INFO     [2025-01-12 11:39:05] --- Sampled interval of velocity: 0.00 m/s - 13.85 m/s (planner.py:310)
INFO     [2025-01-12 11:39:06] --- current time step: 11 (frenet_interface.py:280)
INFO     [2025-01-12 11:39:06] --- current velocity: 7.723626246726837 (frenet_interface.py:281)
INFO     [2025-01-12 11:39:06] --- current target velocity: 4.8684700250415345 (frenet_interface.py:282)
INFO     [2025-01-12 11:39:07] --- Sampled interval of velocity: 0.00 m/s - 13.47 m/s (planner.py:310)
INFO     [2025-01-12 11:39:07] --- select trajectory 121 (reactive_planner_cpp.py:382)
INFO     [2025-01-12 11:39:07] --- current time step: 12 (frenet_interface.py:257)
INFO     [2025-01-12 11:39:07] --- current velocity: 7.499648372785183 (frenet_interface.py:258)
INFO     [2025-01-12 11:39:07] --- current target velocity: 4.846228856103041 (frenet_interface.py:259)
INFO     [2025-01-12 11:39:10] --- Sampled interval of velocity: 0.00 m/s - 13.25 m/s (planner.py:310)
INFO     [2025-01-12 11:39:10] --- current time step: 13 (frenet_interface.py:280)
INFO     [2025-01-12 11:39:10] --- current velocity: 7.228807375356956 (frenet_interface.py:281)
INFO     [2025-01-12 11:39:10] --- current target velocity: 4.825861853117565 (frenet_interface.py:282)
INFO     [2025-01-12 11:39:10] --- Sampled interval of velocity: 0.00 m/s - 12.98 m/s (planner.py:310)
INFO     [2025-01-12 11:39:10] --- current time step: 14 (frenet_interface.py:280)
INFO     [2025-01-12 11:39:10] --- current velocity: 6.9254719651385015 (frenet_interface.py:281)
INFO     [2025-01-12 11:39:10] --- current target velocity: 4.807034648779069 (frenet_interface.py:282)
INFO     [2025-01-12 11:39:12] --- Sampled interval of velocity: 0.00 m/s - 12.68 m/s (planner.py:310)
INFO     [2025-01-12 11:39:12] --- select trajectory 121 (reactive_planner_cpp.py:382)
INFO     [2025-01-12 11:39:12] --- current time step: 15 (frenet_interface.py:257)
INFO     [2025-01-12 11:39:12] --- current velocity: 6.744815264614579 (frenet_interface.py:258)
INFO     [2025-01-12 11:39:12] --- current target velocity: 4.790077826420887 (frenet_interface.py:259)
INFO     [2025-01-12 11:39:15] --- Sampled interval of velocity: 0.00 m/s - 12.49 m/s (planner.py:310)
INFO     [2025-01-12 11:39:15] --- current time step: 16 (frenet_interface.py:280)
INFO     [2025-01-12 11:39:15] --- current velocity: 6.525487127501457 (frenet_interface.py:281)
INFO     [2025-01-12 11:39:15] --- current target velocity: 4.774673473279042 (frenet_interface.py:282)
INFO     [2025-01-12 11:39:15] --- Sampled interval of velocity: 0.00 m/s - 12.28 m/s (planner.py:310)
INFO     [2025-01-12 11:39:15] --- current time step: 17 (frenet_interface.py:280)
INFO     [2025-01-12 11:39:15] --- current velocity: 6.27926093254866 (frenet_interface.py:281)
INFO     [2025-01-12 11:39:15] --- current target velocity: 4.760558247631624 (frenet_interface.py:282)
INFO     [2025-01-12 11:39:17] --- Sampled interval of velocity: 0.00 m/s - 12.03 m/s (planner.py:310)
INFO     [2025-01-12 11:39:17] --- select trajectory 121 (reactive_planner_cpp.py:382)
INFO     [2025-01-12 11:39:17] --- current time step: 18 (frenet_interface.py:257)
INFO     [2025-01-12 11:39:17] --- current velocity: 6.132408582913904 (frenet_interface.py:258)
INFO     [2025-01-12 11:39:17] --- current target velocity: 4.748011936721665 (frenet_interface.py:259)
INFO     [2025-01-12 11:39:19] --- Sampled interval of velocity: 0.00 m/s - 11.88 m/s (planner.py:310)
INFO     [2025-01-12 11:39:19] --- current time step: 19 (frenet_interface.py:280)
INFO     [2025-01-12 11:39:19] --- current velocity: 5.953999585242064 (frenet_interface.py:281)
INFO     [2025-01-12 11:39:19] --- current target velocity: 4.736774610780012 (frenet_interface.py:282)
INFO     [2025-01-12 11:39:20] --- Sampled interval of velocity: 0.00 m/s - 11.70 m/s (planner.py:310)
INFO     [2025-01-12 11:39:20] --- current time step: 20 (frenet_interface.py:280)
INFO     [2025-01-12 11:39:20] --- current velocity: 5.753629870493015 (frenet_interface.py:281)
INFO     [2025-01-12 11:39:20] --- current target velocity: 4.726629964530804 (frenet_interface.py:282)
INFO     [2025-01-12 11:39:21] --- Sampled interval of velocity: 0.00 m/s - 11.50 m/s (planner.py:310)
INFO     [2025-01-12 11:39:21] --- select trajectory 721 (reactive_planner_cpp.py:382)
INFO     [2025-01-12 11:39:21] --- current time step: 21 (frenet_interface.py:257)
INFO     [2025-01-12 11:39:21] --- current velocity: 5.651686353811991 (frenet_interface.py:258)
INFO     [2025-01-12 11:39:21] --- current target velocity: 4.717812659859488 (frenet_interface.py:259)
INFO     [2025-01-12 11:39:24] --- Sampled interval of velocity: 0.00 m/s - 11.40 m/s (planner.py:310)
INFO     [2025-01-12 11:39:24] --- current time step: 22 (frenet_interface.py:280)
INFO     [2025-01-12 11:39:24] --- current velocity: 5.553971092054377 (frenet_interface.py:281)
INFO     [2025-01-12 11:39:24] --- current target velocity: 4.71006076343537 (frenet_interface.py:282)
INFO     [2025-01-12 11:39:25] --- Sampled interval of velocity: 0.00 m/s - 11.30 m/s (planner.py:310)
INFO     [2025-01-12 11:39:25] --- current time step: 23 (frenet_interface.py:280)
INFO     [2025-01-12 11:39:25] --- current velocity: 5.460429864275463 (frenet_interface.py:281)
INFO     [2025-01-12 11:39:25] --- current target velocity: 4.7029780819170695 (frenet_interface.py:282)
INFO     [2025-01-12 11:39:26] --- Sampled interval of velocity: 0.00 m/s - 11.21 m/s (planner.py:310)
INFO     [2025-01-12 11:39:26] --- select trajectory 21 (reactive_planner_cpp.py:382)
INFO     [2025-01-12 11:39:26] --- current time step: 24 (frenet_interface.py:257)
INFO     [2025-01-12 11:39:26] --- current velocity: 5.407390485923889 (frenet_interface.py:258)
INFO     [2025-01-12 11:39:26] --- current target velocity: 4.696547067320797 (frenet_interface.py:259)
INFO     [2025-01-12 11:39:28] --- Sampled interval of velocity: 0.00 m/s - 11.16 m/s (planner.py:310)
INFO     [2025-01-12 11:39:28] --- current time step: 25 (frenet_interface.py:280)
INFO     [2025-01-12 11:39:28] --- current velocity: 5.341156615191496 (frenet_interface.py:281)
INFO     [2025-01-12 11:39:28] --- current target velocity: 4.690591011673388 (frenet_interface.py:282)
INFO     [2025-01-12 11:39:29] --- Sampled interval of velocity: 0.00 m/s - 11.09 m/s (planner.py:310)
INFO     [2025-01-12 11:39:29] --- current time step: 26 (frenet_interface.py:280)
INFO     [2025-01-12 11:39:29] --- current velocity: 5.263846232525016 (frenet_interface.py:281)
INFO     [2025-01-12 11:39:29] --- current target velocity: 4.685024395170634 (frenet_interface.py:282)
INFO     [2025-01-12 11:39:31] --- Sampled interval of velocity: 0.00 m/s - 11.01 m/s (planner.py:310)
INFO     [2025-01-12 11:39:31] --- select trajectory 121 (reactive_planner_cpp.py:382)
INFO     [2025-01-12 11:39:31] --- current time step: 27 (frenet_interface.py:257)
INFO     [2025-01-12 11:39:31] --- current velocity: 5.203513887465658 (frenet_interface.py:258)
INFO     [2025-01-12 11:39:31] --- current target velocity: 4.679956265505219 (frenet_interface.py:259)
INFO     [2025-01-12 11:39:33] --- Sampled interval of velocity: 0.00 m/s - 10.95 m/s (planner.py:310)
INFO     [2025-01-12 11:39:33] --- current time step: 28 (frenet_interface.py:280)
INFO     [2025-01-12 11:39:33] --- current velocity: 5.1101118590334496 (frenet_interface.py:281)
INFO     [2025-01-12 11:39:33] --- current target velocity: 4.675354444262996 (frenet_interface.py:282)
INFO     [2025-01-12 11:39:34] --- Sampled interval of velocity: 0.00 m/s - 10.86 m/s (planner.py:310)
INFO     [2025-01-12 11:39:34] --- current time step: 29 (frenet_interface.py:280)
INFO     [2025-01-12 11:39:34] --- current velocity: 4.991818689901994 (frenet_interface.py:281)
INFO     [2025-01-12 11:39:34] --- current target velocity: 4.671322165426775 (frenet_interface.py:282)
INFO     [2025-01-12 11:39:36] --- Sampled interval of velocity: 0.00 m/s - 10.74 m/s (planner.py:310)
INFO     [2025-01-12 11:39:36] --- select trajectory 211 (reactive_planner_cpp.py:382)
INFO     [2025-01-12 11:39:36] --- current time step: 30 (frenet_interface.py:257)
INFO     [2025-01-12 11:39:36] --- current velocity: 4.917337320737044 (frenet_interface.py:258)
INFO     [2025-01-12 11:39:36] --- current target velocity: 4.668117320076258 (frenet_interface.py:259)
INFO     [2025-01-12 11:39:38] --- Sampled interval of velocity: 0.00 m/s - 10.67 m/s (planner.py:310)
INFO     [2025-01-12 11:39:38] --- current time step: 31 (frenet_interface.py:280)
INFO     [2025-01-12 11:39:38] --- current velocity: 4.823571324745162 (frenet_interface.py:281)
INFO     [2025-01-12 11:39:38] --- current target velocity: 4.665675185885352 (frenet_interface.py:282)
INFO     [2025-01-12 11:39:39] --- Sampled interval of velocity: 0.00 m/s - 10.57 m/s (planner.py:310)
INFO     [2025-01-12 11:39:39] --- current time step: 32 (frenet_interface.py:280)
INFO     [2025-01-12 11:39:39] --- current velocity: 4.713019029143542 (frenet_interface.py:281)
INFO     [2025-01-12 11:39:39] --- current target velocity: 4.6639120910731835 (frenet_interface.py:282)
INFO     [2025-01-12 11:39:40] --- Sampled interval of velocity: 0.00 m/s - 10.46 m/s (planner.py:310)
INFO     [2025-01-12 11:39:40] --- select trajectory 111 (reactive_planner_cpp.py:382)
INFO     [2025-01-12 11:39:40] --- current time step: 33 (frenet_interface.py:257)
INFO     [2025-01-12 11:39:40] --- current velocity: 4.6153827336433455 (frenet_interface.py:258)
INFO     [2025-01-12 11:39:40] --- current target velocity: 4.663001075143404 (frenet_interface.py:259)
INFO     [2025-01-12 11:39:43] --- Sampled interval of velocity: 0.00 m/s - 10.37 m/s (planner.py:310)
INFO     [2025-01-12 11:39:43] --- current time step: 34 (frenet_interface.py:280)
INFO     [2025-01-12 11:39:43] --- current velocity: 4.451235377631934 (frenet_interface.py:281)
INFO     [2025-01-12 11:39:43] --- current target velocity: 4.662936658206431 (frenet_interface.py:282)
INFO     [2025-01-12 11:39:44] --- Sampled interval of velocity: 0.00 m/s - 10.20 m/s (planner.py:310)
INFO     [2025-01-12 11:39:44] --- current time step: 35 (frenet_interface.py:280)
INFO     [2025-01-12 11:39:44] --- current velocity: 4.236550252957099 (frenet_interface.py:281)
INFO     [2025-01-12 11:39:44] --- current target velocity: 4.664030961459971 (frenet_interface.py:282)
INFO     [2025-01-12 11:39:46] --- Sampled interval of velocity: 0.00 m/s - 9.99 m/s (planner.py:310)
INFO     [2025-01-12 11:39:46] --- select trajectory 301 (reactive_planner_cpp.py:382)
INFO     [2025-01-12 11:39:46] --- current time step: 36 (frenet_interface.py:257)
INFO     [2025-01-12 11:39:46] --- current velocity: 4.112764511900736 (frenet_interface.py:258)
INFO     [2025-01-12 11:39:46] --- current target velocity: 4.666832662560341 (frenet_interface.py:259)
INFO     [2025-01-12 11:39:49] --- Sampled interval of velocity: 0.00 m/s - 9.86 m/s (planner.py:310)
INFO     [2025-01-12 11:39:49] --- current time step: 37 (frenet_interface.py:280)
INFO     [2025-01-12 11:39:49] --- current velocity: 3.9771140327453174 (frenet_interface.py:281)
INFO     [2025-01-12 11:39:49] --- current target velocity: 4.671217655733342 (frenet_interface.py:282)
