CRITICAL [2025-01-12 11:37:09] --- Start Planner Vehicle ID: 3073 (frenet_interface.py:67)
INFO     [2025-01-12 11:37:10] --- Sampled interval of velocity: 0.00 m/s - 14.06 m/s (planner.py:310)
INFO     [2025-01-12 11:37:10] --- select trajectory 191 (reactive_planner_cpp.py:382)
INFO     [2025-01-12 11:37:10] --- current time step: 0 (frenet_interface.py:257)
INFO     [2025-01-12 11:37:10] --- current velocity: 8.117063192743808 (frenet_interface.py:258)
INFO     [2025-01-12 11:37:10] --- current target velocity: 6.05028679845931 (frenet_interface.py:259)
INFO     [2025-01-12 11:37:11] --- Sampled interval of velocity: 0.00 m/s - 13.87 m/s (planner.py:310)
INFO     [2025-01-12 11:37:11] --- current time step: 1 (frenet_interface.py:280)
INFO     [2025-01-12 11:37:11] --- current velocity: 7.586397555546664 (frenet_interface.py:281)
INFO     [2025-01-12 11:37:11] --- current target velocity: 6.0354573403439735 (frenet_interface.py:282)
INFO     [2025-01-12 11:37:12] --- Sampled interval of velocity: 0.00 m/s - 13.34 m/s (planner.py:310)
INFO     [2025-01-12 11:37:12] --- current time step: 2 (frenet_interface.py:280)
INFO     [2025-01-12 11:37:12] --- current velocity: 6.793520633803349 (frenet_interface.py:281)
INFO     [2025-01-12 11:37:12] --- current target velocity: 6.0229318662438605 (frenet_interface.py:282)
INFO     [2025-01-12 11:37:12] --- Sampled interval of velocity: 0.00 m/s - 12.54 m/s (planner.py:310)
WARNING  [2025-01-12 11:37:13] --- No optimal trajectory available. Select stopping trajectory! (reactive_planner_cpp.py:407)
INFO     [2025-01-12 11:37:13] --- current time step: 3 (frenet_interface.py:257)
INFO     [2025-01-12 11:37:13] --- current velocity: 6.263825574884729 (frenet_interface.py:258)
INFO     [2025-01-12 11:37:13] --- current target velocity: 6.014810252033536 (frenet_interface.py:259)
INFO     [2025-01-12 11:37:14] --- Sampled interval of velocity: 0.00 m/s - 12.01 m/s (planner.py:310)
INFO     [2025-01-12 11:37:14] --- current time step: 4 (frenet_interface.py:280)
INFO     [2025-01-12 11:37:14] --- current velocity: 5.599717870653385 (frenet_interface.py:281)
INFO     [2025-01-12 11:37:14] --- current target velocity: 6.011177934381812 (frenet_interface.py:282)
INFO     [2025-01-12 11:37:14] --- Sampled interval of velocity: 0.00 m/s - 11.35 m/s (planner.py:310)
INFO     [2025-01-12 11:37:14] --- current time step: 5 (frenet_interface.py:280)
INFO     [2025-01-12 11:37:14] --- current velocity: 4.840148216642631 (frenet_interface.py:281)
INFO     [2025-01-12 11:37:14] --- current target velocity: 6.011662853841036 (frenet_interface.py:282)
INFO     [2025-01-12 11:37:15] --- Sampled interval of velocity: 0.00 m/s - 10.59 m/s (planner.py:310)
WARNING  [2025-01-12 11:37:16] --- No optimal trajectory available. Select stopping trajectory! (reactive_planner_cpp.py:407)
INFO     [2025-01-12 11:37:16] --- current time step: 6 (frenet_interface.py:257)
INFO     [2025-01-12 11:37:16] --- current velocity: 4.399210511211709 (frenet_interface.py:258)
INFO     [2025-01-12 11:37:16] --- current target velocity: 6.017155143165819 (frenet_interface.py:259)
INFO     [2025-01-12 11:37:18] --- Sampled interval of velocity: 0.00 m/s - 10.15 m/s (planner.py:310)
INFO     [2025-01-12 11:37:18] --- current time step: 7 (frenet_interface.py:280)
INFO     [2025-01-12 11:37:18] --- current velocity: 3.886671240745968 (frenet_interface.py:281)
INFO     [2025-01-12 11:37:18] --- current target velocity: 6.026947475618737 (frenet_interface.py:282)
INFO     [2025-01-12 11:37:18] --- Sampled interval of velocity: 0.00 m/s - 9.64 m/s (planner.py:310)
INFO     [2025-01-12 11:37:18] --- current time step: 8 (frenet_interface.py:280)
INFO     [2025-01-12 11:37:18] --- current velocity: 3.3264653323905726 (frenet_interface.py:281)
INFO     [2025-01-12 11:37:18] --- current target velocity: 6.04027397552598 (frenet_interface.py:282)
INFO     [2025-01-12 11:37:19] --- Sampled interval of velocity: 0.00 m/s - 9.08 m/s (planner.py:310)
WARNING  [2025-01-12 11:37:19] --- No optimal trajectory available. Select stopping trajectory! (reactive_planner_cpp.py:407)
INFO     [2025-01-12 11:37:19] --- current time step: 9 (frenet_interface.py:257)
INFO     [2025-01-12 11:37:19] --- current velocity: 3.0109710022862295 (frenet_interface.py:258)
INFO     [2025-01-12 11:37:19] --- current target velocity: 6.057636333730008 (frenet_interface.py:259)
INFO     [2025-01-12 11:37:20] --- Sampled interval of velocity: 0.00 m/s - 8.76 m/s (planner.py:310)
INFO     [2025-01-12 11:37:20] --- current time step: 10 (frenet_interface.py:280)
INFO     [2025-01-12 11:37:20] --- current velocity: 2.651015072642603 (frenet_interface.py:281)
INFO     [2025-01-12 11:37:20] --- current target velocity: 6.078388552205335 (frenet_interface.py:282)
INFO     [2025-01-12 11:37:21] --- Sampled interval of velocity: 0.00 m/s - 8.40 m/s (planner.py:310)
INFO     [2025-01-12 11:37:21] --- current time step: 11 (frenet_interface.py:280)
INFO     [2025-01-12 11:37:21] --- current velocity: 2.262296736856533 (frenet_interface.py:281)
INFO     [2025-01-12 11:37:21] --- current target velocity: 6.101898291623379 (frenet_interface.py:282)
INFO     [2025-01-12 11:37:22] --- Sampled interval of velocity: 0.00 m/s - 8.01 m/s (planner.py:310)
WARNING  [2025-01-12 11:37:22] --- No optimal trajectory available. Select stopping trajectory! (reactive_planner_cpp.py:407)
INFO     [2025-01-12 11:37:22] --- current time step: 12 (frenet_interface.py:257)
INFO     [2025-01-12 11:37:22] --- current velocity: 2.045221835727052 (frenet_interface.py:258)
INFO     [2025-01-12 11:37:22] --- current target velocity: 6.128493176723033 (frenet_interface.py:259)
INFO     [2025-01-12 11:37:24] --- Sampled interval of velocity: 0.00 m/s - 7.80 m/s (planner.py:310)
INFO     [2025-01-12 11:37:24] --- current time step: 13 (frenet_interface.py:280)
INFO     [2025-01-12 11:37:24] --- current velocity: 1.798878752728405 (frenet_interface.py:281)
INFO     [2025-01-12 11:37:24] --- current target velocity: 6.157698001316745 (frenet_interface.py:282)
INFO     [2025-01-12 11:37:24] --- Sampled interval of velocity: 0.00 m/s - 7.55 m/s (planner.py:310)
INFO     [2025-01-12 11:37:24] --- current time step: 14 (frenet_interface.py:280)
INFO     [2025-01-12 11:37:24] --- current velocity: 1.5337903761369738 (frenet_interface.py:281)
INFO     [2025-01-12 11:37:24] --- current target velocity: 6.189058349263143 (frenet_interface.py:282)
INFO     [2025-01-12 11:37:25] --- Sampled interval of velocity: 0.00 m/s - 7.28 m/s (planner.py:310)
WARNING  [2025-01-12 11:37:25] --- No optimal trajectory available. Select stopping trajectory! (reactive_planner_cpp.py:407)
INFO     [2025-01-12 11:37:25] --- current time step: 15 (frenet_interface.py:257)
INFO     [2025-01-12 11:37:25] --- current velocity: 1.3861263332932796 (frenet_interface.py:258)
INFO     [2025-01-12 11:37:25] --- current target velocity: 6.2228016331299925 (frenet_interface.py:259)
INFO     [2025-01-12 11:37:27] --- Sampled interval of velocity: 0.00 m/s - 7.14 m/s (planner.py:310)
INFO     [2025-01-12 11:37:27] --- current time step: 16 (frenet_interface.py:280)
INFO     [2025-01-12 11:37:27] --- current velocity: 1.2188218478170596 (frenet_interface.py:281)
INFO     [2025-01-12 11:37:27] --- current target velocity: 6.258597953761494 (frenet_interface.py:282)
INFO     [2025-01-12 11:37:28] --- Sampled interval of velocity: 0.00 m/s - 6.97 m/s (planner.py:310)
INFO     [2025-01-12 11:37:28] --- current time step: 17 (frenet_interface.py:280)
INFO     [2025-01-12 11:37:28] --- current velocity: 1.038978371407067 (frenet_interface.py:281)
INFO     [2025-01-12 11:37:28] --- current target velocity: 6.218821847817059 (frenet_interface.py:282)
INFO     [2025-01-12 11:37:28] --- Sampled interval of velocity: 0.00 m/s - 6.79 m/s (planner.py:310)
WARNING  [2025-01-12 11:37:28] --- No optimal trajectory available. Select stopping trajectory! (reactive_planner_cpp.py:407)
INFO     [2025-01-12 11:37:28] --- current time step: 18 (frenet_interface.py:257)
INFO     [2025-01-12 11:37:28] --- current velocity: 0.9388750571265025 (frenet_interface.py:258)
INFO     [2025-01-12 11:37:28] --- current target velocity: 6.038978371407067 (frenet_interface.py:259)
INFO     [2025-01-12 11:37:29] --- Sampled interval of velocity: 0.00 m/s - 6.69 m/s (planner.py:310)
INFO     [2025-01-12 11:37:29] --- current time step: 19 (frenet_interface.py:280)
INFO     [2025-01-12 11:37:29] --- current velocity: 0.8255125683634433 (frenet_interface.py:281)
INFO     [2025-01-12 11:37:29] --- current target velocity: 5.938875057126502 (frenet_interface.py:282)
INFO     [2025-01-12 11:37:30] --- Sampled interval of velocity: 0.00 m/s - 6.58 m/s (planner.py:310)
INFO     [2025-01-12 11:37:30] --- current time step: 20 (frenet_interface.py:280)
INFO     [2025-01-12 11:37:30] --- current velocity: 0.7036934050555864 (frenet_interface.py:281)
INFO     [2025-01-12 11:37:30] --- current target velocity: 5.825512568363443 (frenet_interface.py:282)
INFO     [2025-01-12 11:37:30] --- Sampled interval of velocity: 0.00 m/s - 6.45 m/s (planner.py:310)
INFO     [2025-01-12 11:37:30] --- select trajectory 196 (reactive_planner_cpp.py:382)
INFO     [2025-01-12 11:37:30] --- current time step: 21 (frenet_interface.py:257)
INFO     [2025-01-12 11:37:30] --- current velocity: 0.6359029070408313 (frenet_interface.py:258)
INFO     [2025-01-12 11:37:30] --- current target velocity: 5.703693405055587 (frenet_interface.py:259)
INFO     [2025-01-12 11:37:32] --- Sampled interval of velocity: 0.00 m/s - 6.39 m/s (planner.py:310)
INFO     [2025-01-12 11:37:32] --- current time step: 22 (frenet_interface.py:280)
INFO     [2025-01-12 11:37:32] --- current velocity: 0.5591446454737345 (frenet_interface.py:281)
INFO     [2025-01-12 11:37:32] --- current target velocity: 5.6359029070408315 (frenet_interface.py:282)
INFO     [2025-01-12 11:37:32] --- Sampled interval of velocity: 0.00 m/s - 6.31 m/s (planner.py:310)
INFO     [2025-01-12 11:37:32] --- current time step: 23 (frenet_interface.py:280)
INFO     [2025-01-12 11:37:32] --- current velocity: 0.4766684929642542 (frenet_interface.py:281)
INFO     [2025-01-12 11:37:33] --- current target velocity: 5.559144645473735 (frenet_interface.py:282)
INFO     [2025-01-12 11:37:33] --- Sampled interval of velocity: 0.00 m/s - 6.23 m/s (planner.py:310)
INFO     [2025-01-12 11:37:34] --- select trajectory 196 (reactive_planner_cpp.py:382)
INFO     [2025-01-12 11:37:34] --- current time step: 24 (frenet_interface.py:257)
INFO     [2025-01-12 11:37:34] --- current velocity: 0.4307750198332386 (frenet_interface.py:258)
INFO     [2025-01-12 11:37:34] --- current target velocity: 5.476668492964254 (frenet_interface.py:259)
INFO     [2025-01-12 11:37:36] --- Sampled interval of velocity: 0.00 m/s - 6.18 m/s (planner.py:310)
INFO     [2025-01-12 11:37:36] --- current time step: 25 (frenet_interface.py:280)
INFO     [2025-01-12 11:37:36] --- current velocity: 0.3788128222487238 (frenet_interface.py:281)
INFO     [2025-01-12 11:37:36] --- current target velocity: 5.430775019833239 (frenet_interface.py:282)
INFO     [2025-01-12 11:37:36] --- Sampled interval of velocity: 0.00 m/s - 6.13 m/s (planner.py:310)
INFO     [2025-01-12 11:37:36] --- current time step: 26 (frenet_interface.py:280)
INFO     [2025-01-12 11:37:36] --- current velocity: 0.3229815336432476 (frenet_interface.py:281)
INFO     [2025-01-12 11:37:36] --- current target velocity: 5.378812822248724 (frenet_interface.py:282)
INFO     [2025-01-12 11:37:37] --- Sampled interval of velocity: 0.00 m/s - 6.07 m/s (planner.py:310)
WARNING  [2025-01-12 11:37:37] --- No optimal trajectory available. Select stopping trajectory! (reactive_planner_cpp.py:407)
INFO     [2025-01-12 11:37:37] --- current time step: 27 (frenet_interface.py:257)
INFO     [2025-01-12 11:37:37] --- current velocity: 0.29191514136114965 (frenet_interface.py:258)
INFO     [2025-01-12 11:37:37] --- current target velocity: 5.322981533643247 (frenet_interface.py:259)
INFO     [2025-01-12 11:37:39] --- Sampled interval of velocity: 0.00 m/s - 6.04 m/s (planner.py:310)
INFO     [2025-01-12 11:37:39] --- current time step: 28 (frenet_interface.py:280)
INFO     [2025-01-12 11:37:39] --- current velocity: 0.25674117191224716 (frenet_interface.py:281)
INFO     [2025-01-12 11:37:39] --- current target velocity: 5.29191514136115 (frenet_interface.py:282)
INFO     [2025-01-12 11:37:40] --- Sampled interval of velocity: 0.00 m/s - 6.01 m/s (planner.py:310)
INFO     [2025-01-12 11:37:40] --- current time step: 29 (frenet_interface.py:280)
INFO     [2025-01-12 11:37:40] --- current velocity: 0.2189485071594355 (frenet_interface.py:281)
INFO     [2025-01-12 11:37:40] --- current target velocity: 5.256741171912247 (frenet_interface.py:282)
INFO     [2025-01-12 11:37:40] --- Sampled interval of velocity: 0.00 m/s - 5.97 m/s (planner.py:310)
WARNING  [2025-01-12 11:37:41] --- No optimal trajectory available. Select stopping trajectory! (reactive_planner_cpp.py:407)
INFO     [2025-01-12 11:37:41] --- current time step: 30 (frenet_interface.py:257)
INFO     [2025-01-12 11:37:41] --- current velocity: 0.19791954553471255 (frenet_interface.py:258)
INFO     [2025-01-12 11:37:41] --- current target velocity: 5.2189485071594355 (frenet_interface.py:259)
INFO     [2025-01-12 11:37:42] --- Sampled interval of velocity: 0.00 m/s - 5.95 m/s (planner.py:310)
INFO     [2025-01-12 11:37:42] --- current time step: 31 (frenet_interface.py:280)
INFO     [2025-01-12 11:37:42] --- current velocity: 0.17411024995455696 (frenet_interface.py:281)
INFO     [2025-01-12 11:37:42] --- current target velocity: 5.197919545534712 (frenet_interface.py:282)
