CRITICAL [2025-01-12 11:42:42] --- Start Planner Vehicle ID: 30769 (frenet_interface.py:67)
INFO     [2025-01-12 11:42:45] --- Sampled interval of velocity: 0.00 m/s - 19.85 m/s (planner.py:310)
INFO     [2025-01-12 11:42:45] --- select trajectory 116 (reactive_planner_cpp.py:382)
INFO     [2025-01-12 11:42:45] --- current time step: 0 (frenet_interface.py:257)
INFO     [2025-01-12 11:42:45] --- current velocity: 13.883268030180266 (frenet_interface.py:258)
INFO     [2025-01-12 11:42:45] --- current target velocity: 9.096 (frenet_interface.py:259)
INFO     [2025-01-12 11:42:47] --- Sampled interval of velocity: 0.00 m/s - 19.63 m/s (planner.py:310)
INFO     [2025-01-12 11:42:47] --- current time step: 1 (frenet_interface.py:280)
INFO     [2025-01-12 11:42:47] --- current velocity: 13.299970694819276 (frenet_interface.py:281)
INFO     [2025-01-12 11:42:47] --- current target velocity: 8.883268030180266 (frenet_interface.py:282)
INFO     [2025-01-12 11:42:48] --- Sampled interval of velocity: 0.00 m/s - 19.05 m/s (planner.py:310)
INFO     [2025-01-12 11:42:48] --- current time step: 2 (frenet_interface.py:280)
INFO     [2025-01-12 11:42:48] --- current velocity: 12.428455854835342 (frenet_interface.py:281)
INFO     [2025-01-12 11:42:48] --- current target velocity: 8.299970694819276 (frenet_interface.py:282)
INFO     [2025-01-12 11:42:49] --- Sampled interval of velocity: 0.00 m/s - 18.18 m/s (planner.py:310)
INFO     [2025-01-12 11:42:49] --- select trajectory 121 (reactive_planner_cpp.py:382)
INFO     [2025-01-12 11:42:49] --- current time step: 3 (frenet_interface.py:257)
INFO     [2025-01-12 11:42:49] --- current velocity: 11.889437017356869 (frenet_interface.py:258)
INFO     [2025-01-12 11:42:49] --- current target velocity: 7.428455854835342 (frenet_interface.py:259)
INFO     [2025-01-12 11:42:51] --- Sampled interval of velocity: 0.00 m/s - 17.64 m/s (planner.py:310)
INFO     [2025-01-12 11:42:51] --- current time step: 4 (frenet_interface.py:280)
INFO     [2025-01-12 11:42:51] --- current velocity: 11.277945834531694 (frenet_interface.py:281)
INFO     [2025-01-12 11:42:51] --- current target velocity: 6.889437017356869 (frenet_interface.py:282)
INFO     [2025-01-12 11:42:52] --- Sampled interval of velocity: 0.00 m/s - 17.03 m/s (planner.py:310)
INFO     [2025-01-12 11:42:52] --- current time step: 5 (frenet_interface.py:280)
INFO     [2025-01-12 11:42:52] --- current velocity: 10.62006884125026 (frenet_interface.py:281)
INFO     [2025-01-12 11:42:52] --- current target velocity: 6.277945834531694 (frenet_interface.py:282)
INFO     [2025-01-12 11:42:52] --- Sampled interval of velocity: 0.00 m/s - 16.37 m/s (planner.py:310)
INFO     [2025-01-12 11:42:52] --- select trajectory 111 (reactive_planner_cpp.py:382)
INFO     [2025-01-12 11:42:52] --- current time step: 6 (frenet_interface.py:257)
INFO     [2025-01-12 11:42:52] --- current velocity: 10.190214023828833 (frenet_interface.py:258)
INFO     [2025-01-12 11:42:52] --- current target velocity: 5.62006884125026 (frenet_interface.py:259)
INFO     [2025-01-12 11:42:54] --- Sampled interval of velocity: 0.00 m/s - 15.94 m/s (planner.py:310)
INFO     [2025-01-12 11:42:54] --- current time step: 7 (frenet_interface.py:280)
INFO     [2025-01-12 11:42:54] --- current velocity: 9.601139794115587 (frenet_interface.py:281)
INFO     [2025-01-12 11:42:54] --- current target velocity: 5.190214023828833 (frenet_interface.py:282)
INFO     [2025-01-12 11:42:55] --- Sampled interval of velocity: 0.00 m/s - 15.35 m/s (planner.py:310)
INFO     [2025-01-12 11:42:55] --- current time step: 8 (frenet_interface.py:280)
INFO     [2025-01-12 11:42:55] --- current velocity: 8.895019901480651 (frenet_interface.py:281)
INFO     [2025-01-12 11:42:55] --- current target velocity: 4.601139794115587 (frenet_interface.py:282)
INFO     [2025-01-12 11:42:55] --- Sampled interval of velocity: 0.00 m/s - 14.65 m/s (planner.py:310)
INFO     [2025-01-12 11:42:55] --- select trajectory 101 (reactive_planner_cpp.py:382)
INFO     [2025-01-12 11:42:55] --- current time step: 9 (frenet_interface.py:257)
INFO     [2025-01-12 11:42:55] --- current velocity: 8.420346205282355 (frenet_interface.py:258)
INFO     [2025-01-12 11:42:55] --- current target velocity: 3.8950199014806515 (frenet_interface.py:259)
INFO     [2025-01-12 11:42:57] --- Sampled interval of velocity: 0.00 m/s - 14.17 m/s (planner.py:310)
INFO     [2025-01-12 11:42:57] --- current time step: 10 (frenet_interface.py:280)
INFO     [2025-01-12 11:42:57] --- current velocity: 7.776958968385936 (frenet_interface.py:281)
INFO     [2025-01-12 11:42:57] --- current target velocity: 3.420346205282355 (frenet_interface.py:282)
INFO     [2025-01-12 11:42:57] --- Sampled interval of velocity: 0.00 m/s - 13.53 m/s (planner.py:310)
INFO     [2025-01-12 11:42:57] --- current time step: 11 (frenet_interface.py:280)
INFO     [2025-01-12 11:42:57] --- current velocity: 7.009931757272995 (frenet_interface.py:281)
INFO     [2025-01-12 11:42:57] --- current target velocity: 2.7769589683859364 (frenet_interface.py:282)
INFO     [2025-01-12 11:42:58] --- Sampled interval of velocity: 0.00 m/s - 12.76 m/s (planner.py:310)
INFO     [2025-01-12 11:42:58] --- select trajectory 101 (reactive_planner_cpp.py:382)
INFO     [2025-01-12 11:42:58] --- current time step: 12 (frenet_interface.py:257)
INFO     [2025-01-12 11:42:58] --- current velocity: 6.547543703511068 (frenet_interface.py:258)
INFO     [2025-01-12 11:42:58] --- current target velocity: 2.0099317572729953 (frenet_interface.py:259)
INFO     [2025-01-12 11:43:01] --- Sampled interval of velocity: 0.00 m/s - 12.30 m/s (planner.py:310)
INFO     [2025-01-12 11:43:01] --- current time step: 13 (frenet_interface.py:280)
INFO     [2025-01-12 11:43:01] --- current velocity: 5.993291946484121 (frenet_interface.py:281)
INFO     [2025-01-12 11:43:01] --- current target velocity: 1.5475437035110682 (frenet_interface.py:282)
INFO     [2025-01-12 11:43:01] --- Sampled interval of velocity: 0.00 m/s - 11.74 m/s (planner.py:310)
INFO     [2025-01-12 11:43:01] --- current time step: 14 (frenet_interface.py:280)
INFO     [2025-01-12 11:43:01] --- current velocity: 5.375811076597839 (frenet_interface.py:281)
INFO     [2025-01-12 11:43:01] --- current target velocity: 1.2037331752130813 (frenet_interface.py:282)
INFO     [2025-01-12 11:43:02] --- Sampled interval of velocity: 0.00 m/s - 11.13 m/s (planner.py:310)
INFO     [2025-01-12 11:43:02] --- select trajectory 101 (reactive_planner_cpp.py:382)
INFO     [2025-01-12 11:43:02] --- current time step: 15 (frenet_interface.py:257)
INFO     [2025-01-12 11:43:02] --- current velocity: 5.018738716947194 (frenet_interface.py:258)
INFO     [2025-01-12 11:43:02] --- current target velocity: 1.1702638146948916 (frenet_interface.py:259)
INFO     [2025-01-12 11:43:04] --- Sampled interval of velocity: 0.00 m/s - 10.77 m/s (planner.py:310)
INFO     [2025-01-12 11:43:04] --- current time step: 16 (frenet_interface.py:280)
INFO     [2025-01-12 11:43:04] --- current velocity: 4.600448284086338 (frenet_interface.py:281)
INFO     [2025-01-12 11:43:04] --- current target velocity: 1.13994089298177 (frenet_interface.py:282)
INFO     [2025-01-12 11:43:05] --- Sampled interval of velocity: 0.00 m/s - 10.35 m/s (planner.py:310)
INFO     [2025-01-12 11:43:05] --- current time step: 17 (frenet_interface.py:280)
INFO     [2025-01-12 11:43:05] --- current velocity: 4.1410039016296905 (frenet_interface.py:281)
INFO     [2025-01-12 11:43:05] --- current target velocity: 1.1121081800566357 (frenet_interface.py:282)
INFO     [2025-01-12 11:43:06] --- Sampled interval of velocity: 0.00 m/s - 9.89 m/s (planner.py:310)
INFO     [2025-01-12 11:43:06] --- select trajectory 101 (reactive_planner_cpp.py:382)
INFO     [2025-01-12 11:43:06] --- current time step: 18 (frenet_interface.py:257)
INFO     [2025-01-12 11:43:06] --- current velocity: 3.8777810018881094 (frenet_interface.py:258)
INFO     [2025-01-12 11:43:06] --- current target velocity: 1.0872134365228485 (frenet_interface.py:259)
INFO     [2025-01-12 11:43:08] --- Sampled interval of velocity: 0.00 m/s - 9.63 m/s (planner.py:310)
INFO     [2025-01-12 11:43:08] --- current time step: 19 (frenet_interface.py:280)
INFO     [2025-01-12 11:43:08] --- current velocity: 3.5710749910008803 (frenet_interface.py:281)
INFO     [2025-01-12 11:43:08] --- current target velocity: 1.0647026331116716 (frenet_interface.py:282)
INFO     [2025-01-12 11:43:08] --- Sampled interval of velocity: 0.00 m/s - 9.32 m/s (planner.py:310)
INFO     [2025-01-12 11:43:08] --- current time step: 20 (frenet_interface.py:280)
INFO     [2025-01-12 11:43:08] --- current velocity: 3.235329927067099 (frenet_interface.py:281)
INFO     [2025-01-12 11:43:08] --- current target velocity: 1.0440611825701134 (frenet_interface.py:282)
INFO     [2025-01-12 11:43:09] --- Sampled interval of velocity: 0.00 m/s - 8.99 m/s (planner.py:310)
INFO     [2025-01-12 11:43:09] --- select trajectory 101 (reactive_planner_cpp.py:382)
INFO     [2025-01-12 11:43:09] --- current time step: 21 (frenet_interface.py:257)
INFO     [2025-01-12 11:43:09] --- current velocity: 3.0434085170517977 (frenet_interface.py:258)
INFO     [2025-01-12 11:43:09] --- current target velocity: 1.0256161875615455 (frenet_interface.py:259)
INFO     [2025-01-12 11:43:11] --- Sampled interval of velocity: 0.00 m/s - 8.79 m/s (planner.py:310)
INFO     [2025-01-12 11:43:11] --- current time step: 22 (frenet_interface.py:280)
INFO     [2025-01-12 11:43:11] --- current velocity: 2.820074215171476 (frenet_interface.py:281)
INFO     [2025-01-12 11:43:11] --- current target velocity: 1.0089484157035749 (frenet_interface.py:282)
INFO     [2025-01-12 11:43:11] --- Sampled interval of velocity: 0.00 m/s - 8.57 m/s (planner.py:310)
INFO     [2025-01-12 11:43:11] --- current time step: 23 (frenet_interface.py:280)
INFO     [2025-01-12 11:43:11] --- current velocity: 2.57579705703247 (frenet_interface.py:281)
INFO     [2025-01-12 11:43:11] --- current target velocity: 0.993670840792207 (frenet_interface.py:282)
INFO     [2025-01-12 11:43:12] --- Sampled interval of velocity: 0.00 m/s - 8.33 m/s (planner.py:310)
INFO     [2025-01-12 11:43:12] --- select trajectory 101 (reactive_planner_cpp.py:382)
INFO     [2025-01-12 11:43:12] --- current time step: 24 (frenet_interface.py:257)
INFO     [2025-01-12 11:43:12] --- current velocity: 2.436238577551021 (frenet_interface.py:258)
INFO     [2025-01-12 11:43:12] --- current target velocity: 0.9800262505456225 (frenet_interface.py:259)
INFO     [2025-01-12 11:43:14] --- Sampled interval of velocity: 0.00 m/s - 8.19 m/s (planner.py:310)
INFO     [2025-01-12 11:43:14] --- current time step: 25 (frenet_interface.py:280)
INFO     [2025-01-12 11:43:14] --- current velocity: 2.2738900011645415 (frenet_interface.py:281)
INFO     [2025-01-12 11:43:14] --- current target velocity: 0.967701996444186 (frenet_interface.py:282)
INFO     [2025-01-12 11:43:14] --- Sampled interval of velocity: 0.00 m/s - 8.02 m/s (planner.py:310)
INFO     [2025-01-12 11:43:14] --- current time step: 26 (frenet_interface.py:280)
INFO     [2025-01-12 11:43:14] --- current velocity: 2.0963537593159525 (frenet_interface.py:281)
INFO     [2025-01-12 11:43:14] --- current target velocity: 0.9564097631189687 (frenet_interface.py:282)
INFO     [2025-01-12 11:43:15] --- Sampled interval of velocity: 0.00 m/s - 7.85 m/s (planner.py:310)
INFO     [2025-01-12 11:43:15] --- select trajectory 101 (reactive_planner_cpp.py:382)
INFO     [2025-01-12 11:43:15] --- current time step: 27 (frenet_interface.py:257)
INFO     [2025-01-12 11:43:15] --- current velocity: 1.994939046544531 (frenet_interface.py:258)
INFO     [2025-01-12 11:43:15] --- current target velocity: 0.9463305746968355 (frenet_interface.py:259)
INFO     [2025-01-12 11:43:17] --- Sampled interval of velocity: 0.00 m/s - 7.74 m/s (planner.py:310)
INFO     [2025-01-12 11:43:17] --- current time step: 28 (frenet_interface.py:280)
INFO     [2025-01-12 11:43:17] --- current velocity: 1.8769725564586948 (frenet_interface.py:281)
INFO     [2025-01-12 11:43:17] --- current target velocity: 0.937232018910938 (frenet_interface.py:282)
INFO     [2025-01-12 11:43:17] --- Sampled interval of velocity: 0.00 m/s - 7.63 m/s (planner.py:310)
INFO     [2025-01-12 11:43:17] --- current time step: 29 (frenet_interface.py:280)
INFO     [2025-01-12 11:43:17] --- current velocity: 1.7479768651648764 (frenet_interface.py:281)
INFO     [2025-01-12 11:43:17] --- current target velocity: 0.9288997439950689 (frenet_interface.py:282)
INFO     [2025-01-12 11:43:18] --- Sampled interval of velocity: 0.00 m/s - 7.50 m/s (planner.py:310)
INFO     [2025-01-12 11:43:18] --- select trajectory 106 (reactive_planner_cpp.py:382)
INFO     [2025-01-12 11:43:18] --- current time step: 30 (frenet_interface.py:257)
INFO     [2025-01-12 11:43:18] --- current velocity: 1.6742926534860683 (frenet_interface.py:258)
INFO     [2025-01-12 11:43:18] --- current target velocity: 0.9214689544189586 (frenet_interface.py:259)
INFO     [2025-01-12 11:43:19] --- Sampled interval of velocity: 0.00 m/s - 7.42 m/s (planner.py:310)
INFO     [2025-01-12 11:43:19] --- current time step: 31 (frenet_interface.py:280)
INFO     [2025-01-12 11:43:19] --- current velocity: 1.5885842154130443 (frenet_interface.py:281)
INFO     [2025-01-12 11:43:19] --- current target velocity: 0.9147669629228791 (frenet_interface.py:282)
INFO     [2025-01-12 11:43:20] --- Sampled interval of velocity: 0.00 m/s - 7.34 m/s (planner.py:310)
INFO     [2025-01-12 11:43:20] --- current time step: 32 (frenet_interface.py:280)
INFO     [2025-01-12 11:43:20] --- current velocity: 1.4948636965493132 (frenet_interface.py:281)
INFO     [2025-01-12 11:43:20] --- current target velocity: 0.908634430292815 (frenet_interface.py:282)
INFO     [2025-01-12 11:43:20] --- Sampled interval of velocity: 0.00 m/s - 7.24 m/s (planner.py:310)
INFO     [2025-01-12 11:43:21] --- select trajectory 451 (reactive_planner_cpp.py:382)
INFO     [2025-01-12 11:43:21] --- current time step: 33 (frenet_interface.py:257)
INFO     [2025-01-12 11:43:21] --- current velocity: 1.510728480137266 (frenet_interface.py:258)
INFO     [2025-01-12 11:43:21] --- current target velocity: 0.9031724473064333 (frenet_interface.py:259)
INFO     [2025-01-12 11:43:22] --- Sampled interval of velocity: 0.00 m/s - 7.26 m/s (planner.py:310)
INFO     [2025-01-12 11:43:22] --- current time step: 34 (frenet_interface.py:280)
INFO     [2025-01-12 11:43:22] --- current velocity: 1.6422443809063283 (frenet_interface.py:281)
INFO     [2025-01-12 11:43:22] --- current target velocity: 0.8980489097300234 (frenet_interface.py:282)
INFO     [2025-01-12 11:43:22] --- Sampled interval of velocity: 0.00 m/s - 7.39 m/s (planner.py:310)
INFO     [2025-01-12 11:43:22] --- current time step: 35 (frenet_interface.py:280)
INFO     [2025-01-12 11:43:22] --- current velocity: 1.8707099577655983 (frenet_interface.py:281)
INFO     [2025-01-12 11:43:22] --- current target velocity: 0.8921754083750643 (frenet_interface.py:282)
INFO     [2025-01-12 11:43:23] --- Sampled interval of velocity: 0.00 m/s - 7.62 m/s (planner.py:310)
INFO     [2025-01-12 11:43:23] --- select trajectory 106 (reactive_planner_cpp.py:382)
INFO     [2025-01-12 11:43:23] --- current time step: 36 (frenet_interface.py:257)
INFO     [2025-01-12 11:43:23] --- current velocity: 1.9612088293396814 (frenet_interface.py:258)
INFO     [2025-01-12 11:43:23] --- current target velocity: 0.884591321224108 (frenet_interface.py:259)
