CRITICAL [2025-01-12 11:39:10] --- Start Planner Vehicle ID: 30194 (frenet_interface.py:67)
INFO     [2025-01-12 11:39:11] --- Sampled interval of velocity: 0.00 m/s - 24.76 m/s (planner.py:310)
INFO     [2025-01-12 11:39:11] --- select trajectory 491 (reactive_planner_cpp.py:382)
INFO     [2025-01-12 11:39:11] --- current time step: 0 (frenet_interface.py:257)
INFO     [2025-01-12 11:39:11] --- current velocity: 18.73309798433138 (frenet_interface.py:258)
INFO     [2025-01-12 11:39:11] --- current target velocity: 19.0102 (frenet_interface.py:259)
INFO     [2025-01-12 11:39:13] --- Sampled interval of velocity: 0.00 m/s - 24.48 m/s (planner.py:310)
INFO     [2025-01-12 11:39:13] --- current time step: 1 (frenet_interface.py:280)
INFO     [2025-01-12 11:39:13] --- current velocity: 17.957212140404536 (frenet_interface.py:281)
INFO     [2025-01-12 11:39:13] --- current target velocity: 18.73309798433138 (frenet_interface.py:282)
INFO     [2025-01-12 11:39:13] --- Sampled interval of velocity: 0.00 m/s - 23.71 m/s (planner.py:310)
INFO     [2025-01-12 11:39:13] --- current time step: 2 (frenet_interface.py:280)
INFO     [2025-01-12 11:39:13] --- current velocity: 16.765673085748297 (frenet_interface.py:281)
INFO     [2025-01-12 11:39:13] --- current target velocity: 17.957212140404536 (frenet_interface.py:282)
INFO     [2025-01-12 11:39:14] --- Sampled interval of velocity: 0.00 m/s - 22.52 m/s (planner.py:310)
INFO     [2025-01-12 11:39:14] --- select trajectory 191 (reactive_planner_cpp.py:382)
INFO     [2025-01-12 11:39:14] --- current time step: 3 (frenet_interface.py:257)
INFO     [2025-01-12 11:39:14] --- current velocity: 15.808411487940225 (frenet_interface.py:258)
INFO     [2025-01-12 11:39:14] --- current target velocity: 16.765673085748297 (frenet_interface.py:259)
INFO     [2025-01-12 11:39:15] --- Sampled interval of velocity: 0.00 m/s - 21.56 m/s (planner.py:310)
INFO     [2025-01-12 11:39:15] --- current time step: 4 (frenet_interface.py:280)
INFO     [2025-01-12 11:39:15] --- current velocity: 14.386374765549522 (frenet_interface.py:281)
INFO     [2025-01-12 11:39:15] --- current target velocity: 15.808411487940225 (frenet_interface.py:282)
INFO     [2025-01-12 11:39:15] --- Sampled interval of velocity: 0.00 m/s - 20.14 m/s (planner.py:310)
INFO     [2025-01-12 11:39:15] --- current time step: 5 (frenet_interface.py:280)
INFO     [2025-01-12 11:39:15] --- current velocity: 12.616700739169849 (frenet_interface.py:281)
INFO     [2025-01-12 11:39:15] --- current target velocity: 14.386374765549522 (frenet_interface.py:282)
INFO     [2025-01-12 11:39:16] --- Sampled interval of velocity: 0.00 m/s - 18.37 m/s (planner.py:310)
INFO     [2025-01-12 11:39:16] --- select trajectory 604 (reactive_planner_cpp.py:382)
INFO     [2025-01-12 11:39:16] --- current time step: 6 (frenet_interface.py:257)
INFO     [2025-01-12 11:39:16] --- current velocity: 11.693079133648405 (frenet_interface.py:258)
INFO     [2025-01-12 11:39:16] --- current target velocity: 12.616700739169849 (frenet_interface.py:259)
INFO     [2025-01-12 11:39:18] --- Sampled interval of velocity: 0.00 m/s - 17.44 m/s (planner.py:310)
INFO     [2025-01-12 11:39:18] --- current time step: 7 (frenet_interface.py:280)
INFO     [2025-01-12 11:39:18] --- current velocity: 10.825835137630305 (frenet_interface.py:281)
INFO     [2025-01-12 11:39:18] --- current target velocity: 11.693079133648405 (frenet_interface.py:282)
INFO     [2025-01-12 11:39:18] --- Sampled interval of velocity: 0.00 m/s - 16.58 m/s (planner.py:310)
INFO     [2025-01-12 11:39:18] --- current time step: 8 (frenet_interface.py:280)
INFO     [2025-01-12 11:39:18] --- current velocity: 10.014092957252636 (frenet_interface.py:281)
INFO     [2025-01-12 11:39:18] --- current target velocity: 10.825835137630305 (frenet_interface.py:282)
INFO     [2025-01-12 11:39:18] --- Sampled interval of velocity: 0.00 m/s - 15.76 m/s (planner.py:310)
WARNING  [2025-01-12 11:39:19] --- No optimal trajectory available. Select stopping trajectory! (reactive_planner_cpp.py:407)
INFO     [2025-01-12 11:39:19] --- current time step: 9 (frenet_interface.py:257)
INFO     [2025-01-12 11:39:19] --- current velocity: 9.502148898376614 (frenet_interface.py:258)
INFO     [2025-01-12 11:39:19] --- current target velocity: 10.014092957252636 (frenet_interface.py:259)
INFO     [2025-01-12 11:39:20] --- Sampled interval of velocity: 0.00 m/s - 15.25 m/s (planner.py:310)
INFO     [2025-01-12 11:39:20] --- current time step: 10 (frenet_interface.py:280)
INFO     [2025-01-12 11:39:20] --- current velocity: 8.786131233342008 (frenet_interface.py:281)
INFO     [2025-01-12 11:39:20] --- current target velocity: 9.502148898376614 (frenet_interface.py:282)
INFO     [2025-01-12 11:39:21] --- Sampled interval of velocity: 0.00 m/s - 14.54 m/s (planner.py:310)
INFO     [2025-01-12 11:39:21] --- current time step: 11 (frenet_interface.py:280)
INFO     [2025-01-12 11:39:21] --- current velocity: 7.920123080450831 (frenet_interface.py:281)
INFO     [2025-01-12 11:39:21] --- current target velocity: 8.786131233342008 (frenet_interface.py:282)
INFO     [2025-01-12 11:39:21] --- Sampled interval of velocity: 0.00 m/s - 13.67 m/s (planner.py:310)
INFO     [2025-01-12 11:39:21] --- select trajectory 40 (reactive_planner_cpp.py:382)
INFO     [2025-01-12 11:39:21] --- current time step: 12 (frenet_interface.py:257)
INFO     [2025-01-12 11:39:21] --- current velocity: 7.5111983373021625 (frenet_interface.py:258)
INFO     [2025-01-12 11:39:21] --- current target velocity: 7.920123080450831 (frenet_interface.py:259)
INFO     [2025-01-12 11:39:23] --- Sampled interval of velocity: 0.00 m/s - 13.26 m/s (planner.py:310)
INFO     [2025-01-12 11:39:23] --- current time step: 13 (frenet_interface.py:280)
INFO     [2025-01-12 11:39:23] --- current velocity: 7.203083170124724 (frenet_interface.py:281)
INFO     [2025-01-12 11:39:23] --- current target velocity: 7.5111983373021625 (frenet_interface.py:282)
INFO     [2025-01-12 11:39:23] --- Sampled interval of velocity: 0.00 m/s - 12.95 m/s (planner.py:310)
INFO     [2025-01-12 11:39:23] --- current time step: 14 (frenet_interface.py:280)
INFO     [2025-01-12 11:39:23] --- current velocity: 6.988573514523305 (frenet_interface.py:281)
INFO     [2025-01-12 11:39:23] --- current target velocity: 7.203083170124724 (frenet_interface.py:282)
INFO     [2025-01-12 11:39:23] --- Sampled interval of velocity: 0.00 m/s - 12.74 m/s (planner.py:310)
INFO     [2025-01-12 11:39:24] --- select trajectory 41 (reactive_planner_cpp.py:382)
INFO     [2025-01-12 11:39:24] --- current time step: 15 (frenet_interface.py:257)
INFO     [2025-01-12 11:39:24] --- current velocity: 6.922035806579097 (frenet_interface.py:258)
INFO     [2025-01-12 11:39:24] --- current target velocity: 6.988573514523305 (frenet_interface.py:259)
INFO     [2025-01-12 11:39:25] --- Sampled interval of velocity: 0.00 m/s - 12.67 m/s (planner.py:310)
INFO     [2025-01-12 11:39:25] --- current time step: 16 (frenet_interface.py:280)
INFO     [2025-01-12 11:39:25] --- current velocity: 6.889510118572841 (frenet_interface.py:281)
INFO     [2025-01-12 11:39:25] --- current target velocity: 6.922035806579097 (frenet_interface.py:282)
INFO     [2025-01-12 11:39:26] --- Sampled interval of velocity: 0.00 m/s - 12.64 m/s (planner.py:310)
INFO     [2025-01-12 11:39:26] --- current time step: 17 (frenet_interface.py:280)
INFO     [2025-01-12 11:39:26] --- current velocity: 6.887364575716766 (frenet_interface.py:281)
INFO     [2025-01-12 11:39:26] --- current target velocity: 6.889510118572841 (frenet_interface.py:282)
INFO     [2025-01-12 11:39:26] --- Sampled interval of velocity: 0.00 m/s - 12.64 m/s (planner.py:310)
INFO     [2025-01-12 11:39:26] --- select trajectory 51 (reactive_planner_cpp.py:382)
INFO     [2025-01-12 11:39:26] --- current time step: 18 (frenet_interface.py:257)
INFO     [2025-01-12 11:39:26] --- current velocity: 6.891475207132957 (frenet_interface.py:258)
INFO     [2025-01-12 11:39:26] --- current target velocity: 6.887364575716766 (frenet_interface.py:259)
INFO     [2025-01-12 11:39:27] --- Sampled interval of velocity: 0.00 m/s - 12.64 m/s (planner.py:310)
INFO     [2025-01-12 11:39:27] --- current time step: 19 (frenet_interface.py:280)
INFO     [2025-01-12 11:39:27] --- current velocity: 6.893231645164107 (frenet_interface.py:281)
INFO     [2025-01-12 11:39:27] --- current target velocity: 6.891475207132957 (frenet_interface.py:282)
INFO     [2025-01-12 11:39:28] --- Sampled interval of velocity: 0.00 m/s - 12.64 m/s (planner.py:310)
INFO     [2025-01-12 11:39:28] --- current time step: 20 (frenet_interface.py:280)
INFO     [2025-01-12 11:39:28] --- current velocity: 6.893774404631511 (frenet_interface.py:281)
INFO     [2025-01-12 11:39:28] --- current target velocity: 6.893231645164107 (frenet_interface.py:282)
INFO     [2025-01-12 11:39:28] --- Sampled interval of velocity: 0.00 m/s - 12.64 m/s (planner.py:310)
INFO     [2025-01-12 11:39:28] --- select trajectory 741 (reactive_planner_cpp.py:382)
INFO     [2025-01-12 11:39:28] --- current time step: 21 (frenet_interface.py:257)
INFO     [2025-01-12 11:39:28] --- current velocity: 6.896509752576531 (frenet_interface.py:258)
INFO     [2025-01-12 11:39:28] --- current target velocity: 6.893774404631511 (frenet_interface.py:259)
INFO     [2025-01-12 11:39:29] --- Sampled interval of velocity: 0.00 m/s - 12.65 m/s (planner.py:310)
INFO     [2025-01-12 11:39:29] --- current time step: 22 (frenet_interface.py:280)
INFO     [2025-01-12 11:39:29] --- current velocity: 6.906018987855925 (frenet_interface.py:281)
INFO     [2025-01-12 11:39:29] --- current target velocity: 6.896509752576531 (frenet_interface.py:282)
INFO     [2025-01-12 11:39:29] --- Sampled interval of velocity: 0.00 m/s - 12.66 m/s (planner.py:310)
INFO     [2025-01-12 11:39:29] --- current time step: 23 (frenet_interface.py:280)
INFO     [2025-01-12 11:39:29] --- current velocity: 6.921600946848665 (frenet_interface.py:281)
INFO     [2025-01-12 11:39:29] --- current target velocity: 6.906018987855925 (frenet_interface.py:282)
