CRITICAL [2025-01-12 11:45:11] --- Start Planner Vehicle ID: 20125 (frenet_interface.py:67)
INFO     [2025-01-12 11:45:15] --- Sampled interval of velocity: 0.00 m/s - 6.15 m/s (planner.py:310)
WARNING  [2025-01-12 11:45:16] --- No optimal trajectory available. Select stopping trajectory! (reactive_planner_cpp.py:407)
INFO     [2025-01-12 11:45:16] --- current time step: 0 (frenet_interface.py:257)
INFO     [2025-01-12 11:45:16] --- current velocity: 0.41176788478294274 (frenet_interface.py:258)
INFO     [2025-01-12 11:45:16] --- current target velocity: 5.4011 (frenet_interface.py:259)
INFO     [2025-01-12 11:45:17] --- Sampled interval of velocity: 0.00 m/s - 6.16 m/s (planner.py:310)
INFO     [2025-01-12 11:45:17] --- current time step: 1 (frenet_interface.py:280)
INFO     [2025-01-12 11:45:17] --- current velocity: 0.3986102929174483 (frenet_interface.py:281)
INFO     [2025-01-12 11:45:17] --- current target velocity: 5.411767884782943 (frenet_interface.py:282)
INFO     [2025-01-12 11:45:18] --- Sampled interval of velocity: 0.00 m/s - 6.15 m/s (planner.py:310)
INFO     [2025-01-12 11:45:18] --- current time step: 2 (frenet_interface.py:280)
INFO     [2025-01-12 11:45:18] --- current velocity: 0.3664334731132708 (frenet_interface.py:281)
INFO     [2025-01-12 11:45:18] --- current target velocity: 5.398610292917448 (frenet_interface.py:282)
INFO     [2025-01-12 11:45:19] --- Sampled interval of velocity: 0.00 m/s - 6.12 m/s (planner.py:310)
INFO     [2025-01-12 11:45:19] --- select trajectory 186 (reactive_planner_cpp.py:382)
INFO     [2025-01-12 11:45:19] --- current time step: 3 (frenet_interface.py:257)
INFO     [2025-01-12 11:45:19] --- current velocity: 0.34987123942303017 (frenet_interface.py:258)
INFO     [2025-01-12 11:45:19] --- current target velocity: 5.366433473113271 (frenet_interface.py:259)
INFO     [2025-01-12 11:45:20] --- Sampled interval of velocity: 0.00 m/s - 6.10 m/s (planner.py:310)
INFO     [2025-01-12 11:45:20] --- current time step: 4 (frenet_interface.py:280)
INFO     [2025-01-12 11:45:20] --- current velocity: 0.3396035214740675 (frenet_interface.py:281)
INFO     [2025-01-12 11:45:20] --- current target velocity: 5.34987123942303 (frenet_interface.py:282)
INFO     [2025-01-12 11:45:21] --- Sampled interval of velocity: 0.00 m/s - 6.09 m/s (planner.py:310)
INFO     [2025-01-12 11:45:21] --- current time step: 5 (frenet_interface.py:280)
INFO     [2025-01-12 11:45:21] --- current velocity: 0.33463684420884743 (frenet_interface.py:281)
INFO     [2025-01-12 11:45:21] --- current target velocity: 5.339603521474068 (frenet_interface.py:282)
INFO     [2025-01-12 11:45:22] --- Sampled interval of velocity: 0.00 m/s - 6.08 m/s (planner.py:310)
INFO     [2025-01-12 11:45:22] --- select trajectory 396 (reactive_planner_cpp.py:382)
INFO     [2025-01-12 11:45:22] --- current time step: 6 (frenet_interface.py:257)
INFO     [2025-01-12 11:45:22] --- current velocity: 0.3315903593294619 (frenet_interface.py:258)
INFO     [2025-01-12 11:45:22] --- current target velocity: 5.334636844208847 (frenet_interface.py:259)
INFO     [2025-01-12 11:45:23] --- Sampled interval of velocity: 0.00 m/s - 6.08 m/s (planner.py:310)
INFO     [2025-01-12 11:45:23] --- current time step: 7 (frenet_interface.py:280)
INFO     [2025-01-12 11:45:23] --- current velocity: 0.32530407101642916 (frenet_interface.py:281)
INFO     [2025-01-12 11:45:23] --- current target velocity: 5.331590359329462 (frenet_interface.py:282)
INFO     [2025-01-12 11:45:24] --- Sampled interval of velocity: 0.00 m/s - 6.08 m/s (planner.py:310)
INFO     [2025-01-12 11:45:24] --- current time step: 8 (frenet_interface.py:280)
INFO     [2025-01-12 11:45:24] --- current velocity: 0.31609187792182575 (frenet_interface.py:281)
INFO     [2025-01-12 11:45:24] --- current target velocity: 5.325304071016429 (frenet_interface.py:282)
INFO     [2025-01-12 11:45:26] --- Sampled interval of velocity: 0.00 m/s - 6.07 m/s (planner.py:310)
INFO     [2025-01-12 11:45:26] --- select trajectory 296 (reactive_planner_cpp.py:382)
INFO     [2025-01-12 11:45:26] --- current time step: 9 (frenet_interface.py:257)
INFO     [2025-01-12 11:45:26] --- current velocity: 0.30903908585531675 (frenet_interface.py:258)
INFO     [2025-01-12 11:45:26] --- current target velocity: 5.316091877921826 (frenet_interface.py:259)
INFO     [2025-01-12 11:45:27] --- Sampled interval of velocity: 0.00 m/s - 6.06 m/s (planner.py:310)
INFO     [2025-01-12 11:45:27] --- current time step: 10 (frenet_interface.py:280)
INFO     [2025-01-12 11:45:27] --- current velocity: 0.2987109593553636 (frenet_interface.py:281)
INFO     [2025-01-12 11:45:27] --- current target velocity: 5.309039085855317 (frenet_interface.py:282)
INFO     [2025-01-12 11:45:27] --- Sampled interval of velocity: 0.00 m/s - 6.05 m/s (planner.py:310)
INFO     [2025-01-12 11:45:27] --- current time step: 11 (frenet_interface.py:280)
INFO     [2025-01-12 11:45:27] --- current velocity: 0.28550297397275043 (frenet_interface.py:281)
INFO     [2025-01-12 11:45:27] --- current target velocity: 5.298710959355364 (frenet_interface.py:282)
INFO     [2025-01-12 11:45:29] --- Sampled interval of velocity: 0.00 m/s - 6.04 m/s (planner.py:310)
INFO     [2025-01-12 11:45:29] --- select trajectory 196 (reactive_planner_cpp.py:382)
INFO     [2025-01-12 11:45:29] --- current time step: 12 (frenet_interface.py:257)
INFO     [2025-01-12 11:45:29] --- current velocity: 0.2728803979081793 (frenet_interface.py:258)
INFO     [2025-01-12 11:45:29] --- current target velocity: 5.285502973972751 (frenet_interface.py:259)
INFO     [2025-01-12 11:45:31] --- Sampled interval of velocity: 0.00 m/s - 6.02 m/s (planner.py:310)
INFO     [2025-01-12 11:45:31] --- current time step: 13 (frenet_interface.py:280)
INFO     [2025-01-12 11:45:31] --- current velocity: 0.2509947577584809 (frenet_interface.py:281)
INFO     [2025-01-12 11:45:31] --- current target velocity: 5.272880397908179 (frenet_interface.py:282)
INFO     [2025-01-12 11:45:31] --- Sampled interval of velocity: 0.00 m/s - 6.00 m/s (planner.py:310)
INFO     [2025-01-12 11:45:31] --- current time step: 14 (frenet_interface.py:280)
INFO     [2025-01-12 11:45:31] --- current velocity: 0.2220505045334622 (frenet_interface.py:281)
INFO     [2025-01-12 11:45:31] --- current target velocity: 5.250994757758481 (frenet_interface.py:282)
INFO     [2025-01-12 11:45:33] --- Sampled interval of velocity: 0.00 m/s - 5.97 m/s (planner.py:310)
INFO     [2025-01-12 11:45:33] --- select trajectory 196 (reactive_planner_cpp.py:382)
INFO     [2025-01-12 11:45:33] --- current time step: 15 (frenet_interface.py:257)
INFO     [2025-01-12 11:45:33] --- current velocity: 0.20378860431120352 (frenet_interface.py:258)
INFO     [2025-01-12 11:45:33] --- current target velocity: 5.222050504533462 (frenet_interface.py:259)
INFO     [2025-01-12 11:45:35] --- Sampled interval of velocity: 0.00 m/s - 5.95 m/s (planner.py:310)
INFO     [2025-01-12 11:45:35] --- current time step: 16 (frenet_interface.py:280)
INFO     [2025-01-12 11:45:35] --- current velocity: 0.1815418436705813 (frenet_interface.py:281)
INFO     [2025-01-12 11:45:35] --- current target velocity: 5.203788604311203 (frenet_interface.py:282)
INFO     [2025-01-12 11:45:35] --- Sampled interval of velocity: 0.00 m/s - 5.93 m/s (planner.py:310)
INFO     [2025-01-12 11:45:35] --- current time step: 17 (frenet_interface.py:280)
INFO     [2025-01-12 11:45:35] --- current velocity: 0.15651610722752052 (frenet_interface.py:281)
INFO     [2025-01-12 11:45:35] --- current target velocity: 5.181541843670582 (frenet_interface.py:282)
INFO     [2025-01-12 11:45:36] --- Sampled interval of velocity: 0.00 m/s - 5.91 m/s (planner.py:310)
INFO     [2025-01-12 11:45:36] --- select trajectory 196 (reactive_planner_cpp.py:382)
INFO     [2025-01-12 11:45:36] --- current time step: 18 (frenet_interface.py:257)
INFO     [2025-01-12 11:45:36] --- current velocity: 0.14214556767186765 (frenet_interface.py:258)
INFO     [2025-01-12 11:45:36] --- current target velocity: 5.156516107227521 (frenet_interface.py:259)
INFO     [2025-01-12 11:45:39] --- Sampled interval of velocity: 0.00 m/s - 5.89 m/s (planner.py:310)
INFO     [2025-01-12 11:45:39] --- current time step: 19 (frenet_interface.py:280)
INFO     [2025-01-12 11:45:39] --- current velocity: 0.12555010325552107 (frenet_interface.py:281)
INFO     [2025-01-12 11:45:39] --- current target velocity: 5.142145567671868 (frenet_interface.py:282)
INFO     [2025-01-12 11:45:39] --- Sampled interval of velocity: 0.00 m/s - 5.88 m/s (planner.py:310)
INFO     [2025-01-12 11:45:39] --- current time step: 20 (frenet_interface.py:280)
INFO     [2025-01-12 11:45:39] --- current velocity: 0.10748680720927811 (frenet_interface.py:281)
INFO     [2025-01-12 11:45:39] --- current target velocity: 5.125550103255521 (frenet_interface.py:282)
INFO     [2025-01-12 11:45:40] --- Sampled interval of velocity: 0.00 m/s - 5.86 m/s (planner.py:310)
INFO     [2025-01-12 11:45:40] --- select trajectory 196 (reactive_planner_cpp.py:382)
INFO     [2025-01-12 11:45:40] --- current time step: 21 (frenet_interface.py:257)
INFO     [2025-01-12 11:45:40] --- current velocity: 0.09734388305930848 (frenet_interface.py:258)
INFO     [2025-01-12 11:45:40] --- current target velocity: 5.107486807209278 (frenet_interface.py:259)
INFO     [2025-01-12 11:45:42] --- Sampled interval of velocity: 0.00 m/s - 5.85 m/s (planner.py:310)
INFO     [2025-01-12 11:45:42] --- current time step: 22 (frenet_interface.py:280)
INFO     [2025-01-12 11:45:42] --- current velocity: 0.08579259385266906 (frenet_interface.py:281)
INFO     [2025-01-12 11:45:42] --- current target velocity: 5.097343883059309 (frenet_interface.py:282)
INFO     [2025-01-12 11:45:42] --- Sampled interval of velocity: 0.00 m/s - 5.84 m/s (planner.py:310)
INFO     [2025-01-12 11:45:42] --- current time step: 23 (frenet_interface.py:280)
INFO     [2025-01-12 11:45:42] --- current velocity: 0.07333318955357322 (frenet_interface.py:281)
INFO     [2025-01-12 11:45:42] --- current target velocity: 5.085792593852669 (frenet_interface.py:282)
INFO     [2025-01-12 11:45:43] --- Sampled interval of velocity: 0.00 m/s - 5.82 m/s (planner.py:310)
INFO     [2025-01-12 11:45:44] --- select trajectory 196 (reactive_planner_cpp.py:382)
INFO     [2025-01-12 11:45:44] --- current time step: 24 (frenet_interface.py:257)
INFO     [2025-01-12 11:45:44] --- current velocity: 0.06638144831552914 (frenet_interface.py:258)
INFO     [2025-01-12 11:45:44] --- current target velocity: 5.073333189553574 (frenet_interface.py:259)
INFO     [2025-01-12 11:45:45] --- Sampled interval of velocity: 0.00 m/s - 5.82 m/s (planner.py:310)
INFO     [2025-01-12 11:45:46] --- current time step: 25 (frenet_interface.py:280)
INFO     [2025-01-12 11:45:46] --- current velocity: 0.05849659697224928 (frenet_interface.py:281)
INFO     [2025-01-12 11:45:46] --- current target velocity: 5.066381448315529 (frenet_interface.py:282)
INFO     [2025-01-12 11:45:46] --- Sampled interval of velocity: 0.00 m/s - 5.81 m/s (planner.py:310)
INFO     [2025-01-12 11:45:46] --- current time step: 26 (frenet_interface.py:280)
INFO     [2025-01-12 11:45:46] --- current velocity: 0.05001472898263143 (frenet_interface.py:281)
INFO     [2025-01-12 11:45:46] --- current target velocity: 5.058496596972249 (frenet_interface.py:282)
INFO     [2025-01-12 11:45:47] --- Sampled interval of velocity: 0.00 m/s - 5.80 m/s (planner.py:310)
INFO     [2025-01-12 11:45:47] --- select trajectory 196 (reactive_planner_cpp.py:382)
INFO     [2025-01-12 11:45:47] --- current time step: 27 (frenet_interface.py:257)
INFO     [2025-01-12 11:45:47] --- current velocity: 0.045291273148399376 (frenet_interface.py:258)
INFO     [2025-01-12 11:45:47] --- current target velocity: 5.050014728982632 (frenet_interface.py:259)
INFO     [2025-01-12 11:45:49] --- Sampled interval of velocity: 0.00 m/s - 5.80 m/s (planner.py:310)
INFO     [2025-01-12 11:45:49] --- current time step: 28 (frenet_interface.py:280)
INFO     [2025-01-12 11:45:49] --- current velocity: 0.039940383949041904 (frenet_interface.py:281)
INFO     [2025-01-12 11:45:49] --- current target velocity: 5.0452912731484 (frenet_interface.py:282)
INFO     [2025-01-12 11:45:49] --- Sampled interval of velocity: 0.00 m/s - 5.79 m/s (planner.py:310)
INFO     [2025-01-12 11:45:49] --- current time step: 29 (frenet_interface.py:280)
INFO     [2025-01-12 11:45:49] --- current velocity: 0.03418904129446008 (frenet_interface.py:281)
INFO     [2025-01-12 11:45:49] --- current target velocity: 5.039940383949042 (frenet_interface.py:282)
INFO     [2025-01-12 11:45:51] --- Sampled interval of velocity: 0.00 m/s - 5.78 m/s (planner.py:310)
INFO     [2025-01-12 11:45:51] --- select trajectory 196 (reactive_planner_cpp.py:382)
INFO     [2025-01-12 11:45:51] --- current time step: 30 (frenet_interface.py:257)
INFO     [2025-01-12 11:45:51] --- current velocity: 0.0309880330082448 (frenet_interface.py:258)
INFO     [2025-01-12 11:45:51] --- current target velocity: 5.03418904129446 (frenet_interface.py:259)
INFO     [2025-01-12 11:45:53] --- Sampled interval of velocity: 0.00 m/s - 5.78 m/s (planner.py:310)
INFO     [2025-01-12 11:45:53] --- current time step: 31 (frenet_interface.py:280)
INFO     [2025-01-12 11:45:53] --- current velocity: 0.027363186814833105 (frenet_interface.py:281)
INFO     [2025-01-12 11:45:53] --- current target velocity: 5.030988033008245 (frenet_interface.py:282)
INFO     [2025-01-12 11:45:53] --- Sampled interval of velocity: 0.00 m/s - 5.78 m/s (planner.py:310)
INFO     [2025-01-12 11:45:53] --- current time step: 32 (frenet_interface.py:280)
INFO     [2025-01-12 11:45:53] --- current velocity: 0.023468037456852168 (frenet_interface.py:281)
INFO     [2025-01-12 11:45:53] --- current target velocity: 5.027363186814833 (frenet_interface.py:282)
INFO     [2025-01-12 11:45:54] --- Sampled interval of velocity: 0.00 m/s - 5.77 m/s (planner.py:310)
INFO     [2025-01-12 11:45:54] --- select trajectory 96 (reactive_planner_cpp.py:382)
INFO     [2025-01-12 11:45:54] --- current time step: 33 (frenet_interface.py:257)
INFO     [2025-01-12 11:45:54] --- current velocity: 0.021481595026838565 (frenet_interface.py:258)
INFO     [2025-01-12 11:45:54] --- current target velocity: 5.023468037456852 (frenet_interface.py:259)
INFO     [2025-01-12 11:45:55] --- Sampled interval of velocity: 0.00 m/s - 5.77 m/s (planner.py:310)
INFO     [2025-01-12 11:45:55] --- current time step: 34 (frenet_interface.py:280)
INFO     [2025-01-12 11:45:55] --- current velocity: 0.019510397694613248 (frenet_interface.py:281)
INFO     [2025-01-12 11:45:55] --- current target velocity: 5.021481595026839 (frenet_interface.py:282)
INFO     [2025-01-12 11:45:56] --- Sampled interval of velocity: 0.00 m/s - 5.77 m/s (planner.py:310)
INFO     [2025-01-12 11:45:56] --- current time step: 35 (frenet_interface.py:280)
INFO     [2025-01-12 11:45:56] --- current velocity: 0.017568017113096798 (frenet_interface.py:281)
INFO     [2025-01-12 11:45:56] --- current target velocity: 5.019510397694614 (frenet_interface.py:282)
INFO     [2025-01-12 11:45:57] --- Sampled interval of velocity: 0.00 m/s - 5.77 m/s (planner.py:310)
INFO     [2025-01-12 11:45:57] --- select trajectory 496 (reactive_planner_cpp.py:382)
INFO     [2025-01-12 11:45:57] --- current time step: 36 (frenet_interface.py:257)
INFO     [2025-01-12 11:45:57] --- current velocity: 0.01649727788674612 (frenet_interface.py:258)
INFO     [2025-01-12 11:45:57] --- current target velocity: 5.0175680171130965 (frenet_interface.py:259)
INFO     [2025-01-12 11:45:59] --- Sampled interval of velocity: 0.00 m/s - 5.77 m/s (planner.py:310)
INFO     [2025-01-12 11:45:59] --- current time step: 37 (frenet_interface.py:280)
INFO     [2025-01-12 11:45:59] --- current velocity: 0.015237160120589881 (frenet_interface.py:281)
INFO     [2025-01-12 11:45:59] --- current target velocity: 5.016497277886746 (frenet_interface.py:282)
INFO     [2025-01-12 11:45:59] --- Sampled interval of velocity: 0.00 m/s - 5.77 m/s (planner.py:310)
INFO     [2025-01-12 11:45:59] --- current time step: 38 (frenet_interface.py:280)
INFO     [2025-01-12 11:45:59] --- current velocity: 0.013830675048235552 (frenet_interface.py:281)
INFO     [2025-01-12 11:45:59] --- current target velocity: 5.01523716012059 (frenet_interface.py:282)
INFO     [2025-01-12 11:46:00] --- Sampled interval of velocity: 0.00 m/s - 5.76 m/s (planner.py:310)
INFO     [2025-01-12 11:46:00] --- select trajectory 496 (reactive_planner_cpp.py:382)
INFO     [2025-01-12 11:46:00] --- current time step: 39 (frenet_interface.py:257)
INFO     [2025-01-12 11:46:00] --- current velocity: 0.013011916449462304 (frenet_interface.py:258)
INFO     [2025-01-12 11:46:00] --- current target velocity: 5.0138306750482355 (frenet_interface.py:259)
INFO     [2025-01-12 11:46:02] --- Sampled interval of velocity: 0.00 m/s - 5.76 m/s (planner.py:310)
INFO     [2025-01-12 11:46:02] --- current time step: 40 (frenet_interface.py:280)
INFO     [2025-01-12 11:46:02] --- current velocity: 0.012043411161770512 (frenet_interface.py:281)
INFO     [2025-01-12 11:46:02] --- current target velocity: 5.013011916449463 (frenet_interface.py:282)
INFO     [2025-01-12 11:46:03] --- Sampled interval of velocity: 0.00 m/s - 5.76 m/s (planner.py:310)
INFO     [2025-01-12 11:46:03] --- current time step: 41 (frenet_interface.py:280)
INFO     [2025-01-12 11:46:03] --- current velocity: 0.010958838583444479 (frenet_interface.py:281)
INFO     [2025-01-12 11:46:03] --- current target velocity: 5.012043411161771 (frenet_interface.py:282)
INFO     [2025-01-12 11:46:04] --- Sampled interval of velocity: 0.00 m/s - 5.76 m/s (planner.py:310)
INFO     [2025-01-12 11:46:04] --- select trajectory 196 (reactive_planner_cpp.py:382)
INFO     [2025-01-12 11:46:04] --- current time step: 42 (frenet_interface.py:257)
INFO     [2025-01-12 11:46:04] --- current velocity: 0.010259394746349097 (frenet_interface.py:258)
INFO     [2025-01-12 11:46:04] --- current target velocity: 5.010958838583444 (frenet_interface.py:259)
INFO     [2025-01-12 11:46:06] --- Sampled interval of velocity: 0.00 m/s - 5.76 m/s (planner.py:310)
INFO     [2025-01-12 11:46:06] --- current time step: 43 (frenet_interface.py:280)
INFO     [2025-01-12 11:46:06] --- current velocity: 0.009333587641341694 (frenet_interface.py:281)
INFO     [2025-01-12 11:46:06] --- current target velocity: 5.010259394746349 (frenet_interface.py:282)
INFO     [2025-01-12 11:46:06] --- Sampled interval of velocity: 0.00 m/s - 5.76 m/s (planner.py:310)
INFO     [2025-01-12 11:46:06] --- current time step: 44 (frenet_interface.py:280)
INFO     [2025-01-12 11:46:06] --- current velocity: 0.008243147639848502 (frenet_interface.py:281)
INFO     [2025-01-12 11:46:06] --- current target velocity: 5.009333587641342 (frenet_interface.py:282)
INFO     [2025-01-12 11:46:08] --- Sampled interval of velocity: 0.00 m/s - 5.76 m/s (planner.py:310)
INFO     [2025-01-12 11:46:08] --- select trajectory 496 (reactive_planner_cpp.py:382)
INFO     [2025-01-12 11:46:08] --- current time step: 45 (frenet_interface.py:257)
INFO     [2025-01-12 11:46:08] --- current velocity: 0.007640842383940634 (frenet_interface.py:258)
INFO     [2025-01-12 11:46:08] --- current target velocity: 5.008243147639848 (frenet_interface.py:259)
INFO     [2025-01-12 11:46:10] --- Sampled interval of velocity: 0.00 m/s - 5.76 m/s (planner.py:310)
INFO     [2025-01-12 11:46:10] --- current time step: 46 (frenet_interface.py:280)
INFO     [2025-01-12 11:46:10] --- current velocity: 0.006995459685924938 (frenet_interface.py:281)
INFO     [2025-01-12 11:46:10] --- current target velocity: 5.007640842383941 (frenet_interface.py:282)
INFO     [2025-01-12 11:46:10] --- Sampled interval of velocity: 0.00 m/s - 5.76 m/s (planner.py:310)
INFO     [2025-01-12 11:46:10] --- current time step: 47 (frenet_interface.py:280)
INFO     [2025-01-12 11:46:10] --- current velocity: 0.006321037208942553 (frenet_interface.py:281)
INFO     [2025-01-12 11:46:10] --- current target velocity: 5.006995459685925 (frenet_interface.py:282)
INFO     [2025-01-12 11:46:12] --- Sampled interval of velocity: 0.00 m/s - 5.76 m/s (planner.py:310)
INFO     [2025-01-12 11:46:12] --- select trajectory 496 (reactive_planner_cpp.py:382)
INFO     [2025-01-12 11:46:12] --- current time step: 48 (frenet_interface.py:257)
INFO     [2025-01-12 11:46:12] --- current velocity: 0.005948479483530768 (frenet_interface.py:258)
INFO     [2025-01-12 11:46:12] --- current target velocity: 5.006321037208942 (frenet_interface.py:259)
INFO     [2025-01-12 11:46:13] --- Sampled interval of velocity: 0.00 m/s - 5.76 m/s (planner.py:310)
INFO     [2025-01-12 11:46:14] --- current time step: 49 (frenet_interface.py:280)
INFO     [2025-01-12 11:46:14] --- current velocity: 0.005523595785447575 (frenet_interface.py:281)
INFO     [2025-01-12 11:46:14] --- current target velocity: 5.005948479483531 (frenet_interface.py:282)
INFO     [2025-01-12 11:46:14] --- Sampled interval of velocity: 0.00 m/s - 5.76 m/s (planner.py:310)
INFO     [2025-01-12 11:46:14] --- current time step: 50 (frenet_interface.py:280)
INFO     [2025-01-12 11:46:14] --- current velocity: 0.005059180003384626 (frenet_interface.py:281)
INFO     [2025-01-12 11:46:14] --- current target velocity: 5.005523595785448 (frenet_interface.py:282)
INFO     [2025-01-12 11:46:17] --- Sampled interval of velocity: 0.00 m/s - 5.76 m/s (planner.py:310)
INFO     [2025-01-12 11:46:17] --- select trajectory 196 (reactive_planner_cpp.py:382)
INFO     [2025-01-12 11:46:17] --- current time step: 51 (frenet_interface.py:257)
INFO     [2025-01-12 11:46:17] --- current velocity: 0.004766339821831424 (frenet_interface.py:258)
INFO     [2025-01-12 11:46:17] --- current target velocity: 5.005059180003385 (frenet_interface.py:259)
INFO     [2025-01-12 11:46:18] --- Sampled interval of velocity: 0.00 m/s - 5.75 m/s (planner.py:310)
INFO     [2025-01-12 11:46:18] --- current time step: 52 (frenet_interface.py:280)
INFO     [2025-01-12 11:46:18] --- current velocity: 0.004384196373744389 (frenet_interface.py:281)
INFO     [2025-01-12 11:46:18] --- current target velocity: 5.004766339821831 (frenet_interface.py:282)
INFO     [2025-01-12 11:46:19] --- Sampled interval of velocity: 0.00 m/s - 5.75 m/s (planner.py:310)
INFO     [2025-01-12 11:46:19] --- current time step: 53 (frenet_interface.py:280)
INFO     [2025-01-12 11:46:19] --- current velocity: 0.003937442354004001 (frenet_interface.py:281)
INFO     [2025-01-12 11:46:19] --- current target velocity: 5.004384196373745 (frenet_interface.py:282)
INFO     [2025-01-12 11:46:22] --- Sampled interval of velocity: 0.00 m/s - 5.75 m/s (planner.py:310)
INFO     [2025-01-12 11:46:22] --- select trajectory 196 (reactive_planner_cpp.py:382)
INFO     [2025-01-12 11:46:22] --- current time step: 54 (frenet_interface.py:257)
INFO     [2025-01-12 11:46:22] --- current velocity: 0.0036744836332758984 (frenet_interface.py:258)
INFO     [2025-01-12 11:46:22] --- current target velocity: 5.003937442354004 (frenet_interface.py:259)
INFO     [2025-01-12 11:46:23] --- Sampled interval of velocity: 0.00 m/s - 5.75 m/s (planner.py:310)
INFO     [2025-01-12 11:46:23] --- current time step: 55 (frenet_interface.py:280)
INFO     [2025-01-12 11:46:23] --- current velocity: 0.0033663045631966036 (frenet_interface.py:281)
INFO     [2025-01-12 11:46:23] --- current target velocity: 5.003674483633276 (frenet_interface.py:282)
INFO     [2025-01-12 11:46:24] --- Sampled interval of velocity: 0.00 m/s - 5.75 m/s (planner.py:310)
INFO     [2025-01-12 11:46:24] --- current time step: 56 (frenet_interface.py:280)
INFO     [2025-01-12 11:46:24] --- current velocity: 0.003027709898289811 (frenet_interface.py:281)
INFO     [2025-01-12 11:46:24] --- current target velocity: 5.003366304563197 (frenet_interface.py:282)
INFO     [2025-01-12 11:46:25] --- Sampled interval of velocity: 0.00 m/s - 5.75 m/s (planner.py:310)
INFO     [2025-01-12 11:46:25] --- select trajectory 196 (reactive_planner_cpp.py:382)
INFO     [2025-01-12 11:46:25] --- current time step: 57 (frenet_interface.py:257)
INFO     [2025-01-12 11:46:25] --- current velocity: 0.0028363363804817326 (frenet_interface.py:258)
INFO     [2025-01-12 11:46:25] --- current target velocity: 5.00302770989829 (frenet_interface.py:259)
INFO     [2025-01-12 11:46:28] --- Sampled interval of velocity: 0.00 m/s - 5.75 m/s (planner.py:310)
INFO     [2025-01-12 11:46:28] --- current time step: 58 (frenet_interface.py:280)
INFO     [2025-01-12 11:46:28] --- current velocity: 0.0026175004569330453 (frenet_interface.py:281)
INFO     [2025-01-12 11:46:28] --- current target velocity: 5.002836336380482 (frenet_interface.py:282)
INFO     [2025-01-12 11:46:29] --- Sampled interval of velocity: 0.00 m/s - 5.75 m/s (planner.py:310)
INFO     [2025-01-12 11:46:29] --- current time step: 59 (frenet_interface.py:280)
INFO     [2025-01-12 11:46:29] --- current velocity: 0.002380828771679298 (frenet_interface.py:281)
INFO     [2025-01-12 11:46:29] --- current target velocity: 5.002617500456933 (frenet_interface.py:282)
INFO     [2025-01-12 11:46:30] --- Sampled interval of velocity: 0.00 m/s - 5.75 m/s (planner.py:310)
INFO     [2025-01-12 11:46:30] --- select trajectory 196 (reactive_planner_cpp.py:382)
INFO     [2025-01-12 11:46:30] --- current time step: 60 (frenet_interface.py:257)
INFO     [2025-01-12 11:46:30] --- current velocity: 0.0022485243321483336 (frenet_interface.py:258)
INFO     [2025-01-12 11:46:30] --- current target velocity: 5.002380828771679 (frenet_interface.py:259)
INFO     [2025-01-12 11:46:33] --- Sampled interval of velocity: 0.00 m/s - 5.75 m/s (planner.py:310)
INFO     [2025-01-12 11:46:33] --- current time step: 61 (frenet_interface.py:280)
INFO     [2025-01-12 11:46:33] --- current velocity: 0.002098281068306784 (frenet_interface.py:281)
INFO     [2025-01-12 11:46:33] --- current target velocity: 5.002248524332148 (frenet_interface.py:282)
INFO     [2025-01-12 11:46:33] --- Sampled interval of velocity: 0.00 m/s - 5.75 m/s (planner.py:310)
INFO     [2025-01-12 11:46:33] --- current time step: 62 (frenet_interface.py:280)
INFO     [2025-01-12 11:46:33] --- current velocity: 0.0019365336605636611 (frenet_interface.py:281)
INFO     [2025-01-12 11:46:33] --- current target velocity: 5.002098281068307 (frenet_interface.py:282)
INFO     [2025-01-12 11:46:34] --- Sampled interval of velocity: 0.00 m/s - 5.75 m/s (planner.py:310)
INFO     [2025-01-12 11:46:34] --- select trajectory 196 (reactive_planner_cpp.py:382)
INFO     [2025-01-12 11:46:34] --- current time step: 63 (frenet_interface.py:257)
INFO     [2025-01-12 11:46:34] --- current velocity: 0.0018464061013009105 (frenet_interface.py:258)
INFO     [2025-01-12 11:46:34] --- current target velocity: 5.0019365336605635 (frenet_interface.py:259)
INFO     [2025-01-12 11:46:36] --- Sampled interval of velocity: 0.00 m/s - 5.75 m/s (planner.py:310)
INFO     [2025-01-12 11:46:36] --- current time step: 64 (frenet_interface.py:280)
INFO     [2025-01-12 11:46:36] --- current velocity: 0.0017442702364633604 (frenet_interface.py:281)
INFO     [2025-01-12 11:46:36] --- current target velocity: 5.001846406101301 (frenet_interface.py:282)
INFO     [2025-01-12 11:46:37] --- Sampled interval of velocity: 0.00 m/s - 5.75 m/s (planner.py:310)
INFO     [2025-01-12 11:46:37] --- current time step: 65 (frenet_interface.py:280)
INFO     [2025-01-12 11:46:37] --- current velocity: 0.0016344648185312538 (frenet_interface.py:281)
INFO     [2025-01-12 11:46:37] --- current target velocity: 5.001744270236463 (frenet_interface.py:282)
