CRITICAL [2025-01-12 11:36:10] --- Start Planner Vehicle ID: 20065 (frenet_interface.py:67)
INFO     [2025-01-12 11:36:14] --- Sampled interval of velocity: 0.00 m/s - 15.51 m/s (planner.py:310)
INFO     [2025-01-12 11:36:14] --- select trajectory 111 (reactive_planner_cpp.py:382)
INFO     [2025-01-12 11:36:14] --- current time step: 0 (frenet_interface.py:257)
INFO     [2025-01-12 11:36:14] --- current velocity: 9.514193238130185 (frenet_interface.py:258)
INFO     [2025-01-12 11:36:14] --- current target velocity: 4.7598 (frenet_interface.py:259)
INFO     [2025-01-12 11:36:17] --- Sampled interval of velocity: 0.00 m/s - 15.26 m/s (planner.py:310)
INFO     [2025-01-12 11:36:17] --- current time step: 1 (frenet_interface.py:280)
INFO     [2025-01-12 11:36:17] --- current velocity: 9.07123962423669 (frenet_interface.py:281)
INFO     [2025-01-12 11:36:17] --- current target velocity: 4.514193238130185 (frenet_interface.py:282)
INFO     [2025-01-12 11:36:18] --- Sampled interval of velocity: 0.00 m/s - 14.82 m/s (planner.py:310)
INFO     [2025-01-12 11:36:18] --- current time step: 2 (frenet_interface.py:280)
INFO     [2025-01-12 11:36:18] --- current velocity: 8.477449165866595 (frenet_interface.py:281)
INFO     [2025-01-12 11:36:18] --- current target velocity: 4.071239624236689 (frenet_interface.py:282)
INFO     [2025-01-12 11:36:19] --- Sampled interval of velocity: 0.00 m/s - 14.23 m/s (planner.py:310)
INFO     [2025-01-12 11:36:19] --- select trajectory 111 (reactive_planner_cpp.py:382)
INFO     [2025-01-12 11:36:19] --- current time step: 3 (frenet_interface.py:257)
INFO     [2025-01-12 11:36:19] --- current velocity: 8.092736173566983 (frenet_interface.py:258)
INFO     [2025-01-12 11:36:19] --- current target velocity: 3.477449165866595 (frenet_interface.py:259)
INFO     [2025-01-12 11:36:23] --- Sampled interval of velocity: 0.00 m/s - 13.84 m/s (planner.py:310)
INFO     [2025-01-12 11:36:23] --- current time step: 4 (frenet_interface.py:280)
INFO     [2025-01-12 11:36:23] --- current velocity: 7.611068461220255 (frenet_interface.py:281)
INFO     [2025-01-12 11:36:23] --- current target velocity: 3.0927361735669834 (frenet_interface.py:282)
INFO     [2025-01-12 11:36:23] --- Sampled interval of velocity: 0.00 m/s - 13.36 m/s (planner.py:310)
INFO     [2025-01-12 11:36:23] --- current time step: 5 (frenet_interface.py:280)
INFO     [2025-01-12 11:36:23] --- current velocity: 7.060594608502259 (frenet_interface.py:281)
INFO     [2025-01-12 11:36:23] --- current target velocity: 2.6110684612202553 (frenet_interface.py:282)
INFO     [2025-01-12 11:36:25] --- Sampled interval of velocity: 0.00 m/s - 12.81 m/s (planner.py:310)
INFO     [2025-01-12 11:36:25] --- select trajectory 101 (reactive_planner_cpp.py:382)
INFO     [2025-01-12 11:36:25] --- current time step: 6 (frenet_interface.py:257)
INFO     [2025-01-12 11:36:25] --- current velocity: 6.6956569763329945 (frenet_interface.py:258)
INFO     [2025-01-12 11:36:25] --- current target velocity: 2.0605946085022593 (frenet_interface.py:259)
INFO     [2025-01-12 11:36:26] --- Sampled interval of velocity: 0.00 m/s - 12.45 m/s (planner.py:310)
INFO     [2025-01-12 11:36:26] --- current time step: 7 (frenet_interface.py:280)
INFO     [2025-01-12 11:36:26] --- current velocity: 6.199633629602428 (frenet_interface.py:281)
INFO     [2025-01-12 11:36:26] --- current target velocity: 1.6956569763329945 (frenet_interface.py:282)
INFO     [2025-01-12 11:36:28] --- Sampled interval of velocity: 0.00 m/s - 11.95 m/s (planner.py:310)
INFO     [2025-01-12 11:36:28] --- current time step: 8 (frenet_interface.py:280)
INFO     [2025-01-12 11:36:28] --- current velocity: 5.607467798449966 (frenet_interface.py:281)
INFO     [2025-01-12 11:36:28] --- current target velocity: 1.2719979727292332 (frenet_interface.py:282)
INFO     [2025-01-12 11:36:29] --- Sampled interval of velocity: 0.00 m/s - 11.36 m/s (planner.py:310)
INFO     [2025-01-12 11:36:29] --- select trajectory 101 (reactive_planner_cpp.py:382)
INFO     [2025-01-12 11:36:29] --- current time step: 9 (frenet_interface.py:257)
INFO     [2025-01-12 11:36:29] --- current velocity: 5.2502038461407885 (frenet_interface.py:258)
INFO     [2025-01-12 11:36:29] --- current target velocity: 1.2388686252501506 (frenet_interface.py:259)
INFO     [2025-01-12 11:36:31] --- Sampled interval of velocity: 0.00 m/s - 11.00 m/s (planner.py:310)
INFO     [2025-01-12 11:36:31] --- current time step: 10 (frenet_interface.py:280)
INFO     [2025-01-12 11:36:31] --- current velocity: 4.8217769084761635 (frenet_interface.py:281)
INFO     [2025-01-12 11:36:31] --- current target velocity: 1.2086756689900455 (frenet_interface.py:282)
INFO     [2025-01-12 11:36:32] --- Sampled interval of velocity: 0.00 m/s - 10.57 m/s (planner.py:310)
INFO     [2025-01-12 11:36:32] --- current time step: 11 (frenet_interface.py:280)
INFO     [2025-01-12 11:36:32] --- current velocity: 4.344350369373021 (frenet_interface.py:281)
INFO     [2025-01-12 11:36:32] --- current target velocity: 1.1809052234627426 (frenet_interface.py:282)
INFO     [2025-01-12 11:36:33] --- Sampled interval of velocity: 0.00 m/s - 10.09 m/s (planner.py:310)
INFO     [2025-01-12 11:36:33] --- select trajectory 101 (reactive_planner_cpp.py:382)
INFO     [2025-01-12 11:36:33] --- current time step: 12 (frenet_interface.py:257)
INFO     [2025-01-12 11:36:33] --- current velocity: 4.068220896330077 (frenet_interface.py:258)
INFO     [2025-01-12 11:36:33] --- current target velocity: 1.1560488859353728 (frenet_interface.py:259)
INFO     [2025-01-12 11:36:35] --- Sampled interval of velocity: 0.00 m/s - 9.82 m/s (planner.py:310)
INFO     [2025-01-12 11:36:35] --- current time step: 13 (frenet_interface.py:280)
INFO     [2025-01-12 11:36:35] --- current velocity: 3.744719335376048 (frenet_interface.py:281)
INFO     [2025-01-12 11:36:35] --- current target velocity: 1.1335868918878214 (frenet_interface.py:282)
INFO     [2025-01-12 11:36:36] --- Sampled interval of velocity: 0.00 m/s - 9.49 m/s (planner.py:310)
INFO     [2025-01-12 11:36:36] --- current time step: 14 (frenet_interface.py:280)
INFO     [2025-01-12 11:36:36] --- current velocity: 3.389368155998007 (frenet_interface.py:281)
INFO     [2025-01-12 11:36:36] --- current target velocity: 1.1130225650108494 (frenet_interface.py:282)
INFO     [2025-01-12 11:36:38] --- Sampled interval of velocity: 0.00 m/s - 9.14 m/s (planner.py:310)
INFO     [2025-01-12 11:36:38] --- select trajectory 101 (reactive_planner_cpp.py:382)
INFO     [2025-01-12 11:36:38] --- current time step: 15 (frenet_interface.py:257)
INFO     [2025-01-12 11:36:38] --- current velocity: 3.185773682757047 (frenet_interface.py:258)
INFO     [2025-01-12 11:36:38] --- current target velocity: 1.0946939937722056 (frenet_interface.py:259)
INFO     [2025-01-12 11:36:39] --- Sampled interval of velocity: 0.00 m/s - 8.94 m/s (planner.py:310)
INFO     [2025-01-12 11:36:39] --- current time step: 16 (frenet_interface.py:280)
INFO     [2025-01-12 11:36:39] --- current velocity: 2.948540883097115 (frenet_interface.py:281)
INFO     [2025-01-12 11:36:39] --- current target velocity: 1.0781816203232004 (frenet_interface.py:282)
INFO     [2025-01-12 11:36:40] --- Sampled interval of velocity: 0.00 m/s - 8.70 m/s (planner.py:310)
INFO     [2025-01-12 11:36:40] --- current time step: 17 (frenet_interface.py:280)
INFO     [2025-01-12 11:36:40] --- current velocity: 2.688842938971152 (frenet_interface.py:281)
INFO     [2025-01-12 11:36:40] --- current target velocity: 1.063095913450317 (frenet_interface.py:282)
INFO     [2025-01-12 11:36:42] --- Sampled interval of velocity: 0.00 m/s - 8.44 m/s (planner.py:310)
INFO     [2025-01-12 11:36:42] --- select trajectory 101 (reactive_planner_cpp.py:382)
INFO     [2025-01-12 11:36:42] --- current time step: 18 (frenet_interface.py:257)
INFO     [2025-01-12 11:36:42] --- current velocity: 2.540390754879622 (frenet_interface.py:258)
INFO     [2025-01-12 11:36:42] --- current target velocity: 1.049683680292259 (frenet_interface.py:259)
INFO     [2025-01-12 11:36:43] --- Sampled interval of velocity: 0.00 m/s - 8.29 m/s (planner.py:310)
INFO     [2025-01-12 11:36:43] --- current time step: 19 (frenet_interface.py:280)
INFO     [2025-01-12 11:36:43] --- current velocity: 2.367639548030627 (frenet_interface.py:281)
INFO     [2025-01-12 11:36:43] --- current target velocity: 1.0376275607796772 (frenet_interface.py:282)
INFO     [2025-01-12 11:36:44] --- Sampled interval of velocity: 0.00 m/s - 8.12 m/s (planner.py:310)
INFO     [2025-01-12 11:36:44] --- current time step: 20 (frenet_interface.py:280)
INFO     [2025-01-12 11:36:44] --- current velocity: 2.178688153000471 (frenet_interface.py:281)
INFO     [2025-01-12 11:36:44] --- current target velocity: 1.0266347308742745 (frenet_interface.py:282)
INFO     [2025-01-12 11:36:46] --- Sampled interval of velocity: 0.00 m/s - 7.93 m/s (planner.py:310)
INFO     [2025-01-12 11:36:46] --- select trajectory 101 (reactive_planner_cpp.py:382)
INFO     [2025-01-12 11:36:46] --- current time step: 21 (frenet_interface.py:257)
INFO     [2025-01-12 11:36:46] --- current velocity: 2.0707376843095897 (frenet_interface.py:258)
INFO     [2025-01-12 11:36:46] --- current target velocity: 1.0168883114689464 (frenet_interface.py:259)
INFO     [2025-01-12 11:36:48] --- Sampled interval of velocity: 0.00 m/s - 7.82 m/s (planner.py:310)
INFO     [2025-01-12 11:36:48] --- current time step: 22 (frenet_interface.py:280)
INFO     [2025-01-12 11:36:48] --- current velocity: 1.9451585733859256 (frenet_interface.py:281)
INFO     [2025-01-12 11:36:48] --- current target velocity: 1.0081517863760125 (frenet_interface.py:282)
INFO     [2025-01-12 11:36:49] --- Sampled interval of velocity: 0.00 m/s - 7.70 m/s (planner.py:310)
INFO     [2025-01-12 11:36:49] --- current time step: 23 (frenet_interface.py:280)
INFO     [2025-01-12 11:36:49] --- current velocity: 1.80783144655997 (frenet_interface.py:281)
INFO     [2025-01-12 11:36:49] --- current target velocity: 1.0002071802657426 (frenet_interface.py:282)
INFO     [2025-01-12 11:36:50] --- Sampled interval of velocity: 0.00 m/s - 7.56 m/s (planner.py:310)
INFO     [2025-01-12 11:36:50] --- select trajectory 101 (reactive_planner_cpp.py:382)
INFO     [2025-01-12 11:36:50] --- current time step: 24 (frenet_interface.py:257)
INFO     [2025-01-12 11:36:50] --- current velocity: 1.7293854944277312 (frenet_interface.py:258)
INFO     [2025-01-12 11:36:50] --- current target velocity: 0.9931910058262611 (frenet_interface.py:259)
INFO     [2025-01-12 11:36:52] --- Sampled interval of velocity: 0.00 m/s - 7.48 m/s (planner.py:310)
INFO     [2025-01-12 11:36:52] --- current time step: 25 (frenet_interface.py:280)
INFO     [2025-01-12 11:36:52] --- current velocity: 1.638136437625349 (frenet_interface.py:281)
INFO     [2025-01-12 11:36:52] --- current target velocity: 0.9869275995185475 (frenet_interface.py:282)
INFO     [2025-01-12 11:36:53] --- Sampled interval of velocity: 0.00 m/s - 7.39 m/s (planner.py:310)
INFO     [2025-01-12 11:36:53] --- current time step: 26 (frenet_interface.py:280)
INFO     [2025-01-12 11:36:53] --- current velocity: 1.538356086544172 (frenet_interface.py:281)
INFO     [2025-01-12 11:36:53] --- current target velocity: 0.9812550604958032 (frenet_interface.py:282)
INFO     [2025-01-12 11:36:55] --- Sampled interval of velocity: 0.00 m/s - 7.29 m/s (planner.py:310)
INFO     [2025-01-12 11:36:55] --- select trajectory 101 (reactive_planner_cpp.py:382)
INFO     [2025-01-12 11:36:55] --- current time step: 27 (frenet_interface.py:257)
INFO     [2025-01-12 11:36:55] --- current velocity: 1.4813600928323771 (frenet_interface.py:258)
INFO     [2025-01-12 11:36:55] --- current target velocity: 0.9762753543426957 (frenet_interface.py:259)
INFO     [2025-01-12 11:36:56] --- Sampled interval of velocity: 0.00 m/s - 7.23 m/s (planner.py:310)
INFO     [2025-01-12 11:36:56] --- current time step: 28 (frenet_interface.py:280)
INFO     [2025-01-12 11:36:56] --- current velocity: 1.415063149269537 (frenet_interface.py:281)
INFO     [2025-01-12 11:36:56] --- current target velocity: 0.9718581053715443 (frenet_interface.py:282)
INFO     [2025-01-12 11:36:57] --- Sampled interval of velocity: 0.00 m/s - 7.17 m/s (planner.py:310)
INFO     [2025-01-12 11:36:57] --- current time step: 29 (frenet_interface.py:280)
INFO     [2025-01-12 11:36:57] --- current velocity: 1.342568720079376 (frenet_interface.py:281)
INFO     [2025-01-12 11:36:57] --- current target velocity: 0.967883111339674 (frenet_interface.py:282)
INFO     [2025-01-12 11:37:00] --- Sampled interval of velocity: 0.00 m/s - 7.09 m/s (planner.py:310)
INFO     [2025-01-12 11:37:00] --- select trajectory 401 (reactive_planner_cpp.py:382)
INFO     [2025-01-12 11:37:00] --- current time step: 30 (frenet_interface.py:257)
INFO     [2025-01-12 11:37:00] --- current velocity: 1.3037903569995275 (frenet_interface.py:258)
INFO     [2025-01-12 11:37:00] --- current target velocity: 0.9644266410080687 (frenet_interface.py:259)
INFO     [2025-01-12 11:37:02] --- Sampled interval of velocity: 0.00 m/s - 7.05 m/s (planner.py:310)
INFO     [2025-01-12 11:37:02] --- current time step: 31 (frenet_interface.py:280)
INFO     [2025-01-12 11:37:02] --- current velocity: 1.2625800369263331 (frenet_interface.py:281)
INFO     [2025-01-12 11:37:02] --- current target velocity: 0.9613843448983964 (frenet_interface.py:282)
