CRITICAL [2025-01-12 11:44:18] --- Start Planner Vehicle ID: 30707 (frenet_interface.py:67)
INFO     [2025-01-12 11:44:23] --- Sampled interval of velocity: 0.00 m/s - 18.13 m/s (planner.py:310)
INFO     [2025-01-12 11:44:23] --- select trajectory 312 (reactive_planner_cpp.py:382)
INFO     [2025-01-12 11:44:23] --- current time step: 0 (frenet_interface.py:257)
INFO     [2025-01-12 11:44:23] --- current velocity: 12.341678664331871 (frenet_interface.py:258)
INFO     [2025-01-12 11:44:23] --- current target velocity: 7.3849 (frenet_interface.py:259)
INFO     [2025-01-12 11:44:25] --- Sampled interval of velocity: 0.00 m/s - 18.09 m/s (planner.py:310)
INFO     [2025-01-12 11:44:25] --- current time step: 1 (frenet_interface.py:280)
INFO     [2025-01-12 11:44:25] --- current velocity: 12.217288735793039 (frenet_interface.py:281)
INFO     [2025-01-12 11:44:25] --- current target velocity: 7.341678664331871 (frenet_interface.py:282)
INFO     [2025-01-12 11:44:25] --- Sampled interval of velocity: 0.00 m/s - 17.97 m/s (planner.py:310)
INFO     [2025-01-12 11:44:25] --- current time step: 2 (frenet_interface.py:280)
INFO     [2025-01-12 11:44:25] --- current velocity: 12.01970496025508 (frenet_interface.py:281)
INFO     [2025-01-12 11:44:25] --- current target velocity: 7.217288735793039 (frenet_interface.py:282)
INFO     [2025-01-12 11:44:26] --- Sampled interval of velocity: 0.00 m/s - 17.77 m/s (planner.py:310)
INFO     [2025-01-12 11:44:26] --- select trajectory 411 (reactive_planner_cpp.py:382)
INFO     [2025-01-12 11:44:26] --- current time step: 3 (frenet_interface.py:257)
INFO     [2025-01-12 11:44:26] --- current velocity: 11.809301283417245 (frenet_interface.py:258)
INFO     [2025-01-12 11:44:26] --- current target velocity: 7.01970496025508 (frenet_interface.py:259)
INFO     [2025-01-12 11:44:29] --- Sampled interval of velocity: 0.00 m/s - 17.56 m/s (planner.py:310)
INFO     [2025-01-12 11:44:29] --- current time step: 4 (frenet_interface.py:280)
INFO     [2025-01-12 11:44:29] --- current velocity: 11.429382843933942 (frenet_interface.py:281)
INFO     [2025-01-12 11:44:29] --- current target velocity: 6.809301283417245 (frenet_interface.py:282)
INFO     [2025-01-12 11:44:30] --- Sampled interval of velocity: 0.00 m/s - 17.18 m/s (planner.py:310)
INFO     [2025-01-12 11:44:30] --- current time step: 5 (frenet_interface.py:280)
INFO     [2025-01-12 11:44:30] --- current velocity: 10.909739847390536 (frenet_interface.py:281)
INFO     [2025-01-12 11:44:30] --- current target velocity: 6.741581399005754 (frenet_interface.py:282)
INFO     [2025-01-12 11:44:30] --- Sampled interval of velocity: 0.00 m/s - 16.66 m/s (planner.py:310)
INFO     [2025-01-12 11:44:30] --- select trajectory 111 (reactive_planner_cpp.py:382)
INFO     [2025-01-12 11:44:30] --- current time step: 6 (frenet_interface.py:257)
INFO     [2025-01-12 11:44:30] --- current velocity: 10.513120210615137 (frenet_interface.py:258)
INFO     [2025-01-12 11:44:30] --- current target velocity: 6.710547068596369 (frenet_interface.py:259)
INFO     [2025-01-12 11:44:33] --- Sampled interval of velocity: 0.00 m/s - 16.26 m/s (planner.py:310)
INFO     [2025-01-12 11:44:33] --- current time step: 7 (frenet_interface.py:280)
INFO     [2025-01-12 11:44:33] --- current velocity: 9.933939190232739 (frenet_interface.py:281)
INFO     [2025-01-12 11:44:33] --- current target velocity: 6.682252493468203 (frenet_interface.py:282)
INFO     [2025-01-12 11:44:34] --- Sampled interval of velocity: 0.00 m/s - 15.68 m/s (planner.py:310)
INFO     [2025-01-12 11:44:34] --- current time step: 8 (frenet_interface.py:280)
INFO     [2025-01-12 11:44:34] --- current velocity: 9.218761688848517 (frenet_interface.py:281)
INFO     [2025-01-12 11:44:34] --- current target velocity: 6.657043224256361 (frenet_interface.py:282)
INFO     [2025-01-12 11:44:34] --- Sampled interval of velocity: 0.00 m/s - 14.97 m/s (planner.py:310)
INFO     [2025-01-12 11:44:34] --- select trajectory 201 (reactive_planner_cpp.py:382)
INFO     [2025-01-12 11:44:34] --- current time step: 9 (frenet_interface.py:257)
INFO     [2025-01-12 11:44:34] --- current velocity: 8.819085821904828 (frenet_interface.py:258)
INFO     [2025-01-12 11:44:34] --- current target velocity: 6.636124126347818 (frenet_interface.py:259)
INFO     [2025-01-12 11:44:36] --- Sampled interval of velocity: 0.00 m/s - 14.57 m/s (planner.py:310)
INFO     [2025-01-12 11:44:36] --- current time step: 10 (frenet_interface.py:280)
INFO     [2025-01-12 11:44:36] --- current velocity: 8.391237590981818 (frenet_interface.py:281)
INFO     [2025-01-12 11:44:36] --- current target velocity: 6.6189643026141844 (frenet_interface.py:282)
INFO     [2025-01-12 11:44:37] --- Sampled interval of velocity: 0.00 m/s - 14.14 m/s (planner.py:310)
INFO     [2025-01-12 11:44:37] --- current time step: 11 (frenet_interface.py:280)
INFO     [2025-01-12 11:44:37] --- current velocity: 7.940462408279371 (frenet_interface.py:281)
INFO     [2025-01-12 11:44:37] --- current target velocity: 6.604557895910767 (frenet_interface.py:282)
INFO     [2025-01-12 11:44:38] --- Sampled interval of velocity: 0.00 m/s - 13.69 m/s (planner.py:310)
INFO     [2025-01-12 11:44:38] --- select trajectory 1 (reactive_planner_cpp.py:382)
INFO     [2025-01-12 11:44:38] --- current time step: 12 (frenet_interface.py:257)
INFO     [2025-01-12 11:44:38] --- current velocity: 7.674378553913543 (frenet_interface.py:258)
INFO     [2025-01-12 11:44:38] --- current target velocity: 6.593151472342642 (frenet_interface.py:259)
INFO     [2025-01-12 11:44:40] --- Sampled interval of velocity: 0.00 m/s - 13.42 m/s (planner.py:310)
INFO     [2025-01-12 11:44:40] --- current time step: 13 (frenet_interface.py:280)
INFO     [2025-01-12 11:44:40] --- current velocity: 7.343575507253626 (frenet_interface.py:281)
INFO     [2025-01-12 11:44:40] --- current target velocity: 6.584182521733624 (frenet_interface.py:282)
INFO     [2025-01-12 11:44:40] --- Sampled interval of velocity: 0.00 m/s - 13.09 m/s (planner.py:310)
INFO     [2025-01-12 11:44:40] --- current time step: 14 (frenet_interface.py:280)
INFO     [2025-01-12 11:44:40] --- current velocity: 6.958495921032988 (frenet_interface.py:281)
INFO     [2025-01-12 11:44:40] --- current target velocity: 6.577297672153149 (frenet_interface.py:282)
INFO     [2025-01-12 11:44:41] --- Sampled interval of velocity: 0.00 m/s - 12.71 m/s (planner.py:310)
WARNING  [2025-01-12 11:44:42] --- No optimal trajectory available. Select stopping trajectory! (reactive_planner_cpp.py:407)
INFO     [2025-01-12 11:44:42] --- current time step: 15 (frenet_interface.py:257)
INFO     [2025-01-12 11:44:42] --- current velocity: 6.733194898178087 (frenet_interface.py:258)
INFO     [2025-01-12 11:44:42] --- current target velocity: 6.572987431003466 (frenet_interface.py:259)
INFO     [2025-01-12 11:44:44] --- Sampled interval of velocity: 0.00 m/s - 12.48 m/s (planner.py:310)
INFO     [2025-01-12 11:44:44] --- current time step: 16 (frenet_interface.py:280)
INFO     [2025-01-12 11:44:44] --- current velocity: 6.469060226897419 (frenet_interface.py:281)
INFO     [2025-01-12 11:44:44] --- current target velocity: 6.5709117025304975 (frenet_interface.py:282)
INFO     [2025-01-12 11:44:45] --- Sampled interval of velocity: 0.00 m/s - 12.22 m/s (planner.py:310)
INFO     [2025-01-12 11:44:45] --- current time step: 17 (frenet_interface.py:280)
INFO     [2025-01-12 11:44:45] --- current velocity: 6.170639555661119 (frenet_interface.py:281)
INFO     [2025-01-12 11:44:45] --- current target velocity: 6.570661058601502 (frenet_interface.py:282)
INFO     [2025-01-12 11:44:46] --- Sampled interval of velocity: 0.00 m/s - 11.92 m/s (planner.py:310)
WARNING  [2025-01-12 11:44:47] --- No optimal trajectory available. Select stopping trajectory! (reactive_planner_cpp.py:407)
INFO     [2025-01-12 11:44:47] --- current time step: 18 (frenet_interface.py:257)
INFO     [2025-01-12 11:44:47] --- current velocity: 5.931855080082641 (frenet_interface.py:258)
INFO     [2025-01-12 11:44:47] --- current target velocity: 6.572556354523647 (frenet_interface.py:259)
INFO     [2025-01-12 11:44:48] --- Sampled interval of velocity: 0.00 m/s - 11.68 m/s (planner.py:310)
INFO     [2025-01-12 11:44:48] --- current time step: 19 (frenet_interface.py:280)
INFO     [2025-01-12 11:44:48] --- current velocity: 5.552511999403712 (frenet_interface.py:281)
INFO     [2025-01-12 11:44:48] --- current target velocity: 6.576466093758672 (frenet_interface.py:282)
INFO     [2025-01-12 11:44:49] --- Sampled interval of velocity: 0.00 m/s - 11.30 m/s (planner.py:310)
INFO     [2025-01-12 11:44:49] --- current time step: 20 (frenet_interface.py:280)
INFO     [2025-01-12 11:44:49] --- current velocity: 5.067044023986681 (frenet_interface.py:281)
INFO     [2025-01-12 11:44:49] --- current target velocity: 6.582854182964262 (frenet_interface.py:282)
INFO     [2025-01-12 11:44:50] --- Sampled interval of velocity: 0.00 m/s - 10.82 m/s (planner.py:310)
WARNING  [2025-01-12 11:44:50] --- No optimal trajectory available. Select stopping trajectory! (reactive_planner_cpp.py:407)
INFO     [2025-01-12 11:44:50] --- current time step: 21 (frenet_interface.py:257)
INFO     [2025-01-12 11:44:50] --- current velocity: 4.731262739095784 (frenet_interface.py:258)
INFO     [2025-01-12 11:44:50] --- current target velocity: 6.59274233987878 (frenet_interface.py:259)
INFO     [2025-01-12 11:44:52] --- Sampled interval of velocity: 0.00 m/s - 10.48 m/s (planner.py:310)
INFO     [2025-01-12 11:44:52] --- current time step: 22 (frenet_interface.py:280)
INFO     [2025-01-12 11:44:52] --- current velocity: 4.272709505349925 (frenet_interface.py:281)
INFO     [2025-01-12 11:44:52] --- current target velocity: 6.605986440839214 (frenet_interface.py:282)
INFO     [2025-01-12 11:44:53] --- Sampled interval of velocity: 0.00 m/s - 10.02 m/s (planner.py:310)
INFO     [2025-01-12 11:44:53] --- current time step: 23 (frenet_interface.py:280)
INFO     [2025-01-12 11:44:53] --- current velocity: 3.72398830325352 (frenet_interface.py:281)
INFO     [2025-01-12 11:44:53] --- current target velocity: 6.622614434142592 (frenet_interface.py:282)
INFO     [2025-01-12 11:44:54] --- Sampled interval of velocity: 0.00 m/s - 9.47 m/s (planner.py:310)
INFO     [2025-01-12 11:44:54] --- select trajectory 196 (reactive_planner_cpp.py:382)
INFO     [2025-01-12 11:44:54] --- current time step: 24 (frenet_interface.py:257)
INFO     [2025-01-12 11:44:54] --- current velocity: 3.396394177647285 (frenet_interface.py:258)
INFO     [2025-01-12 11:44:54] --- current target velocity: 6.643559312332733 (frenet_interface.py:259)
INFO     [2025-01-12 11:44:55] --- Sampled interval of velocity: 0.00 m/s - 9.15 m/s (planner.py:310)
INFO     [2025-01-12 11:44:55] --- current time step: 25 (frenet_interface.py:280)
INFO     [2025-01-12 11:44:55] --- current velocity: 3.009290064109015 (frenet_interface.py:281)
INFO     [2025-01-12 11:44:55] --- current target velocity: 6.668378768911463 (frenet_interface.py:282)
INFO     [2025-01-12 11:44:56] --- Sampled interval of velocity: 0.00 m/s - 8.76 m/s (planner.py:310)
INFO     [2025-01-12 11:44:56] --- current time step: 26 (frenet_interface.py:280)
INFO     [2025-01-12 11:44:56] --- current velocity: 2.581788773863195 (frenet_interface.py:281)
INFO     [2025-01-12 11:44:56] --- current target velocity: 6.6965200209754085 (frenet_interface.py:282)
INFO     [2025-01-12 11:44:57] --- Sampled interval of velocity: 0.00 m/s - 8.33 m/s (planner.py:310)
INFO     [2025-01-12 11:44:57] --- select trajectory 101 (reactive_planner_cpp.py:382)
INFO     [2025-01-12 11:44:57] --- current time step: 27 (frenet_interface.py:257)
INFO     [2025-01-12 11:44:57] --- current velocity: 2.363567199840991 (frenet_interface.py:258)
INFO     [2025-01-12 11:44:57] --- current target velocity: 6.728474206578658 (frenet_interface.py:259)
INFO     [2025-01-12 11:44:59] --- Sampled interval of velocity: 0.00 m/s - 8.11 m/s (planner.py:310)
INFO     [2025-01-12 11:44:59] --- current time step: 28 (frenet_interface.py:280)
INFO     [2025-01-12 11:44:59] --- current velocity: 2.1521915655725077 (frenet_interface.py:281)
INFO     [2025-01-12 11:44:59] --- current target velocity: 6.763649780130699 (frenet_interface.py:282)
INFO     [2025-01-12 11:44:59] --- Sampled interval of velocity: 0.00 m/s - 7.90 m/s (planner.py:310)
INFO     [2025-01-12 11:44:59] --- current time step: 29 (frenet_interface.py:280)
INFO     [2025-01-12 11:44:59] --- current velocity: 1.9506017725269162 (frenet_interface.py:281)
INFO     [2025-01-12 11:44:59] --- current target velocity: 6.801203657713597 (frenet_interface.py:282)
INFO     [2025-01-12 11:45:00] --- Sampled interval of velocity: 0.00 m/s - 7.70 m/s (planner.py:310)
INFO     [2025-01-12 11:45:00] --- select trajectory 301 (reactive_planner_cpp.py:382)
INFO     [2025-01-12 11:45:00] --- current time step: 30 (frenet_interface.py:257)
INFO     [2025-01-12 11:45:00] --- current velocity: 1.8556861936207358 (frenet_interface.py:258)
INFO     [2025-01-12 11:45:00] --- current target velocity: 6.841125951497024 (frenet_interface.py:259)
INFO     [2025-01-12 11:45:03] --- Sampled interval of velocity: 0.00 m/s - 7.61 m/s (planner.py:310)
INFO     [2025-01-12 11:45:03] --- current time step: 31 (frenet_interface.py:280)
INFO     [2025-01-12 11:45:03] --- current velocity: 1.766396467494165 (frenet_interface.py:281)
INFO     [2025-01-12 11:45:03] --- current target velocity: 6.855686193620736 (frenet_interface.py:282)
INFO     [2025-01-12 11:45:03] --- Sampled interval of velocity: 0.00 m/s - 7.52 m/s (planner.py:310)
INFO     [2025-01-12 11:45:03] --- current time step: 32 (frenet_interface.py:280)
INFO     [2025-01-12 11:45:03] --- current velocity: 1.6826431881622896 (frenet_interface.py:281)
INFO     [2025-01-12 11:45:03] --- current target velocity: 6.766396467494165 (frenet_interface.py:282)
INFO     [2025-01-12 11:45:04] --- Sampled interval of velocity: 0.00 m/s - 7.43 m/s (planner.py:310)
INFO     [2025-01-12 11:45:04] --- select trajectory 191 (reactive_planner_cpp.py:382)
INFO     [2025-01-12 11:45:04] --- current time step: 33 (frenet_interface.py:257)
INFO     [2025-01-12 11:45:04] --- current velocity: 1.6099693357486724 (frenet_interface.py:258)
INFO     [2025-01-12 11:45:04] --- current target velocity: 6.68264318816229 (frenet_interface.py:259)
INFO     [2025-01-12 11:45:06] --- Sampled interval of velocity: 0.00 m/s - 7.36 m/s (planner.py:310)
INFO     [2025-01-12 11:45:06] --- current time step: 34 (frenet_interface.py:280)
INFO     [2025-01-12 11:45:06] --- current velocity: 1.481804946824987 (frenet_interface.py:281)
INFO     [2025-01-12 11:45:06] --- current target velocity: 6.609969335748673 (frenet_interface.py:282)
INFO     [2025-01-12 11:45:07] --- Sampled interval of velocity: 0.00 m/s - 7.23 m/s (planner.py:310)
INFO     [2025-01-12 11:45:07] --- current time step: 35 (frenet_interface.py:280)
INFO     [2025-01-12 11:45:07] --- current velocity: 1.3113111047376553 (frenet_interface.py:281)
INFO     [2025-01-12 11:45:07] --- current target velocity: 6.481804946824987 (frenet_interface.py:282)
INFO     [2025-01-12 11:45:08] --- Sampled interval of velocity: 0.00 m/s - 7.06 m/s (planner.py:310)
INFO     [2025-01-12 11:45:08] --- select trajectory 391 (reactive_planner_cpp.py:382)
INFO     [2025-01-12 11:45:08] --- current time step: 36 (frenet_interface.py:257)
INFO     [2025-01-12 11:45:08] --- current velocity: 1.218419071296689 (frenet_interface.py:258)
INFO     [2025-01-12 11:45:08] --- current target velocity: 6.311311104737655 (frenet_interface.py:259)
INFO     [2025-01-12 11:45:09] --- Sampled interval of velocity: 0.00 m/s - 6.97 m/s (planner.py:310)
INFO     [2025-01-12 11:45:09] --- current time step: 37 (frenet_interface.py:280)
INFO     [2025-01-12 11:45:09] --- current velocity: 1.127180188027387 (frenet_interface.py:281)
INFO     [2025-01-12 11:45:09] --- current target velocity: 6.2184190712966885 (frenet_interface.py:282)
INFO     [2025-01-12 11:45:09] --- Sampled interval of velocity: 0.00 m/s - 6.88 m/s (planner.py:310)
INFO     [2025-01-12 11:45:09] --- current time step: 38 (frenet_interface.py:280)
INFO     [2025-01-12 11:45:09] --- current velocity: 1.037825666590616 (frenet_interface.py:281)
INFO     [2025-01-12 11:45:09] --- current target velocity: 6.127180188027387 (frenet_interface.py:282)
INFO     [2025-01-12 11:45:11] --- Sampled interval of velocity: 0.00 m/s - 6.79 m/s (planner.py:310)
INFO     [2025-01-12 11:45:11] --- select trajectory 151 (reactive_planner_cpp.py:382)
INFO     [2025-01-12 11:45:11] --- current time step: 39 (frenet_interface.py:257)
INFO     [2025-01-12 11:45:11] --- current velocity: 1.0957277444727576 (frenet_interface.py:258)
INFO     [2025-01-12 11:45:11] --- current target velocity: 6.037825666590616 (frenet_interface.py:259)
INFO     [2025-01-12 11:45:12] --- Sampled interval of velocity: 0.00 m/s - 6.85 m/s (planner.py:310)
INFO     [2025-01-12 11:45:12] --- current time step: 40 (frenet_interface.py:280)
INFO     [2025-01-12 11:45:12] --- current velocity: 1.3319468512969417 (frenet_interface.py:281)
INFO     [2025-01-12 11:45:12] --- current target velocity: 6.095727744472757 (frenet_interface.py:282)
INFO     [2025-01-12 11:45:13] --- Sampled interval of velocity: 0.00 m/s - 7.08 m/s (planner.py:310)
INFO     [2025-01-12 11:45:13] --- current time step: 41 (frenet_interface.py:280)
INFO     [2025-01-12 11:45:13] --- current velocity: 1.707749223469926 (frenet_interface.py:281)
INFO     [2025-01-12 11:45:13] --- current target velocity: 6.331946851296942 (frenet_interface.py:282)
INFO     [2025-01-12 11:45:14] --- Sampled interval of velocity: 0.00 m/s - 7.46 m/s (planner.py:310)
INFO     [2025-01-12 11:45:14] --- select trajectory 171 (reactive_planner_cpp.py:382)
INFO     [2025-01-12 11:45:14] --- current time step: 42 (frenet_interface.py:257)
INFO     [2025-01-12 11:45:14] --- current velocity: 2.0204656249128954 (frenet_interface.py:258)
INFO     [2025-01-12 11:45:14] --- current target velocity: 6.707749223469926 (frenet_interface.py:259)
INFO     [2025-01-12 11:45:15] --- Sampled interval of velocity: 0.00 m/s - 7.77 m/s (planner.py:310)
INFO     [2025-01-12 11:45:15] --- current time step: 43 (frenet_interface.py:280)
INFO     [2025-01-12 11:45:15] --- current velocity: 2.498523356455516 (frenet_interface.py:281)
INFO     [2025-01-12 11:45:15] --- current target velocity: 7.020465624912895 (frenet_interface.py:282)
INFO     [2025-01-12 11:45:16] --- Sampled interval of velocity: 0.00 m/s - 8.25 m/s (planner.py:310)
INFO     [2025-01-12 11:45:16] --- current time step: 44 (frenet_interface.py:280)
INFO     [2025-01-12 11:45:16] --- current velocity: 3.1008093746262535 (frenet_interface.py:281)
INFO     [2025-01-12 11:45:16] --- current target velocity: 7.498523356455516 (frenet_interface.py:282)
INFO     [2025-01-12 11:45:17] --- Sampled interval of velocity: 0.00 m/s - 8.85 m/s (planner.py:310)
INFO     [2025-01-12 11:45:17] --- select trajectory 171 (reactive_planner_cpp.py:382)
INFO     [2025-01-12 11:45:17] --- current time step: 45 (frenet_interface.py:257)
INFO     [2025-01-12 11:45:17] --- current velocity: 3.5036138039281455 (frenet_interface.py:258)
INFO     [2025-01-12 11:45:17] --- current target velocity: 7.595080953781093 (frenet_interface.py:259)
INFO     [2025-01-12 11:45:18] --- Sampled interval of velocity: 0.00 m/s - 9.25 m/s (planner.py:310)
INFO     [2025-01-12 11:45:18] --- current time step: 46 (frenet_interface.py:280)
INFO     [2025-01-12 11:45:18] --- current velocity: 4.037526113426423 (frenet_interface.py:281)
INFO     [2025-01-12 11:45:18] --- current target velocity: 7.636879816782103 (frenet_interface.py:282)
INFO     [2025-01-12 11:45:19] --- Sampled interval of velocity: 0.00 m/s - 9.79 m/s (planner.py:310)
INFO     [2025-01-12 11:45:19] --- current time step: 47 (frenet_interface.py:280)
INFO     [2025-01-12 11:45:19] --- current velocity: 4.66683852948922 (frenet_interface.py:281)
INFO     [2025-01-12 11:45:19] --- current target velocity: 7.6748773436841855 (frenet_interface.py:282)
INFO     [2025-01-12 11:45:20] --- Sampled interval of velocity: 0.00 m/s - 10.42 m/s (planner.py:310)
INFO     [2025-01-12 11:45:20] --- select trajectory 161 (reactive_planner_cpp.py:382)
INFO     [2025-01-12 11:45:20] --- current time step: 48 (frenet_interface.py:257)
INFO     [2025-01-12 11:45:20] --- current velocity: 5.014950988126663 (frenet_interface.py:258)
INFO     [2025-01-12 11:45:20] --- current target velocity: 7.7078392968716996 (frenet_interface.py:259)
INFO     [2025-01-12 11:45:22] --- Sampled interval of velocity: 0.00 m/s - 10.76 m/s (planner.py:310)
INFO     [2025-01-12 11:45:22] --- current time step: 49 (frenet_interface.py:280)
INFO     [2025-01-12 11:45:22] --- current velocity: 5.386262703617388 (frenet_interface.py:281)
INFO     [2025-01-12 11:45:22] --- current target velocity: 7.736533023039852 (frenet_interface.py:282)
INFO     [2025-01-12 11:45:22] --- Sampled interval of velocity: 0.00 m/s - 11.14 m/s (planner.py:310)
INFO     [2025-01-12 11:45:22] --- current time step: 50 (frenet_interface.py:280)
INFO     [2025-01-12 11:45:22] --- current velocity: 5.7689000063358185 (frenet_interface.py:281)
INFO     [2025-01-12 11:45:22] --- current target velocity: 7.762162970312322 (frenet_interface.py:282)
INFO     [2025-01-12 11:45:23] --- Sampled interval of velocity: 0.00 m/s - 11.52 m/s (planner.py:310)
INFO     [2025-01-12 11:45:23] --- select trajectory 161 (reactive_planner_cpp.py:382)
INFO     [2025-01-12 11:45:23] --- current time step: 51 (frenet_interface.py:257)
INFO     [2025-01-12 11:45:23] --- current velocity: 5.994575795122111 (frenet_interface.py:258)
INFO     [2025-01-12 11:45:23] --- current target velocity: 7.784459202318315 (frenet_interface.py:259)
INFO     [2025-01-12 11:45:25] --- Sampled interval of velocity: 0.00 m/s - 11.74 m/s (planner.py:310)
INFO     [2025-01-12 11:45:25] --- current time step: 52 (frenet_interface.py:280)
INFO     [2025-01-12 11:45:25] --- current velocity: 6.276360397618491 (frenet_interface.py:281)
INFO     [2025-01-12 11:45:25] --- current target velocity: 7.804130113321434 (frenet_interface.py:282)
INFO     [2025-01-12 11:45:26] --- Sampled interval of velocity: 0.00 m/s - 12.03 m/s (planner.py:310)
INFO     [2025-01-12 11:45:26] --- current time step: 53 (frenet_interface.py:280)
INFO     [2025-01-12 11:45:26] --- current velocity: 6.597902946123501 (frenet_interface.py:281)
INFO     [2025-01-12 11:45:26] --- current target velocity: 7.821553618475642 (frenet_interface.py:282)
INFO     [2025-01-12 11:45:27] --- Sampled interval of velocity: 0.00 m/s - 12.35 m/s (planner.py:310)
INFO     [2025-01-12 11:45:27] --- select trajectory 141 (reactive_planner_cpp.py:382)
INFO     [2025-01-12 11:45:27] --- current time step: 54 (frenet_interface.py:257)
INFO     [2025-01-12 11:45:27] --- current velocity: 6.762817617454958 (frenet_interface.py:258)
INFO     [2025-01-12 11:45:27] --- current target velocity: 7.8361541852002885 (frenet_interface.py:259)
INFO     [2025-01-12 11:45:29] --- Sampled interval of velocity: 0.00 m/s - 12.51 m/s (planner.py:310)
INFO     [2025-01-12 11:45:29] --- current time step: 55 (frenet_interface.py:280)
INFO     [2025-01-12 11:45:29] --- current velocity: 6.92041240246156 (frenet_interface.py:281)
INFO     [2025-01-12 11:45:29] --- current target velocity: 7.848444159086457 (frenet_interface.py:282)
INFO     [2025-01-12 11:45:30] --- Sampled interval of velocity: 0.00 m/s - 12.67 m/s (planner.py:310)
INFO     [2025-01-12 11:45:30] --- current time step: 56 (frenet_interface.py:280)
INFO     [2025-01-12 11:45:30] --- current velocity: 7.068920293334208 (frenet_interface.py:281)
INFO     [2025-01-12 11:45:30] --- current target velocity: 7.859262928286319 (frenet_interface.py:282)
INFO     [2025-01-12 11:45:31] --- Sampled interval of velocity: 0.00 m/s - 12.82 m/s (planner.py:310)
INFO     [2025-01-12 11:45:31] --- select trajectory 451 (reactive_planner_cpp.py:382)
INFO     [2025-01-12 11:45:31] --- current time step: 57 (frenet_interface.py:257)
INFO     [2025-01-12 11:45:31] --- current velocity: 7.144483100780917 (frenet_interface.py:258)
INFO     [2025-01-12 11:45:31] --- current target velocity: 7.868651686052799 (frenet_interface.py:259)
INFO     [2025-01-12 11:45:34] --- Sampled interval of velocity: 0.00 m/s - 12.89 m/s (planner.py:310)
INFO     [2025-01-12 11:45:34] --- current time step: 58 (frenet_interface.py:280)
INFO     [2025-01-12 11:45:34] --- current velocity: 7.226509008758992 (frenet_interface.py:281)
INFO     [2025-01-12 11:45:34] --- current target velocity: 7.877031565432516 (frenet_interface.py:282)
INFO     [2025-01-12 11:45:35] --- Sampled interval of velocity: 0.00 m/s - 12.98 m/s (planner.py:310)
INFO     [2025-01-12 11:45:35] --- current time step: 59 (frenet_interface.py:280)
INFO     [2025-01-12 11:45:35] --- current velocity: 7.313067408327659 (frenet_interface.py:281)
INFO     [2025-01-12 11:45:35] --- current target velocity: 7.884720383896156 (frenet_interface.py:282)
INFO     [2025-01-12 11:45:36] --- Sampled interval of velocity: 0.00 m/s - 13.06 m/s (planner.py:310)
INFO     [2025-01-12 11:45:36] --- select trajectory 751 (reactive_planner_cpp.py:382)
INFO     [2025-01-12 11:45:36] --- current time step: 60 (frenet_interface.py:257)
INFO     [2025-01-12 11:45:36] --- current velocity: 7.3570435738091575 (frenet_interface.py:258)
INFO     [2025-01-12 11:45:36] --- current target velocity: 7.891633074264629 (frenet_interface.py:259)
INFO     [2025-01-12 11:45:39] --- Sampled interval of velocity: 0.00 m/s - 13.11 m/s (planner.py:310)
INFO     [2025-01-12 11:45:39] --- current time step: 61 (frenet_interface.py:280)
INFO     [2025-01-12 11:45:39] --- current velocity: 7.400734556096969 (frenet_interface.py:281)
INFO     [2025-01-12 11:45:39] --- current target velocity: 7.897957589551603 (frenet_interface.py:282)
INFO     [2025-01-12 11:45:39] --- Sampled interval of velocity: 0.00 m/s - 13.15 m/s (planner.py:310)
INFO     [2025-01-12 11:45:39] --- current time step: 62 (frenet_interface.py:280)
INFO     [2025-01-12 11:45:39] --- current velocity: 7.444055747905336 (frenet_interface.py:281)
INFO     [2025-01-12 11:45:39] --- current target velocity: 7.903923580770885 (frenet_interface.py:282)
INFO     [2025-01-12 11:45:40] --- Sampled interval of velocity: 0.00 m/s - 13.19 m/s (planner.py:310)
INFO     [2025-01-12 11:45:40] --- select trajectory 751 (reactive_planner_cpp.py:382)
INFO     [2025-01-12 11:45:40] --- current time step: 63 (frenet_interface.py:257)
INFO     [2025-01-12 11:45:40] --- current velocity: 7.466812702123371 (frenet_interface.py:258)
INFO     [2025-01-12 11:45:40] --- current target velocity: 7.909522349253957 (frenet_interface.py:259)
INFO     [2025-01-12 11:45:43] --- Sampled interval of velocity: 0.00 m/s - 13.22 m/s (planner.py:310)
INFO     [2025-01-12 11:45:43] --- current time step: 64 (frenet_interface.py:280)
INFO     [2025-01-12 11:45:43] --- current velocity: 7.491833458023305 (frenet_interface.py:281)
INFO     [2025-01-12 11:45:43] --- current target velocity: 7.914866886335383 (frenet_interface.py:282)
INFO     [2025-01-12 11:45:43] --- Sampled interval of velocity: 0.00 m/s - 13.24 m/s (planner.py:310)
INFO     [2025-01-12 11:45:43] --- current time step: 65 (frenet_interface.py:280)
INFO     [2025-01-12 11:45:43] --- current velocity: 7.518904996374475 (frenet_interface.py:281)
INFO     [2025-01-12 11:45:43] --- current target velocity: 7.92005407183603 (frenet_interface.py:282)
INFO     [2025-01-12 11:45:44] --- Sampled interval of velocity: 0.00 m/s - 13.27 m/s (planner.py:310)
INFO     [2025-01-12 11:45:44] --- select trajectory 751 (reactive_planner_cpp.py:382)
INFO     [2025-01-12 11:45:44] --- current time step: 66 (frenet_interface.py:257)
INFO     [2025-01-12 11:45:44] --- current velocity: 7.534523742714308 (frenet_interface.py:258)
INFO     [2025-01-12 11:45:44] --- current target velocity: 7.925052226878358 (frenet_interface.py:259)
INFO     [2025-01-12 11:45:46] --- Sampled interval of velocity: 0.00 m/s - 13.28 m/s (planner.py:310)
INFO     [2025-01-12 11:45:46] --- current time step: 67 (frenet_interface.py:280)
INFO     [2025-01-12 11:45:46] --- current velocity: 7.5531868466931344 (frenet_interface.py:281)
INFO     [2025-01-12 11:45:46] --- current target velocity: 7.929913226944184 (frenet_interface.py:282)
INFO     [2025-01-12 11:45:47] --- Sampled interval of velocity: 0.00 m/s - 13.30 m/s (planner.py:310)
INFO     [2025-01-12 11:45:47] --- current time step: 68 (frenet_interface.py:280)
INFO     [2025-01-12 11:45:47] --- current velocity: 7.574643489977183 (frenet_interface.py:281)
INFO     [2025-01-12 11:45:47] --- current target velocity: 7.9346823772956 (frenet_interface.py:282)
INFO     [2025-01-12 11:45:48] --- Sampled interval of velocity: 0.00 m/s - 13.32 m/s (planner.py:310)
INFO     [2025-01-12 11:45:48] --- select trajectory 751 (reactive_planner_cpp.py:382)
INFO     [2025-01-12 11:45:48] --- current time step: 69 (frenet_interface.py:257)
INFO     [2025-01-12 11:45:48] --- current velocity: 7.587738337161892 (frenet_interface.py:258)
INFO     [2025-01-12 11:45:48] --- current target velocity: 7.939319746712265 (frenet_interface.py:259)
INFO     [2025-01-12 11:45:49] --- Sampled interval of velocity: 0.00 m/s - 13.34 m/s (planner.py:310)
INFO     [2025-01-12 11:45:49] --- current time step: 70 (frenet_interface.py:280)
INFO     [2025-01-12 11:45:49] --- current velocity: 7.604080372927318 (frenet_interface.py:281)
INFO     [2025-01-12 11:45:49] --- current target velocity: 7.943856585013004 (frenet_interface.py:282)
INFO     [2025-01-12 11:45:51] --- Sampled interval of velocity: 0.00 m/s - 13.35 m/s (planner.py:310)
INFO     [2025-01-12 11:45:51] --- current time step: 71 (frenet_interface.py:280)
INFO     [2025-01-12 11:45:51] --- current velocity: 7.623410548344579 (frenet_interface.py:281)
INFO     [2025-01-12 11:45:51] --- current target velocity: 7.948320777768044 (frenet_interface.py:282)
INFO     [2025-01-12 11:45:52] --- Sampled interval of velocity: 0.00 m/s - 13.37 m/s (planner.py:310)
INFO     [2025-01-12 11:45:52] --- select trajectory 751 (reactive_planner_cpp.py:382)
INFO     [2025-01-12 11:45:52] --- current time step: 72 (frenet_interface.py:257)
INFO     [2025-01-12 11:45:52] --- current velocity: 7.63549643743048 (frenet_interface.py:258)
INFO     [2025-01-12 11:45:52] --- current target velocity: 7.9526690054880875 (frenet_interface.py:259)
INFO     [2025-01-12 11:45:54] --- Sampled interval of velocity: 0.00 m/s - 13.39 m/s (planner.py:310)
INFO     [2025-01-12 11:45:54] --- current time step: 73 (frenet_interface.py:280)
INFO     [2025-01-12 11:45:54] --- current velocity: 7.65084441308634 (frenet_interface.py:281)
INFO     [2025-01-12 11:45:54] --- current target velocity: 7.956925559299748 (frenet_interface.py:282)
INFO     [2025-01-12 11:45:54] --- Sampled interval of velocity: 0.00 m/s - 13.40 m/s (planner.py:310)
INFO     [2025-01-12 11:45:54] --- current time step: 74 (frenet_interface.py:280)
INFO     [2025-01-12 11:45:54] --- current velocity: 7.669196781073697 (frenet_interface.py:281)
INFO     [2025-01-12 11:45:54] --- current target velocity: 7.961112442455108 (frenet_interface.py:282)
INFO     [2025-01-12 11:45:55] --- Sampled interval of velocity: 0.00 m/s - 13.42 m/s (planner.py:310)
INFO     [2025-01-12 11:45:55] --- select trajectory 751 (reactive_planner_cpp.py:382)
INFO     [2025-01-12 11:45:55] --- current time step: 75 (frenet_interface.py:257)
INFO     [2025-01-12 11:45:55] --- current velocity: 7.680773863696901 (frenet_interface.py:258)
INFO     [2025-01-12 11:45:55] --- current target velocity: 7.965184489395669 (frenet_interface.py:259)
INFO     [2025-01-12 11:45:57] --- Sampled interval of velocity: 0.00 m/s - 13.43 m/s (planner.py:310)
INFO     [2025-01-12 11:45:58] --- current time step: 76 (frenet_interface.py:280)
INFO     [2025-01-12 11:45:58] --- current velocity: 7.695567582722518 (frenet_interface.py:281)
INFO     [2025-01-12 11:45:58] --- current target velocity: 7.969163636978734 (frenet_interface.py:282)
INFO     [2025-01-12 11:45:58] --- Sampled interval of velocity: 0.00 m/s - 13.45 m/s (planner.py:310)
INFO     [2025-01-12 11:45:58] --- current time step: 77 (frenet_interface.py:280)
INFO     [2025-01-12 11:45:58] --- current velocity: 7.713324644197243 (frenet_interface.py:281)
INFO     [2025-01-12 11:45:58] --- current target velocity: 7.9730698927096215 (frenet_interface.py:282)
INFO     [2025-01-12 11:45:59] --- Sampled interval of velocity: 0.00 m/s - 13.46 m/s (planner.py:310)
INFO     [2025-01-12 11:45:59] --- select trajectory 741 (reactive_planner_cpp.py:382)
INFO     [2025-01-12 11:45:59] --- current time step: 78 (frenet_interface.py:257)
INFO     [2025-01-12 11:45:59] --- current velocity: 7.722273959466887 (frenet_interface.py:258)
INFO     [2025-01-12 11:45:59] --- current target velocity: 7.976856655671933 (frenet_interface.py:259)
INFO     [2025-01-12 11:46:01] --- Sampled interval of velocity: 0.00 m/s - 13.47 m/s (planner.py:310)
INFO     [2025-01-12 11:46:01] --- current time step: 79 (frenet_interface.py:280)
INFO     [2025-01-12 11:46:01] --- current velocity: 7.730010169093276 (frenet_interface.py:281)
INFO     [2025-01-12 11:46:01] --- current target velocity: 7.980555992830749 (frenet_interface.py:282)
INFO     [2025-01-12 11:46:01] --- Sampled interval of velocity: 0.00 m/s - 13.48 m/s (planner.py:310)
INFO     [2025-01-12 11:46:01] --- current time step: 80 (frenet_interface.py:280)
INFO     [2025-01-12 11:46:01] --- current velocity: 7.736597120830155 (frenet_interface.py:281)
INFO     [2025-01-12 11:46:01] --- current target velocity: 7.984241724663926 (frenet_interface.py:282)
INFO     [2025-01-12 11:46:02] --- Sampled interval of velocity: 0.00 m/s - 13.49 m/s (planner.py:310)
INFO     [2025-01-12 11:46:02] --- select trajectory 741 (reactive_planner_cpp.py:382)
INFO     [2025-01-12 11:46:02] --- current time step: 81 (frenet_interface.py:257)
INFO     [2025-01-12 11:46:02] --- current velocity: 7.739416155619118 (frenet_interface.py:258)
INFO     [2025-01-12 11:46:02] --- current target velocity: 7.987930621258937 (frenet_interface.py:259)
INFO     [2025-01-12 11:46:04] --- Sampled interval of velocity: 0.00 m/s - 13.49 m/s (planner.py:310)
INFO     [2025-01-12 11:46:04] --- current time step: 82 (frenet_interface.py:280)
INFO     [2025-01-12 11:46:04] --- current velocity: 7.74185306191963 (frenet_interface.py:281)
INFO     [2025-01-12 11:46:04] --- current target velocity: 7.991660342174277 (frenet_interface.py:282)
INFO     [2025-01-12 11:46:04] --- Sampled interval of velocity: 0.00 m/s - 13.49 m/s (planner.py:310)
INFO     [2025-01-12 11:46:04] --- current time step: 83 (frenet_interface.py:280)
INFO     [2025-01-12 11:46:04] --- current velocity: 7.7439279511810435 (frenet_interface.py:281)
INFO     [2025-01-12 11:46:04] --- current target velocity: 7.995463292599737 (frenet_interface.py:282)
INFO     [2025-01-12 11:46:05] --- Sampled interval of velocity: 0.00 m/s - 13.49 m/s (planner.py:310)
INFO     [2025-01-12 11:46:05] --- select trajectory 741 (reactive_planner_cpp.py:382)
INFO     [2025-01-12 11:46:05] --- current time step: 84 (frenet_interface.py:257)
INFO     [2025-01-12 11:46:05] --- current velocity: 7.744815945339806 (frenet_interface.py:258)
INFO     [2025-01-12 11:46:05] --- current target velocity: 7.999348576548186 (frenet_interface.py:259)
INFO     [2025-01-12 11:46:08] --- Sampled interval of velocity: 0.00 m/s - 13.49 m/s (planner.py:310)
INFO     [2025-01-12 11:46:08] --- current time step: 85 (frenet_interface.py:280)
INFO     [2025-01-12 11:46:08] --- current velocity: 7.745583567684694 (frenet_interface.py:281)
INFO     [2025-01-12 11:46:08] --- current target velocity: 8.003332425501672 (frenet_interface.py:282)
INFO     [2025-01-12 11:46:08] --- Sampled interval of velocity: 0.00 m/s - 13.50 m/s (planner.py:310)
INFO     [2025-01-12 11:46:08] --- current time step: 86 (frenet_interface.py:280)
INFO     [2025-01-12 11:46:08] --- current velocity: 7.746237154185778 (frenet_interface.py:281)
INFO     [2025-01-12 11:46:08] --- current target velocity: 8.007429614379701 (frenet_interface.py:282)
INFO     [2025-01-12 11:46:09] --- Sampled interval of velocity: 0.00 m/s - 13.50 m/s (planner.py:310)
INFO     [2025-01-12 11:46:10] --- select trajectory 751 (reactive_planner_cpp.py:382)
INFO     [2025-01-12 11:46:10] --- current time step: 87 (frenet_interface.py:257)
INFO     [2025-01-12 11:46:10] --- current velocity: 7.748763431430759 (frenet_interface.py:258)
INFO     [2025-01-12 11:46:10] --- current target velocity: 8.011647517739519 (frenet_interface.py:259)
INFO     [2025-01-12 11:46:12] --- Sampled interval of velocity: 0.00 m/s - 13.50 m/s (planner.py:310)
INFO     [2025-01-12 11:46:12] --- current time step: 88 (frenet_interface.py:280)
INFO     [2025-01-12 11:46:12] --- current velocity: 7.755540684256529 (frenet_interface.py:281)
INFO     [2025-01-12 11:46:12] --- current target velocity: 8.01598381518936 (frenet_interface.py:282)
INFO     [2025-01-12 11:46:12] --- Sampled interval of velocity: 0.00 m/s - 13.51 m/s (planner.py:310)
INFO     [2025-01-12 11:46:12] --- current time step: 89 (frenet_interface.py:280)
INFO     [2025-01-12 11:46:12] --- current velocity: 7.766264559796067 (frenet_interface.py:281)
INFO     [2025-01-12 11:46:12] --- current target velocity: 8.020386703710207 (frenet_interface.py:282)
INFO     [2025-01-12 11:46:14] --- Sampled interval of velocity: 0.00 m/s - 13.52 m/s (planner.py:310)
INFO     [2025-01-12 11:46:14] --- select trajectory 741 (reactive_planner_cpp.py:382)
INFO     [2025-01-12 11:46:14] --- current time step: 90 (frenet_interface.py:257)
INFO     [2025-01-12 11:46:14] --- current velocity: 7.772149569081303 (frenet_interface.py:258)
INFO     [2025-01-12 11:46:14] --- current target velocity: 8.024790098144988 (frenet_interface.py:259)
INFO     [2025-01-12 11:46:17] --- Sampled interval of velocity: 0.00 m/s - 13.52 m/s (planner.py:310)
INFO     [2025-01-12 11:46:17] --- current time step: 91 (frenet_interface.py:280)
INFO     [2025-01-12 11:46:17] --- current velocity: 7.7772368491026835 (frenet_interface.py:281)
INFO     [2025-01-12 11:46:17] --- current target velocity: 8.02919552563067 (frenet_interface.py:282)
INFO     [2025-01-12 11:46:17] --- Sampled interval of velocity: 0.00 m/s - 13.53 m/s (planner.py:310)
INFO     [2025-01-12 11:46:17] --- current time step: 92 (frenet_interface.py:280)
INFO     [2025-01-12 11:46:17] --- current velocity: 7.781568385202171 (frenet_interface.py:281)
INFO     [2025-01-12 11:46:17] --- current target velocity: 8.03365934279313 (frenet_interface.py:282)
INFO     [2025-01-12 11:46:18] --- Sampled interval of velocity: 0.00 m/s - 13.53 m/s (planner.py:310)
INFO     [2025-01-12 11:46:18] --- select trajectory 741 (reactive_planner_cpp.py:382)
INFO     [2025-01-12 11:46:18] --- current time step: 93 (frenet_interface.py:257)
INFO     [2025-01-12 11:46:18] --- current velocity: 7.783422165131064 (frenet_interface.py:258)
INFO     [2025-01-12 11:46:18] --- current target velocity: 8.038198547953819 (frenet_interface.py:259)
INFO     [2025-01-12 11:46:21] --- Sampled interval of velocity: 0.00 m/s - 13.53 m/s (planner.py:310)
INFO     [2025-01-12 11:46:21] --- current time step: 94 (frenet_interface.py:280)
INFO     [2025-01-12 11:46:21] --- current velocity: 7.785024659555731 (frenet_interface.py:281)
INFO     [2025-01-12 11:46:21] --- current target velocity: 8.042847307530689 (frenet_interface.py:282)
INFO     [2025-01-12 11:46:22] --- Sampled interval of velocity: 0.00 m/s - 13.54 m/s (planner.py:310)
INFO     [2025-01-12 11:46:22] --- current time step: 95 (frenet_interface.py:280)
INFO     [2025-01-12 11:46:22] --- current velocity: 7.786389094141235 (frenet_interface.py:281)
INFO     [2025-01-12 11:46:22] --- current target velocity: 8.047636261301717 (frenet_interface.py:282)
INFO     [2025-01-12 11:46:23] --- Sampled interval of velocity: 0.00 m/s - 13.54 m/s (planner.py:310)
INFO     [2025-01-12 11:46:23] --- select trajectory 751 (reactive_planner_cpp.py:382)
INFO     [2025-01-12 11:46:23] --- current time step: 96 (frenet_interface.py:257)
INFO     [2025-01-12 11:46:23] --- current velocity: 7.789170522734533 (frenet_interface.py:258)
INFO     [2025-01-12 11:46:23] --- current target velocity: 8.052577961242903 (frenet_interface.py:259)
INFO     [2025-01-12 11:46:26] --- Sampled interval of velocity: 0.00 m/s - 13.54 m/s (planner.py:310)
INFO     [2025-01-12 11:46:26] --- current time step: 97 (frenet_interface.py:280)
INFO     [2025-01-12 11:46:26] --- current velocity: 7.7960679991608695 (frenet_interface.py:281)
INFO     [2025-01-12 11:46:26] --- current target velocity: 8.057677066437584 (frenet_interface.py:282)
INFO     [2025-01-12 11:46:27] --- Sampled interval of velocity: 0.00 m/s - 13.55 m/s (planner.py:310)
INFO     [2025-01-12 11:46:27] --- current time step: 98 (frenet_interface.py:280)
INFO     [2025-01-12 11:46:27] --- current velocity: 7.806786031583413 (frenet_interface.py:281)
INFO     [2025-01-12 11:46:27] --- current target velocity: 8.062880762507408 (frenet_interface.py:282)
INFO     [2025-01-12 11:46:28] --- Sampled interval of velocity: 0.00 m/s - 13.56 m/s (planner.py:310)
INFO     [2025-01-12 11:46:28] --- select trajectory 741 (reactive_planner_cpp.py:382)
INFO     [2025-01-12 11:46:28] --- current time step: 99 (frenet_interface.py:257)
INFO     [2025-01-12 11:46:28] --- current velocity: 7.812640236359641 (frenet_interface.py:258)
INFO     [2025-01-12 11:46:28] --- current target velocity: 8.068115958848574 (frenet_interface.py:259)
INFO     [2025-01-12 11:46:31] --- Sampled interval of velocity: 0.00 m/s - 13.56 m/s (planner.py:310)
INFO     [2025-01-12 11:46:31] --- current time step: 100 (frenet_interface.py:280)
INFO     [2025-01-12 11:46:31] --- current velocity: 7.817700885081728 (frenet_interface.py:281)
INFO     [2025-01-12 11:46:31] --- current target velocity: 8.073388100800946 (frenet_interface.py:282)
INFO     [2025-01-12 11:46:31] --- Sampled interval of velocity: 0.00 m/s - 13.57 m/s (planner.py:310)
INFO     [2025-01-12 11:46:31] --- current time step: 101 (frenet_interface.py:280)
INFO     [2025-01-12 11:46:31] --- current velocity: 7.822009744766822 (frenet_interface.py:281)
INFO     [2025-01-12 11:46:31] --- current target velocity: 8.07876629138179 (frenet_interface.py:282)
INFO     [2025-01-12 11:46:32] --- Sampled interval of velocity: 0.00 m/s - 13.57 m/s (planner.py:310)
INFO     [2025-01-12 11:46:32] --- select trajectory 751 (reactive_planner_cpp.py:382)
INFO     [2025-01-12 11:46:32] --- current time step: 102 (frenet_interface.py:257)
INFO     [2025-01-12 11:46:32] --- current velocity: 7.826007767634252 (frenet_interface.py:258)
INFO     [2025-01-12 11:46:32] --- current target velocity: 8.084273739479814 (frenet_interface.py:259)
INFO     [2025-01-12 11:46:35] --- Sampled interval of velocity: 0.00 m/s - 13.58 m/s (planner.py:310)
INFO     [2025-01-12 11:46:35] --- current time step: 103 (frenet_interface.py:280)
INFO     [2025-01-12 11:46:35] --- current velocity: 7.833867910775367 (frenet_interface.py:281)
INFO     [2025-01-12 11:46:35] --- current target velocity: 8.08993892438689 (frenet_interface.py:282)
INFO     [2025-01-12 11:46:35] --- Sampled interval of velocity: 0.00 m/s - 13.58 m/s (planner.py:310)
INFO     [2025-01-12 11:46:35] --- current time step: 104 (frenet_interface.py:280)
INFO     [2025-01-12 11:46:35] --- current velocity: 7.8453096112723015 (frenet_interface.py:281)
INFO     [2025-01-12 11:46:35] --- current target velocity: 8.095723618266183 (frenet_interface.py:282)
INFO     [2025-01-12 11:46:36] --- Sampled interval of velocity: 0.00 m/s - 13.60 m/s (planner.py:310)
INFO     [2025-01-12 11:46:36] --- select trajectory 141 (reactive_planner_cpp.py:382)
INFO     [2025-01-12 11:46:36] --- current time step: 105 (frenet_interface.py:257)
INFO     [2025-01-12 11:46:36] --- current velocity: 7.850738934308301 (frenet_interface.py:258)
INFO     [2025-01-12 11:46:36] --- current target velocity: 7.8453096112723015 (frenet_interface.py:259)
INFO     [2025-01-12 11:46:39] --- Sampled interval of velocity: 0.00 m/s - 13.60 m/s (planner.py:310)
INFO     [2025-01-12 11:46:39] --- current time step: 106 (frenet_interface.py:280)
INFO     [2025-01-12 11:46:39] --- current velocity: 7.854105116389862 (frenet_interface.py:281)
INFO     [2025-01-12 11:46:39] --- current target velocity: 7.850738934308301 (frenet_interface.py:282)
INFO     [2025-01-12 11:46:39] --- Sampled interval of velocity: 0.00 m/s - 13.60 m/s (planner.py:310)
INFO     [2025-01-12 11:46:39] --- current time step: 107 (frenet_interface.py:280)
INFO     [2025-01-12 11:46:39] --- current velocity: 7.855733915790233 (frenet_interface.py:281)
INFO     [2025-01-12 11:46:39] --- current target velocity: 7.854105116389862 (frenet_interface.py:282)
INFO     [2025-01-12 11:46:40] --- Sampled interval of velocity: 0.00 m/s - 13.61 m/s (planner.py:310)
INFO     [2025-01-12 11:46:40] --- select trajectory 141 (reactive_planner_cpp.py:382)
INFO     [2025-01-12 11:46:40] --- current time step: 108 (frenet_interface.py:257)
INFO     [2025-01-12 11:46:40] --- current velocity: 7.856092881332357 (frenet_interface.py:258)
INFO     [2025-01-12 11:46:40] --- current target velocity: 7.855733915790233 (frenet_interface.py:259)
INFO     [2025-01-12 11:46:44] --- Sampled interval of velocity: 0.00 m/s - 13.61 m/s (planner.py:310)
INFO     [2025-01-12 11:46:44] --- current time step: 109 (frenet_interface.py:280)
INFO     [2025-01-12 11:46:44] --- current velocity: 7.856315439551758 (frenet_interface.py:281)
INFO     [2025-01-12 11:46:44] --- current target velocity: 7.856092881332357 (frenet_interface.py:282)
INFO     [2025-01-12 11:46:44] --- Sampled interval of velocity: 0.00 m/s - 13.61 m/s (planner.py:310)
INFO     [2025-01-12 11:46:44] --- current time step: 110 (frenet_interface.py:280)
INFO     [2025-01-12 11:46:44] --- current velocity: 7.8564231288606 (frenet_interface.py:281)
INFO     [2025-01-12 11:46:44] --- current target velocity: 7.856315439551758 (frenet_interface.py:282)
INFO     [2025-01-12 11:46:45] --- Sampled interval of velocity: 0.00 m/s - 13.61 m/s (planner.py:310)
INFO     [2025-01-12 11:46:46] --- select trajectory 141 (reactive_planner_cpp.py:382)
INFO     [2025-01-12 11:46:46] --- current time step: 111 (frenet_interface.py:257)
INFO     [2025-01-12 11:46:46] --- current velocity: 7.856446862012775 (frenet_interface.py:258)
INFO     [2025-01-12 11:46:46] --- current target velocity: 7.8564231288606 (frenet_interface.py:259)
INFO     [2025-01-12 11:46:48] --- Sampled interval of velocity: 0.00 m/s - 13.61 m/s (planner.py:310)
INFO     [2025-01-12 11:46:48] --- current time step: 112 (frenet_interface.py:280)
INFO     [2025-01-12 11:46:48] --- current velocity: 7.856461576533866 (frenet_interface.py:281)
INFO     [2025-01-12 11:46:48] --- current target velocity: 7.856446862012775 (frenet_interface.py:282)
INFO     [2025-01-12 11:46:49] --- Sampled interval of velocity: 0.00 m/s - 13.61 m/s (planner.py:310)
INFO     [2025-01-12 11:46:49] --- current time step: 113 (frenet_interface.py:280)
INFO     [2025-01-12 11:46:49] --- current velocity: 7.8564686964645105 (frenet_interface.py:281)
INFO     [2025-01-12 11:46:49] --- current target velocity: 7.856461576533866 (frenet_interface.py:282)
INFO     [2025-01-12 11:46:50] --- Sampled interval of velocity: 0.00 m/s - 13.61 m/s (planner.py:310)
INFO     [2025-01-12 11:46:50] --- select trajectory 141 (reactive_planner_cpp.py:382)
INFO     [2025-01-12 11:46:50] --- current time step: 114 (frenet_interface.py:257)
INFO     [2025-01-12 11:46:50] --- current velocity: 7.856470265595923 (frenet_interface.py:258)
INFO     [2025-01-12 11:46:50] --- current target velocity: 7.8564686964645105 (frenet_interface.py:259)
INFO     [2025-01-12 11:46:53] --- Sampled interval of velocity: 0.00 m/s - 13.61 m/s (planner.py:310)
INFO     [2025-01-12 11:46:53] --- current time step: 115 (frenet_interface.py:280)
INFO     [2025-01-12 11:46:53] --- current velocity: 7.856471238458035 (frenet_interface.py:281)
INFO     [2025-01-12 11:46:53] --- current target velocity: 7.856470265595923 (frenet_interface.py:282)
INFO     [2025-01-12 11:46:53] --- Sampled interval of velocity: 0.00 m/s - 13.61 m/s (planner.py:310)
INFO     [2025-01-12 11:46:53] --- current time step: 116 (frenet_interface.py:280)
INFO     [2025-01-12 11:46:53] --- current velocity: 7.85647170919774 (frenet_interface.py:281)
INFO     [2025-01-12 11:46:53] --- current target velocity: 7.856471238458035 (frenet_interface.py:282)
INFO     [2025-01-12 11:46:54] --- Sampled interval of velocity: 0.00 m/s - 13.61 m/s (planner.py:310)
INFO     [2025-01-12 11:46:55] --- select trajectory 141 (reactive_planner_cpp.py:382)
INFO     [2025-01-12 11:46:55] --- current time step: 117 (frenet_interface.py:257)
INFO     [2025-01-12 11:46:55] --- current velocity: 7.856471812941872 (frenet_interface.py:258)
INFO     [2025-01-12 11:46:55] --- current target velocity: 7.85647170919774 (frenet_interface.py:259)
INFO     [2025-01-12 11:46:57] --- Sampled interval of velocity: 0.00 m/s - 13.61 m/s (planner.py:310)
INFO     [2025-01-12 11:46:57] --- current time step: 118 (frenet_interface.py:280)
INFO     [2025-01-12 11:46:57] --- current velocity: 7.85647187726307 (frenet_interface.py:281)
INFO     [2025-01-12 11:46:57] --- current target velocity: 7.856471812941872 (frenet_interface.py:282)
INFO     [2025-01-12 11:46:58] --- Sampled interval of velocity: 0.00 m/s - 13.61 m/s (planner.py:310)
INFO     [2025-01-12 11:46:58] --- current time step: 119 (frenet_interface.py:280)
INFO     [2025-01-12 11:46:58] --- current velocity: 7.856471908386208 (frenet_interface.py:281)
INFO     [2025-01-12 11:46:58] --- current target velocity: 7.85647187726307 (frenet_interface.py:282)
INFO     [2025-01-12 11:47:00] --- Sampled interval of velocity: 0.00 m/s - 13.61 m/s (planner.py:310)
INFO     [2025-01-12 11:47:00] --- select trajectory 141 (reactive_planner_cpp.py:382)
INFO     [2025-01-12 11:47:00] --- current time step: 120 (frenet_interface.py:257)
INFO     [2025-01-12 11:47:00] --- current velocity: 7.856471915245341 (frenet_interface.py:258)
INFO     [2025-01-12 11:47:00] --- current target velocity: 7.856471908386208 (frenet_interface.py:259)
INFO     [2025-01-12 11:47:02] --- Sampled interval of velocity: 0.00 m/s - 13.61 m/s (planner.py:310)
INFO     [2025-01-12 11:47:02] --- current time step: 121 (frenet_interface.py:280)
INFO     [2025-01-12 11:47:02] --- current velocity: 7.856471919498083 (frenet_interface.py:281)
INFO     [2025-01-12 11:47:02] --- current target velocity: 7.856471915245341 (frenet_interface.py:282)
INFO     [2025-01-12 11:47:03] --- Sampled interval of velocity: 0.00 m/s - 13.61 m/s (planner.py:310)
INFO     [2025-01-12 11:47:03] --- current time step: 122 (frenet_interface.py:280)
INFO     [2025-01-12 11:47:03] --- current velocity: 7.856471921555907 (frenet_interface.py:281)
INFO     [2025-01-12 11:47:03] --- current target velocity: 7.856471919498083 (frenet_interface.py:282)
INFO     [2025-01-12 11:47:04] --- Sampled interval of velocity: 0.00 m/s - 13.61 m/s (planner.py:310)
INFO     [2025-01-12 11:47:04] --- select trajectory 41 (reactive_planner_cpp.py:382)
INFO     [2025-01-12 11:47:04] --- current time step: 123 (frenet_interface.py:257)
INFO     [2025-01-12 11:47:04] --- current velocity: 7.856471922042079 (frenet_interface.py:258)
INFO     [2025-01-12 11:47:04] --- current target velocity: 7.856471921555907 (frenet_interface.py:259)
INFO     [2025-01-12 11:47:07] --- Sampled interval of velocity: 0.00 m/s - 13.61 m/s (planner.py:310)
INFO     [2025-01-12 11:47:07] --- current time step: 124 (frenet_interface.py:280)
INFO     [2025-01-12 11:47:07] --- current velocity: 7.85647192241044 (frenet_interface.py:281)
INFO     [2025-01-12 11:47:07] --- current target velocity: 7.856471922042079 (frenet_interface.py:282)
INFO     [2025-01-12 11:47:08] --- Sampled interval of velocity: 0.00 m/s - 13.61 m/s (planner.py:310)
INFO     [2025-01-12 11:47:08] --- current time step: 125 (frenet_interface.py:280)
INFO     [2025-01-12 11:47:08] --- current velocity: 7.856471922672455 (frenet_interface.py:281)
INFO     [2025-01-12 11:47:08] --- current target velocity: 7.85647192241044 (frenet_interface.py:282)
INFO     [2025-01-12 11:47:09] --- Sampled interval of velocity: 0.00 m/s - 13.61 m/s (planner.py:310)
INFO     [2025-01-12 11:47:09] --- select trajectory 41 (reactive_planner_cpp.py:382)
INFO     [2025-01-12 11:47:09] --- current time step: 126 (frenet_interface.py:257)
INFO     [2025-01-12 11:47:09] --- current velocity: 7.856471922766676 (frenet_interface.py:258)
INFO     [2025-01-12 11:47:09] --- current target velocity: 7.856471922672455 (frenet_interface.py:259)
INFO     [2025-01-12 11:47:13] --- Sampled interval of velocity: 0.00 m/s - 13.61 m/s (planner.py:310)
INFO     [2025-01-12 11:47:13] --- current time step: 127 (frenet_interface.py:280)
INFO     [2025-01-12 11:47:13] --- current velocity: 7.856471922838042 (frenet_interface.py:281)
INFO     [2025-01-12 11:47:13] --- current target velocity: 7.856471922766676 (frenet_interface.py:282)
INFO     [2025-01-12 11:47:13] --- Sampled interval of velocity: 0.00 m/s - 13.61 m/s (planner.py:310)
INFO     [2025-01-12 11:47:13] --- current time step: 128 (frenet_interface.py:280)
INFO     [2025-01-12 11:47:13] --- current velocity: 7.856471922888809 (frenet_interface.py:281)
INFO     [2025-01-12 11:47:13] --- current target velocity: 7.856471922838042 (frenet_interface.py:282)
INFO     [2025-01-12 11:47:14] --- Sampled interval of velocity: 0.00 m/s - 13.61 m/s (planner.py:310)
INFO     [2025-01-12 11:47:14] --- select trajectory 41 (reactive_planner_cpp.py:382)
INFO     [2025-01-12 11:47:14] --- current time step: 129 (frenet_interface.py:257)
INFO     [2025-01-12 11:47:14] --- current velocity: 7.85647192290708 (frenet_interface.py:258)
INFO     [2025-01-12 11:47:14] --- current target velocity: 7.856471922888809 (frenet_interface.py:259)
INFO     [2025-01-12 11:47:18] --- Sampled interval of velocity: 0.00 m/s - 13.61 m/s (planner.py:310)
INFO     [2025-01-12 11:47:18] --- current time step: 130 (frenet_interface.py:280)
INFO     [2025-01-12 11:47:18] --- current velocity: 7.856471922920906 (frenet_interface.py:281)
INFO     [2025-01-12 11:47:18] --- current target velocity: 7.85647192290708 (frenet_interface.py:282)
