CRITICAL [2025-01-12 11:42:05] --- Start Planner Vehicle ID: 99 (frenet_interface.py:67)
INFO     [2025-01-12 11:42:16] --- Sampled interval of velocity: 0.00 m/s - 14.35 m/s (planner.py:310)
INFO     [2025-01-12 11:42:16] --- select trajectory 451 (reactive_planner_cpp.py:382)
INFO     [2025-01-12 11:42:16] --- current time step: 0 (frenet_interface.py:257)
INFO     [2025-01-12 11:42:16] --- current velocity: 8.747356655113116 (frenet_interface.py:258)
INFO     [2025-01-12 11:42:16] --- current target velocity: 8.779353280671666 (frenet_interface.py:259)
INFO     [2025-01-12 11:42:17] --- Sampled interval of velocity: 0.00 m/s - 14.50 m/s (planner.py:310)
INFO     [2025-01-12 11:42:17] --- current time step: 1 (frenet_interface.py:280)
INFO     [2025-01-12 11:42:17] --- current velocity: 8.855857722400946 (frenet_interface.py:281)
INFO     [2025-01-12 11:42:17] --- current target velocity: 8.780028364686288 (frenet_interface.py:282)
INFO     [2025-01-12 11:42:17] --- Sampled interval of velocity: 0.00 m/s - 14.61 m/s (planner.py:310)
INFO     [2025-01-12 11:42:17] --- current time step: 2 (frenet_interface.py:280)
INFO     [2025-01-12 11:42:17] --- current velocity: 8.92504233191396 (frenet_interface.py:281)
INFO     [2025-01-12 11:42:17] --- current target velocity: 8.779825264161488 (frenet_interface.py:282)
INFO     [2025-01-12 11:42:20] --- Sampled interval of velocity: 0.00 m/s - 14.68 m/s (planner.py:310)
INFO     [2025-01-12 11:42:21] --- select trajectory 141 (reactive_planner_cpp.py:382)
INFO     [2025-01-12 11:42:21] --- current time step: 3 (frenet_interface.py:257)
INFO     [2025-01-12 11:42:21] --- current velocity: 8.9467081301278 (frenet_interface.py:258)
INFO     [2025-01-12 11:42:21] --- current target velocity: 8.779018650272665 (frenet_interface.py:259)
INFO     [2025-01-12 11:42:23] --- Sampled interval of velocity: 0.00 m/s - 14.70 m/s (planner.py:310)
INFO     [2025-01-12 11:42:23] --- current time step: 4 (frenet_interface.py:280)
INFO     [2025-01-12 11:42:23] --- current velocity: 8.960590550575562 (frenet_interface.py:281)
INFO     [2025-01-12 11:42:23] --- current target velocity: 8.777911256725549 (frenet_interface.py:282)
INFO     [2025-01-12 11:42:24] --- Sampled interval of velocity: 0.00 m/s - 14.71 m/s (planner.py:310)
INFO     [2025-01-12 11:42:24] --- current time step: 5 (frenet_interface.py:280)
INFO     [2025-01-12 11:42:24] --- current velocity: 8.967795972093535 (frenet_interface.py:281)
INFO     [2025-01-12 11:42:24] --- current target velocity: 8.776673121469257 (frenet_interface.py:282)
INFO     [2025-01-12 11:42:26] --- Sampled interval of velocity: 0.00 m/s - 14.72 m/s (planner.py:310)
INFO     [2025-01-12 11:42:26] --- select trajectory 41 (reactive_planner_cpp.py:382)
INFO     [2025-01-12 11:42:27] --- current time step: 6 (frenet_interface.py:257)
INFO     [2025-01-12 11:42:27] --- current velocity: 8.970114835049712 (frenet_interface.py:258)
INFO     [2025-01-12 11:42:27] --- current target velocity: 8.775352072531996 (frenet_interface.py:259)
INFO     [2025-01-12 11:42:30] --- Sampled interval of velocity: 0.00 m/s - 14.72 m/s (planner.py:310)
INFO     [2025-01-12 11:42:30] --- current time step: 7 (frenet_interface.py:280)
INFO     [2025-01-12 11:42:30] --- current velocity: 8.971892707813494 (frenet_interface.py:281)
INFO     [2025-01-12 11:42:30] --- current target velocity: 8.77398887418787 (frenet_interface.py:282)
INFO     [2025-01-12 11:42:31] --- Sampled interval of velocity: 0.00 m/s - 14.72 m/s (planner.py:310)
INFO     [2025-01-12 11:42:31] --- current time step: 8 (frenet_interface.py:280)
INFO     [2025-01-12 11:42:31] --- current velocity: 8.973154852170245 (frenet_interface.py:281)
INFO     [2025-01-12 11:42:31] --- current target velocity: 8.77259737356307 (frenet_interface.py:282)
INFO     [2025-01-12 11:42:35] --- Sampled interval of velocity: 0.00 m/s - 14.72 m/s (planner.py:310)
INFO     [2025-01-12 11:42:35] --- select trajectory 41 (reactive_planner_cpp.py:382)
INFO     [2025-01-12 11:42:35] --- current time step: 9 (frenet_interface.py:257)
INFO     [2025-01-12 11:42:35] --- current velocity: 8.973762130354316 (frenet_interface.py:258)
INFO     [2025-01-12 11:42:35] --- current target velocity: 8.771179377589213 (frenet_interface.py:259)
INFO     [2025-01-12 11:42:36] --- Sampled interval of velocity: 0.00 m/s - 14.72 m/s (planner.py:310)
INFO     [2025-01-12 11:42:36] --- current time step: 10 (frenet_interface.py:280)
INFO     [2025-01-12 11:42:36] --- current velocity: 8.974169329893503 (frenet_interface.py:281)
INFO     [2025-01-12 11:42:36] --- current target velocity: 8.769737405452817 (frenet_interface.py:282)
INFO     [2025-01-12 11:42:37] --- Sampled interval of velocity: 0.00 m/s - 14.72 m/s (planner.py:310)
INFO     [2025-01-12 11:42:37] --- current time step: 11 (frenet_interface.py:280)
INFO     [2025-01-12 11:42:37] --- current velocity: 8.974394481601625 (frenet_interface.py:281)
INFO     [2025-01-12 11:42:37] --- current target velocity: 8.76827288368071 (frenet_interface.py:282)
INFO     [2025-01-12 11:42:40] --- Sampled interval of velocity: 0.00 m/s - 14.72 m/s (planner.py:310)
INFO     [2025-01-12 11:42:40] --- select trajectory 41 (reactive_planner_cpp.py:382)
INFO     [2025-01-12 11:42:40] --- current time step: 12 (frenet_interface.py:257)
INFO     [2025-01-12 11:42:40] --- current velocity: 8.974446063767658 (frenet_interface.py:258)
INFO     [2025-01-12 11:42:40] --- current target velocity: 8.766785799028344 (frenet_interface.py:259)
INFO     [2025-01-12 11:42:41] --- Sampled interval of velocity: 0.00 m/s - 14.72 m/s (planner.py:310)
INFO     [2025-01-12 11:42:41] --- current time step: 13 (frenet_interface.py:280)
INFO     [2025-01-12 11:42:41] --- current velocity: 8.974452174860325 (frenet_interface.py:281)
INFO     [2025-01-12 11:42:41] --- current target velocity: 8.765276268678655 (frenet_interface.py:282)
INFO     [2025-01-12 11:42:43] --- Sampled interval of velocity: 0.00 m/s - 14.72 m/s (planner.py:310)
INFO     [2025-01-12 11:42:43] --- current time step: 14 (frenet_interface.py:280)
INFO     [2025-01-12 11:42:43] --- current velocity: 8.974453763225911 (frenet_interface.py:281)
INFO     [2025-01-12 11:42:43] --- current target velocity: 8.763744182506978 (frenet_interface.py:282)
INFO     [2025-01-12 11:42:45] --- Sampled interval of velocity: 0.00 m/s - 14.72 m/s (planner.py:310)
INFO     [2025-01-12 11:42:45] --- select trajectory 41 (reactive_planner_cpp.py:382)
INFO     [2025-01-12 11:42:45] --- current time step: 15 (frenet_interface.py:257)
INFO     [2025-01-12 11:42:45] --- current velocity: 8.974444544070215 (frenet_interface.py:258)
INFO     [2025-01-12 11:42:45] --- current target velocity: 8.762189133748928 (frenet_interface.py:259)
INFO     [2025-01-12 11:42:46] --- Sampled interval of velocity: 0.00 m/s - 14.72 m/s (planner.py:310)
INFO     [2025-01-12 11:42:46] --- current time step: 16 (frenet_interface.py:280)
INFO     [2025-01-12 11:42:46] --- current velocity: 8.974429242168128 (frenet_interface.py:281)
INFO     [2025-01-12 11:42:46] --- current target velocity: 8.760610729413461 (frenet_interface.py:282)
INFO     [2025-01-12 11:42:47] --- Sampled interval of velocity: 0.00 m/s - 14.72 m/s (planner.py:310)
INFO     [2025-01-12 11:42:47] --- current time step: 17 (frenet_interface.py:280)
INFO     [2025-01-12 11:42:47] --- current velocity: 8.974411666625121 (frenet_interface.py:281)
INFO     [2025-01-12 11:42:47] --- current target velocity: 8.759008518968079 (frenet_interface.py:282)
INFO     [2025-01-12 11:42:48] --- Sampled interval of velocity: 0.00 m/s - 14.72 m/s (planner.py:310)
INFO     [2025-01-12 11:42:48] --- select trajectory 41 (reactive_planner_cpp.py:382)
INFO     [2025-01-12 11:42:48] --- current time step: 18 (frenet_interface.py:257)
INFO     [2025-01-12 11:42:48] --- current velocity: 8.97440313366484 (frenet_interface.py:258)
INFO     [2025-01-12 11:42:48] --- current target velocity: 8.757381980087672 (frenet_interface.py:259)
INFO     [2025-01-12 11:42:49] --- Sampled interval of velocity: 0.00 m/s - 14.72 m/s (planner.py:310)
INFO     [2025-01-12 11:42:49] --- current time step: 19 (frenet_interface.py:280)
INFO     [2025-01-12 11:42:49] --- current velocity: 8.97440643073485 (frenet_interface.py:281)
INFO     [2025-01-12 11:42:49] --- current target velocity: 8.755730579634989 (frenet_interface.py:282)
INFO     [2025-01-12 11:42:50] --- Sampled interval of velocity: 0.00 m/s - 14.72 m/s (planner.py:310)
INFO     [2025-01-12 11:42:50] --- current time step: 20 (frenet_interface.py:280)
INFO     [2025-01-12 11:42:50] --- current velocity: 8.974405190369831 (frenet_interface.py:281)
INFO     [2025-01-12 11:42:50] --- current target velocity: 8.754053759004428 (frenet_interface.py:282)
INFO     [2025-01-12 11:42:52] --- Sampled interval of velocity: 0.00 m/s - 14.72 m/s (planner.py:310)
INFO     [2025-01-12 11:42:52] --- select trajectory 441 (reactive_planner_cpp.py:382)
INFO     [2025-01-12 11:42:52] --- current time step: 21 (frenet_interface.py:257)
INFO     [2025-01-12 11:42:52] --- current velocity: 8.974382346683129 (frenet_interface.py:258)
INFO     [2025-01-12 11:42:52] --- current target velocity: 8.752350930741395 (frenet_interface.py:259)
INFO     [2025-01-12 11:42:53] --- Sampled interval of velocity: 0.00 m/s - 14.72 m/s (planner.py:310)
INFO     [2025-01-12 11:42:53] --- current time step: 22 (frenet_interface.py:280)
INFO     [2025-01-12 11:42:53] --- current velocity: 8.974326697380828 (frenet_interface.py:281)
INFO     [2025-01-12 11:42:53] --- current target velocity: 8.750621490080391 (frenet_interface.py:282)
INFO     [2025-01-12 11:42:53] --- Sampled interval of velocity: 0.00 m/s - 14.72 m/s (planner.py:310)
INFO     [2025-01-12 11:42:53] --- current time step: 23 (frenet_interface.py:280)
INFO     [2025-01-12 11:42:53] --- current velocity: 8.974235403933758 (frenet_interface.py:281)
INFO     [2025-01-12 11:42:53] --- current target velocity: 8.74886481151301 (frenet_interface.py:282)
INFO     [2025-01-12 11:42:54] --- Sampled interval of velocity: 0.00 m/s - 14.72 m/s (planner.py:310)
INFO     [2025-01-12 11:42:54] --- select trajectory 141 (reactive_planner_cpp.py:382)
INFO     [2025-01-12 11:42:54] --- current time step: 24 (frenet_interface.py:257)
INFO     [2025-01-12 11:42:54] --- current velocity: 8.974128381239813 (frenet_interface.py:258)
INFO     [2025-01-12 11:42:54] --- current target velocity: 8.747080247382723 (frenet_interface.py:259)
INFO     [2025-01-12 11:42:55] --- Sampled interval of velocity: 0.00 m/s - 14.72 m/s (planner.py:310)
INFO     [2025-01-12 11:42:55] --- current time step: 25 (frenet_interface.py:280)
INFO     [2025-01-12 11:42:55] --- current velocity: 8.974030199208688 (frenet_interface.py:281)
INFO     [2025-01-12 11:42:55] --- current target velocity: 8.745267129368779 (frenet_interface.py:282)
INFO     [2025-01-12 11:42:56] --- Sampled interval of velocity: 0.00 m/s - 14.72 m/s (planner.py:310)
INFO     [2025-01-12 11:42:56] --- current time step: 26 (frenet_interface.py:280)
INFO     [2025-01-12 11:42:56] --- current velocity: 8.97395098989861 (frenet_interface.py:281)
INFO     [2025-01-12 11:42:56] --- current target velocity: 8.743424767173735 (frenet_interface.py:282)
INFO     [2025-01-12 11:42:57] --- Sampled interval of velocity: 0.00 m/s - 14.72 m/s (planner.py:310)
INFO     [2025-01-12 11:42:57] --- select trajectory 41 (reactive_planner_cpp.py:382)
INFO     [2025-01-12 11:42:57] --- current time step: 27 (frenet_interface.py:257)
INFO     [2025-01-12 11:42:57] --- current velocity: 8.973890114908045 (frenet_interface.py:258)
INFO     [2025-01-12 11:42:57] --- current target velocity: 8.74155244767486 (frenet_interface.py:259)
INFO     [2025-01-12 11:42:58] --- Sampled interval of velocity: 0.00 m/s - 14.72 m/s (planner.py:310)
INFO     [2025-01-12 11:42:58] --- current time step: 28 (frenet_interface.py:280)
INFO     [2025-01-12 11:42:58] --- current velocity: 8.97383906667397 (frenet_interface.py:281)
INFO     [2025-01-12 11:42:58] --- current target velocity: 8.73964943434339 (frenet_interface.py:282)
INFO     [2025-01-12 11:42:59] --- Sampled interval of velocity: 0.00 m/s - 14.72 m/s (planner.py:310)
INFO     [2025-01-12 11:42:59] --- current time step: 29 (frenet_interface.py:280)
INFO     [2025-01-12 11:42:59] --- current velocity: 8.973792007701253 (frenet_interface.py:281)
INFO     [2025-01-12 11:42:59] --- current target velocity: 8.737714966219041 (frenet_interface.py:282)
INFO     [2025-01-12 11:43:01] --- Sampled interval of velocity: 0.00 m/s - 14.72 m/s (planner.py:310)
INFO     [2025-01-12 11:43:01] --- select trajectory 41 (reactive_planner_cpp.py:382)
INFO     [2025-01-12 11:43:01] --- current time step: 30 (frenet_interface.py:257)
INFO     [2025-01-12 11:43:01] --- current velocity: 8.973745771745465 (frenet_interface.py:258)
INFO     [2025-01-12 11:43:01] --- current target velocity: 8.735748256939162 (frenet_interface.py:259)
INFO     [2025-01-12 11:43:02] --- Sampled interval of velocity: 0.00 m/s - 14.72 m/s (planner.py:310)
INFO     [2025-01-12 11:43:02] --- current time step: 31 (frenet_interface.py:280)
INFO     [2025-01-12 11:43:02] --- current velocity: 8.973702173327563 (frenet_interface.py:281)
INFO     [2025-01-12 11:43:02] --- current target velocity: 8.733748493710717 (frenet_interface.py:282)
INFO     [2025-01-12 11:43:03] --- Sampled interval of velocity: 0.00 m/s - 14.72 m/s (planner.py:310)
INFO     [2025-01-12 11:43:03] --- current time step: 32 (frenet_interface.py:280)
INFO     [2025-01-12 11:43:03] --- current velocity: 8.973668386910726 (frenet_interface.py:281)
INFO     [2025-01-12 11:43:03] --- current target velocity: 8.731714836184889 (frenet_interface.py:282)
INFO     [2025-01-12 11:43:05] --- Sampled interval of velocity: 0.00 m/s - 14.72 m/s (planner.py:310)
INFO     [2025-01-12 11:43:05] --- select trajectory 41 (reactive_planner_cpp.py:382)
INFO     [2025-01-12 11:43:05] --- current time step: 33 (frenet_interface.py:257)
INFO     [2025-01-12 11:43:05] --- current velocity: 8.973646517625841 (frenet_interface.py:258)
INFO     [2025-01-12 11:43:05] --- current target velocity: 8.729646415278554 (frenet_interface.py:259)
INFO     [2025-01-12 11:43:06] --- Sampled interval of velocity: 0.00 m/s - 14.72 m/s (planner.py:310)
INFO     [2025-01-12 11:43:06] --- current time step: 34 (frenet_interface.py:280)
INFO     [2025-01-12 11:43:06] --- current velocity: 8.973633879137148 (frenet_interface.py:281)
INFO     [2025-01-12 11:43:06] --- current target velocity: 8.727542331940592 (frenet_interface.py:282)
INFO     [2025-01-12 11:43:07] --- Sampled interval of velocity: 0.00 m/s - 14.72 m/s (planner.py:310)
INFO     [2025-01-12 11:43:07] --- current time step: 35 (frenet_interface.py:280)
INFO     [2025-01-12 11:43:07] --- current velocity: 8.97362772773456 (frenet_interface.py:281)
INFO     [2025-01-12 11:43:07] --- current target velocity: 8.725401655847858 (frenet_interface.py:282)
INFO     [2025-01-12 11:43:10] --- Sampled interval of velocity: 0.00 m/s - 14.72 m/s (planner.py:310)
INFO     [2025-01-12 11:43:10] --- select trajectory 241 (reactive_planner_cpp.py:382)
INFO     [2025-01-12 11:43:10] --- current time step: 36 (frenet_interface.py:257)
INFO     [2025-01-12 11:43:10] --- current velocity: 8.973623531356202 (frenet_interface.py:258)
INFO     [2025-01-12 11:43:10] --- current target velocity: 8.723223424033403 (frenet_interface.py:259)
INFO     [2025-01-12 11:43:11] --- Sampled interval of velocity: 0.00 m/s - 14.72 m/s (planner.py:310)
INFO     [2025-01-12 11:43:11] --- current time step: 37 (frenet_interface.py:280)
INFO     [2025-01-12 11:43:11] --- current velocity: 8.973619257159417 (frenet_interface.py:281)
INFO     [2025-01-12 11:43:11] --- current target velocity: 8.72100663944303 (frenet_interface.py:282)
INFO     [2025-01-12 11:43:12] --- Sampled interval of velocity: 0.00 m/s - 14.72 m/s (planner.py:310)
INFO     [2025-01-12 11:43:12] --- current time step: 38 (frenet_interface.py:280)
INFO     [2025-01-12 11:43:12] --- current velocity: 8.973616177642695 (frenet_interface.py:281)
INFO     [2025-01-12 11:43:12] --- current target velocity: 8.718750269413324 (frenet_interface.py:282)
INFO     [2025-01-12 11:43:13] --- Sampled interval of velocity: 0.00 m/s - 14.72 m/s (planner.py:310)
INFO     [2025-01-12 11:43:13] --- select trajectory 241 (reactive_planner_cpp.py:382)
INFO     [2025-01-12 11:43:13] --- current time step: 39 (frenet_interface.py:257)
INFO     [2025-01-12 11:43:13] --- current velocity: 8.973615428352177 (frenet_interface.py:258)
INFO     [2025-01-12 11:43:13] --- current target velocity: 8.71645324406759 (frenet_interface.py:259)
INFO     [2025-01-12 11:43:14] --- Sampled interval of velocity: 0.00 m/s - 14.72 m/s (planner.py:310)
INFO     [2025-01-12 11:43:15] --- current time step: 40 (frenet_interface.py:280)
INFO     [2025-01-12 11:43:15] --- current velocity: 8.973617916964182 (frenet_interface.py:281)
INFO     [2025-01-12 11:43:15] --- current target velocity: 8.71411445462456 (frenet_interface.py:282)
INFO     [2025-01-12 11:43:15] --- Sampled interval of velocity: 0.00 m/s - 14.72 m/s (planner.py:310)
INFO     [2025-01-12 11:43:15] --- current time step: 41 (frenet_interface.py:280)
INFO     [2025-01-12 11:43:15] --- current velocity: 8.973624352381902 (frenet_interface.py:281)
INFO     [2025-01-12 11:43:15] --- current target velocity: 8.711732751613713 (frenet_interface.py:282)
INFO     [2025-01-12 11:43:17] --- Sampled interval of velocity: 0.00 m/s - 14.72 m/s (planner.py:310)
INFO     [2025-01-12 11:43:17] --- select trajectory 41 (reactive_planner_cpp.py:382)
INFO     [2025-01-12 11:43:17] --- current time step: 42 (frenet_interface.py:257)
INFO     [2025-01-12 11:43:17] --- current velocity: 8.973633331702606 (frenet_interface.py:258)
INFO     [2025-01-12 11:43:17] --- current target velocity: 8.709306942991514 (frenet_interface.py:259)
INFO     [2025-01-12 11:43:18] --- Sampled interval of velocity: 0.00 m/s - 14.72 m/s (planner.py:310)
INFO     [2025-01-12 11:43:18] --- current time step: 43 (frenet_interface.py:280)
INFO     [2025-01-12 11:43:18] --- current velocity: 8.973640450679333 (frenet_interface.py:281)
INFO     [2025-01-12 11:43:18] --- current target velocity: 8.706835792152052 (frenet_interface.py:282)
INFO     [2025-01-12 11:43:18] --- Sampled interval of velocity: 0.00 m/s - 14.72 m/s (planner.py:310)
INFO     [2025-01-12 11:43:18] --- current time step: 44 (frenet_interface.py:280)
INFO     [2025-01-12 11:43:18] --- current velocity: 8.97362810901147 (frenet_interface.py:281)
INFO     [2025-01-12 11:43:18] --- current target velocity: 8.704318015825043 (frenet_interface.py:282)
INFO     [2025-01-12 11:43:20] --- Sampled interval of velocity: 0.00 m/s - 14.72 m/s (planner.py:310)
INFO     [2025-01-12 11:43:20] --- select trajectory 291 (reactive_planner_cpp.py:382)
INFO     [2025-01-12 11:43:20] --- current time step: 45 (frenet_interface.py:257)
INFO     [2025-01-12 11:43:20] --- current velocity: 8.9085357749251 (frenet_interface.py:258)
INFO     [2025-01-12 11:43:20] --- current target velocity: 8.701752281853699 (frenet_interface.py:259)
INFO     [2025-01-12 11:43:21] --- Sampled interval of velocity: 0.00 m/s - 14.66 m/s (planner.py:310)
INFO     [2025-01-12 11:43:21] --- current time step: 46 (frenet_interface.py:280)
INFO     [2025-01-12 11:43:21] --- current velocity: 8.722302200513692 (frenet_interface.py:281)
INFO     [2025-01-12 11:43:21] --- current target velocity: 8.69934750497138 (frenet_interface.py:282)
INFO     [2025-01-12 11:43:22] --- Sampled interval of velocity: 0.00 m/s - 14.47 m/s (planner.py:310)
INFO     [2025-01-12 11:43:22] --- current time step: 47 (frenet_interface.py:280)
INFO     [2025-01-12 11:43:22] --- current velocity: 8.428410150437422 (frenet_interface.py:281)
INFO     [2025-01-12 11:43:22] --- current target velocity: 8.69812651563668 (frenet_interface.py:282)
INFO     [2025-01-12 11:43:23] --- Sampled interval of velocity: 0.00 m/s - 14.18 m/s (planner.py:310)
INFO     [2025-01-12 11:43:23] --- select trajectory 60 (reactive_planner_cpp.py:382)
INFO     [2025-01-12 11:43:23] --- current time step: 48 (frenet_interface.py:257)
INFO     [2025-01-12 11:43:23] --- current velocity: 8.297721858410089 (frenet_interface.py:258)
INFO     [2025-01-12 11:43:23] --- current target velocity: 8.69924572114077 (frenet_interface.py:259)
INFO     [2025-01-12 11:43:25] --- Sampled interval of velocity: 0.00 m/s - 14.05 m/s (planner.py:310)
INFO     [2025-01-12 11:43:25] --- current time step: 49 (frenet_interface.py:280)
INFO     [2025-01-12 11:43:25] --- current velocity: 8.240960336346054 (frenet_interface.py:281)
INFO     [2025-01-12 11:43:25] --- current target velocity: 8.702636138236064 (frenet_interface.py:282)
INFO     [2025-01-12 11:43:25] --- Sampled interval of velocity: 0.00 m/s - 13.99 m/s (planner.py:310)
INFO     [2025-01-12 11:43:25] --- current time step: 50 (frenet_interface.py:280)
INFO     [2025-01-12 11:43:25] --- current velocity: 8.25016891368564 (frenet_interface.py:281)
INFO     [2025-01-12 11:43:25] --- current target velocity: 8.70700095437115 (frenet_interface.py:282)
INFO     [2025-01-12 11:43:27] --- Sampled interval of velocity: 0.00 m/s - 14.00 m/s (planner.py:310)
INFO     [2025-01-12 11:43:27] --- select trajectory 741 (reactive_planner_cpp.py:382)
INFO     [2025-01-12 11:43:27] --- current time step: 51 (frenet_interface.py:257)
INFO     [2025-01-12 11:43:27] --- current velocity: 8.27015826355787 (frenet_interface.py:258)
INFO     [2025-01-12 11:43:27] --- current target velocity: 8.711634943960114 (frenet_interface.py:259)
INFO     [2025-01-12 11:43:30] --- Sampled interval of velocity: 0.00 m/s - 14.02 m/s (planner.py:310)
INFO     [2025-01-12 11:43:30] --- current time step: 52 (frenet_interface.py:280)
INFO     [2025-01-12 11:43:30] --- current velocity: 8.300123043328076 (frenet_interface.py:281)
INFO     [2025-01-12 11:43:30] --- current target velocity: 8.71611118056274 (frenet_interface.py:282)
INFO     [2025-01-12 11:43:30] --- Sampled interval of velocity: 0.00 m/s - 14.05 m/s (planner.py:310)
INFO     [2025-01-12 11:43:30] --- current time step: 53 (frenet_interface.py:280)
INFO     [2025-01-12 11:43:30] --- current velocity: 8.338544582580898 (frenet_interface.py:281)
INFO     [2025-01-12 11:43:30] --- current target velocity: 8.720438201570737 (frenet_interface.py:282)
INFO     [2025-01-12 11:43:32] --- Sampled interval of velocity: 0.00 m/s - 14.09 m/s (planner.py:310)
INFO     [2025-01-12 11:43:32] --- select trajectory 401 (reactive_planner_cpp.py:382)
INFO     [2025-01-12 11:43:32] --- current time step: 54 (frenet_interface.py:257)
INFO     [2025-01-12 11:43:32] --- current velocity: 8.267422832395516 (frenet_interface.py:258)
INFO     [2025-01-12 11:43:32] --- current target velocity: 8.724610715143237 (frenet_interface.py:259)
INFO     [2025-01-12 11:43:35] --- Sampled interval of velocity: 0.00 m/s - 14.02 m/s (planner.py:310)
INFO     [2025-01-12 11:43:35] --- current time step: 55 (frenet_interface.py:280)
INFO     [2025-01-12 11:43:35] --- current velocity: 8.01005172988381 (frenet_interface.py:281)
INFO     [2025-01-12 11:43:35] --- current target velocity: 8.729031549361803 (frenet_interface.py:282)
INFO     [2025-01-12 11:43:36] --- Sampled interval of velocity: 0.00 m/s - 13.76 m/s (planner.py:310)
INFO     [2025-01-12 11:43:36] --- current time step: 56 (frenet_interface.py:280)
INFO     [2025-01-12 11:43:36] --- current velocity: 7.5948240504298985 (frenet_interface.py:281)
INFO     [2025-01-12 11:43:36] --- current target velocity: 8.73541616941468 (frenet_interface.py:282)
INFO     [2025-01-12 11:43:38] --- Sampled interval of velocity: 0.00 m/s - 13.34 m/s (planner.py:310)
INFO     [2025-01-12 11:43:38] --- select trajectory 170 (reactive_planner_cpp.py:382)
INFO     [2025-01-12 11:43:38] --- current time step: 57 (frenet_interface.py:257)
INFO     [2025-01-12 11:43:38] --- current velocity: 7.488883020786543 (frenet_interface.py:258)
INFO     [2025-01-12 11:43:38] --- current target velocity: 8.745557316389853 (frenet_interface.py:259)
INFO     [2025-01-12 11:43:40] --- Sampled interval of velocity: 0.00 m/s - 13.24 m/s (planner.py:310)
INFO     [2025-01-12 11:43:40] --- current time step: 58 (frenet_interface.py:280)
INFO     [2025-01-12 11:43:40] --- current velocity: 7.628398271526591 (frenet_interface.py:281)
INFO     [2025-01-12 11:43:40] --- current target velocity: 8.759029844476498 (frenet_interface.py:282)
INFO     [2025-01-12 11:43:40] --- Sampled interval of velocity: 0.00 m/s - 13.38 m/s (planner.py:310)
INFO     [2025-01-12 11:43:40] --- current time step: 59 (frenet_interface.py:280)
INFO     [2025-01-12 11:43:40] --- current velocity: 7.966165912738286 (frenet_interface.py:281)
INFO     [2025-01-12 11:43:40] --- current target velocity: 8.7725225072524 (frenet_interface.py:282)
INFO     [2025-01-12 11:43:42] --- Sampled interval of velocity: 0.00 m/s - 13.72 m/s (planner.py:310)
INFO     [2025-01-12 11:43:43] --- select trajectory 551 (reactive_planner_cpp.py:382)
INFO     [2025-01-12 11:43:43] --- current time step: 60 (frenet_interface.py:257)
INFO     [2025-01-12 11:43:43] --- current velocity: 8.15806452899376 (frenet_interface.py:258)
INFO     [2025-01-12 11:43:43] --- current target velocity: 8.78363693152242 (frenet_interface.py:259)
INFO     [2025-01-12 11:43:45] --- Sampled interval of velocity: 0.00 m/s - 13.91 m/s (planner.py:310)
INFO     [2025-01-12 11:43:45] --- current time step: 61 (frenet_interface.py:280)
INFO     [2025-01-12 11:43:45] --- current velocity: 8.323482853812601 (frenet_interface.py:281)
INFO     [2025-01-12 11:43:45] --- current target velocity: 8.791865070986619 (frenet_interface.py:282)
INFO     [2025-01-12 11:43:46] --- Sampled interval of velocity: 0.00 m/s - 14.07 m/s (planner.py:310)
INFO     [2025-01-12 11:43:46] --- current time step: 62 (frenet_interface.py:280)
INFO     [2025-01-12 11:43:46] --- current velocity: 8.462929597490426 (frenet_interface.py:281)
INFO     [2025-01-12 11:43:46] --- current target velocity: 8.798225793889324 (frenet_interface.py:282)
INFO     [2025-01-12 11:43:49] --- Sampled interval of velocity: 0.00 m/s - 14.21 m/s (planner.py:310)
INFO     [2025-01-12 11:43:49] --- select trajectory 31 (reactive_planner_cpp.py:382)
INFO     [2025-01-12 11:43:49] --- current time step: 63 (frenet_interface.py:257)
INFO     [2025-01-12 11:43:49] --- current velocity: 8.502282107033697 (frenet_interface.py:258)
INFO     [2025-01-12 11:43:49] --- current target velocity: 8.80293176335177 (frenet_interface.py:259)
INFO     [2025-01-12 11:43:51] --- Sampled interval of velocity: 0.00 m/s - 14.25 m/s (planner.py:310)
INFO     [2025-01-12 11:43:51] --- current time step: 64 (frenet_interface.py:280)
INFO     [2025-01-12 11:43:51] --- current velocity: 8.50143511143763 (frenet_interface.py:281)
INFO     [2025-01-12 11:43:51] --- current target velocity: 8.806619060821133 (frenet_interface.py:282)
INFO     [2025-01-12 11:43:52] --- Sampled interval of velocity: 0.00 m/s - 14.25 m/s (planner.py:310)
INFO     [2025-01-12 11:43:52] --- current time step: 65 (frenet_interface.py:280)
INFO     [2025-01-12 11:43:52] --- current velocity: 8.470549484248073 (frenet_interface.py:281)
INFO     [2025-01-12 11:43:52] --- current target velocity: 8.810089074107145 (frenet_interface.py:282)
INFO     [2025-01-12 11:43:54] --- Sampled interval of velocity: 0.00 m/s - 14.22 m/s (planner.py:310)
INFO     [2025-01-12 11:43:54] --- select trajectory 160 (reactive_planner_cpp.py:382)
INFO     [2025-01-12 11:43:54] --- current time step: 66 (frenet_interface.py:257)
INFO     [2025-01-12 11:43:54] --- current velocity: 8.507220880762102 (frenet_interface.py:258)
INFO     [2025-01-12 11:43:54] --- current target velocity: 8.81377201141406 (frenet_interface.py:259)
INFO     [2025-01-12 11:43:56] --- Sampled interval of velocity: 0.00 m/s - 14.26 m/s (planner.py:310)
INFO     [2025-01-12 11:43:56] --- current time step: 67 (frenet_interface.py:280)
INFO     [2025-01-12 11:43:56] --- current velocity: 8.64053067478184 (frenet_interface.py:281)
INFO     [2025-01-12 11:43:56] --- current target velocity: 8.817651406476296 (frenet_interface.py:282)
INFO     [2025-01-12 11:43:57] --- Sampled interval of velocity: 0.00 m/s - 14.39 m/s (planner.py:310)
INFO     [2025-01-12 11:43:57] --- current time step: 68 (frenet_interface.py:280)
INFO     [2025-01-12 11:43:57] --- current velocity: 8.848038609508157 (frenet_interface.py:281)
INFO     [2025-01-12 11:43:57] --- current target velocity: 8.820622335680183 (frenet_interface.py:282)
INFO     [2025-01-12 11:43:59] --- Sampled interval of velocity: 0.00 m/s - 14.60 m/s (planner.py:310)
INFO     [2025-01-12 11:43:59] --- select trajectory 541 (reactive_planner_cpp.py:382)
INFO     [2025-01-12 11:43:59] --- current time step: 69 (frenet_interface.py:257)
INFO     [2025-01-12 11:43:59] --- current velocity: 8.958241414098286 (frenet_interface.py:258)
INFO     [2025-01-12 11:43:59] --- current target velocity: 8.821602345007603 (frenet_interface.py:259)
