CRITICAL [2025-01-12 11:42:46] --- Start Planner Vehicle ID: 30628 (frenet_interface.py:67)
INFO     [2025-01-12 11:42:49] --- Sampled interval of velocity: 0.00 m/s - 11.68 m/s (planner.py:310)
INFO     [2025-01-12 11:42:49] --- select trajectory 739 (reactive_planner_cpp.py:382)
INFO     [2025-01-12 11:42:49] --- current time step: 0 (frenet_interface.py:257)
INFO     [2025-01-12 11:42:49] --- current velocity: 5.934319381978183 (frenet_interface.py:258)
INFO     [2025-01-12 11:42:49] --- current target velocity: 5.9346 (frenet_interface.py:259)
INFO     [2025-01-12 11:42:50] --- Sampled interval of velocity: 0.00 m/s - 11.68 m/s (planner.py:310)
INFO     [2025-01-12 11:42:50] --- current time step: 1 (frenet_interface.py:280)
INFO     [2025-01-12 11:42:50] --- current velocity: 5.9337090522417695 (frenet_interface.py:281)
INFO     [2025-01-12 11:42:50] --- current target velocity: 5.934319381978183 (frenet_interface.py:282)
INFO     [2025-01-12 11:42:51] --- Sampled interval of velocity: 0.00 m/s - 11.68 m/s (planner.py:310)
INFO     [2025-01-12 11:42:51] --- current time step: 2 (frenet_interface.py:280)
INFO     [2025-01-12 11:42:51] --- current velocity: 5.933266446070899 (frenet_interface.py:281)
INFO     [2025-01-12 11:42:51] --- current target velocity: 5.9337090522417695 (frenet_interface.py:282)
INFO     [2025-01-12 11:42:52] --- Sampled interval of velocity: 0.00 m/s - 11.68 m/s (planner.py:310)
INFO     [2025-01-12 11:42:52] --- select trajectory 11 (reactive_planner_cpp.py:382)
INFO     [2025-01-12 11:42:52] --- current time step: 3 (frenet_interface.py:257)
INFO     [2025-01-12 11:42:52] --- current velocity: 5.902960864426053 (frenet_interface.py:258)
INFO     [2025-01-12 11:42:52] --- current target velocity: 5.933266446070899 (frenet_interface.py:259)
INFO     [2025-01-12 11:42:53] --- Sampled interval of velocity: 0.00 m/s - 11.65 m/s (planner.py:310)
INFO     [2025-01-12 11:42:53] --- current time step: 4 (frenet_interface.py:280)
INFO     [2025-01-12 11:42:53] --- current velocity: 5.817109481371866 (frenet_interface.py:281)
INFO     [2025-01-12 11:42:53] --- current target velocity: 5.902960864426053 (frenet_interface.py:282)
INFO     [2025-01-12 11:42:54] --- Sampled interval of velocity: 0.00 m/s - 11.57 m/s (planner.py:310)
INFO     [2025-01-12 11:42:54] --- current time step: 5 (frenet_interface.py:280)
INFO     [2025-01-12 11:42:54] --- current velocity: 5.683256315019338 (frenet_interface.py:281)
INFO     [2025-01-12 11:42:54] --- current target velocity: 5.817109481371866 (frenet_interface.py:282)
INFO     [2025-01-12 11:42:54] --- Sampled interval of velocity: 0.00 m/s - 11.43 m/s (planner.py:310)
INFO     [2025-01-12 11:42:54] --- select trajectory 316 (reactive_planner_cpp.py:382)
INFO     [2025-01-12 11:42:54] --- current time step: 6 (frenet_interface.py:257)
INFO     [2025-01-12 11:42:54] --- current velocity: 5.59664564566967 (frenet_interface.py:258)
INFO     [2025-01-12 11:42:54] --- current target velocity: 5.683256315019338 (frenet_interface.py:259)
INFO     [2025-01-12 11:42:56] --- Sampled interval of velocity: 0.00 m/s - 11.35 m/s (planner.py:310)
INFO     [2025-01-12 11:42:56] --- current time step: 7 (frenet_interface.py:280)
INFO     [2025-01-12 11:42:56] --- current velocity: 5.493405839649913 (frenet_interface.py:281)
INFO     [2025-01-12 11:42:56] --- current target velocity: 5.59664564566967 (frenet_interface.py:282)
INFO     [2025-01-12 11:42:56] --- Sampled interval of velocity: 0.00 m/s - 11.24 m/s (planner.py:310)
INFO     [2025-01-12 11:42:56] --- current time step: 8 (frenet_interface.py:280)
INFO     [2025-01-12 11:42:56] --- current velocity: 5.375456965316686 (frenet_interface.py:281)
INFO     [2025-01-12 11:42:56] --- current target velocity: 5.493405839649913 (frenet_interface.py:282)
INFO     [2025-01-12 11:42:57] --- Sampled interval of velocity: 0.00 m/s - 11.13 m/s (planner.py:310)
INFO     [2025-01-12 11:42:57] --- select trajectory 216 (reactive_planner_cpp.py:382)
INFO     [2025-01-12 11:42:57] --- current time step: 9 (frenet_interface.py:257)
INFO     [2025-01-12 11:42:57] --- current velocity: 5.3003934702331215 (frenet_interface.py:258)
INFO     [2025-01-12 11:42:57] --- current target velocity: 5.375456965316686 (frenet_interface.py:259)
INFO     [2025-01-12 11:42:59] --- Sampled interval of velocity: 0.00 m/s - 11.05 m/s (planner.py:310)
INFO     [2025-01-12 11:42:59] --- current time step: 10 (frenet_interface.py:280)
INFO     [2025-01-12 11:42:59] --- current velocity: 5.201845768494095 (frenet_interface.py:281)
INFO     [2025-01-12 11:42:59] --- current target velocity: 5.3003934702331215 (frenet_interface.py:282)
INFO     [2025-01-12 11:42:59] --- Sampled interval of velocity: 0.00 m/s - 10.95 m/s (planner.py:310)
INFO     [2025-01-12 11:42:59] --- current time step: 11 (frenet_interface.py:280)
INFO     [2025-01-12 11:42:59] --- current velocity: 5.0827779792109755 (frenet_interface.py:281)
INFO     [2025-01-12 11:42:59] --- current target velocity: 5.201845768494095 (frenet_interface.py:282)
INFO     [2025-01-12 11:43:00] --- Sampled interval of velocity: 0.00 m/s - 10.83 m/s (planner.py:310)
INFO     [2025-01-12 11:43:00] --- select trajectory 116 (reactive_planner_cpp.py:382)
INFO     [2025-01-12 11:43:00] --- current time step: 12 (frenet_interface.py:257)
INFO     [2025-01-12 11:43:00] --- current velocity: 4.974446768622059 (frenet_interface.py:258)
INFO     [2025-01-12 11:43:00] --- current target velocity: 5.0827779792109755 (frenet_interface.py:259)
INFO     [2025-01-12 11:43:02] --- Sampled interval of velocity: 0.00 m/s - 10.72 m/s (planner.py:310)
INFO     [2025-01-12 11:43:02] --- current time step: 13 (frenet_interface.py:280)
INFO     [2025-01-12 11:43:02] --- current velocity: 4.789956140313921 (frenet_interface.py:281)
INFO     [2025-01-12 11:43:02] --- current target velocity: 4.974446768622059 (frenet_interface.py:282)
INFO     [2025-01-12 11:43:02] --- Sampled interval of velocity: 0.00 m/s - 10.54 m/s (planner.py:310)
INFO     [2025-01-12 11:43:02] --- current time step: 14 (frenet_interface.py:280)
INFO     [2025-01-12 11:43:02] --- current velocity: 4.547540454277313 (frenet_interface.py:281)
INFO     [2025-01-12 11:43:02] --- current target velocity: 4.789956140313921 (frenet_interface.py:282)
INFO     [2025-01-12 11:43:03] --- Sampled interval of velocity: 0.00 m/s - 10.30 m/s (planner.py:310)
INFO     [2025-01-12 11:43:03] --- select trajectory 301 (reactive_planner_cpp.py:382)
INFO     [2025-01-12 11:43:03] --- current time step: 15 (frenet_interface.py:257)
INFO     [2025-01-12 11:43:03] --- current velocity: 4.408226205363684 (frenet_interface.py:258)
INFO     [2025-01-12 11:43:03] --- current target velocity: 4.547540454277313 (frenet_interface.py:259)
INFO     [2025-01-12 11:43:06] --- Sampled interval of velocity: 0.00 m/s - 10.16 m/s (planner.py:310)
INFO     [2025-01-12 11:43:06] --- current time step: 16 (frenet_interface.py:280)
INFO     [2025-01-12 11:43:06] --- current velocity: 4.2567346684477085 (frenet_interface.py:281)
INFO     [2025-01-12 11:43:06] --- current target velocity: 4.408226205363684 (frenet_interface.py:282)
INFO     [2025-01-12 11:43:06] --- Sampled interval of velocity: 0.00 m/s - 10.01 m/s (planner.py:310)
INFO     [2025-01-12 11:43:06] --- current time step: 17 (frenet_interface.py:280)
INFO     [2025-01-12 11:43:06] --- current velocity: 4.09478683966865 (frenet_interface.py:281)
INFO     [2025-01-12 11:43:06] --- current target velocity: 4.2567346684477085 (frenet_interface.py:282)
INFO     [2025-01-12 11:43:07] --- Sampled interval of velocity: 0.00 m/s - 9.84 m/s (planner.py:310)
INFO     [2025-01-12 11:43:07] --- select trajectory 401 (reactive_planner_cpp.py:382)
INFO     [2025-01-12 11:43:07] --- current time step: 18 (frenet_interface.py:257)
INFO     [2025-01-12 11:43:07] --- current velocity: 3.981268163466972 (frenet_interface.py:258)
INFO     [2025-01-12 11:43:07] --- current target velocity: 4.09478683966865 (frenet_interface.py:259)
INFO     [2025-01-12 11:43:09] --- Sampled interval of velocity: 0.00 m/s - 9.73 m/s (planner.py:310)
INFO     [2025-01-12 11:43:09] --- current time step: 19 (frenet_interface.py:280)
INFO     [2025-01-12 11:43:09] --- current velocity: 3.814000696667983 (frenet_interface.py:281)
INFO     [2025-01-12 11:43:09] --- current target velocity: 3.981268163466972 (frenet_interface.py:282)
INFO     [2025-01-12 11:43:10] --- Sampled interval of velocity: 0.00 m/s - 9.56 m/s (planner.py:310)
INFO     [2025-01-12 11:43:10] --- current time step: 20 (frenet_interface.py:280)
INFO     [2025-01-12 11:43:10] --- current velocity: 3.602995437395936 (frenet_interface.py:281)
INFO     [2025-01-12 11:43:10] --- current target velocity: 3.814000696667983 (frenet_interface.py:282)
INFO     [2025-01-12 11:43:11] --- Sampled interval of velocity: 0.00 m/s - 9.35 m/s (planner.py:310)
WARNING  [2025-01-12 11:43:11] --- No optimal trajectory available. Select stopping trajectory! (reactive_planner_cpp.py:407)
INFO     [2025-01-12 11:43:11] --- current time step: 21 (frenet_interface.py:257)
INFO     [2025-01-12 11:43:11] --- current velocity: 3.4512960357003073 (frenet_interface.py:258)
INFO     [2025-01-12 11:43:11] --- current target velocity: 3.602995437395936 (frenet_interface.py:259)
INFO     [2025-01-12 11:43:12] --- Sampled interval of velocity: 0.00 m/s - 9.20 m/s (planner.py:310)
INFO     [2025-01-12 11:43:12] --- current time step: 22 (frenet_interface.py:280)
INFO     [2025-01-12 11:43:12] --- current velocity: 3.2367417329207733 (frenet_interface.py:281)
INFO     [2025-01-12 11:43:12] --- current target velocity: 3.4512960357003073 (frenet_interface.py:282)
INFO     [2025-01-12 11:43:13] --- Sampled interval of velocity: 0.00 m/s - 8.99 m/s (planner.py:310)
INFO     [2025-01-12 11:43:13] --- current time step: 23 (frenet_interface.py:280)
INFO     [2025-01-12 11:43:13] --- current velocity: 2.975867692609331 (frenet_interface.py:281)
INFO     [2025-01-12 11:43:13] --- current target velocity: 3.2367417329207733 (frenet_interface.py:282)
INFO     [2025-01-12 11:43:14] --- Sampled interval of velocity: 0.00 m/s - 8.73 m/s (planner.py:310)
INFO     [2025-01-12 11:43:14] --- select trajectory 196 (reactive_planner_cpp.py:382)
INFO     [2025-01-12 11:43:14] --- current time step: 24 (frenet_interface.py:257)
INFO     [2025-01-12 11:43:14] --- current velocity: 2.791500785916211 (frenet_interface.py:258)
INFO     [2025-01-12 11:43:14] --- current target velocity: 2.975867692609331 (frenet_interface.py:259)
INFO     [2025-01-12 11:43:15] --- Sampled interval of velocity: 0.00 m/s - 8.54 m/s (planner.py:310)
INFO     [2025-01-12 11:43:15] --- current time step: 25 (frenet_interface.py:280)
INFO     [2025-01-12 11:43:15] --- current velocity: 2.530195102492686 (frenet_interface.py:281)
INFO     [2025-01-12 11:43:15] --- current target velocity: 2.791500785916211 (frenet_interface.py:282)
INFO     [2025-01-12 11:43:16] --- Sampled interval of velocity: 0.00 m/s - 8.28 m/s (planner.py:310)
INFO     [2025-01-12 11:43:16] --- current time step: 26 (frenet_interface.py:280)
INFO     [2025-01-12 11:43:16] --- current velocity: 2.2118422919665903 (frenet_interface.py:281)
INFO     [2025-01-12 11:43:16] --- current target velocity: 2.530195102492686 (frenet_interface.py:282)
INFO     [2025-01-12 11:43:17] --- Sampled interval of velocity: 0.00 m/s - 7.96 m/s (planner.py:310)
WARNING  [2025-01-12 11:43:17] --- No optimal trajectory available. Select stopping trajectory! (reactive_planner_cpp.py:407)
INFO     [2025-01-12 11:43:17] --- current time step: 27 (frenet_interface.py:257)
INFO     [2025-01-12 11:43:17] --- current velocity: 2.042930765664397 (frenet_interface.py:258)
INFO     [2025-01-12 11:43:17] --- current target velocity: 2.2118422919665903 (frenet_interface.py:259)
INFO     [2025-01-12 11:43:18] --- Sampled interval of velocity: 0.00 m/s - 7.79 m/s (planner.py:310)
INFO     [2025-01-12 11:43:18] --- current time step: 28 (frenet_interface.py:280)
INFO     [2025-01-12 11:43:18] --- current velocity: 1.8781210038294849 (frenet_interface.py:281)
INFO     [2025-01-12 11:43:18] --- current target velocity: 2.042930765664397 (frenet_interface.py:282)
INFO     [2025-01-12 11:43:18] --- Sampled interval of velocity: 0.00 m/s - 7.63 m/s (planner.py:310)
INFO     [2025-01-12 11:43:18] --- current time step: 29 (frenet_interface.py:280)
INFO     [2025-01-12 11:43:18] --- current velocity: 1.719938979422811 (frenet_interface.py:281)
INFO     [2025-01-12 11:43:18] --- current target velocity: 1.8781210038294849 (frenet_interface.py:282)
INFO     [2025-01-12 11:43:19] --- Sampled interval of velocity: 0.00 m/s - 7.47 m/s (planner.py:310)
WARNING  [2025-01-12 11:43:20] --- No optimal trajectory available. Select stopping trajectory! (reactive_planner_cpp.py:407)
INFO     [2025-01-12 11:43:20] --- current time step: 30 (frenet_interface.py:257)
INFO     [2025-01-12 11:43:20] --- current velocity: 1.6162564488085334 (frenet_interface.py:258)
INFO     [2025-01-12 11:43:20] --- current target velocity: 1.719938979422811 (frenet_interface.py:259)
