CRITICAL [2025-01-12 11:36:23] --- Start Planner Vehicle ID: 30602 (frenet_interface.py:67)
INFO     [2025-01-12 11:36:23] --- Sampled interval of velocity: 0.00 m/s - 12.20 m/s (planner.py:310)
INFO     [2025-01-12 11:36:23] --- select trajectory 471 (reactive_planner_cpp.py:382)
INFO     [2025-01-12 11:36:23] --- current time step: 0 (frenet_interface.py:257)
INFO     [2025-01-12 11:36:23] --- current velocity: 6.514185549470397 (frenet_interface.py:258)
INFO     [2025-01-12 11:36:23] --- current target velocity: 1.4526000000000003 (frenet_interface.py:259)
INFO     [2025-01-12 11:36:24] --- Sampled interval of velocity: 0.00 m/s - 12.26 m/s (planner.py:310)
INFO     [2025-01-12 11:36:24] --- current time step: 1 (frenet_interface.py:280)
INFO     [2025-01-12 11:36:24] --- current velocity: 6.686623192740421 (frenet_interface.py:281)
INFO     [2025-01-12 11:36:24] --- current target velocity: 1.5141855494703966 (frenet_interface.py:282)
INFO     [2025-01-12 11:36:25] --- Sampled interval of velocity: 0.00 m/s - 12.44 m/s (planner.py:310)
INFO     [2025-01-12 11:36:25] --- current time step: 2 (frenet_interface.py:280)
INFO     [2025-01-12 11:36:25] --- current velocity: 6.951437034154256 (frenet_interface.py:281)
INFO     [2025-01-12 11:36:25] --- current target velocity: 1.686623192740421 (frenet_interface.py:282)
INFO     [2025-01-12 11:36:25] --- Sampled interval of velocity: 0.00 m/s - 12.70 m/s (planner.py:310)
INFO     [2025-01-12 11:36:25] --- select trajectory 601 (reactive_planner_cpp.py:382)
INFO     [2025-01-12 11:36:25] --- current time step: 3 (frenet_interface.py:257)
INFO     [2025-01-12 11:36:25] --- current velocity: 7.0748335430426454 (frenet_interface.py:258)
INFO     [2025-01-12 11:36:25] --- current target velocity: 1.9514370341542557 (frenet_interface.py:259)
INFO     [2025-01-12 11:36:26] --- Sampled interval of velocity: 0.00 m/s - 12.82 m/s (planner.py:310)
INFO     [2025-01-12 11:36:26] --- current time step: 4 (frenet_interface.py:280)
INFO     [2025-01-12 11:36:26] --- current velocity: 7.142670997845042 (frenet_interface.py:281)
INFO     [2025-01-12 11:36:26] --- current target velocity: 2.0748335430426454 (frenet_interface.py:282)
INFO     [2025-01-12 11:36:26] --- Sampled interval of velocity: 0.00 m/s - 12.89 m/s (planner.py:310)
INFO     [2025-01-12 11:36:26] --- current time step: 5 (frenet_interface.py:280)
INFO     [2025-01-12 11:36:26] --- current velocity: 7.158682716021289 (frenet_interface.py:281)
INFO     [2025-01-12 11:36:26] --- current target velocity: 2.142670997845042 (frenet_interface.py:282)
INFO     [2025-01-12 11:36:26] --- Sampled interval of velocity: 0.00 m/s - 12.91 m/s (planner.py:310)
INFO     [2025-01-12 11:36:26] --- select trajectory 101 (reactive_planner_cpp.py:382)
INFO     [2025-01-12 11:36:26] --- current time step: 6 (frenet_interface.py:257)
INFO     [2025-01-12 11:36:26] --- current velocity: 7.025982076594442 (frenet_interface.py:258)
INFO     [2025-01-12 11:36:26] --- current target velocity: 2.158682716021289 (frenet_interface.py:259)
INFO     [2025-01-12 11:36:28] --- Sampled interval of velocity: 0.00 m/s - 12.78 m/s (planner.py:310)
INFO     [2025-01-12 11:36:28] --- current time step: 7 (frenet_interface.py:280)
INFO     [2025-01-12 11:36:28] --- current velocity: 6.669714594025362 (frenet_interface.py:281)
INFO     [2025-01-12 11:36:28] --- current target velocity: 2.025982076594442 (frenet_interface.py:282)
INFO     [2025-01-12 11:36:28] --- Sampled interval of velocity: 0.00 m/s - 12.42 m/s (planner.py:310)
INFO     [2025-01-12 11:36:28] --- current time step: 8 (frenet_interface.py:280)
INFO     [2025-01-12 11:36:28] --- current velocity: 6.13964484947952 (frenet_interface.py:281)
INFO     [2025-01-12 11:36:28] --- current target velocity: 1.6697145940253622 (frenet_interface.py:282)
INFO     [2025-01-12 11:36:29] --- Sampled interval of velocity: 0.00 m/s - 11.89 m/s (planner.py:310)
INFO     [2025-01-12 11:36:29] --- select trajectory 491 (reactive_planner_cpp.py:382)
INFO     [2025-01-12 11:36:29] --- current time step: 9 (frenet_interface.py:257)
INFO     [2025-01-12 11:36:29] --- current velocity: 5.791323749348576 (frenet_interface.py:258)
INFO     [2025-01-12 11:36:29] --- current target velocity: 1.1396448494795202 (frenet_interface.py:259)
INFO     [2025-01-12 11:36:29] --- Sampled interval of velocity: 0.00 m/s - 11.54 m/s (planner.py:310)
INFO     [2025-01-12 11:36:29] --- current time step: 10 (frenet_interface.py:280)
INFO     [2025-01-12 11:36:29] --- current velocity: 5.358503339556256 (frenet_interface.py:281)
INFO     [2025-01-12 11:36:29] --- current target velocity: 0.8184428178753554 (frenet_interface.py:282)
INFO     [2025-01-12 11:36:30] --- Sampled interval of velocity: 0.00 m/s - 11.11 m/s (planner.py:310)
INFO     [2025-01-12 11:36:30] --- current time step: 11 (frenet_interface.py:280)
INFO     [2025-01-12 11:36:30] --- current velocity: 4.858834114772194 (frenet_interface.py:281)
INFO     [2025-01-12 11:36:30] --- current target velocity: 0.7839301931321198 (frenet_interface.py:282)
INFO     [2025-01-12 11:36:30] --- Sampled interval of velocity: 0.00 m/s - 10.61 m/s (planner.py:310)
INFO     [2025-01-12 11:36:30] --- select trajectory 191 (reactive_planner_cpp.py:382)
INFO     [2025-01-12 11:36:30] --- current time step: 12 (frenet_interface.py:257)
INFO     [2025-01-12 11:36:30] --- current velocity: 4.527831237437109 (frenet_interface.py:258)
INFO     [2025-01-12 11:36:30] --- current target velocity: 0.7523276681757787 (frenet_interface.py:259)
INFO     [2025-01-12 11:36:31] --- Sampled interval of velocity: 0.00 m/s - 10.28 m/s (planner.py:310)
INFO     [2025-01-12 11:36:31] --- current time step: 13 (frenet_interface.py:280)
INFO     [2025-01-12 11:36:31] --- current velocity: 4.082525440300464 (frenet_interface.py:281)
INFO     [2025-01-12 11:36:31] --- current target velocity: 0.7232703243752477 (frenet_interface.py:282)
INFO     [2025-01-12 11:36:31] --- Sampled interval of velocity: 0.00 m/s - 9.83 m/s (planner.py:310)
INFO     [2025-01-12 11:36:31] --- current time step: 14 (frenet_interface.py:280)
INFO     [2025-01-12 11:36:31] --- current velocity: 3.553646696957304 (frenet_interface.py:281)
INFO     [2025-01-12 11:36:31] --- current target velocity: 0.696676583291319 (frenet_interface.py:282)
INFO     [2025-01-12 11:36:32] --- Sampled interval of velocity: 0.00 m/s - 9.30 m/s (planner.py:310)
INFO     [2025-01-12 11:36:32] --- select trajectory 191 (reactive_planner_cpp.py:382)
INFO     [2025-01-12 11:36:32] --- current time step: 15 (frenet_interface.py:257)
INFO     [2025-01-12 11:36:32] --- current velocity: 3.239325686198169 (frenet_interface.py:258)
INFO     [2025-01-12 11:36:32] --- current target velocity: 0.6733399723069692 (frenet_interface.py:259)
INFO     [2025-01-12 11:36:33] --- Sampled interval of velocity: 0.00 m/s - 8.99 m/s (planner.py:310)
INFO     [2025-01-12 11:36:33] --- current time step: 16 (frenet_interface.py:280)
INFO     [2025-01-12 11:36:33] --- current velocity: 2.8688726930765434 (frenet_interface.py:281)
INFO     [2025-01-12 11:36:33] --- current target velocity: 0.6528242250433645 (frenet_interface.py:282)
INFO     [2025-01-12 11:36:33] --- Sampled interval of velocity: 0.00 m/s - 8.62 m/s (planner.py:310)
INFO     [2025-01-12 11:36:33] --- current time step: 17 (frenet_interface.py:280)
INFO     [2025-01-12 11:36:33] --- current velocity: 2.460420738973281 (frenet_interface.py:281)
INFO     [2025-01-12 11:36:33] --- current target velocity: 0.6346029458133747 (frenet_interface.py:282)
INFO     [2025-01-12 11:36:33] --- Sampled interval of velocity: 0.00 m/s - 8.21 m/s (planner.py:310)
INFO     [2025-01-12 11:36:33] --- select trajectory 191 (reactive_planner_cpp.py:382)
INFO     [2025-01-12 11:36:33] --- current time step: 18 (frenet_interface.py:257)
INFO     [2025-01-12 11:36:33] --- current velocity: 2.229006339068595 (frenet_interface.py:258)
INFO     [2025-01-12 11:36:33] --- current target velocity: 0.6190879750678402 (frenet_interface.py:259)
INFO     [2025-01-12 11:36:34] --- Sampled interval of velocity: 0.00 m/s - 7.98 m/s (planner.py:310)
INFO     [2025-01-12 11:36:34] --- current time step: 19 (frenet_interface.py:280)
INFO     [2025-01-12 11:36:34] --- current velocity: 1.9639815538668794 (frenet_interface.py:281)
INFO     [2025-01-12 11:36:34] --- current target velocity: 0.6057886218824415 (frenet_interface.py:282)
INFO     [2025-01-12 11:36:35] --- Sampled interval of velocity: 0.00 m/s - 7.71 m/s (planner.py:310)
INFO     [2025-01-12 11:36:35] --- current time step: 20 (frenet_interface.py:280)
INFO     [2025-01-12 11:36:35] --- current velocity: 1.6770710139151583 (frenet_interface.py:281)
INFO     [2025-01-12 11:36:35] --- current target velocity: 0.5942148674979434 (frenet_interface.py:282)
INFO     [2025-01-12 11:36:35] --- Sampled interval of velocity: 0.00 m/s - 7.43 m/s (planner.py:310)
INFO     [2025-01-12 11:36:35] --- select trajectory 191 (reactive_planner_cpp.py:382)
INFO     [2025-01-12 11:36:35] --- current time step: 21 (frenet_interface.py:257)
INFO     [2025-01-12 11:36:35] --- current velocity: 1.516569498934815 (frenet_interface.py:258)
INFO     [2025-01-12 11:36:35] --- current target velocity: 0.5846239242410567 (frenet_interface.py:259)
INFO     [2025-01-12 11:36:36] --- Sampled interval of velocity: 0.00 m/s - 7.27 m/s (planner.py:310)
INFO     [2025-01-12 11:36:36] --- current time step: 22 (frenet_interface.py:280)
INFO     [2025-01-12 11:36:36] --- current velocity: 1.3342228598019032 (frenet_interface.py:281)
INFO     [2025-01-12 11:36:36] --- current target velocity: 0.5766370279512456 (frenet_interface.py:282)
INFO     [2025-01-12 11:36:36] --- Sampled interval of velocity: 0.00 m/s - 7.08 m/s (planner.py:310)
INFO     [2025-01-12 11:36:36] --- current time step: 23 (frenet_interface.py:280)
INFO     [2025-01-12 11:36:36] --- current velocity: 1.1378559770203578 (frenet_interface.py:281)
INFO     [2025-01-12 11:36:36] --- current target velocity: 0.5698890320979855 (frenet_interface.py:282)
INFO     [2025-01-12 11:36:37] --- Sampled interval of velocity: 0.00 m/s - 6.89 m/s (planner.py:310)
INFO     [2025-01-12 11:36:37] --- select trajectory 191 (reactive_planner_cpp.py:382)
INFO     [2025-01-12 11:36:37] --- current time step: 24 (frenet_interface.py:257)
INFO     [2025-01-12 11:36:37] --- current velocity: 1.028414784322599 (frenet_interface.py:258)
INFO     [2025-01-12 11:36:37] --- current target velocity: 0.5645531209034493 (frenet_interface.py:259)
INFO     [2025-01-12 11:36:37] --- Sampled interval of velocity: 0.00 m/s - 6.78 m/s (planner.py:310)
INFO     [2025-01-12 11:36:37] --- current time step: 25 (frenet_interface.py:280)
INFO     [2025-01-12 11:36:37] --- current velocity: 0.9043764245640893 (frenet_interface.py:281)
INFO     [2025-01-12 11:36:37] --- current target velocity: 0.5603594391319467 (frenet_interface.py:282)
INFO     [2025-01-12 11:36:37] --- Sampled interval of velocity: 0.00 m/s - 6.65 m/s (planner.py:310)
INFO     [2025-01-12 11:36:37] --- current time step: 26 (frenet_interface.py:280)
INFO     [2025-01-12 11:36:37] --- current velocity: 0.7710126167741611 (frenet_interface.py:281)
INFO     [2025-01-12 11:36:37] --- current target velocity: 0.9043764245640893 (frenet_interface.py:282)
INFO     [2025-01-12 11:36:38] --- Sampled interval of velocity: 0.00 m/s - 6.52 m/s (planner.py:310)
INFO     [2025-01-12 11:36:38] --- select trajectory 191 (reactive_planner_cpp.py:382)
INFO     [2025-01-12 11:36:38] --- current time step: 27 (frenet_interface.py:257)
INFO     [2025-01-12 11:36:38] --- current velocity: 0.6967687779456867 (frenet_interface.py:258)
INFO     [2025-01-12 11:36:38] --- current target velocity: 0.7710126167741611 (frenet_interface.py:259)
INFO     [2025-01-12 11:36:38] --- Sampled interval of velocity: 0.00 m/s - 6.45 m/s (planner.py:310)
INFO     [2025-01-12 11:36:38] --- current time step: 28 (frenet_interface.py:280)
INFO     [2025-01-12 11:36:38] --- current velocity: 0.6126824669955796 (frenet_interface.py:281)
INFO     [2025-01-12 11:36:38] --- current target velocity: 0.6967687779456867 (frenet_interface.py:282)
INFO     [2025-01-12 11:36:39] --- Sampled interval of velocity: 0.00 m/s - 6.36 m/s (planner.py:310)
INFO     [2025-01-12 11:36:39] --- current time step: 29 (frenet_interface.py:280)
INFO     [2025-01-12 11:36:39] --- current velocity: 0.5223173283991988 (frenet_interface.py:281)
INFO     [2025-01-12 11:36:39] --- current target velocity: 0.6126824669955796 (frenet_interface.py:282)
INFO     [2025-01-12 11:36:40] --- Sampled interval of velocity: 0.00 m/s - 6.27 m/s (planner.py:310)
INFO     [2025-01-12 11:36:40] --- select trajectory 191 (reactive_planner_cpp.py:382)
INFO     [2025-01-12 11:36:40] --- current time step: 30 (frenet_interface.py:257)
INFO     [2025-01-12 11:36:40] --- current velocity: 0.4720280750491898 (frenet_interface.py:258)
INFO     [2025-01-12 11:36:40] --- current target velocity: 0.5223173283991988 (frenet_interface.py:259)
INFO     [2025-01-12 11:36:40] --- Sampled interval of velocity: 0.00 m/s - 6.22 m/s (planner.py:310)
INFO     [2025-01-12 11:36:40] --- current time step: 31 (frenet_interface.py:280)
INFO     [2025-01-12 11:36:40] --- current velocity: 0.41508445780414566 (frenet_interface.py:281)
INFO     [2025-01-12 11:36:40] --- current target velocity: 0.4720280750491898 (frenet_interface.py:282)
INFO     [2025-01-12 11:36:40] --- Sampled interval of velocity: 0.00 m/s - 6.17 m/s (planner.py:310)
INFO     [2025-01-12 11:36:40] --- current time step: 32 (frenet_interface.py:280)
INFO     [2025-01-12 11:36:40] --- current velocity: 0.3538977161925445 (frenet_interface.py:281)
INFO     [2025-01-12 11:36:40] --- current target velocity: 0.41508445780414566 (frenet_interface.py:282)
INFO     [2025-01-12 11:36:41] --- Sampled interval of velocity: 0.00 m/s - 6.10 m/s (planner.py:310)
INFO     [2025-01-12 11:36:41] --- select trajectory 191 (reactive_planner_cpp.py:382)
INFO     [2025-01-12 11:36:41] --- current time step: 33 (frenet_interface.py:257)
INFO     [2025-01-12 11:36:41] --- current velocity: 0.3198501315353247 (frenet_interface.py:258)
INFO     [2025-01-12 11:36:41] --- current target velocity: 0.3538977161925445 (frenet_interface.py:259)
INFO     [2025-01-12 11:36:41] --- Sampled interval of velocity: 0.00 m/s - 6.07 m/s (planner.py:310)
INFO     [2025-01-12 11:36:41] --- current time step: 34 (frenet_interface.py:280)
INFO     [2025-01-12 11:36:41] --- current velocity: 0.2812998985678378 (frenet_interface.py:281)
INFO     [2025-01-12 11:36:41] --- current target velocity: 0.3198501315353247 (frenet_interface.py:282)
INFO     [2025-01-12 11:36:41] --- Sampled interval of velocity: 0.00 m/s - 6.03 m/s (planner.py:310)
INFO     [2025-01-12 11:36:41] --- current time step: 35 (frenet_interface.py:280)
INFO     [2025-01-12 11:36:41] --- current velocity: 0.23987896523365304 (frenet_interface.py:281)
INFO     [2025-01-12 11:36:41] --- current target velocity: 0.2812998985678378 (frenet_interface.py:282)
INFO     [2025-01-12 11:36:42] --- Sampled interval of velocity: 0.00 m/s - 5.99 m/s (planner.py:310)
INFO     [2025-01-12 11:36:42] --- select trajectory 191 (reactive_planner_cpp.py:382)
INFO     [2025-01-12 11:36:42] --- current time step: 36 (frenet_interface.py:257)
INFO     [2025-01-12 11:36:42] --- current velocity: 0.21683087096092826 (frenet_interface.py:258)
INFO     [2025-01-12 11:36:42] --- current target velocity: 0.23987896523365304 (frenet_interface.py:259)
INFO     [2025-01-12 11:36:42] --- Sampled interval of velocity: 0.00 m/s - 5.97 m/s (planner.py:310)
INFO     [2025-01-12 11:36:42] --- current time step: 37 (frenet_interface.py:280)
INFO     [2025-01-12 11:36:42] --- current velocity: 0.19073529870567574 (frenet_interface.py:281)
INFO     [2025-01-12 11:36:42] --- current target velocity: 0.21683087096092826 (frenet_interface.py:282)
INFO     [2025-01-12 11:36:43] --- Sampled interval of velocity: 0.00 m/s - 5.94 m/s (planner.py:310)
INFO     [2025-01-12 11:36:43] --- current time step: 38 (frenet_interface.py:280)
INFO     [2025-01-12 11:36:43] --- current velocity: 0.16269686277698428 (frenet_interface.py:281)
INFO     [2025-01-12 11:36:43] --- current target velocity: 0.19073529870567574 (frenet_interface.py:282)
INFO     [2025-01-12 11:36:43] --- Sampled interval of velocity: 0.00 m/s - 5.91 m/s (planner.py:310)
INFO     [2025-01-12 11:36:43] --- select trajectory 191 (reactive_planner_cpp.py:382)
INFO     [2025-01-12 11:36:43] --- current time step: 39 (frenet_interface.py:257)
INFO     [2025-01-12 11:36:43] --- current velocity: 0.14709542220642538 (frenet_interface.py:258)
INFO     [2025-01-12 11:36:43] --- current target velocity: 0.16269686277698428 (frenet_interface.py:259)
INFO     [2025-01-12 11:36:44] --- Sampled interval of velocity: 0.00 m/s - 5.90 m/s (planner.py:310)
INFO     [2025-01-12 11:36:44] --- current time step: 40 (frenet_interface.py:280)
INFO     [2025-01-12 11:36:44] --- current velocity: 0.12943122955677114 (frenet_interface.py:281)
INFO     [2025-01-12 11:36:44] --- current target velocity: 0.14709542220642538 (frenet_interface.py:282)
INFO     [2025-01-12 11:36:44] --- Sampled interval of velocity: 0.00 m/s - 5.88 m/s (planner.py:310)
INFO     [2025-01-12 11:36:44] --- current time step: 41 (frenet_interface.py:280)
INFO     [2025-01-12 11:36:44] --- current velocity: 0.11045198390398783 (frenet_interface.py:281)
INFO     [2025-01-12 11:36:44] --- current target velocity: 0.12943122955677114 (frenet_interface.py:282)
INFO     [2025-01-12 11:36:44] --- Sampled interval of velocity: 0.00 m/s - 5.86 m/s (planner.py:310)
INFO     [2025-01-12 11:36:44] --- select trajectory 191 (reactive_planner_cpp.py:382)
INFO     [2025-01-12 11:36:44] --- current time step: 42 (frenet_interface.py:257)
INFO     [2025-01-12 11:36:44] --- current velocity: 0.09989138433865191 (frenet_interface.py:258)
INFO     [2025-01-12 11:36:44] --- current target velocity: 0.11045198390398783 (frenet_interface.py:259)
INFO     [2025-01-12 11:36:45] --- Sampled interval of velocity: 0.00 m/s - 5.85 m/s (planner.py:310)
INFO     [2025-01-12 11:36:45] --- current time step: 43 (frenet_interface.py:280)
INFO     [2025-01-12 11:36:45] --- current velocity: 0.08793453274243246 (frenet_interface.py:281)
INFO     [2025-01-12 11:36:45] --- current target velocity: 0.09989138433865191 (frenet_interface.py:282)
INFO     [2025-01-12 11:36:45] --- Sampled interval of velocity: 0.00 m/s - 5.84 m/s (planner.py:310)
INFO     [2025-01-12 11:36:45] --- current time step: 44 (frenet_interface.py:280)
INFO     [2025-01-12 11:36:45] --- current velocity: 0.0750875410729428 (frenet_interface.py:281)
INFO     [2025-01-12 11:36:45] --- current target velocity: 0.08793453274243246 (frenet_interface.py:282)
INFO     [2025-01-12 11:36:45] --- Sampled interval of velocity: 0.00 m/s - 5.83 m/s (planner.py:310)
INFO     [2025-01-12 11:36:45] --- select trajectory 191 (reactive_planner_cpp.py:382)
INFO     [2025-01-12 11:36:45] --- current time step: 45 (frenet_interface.py:257)
INFO     [2025-01-12 11:36:45] --- current velocity: 0.06793911093069206 (frenet_interface.py:258)
INFO     [2025-01-12 11:36:45] --- current target velocity: 0.0750875410729428 (frenet_interface.py:259)
INFO     [2025-01-12 11:36:47] --- Sampled interval of velocity: 0.00 m/s - 5.82 m/s (planner.py:310)
INFO     [2025-01-12 11:36:47] --- current time step: 46 (frenet_interface.py:280)
INFO     [2025-01-12 11:36:47] --- current velocity: 0.059845567749768014 (frenet_interface.py:281)
INFO     [2025-01-12 11:36:47] --- current target velocity: 0.06793911093069206 (frenet_interface.py:282)
INFO     [2025-01-12 11:36:47] --- Sampled interval of velocity: 0.00 m/s - 5.81 m/s (planner.py:310)
INFO     [2025-01-12 11:36:47] --- current time step: 47 (frenet_interface.py:280)
INFO     [2025-01-12 11:36:47] --- current velocity: 0.05114949581878895 (frenet_interface.py:281)
INFO     [2025-01-12 11:36:47] --- current target velocity: 0.059845567749768014 (frenet_interface.py:282)
INFO     [2025-01-12 11:36:47] --- Sampled interval of velocity: 0.00 m/s - 5.80 m/s (planner.py:310)
INFO     [2025-01-12 11:36:47] --- select trajectory 191 (reactive_planner_cpp.py:382)
INFO     [2025-01-12 11:36:47] --- current time step: 48 (frenet_interface.py:257)
INFO     [2025-01-12 11:36:47] --- current velocity: 0.04631075636042138 (frenet_interface.py:258)
INFO     [2025-01-12 11:36:47] --- current target velocity: 0.05114949581878895 (frenet_interface.py:259)
INFO     [2025-01-12 11:36:48] --- Sampled interval of velocity: 0.00 m/s - 5.80 m/s (planner.py:310)
INFO     [2025-01-12 11:36:48] --- current time step: 49 (frenet_interface.py:280)
INFO     [2025-01-12 11:36:48] --- current velocity: 0.04083227521030059 (frenet_interface.py:281)
INFO     [2025-01-12 11:36:48] --- current target velocity: 0.04631075636042138 (frenet_interface.py:282)
INFO     [2025-01-12 11:36:48] --- Sampled interval of velocity: 0.00 m/s - 5.79 m/s (planner.py:310)
INFO     [2025-01-12 11:36:48] --- current time step: 50 (frenet_interface.py:280)
INFO     [2025-01-12 11:36:48] --- current velocity: 0.0349459458912862 (frenet_interface.py:281)
INFO     [2025-01-12 11:36:48] --- current target velocity: 0.04083227521030059 (frenet_interface.py:282)
INFO     [2025-01-12 11:36:49] --- Sampled interval of velocity: 0.00 m/s - 5.78 m/s (planner.py:310)
WARNING  [2025-01-12 11:36:49] --- Planning standstill for the current scenario (reactive_planner_cpp.py:395)
INFO     [2025-01-12 11:36:49] --- current time step: 51 (frenet_interface.py:257)
INFO     [2025-01-12 11:36:49] --- current velocity: 0.0 (frenet_interface.py:258)
INFO     [2025-01-12 11:36:49] --- current target velocity: 0.0349459458912862 (frenet_interface.py:259)
INFO     [2025-01-12 11:36:50] --- Sampled interval of velocity: 0.00 m/s - 5.75 m/s (planner.py:310)
INFO     [2025-01-12 11:36:50] --- current time step: 52 (frenet_interface.py:280)
INFO     [2025-01-12 11:36:50] --- current velocity: 0.0 (frenet_interface.py:281)
INFO     [2025-01-12 11:36:50] --- current target velocity: 0.0 (frenet_interface.py:282)
INFO     [2025-01-12 11:36:50] --- Sampled interval of velocity: 0.00 m/s - 5.75 m/s (planner.py:310)
INFO     [2025-01-12 11:36:50] --- current time step: 53 (frenet_interface.py:280)
INFO     [2025-01-12 11:36:50] --- current velocity: 0.0 (frenet_interface.py:281)
INFO     [2025-01-12 11:36:50] --- current target velocity: 0.0 (frenet_interface.py:282)
INFO     [2025-01-12 11:36:51] --- Sampled interval of velocity: 0.00 m/s - 5.75 m/s (planner.py:310)
WARNING  [2025-01-12 11:36:51] --- Planning standstill for the current scenario (reactive_planner_cpp.py:395)
INFO     [2025-01-12 11:36:51] --- current time step: 54 (frenet_interface.py:257)
INFO     [2025-01-12 11:36:51] --- current velocity: 0.0 (frenet_interface.py:258)
INFO     [2025-01-12 11:36:51] --- current target velocity: 0.0 (frenet_interface.py:259)
