CRITICAL [2025-01-12 11:31:55] --- Start Planner Vehicle ID: 3390 (frenet_interface.py:67)
INFO     [2025-01-12 11:31:56] --- Sampled interval of velocity: 0.00 m/s - 17.48 m/s (planner.py:310)
INFO     [2025-01-12 11:31:56] --- select trajectory 1 (reactive_planner_cpp.py:382)
INFO     [2025-01-12 11:31:56] --- current time step: 0 (frenet_interface.py:257)
INFO     [2025-01-12 11:31:56] --- current velocity: 11.634417886288638 (frenet_interface.py:258)
INFO     [2025-01-12 11:31:56] --- current target velocity: 8.692256955872177 (frenet_interface.py:259)
INFO     [2025-01-12 11:31:57] --- Sampled interval of velocity: 0.00 m/s - 17.38 m/s (planner.py:310)
INFO     [2025-01-12 11:31:57] --- current time step: 1 (frenet_interface.py:280)
INFO     [2025-01-12 11:31:57] --- current velocity: 11.369504440214671 (frenet_interface.py:281)
INFO     [2025-01-12 11:31:57] --- current target velocity: 8.671971901202923 (frenet_interface.py:282)
INFO     [2025-01-12 11:31:57] --- Sampled interval of velocity: 0.00 m/s - 17.12 m/s (planner.py:310)
INFO     [2025-01-12 11:31:57] --- current time step: 2 (frenet_interface.py:280)
INFO     [2025-01-12 11:31:57] --- current velocity: 10.955398176902088 (frenet_interface.py:281)
INFO     [2025-01-12 11:31:57] --- current target velocity: 8.652605226073902 (frenet_interface.py:282)
INFO     [2025-01-12 11:31:57] --- Sampled interval of velocity: 0.00 m/s - 16.71 m/s (planner.py:310)
INFO     [2025-01-12 11:31:57] --- select trajectory 1 (reactive_planner_cpp.py:382)
INFO     [2025-01-12 11:31:57] --- current time step: 3 (frenet_interface.py:257)
INFO     [2025-01-12 11:31:57] --- current velocity: 10.65667238852263 (frenet_interface.py:258)
INFO     [2025-01-12 11:31:57] --- current target velocity: 8.63530833748115 (frenet_interface.py:259)
INFO     [2025-01-12 11:31:58] --- Sampled interval of velocity: 0.00 m/s - 16.41 m/s (planner.py:310)
INFO     [2025-01-12 11:31:58] --- current time step: 4 (frenet_interface.py:280)
INFO     [2025-01-12 11:31:58] --- current velocity: 10.247359125900106 (frenet_interface.py:281)
INFO     [2025-01-12 11:31:58] --- current target velocity: 8.620265045487674 (frenet_interface.py:282)
INFO     [2025-01-12 11:31:58] --- Sampled interval of velocity: 0.00 m/s - 16.00 m/s (planner.py:310)
INFO     [2025-01-12 11:31:58] --- current time step: 5 (frenet_interface.py:280)
INFO     [2025-01-12 11:31:58] --- current velocity: 9.741150015269836 (frenet_interface.py:281)
INFO     [2025-01-12 11:31:58] --- current target velocity: 8.607511173992993 (frenet_interface.py:282)
INFO     [2025-01-12 11:31:59] --- Sampled interval of velocity: 0.00 m/s - 15.49 m/s (planner.py:310)
INFO     [2025-01-12 11:31:59] --- select trajectory 401 (reactive_planner_cpp.py:382)
INFO     [2025-01-12 11:31:59] --- current time step: 6 (frenet_interface.py:257)
INFO     [2025-01-12 11:31:59] --- current velocity: 9.389023754773753 (frenet_interface.py:258)
INFO     [2025-01-12 11:31:59] --- current target velocity: 8.597809187784579 (frenet_interface.py:259)
INFO     [2025-01-12 11:32:00] --- Sampled interval of velocity: 0.00 m/s - 15.14 m/s (planner.py:310)
INFO     [2025-01-12 11:32:00] --- current time step: 7 (frenet_interface.py:280)
INFO     [2025-01-12 11:32:00] --- current velocity: 8.900631052616351 (frenet_interface.py:281)
INFO     [2025-01-12 11:32:00] --- current target velocity: 8.590954448493932 (frenet_interface.py:282)
INFO     [2025-01-12 11:32:00] --- Sampled interval of velocity: 0.00 m/s - 14.65 m/s (planner.py:310)
INFO     [2025-01-12 11:32:00] --- current time step: 8 (frenet_interface.py:280)
INFO     [2025-01-12 11:32:00] --- current velocity: 8.303563531790068 (frenet_interface.py:281)
INFO     [2025-01-12 11:32:00] --- current target velocity: 8.58697910047748 (frenet_interface.py:282)
INFO     [2025-01-12 11:32:01] --- Sampled interval of velocity: 0.00 m/s - 14.05 m/s (planner.py:310)
INFO     [2025-01-12 11:32:01] --- select trajectory 201 (reactive_planner_cpp.py:382)
INFO     [2025-01-12 11:32:01] --- current time step: 9 (frenet_interface.py:257)
INFO     [2025-01-12 11:32:01] --- current velocity: 7.964810880704451 (frenet_interface.py:258)
INFO     [2025-01-12 11:32:01] --- current target velocity: 8.586814316569306 (frenet_interface.py:259)
INFO     [2025-01-12 11:32:02] --- Sampled interval of velocity: 0.00 m/s - 13.71 m/s (planner.py:310)
INFO     [2025-01-12 11:32:02] --- current time step: 10 (frenet_interface.py:280)
INFO     [2025-01-12 11:32:02] --- current velocity: 7.597346203968542 (frenet_interface.py:281)
INFO     [2025-01-12 11:32:02] --- current target velocity: 8.590030371198678 (frenet_interface.py:282)
INFO     [2025-01-12 11:32:02] --- Sampled interval of velocity: 0.00 m/s - 13.35 m/s (planner.py:310)
INFO     [2025-01-12 11:32:02] --- current time step: 11 (frenet_interface.py:280)
INFO     [2025-01-12 11:32:02] --- current velocity: 7.20656518042355 (frenet_interface.py:281)
INFO     [2025-01-12 11:32:02] --- current target velocity: 8.595837410028969 (frenet_interface.py:282)
INFO     [2025-01-12 11:32:03] --- Sampled interval of velocity: 0.00 m/s - 12.96 m/s (planner.py:310)
INFO     [2025-01-12 11:32:03] --- select trajectory 711 (reactive_planner_cpp.py:382)
INFO     [2025-01-12 11:32:03] --- current time step: 12 (frenet_interface.py:257)
INFO     [2025-01-12 11:32:03] --- current velocity: 7.006159446724979 (frenet_interface.py:258)
INFO     [2025-01-12 11:32:03] --- current target velocity: 8.604487187893909 (frenet_interface.py:259)
INFO     [2025-01-12 11:32:04] --- Sampled interval of velocity: 0.00 m/s - 12.76 m/s (planner.py:310)
INFO     [2025-01-12 11:32:04] --- current time step: 13 (frenet_interface.py:280)
INFO     [2025-01-12 11:32:04] --- current velocity: 6.8070789164949135 (frenet_interface.py:281)
INFO     [2025-01-12 11:32:04] --- current target velocity: 8.615444407435737 (frenet_interface.py:282)
INFO     [2025-01-12 11:32:04] --- Sampled interval of velocity: 0.00 m/s - 12.56 m/s (planner.py:310)
INFO     [2025-01-12 11:32:04] --- current time step: 14 (frenet_interface.py:280)
INFO     [2025-01-12 11:32:04] --- current velocity: 6.609707836048303 (frenet_interface.py:281)
INFO     [2025-01-12 11:32:04] --- current target velocity: 8.62804214828953 (frenet_interface.py:282)
INFO     [2025-01-12 11:32:04] --- Sampled interval of velocity: 0.00 m/s - 12.36 m/s (planner.py:310)
INFO     [2025-01-12 11:32:05] --- select trajectory 396 (reactive_planner_cpp.py:382)
INFO     [2025-01-12 11:32:05] --- current time step: 15 (frenet_interface.py:257)
INFO     [2025-01-12 11:32:05] --- current velocity: 6.483800315459599 (frenet_interface.py:258)
INFO     [2025-01-12 11:32:05] --- current target velocity: 8.642311036858157 (frenet_interface.py:259)
INFO     [2025-01-12 11:32:06] --- Sampled interval of velocity: 0.00 m/s - 12.23 m/s (planner.py:310)
INFO     [2025-01-12 11:32:06] --- current time step: 16 (frenet_interface.py:280)
INFO     [2025-01-12 11:32:06] --- current velocity: 6.305543696097429 (frenet_interface.py:281)
INFO     [2025-01-12 11:32:06] --- current target velocity: 8.65798087109847 (frenet_interface.py:282)
INFO     [2025-01-12 11:32:06] --- Sampled interval of velocity: 0.00 m/s - 12.06 m/s (planner.py:310)
INFO     [2025-01-12 11:32:06] --- current time step: 17 (frenet_interface.py:280)
INFO     [2025-01-12 11:32:06] --- current velocity: 6.080049063175772 (frenet_interface.py:281)
INFO     [2025-01-12 11:32:06] --- current target velocity: 8.675050800115791 (frenet_interface.py:282)
INFO     [2025-01-12 11:32:07] --- Sampled interval of velocity: 0.00 m/s - 11.83 m/s (planner.py:310)
INFO     [2025-01-12 11:32:07] --- select trajectory 701 (reactive_planner_cpp.py:382)
INFO     [2025-01-12 11:32:07] --- current time step: 18 (frenet_interface.py:257)
INFO     [2025-01-12 11:32:07] --- current velocity: 5.949789387488369 (frenet_interface.py:258)
INFO     [2025-01-12 11:32:07] --- current target velocity: 8.693932707218663 (frenet_interface.py:259)
INFO     [2025-01-12 11:32:08] --- Sampled interval of velocity: 0.00 m/s - 11.70 m/s (planner.py:310)
INFO     [2025-01-12 11:32:08] --- current time step: 19 (frenet_interface.py:280)
INFO     [2025-01-12 11:32:08] --- current velocity: 5.806423380442845 (frenet_interface.py:281)
INFO     [2025-01-12 11:32:08] --- current target velocity: 8.714498694450922 (frenet_interface.py:282)
INFO     [2025-01-12 11:32:08] --- Sampled interval of velocity: 0.00 m/s - 11.56 m/s (planner.py:310)
INFO     [2025-01-12 11:32:08] --- current time step: 20 (frenet_interface.py:280)
INFO     [2025-01-12 11:32:08] --- current velocity: 5.651261817818562 (frenet_interface.py:281)
INFO     [2025-01-12 11:32:08] --- current target velocity: 8.736449183736072 (frenet_interface.py:282)
INFO     [2025-01-12 11:32:08] --- Sampled interval of velocity: 0.00 m/s - 11.40 m/s (planner.py:310)
INFO     [2025-01-12 11:32:09] --- select trajectory 506 (reactive_planner_cpp.py:382)
INFO     [2025-01-12 11:32:09] --- current time step: 21 (frenet_interface.py:257)
INFO     [2025-01-12 11:32:09] --- current velocity: 5.558870035085767 (frenet_interface.py:258)
INFO     [2025-01-12 11:32:09] --- current target velocity: 8.759912991497814 (frenet_interface.py:259)
INFO     [2025-01-12 11:32:10] --- Sampled interval of velocity: 0.00 m/s - 11.31 m/s (planner.py:310)
INFO     [2025-01-12 11:32:10] --- current time step: 22 (frenet_interface.py:280)
INFO     [2025-01-12 11:32:10] --- current velocity: 5.443428552467659 (frenet_interface.py:281)
INFO     [2025-01-12 11:32:10] --- current target velocity: 8.784715314143641 (frenet_interface.py:282)
INFO     [2025-01-12 11:32:11] --- Sampled interval of velocity: 0.00 m/s - 11.19 m/s (planner.py:310)
INFO     [2025-01-12 11:32:11] --- current time step: 23 (frenet_interface.py:280)
INFO     [2025-01-12 11:32:11] --- current velocity: 5.307152119749494 (frenet_interface.py:281)
INFO     [2025-01-12 11:32:11] --- current target velocity: 8.810739789045098 (frenet_interface.py:282)
INFO     [2025-01-12 11:32:11] --- Sampled interval of velocity: 0.00 m/s - 11.06 m/s (planner.py:310)
INFO     [2025-01-12 11:32:12] --- select trajectory 206 (reactive_planner_cpp.py:382)
INFO     [2025-01-12 11:32:12] --- current time step: 24 (frenet_interface.py:257)
INFO     [2025-01-12 11:32:12] --- current velocity: 5.212489301440095 (frenet_interface.py:258)
INFO     [2025-01-12 11:32:12] --- current target velocity: 8.838190827799554 (frenet_interface.py:259)
INFO     [2025-01-12 11:32:13] --- Sampled interval of velocity: 0.00 m/s - 10.96 m/s (planner.py:310)
INFO     [2025-01-12 11:32:13] --- current time step: 25 (frenet_interface.py:280)
INFO     [2025-01-12 11:32:13] --- current velocity: 5.078281150011513 (frenet_interface.py:281)
INFO     [2025-01-12 11:32:13] --- current target velocity: 8.867000829406571 (frenet_interface.py:282)
INFO     [2025-01-12 11:32:13] --- Sampled interval of velocity: 0.00 m/s - 10.83 m/s (planner.py:310)
INFO     [2025-01-12 11:32:13] --- current time step: 26 (frenet_interface.py:280)
INFO     [2025-01-12 11:32:13] --- current velocity: 4.9088642583791495 (frenet_interface.py:281)
INFO     [2025-01-12 11:32:13] --- current target velocity: 8.897210723088243 (frenet_interface.py:282)
INFO     [2025-01-12 11:32:14] --- Sampled interval of velocity: 0.00 m/s - 10.66 m/s (planner.py:310)
INFO     [2025-01-12 11:32:14] --- select trajectory 206 (reactive_planner_cpp.py:382)
INFO     [2025-01-12 11:32:14] --- current time step: 27 (frenet_interface.py:257)
INFO     [2025-01-12 11:32:14] --- current velocity: 4.798903734690246 (frenet_interface.py:258)
INFO     [2025-01-12 11:32:14] --- current target velocity: 8.929158949744645 (frenet_interface.py:259)
INFO     [2025-01-12 11:32:15] --- Sampled interval of velocity: 0.00 m/s - 10.55 m/s (planner.py:310)
INFO     [2025-01-12 11:32:15] --- current time step: 28 (frenet_interface.py:280)
INFO     [2025-01-12 11:32:15] --- current velocity: 4.657461590268887 (frenet_interface.py:281)
INFO     [2025-01-12 11:32:15] --- current target velocity: 8.962782281597839 (frenet_interface.py:282)
INFO     [2025-01-12 11:32:15] --- Sampled interval of velocity: 0.00 m/s - 10.41 m/s (planner.py:310)
INFO     [2025-01-12 11:32:15] --- current time step: 29 (frenet_interface.py:280)
INFO     [2025-01-12 11:32:15] --- current velocity: 4.488887425776143 (frenet_interface.py:281)
INFO     [2025-01-12 11:32:15] --- current target velocity: 8.998008546899518 (frenet_interface.py:282)
INFO     [2025-01-12 11:32:16] --- Sampled interval of velocity: 0.00 m/s - 10.24 m/s (planner.py:310)
INFO     [2025-01-12 11:32:16] --- select trajectory 6 (reactive_planner_cpp.py:382)
INFO     [2025-01-12 11:32:16] --- current time step: 30 (frenet_interface.py:257)
INFO     [2025-01-12 11:32:16] --- current velocity: 4.37629297603571 (frenet_interface.py:258)
INFO     [2025-01-12 11:32:16] --- current target velocity: 9.03512416210133 (frenet_interface.py:259)
INFO     [2025-01-12 11:32:18] --- Sampled interval of velocity: 0.00 m/s - 10.13 m/s (planner.py:310)
INFO     [2025-01-12 11:32:18] --- current time step: 31 (frenet_interface.py:280)
INFO     [2025-01-12 11:32:18] --- current velocity: 4.224273105066093 (frenet_interface.py:281)
INFO     [2025-01-12 11:32:18] --- current target velocity: 9.074040857668077 (frenet_interface.py:282)
INFO     [2025-01-12 11:32:18] --- Sampled interval of velocity: 0.00 m/s - 9.97 m/s (planner.py:310)
INFO     [2025-01-12 11:32:18] --- current time step: 32 (frenet_interface.py:280)
INFO     [2025-01-12 11:32:18] --- current velocity: 4.039056690201139 (frenet_interface.py:281)
INFO     [2025-01-12 11:32:18] --- current target velocity: 9.114751616677967 (frenet_interface.py:282)
INFO     [2025-01-12 11:32:18] --- Sampled interval of velocity: 0.00 m/s - 9.79 m/s (planner.py:310)
INFO     [2025-01-12 11:32:18] --- select trajectory 406 (reactive_planner_cpp.py:382)
INFO     [2025-01-12 11:32:19] --- current time step: 33 (frenet_interface.py:257)
INFO     [2025-01-12 11:32:19] --- current velocity: 3.9115836599773397 (frenet_interface.py:258)
INFO     [2025-01-12 11:32:19] --- current target velocity: 9.03905669020114 (frenet_interface.py:259)
INFO     [2025-01-12 11:32:20] --- Sampled interval of velocity: 0.00 m/s - 9.66 m/s (planner.py:310)
INFO     [2025-01-12 11:32:20] --- current time step: 34 (frenet_interface.py:280)
INFO     [2025-01-12 11:32:20] --- current velocity: 3.7357237883025753 (frenet_interface.py:281)
INFO     [2025-01-12 11:32:20] --- current target velocity: 8.911583659977339 (frenet_interface.py:282)
INFO     [2025-01-12 11:32:20] --- Sampled interval of velocity: 0.00 m/s - 9.49 m/s (planner.py:310)
INFO     [2025-01-12 11:32:20] --- current time step: 35 (frenet_interface.py:280)
INFO     [2025-01-12 11:32:20] --- current velocity: 3.520903656943802 (frenet_interface.py:281)
INFO     [2025-01-12 11:32:20] --- current target velocity: 8.735723788302575 (frenet_interface.py:282)
INFO     [2025-01-12 11:32:21] --- Sampled interval of velocity: 0.00 m/s - 9.27 m/s (planner.py:310)
INFO     [2025-01-12 11:32:21] --- select trajectory 60 (reactive_planner_cpp.py:382)
INFO     [2025-01-12 11:32:21] --- current time step: 36 (frenet_interface.py:257)
INFO     [2025-01-12 11:32:21] --- current velocity: 3.417748173528734 (frenet_interface.py:258)
INFO     [2025-01-12 11:32:21] --- current target velocity: 8.520903656943801 (frenet_interface.py:259)
INFO     [2025-01-12 11:32:22] --- Sampled interval of velocity: 0.00 m/s - 9.17 m/s (planner.py:310)
INFO     [2025-01-12 11:32:22] --- current time step: 37 (frenet_interface.py:280)
INFO     [2025-01-12 11:32:22] --- current velocity: 3.3372893625354467 (frenet_interface.py:281)
INFO     [2025-01-12 11:32:22] --- current target velocity: 8.417748173528734 (frenet_interface.py:282)
INFO     [2025-01-12 11:32:22] --- Sampled interval of velocity: 0.00 m/s - 9.09 m/s (planner.py:310)
INFO     [2025-01-12 11:32:22] --- current time step: 38 (frenet_interface.py:280)
INFO     [2025-01-12 11:32:22] --- current velocity: 3.277147426127658 (frenet_interface.py:281)
INFO     [2025-01-12 11:32:22] --- current target velocity: 8.337289362535447 (frenet_interface.py:282)
INFO     [2025-01-12 11:32:23] --- Sampled interval of velocity: 0.00 m/s - 9.03 m/s (planner.py:310)
INFO     [2025-01-12 11:32:23] --- select trajectory 261 (reactive_planner_cpp.py:382)
INFO     [2025-01-12 11:32:23] --- current time step: 39 (frenet_interface.py:257)
INFO     [2025-01-12 11:32:23] --- current velocity: 3.2733250158976146 (frenet_interface.py:258)
INFO     [2025-01-12 11:32:23] --- current target velocity: 8.277147426127659 (frenet_interface.py:259)
INFO     [2025-01-12 11:32:24] --- Sampled interval of velocity: 0.00 m/s - 9.02 m/s (planner.py:310)
INFO     [2025-01-12 11:32:24] --- current time step: 40 (frenet_interface.py:280)
INFO     [2025-01-12 11:32:24] --- current velocity: 3.3267080935514826 (frenet_interface.py:281)
INFO     [2025-01-12 11:32:24] --- current target velocity: 8.273325015897615 (frenet_interface.py:282)
INFO     [2025-01-12 11:32:24] --- Sampled interval of velocity: 0.00 m/s - 9.08 m/s (planner.py:310)
INFO     [2025-01-12 11:32:24] --- current time step: 41 (frenet_interface.py:280)
INFO     [2025-01-12 11:32:24] --- current velocity: 3.431762582586177 (frenet_interface.py:281)
INFO     [2025-01-12 11:32:24] --- current target velocity: 8.326708093551483 (frenet_interface.py:282)
INFO     [2025-01-12 11:32:24] --- Sampled interval of velocity: 0.00 m/s - 9.18 m/s (planner.py:310)
INFO     [2025-01-12 11:32:24] --- select trajectory 71 (reactive_planner_cpp.py:382)
INFO     [2025-01-12 11:32:24] --- current time step: 42 (frenet_interface.py:257)
INFO     [2025-01-12 11:32:24] --- current velocity: 3.516519856879381 (frenet_interface.py:258)
INFO     [2025-01-12 11:32:24] --- current target velocity: 8.431762582586178 (frenet_interface.py:259)
INFO     [2025-01-12 11:32:26] --- Sampled interval of velocity: 0.00 m/s - 9.27 m/s (planner.py:310)
INFO     [2025-01-12 11:32:26] --- current time step: 43 (frenet_interface.py:280)
INFO     [2025-01-12 11:32:26] --- current velocity: 3.66726876972027 (frenet_interface.py:281)
INFO     [2025-01-12 11:32:26] --- current target velocity: 8.51651985687938 (frenet_interface.py:282)
INFO     [2025-01-12 11:32:26] --- Sampled interval of velocity: 0.00 m/s - 9.42 m/s (planner.py:310)
INFO     [2025-01-12 11:32:26] --- current time step: 44 (frenet_interface.py:280)
INFO     [2025-01-12 11:32:26] --- current velocity: 3.88014931624556 (frenet_interface.py:281)
INFO     [2025-01-12 11:32:26] --- current target velocity: 8.66726876972027 (frenet_interface.py:282)
INFO     [2025-01-12 11:32:26] --- Sampled interval of velocity: 0.00 m/s - 9.63 m/s (planner.py:310)
INFO     [2025-01-12 11:32:26] --- select trajectory 171 (reactive_planner_cpp.py:382)
INFO     [2025-01-12 11:32:26] --- current time step: 45 (frenet_interface.py:257)
INFO     [2025-01-12 11:32:26] --- current velocity: 4.073767504894693 (frenet_interface.py:258)
INFO     [2025-01-12 11:32:26] --- current target velocity: 8.88014931624556 (frenet_interface.py:259)
INFO     [2025-01-12 11:32:27] --- Sampled interval of velocity: 0.00 m/s - 9.82 m/s (planner.py:310)
INFO     [2025-01-12 11:32:27] --- current time step: 46 (frenet_interface.py:280)
INFO     [2025-01-12 11:32:27] --- current velocity: 4.430405617806525 (frenet_interface.py:281)
INFO     [2025-01-12 11:32:27] --- current target velocity: 9.073767504894693 (frenet_interface.py:282)
INFO     [2025-01-12 11:32:28] --- Sampled interval of velocity: 0.00 m/s - 10.18 m/s (planner.py:310)
INFO     [2025-01-12 11:32:28] --- current time step: 47 (frenet_interface.py:280)
INFO     [2025-01-12 11:32:28] --- current velocity: 4.904153575828892 (frenet_interface.py:281)
INFO     [2025-01-12 11:32:28] --- current target velocity: 9.430405617806525 (frenet_interface.py:282)
INFO     [2025-01-12 11:32:28] --- Sampled interval of velocity: 0.00 m/s - 10.65 m/s (planner.py:310)
INFO     [2025-01-12 11:32:28] --- select trajectory 171 (reactive_planner_cpp.py:382)
INFO     [2025-01-12 11:32:28] --- current time step: 48 (frenet_interface.py:257)
INFO     [2025-01-12 11:32:28] --- current velocity: 5.251908885165111 (frenet_interface.py:258)
INFO     [2025-01-12 11:32:28] --- current target velocity: 9.904153575828893 (frenet_interface.py:259)
INFO     [2025-01-12 11:32:29] --- Sampled interval of velocity: 0.00 m/s - 11.00 m/s (planner.py:310)
INFO     [2025-01-12 11:32:29] --- current time step: 49 (frenet_interface.py:280)
INFO     [2025-01-12 11:32:29] --- current velocity: 5.6939754647224134 (frenet_interface.py:281)
INFO     [2025-01-12 11:32:29] --- current target velocity: 10.00662176327467 (frenet_interface.py:282)
INFO     [2025-01-12 11:32:29] --- Sampled interval of velocity: 0.00 m/s - 11.44 m/s (planner.py:310)
INFO     [2025-01-12 11:32:29] --- current time step: 50 (frenet_interface.py:280)
INFO     [2025-01-12 11:32:29] --- current velocity: 6.195978058169843 (frenet_interface.py:281)
INFO     [2025-01-12 11:32:29] --- current target velocity: 10.051508709905058 (frenet_interface.py:282)
INFO     [2025-01-12 11:32:30] --- Sampled interval of velocity: 0.00 m/s - 11.95 m/s (planner.py:310)
INFO     [2025-01-12 11:32:30] --- select trajectory 141 (reactive_planner_cpp.py:382)
INFO     [2025-01-12 11:32:30] --- current time step: 51 (frenet_interface.py:257)
INFO     [2025-01-12 11:32:30] --- current velocity: 6.425869650493659 (frenet_interface.py:258)
INFO     [2025-01-12 11:32:30] --- current target velocity: 6.195978058169843 (frenet_interface.py:259)
INFO     [2025-01-12 11:32:30] --- Sampled interval of velocity: 0.00 m/s - 12.18 m/s (planner.py:310)
INFO     [2025-01-12 11:32:30] --- current time step: 52 (frenet_interface.py:280)
INFO     [2025-01-12 11:32:30] --- current velocity: 6.564799848418599 (frenet_interface.py:281)
INFO     [2025-01-12 11:32:30] --- current target velocity: 6.425869650493659 (frenet_interface.py:282)
INFO     [2025-01-12 11:32:31] --- Sampled interval of velocity: 0.00 m/s - 12.31 m/s (planner.py:310)
INFO     [2025-01-12 11:32:31] --- current time step: 53 (frenet_interface.py:280)
INFO     [2025-01-12 11:32:31] --- current velocity: 6.628632032964256 (frenet_interface.py:281)
INFO     [2025-01-12 11:32:31] --- current target velocity: 6.564799848418599 (frenet_interface.py:282)
INFO     [2025-01-12 11:32:32] --- Sampled interval of velocity: 0.00 m/s - 12.38 m/s (planner.py:310)
INFO     [2025-01-12 11:32:32] --- select trajectory 51 (reactive_planner_cpp.py:382)
INFO     [2025-01-12 11:32:32] --- current time step: 54 (frenet_interface.py:257)
INFO     [2025-01-12 11:32:32] --- current velocity: 6.643043606006387 (frenet_interface.py:258)
INFO     [2025-01-12 11:32:32] --- current target velocity: 6.628632032964256 (frenet_interface.py:259)
INFO     [2025-01-12 11:32:33] --- Sampled interval of velocity: 0.00 m/s - 12.39 m/s (planner.py:310)
INFO     [2025-01-12 11:32:33] --- current time step: 55 (frenet_interface.py:280)
INFO     [2025-01-12 11:32:33] --- current velocity: 6.6524127582241075 (frenet_interface.py:281)
INFO     [2025-01-12 11:32:33] --- current target velocity: 6.643043606006387 (frenet_interface.py:282)
INFO     [2025-01-12 11:32:33] --- Sampled interval of velocity: 0.00 m/s - 12.40 m/s (planner.py:310)
INFO     [2025-01-12 11:32:33] --- current time step: 56 (frenet_interface.py:280)
INFO     [2025-01-12 11:32:33] --- current velocity: 6.6584608451303104 (frenet_interface.py:281)
INFO     [2025-01-12 11:32:33] --- current target velocity: 6.6524127582241075 (frenet_interface.py:282)
INFO     [2025-01-12 11:32:33] --- Sampled interval of velocity: 0.00 m/s - 12.41 m/s (planner.py:310)
INFO     [2025-01-12 11:32:33] --- select trajectory 51 (reactive_planner_cpp.py:382)
INFO     [2025-01-12 11:32:33] --- current time step: 57 (frenet_interface.py:257)
INFO     [2025-01-12 11:32:33] --- current velocity: 6.659692385704691 (frenet_interface.py:258)
INFO     [2025-01-12 11:32:33] --- current target velocity: 6.6584608451303104 (frenet_interface.py:259)
INFO     [2025-01-12 11:32:34] --- Sampled interval of velocity: 0.00 m/s - 12.41 m/s (planner.py:310)
INFO     [2025-01-12 11:32:34] --- current time step: 58 (frenet_interface.py:280)
INFO     [2025-01-12 11:32:34] --- current velocity: 6.660243327123838 (frenet_interface.py:281)
INFO     [2025-01-12 11:32:34] --- current target velocity: 6.659692385704691 (frenet_interface.py:282)
INFO     [2025-01-12 11:32:35] --- Sampled interval of velocity: 0.00 m/s - 12.41 m/s (planner.py:310)
INFO     [2025-01-12 11:32:35] --- current time step: 59 (frenet_interface.py:280)
INFO     [2025-01-12 11:32:35] --- current velocity: 6.660320367368781 (frenet_interface.py:281)
INFO     [2025-01-12 11:32:35] --- current target velocity: 6.660243327123838 (frenet_interface.py:282)
INFO     [2025-01-12 11:32:35] --- Sampled interval of velocity: 0.00 m/s - 12.41 m/s (planner.py:310)
INFO     [2025-01-12 11:32:35] --- select trajectory 51 (reactive_planner_cpp.py:382)
INFO     [2025-01-12 11:32:35] --- current time step: 60 (frenet_interface.py:257)
INFO     [2025-01-12 11:32:35] --- current velocity: 6.659629258239165 (frenet_interface.py:258)
INFO     [2025-01-12 11:32:35] --- current target velocity: 6.660320367368781 (frenet_interface.py:259)
INFO     [2025-01-12 11:32:36] --- Sampled interval of velocity: 0.00 m/s - 12.41 m/s (planner.py:310)
INFO     [2025-01-12 11:32:36] --- current time step: 61 (frenet_interface.py:280)
INFO     [2025-01-12 11:32:36] --- current velocity: 6.658934266501342 (frenet_interface.py:281)
INFO     [2025-01-12 11:32:36] --- current target velocity: 6.659629258239165 (frenet_interface.py:282)
INFO     [2025-01-12 11:32:36] --- Sampled interval of velocity: 0.00 m/s - 12.41 m/s (planner.py:310)
INFO     [2025-01-12 11:32:36] --- current time step: 62 (frenet_interface.py:280)
INFO     [2025-01-12 11:32:36] --- current velocity: 6.658313048968473 (frenet_interface.py:281)
INFO     [2025-01-12 11:32:36] --- current target velocity: 6.658934266501342 (frenet_interface.py:282)
INFO     [2025-01-12 11:32:37] --- Sampled interval of velocity: 0.00 m/s - 12.41 m/s (planner.py:310)
INFO     [2025-01-12 11:32:37] --- select trajectory 51 (reactive_planner_cpp.py:382)
INFO     [2025-01-12 11:32:37] --- current time step: 63 (frenet_interface.py:257)
INFO     [2025-01-12 11:32:37] --- current velocity: 6.65766614884242 (frenet_interface.py:258)
INFO     [2025-01-12 11:32:37] --- current target velocity: 6.658313048968473 (frenet_interface.py:259)
INFO     [2025-01-12 11:32:38] --- Sampled interval of velocity: 0.00 m/s - 12.41 m/s (planner.py:310)
INFO     [2025-01-12 11:32:38] --- current time step: 64 (frenet_interface.py:280)
INFO     [2025-01-12 11:32:38] --- current velocity: 6.657076319467344 (frenet_interface.py:281)
INFO     [2025-01-12 11:32:38] --- current target velocity: 6.65766614884242 (frenet_interface.py:282)
INFO     [2025-01-12 11:32:38] --- Sampled interval of velocity: 0.00 m/s - 12.41 m/s (planner.py:310)
INFO     [2025-01-12 11:32:38] --- current time step: 65 (frenet_interface.py:280)
INFO     [2025-01-12 11:32:38] --- current velocity: 6.656523222445629 (frenet_interface.py:281)
INFO     [2025-01-12 11:32:38] --- current target velocity: 6.657076319467344 (frenet_interface.py:282)
INFO     [2025-01-12 11:32:38] --- Sampled interval of velocity: 0.00 m/s - 12.41 m/s (planner.py:310)
INFO     [2025-01-12 11:32:38] --- select trajectory 51 (reactive_planner_cpp.py:382)
INFO     [2025-01-12 11:32:38] --- current time step: 66 (frenet_interface.py:257)
INFO     [2025-01-12 11:32:38] --- current velocity: 6.6561119844085255 (frenet_interface.py:258)
INFO     [2025-01-12 11:32:38] --- current target velocity: 6.656523222445629 (frenet_interface.py:259)
INFO     [2025-01-12 11:32:40] --- Sampled interval of velocity: 0.00 m/s - 12.41 m/s (planner.py:310)
INFO     [2025-01-12 11:32:40] --- current time step: 67 (frenet_interface.py:280)
INFO     [2025-01-12 11:32:40] --- current velocity: 6.655858780171795 (frenet_interface.py:281)
INFO     [2025-01-12 11:32:40] --- current target velocity: 6.6561119844085255 (frenet_interface.py:282)
INFO     [2025-01-12 11:32:40] --- Sampled interval of velocity: 0.00 m/s - 12.41 m/s (planner.py:310)
INFO     [2025-01-12 11:32:40] --- current time step: 68 (frenet_interface.py:280)
INFO     [2025-01-12 11:32:40] --- current velocity: 6.6560326018819005 (frenet_interface.py:281)
INFO     [2025-01-12 11:32:40] --- current target velocity: 6.655858780171795 (frenet_interface.py:282)
INFO     [2025-01-12 11:32:40] --- Sampled interval of velocity: 0.00 m/s - 12.41 m/s (planner.py:310)
INFO     [2025-01-12 11:32:40] --- select trajectory 451 (reactive_planner_cpp.py:382)
INFO     [2025-01-12 11:32:40] --- current time step: 69 (frenet_interface.py:257)
INFO     [2025-01-12 11:32:40] --- current velocity: 6.6567043778333925 (frenet_interface.py:258)
INFO     [2025-01-12 11:32:40] --- current target velocity: 6.6560326018819005 (frenet_interface.py:259)
INFO     [2025-01-12 11:32:41] --- Sampled interval of velocity: 0.00 m/s - 12.41 m/s (planner.py:310)
INFO     [2025-01-12 11:32:41] --- current time step: 70 (frenet_interface.py:280)
INFO     [2025-01-12 11:32:41] --- current velocity: 6.657960035788648 (frenet_interface.py:281)
INFO     [2025-01-12 11:32:41] --- current target velocity: 6.6567043778333925 (frenet_interface.py:282)
INFO     [2025-01-12 11:32:42] --- Sampled interval of velocity: 0.00 m/s - 12.41 m/s (planner.py:310)
INFO     [2025-01-12 11:32:42] --- current time step: 71 (frenet_interface.py:280)
INFO     [2025-01-12 11:32:42] --- current velocity: 6.65980075637383 (frenet_interface.py:281)
INFO     [2025-01-12 11:32:42] --- current target velocity: 6.657960035788648 (frenet_interface.py:282)
INFO     [2025-01-12 11:32:42] --- Sampled interval of velocity: 0.00 m/s - 12.41 m/s (planner.py:310)
INFO     [2025-01-12 11:32:42] --- select trajectory 151 (reactive_planner_cpp.py:382)
INFO     [2025-01-12 11:32:42] --- current time step: 72 (frenet_interface.py:257)
INFO     [2025-01-12 11:32:42] --- current velocity: 6.661606627649857 (frenet_interface.py:258)
INFO     [2025-01-12 11:32:42] --- current target velocity: 6.65980075637383 (frenet_interface.py:259)
INFO     [2025-01-12 11:32:43] --- Sampled interval of velocity: 0.00 m/s - 12.41 m/s (planner.py:310)
INFO     [2025-01-12 11:32:43] --- current time step: 73 (frenet_interface.py:280)
INFO     [2025-01-12 11:32:43] --- current velocity: 6.663237485565043 (frenet_interface.py:281)
INFO     [2025-01-12 11:32:43] --- current target velocity: 6.661606627649857 (frenet_interface.py:282)
INFO     [2025-01-12 11:32:43] --- Sampled interval of velocity: 0.00 m/s - 12.41 m/s (planner.py:310)
INFO     [2025-01-12 11:32:43] --- current time step: 74 (frenet_interface.py:280)
INFO     [2025-01-12 11:32:43] --- current velocity: 6.6644691467722685 (frenet_interface.py:281)
INFO     [2025-01-12 11:32:43] --- current target velocity: 6.663237485565043 (frenet_interface.py:282)
INFO     [2025-01-12 11:32:43] --- Sampled interval of velocity: 0.00 m/s - 12.41 m/s (planner.py:310)
INFO     [2025-01-12 11:32:43] --- select trajectory 141 (reactive_planner_cpp.py:382)
INFO     [2025-01-12 11:32:43] --- current time step: 75 (frenet_interface.py:257)
INFO     [2025-01-12 11:32:43] --- current velocity: 6.690791154062586 (frenet_interface.py:258)
INFO     [2025-01-12 11:32:43] --- current target velocity: 6.6644691467722685 (frenet_interface.py:259)
INFO     [2025-01-12 11:32:45] --- Sampled interval of velocity: 0.00 m/s - 12.44 m/s (planner.py:310)
INFO     [2025-01-12 11:32:45] --- current time step: 76 (frenet_interface.py:280)
INFO     [2025-01-12 11:32:45] --- current velocity: 6.761134806381755 (frenet_interface.py:281)
INFO     [2025-01-12 11:32:45] --- current target velocity: 6.690791154062586 (frenet_interface.py:282)
INFO     [2025-01-12 11:32:45] --- Sampled interval of velocity: 0.00 m/s - 12.51 m/s (planner.py:310)
INFO     [2025-01-12 11:32:45] --- current time step: 77 (frenet_interface.py:280)
INFO     [2025-01-12 11:32:45] --- current velocity: 6.865723063061861 (frenet_interface.py:281)
INFO     [2025-01-12 11:32:45] --- current target velocity: 6.761134806381755 (frenet_interface.py:282)
INFO     [2025-01-12 11:32:46] --- Sampled interval of velocity: 0.00 m/s - 12.62 m/s (planner.py:310)
INFO     [2025-01-12 11:32:46] --- select trajectory 151 (reactive_planner_cpp.py:382)
INFO     [2025-01-12 11:32:46] --- current time step: 78 (frenet_interface.py:257)
INFO     [2025-01-12 11:32:46] --- current velocity: 6.914737693938662 (frenet_interface.py:258)
INFO     [2025-01-12 11:32:46] --- current target velocity: 6.865723063061861 (frenet_interface.py:259)
INFO     [2025-01-12 11:32:47] --- Sampled interval of velocity: 0.00 m/s - 12.66 m/s (planner.py:310)
INFO     [2025-01-12 11:32:47] --- current time step: 79 (frenet_interface.py:280)
INFO     [2025-01-12 11:32:47] --- current velocity: 6.945082272034651 (frenet_interface.py:281)
INFO     [2025-01-12 11:32:47] --- current target velocity: 6.914737693938662 (frenet_interface.py:282)
INFO     [2025-01-12 11:32:47] --- Sampled interval of velocity: 0.00 m/s - 12.70 m/s (planner.py:310)
INFO     [2025-01-12 11:32:47] --- current time step: 80 (frenet_interface.py:280)
INFO     [2025-01-12 11:32:47] --- current velocity: 6.959731294515258 (frenet_interface.py:281)
INFO     [2025-01-12 11:32:47] --- current target velocity: 6.945082272034651 (frenet_interface.py:282)
INFO     [2025-01-12 11:32:47] --- Sampled interval of velocity: 0.00 m/s - 12.71 m/s (planner.py:310)
INFO     [2025-01-12 11:32:48] --- select trajectory 151 (reactive_planner_cpp.py:382)
INFO     [2025-01-12 11:32:48] --- current time step: 81 (frenet_interface.py:257)
INFO     [2025-01-12 11:32:48] --- current velocity: 6.96293227653229 (frenet_interface.py:258)
INFO     [2025-01-12 11:32:48] --- current target velocity: 6.959731294515258 (frenet_interface.py:259)
INFO     [2025-01-12 11:32:49] --- Sampled interval of velocity: 0.00 m/s - 12.71 m/s (planner.py:310)
INFO     [2025-01-12 11:32:49] --- current time step: 82 (frenet_interface.py:280)
INFO     [2025-01-12 11:32:49] --- current velocity: 6.9649096446394765 (frenet_interface.py:281)
INFO     [2025-01-12 11:32:49] --- current target velocity: 6.96293227653229 (frenet_interface.py:282)
INFO     [2025-01-12 11:32:50] --- Sampled interval of velocity: 0.00 m/s - 12.71 m/s (planner.py:310)
INFO     [2025-01-12 11:32:50] --- current time step: 83 (frenet_interface.py:280)
INFO     [2025-01-12 11:32:50] --- current velocity: 6.965881284237477 (frenet_interface.py:281)
INFO     [2025-01-12 11:32:50] --- current target velocity: 6.9649096446394765 (frenet_interface.py:282)
INFO     [2025-01-12 11:32:50] --- Sampled interval of velocity: 0.00 m/s - 12.72 m/s (planner.py:310)
INFO     [2025-01-12 11:32:50] --- select trajectory 151 (reactive_planner_cpp.py:382)
INFO     [2025-01-12 11:32:50] --- current time step: 84 (frenet_interface.py:257)
INFO     [2025-01-12 11:32:50] --- current velocity: 6.966110170057496 (frenet_interface.py:258)
INFO     [2025-01-12 11:32:50] --- current target velocity: 6.965881284237477 (frenet_interface.py:259)
INFO     [2025-01-12 11:32:51] --- Sampled interval of velocity: 0.00 m/s - 12.72 m/s (planner.py:310)
INFO     [2025-01-12 11:32:51] --- current time step: 85 (frenet_interface.py:280)
INFO     [2025-01-12 11:32:51] --- current velocity: 6.966262046555911 (frenet_interface.py:281)
INFO     [2025-01-12 11:32:51] --- current target velocity: 6.966110170057496 (frenet_interface.py:282)
INFO     [2025-01-12 11:32:52] --- Sampled interval of velocity: 0.00 m/s - 12.72 m/s (planner.py:310)
INFO     [2025-01-12 11:32:52] --- current time step: 86 (frenet_interface.py:280)
INFO     [2025-01-12 11:32:52] --- current velocity: 6.9663424330135815 (frenet_interface.py:281)
INFO     [2025-01-12 11:32:52] --- current target velocity: 6.966262046555911 (frenet_interface.py:282)
INFO     [2025-01-12 11:32:52] --- Sampled interval of velocity: 0.00 m/s - 12.72 m/s (planner.py:310)
INFO     [2025-01-12 11:32:52] --- select trajectory 51 (reactive_planner_cpp.py:382)
INFO     [2025-01-12 11:32:52] --- current time step: 87 (frenet_interface.py:257)
INFO     [2025-01-12 11:32:52] --- current velocity: 6.96636637682964 (frenet_interface.py:258)
INFO     [2025-01-12 11:32:52] --- current target velocity: 6.9663424330135815 (frenet_interface.py:259)
INFO     [2025-01-12 11:32:54] --- Sampled interval of velocity: 0.00 m/s - 12.72 m/s (planner.py:310)
INFO     [2025-01-12 11:32:54] --- current time step: 88 (frenet_interface.py:280)
INFO     [2025-01-12 11:32:54] --- current velocity: 6.96638133472555 (frenet_interface.py:281)
INFO     [2025-01-12 11:32:54] --- current target velocity: 6.96636637682964 (frenet_interface.py:282)
