CRITICAL [2025-01-12 11:27:49] --- Start Planner Vehicle ID: 30685 (frenet_interface.py:67)
INFO     [2025-01-12 11:27:50] --- Sampled interval of velocity: 0.00 m/s - 12.59 m/s (planner.py:310)
INFO     [2025-01-12 11:27:50] --- select trajectory 121 (reactive_planner_cpp.py:382)
INFO     [2025-01-12 11:27:50] --- current time step: 0 (frenet_interface.py:257)
INFO     [2025-01-12 11:27:50] --- current velocity: 6.7909730501382 (frenet_interface.py:258)
INFO     [2025-01-12 11:27:50] --- current target velocity: 4.366057460228059 (frenet_interface.py:259)
INFO     [2025-01-12 11:27:53] --- Sampled interval of velocity: 0.00 m/s - 12.54 m/s (planner.py:310)
INFO     [2025-01-12 11:27:53] --- current time step: 1 (frenet_interface.py:280)
INFO     [2025-01-12 11:27:53] --- current velocity: 6.6556705352309065 (frenet_interface.py:281)
INFO     [2025-01-12 11:27:53] --- current target velocity: 4.349453537264699 (frenet_interface.py:282)
INFO     [2025-01-12 11:27:53] --- Sampled interval of velocity: 0.00 m/s - 12.41 m/s (planner.py:310)
INFO     [2025-01-12 11:27:53] --- current time step: 2 (frenet_interface.py:280)
INFO     [2025-01-12 11:27:53] --- current velocity: 6.453420410594767 (frenet_interface.py:281)
INFO     [2025-01-12 11:27:53] --- current target velocity: 4.333262590120725 (frenet_interface.py:282)
INFO     [2025-01-12 11:27:54] --- Sampled interval of velocity: 0.00 m/s - 12.20 m/s (planner.py:310)
INFO     [2025-01-12 11:27:54] --- select trajectory 121 (reactive_planner_cpp.py:382)
INFO     [2025-01-12 11:27:54] --- current time step: 3 (frenet_interface.py:257)
INFO     [2025-01-12 11:27:54] --- current velocity: 6.314893826971995 (frenet_interface.py:258)
INFO     [2025-01-12 11:27:54] --- current target velocity: 4.318016245157962 (frenet_interface.py:259)
INFO     [2025-01-12 11:27:55] --- Sampled interval of velocity: 0.00 m/s - 12.06 m/s (planner.py:310)
INFO     [2025-01-12 11:27:55] --- current time step: 4 (frenet_interface.py:280)
INFO     [2025-01-12 11:27:55] --- current velocity: 6.136245523890582 (frenet_interface.py:281)
INFO     [2025-01-12 11:27:55] --- current target velocity: 4.303740434313603 (frenet_interface.py:282)
INFO     [2025-01-12 11:27:55] --- Sampled interval of velocity: 0.00 m/s - 11.89 m/s (planner.py:310)
INFO     [2025-01-12 11:27:55] --- current time step: 5 (frenet_interface.py:280)
INFO     [2025-01-12 11:27:55] --- current velocity: 5.928752940249423 (frenet_interface.py:281)
INFO     [2025-01-12 11:27:55] --- current target velocity: 4.2903733745432735 (frenet_interface.py:282)
INFO     [2025-01-12 11:27:55] --- Sampled interval of velocity: 0.00 m/s - 11.68 m/s (planner.py:310)
INFO     [2025-01-12 11:27:55] --- select trajectory 121 (reactive_planner_cpp.py:382)
INFO     [2025-01-12 11:27:55] --- current time step: 6 (frenet_interface.py:257)
INFO     [2025-01-12 11:27:55] --- current velocity: 5.802541816920713 (frenet_interface.py:258)
INFO     [2025-01-12 11:27:55] --- current target velocity: 4.278175584072832 (frenet_interface.py:259)
INFO     [2025-01-12 11:27:57] --- Sampled interval of velocity: 0.00 m/s - 11.55 m/s (planner.py:310)
INFO     [2025-01-12 11:27:57] --- current time step: 7 (frenet_interface.py:280)
INFO     [2025-01-12 11:27:57] --- current velocity: 5.647800313186761 (frenet_interface.py:281)
INFO     [2025-01-12 11:27:57] --- current target velocity: 4.266975322177856 (frenet_interface.py:282)
INFO     [2025-01-12 11:27:57] --- Sampled interval of velocity: 0.00 m/s - 11.40 m/s (planner.py:310)
INFO     [2025-01-12 11:27:57] --- current time step: 8 (frenet_interface.py:280)
INFO     [2025-01-12 11:27:57] --- current velocity: 5.4730351724954796 (frenet_interface.py:281)
INFO     [2025-01-12 11:27:57] --- current target velocity: 4.2566178096321385 (frenet_interface.py:282)
INFO     [2025-01-12 11:27:57] --- Sampled interval of velocity: 0.00 m/s - 11.22 m/s (planner.py:310)
INFO     [2025-01-12 11:27:57] --- select trajectory 121 (reactive_planner_cpp.py:382)
INFO     [2025-01-12 11:27:57] --- current time step: 9 (frenet_interface.py:257)
INFO     [2025-01-12 11:27:57] --- current velocity: 5.368452677255174 (frenet_interface.py:258)
INFO     [2025-01-12 11:27:57] --- current target velocity: 4.247294694281296 (frenet_interface.py:259)
INFO     [2025-01-12 11:27:59] --- Sampled interval of velocity: 0.00 m/s - 11.12 m/s (planner.py:310)
INFO     [2025-01-12 11:27:59] --- current time step: 10 (frenet_interface.py:280)
INFO     [2025-01-12 11:27:59] --- current velocity: 5.241146838822534 (frenet_interface.py:281)
INFO     [2025-01-12 11:27:59] --- current target velocity: 4.23883648898166 (frenet_interface.py:282)
INFO     [2025-01-12 11:27:59] --- Sampled interval of velocity: 0.00 m/s - 10.99 m/s (planner.py:310)
INFO     [2025-01-12 11:27:59] --- current time step: 11 (frenet_interface.py:280)
INFO     [2025-01-12 11:27:59] --- current velocity: 5.09800155586859 (frenet_interface.py:281)
INFO     [2025-01-12 11:27:59] --- current target velocity: 4.231100355972001 (frenet_interface.py:282)
INFO     [2025-01-12 11:28:00] --- Sampled interval of velocity: 0.00 m/s - 10.85 m/s (planner.py:310)
INFO     [2025-01-12 11:28:00] --- select trajectory 421 (reactive_planner_cpp.py:382)
INFO     [2025-01-12 11:28:00] --- current time step: 12 (frenet_interface.py:257)
INFO     [2025-01-12 11:28:00] --- current velocity: 5.018855627500093 (frenet_interface.py:258)
INFO     [2025-01-12 11:28:00] --- current target velocity: 4.224242674959003 (frenet_interface.py:259)
INFO     [2025-01-12 11:28:01] --- Sampled interval of velocity: 0.00 m/s - 10.77 m/s (planner.py:310)
INFO     [2025-01-12 11:28:01] --- current time step: 13 (frenet_interface.py:280)
INFO     [2025-01-12 11:28:01] --- current velocity: 4.931669898247943 (frenet_interface.py:281)
INFO     [2025-01-12 11:28:01] --- current target velocity: 4.218103396075509 (frenet_interface.py:282)
INFO     [2025-01-12 11:28:01] --- Sampled interval of velocity: 0.00 m/s - 10.68 m/s (planner.py:310)
INFO     [2025-01-12 11:28:01] --- current time step: 14 (frenet_interface.py:280)
INFO     [2025-01-12 11:28:01] --- current velocity: 4.838679348494107 (frenet_interface.py:281)
INFO     [2025-01-12 11:28:01] --- current target velocity: 4.212490538379698 (frenet_interface.py:282)
INFO     [2025-01-12 11:28:01] --- Sampled interval of velocity: 0.00 m/s - 10.59 m/s (planner.py:310)
INFO     [2025-01-12 11:28:02] --- select trajectory 721 (reactive_planner_cpp.py:382)
INFO     [2025-01-12 11:28:02] --- current time step: 15 (frenet_interface.py:257)
INFO     [2025-01-12 11:28:02] --- current velocity: 4.791398228562297 (frenet_interface.py:258)
INFO     [2025-01-12 11:28:02] --- current target velocity: 4.207467542342318 (frenet_interface.py:259)
INFO     [2025-01-12 11:28:04] --- Sampled interval of velocity: 0.00 m/s - 10.54 m/s (planner.py:310)
INFO     [2025-01-12 11:28:04] --- current time step: 16 (frenet_interface.py:280)
INFO     [2025-01-12 11:28:04] --- current velocity: 4.744756252509681 (frenet_interface.py:281)
INFO     [2025-01-12 11:28:04] --- current target velocity: 4.202899657363591 (frenet_interface.py:282)
INFO     [2025-01-12 11:28:04] --- Sampled interval of velocity: 0.00 m/s - 10.49 m/s (planner.py:310)
INFO     [2025-01-12 11:28:04] --- current time step: 17 (frenet_interface.py:280)
INFO     [2025-01-12 11:28:04] --- current velocity: 4.698820780147142 (frenet_interface.py:281)
INFO     [2025-01-12 11:28:04] --- current target velocity: 4.19861842396022 (frenet_interface.py:282)
INFO     [2025-01-12 11:28:05] --- Sampled interval of velocity: 0.00 m/s - 10.45 m/s (planner.py:310)
INFO     [2025-01-12 11:28:05] --- select trajectory 721 (reactive_planner_cpp.py:382)
INFO     [2025-01-12 11:28:05] --- current time step: 18 (frenet_interface.py:257)
INFO     [2025-01-12 11:28:05] --- current velocity: 4.675001950032175 (frenet_interface.py:258)
INFO     [2025-01-12 11:28:05] --- current target velocity: 4.194625340072447 (frenet_interface.py:259)
INFO     [2025-01-12 11:28:06] --- Sampled interval of velocity: 0.00 m/s - 10.43 m/s (planner.py:310)
INFO     [2025-01-12 11:28:06] --- current time step: 19 (frenet_interface.py:280)
INFO     [2025-01-12 11:28:06] --- current velocity: 4.649219853472754 (frenet_interface.py:281)
INFO     [2025-01-12 11:28:06] --- current target velocity: 4.1908374745563 (frenet_interface.py:282)
INFO     [2025-01-12 11:28:06] --- Sampled interval of velocity: 0.00 m/s - 10.40 m/s (planner.py:310)
INFO     [2025-01-12 11:28:06] --- current time step: 20 (frenet_interface.py:280)
INFO     [2025-01-12 11:28:06] --- current velocity: 4.621661474032786 (frenet_interface.py:281)
INFO     [2025-01-12 11:28:06] --- current target velocity: 4.187183428786517 (frenet_interface.py:282)
INFO     [2025-01-12 11:28:06] --- Sampled interval of velocity: 0.00 m/s - 10.37 m/s (planner.py:310)
INFO     [2025-01-12 11:28:06] --- select trajectory 721 (reactive_planner_cpp.py:382)
INFO     [2025-01-12 11:28:06] --- current time step: 21 (frenet_interface.py:257)
INFO     [2025-01-12 11:28:06] --- current velocity: 4.606022517863049 (frenet_interface.py:258)
INFO     [2025-01-12 11:28:06] --- current target velocity: 4.1836809343321875 (frenet_interface.py:259)
INFO     [2025-01-12 11:28:09] --- Sampled interval of velocity: 0.00 m/s - 10.36 m/s (planner.py:310)
INFO     [2025-01-12 11:28:09] --- current time step: 22 (frenet_interface.py:280)
INFO     [2025-01-12 11:28:09] --- current velocity: 4.587624635912051 (frenet_interface.py:281)
INFO     [2025-01-12 11:28:09] --- current target velocity: 4.180292685927515 (frenet_interface.py:282)
INFO     [2025-01-12 11:28:10] --- Sampled interval of velocity: 0.00 m/s - 10.34 m/s (planner.py:310)
INFO     [2025-01-12 11:28:10] --- current time step: 23 (frenet_interface.py:280)
INFO     [2025-01-12 11:28:10] --- current velocity: 4.566697702928248 (frenet_interface.py:281)
INFO     [2025-01-12 11:28:10] --- current target velocity: 4.176985956095114 (frenet_interface.py:282)
INFO     [2025-01-12 11:28:10] --- Sampled interval of velocity: 0.00 m/s - 10.32 m/s (planner.py:310)
INFO     [2025-01-12 11:28:10] --- select trajectory 721 (reactive_planner_cpp.py:382)
INFO     [2025-01-12 11:28:10] --- current time step: 24 (frenet_interface.py:257)
INFO     [2025-01-12 11:28:10] --- current velocity: 4.554091263342957 (frenet_interface.py:258)
INFO     [2025-01-12 11:28:10] --- current target velocity: 4.173783808097638 (frenet_interface.py:259)
INFO     [2025-01-12 11:28:11] --- Sampled interval of velocity: 0.00 m/s - 10.30 m/s (planner.py:310)
INFO     [2025-01-12 11:28:11] --- current time step: 25 (frenet_interface.py:280)
INFO     [2025-01-12 11:28:11] --- current velocity: 4.5385433040475345 (frenet_interface.py:281)
INFO     [2025-01-12 11:28:11] --- current target velocity: 4.170664789682033 (frenet_interface.py:282)
INFO     [2025-01-12 11:28:12] --- Sampled interval of velocity: 0.00 m/s - 10.29 m/s (planner.py:310)
INFO     [2025-01-12 11:28:12] --- current time step: 26 (frenet_interface.py:280)
INFO     [2025-01-12 11:28:12] --- current velocity: 4.520290761982132 (frenet_interface.py:281)
INFO     [2025-01-12 11:28:12] --- current target velocity: 4.167609630095151 (frenet_interface.py:282)
INFO     [2025-01-12 11:28:12] --- Sampled interval of velocity: 0.00 m/s - 10.27 m/s (planner.py:310)
INFO     [2025-01-12 11:28:12] --- select trajectory 721 (reactive_planner_cpp.py:382)
INFO     [2025-01-12 11:28:12] --- current time step: 27 (frenet_interface.py:257)
INFO     [2025-01-12 11:28:12] --- current velocity: 4.508983651987997 (frenet_interface.py:258)
INFO     [2025-01-12 11:28:12] --- current target velocity: 4.164643010836567 (frenet_interface.py:259)
INFO     [2025-01-12 11:28:14] --- Sampled interval of velocity: 0.00 m/s - 10.26 m/s (planner.py:310)
INFO     [2025-01-12 11:28:14] --- current time step: 28 (frenet_interface.py:280)
INFO     [2025-01-12 11:28:14] --- current velocity: 4.494752202956567 (frenet_interface.py:281)
INFO     [2025-01-12 11:28:14] --- current target velocity: 4.161749106379285 (frenet_interface.py:282)
INFO     [2025-01-12 11:28:14] --- Sampled interval of velocity: 0.00 m/s - 10.24 m/s (planner.py:310)
INFO     [2025-01-12 11:28:14] --- current time step: 29 (frenet_interface.py:280)
INFO     [2025-01-12 11:28:14] --- current velocity: 4.4778287808975925 (frenet_interface.py:281)
INFO     [2025-01-12 11:28:14] --- current target velocity: 4.158913437866377 (frenet_interface.py:282)
INFO     [2025-01-12 11:28:15] --- Sampled interval of velocity: 0.00 m/s - 10.23 m/s (planner.py:310)
INFO     [2025-01-12 11:28:15] --- select trajectory 721 (reactive_planner_cpp.py:382)
INFO     [2025-01-12 11:28:15] --- current time step: 30 (frenet_interface.py:257)
INFO     [2025-01-12 11:28:15] --- current velocity: 4.467227718242484 (frenet_interface.py:258)
INFO     [2025-01-12 11:28:15] --- current target velocity: 4.156161052019128 (frenet_interface.py:259)
INFO     [2025-01-12 11:28:16] --- Sampled interval of velocity: 0.00 m/s - 10.22 m/s (planner.py:310)
INFO     [2025-01-12 11:28:16] --- current time step: 31 (frenet_interface.py:280)
INFO     [2025-01-12 11:28:16] --- current velocity: 4.453782888246067 (frenet_interface.py:281)
INFO     [2025-01-12 11:28:16] --- current target velocity: 4.153478234265731 (frenet_interface.py:282)
INFO     [2025-01-12 11:28:16] --- Sampled interval of velocity: 0.00 m/s - 10.20 m/s (planner.py:310)
INFO     [2025-01-12 11:28:16] --- current time step: 32 (frenet_interface.py:280)
INFO     [2025-01-12 11:28:16] --- current velocity: 4.437720269779555 (frenet_interface.py:281)
INFO     [2025-01-12 11:28:16] --- current target velocity: 4.150852317233356 (frenet_interface.py:282)
INFO     [2025-01-12 11:28:17] --- Sampled interval of velocity: 0.00 m/s - 10.19 m/s (planner.py:310)
INFO     [2025-01-12 11:28:17] --- select trajectory 721 (reactive_planner_cpp.py:382)
INFO     [2025-01-12 11:28:17] --- current time step: 33 (frenet_interface.py:257)
INFO     [2025-01-12 11:28:17] --- current velocity: 4.427618586032134 (frenet_interface.py:258)
INFO     [2025-01-12 11:28:17] --- current target velocity: 4.148308302702673 (frenet_interface.py:259)
INFO     [2025-01-12 11:28:19] --- Sampled interval of velocity: 0.00 m/s - 10.18 m/s (planner.py:310)
INFO     [2025-01-12 11:28:19] --- current time step: 34 (frenet_interface.py:280)
INFO     [2025-01-12 11:28:19] --- current velocity: 4.414776715706427 (frenet_interface.py:281)
INFO     [2025-01-12 11:28:19] --- current target velocity: 4.145833376830758 (frenet_interface.py:282)
INFO     [2025-01-12 11:28:19] --- Sampled interval of velocity: 0.00 m/s - 10.16 m/s (planner.py:310)
INFO     [2025-01-12 11:28:19] --- current time step: 35 (frenet_interface.py:280)
INFO     [2025-01-12 11:28:19] --- current velocity: 4.399411152277414 (frenet_interface.py:281)
INFO     [2025-01-12 11:28:19] --- current target velocity: 4.143415657625148 (frenet_interface.py:282)
INFO     [2025-01-12 11:28:19] --- Sampled interval of velocity: 0.00 m/s - 10.15 m/s (planner.py:310)
INFO     [2025-01-12 11:28:19] --- select trajectory 721 (reactive_planner_cpp.py:382)
INFO     [2025-01-12 11:28:19] --- current time step: 36 (frenet_interface.py:257)
INFO     [2025-01-12 11:28:19] --- current velocity: 4.389739801810261 (frenet_interface.py:258)
INFO     [2025-01-12 11:28:19] --- current target velocity: 4.141079981429455 (frenet_interface.py:259)
INFO     [2025-01-12 11:28:21] --- Sampled interval of velocity: 0.00 m/s - 10.14 m/s (planner.py:310)
INFO     [2025-01-12 11:28:21] --- current time step: 37 (frenet_interface.py:280)
INFO     [2025-01-12 11:28:21] --- current velocity: 4.377431040360238 (frenet_interface.py:281)
INFO     [2025-01-12 11:28:21] --- current target velocity: 4.138814018110118 (frenet_interface.py:282)
INFO     [2025-01-12 11:28:22] --- Sampled interval of velocity: 0.00 m/s - 10.13 m/s (planner.py:310)
INFO     [2025-01-12 11:28:22] --- current time step: 38 (frenet_interface.py:280)
INFO     [2025-01-12 11:28:22] --- current velocity: 4.362692360186356 (frenet_interface.py:281)
INFO     [2025-01-12 11:28:22] --- current target velocity: 4.1366063175253895 (frenet_interface.py:282)
INFO     [2025-01-12 11:28:22] --- Sampled interval of velocity: 0.00 m/s - 10.11 m/s (planner.py:310)
INFO     [2025-01-12 11:28:22] --- select trajectory 731 (reactive_planner_cpp.py:382)
INFO     [2025-01-12 11:28:22] --- current time step: 39 (frenet_interface.py:257)
INFO     [2025-01-12 11:28:22] --- current velocity: 4.355270064598265 (frenet_interface.py:258)
INFO     [2025-01-12 11:28:22] --- current target velocity: 4.134481530103229 (frenet_interface.py:259)
INFO     [2025-01-12 11:28:23] --- Sampled interval of velocity: 0.00 m/s - 10.11 m/s (planner.py:310)
INFO     [2025-01-12 11:28:23] --- current time step: 40 (frenet_interface.py:280)
INFO     [2025-01-12 11:28:23] --- current velocity: 4.348855380378401 (frenet_interface.py:281)
INFO     [2025-01-12 11:28:23] --- current target velocity: 4.1324219537428935 (frenet_interface.py:282)
INFO     [2025-01-12 11:28:24] --- Sampled interval of velocity: 0.00 m/s - 10.10 m/s (planner.py:310)
INFO     [2025-01-12 11:28:24] --- current time step: 41 (frenet_interface.py:280)
INFO     [2025-01-12 11:28:24] --- current velocity: 4.343394905887795 (frenet_interface.py:281)
INFO     [2025-01-12 11:28:24] --- current target velocity: 4.130388245634732 (frenet_interface.py:282)
INFO     [2025-01-12 11:28:24] --- Sampled interval of velocity: 0.00 m/s - 10.09 m/s (planner.py:310)
INFO     [2025-01-12 11:28:24] --- select trajectory 731 (reactive_planner_cpp.py:382)
INFO     [2025-01-12 11:28:24] --- current time step: 42 (frenet_interface.py:257)
INFO     [2025-01-12 11:28:24] --- current velocity: 4.341059897873199 (frenet_interface.py:258)
INFO     [2025-01-12 11:28:24] --- current target velocity: 4.128371978088088 (frenet_interface.py:259)
INFO     [2025-01-12 11:28:25] --- Sampled interval of velocity: 0.00 m/s - 10.09 m/s (planner.py:310)
INFO     [2025-01-12 11:28:25] --- current time step: 43 (frenet_interface.py:280)
INFO     [2025-01-12 11:28:25] --- current velocity: 4.339043721467434 (frenet_interface.py:281)
INFO     [2025-01-12 11:28:25] --- current target velocity: 4.126353982333192 (frenet_interface.py:282)
INFO     [2025-01-12 11:28:25] --- Sampled interval of velocity: 0.00 m/s - 10.09 m/s (planner.py:310)
INFO     [2025-01-12 11:28:25] --- current time step: 44 (frenet_interface.py:280)
INFO     [2025-01-12 11:28:25] --- current velocity: 4.337329021596016 (frenet_interface.py:281)
INFO     [2025-01-12 11:28:25] --- current target velocity: 4.124318287335782 (frenet_interface.py:282)
INFO     [2025-01-12 11:28:26] --- Sampled interval of velocity: 0.00 m/s - 10.09 m/s (planner.py:310)
INFO     [2025-01-12 11:28:26] --- select trajectory 721 (reactive_planner_cpp.py:382)
INFO     [2025-01-12 11:28:26] --- current time step: 45 (frenet_interface.py:257)
INFO     [2025-01-12 11:28:26] --- current velocity: 4.3347941876712195 (frenet_interface.py:258)
INFO     [2025-01-12 11:28:26] --- current target velocity: 4.122261416186829 (frenet_interface.py:259)
INFO     [2025-01-12 11:28:27] --- Sampled interval of velocity: 0.00 m/s - 10.08 m/s (planner.py:310)
INFO     [2025-01-12 11:28:27] --- current time step: 46 (frenet_interface.py:280)
INFO     [2025-01-12 11:28:27] --- current velocity: 4.328913178209661 (frenet_interface.py:281)
INFO     [2025-01-12 11:28:27] --- current target velocity: 4.120182254974774 (frenet_interface.py:282)
INFO     [2025-01-12 11:28:27] --- Sampled interval of velocity: 0.00 m/s - 10.08 m/s (planner.py:310)
INFO     [2025-01-12 11:28:27] --- current time step: 47 (frenet_interface.py:280)
INFO     [2025-01-12 11:28:27] --- current velocity: 4.319926179535238 (frenet_interface.py:281)
INFO     [2025-01-12 11:28:27] --- current target velocity: 4.118103853248871 (frenet_interface.py:282)
INFO     [2025-01-12 11:28:28] --- Sampled interval of velocity: 0.00 m/s - 10.07 m/s (planner.py:310)
INFO     [2025-01-12 11:28:28] --- select trajectory 731 (reactive_planner_cpp.py:382)
INFO     [2025-01-12 11:28:28] --- current time step: 48 (frenet_interface.py:257)
INFO     [2025-01-12 11:28:28] --- current velocity: 4.315044014796587 (frenet_interface.py:258)
INFO     [2025-01-12 11:28:28] --- current target velocity: 4.116058183707159 (frenet_interface.py:259)
INFO     [2025-01-12 11:28:30] --- Sampled interval of velocity: 0.00 m/s - 10.07 m/s (planner.py:310)
INFO     [2025-01-12 11:28:30] --- current time step: 49 (frenet_interface.py:280)
INFO     [2025-01-12 11:28:30] --- current velocity: 4.310824913977521 (frenet_interface.py:281)
INFO     [2025-01-12 11:28:30] --- current target velocity: 4.114044092029537 (frenet_interface.py:282)
INFO     [2025-01-12 11:28:30] --- Sampled interval of velocity: 0.00 m/s - 10.06 m/s (planner.py:310)
INFO     [2025-01-12 11:28:30] --- current time step: 50 (frenet_interface.py:280)
INFO     [2025-01-12 11:28:30] --- current velocity: 4.3072319319709385 (frenet_interface.py:281)
INFO     [2025-01-12 11:28:30] --- current target velocity: 4.112035340365033 (frenet_interface.py:282)
INFO     [2025-01-12 11:28:30] --- Sampled interval of velocity: 0.00 m/s - 10.06 m/s (planner.py:310)
INFO     [2025-01-12 11:28:30] --- select trajectory 731 (reactive_planner_cpp.py:382)
INFO     [2025-01-12 11:28:30] --- current time step: 51 (frenet_interface.py:257)
INFO     [2025-01-12 11:28:30] --- current velocity: 4.305697882176955 (frenet_interface.py:258)
INFO     [2025-01-12 11:28:30] --- current target velocity: 4.110025504660721 (frenet_interface.py:259)
INFO     [2025-01-12 11:28:32] --- Sampled interval of velocity: 0.00 m/s - 10.06 m/s (planner.py:310)
INFO     [2025-01-12 11:28:32] --- current time step: 52 (frenet_interface.py:280)
INFO     [2025-01-12 11:28:32] --- current velocity: 4.304370528319418 (frenet_interface.py:281)
INFO     [2025-01-12 11:28:32] --- current target velocity: 4.108000387828781 (frenet_interface.py:282)
INFO     [2025-01-12 11:28:32] --- Sampled interval of velocity: 0.00 m/s - 10.05 m/s (planner.py:310)
INFO     [2025-01-12 11:28:32] --- current time step: 53 (frenet_interface.py:280)
INFO     [2025-01-12 11:28:32] --- current velocity: 4.303239300942436 (frenet_interface.py:281)
INFO     [2025-01-12 11:28:32] --- current target velocity: 4.105948033209364 (frenet_interface.py:282)
INFO     [2025-01-12 11:28:32] --- Sampled interval of velocity: 0.00 m/s - 10.05 m/s (planner.py:310)
INFO     [2025-01-12 11:28:32] --- select trajectory 731 (reactive_planner_cpp.py:382)
INFO     [2025-01-12 11:28:32] --- current time step: 54 (frenet_interface.py:257)
INFO     [2025-01-12 11:28:32] --- current velocity: 4.302756190941602 (frenet_interface.py:258)
INFO     [2025-01-12 11:28:32] --- current target velocity: 4.10386544006364 (frenet_interface.py:259)
INFO     [2025-01-12 11:28:35] --- Sampled interval of velocity: 0.00 m/s - 10.05 m/s (planner.py:310)
INFO     [2025-01-12 11:28:35] --- current time step: 55 (frenet_interface.py:280)
INFO     [2025-01-12 11:28:35] --- current velocity: 4.3023372626347935 (frenet_interface.py:281)
INFO     [2025-01-12 11:28:35] --- current target velocity: 4.101747039421613 (frenet_interface.py:282)
INFO     [2025-01-12 11:28:36] --- Sampled interval of velocity: 0.00 m/s - 10.05 m/s (planner.py:310)
INFO     [2025-01-12 11:28:36] --- current time step: 56 (frenet_interface.py:280)
INFO     [2025-01-12 11:28:36] --- current velocity: 4.301980623639155 (frenet_interface.py:281)
INFO     [2025-01-12 11:28:36] --- current target velocity: 4.099587943635788 (frenet_interface.py:282)
INFO     [2025-01-12 11:28:36] --- Sampled interval of velocity: 0.00 m/s - 10.05 m/s (planner.py:310)
INFO     [2025-01-12 11:28:36] --- select trajectory 721 (reactive_planner_cpp.py:382)
INFO     [2025-01-12 11:28:36] --- current time step: 57 (frenet_interface.py:257)
INFO     [2025-01-12 11:28:36] --- current velocity: 4.300094529911562 (frenet_interface.py:258)
INFO     [2025-01-12 11:28:36] --- current target velocity: 4.0973861294145175 (frenet_interface.py:259)
INFO     [2025-01-12 11:28:37] --- Sampled interval of velocity: 0.00 m/s - 10.05 m/s (planner.py:310)
INFO     [2025-01-12 11:28:37] --- current time step: 58 (frenet_interface.py:280)
INFO     [2025-01-12 11:28:37] --- current velocity: 4.294919737084046 (frenet_interface.py:281)
INFO     [2025-01-12 11:28:37] --- current target velocity: 4.095145076242218 (frenet_interface.py:282)
INFO     [2025-01-12 11:28:37] --- Sampled interval of velocity: 0.00 m/s - 10.04 m/s (planner.py:310)
INFO     [2025-01-12 11:28:37] --- current time step: 59 (frenet_interface.py:280)
INFO     [2025-01-12 11:28:37] --- current velocity: 4.286691530470766 (frenet_interface.py:281)
INFO     [2025-01-12 11:28:37] --- current target velocity: 4.0928936696067915 (frenet_interface.py:282)
INFO     [2025-01-12 11:28:38] --- Sampled interval of velocity: 0.00 m/s - 10.04 m/s (planner.py:310)
INFO     [2025-01-12 11:28:38] --- select trajectory 731 (reactive_planner_cpp.py:382)
INFO     [2025-01-12 11:28:38] --- current time step: 60 (frenet_interface.py:257)
INFO     [2025-01-12 11:28:38] --- current velocity: 4.282170519671826 (frenet_interface.py:258)
INFO     [2025-01-12 11:28:38] --- current target velocity: 4.090667189765234 (frenet_interface.py:259)
INFO     [2025-01-12 11:28:40] --- Sampled interval of velocity: 0.00 m/s - 10.03 m/s (planner.py:310)
INFO     [2025-01-12 11:28:40] --- current time step: 61 (frenet_interface.py:280)
INFO     [2025-01-12 11:28:40] --- current velocity: 4.278262324955503 (frenet_interface.py:281)
INFO     [2025-01-12 11:28:40] --- current target velocity: 4.088465924094988 (frenet_interface.py:282)
INFO     [2025-01-12 11:28:41] --- Sampled interval of velocity: 0.00 m/s - 10.03 m/s (planner.py:310)
INFO     [2025-01-12 11:28:41] --- current time step: 62 (frenet_interface.py:280)
INFO     [2025-01-12 11:28:41] --- current velocity: 4.274934649243016 (frenet_interface.py:281)
INFO     [2025-01-12 11:28:41] --- current target velocity: 4.086262468591443 (frenet_interface.py:282)
INFO     [2025-01-12 11:28:41] --- Sampled interval of velocity: 0.00 m/s - 10.02 m/s (planner.py:310)
INFO     [2025-01-12 11:28:41] --- select trajectory 731 (reactive_planner_cpp.py:382)
INFO     [2025-01-12 11:28:41] --- current time step: 63 (frenet_interface.py:257)
INFO     [2025-01-12 11:28:41] --- current velocity: 4.273510496189206 (frenet_interface.py:258)
INFO     [2025-01-12 11:28:41] --- current target velocity: 4.084049808206409 (frenet_interface.py:259)
INFO     [2025-01-12 11:28:43] --- Sampled interval of velocity: 0.00 m/s - 10.02 m/s (planner.py:310)
INFO     [2025-01-12 11:28:43] --- current time step: 64 (frenet_interface.py:280)
INFO     [2025-01-12 11:28:43] --- current velocity: 4.272279348794342 (frenet_interface.py:281)
INFO     [2025-01-12 11:28:43] --- current target velocity: 4.081812678046739 (frenet_interface.py:282)
INFO     [2025-01-12 11:28:44] --- Sampled interval of velocity: 0.00 m/s - 10.02 m/s (planner.py:310)
INFO     [2025-01-12 11:28:44] --- current time step: 65 (frenet_interface.py:280)
INFO     [2025-01-12 11:28:44] --- current velocity: 4.271231089383896 (frenet_interface.py:281)
INFO     [2025-01-12 11:28:44] --- current target velocity: 4.079538077942681 (frenet_interface.py:282)
INFO     [2025-01-12 11:28:45] --- Sampled interval of velocity: 0.00 m/s - 10.02 m/s (planner.py:310)
INFO     [2025-01-12 11:28:45] --- select trajectory 731 (reactive_planner_cpp.py:382)
INFO     [2025-01-12 11:28:45] --- current time step: 66 (frenet_interface.py:257)
INFO     [2025-01-12 11:28:45] --- current velocity: 4.270782442416399 (frenet_interface.py:258)
INFO     [2025-01-12 11:28:45] --- current target velocity: 4.077222388881029 (frenet_interface.py:259)
INFO     [2025-01-12 11:28:47] --- Sampled interval of velocity: 0.00 m/s - 10.02 m/s (planner.py:310)
INFO     [2025-01-12 11:28:47] --- current time step: 67 (frenet_interface.py:280)
INFO     [2025-01-12 11:28:47] --- current velocity: 4.270394608908201 (frenet_interface.py:281)
INFO     [2025-01-12 11:28:47] --- current target velocity: 4.074859229327954 (frenet_interface.py:282)
INFO     [2025-01-12 11:28:47] --- Sampled interval of velocity: 0.00 m/s - 10.02 m/s (planner.py:310)
INFO     [2025-01-12 11:28:47] --- current time step: 68 (frenet_interface.py:280)
INFO     [2025-01-12 11:28:47] --- current velocity: 4.270064392195746 (frenet_interface.py:281)
INFO     [2025-01-12 11:28:47] --- current target velocity: 4.072442879875692 (frenet_interface.py:282)
INFO     [2025-01-12 11:28:48] --- Sampled interval of velocity: 0.00 m/s - 10.02 m/s (planner.py:310)
INFO     [2025-01-12 11:28:48] --- select trajectory 721 (reactive_planner_cpp.py:382)
INFO     [2025-01-12 11:28:48] --- current time step: 69 (frenet_interface.py:257)
INFO     [2025-01-12 11:28:48] --- current velocity: 4.2682545989248935 (frenet_interface.py:258)
INFO     [2025-01-12 11:28:48] --- current target velocity: 4.069970605777989 (frenet_interface.py:259)
INFO     [2025-01-12 11:28:49] --- Sampled interval of velocity: 0.00 m/s - 10.02 m/s (planner.py:310)
INFO     [2025-01-12 11:28:49] --- current time step: 70 (frenet_interface.py:280)
INFO     [2025-01-12 11:28:49] --- current velocity: 4.263278713837017 (frenet_interface.py:281)
INFO     [2025-01-12 11:28:49] --- current target velocity: 4.067445768236135 (frenet_interface.py:282)
INFO     [2025-01-12 11:28:49] --- Sampled interval of velocity: 0.00 m/s - 10.01 m/s (planner.py:310)
INFO     [2025-01-12 11:28:49] --- current time step: 71 (frenet_interface.py:280)
INFO     [2025-01-12 11:28:49] --- current velocity: 4.255363255173094 (frenet_interface.py:281)
INFO     [2025-01-12 11:28:49] --- current target velocity: 4.064899931009875 (frenet_interface.py:282)
INFO     [2025-01-12 11:28:51] --- Sampled interval of velocity: 0.00 m/s - 10.01 m/s (planner.py:310)
INFO     [2025-01-12 11:28:51] --- select trajectory 731 (reactive_planner_cpp.py:382)
INFO     [2025-01-12 11:28:51] --- current time step: 72 (frenet_interface.py:257)
INFO     [2025-01-12 11:28:51] --- current velocity: 4.251013534936167 (frenet_interface.py:258)
INFO     [2025-01-12 11:28:51] --- current target velocity: 4.06237192320566 (frenet_interface.py:259)
INFO     [2025-01-12 11:28:53] --- Sampled interval of velocity: 0.00 m/s - 10.00 m/s (planner.py:310)
INFO     [2025-01-12 11:28:53] --- current time step: 73 (frenet_interface.py:280)
INFO     [2025-01-12 11:28:53] --- current velocity: 4.247253434816063 (frenet_interface.py:281)
INFO     [2025-01-12 11:28:53] --- current target velocity: 4.059861843405719 (frenet_interface.py:282)
INFO     [2025-01-12 11:28:53] --- Sampled interval of velocity: 0.00 m/s - 10.00 m/s (planner.py:310)
INFO     [2025-01-12 11:28:53] --- current time step: 74 (frenet_interface.py:280)
INFO     [2025-01-12 11:28:53] --- current velocity: 4.244051921061968 (frenet_interface.py:281)
INFO     [2025-01-12 11:28:53] --- current target velocity: 4.057338859153522 (frenet_interface.py:282)
INFO     [2025-01-12 11:28:54] --- Sampled interval of velocity: 0.00 m/s - 9.99 m/s (planner.py:310)
INFO     [2025-01-12 11:28:54] --- select trajectory 741 (reactive_planner_cpp.py:382)
INFO     [2025-01-12 11:28:54] --- current time step: 75 (frenet_interface.py:257)
INFO     [2025-01-12 11:28:54] --- current velocity: 4.242681763388745 (frenet_interface.py:258)
INFO     [2025-01-12 11:28:54] --- current target velocity: 4.054794689173679 (frenet_interface.py:259)
INFO     [2025-01-12 11:28:57] --- Sampled interval of velocity: 0.00 m/s - 9.99 m/s (planner.py:310)
INFO     [2025-01-12 11:28:57] --- current time step: 76 (frenet_interface.py:280)
INFO     [2025-01-12 11:28:57] --- current velocity: 4.241497336017779 (frenet_interface.py:281)
INFO     [2025-01-12 11:28:57] --- current target velocity: 4.052211726443079 (frenet_interface.py:282)
INFO     [2025-01-12 11:28:58] --- Sampled interval of velocity: 0.00 m/s - 9.99 m/s (planner.py:310)
INFO     [2025-01-12 11:28:58] --- current time step: 77 (frenet_interface.py:280)
INFO     [2025-01-12 11:28:58] --- current velocity: 4.2404888613428495 (frenet_interface.py:281)
INFO     [2025-01-12 11:28:58] --- current target velocity: 4.049574743672591 (frenet_interface.py:282)
INFO     [2025-01-12 11:28:58] --- Sampled interval of velocity: 0.00 m/s - 9.99 m/s (planner.py:310)
INFO     [2025-01-12 11:28:58] --- select trajectory 721 (reactive_planner_cpp.py:382)
INFO     [2025-01-12 11:28:58] --- current time step: 78 (frenet_interface.py:257)
INFO     [2025-01-12 11:28:58] --- current velocity: 4.23844904925703 (frenet_interface.py:258)
INFO     [2025-01-12 11:28:58] --- current target velocity: 4.046878911257408 (frenet_interface.py:259)
INFO     [2025-01-12 11:29:01] --- Sampled interval of velocity: 0.00 m/s - 9.99 m/s (planner.py:310)
INFO     [2025-01-12 11:29:01] --- current time step: 79 (frenet_interface.py:280)
INFO     [2025-01-12 11:29:01] --- current velocity: 4.233397504280307 (frenet_interface.py:281)
INFO     [2025-01-12 11:29:01] --- current target velocity: 4.0441239108637195 (frenet_interface.py:282)
INFO     [2025-01-12 11:29:01] --- Sampled interval of velocity: 0.00 m/s - 9.98 m/s (planner.py:310)
INFO     [2025-01-12 11:29:01] --- current time step: 80 (frenet_interface.py:280)
INFO     [2025-01-12 11:29:01] --- current velocity: 4.225550450687447 (frenet_interface.py:281)
INFO     [2025-01-12 11:29:01] --- current target velocity: 4.041340703248523 (frenet_interface.py:282)
INFO     [2025-01-12 11:29:02] --- Sampled interval of velocity: 0.00 m/s - 9.98 m/s (planner.py:310)
INFO     [2025-01-12 11:29:02] --- select trajectory 746 (reactive_planner_cpp.py:382)
INFO     [2025-01-12 11:29:02] --- current time step: 81 (frenet_interface.py:257)
INFO     [2025-01-12 11:29:02] --- current velocity: 4.221264742482638 (frenet_interface.py:258)
INFO     [2025-01-12 11:29:02] --- current target velocity: 4.038570744241133 (frenet_interface.py:259)
INFO     [2025-01-12 11:29:04] --- Sampled interval of velocity: 0.00 m/s - 9.97 m/s (planner.py:310)
INFO     [2025-01-12 11:29:04] --- current time step: 82 (frenet_interface.py:280)
INFO     [2025-01-12 11:29:04] --- current velocity: 4.217559966719085 (frenet_interface.py:281)
INFO     [2025-01-12 11:29:04] --- current target velocity: 4.035812726985241 (frenet_interface.py:282)
INFO     [2025-01-12 11:29:04] --- Sampled interval of velocity: 0.00 m/s - 9.97 m/s (planner.py:310)
INFO     [2025-01-12 11:29:04] --- current time step: 83 (frenet_interface.py:280)
INFO     [2025-01-12 11:29:04] --- current velocity: 4.214405547610095 (frenet_interface.py:281)
INFO     [2025-01-12 11:29:04] --- current target velocity: 4.033031628710298 (frenet_interface.py:282)
INFO     [2025-01-12 11:29:04] --- Sampled interval of velocity: 0.00 m/s - 9.96 m/s (planner.py:310)
INFO     [2025-01-12 11:29:04] --- select trajectory 721 (reactive_planner_cpp.py:382)
INFO     [2025-01-12 11:29:04] --- current time step: 84 (frenet_interface.py:257)
INFO     [2025-01-12 11:29:04] --- current velocity: 4.211500440109532 (frenet_interface.py:258)
INFO     [2025-01-12 11:29:04] --- current target velocity: 4.03021768180116 (frenet_interface.py:259)
INFO     [2025-01-12 11:29:08] --- Sampled interval of velocity: 0.00 m/s - 9.96 m/s (planner.py:310)
INFO     [2025-01-12 11:29:08] --- current time step: 85 (frenet_interface.py:280)
INFO     [2025-01-12 11:29:08] --- current velocity: 4.205809523646776 (frenet_interface.py:281)
INFO     [2025-01-12 11:29:08] --- current target velocity: 4.027358682919133 (frenet_interface.py:282)
INFO     [2025-01-12 11:29:08] --- Sampled interval of velocity: 0.00 m/s - 9.96 m/s (planner.py:310)
INFO     [2025-01-12 11:29:08] --- current time step: 86 (frenet_interface.py:280)
INFO     [2025-01-12 11:29:08] --- current velocity: 4.19753522564964 (frenet_interface.py:281)
INFO     [2025-01-12 11:29:08] --- current target velocity: 4.024477411899325 (frenet_interface.py:282)
INFO     [2025-01-12 11:29:08] --- Sampled interval of velocity: 0.00 m/s - 9.95 m/s (planner.py:310)
INFO     [2025-01-12 11:29:08] --- select trajectory 741 (reactive_planner_cpp.py:382)
INFO     [2025-01-12 11:29:08] --- current time step: 87 (frenet_interface.py:257)
INFO     [2025-01-12 11:29:08] --- current velocity: 4.193097291876902 (frenet_interface.py:258)
INFO     [2025-01-12 11:29:08] --- current target velocity: 4.02161609090542 (frenet_interface.py:259)
INFO     [2025-01-12 11:29:12] --- Sampled interval of velocity: 0.00 m/s - 9.94 m/s (planner.py:310)
INFO     [2025-01-12 11:29:12] --- current time step: 88 (frenet_interface.py:280)
INFO     [2025-01-12 11:29:12] --- current velocity: 4.189260934771479 (frenet_interface.py:281)
INFO     [2025-01-12 11:29:12] --- current target velocity: 4.018769388548223 (frenet_interface.py:282)
INFO     [2025-01-12 11:29:12] --- Sampled interval of velocity: 0.00 m/s - 9.94 m/s (planner.py:310)
INFO     [2025-01-12 11:29:12] --- current time step: 89 (frenet_interface.py:280)
INFO     [2025-01-12 11:29:12] --- current velocity: 4.1859944874293396 (frenet_interface.py:281)
INFO     [2025-01-12 11:29:12] --- current target velocity: 4.015896704047196 (frenet_interface.py:282)
INFO     [2025-01-12 11:29:13] --- Sampled interval of velocity: 0.00 m/s - 9.94 m/s (planner.py:310)
INFO     [2025-01-12 11:29:13] --- select trajectory 741 (reactive_planner_cpp.py:382)
INFO     [2025-01-12 11:29:13] --- current time step: 90 (frenet_interface.py:257)
INFO     [2025-01-12 11:29:13] --- current velocity: 4.184596545820797 (frenet_interface.py:258)
INFO     [2025-01-12 11:29:13] --- current target velocity: 4.012986788489386 (frenet_interface.py:259)
INFO     [2025-01-12 11:29:14] --- Sampled interval of velocity: 0.00 m/s - 9.93 m/s (planner.py:310)
INFO     [2025-01-12 11:29:14] --- current time step: 91 (frenet_interface.py:280)
INFO     [2025-01-12 11:29:14] --- current velocity: 4.183388104017226 (frenet_interface.py:281)
INFO     [2025-01-12 11:29:14] --- current target velocity: 4.01001622434717 (frenet_interface.py:282)
INFO     [2025-01-12 11:29:14] --- Sampled interval of velocity: 0.00 m/s - 9.93 m/s (planner.py:310)
INFO     [2025-01-12 11:29:14] --- current time step: 92 (frenet_interface.py:280)
INFO     [2025-01-12 11:29:14] --- current velocity: 4.182359195854702 (frenet_interface.py:281)
INFO     [2025-01-12 11:29:14] --- current target velocity: 4.006964278304646 (frenet_interface.py:282)
INFO     [2025-01-12 11:29:16] --- Sampled interval of velocity: 0.00 m/s - 9.93 m/s (planner.py:310)
INFO     [2025-01-12 11:29:16] --- select trajectory 721 (reactive_planner_cpp.py:382)
INFO     [2025-01-12 11:29:16] --- current time step: 93 (frenet_interface.py:257)
INFO     [2025-01-12 11:29:16] --- current velocity: 4.1804290641026185 (frenet_interface.py:258)
INFO     [2025-01-12 11:29:16] --- current target velocity: 4.003823295832841 (frenet_interface.py:259)
INFO     [2025-01-12 11:29:17] --- Sampled interval of velocity: 0.00 m/s - 9.93 m/s (planner.py:310)
INFO     [2025-01-12 11:29:17] --- current time step: 94 (frenet_interface.py:280)
INFO     [2025-01-12 11:29:17] --- current velocity: 4.175714450781312 (frenet_interface.py:281)
INFO     [2025-01-12 11:29:17] --- current target velocity: 4.000590361650976 (frenet_interface.py:282)
INFO     [2025-01-12 11:29:17] --- Sampled interval of velocity: 0.00 m/s - 9.93 m/s (planner.py:310)
INFO     [2025-01-12 11:29:17] --- current time step: 95 (frenet_interface.py:280)
INFO     [2025-01-12 11:29:17] --- current velocity: 4.168415369809506 (frenet_interface.py:281)
INFO     [2025-01-12 11:29:17] --- current target velocity: 3.997299523745246 (frenet_interface.py:282)
INFO     [2025-01-12 11:29:18] --- Sampled interval of velocity: 0.00 m/s - 9.92 m/s (planner.py:310)
INFO     [2025-01-12 11:29:18] --- select trajectory 741 (reactive_planner_cpp.py:382)
INFO     [2025-01-12 11:29:18] --- current time step: 96 (frenet_interface.py:257)
INFO     [2025-01-12 11:29:18] --- current velocity: 4.164432484692771 (frenet_interface.py:258)
INFO     [2025-01-12 11:29:18] --- current target velocity: 3.9939981550764543 (frenet_interface.py:259)
INFO     [2025-01-12 11:29:20] --- Sampled interval of velocity: 0.00 m/s - 9.91 m/s (planner.py:310)
INFO     [2025-01-12 11:29:20] --- current time step: 97 (frenet_interface.py:280)
INFO     [2025-01-12 11:29:20] --- current velocity: 4.1609894902571565 (frenet_interface.py:281)
INFO     [2025-01-12 11:29:20] --- current target velocity: 3.9906831612662383 (frenet_interface.py:282)
INFO     [2025-01-12 11:29:21] --- Sampled interval of velocity: 0.00 m/s - 9.91 m/s (planner.py:310)
INFO     [2025-01-12 11:29:21] --- current time step: 98 (frenet_interface.py:280)
INFO     [2025-01-12 11:29:21] --- current velocity: 4.158057974775994 (frenet_interface.py:281)
INFO     [2025-01-12 11:29:21] --- current target velocity: 3.987310924613908 (frenet_interface.py:282)
INFO     [2025-01-12 11:29:21] --- Sampled interval of velocity: 0.00 m/s - 9.91 m/s (planner.py:310)
INFO     [2025-01-12 11:29:21] --- select trajectory 721 (reactive_planner_cpp.py:382)
INFO     [2025-01-12 11:29:21] --- current time step: 99 (frenet_interface.py:257)
INFO     [2025-01-12 11:29:21] --- current velocity: 4.155363073407908 (frenet_interface.py:258)
INFO     [2025-01-12 11:29:21] --- current target velocity: 3.983867496780036 (frenet_interface.py:259)
INFO     [2025-01-12 11:29:25] --- Sampled interval of velocity: 0.00 m/s - 9.91 m/s (planner.py:310)
INFO     [2025-01-12 11:29:25] --- current time step: 100 (frenet_interface.py:280)
INFO     [2025-01-12 11:29:25] --- current velocity: 4.150088560457818 (frenet_interface.py:281)
INFO     [2025-01-12 11:29:25] --- current target velocity: 3.980335541594121 (frenet_interface.py:282)
INFO     [2025-01-12 11:29:25] --- Sampled interval of velocity: 0.00 m/s - 9.90 m/s (planner.py:310)
INFO     [2025-01-12 11:29:25] --- current time step: 101 (frenet_interface.py:280)
INFO     [2025-01-12 11:29:25] --- current velocity: 4.142421898400441 (frenet_interface.py:281)
INFO     [2025-01-12 11:29:25] --- current target velocity: 3.9767397621342435 (frenet_interface.py:282)
INFO     [2025-01-12 11:29:26] --- Sampled interval of velocity: 0.00 m/s - 9.89 m/s (planner.py:310)
INFO     [2025-01-12 11:29:26] --- select trajectory 741 (reactive_planner_cpp.py:382)
INFO     [2025-01-12 11:29:26] --- current time step: 102 (frenet_interface.py:257)
INFO     [2025-01-12 11:29:26] --- current velocity: 4.1383102239146 (frenet_interface.py:258)
INFO     [2025-01-12 11:29:26] --- current target velocity: 3.973128975480898 (frenet_interface.py:259)
INFO     [2025-01-12 11:29:27] --- Sampled interval of velocity: 0.00 m/s - 9.89 m/s (planner.py:310)
INFO     [2025-01-12 11:29:27] --- current time step: 103 (frenet_interface.py:280)
INFO     [2025-01-12 11:29:27] --- current velocity: 4.134755898728122 (frenet_interface.py:281)
INFO     [2025-01-12 11:29:27] --- current target velocity: 3.9694944237453798 (frenet_interface.py:282)
INFO     [2025-01-12 11:29:28] --- Sampled interval of velocity: 0.00 m/s - 9.88 m/s (planner.py:310)
INFO     [2025-01-12 11:29:28] --- current time step: 104 (frenet_interface.py:280)
INFO     [2025-01-12 11:29:28] --- current velocity: 4.131729587422393 (frenet_interface.py:281)
INFO     [2025-01-12 11:29:28] --- current target velocity: 3.9657834599138115 (frenet_interface.py:282)
INFO     [2025-01-12 11:29:28] --- Sampled interval of velocity: 0.00 m/s - 9.88 m/s (planner.py:310)
INFO     [2025-01-12 11:29:28] --- select trajectory 721 (reactive_planner_cpp.py:382)
INFO     [2025-01-12 11:29:28] --- current time step: 105 (frenet_interface.py:257)
INFO     [2025-01-12 11:29:28] --- current velocity: 4.129047737343191 (frenet_interface.py:258)
INFO     [2025-01-12 11:29:28] --- current target velocity: 3.9619785403678907 (frenet_interface.py:259)
INFO     [2025-01-12 11:29:30] --- Sampled interval of velocity: 0.00 m/s - 9.88 m/s (planner.py:310)
INFO     [2025-01-12 11:29:30] --- current time step: 106 (frenet_interface.py:280)
INFO     [2025-01-12 11:29:30] --- current velocity: 4.123894169849132 (frenet_interface.py:281)
INFO     [2025-01-12 11:29:30] --- current target velocity: 3.9580570625226494 (frenet_interface.py:282)
INFO     [2025-01-12 11:29:30] --- Sampled interval of velocity: 0.00 m/s - 9.87 m/s (planner.py:310)
INFO     [2025-01-12 11:29:30] --- current time step: 107 (frenet_interface.py:280)
INFO     [2025-01-12 11:29:30] --- current velocity: 4.116448729820703 (frenet_interface.py:281)
INFO     [2025-01-12 11:29:30] --- current target velocity: 3.9540424832495393 (frenet_interface.py:282)
INFO     [2025-01-12 11:29:31] --- Sampled interval of velocity: 0.00 m/s - 9.87 m/s (planner.py:310)
INFO     [2025-01-12 11:29:31] --- select trajectory 721 (reactive_planner_cpp.py:382)
INFO     [2025-01-12 11:29:31] --- current time step: 108 (frenet_interface.py:257)
INFO     [2025-01-12 11:29:31] --- current velocity: 4.11110711210613 (frenet_interface.py:258)
INFO     [2025-01-12 11:29:31] --- current target velocity: 3.9499860827017654 (frenet_interface.py:259)
INFO     [2025-01-12 11:29:32] --- Sampled interval of velocity: 0.00 m/s - 9.86 m/s (planner.py:310)
INFO     [2025-01-12 11:29:32] --- current time step: 109 (frenet_interface.py:280)
INFO     [2025-01-12 11:29:32] --- current velocity: 4.103717953543907 (frenet_interface.py:281)
INFO     [2025-01-12 11:29:32] --- current target velocity: 3.9458868588875475 (frenet_interface.py:282)
INFO     [2025-01-12 11:29:32] --- Sampled interval of velocity: 0.00 m/s - 9.85 m/s (planner.py:310)
INFO     [2025-01-12 11:29:32] --- current time step: 110 (frenet_interface.py:280)
INFO     [2025-01-12 11:29:32] --- current velocity: 4.094437668593942 (frenet_interface.py:281)
INFO     [2025-01-12 11:29:32] --- current target velocity: 3.9417409674432964 (frenet_interface.py:282)
INFO     [2025-01-12 11:29:33] --- Sampled interval of velocity: 0.00 m/s - 9.84 m/s (planner.py:310)
INFO     [2025-01-12 11:29:33] --- select trajectory 741 (reactive_planner_cpp.py:382)
INFO     [2025-01-12 11:29:33] --- current time step: 111 (frenet_interface.py:257)
INFO     [2025-01-12 11:29:33] --- current velocity: 4.089684275640182 (frenet_interface.py:258)
INFO     [2025-01-12 11:29:33] --- current target velocity: 3.9375965485222997 (frenet_interface.py:259)
INFO     [2025-01-12 11:29:35] --- Sampled interval of velocity: 0.00 m/s - 9.84 m/s (planner.py:310)
INFO     [2025-01-12 11:29:35] --- current time step: 112 (frenet_interface.py:280)
INFO     [2025-01-12 11:29:35] --- current velocity: 4.085575214229967 (frenet_interface.py:281)
INFO     [2025-01-12 11:29:35] --- current target velocity: 3.9334233233152274 (frenet_interface.py:282)
INFO     [2025-01-12 11:29:35] --- Sampled interval of velocity: 0.00 m/s - 9.84 m/s (planner.py:310)
INFO     [2025-01-12 11:29:35] --- current time step: 113 (frenet_interface.py:280)
INFO     [2025-01-12 11:29:35] --- current velocity: 4.082076577177602 (frenet_interface.py:281)
INFO     [2025-01-12 11:29:35] --- current target velocity: 3.9291412628847016 (frenet_interface.py:282)
INFO     [2025-01-12 11:29:36] --- Sampled interval of velocity: 0.00 m/s - 9.83 m/s (planner.py:310)
INFO     [2025-01-12 11:29:36] --- select trajectory 721 (reactive_planner_cpp.py:382)
INFO     [2025-01-12 11:29:36] --- current time step: 114 (frenet_interface.py:257)
INFO     [2025-01-12 11:29:36] --- current velocity: 4.079293723282626 (frenet_interface.py:258)
INFO     [2025-01-12 11:29:36] --- current target velocity: 3.9247231134195886 (frenet_interface.py:259)
INFO     [2025-01-12 11:29:37] --- Sampled interval of velocity: 0.00 m/s - 9.83 m/s (planner.py:310)
INFO     [2025-01-12 11:29:37] --- current time step: 115 (frenet_interface.py:280)
INFO     [2025-01-12 11:29:37] --- current velocity: 4.074259650270041 (frenet_interface.py:281)
INFO     [2025-01-12 11:29:37] --- current target velocity: 3.9201302732076595 (frenet_interface.py:282)
INFO     [2025-01-12 11:29:38] --- Sampled interval of velocity: 0.00 m/s - 9.82 m/s (planner.py:310)
INFO     [2025-01-12 11:29:38] --- current time step: 116 (frenet_interface.py:280)
INFO     [2025-01-12 11:29:38] --- current velocity: 4.067138976669483 (frenet_interface.py:281)
INFO     [2025-01-12 11:29:38] --- current target velocity: 3.915377932643687 (frenet_interface.py:282)
INFO     [2025-01-12 11:29:38] --- Sampled interval of velocity: 0.00 m/s - 9.82 m/s (planner.py:310)
INFO     [2025-01-12 11:29:38] --- select trajectory 721 (reactive_planner_cpp.py:382)
INFO     [2025-01-12 11:29:38] --- current time step: 117 (frenet_interface.py:257)
INFO     [2025-01-12 11:29:38] --- current velocity: 4.062095126898924 (frenet_interface.py:258)
INFO     [2025-01-12 11:29:38] --- current target velocity: 3.9105189171183463 (frenet_interface.py:259)
INFO     [2025-01-12 11:29:40] --- Sampled interval of velocity: 0.00 m/s - 9.81 m/s (planner.py:310)
INFO     [2025-01-12 11:29:40] --- current time step: 118 (frenet_interface.py:280)
INFO     [2025-01-12 11:29:40] --- current velocity: 4.055168758163651 (frenet_interface.py:281)
INFO     [2025-01-12 11:29:40] --- current target velocity: 3.905542752231709 (frenet_interface.py:282)
INFO     [2025-01-12 11:29:40] --- Sampled interval of velocity: 0.00 m/s - 9.81 m/s (planner.py:310)
INFO     [2025-01-12 11:29:40] --- current time step: 119 (frenet_interface.py:280)
INFO     [2025-01-12 11:29:40] --- current velocity: 4.046503995929043 (frenet_interface.py:281)
INFO     [2025-01-12 11:29:40] --- current target velocity: 3.900434746981034 (frenet_interface.py:282)
INFO     [2025-01-12 11:29:41] --- Sampled interval of velocity: 0.00 m/s - 9.80 m/s (planner.py:310)
INFO     [2025-01-12 11:29:41] --- select trajectory 721 (reactive_planner_cpp.py:382)
INFO     [2025-01-12 11:29:41] --- current time step: 120 (frenet_interface.py:257)
INFO     [2025-01-12 11:29:41] --- current velocity: 4.0408589028084965 (frenet_interface.py:258)
INFO     [2025-01-12 11:29:41] --- current target velocity: 3.8952436923883558 (frenet_interface.py:259)
INFO     [2025-01-12 11:29:42] --- Sampled interval of velocity: 0.00 m/s - 9.79 m/s (planner.py:310)
INFO     [2025-01-12 11:29:42] --- current time step: 121 (frenet_interface.py:280)
INFO     [2025-01-12 11:29:42] --- current velocity: 4.033498737053186 (frenet_interface.py:281)
INFO     [2025-01-12 11:29:42] --- current target velocity: 3.889937037465506 (frenet_interface.py:282)
INFO     [2025-01-12 11:29:42] --- Sampled interval of velocity: 0.00 m/s - 9.78 m/s (planner.py:310)
INFO     [2025-01-12 11:29:42] --- current time step: 122 (frenet_interface.py:280)
INFO     [2025-01-12 11:29:42] --- current velocity: 4.0245572966503 (frenet_interface.py:281)
INFO     [2025-01-12 11:29:42] --- current target velocity: 3.884478548415044 (frenet_interface.py:282)
INFO     [2025-01-12 11:29:42] --- Sampled interval of velocity: 0.00 m/s - 9.77 m/s (planner.py:310)
INFO     [2025-01-12 11:29:42] --- select trajectory 111 (reactive_planner_cpp.py:382)
INFO     [2025-01-12 11:29:42] --- current time step: 123 (frenet_interface.py:257)
INFO     [2025-01-12 11:29:42] --- current velocity: 3.9837508994469446 (frenet_interface.py:258)
INFO     [2025-01-12 11:29:42] --- current target velocity: 3.87891409725202 (frenet_interface.py:259)
INFO     [2025-01-12 11:29:45] --- Sampled interval of velocity: 0.00 m/s - 9.73 m/s (planner.py:310)
INFO     [2025-01-12 11:29:45] --- current time step: 124 (frenet_interface.py:280)
INFO     [2025-01-12 11:29:45] --- current velocity: 3.880356682553285 (frenet_interface.py:281)
INFO     [2025-01-12 11:29:45] --- current target velocity: 3.9837508994469446 (frenet_interface.py:282)
INFO     [2025-01-12 11:29:45] --- Sampled interval of velocity: 0.00 m/s - 9.63 m/s (planner.py:310)
INFO     [2025-01-12 11:29:45] --- current time step: 125 (frenet_interface.py:280)
INFO     [2025-01-12 11:29:45] --- current velocity: 3.728380902840424 (frenet_interface.py:281)
INFO     [2025-01-12 11:29:45] --- current target velocity: 3.880356682553285 (frenet_interface.py:282)
INFO     [2025-01-12 11:29:45] --- Sampled interval of velocity: 0.00 m/s - 9.48 m/s (planner.py:310)
INFO     [2025-01-12 11:29:45] --- select trajectory 101 (reactive_planner_cpp.py:382)
INFO     [2025-01-12 11:29:45] --- current time step: 126 (frenet_interface.py:257)
INFO     [2025-01-12 11:29:45] --- current velocity: 3.598251115619505 (frenet_interface.py:258)
INFO     [2025-01-12 11:29:45] --- current target velocity: 3.728380902840424 (frenet_interface.py:259)
INFO     [2025-01-12 11:29:47] --- Sampled interval of velocity: 0.00 m/s - 9.35 m/s (planner.py:310)
INFO     [2025-01-12 11:29:47] --- current time step: 127 (frenet_interface.py:280)
INFO     [2025-01-12 11:29:47] --- current velocity: 3.3919062217706153 (frenet_interface.py:281)
INFO     [2025-01-12 11:29:47] --- current target velocity: 3.598251115619505 (frenet_interface.py:282)
INFO     [2025-01-12 11:29:47] --- Sampled interval of velocity: 0.00 m/s - 9.14 m/s (planner.py:310)
INFO     [2025-01-12 11:29:47] --- current time step: 128 (frenet_interface.py:280)
INFO     [2025-01-12 11:29:47] --- current velocity: 3.1280162221602845 (frenet_interface.py:281)
INFO     [2025-01-12 11:29:47] --- current target velocity: 3.3919062217706153 (frenet_interface.py:282)
INFO     [2025-01-12 11:29:48] --- Sampled interval of velocity: 0.00 m/s - 8.88 m/s (planner.py:310)
INFO     [2025-01-12 11:29:48] --- select trajectory 281 (reactive_planner_cpp.py:382)
INFO     [2025-01-12 11:29:48] --- current time step: 129 (frenet_interface.py:257)
INFO     [2025-01-12 11:29:48] --- current velocity: 2.9987605261862074 (frenet_interface.py:258)
INFO     [2025-01-12 11:29:48] --- current target velocity: 3.1280162221602845 (frenet_interface.py:259)
INFO     [2025-01-12 11:29:49] --- Sampled interval of velocity: 0.00 m/s - 8.75 m/s (planner.py:310)
INFO     [2025-01-12 11:29:49] --- current time step: 130 (frenet_interface.py:280)
INFO     [2025-01-12 11:29:49] --- current velocity: 2.8960004573875446 (frenet_interface.py:281)
INFO     [2025-01-12 11:29:49] --- current target velocity: 2.9987605261862074 (frenet_interface.py:282)
INFO     [2025-01-12 11:29:50] --- Sampled interval of velocity: 0.00 m/s - 8.65 m/s (planner.py:310)
INFO     [2025-01-12 11:29:50] --- current time step: 131 (frenet_interface.py:280)
INFO     [2025-01-12 11:29:50] --- current velocity: 2.817587721735187 (frenet_interface.py:281)
INFO     [2025-01-12 11:29:50] --- current target velocity: 2.8960004573875446 (frenet_interface.py:282)
INFO     [2025-01-12 11:29:50] --- Sampled interval of velocity: 0.00 m/s - 8.57 m/s (planner.py:310)
INFO     [2025-01-12 11:29:50] --- select trajectory 101 (reactive_planner_cpp.py:382)
INFO     [2025-01-12 11:29:50] --- current time step: 132 (frenet_interface.py:257)
INFO     [2025-01-12 11:29:50] --- current velocity: 2.749260123557389 (frenet_interface.py:258)
INFO     [2025-01-12 11:29:50] --- current target velocity: 2.817587721735187 (frenet_interface.py:259)
INFO     [2025-01-12 11:29:51] --- Sampled interval of velocity: 0.00 m/s - 8.50 m/s (planner.py:310)
INFO     [2025-01-12 11:29:51] --- current time step: 133 (frenet_interface.py:280)
INFO     [2025-01-12 11:29:51] --- current velocity: 2.620618745952618 (frenet_interface.py:281)
INFO     [2025-01-12 11:29:51] --- current target velocity: 2.749260123557389 (frenet_interface.py:282)
INFO     [2025-01-12 11:29:52] --- Sampled interval of velocity: 0.00 m/s - 8.37 m/s (planner.py:310)
INFO     [2025-01-12 11:29:52] --- current time step: 134 (frenet_interface.py:280)
INFO     [2025-01-12 11:29:52] --- current velocity: 2.4457429658159042 (frenet_interface.py:281)
INFO     [2025-01-12 11:29:52] --- current target velocity: 2.620618745952618 (frenet_interface.py:282)
INFO     [2025-01-12 11:29:52] --- Sampled interval of velocity: 0.00 m/s - 8.20 m/s (planner.py:310)
WARNING  [2025-01-12 11:29:53] --- No optimal trajectory available. Select stopping trajectory! (reactive_planner_cpp.py:407)
INFO     [2025-01-12 11:29:53] --- current time step: 135 (frenet_interface.py:257)
INFO     [2025-01-12 11:29:53] --- current velocity: 2.308927073478499 (frenet_interface.py:258)
INFO     [2025-01-12 11:29:53] --- current target velocity: 2.4457429658159042 (frenet_interface.py:259)
