CRITICAL [2025-01-12 11:48:53] --- Start Planner Vehicle ID: 30673 (frenet_interface.py:67)
INFO     [2025-01-12 11:48:55] --- Sampled interval of velocity: 0.00 m/s - 18.50 m/s (planner.py:310)
INFO     [2025-01-12 11:48:55] --- select trajectory 761 (reactive_planner_cpp.py:382)
INFO     [2025-01-12 11:48:55] --- current time step: 0 (frenet_interface.py:257)
INFO     [2025-01-12 11:48:55] --- current velocity: 12.751169513034913 (frenet_interface.py:258)
INFO     [2025-01-12 11:48:55] --- current target velocity: 7.7475000000000005 (frenet_interface.py:259)
INFO     [2025-01-12 11:48:57] --- Sampled interval of velocity: 0.00 m/s - 18.50 m/s (planner.py:310)
INFO     [2025-01-12 11:48:57] --- current time step: 1 (frenet_interface.py:280)
INFO     [2025-01-12 11:48:57] --- current velocity: 12.761844512742405 (frenet_interface.py:281)
INFO     [2025-01-12 11:48:57] --- current target velocity: 7.751169513034913 (frenet_interface.py:282)
INFO     [2025-01-12 11:48:57] --- Sampled interval of velocity: 0.00 m/s - 18.51 m/s (planner.py:310)
INFO     [2025-01-12 11:48:57] --- current time step: 2 (frenet_interface.py:280)
INFO     [2025-01-12 11:48:57] --- current velocity: 12.779024626088816 (frenet_interface.py:281)
INFO     [2025-01-12 11:48:57] --- current target velocity: 7.761844512742405 (frenet_interface.py:282)
INFO     [2025-01-12 11:48:58] --- Sampled interval of velocity: 0.00 m/s - 18.53 m/s (planner.py:310)
INFO     [2025-01-12 11:48:58] --- select trajectory 421 (reactive_planner_cpp.py:382)
INFO     [2025-01-12 11:48:58] --- current time step: 3 (frenet_interface.py:257)
INFO     [2025-01-12 11:48:58] --- current velocity: 12.702776088228543 (frenet_interface.py:258)
INFO     [2025-01-12 11:48:58] --- current target velocity: 7.779024626088816 (frenet_interface.py:259)
INFO     [2025-01-12 11:49:00] --- Sampled interval of velocity: 0.00 m/s - 18.45 m/s (planner.py:310)
INFO     [2025-01-12 11:49:00] --- current time step: 4 (frenet_interface.py:280)
INFO     [2025-01-12 11:49:00] --- current velocity: 12.470968415024423 (frenet_interface.py:281)
INFO     [2025-01-12 11:49:00] --- current target velocity: 7.702776088228543 (frenet_interface.py:282)
INFO     [2025-01-12 11:49:00] --- Sampled interval of velocity: 0.00 m/s - 18.22 m/s (planner.py:310)
INFO     [2025-01-12 11:49:00] --- current time step: 5 (frenet_interface.py:280)
INFO     [2025-01-12 11:49:00] --- current velocity: 12.109407449648998 (frenet_interface.py:281)
INFO     [2025-01-12 11:49:00] --- current target velocity: 7.470968415024423 (frenet_interface.py:282)
INFO     [2025-01-12 11:49:01] --- Sampled interval of velocity: 0.00 m/s - 17.86 m/s (planner.py:310)
INFO     [2025-01-12 11:49:01] --- select trajectory 121 (reactive_planner_cpp.py:382)
INFO     [2025-01-12 11:49:01] --- current time step: 6 (frenet_interface.py:257)
INFO     [2025-01-12 11:49:01] --- current velocity: 11.810710010604746 (frenet_interface.py:258)
INFO     [2025-01-12 11:49:01] --- current target velocity: 7.109407449648998 (frenet_interface.py:259)
INFO     [2025-01-12 11:49:03] --- Sampled interval of velocity: 0.00 m/s - 17.56 m/s (planner.py:310)
INFO     [2025-01-12 11:49:03] --- current time step: 7 (frenet_interface.py:280)
INFO     [2025-01-12 11:49:03] --- current velocity: 11.358073048875521 (frenet_interface.py:281)
INFO     [2025-01-12 11:49:03] --- current target velocity: 6.810710010604746 (frenet_interface.py:282)
INFO     [2025-01-12 11:49:03] --- Sampled interval of velocity: 0.00 m/s - 17.11 m/s (planner.py:310)
INFO     [2025-01-12 11:49:03] --- current time step: 8 (frenet_interface.py:280)
INFO     [2025-01-12 11:49:03] --- current velocity: 10.789925957099621 (frenet_interface.py:281)
INFO     [2025-01-12 11:49:03] --- current target velocity: 6.3580730488755215 (frenet_interface.py:282)
INFO     [2025-01-12 11:49:04] --- Sampled interval of velocity: 0.00 m/s - 16.54 m/s (planner.py:310)
INFO     [2025-01-12 11:49:04] --- select trajectory 121 (reactive_planner_cpp.py:382)
INFO     [2025-01-12 11:49:04] --- current time step: 9 (frenet_interface.py:257)
INFO     [2025-01-12 11:49:04] --- current velocity: 10.4297513425252 (frenet_interface.py:258)
INFO     [2025-01-12 11:49:04] --- current target velocity: 5.789925957099621 (frenet_interface.py:259)
INFO     [2025-01-12 11:49:06] --- Sampled interval of velocity: 0.00 m/s - 16.18 m/s (planner.py:310)
INFO     [2025-01-12 11:49:06] --- current time step: 10 (frenet_interface.py:280)
INFO     [2025-01-12 11:49:06] --- current velocity: 9.979755139704876 (frenet_interface.py:281)
INFO     [2025-01-12 11:49:06] --- current target velocity: 5.429751342525201 (frenet_interface.py:282)
INFO     [2025-01-12 11:49:06] --- Sampled interval of velocity: 0.00 m/s - 15.73 m/s (planner.py:310)
INFO     [2025-01-12 11:49:06] --- current time step: 11 (frenet_interface.py:280)
INFO     [2025-01-12 11:49:06] --- current velocity: 9.466090505299505 (frenet_interface.py:281)
INFO     [2025-01-12 11:49:06] --- current target velocity: 4.979755139704876 (frenet_interface.py:282)
INFO     [2025-01-12 11:49:07] --- Sampled interval of velocity: 0.00 m/s - 15.22 m/s (planner.py:310)
INFO     [2025-01-12 11:49:07] --- select trajectory 111 (reactive_planner_cpp.py:382)
INFO     [2025-01-12 11:49:07] --- current time step: 12 (frenet_interface.py:257)
INFO     [2025-01-12 11:49:07] --- current velocity: 9.112423673358515 (frenet_interface.py:258)
INFO     [2025-01-12 11:49:07] --- current target velocity: 4.6099912654832105 (frenet_interface.py:259)
INFO     [2025-01-12 11:49:09] --- Sampled interval of velocity: 0.00 m/s - 14.86 m/s (planner.py:310)
INFO     [2025-01-12 11:49:09] --- current time step: 13 (frenet_interface.py:280)
INFO     [2025-01-12 11:49:09] --- current velocity: 8.613359508323168 (frenet_interface.py:281)
INFO     [2025-01-12 11:49:09] --- current target velocity: 4.575484248200274 (frenet_interface.py:282)
INFO     [2025-01-12 11:49:09] --- Sampled interval of velocity: 0.00 m/s - 14.36 m/s (planner.py:310)
INFO     [2025-01-12 11:49:09] --- current time step: 14 (frenet_interface.py:280)
INFO     [2025-01-12 11:49:09] --- current velocity: 8.006630594180587 (frenet_interface.py:281)
INFO     [2025-01-12 11:49:09] --- current target velocity: 4.543647569775035 (frenet_interface.py:282)
INFO     [2025-01-12 11:49:10] --- Sampled interval of velocity: 0.00 m/s - 13.76 m/s (planner.py:310)
INFO     [2025-01-12 11:49:10] --- select trajectory 121 (reactive_planner_cpp.py:382)
INFO     [2025-01-12 11:49:10] --- current time step: 15 (frenet_interface.py:257)
INFO     [2025-01-12 11:49:10] --- current velocity: 7.672553688111503 (frenet_interface.py:258)
INFO     [2025-01-12 11:49:10] --- current target velocity: 4.51548527596198 (frenet_interface.py:259)
INFO     [2025-01-12 11:49:13] --- Sampled interval of velocity: 0.00 m/s - 13.42 m/s (planner.py:310)
INFO     [2025-01-12 11:49:13] --- current time step: 16 (frenet_interface.py:280)
INFO     [2025-01-12 11:49:13] --- current velocity: 7.324709766973353 (frenet_interface.py:281)
INFO     [2025-01-12 11:49:13] --- current target velocity: 4.490480356566243 (frenet_interface.py:282)
INFO     [2025-01-12 11:49:14] --- Sampled interval of velocity: 0.00 m/s - 13.07 m/s (planner.py:310)
INFO     [2025-01-12 11:49:14] --- current time step: 17 (frenet_interface.py:280)
INFO     [2025-01-12 11:49:14] --- current velocity: 6.972703436314933 (frenet_interface.py:281)
INFO     [2025-01-12 11:49:14] --- current target velocity: 4.467685672254266 (frenet_interface.py:282)
INFO     [2025-01-12 11:49:14] --- Sampled interval of velocity: 0.00 m/s - 12.72 m/s (planner.py:310)
INFO     [2025-01-12 11:49:14] --- select trajectory 121 (reactive_planner_cpp.py:382)
INFO     [2025-01-12 11:49:14] --- current time step: 18 (frenet_interface.py:257)
INFO     [2025-01-12 11:49:14] --- current velocity: 6.776444785641332 (frenet_interface.py:258)
INFO     [2025-01-12 11:49:14] --- current target velocity: 4.447220272009711 (frenet_interface.py:259)
INFO     [2025-01-12 11:49:17] --- Sampled interval of velocity: 0.00 m/s - 12.53 m/s (planner.py:310)
INFO     [2025-01-12 11:49:17] --- current time step: 19 (frenet_interface.py:280)
INFO     [2025-01-12 11:49:17] --- current velocity: 6.545984537003326 (frenet_interface.py:281)
INFO     [2025-01-12 11:49:17] --- current target velocity: 4.428522825042585 (frenet_interface.py:282)
INFO     [2025-01-12 11:49:18] --- Sampled interval of velocity: 0.00 m/s - 12.30 m/s (planner.py:310)
INFO     [2025-01-12 11:49:18] --- current time step: 20 (frenet_interface.py:280)
INFO     [2025-01-12 11:49:18] --- current velocity: 6.292467337920522 (frenet_interface.py:281)
INFO     [2025-01-12 11:49:18] --- current target velocity: 4.411196644049071 (frenet_interface.py:282)
INFO     [2025-01-12 11:49:18] --- Sampled interval of velocity: 0.00 m/s - 12.04 m/s (planner.py:310)
INFO     [2025-01-12 11:49:18] --- select trajectory 121 (reactive_planner_cpp.py:382)
INFO     [2025-01-12 11:49:18] --- current time step: 21 (frenet_interface.py:257)
INFO     [2025-01-12 11:49:18] --- current velocity: 6.143116935297576 (frenet_interface.py:258)
INFO     [2025-01-12 11:49:18] --- current target velocity: 4.395497534075201 (frenet_interface.py:259)
INFO     [2025-01-12 11:49:21] --- Sampled interval of velocity: 0.00 m/s - 11.89 m/s (planner.py:310)
INFO     [2025-01-12 11:49:21] --- current time step: 22 (frenet_interface.py:280)
INFO     [2025-01-12 11:49:21] --- current velocity: 5.962751207720959 (frenet_interface.py:281)
INFO     [2025-01-12 11:49:21] --- current target velocity: 4.381125281073704 (frenet_interface.py:282)
INFO     [2025-01-12 11:49:21] --- Sampled interval of velocity: 0.00 m/s - 11.71 m/s (planner.py:310)
INFO     [2025-01-12 11:49:21] --- current time step: 23 (frenet_interface.py:280)
INFO     [2025-01-12 11:49:21] --- current velocity: 5.76090215063343 (frenet_interface.py:281)
INFO     [2025-01-12 11:49:21] --- current target velocity: 4.367839598336168 (frenet_interface.py:282)
INFO     [2025-01-12 11:49:22] --- Sampled interval of velocity: 0.00 m/s - 11.51 m/s (planner.py:310)
INFO     [2025-01-12 11:49:22] --- select trajectory 521 (reactive_planner_cpp.py:382)
INFO     [2025-01-12 11:49:22] --- current time step: 24 (frenet_interface.py:257)
INFO     [2025-01-12 11:49:22] --- current velocity: 5.6578522851831465 (frenet_interface.py:258)
INFO     [2025-01-12 11:49:22] --- current target velocity: 4.355876558047245 (frenet_interface.py:259)
INFO     [2025-01-12 11:49:24] --- Sampled interval of velocity: 0.00 m/s - 11.41 m/s (planner.py:310)
INFO     [2025-01-12 11:49:24] --- current time step: 25 (frenet_interface.py:280)
INFO     [2025-01-12 11:49:24] --- current velocity: 5.55815366805771 (frenet_interface.py:281)
INFO     [2025-01-12 11:49:24] --- current target velocity: 4.344963464195806 (frenet_interface.py:282)
INFO     [2025-01-12 11:49:25] --- Sampled interval of velocity: 0.00 m/s - 11.31 m/s (planner.py:310)
INFO     [2025-01-12 11:49:25] --- current time step: 26 (frenet_interface.py:280)
INFO     [2025-01-12 11:49:25] --- current velocity: 5.461862635722449 (frenet_interface.py:281)
INFO     [2025-01-12 11:49:25] --- current target velocity: 4.334697140286052 (frenet_interface.py:282)
INFO     [2025-01-12 11:49:26] --- Sampled interval of velocity: 0.00 m/s - 11.21 m/s (planner.py:310)
INFO     [2025-01-12 11:49:26] --- select trajectory 180 (reactive_planner_cpp.py:382)
INFO     [2025-01-12 11:49:26] --- current time step: 27 (frenet_interface.py:257)
INFO     [2025-01-12 11:49:26] --- current velocity: 5.55846601655589 (frenet_interface.py:258)
INFO     [2025-01-12 11:49:26] --- current target velocity: 4.325065790462578 (frenet_interface.py:259)
INFO     [2025-01-12 11:49:28] --- Sampled interval of velocity: 0.00 m/s - 11.31 m/s (planner.py:310)
INFO     [2025-01-12 11:49:28] --- current time step: 28 (frenet_interface.py:280)
INFO     [2025-01-12 11:49:28] --- current velocity: 5.917022585479604 (frenet_interface.py:281)
INFO     [2025-01-12 11:49:28] --- current target velocity: 4.315468407236856 (frenet_interface.py:282)
INFO     [2025-01-12 11:49:29] --- Sampled interval of velocity: 0.00 m/s - 11.67 m/s (planner.py:310)
INFO     [2025-01-12 11:49:29] --- current time step: 29 (frenet_interface.py:280)
INFO     [2025-01-12 11:49:29] --- current velocity: 6.486632053129957 (frenet_interface.py:281)
INFO     [2025-01-12 11:49:29] --- current target velocity: 4.303849185453515 (frenet_interface.py:282)
INFO     [2025-01-12 11:49:30] --- Sampled interval of velocity: 0.00 m/s - 12.24 m/s (planner.py:310)
WARNING  [2025-01-12 11:49:31] --- No optimal trajectory available. Select stopping trajectory! (reactive_planner_cpp.py:407)
INFO     [2025-01-12 11:49:31] --- current time step: 30 (frenet_interface.py:257)
INFO     [2025-01-12 11:49:31] --- current velocity: 6.693938752904012 (frenet_interface.py:258)
INFO     [2025-01-12 11:49:31] --- current target velocity: 4.288299674222246 (frenet_interface.py:259)
INFO     [2025-01-12 11:49:34] --- Sampled interval of velocity: 0.00 m/s - 12.44 m/s (planner.py:310)
INFO     [2025-01-12 11:49:34] --- current time step: 31 (frenet_interface.py:280)
INFO     [2025-01-12 11:49:34] --- current velocity: 6.684501106410009 (frenet_interface.py:281)
INFO     [2025-01-12 11:49:34] --- current target velocity: 4.269114422834776 (frenet_interface.py:282)
INFO     [2025-01-12 11:49:35] --- Sampled interval of velocity: 0.00 m/s - 12.43 m/s (planner.py:310)
INFO     [2025-01-12 11:49:35] --- current time step: 32 (frenet_interface.py:280)
INFO     [2025-01-12 11:49:35] --- current velocity: 6.491327040106217 (frenet_interface.py:281)
INFO     [2025-01-12 11:49:35] --- current target velocity: 4.2488510700936715 (frenet_interface.py:282)
INFO     [2025-01-12 11:49:36] --- Sampled interval of velocity: 0.00 m/s - 12.24 m/s (planner.py:310)
WARNING  [2025-01-12 11:49:36] --- No optimal trajectory available. Select stopping trajectory! (reactive_planner_cpp.py:407)
INFO     [2025-01-12 11:49:36] --- current time step: 33 (frenet_interface.py:257)
INFO     [2025-01-12 11:49:36] --- current velocity: 6.260205426787489 (frenet_interface.py:258)
INFO     [2025-01-12 11:49:36] --- current target velocity: 4.229135550085691 (frenet_interface.py:259)
INFO     [2025-01-12 11:49:39] --- Sampled interval of velocity: 0.00 m/s - 12.01 m/s (planner.py:310)
INFO     [2025-01-12 11:49:39] --- current time step: 34 (frenet_interface.py:280)
INFO     [2025-01-12 11:49:39] --- current velocity: 5.867950012120892 (frenet_interface.py:281)
INFO     [2025-01-12 11:49:39] --- current target velocity: 4.210868127544345 (frenet_interface.py:282)
INFO     [2025-01-12 11:49:40] --- Sampled interval of velocity: 0.00 m/s - 11.62 m/s (planner.py:310)
INFO     [2025-01-12 11:49:40] --- current time step: 35 (frenet_interface.py:280)
INFO     [2025-01-12 11:49:40] --- current velocity: 5.355090482739807 (frenet_interface.py:281)
INFO     [2025-01-12 11:49:40] --- current target velocity: 4.194965057024971 (frenet_interface.py:282)
INFO     [2025-01-12 11:49:40] --- Sampled interval of velocity: 0.00 m/s - 11.11 m/s (planner.py:310)
WARNING  [2025-01-12 11:49:41] --- No optimal trajectory available. Select stopping trajectory! (reactive_planner_cpp.py:407)
INFO     [2025-01-12 11:49:41] --- current time step: 36 (frenet_interface.py:257)
INFO     [2025-01-12 11:49:41] --- current velocity: 5.054387808293095 (frenet_interface.py:258)
INFO     [2025-01-12 11:49:41] --- current target velocity: 4.18270929265618 (frenet_interface.py:259)
INFO     [2025-01-12 11:49:44] --- Sampled interval of velocity: 0.00 m/s - 10.80 m/s (planner.py:310)
INFO     [2025-01-12 11:49:44] --- current time step: 37 (frenet_interface.py:280)
INFO     [2025-01-12 11:49:44] --- current velocity: 4.719244700395857 (frenet_interface.py:281)
INFO     [2025-01-12 11:49:44] --- current target velocity: 4.1738246844196745 (frenet_interface.py:282)
INFO     [2025-01-12 11:49:44] --- Sampled interval of velocity: 0.00 m/s - 10.47 m/s (planner.py:310)
INFO     [2025-01-12 11:49:45] --- current time step: 38 (frenet_interface.py:280)
INFO     [2025-01-12 11:49:45] --- current velocity: 4.360308740081779 (frenet_interface.py:281)
INFO     [2025-01-12 11:49:45] --- current target velocity: 4.1675795413408565 (frenet_interface.py:282)
