CRITICAL [2025-01-12 11:41:48] --- Start Planner Vehicle ID: 30794 (frenet_interface.py:67)
INFO     [2025-01-12 11:41:49] --- Sampled interval of velocity: 0.00 m/s - 14.95 m/s (planner.py:310)
INFO     [2025-01-12 11:41:49] --- select trajectory 141 (reactive_planner_cpp.py:382)
INFO     [2025-01-12 11:41:49] --- current time step: 0 (frenet_interface.py:257)
INFO     [2025-01-12 11:41:49] --- current velocity: 9.205737168266404 (frenet_interface.py:258)
INFO     [2025-01-12 11:41:49] --- current target velocity: 9.995024265958087 (frenet_interface.py:259)
INFO     [2025-01-12 11:41:52] --- Sampled interval of velocity: 0.00 m/s - 14.96 m/s (planner.py:310)
INFO     [2025-01-12 11:41:52] --- current time step: 1 (frenet_interface.py:280)
INFO     [2025-01-12 11:41:52] --- current velocity: 9.216433092046975 (frenet_interface.py:281)
INFO     [2025-01-12 11:41:52] --- current target velocity: 10.000345963097404 (frenet_interface.py:282)
INFO     [2025-01-12 11:41:53] --- Sampled interval of velocity: 0.00 m/s - 14.97 m/s (planner.py:310)
INFO     [2025-01-12 11:41:53] --- current time step: 2 (frenet_interface.py:280)
INFO     [2025-01-12 11:41:53] --- current velocity: 9.231258766376433 (frenet_interface.py:281)
INFO     [2025-01-12 11:41:53] --- current target velocity: 10.005690976295973 (frenet_interface.py:282)
INFO     [2025-01-12 11:41:53] --- Sampled interval of velocity: 0.00 m/s - 14.98 m/s (planner.py:310)
INFO     [2025-01-12 11:41:53] --- select trajectory 141 (reactive_planner_cpp.py:382)
INFO     [2025-01-12 11:41:53] --- current time step: 3 (frenet_interface.py:257)
INFO     [2025-01-12 11:41:53] --- current velocity: 9.241388189407727 (frenet_interface.py:258)
INFO     [2025-01-12 11:41:53] --- current target velocity: 10.011028425225764 (frenet_interface.py:259)
INFO     [2025-01-12 11:41:56] --- Sampled interval of velocity: 0.00 m/s - 14.99 m/s (planner.py:310)
INFO     [2025-01-12 11:41:56] --- current time step: 4 (frenet_interface.py:280)
INFO     [2025-01-12 11:41:56] --- current velocity: 9.254074280959777 (frenet_interface.py:281)
INFO     [2025-01-12 11:41:56] --- current target velocity: 10.016359976786289 (frenet_interface.py:282)
INFO     [2025-01-12 11:41:56] --- Sampled interval of velocity: 0.00 m/s - 15.00 m/s (planner.py:310)
INFO     [2025-01-12 11:41:56] --- current time step: 5 (frenet_interface.py:280)
INFO     [2025-01-12 11:41:56] --- current velocity: 9.268759614983532 (frenet_interface.py:281)
INFO     [2025-01-12 11:41:56] --- current target velocity: 10.021690202633655 (frenet_interface.py:282)
INFO     [2025-01-12 11:41:57] --- Sampled interval of velocity: 0.00 m/s - 15.02 m/s (planner.py:310)
INFO     [2025-01-12 11:41:57] --- select trajectory 731 (reactive_planner_cpp.py:382)
INFO     [2025-01-12 11:41:57] --- current time step: 6 (frenet_interface.py:257)
INFO     [2025-01-12 11:41:57] --- current velocity: 9.270571111691702 (frenet_interface.py:258)
INFO     [2025-01-12 11:41:57] --- current target velocity: 10.027001727921634 (frenet_interface.py:259)
INFO     [2025-01-12 11:41:59] --- Sampled interval of velocity: 0.00 m/s - 15.02 m/s (planner.py:310)
INFO     [2025-01-12 11:41:59] --- current time step: 7 (frenet_interface.py:280)
INFO     [2025-01-12 11:41:59] --- current velocity: 9.260593286637135 (frenet_interface.py:281)
INFO     [2025-01-12 11:41:59] --- current target velocity: 10.032324827073772 (frenet_interface.py:282)
INFO     [2025-01-12 11:42:00] --- Sampled interval of velocity: 0.00 m/s - 15.01 m/s (planner.py:310)
INFO     [2025-01-12 11:42:00] --- current time step: 8 (frenet_interface.py:280)
INFO     [2025-01-12 11:42:00] --- current velocity: 9.239602609940423 (frenet_interface.py:281)
INFO     [2025-01-12 11:42:00] --- current target velocity: 10.03775681382173 (frenet_interface.py:282)
INFO     [2025-01-12 11:42:01] --- Sampled interval of velocity: 0.00 m/s - 14.99 m/s (planner.py:310)
INFO     [2025-01-12 11:42:01] --- select trajectory 731 (reactive_planner_cpp.py:382)
INFO     [2025-01-12 11:42:01] --- current time step: 9 (frenet_interface.py:257)
INFO     [2025-01-12 11:42:01] --- current velocity: 9.222064394156739 (frenet_interface.py:258)
INFO     [2025-01-12 11:42:01] --- current target velocity: 10.043382076782507 (frenet_interface.py:259)
INFO     [2025-01-12 11:42:02] --- Sampled interval of velocity: 0.00 m/s - 14.97 m/s (planner.py:310)
INFO     [2025-01-12 11:42:02] --- current time step: 10 (frenet_interface.py:280)
INFO     [2025-01-12 11:42:02] --- current velocity: 9.195418431140629 (frenet_interface.py:281)
INFO     [2025-01-12 11:42:02] --- current target velocity: 10.0492325782627 (frenet_interface.py:282)
INFO     [2025-01-12 11:42:02] --- Sampled interval of velocity: 0.00 m/s - 14.95 m/s (planner.py:310)
INFO     [2025-01-12 11:42:02] --- current time step: 11 (frenet_interface.py:280)
INFO     [2025-01-12 11:42:02] --- current velocity: 9.160285372461813 (frenet_interface.py:281)
INFO     [2025-01-12 11:42:02] --- current target velocity: 10.055333716330592 (frenet_interface.py:282)
INFO     [2025-01-12 11:42:04] --- Sampled interval of velocity: 0.00 m/s - 14.91 m/s (planner.py:310)
INFO     [2025-01-12 11:42:04] --- select trajectory 21 (reactive_planner_cpp.py:382)
INFO     [2025-01-12 11:42:04] --- current time step: 12 (frenet_interface.py:257)
INFO     [2025-01-12 11:42:04] --- current velocity: 9.107629891728745 (frenet_interface.py:258)
INFO     [2025-01-12 11:42:04] --- current target velocity: 10.06175520687006 (frenet_interface.py:259)
INFO     [2025-01-12 11:42:05] --- Sampled interval of velocity: 0.00 m/s - 14.86 m/s (planner.py:310)
INFO     [2025-01-12 11:42:05] --- current time step: 13 (frenet_interface.py:280)
INFO     [2025-01-12 11:42:05] --- current velocity: 8.993539337231915 (frenet_interface.py:281)
INFO     [2025-01-12 11:42:05] --- current target velocity: 10.068563614010912 (frenet_interface.py:282)
INFO     [2025-01-12 11:42:06] --- Sampled interval of velocity: 0.00 m/s - 14.74 m/s (planner.py:310)
INFO     [2025-01-12 11:42:06] --- current time step: 14 (frenet_interface.py:280)
INFO     [2025-01-12 11:42:06] --- current velocity: 8.826305250715414 (frenet_interface.py:281)
INFO     [2025-01-12 11:42:06] --- current target velocity: 10.076098185662772 (frenet_interface.py:282)
INFO     [2025-01-12 11:42:06] --- Sampled interval of velocity: 0.00 m/s - 14.58 m/s (planner.py:310)
INFO     [2025-01-12 11:42:06] --- select trajectory 411 (reactive_planner_cpp.py:382)
INFO     [2025-01-12 11:42:06] --- current time step: 15 (frenet_interface.py:257)
INFO     [2025-01-12 11:42:06] --- current velocity: 8.668253749618696 (frenet_interface.py:258)
INFO     [2025-01-12 11:42:06] --- current target velocity: 10.084799687808895 (frenet_interface.py:259)
INFO     [2025-01-12 11:42:08] --- Sampled interval of velocity: 0.00 m/s - 14.42 m/s (planner.py:310)
INFO     [2025-01-12 11:42:08] --- current time step: 16 (frenet_interface.py:280)
INFO     [2025-01-12 11:42:08] --- current velocity: 8.398551413096829 (frenet_interface.py:281)
INFO     [2025-01-12 11:42:08] --- current target velocity: 10.094806779584886 (frenet_interface.py:282)
INFO     [2025-01-12 11:42:09] --- Sampled interval of velocity: 0.00 m/s - 14.15 m/s (planner.py:310)
INFO     [2025-01-12 11:42:09] --- current time step: 17 (frenet_interface.py:280)
INFO     [2025-01-12 11:42:09] --- current velocity: 8.036987667060643 (frenet_interface.py:281)
INFO     [2025-01-12 11:42:09] --- current target velocity: 10.106594734926944 (frenet_interface.py:282)
INFO     [2025-01-12 11:42:10] --- Sampled interval of velocity: 0.00 m/s - 13.79 m/s (planner.py:310)
INFO     [2025-01-12 11:42:10] --- select trajectory 101 (reactive_planner_cpp.py:382)
INFO     [2025-01-12 11:42:10] --- current time step: 18 (frenet_interface.py:257)
INFO     [2025-01-12 11:42:10] --- current velocity: 7.724078791688361 (frenet_interface.py:258)
INFO     [2025-01-12 11:42:10] --- current target velocity: 10.120980573810135 (frenet_interface.py:259)
INFO     [2025-01-12 11:42:11] --- Sampled interval of velocity: 0.00 m/s - 13.47 m/s (planner.py:310)
INFO     [2025-01-12 11:42:11] --- current time step: 19 (frenet_interface.py:280)
INFO     [2025-01-12 11:42:11] --- current velocity: 7.218036474746496 (frenet_interface.py:281)
INFO     [2025-01-12 11:42:11] --- current target velocity: 10.138091496465599 (frenet_interface.py:282)
INFO     [2025-01-12 11:42:12] --- Sampled interval of velocity: 0.00 m/s - 12.97 m/s (planner.py:310)
INFO     [2025-01-12 11:42:12] --- current time step: 20 (frenet_interface.py:280)
INFO     [2025-01-12 11:42:12] --- current velocity: 6.565870628695562 (frenet_interface.py:281)
INFO     [2025-01-12 11:42:12] --- current target velocity: 10.158668498228264 (frenet_interface.py:282)
INFO     [2025-01-12 11:42:12] --- Sampled interval of velocity: 0.00 m/s - 12.32 m/s (planner.py:310)
INFO     [2025-01-12 11:42:12] --- select trajectory 191 (reactive_planner_cpp.py:382)
INFO     [2025-01-12 11:42:12] --- current time step: 21 (frenet_interface.py:257)
INFO     [2025-01-12 11:42:12] --- current velocity: 6.119645578365359 (frenet_interface.py:258)
INFO     [2025-01-12 11:42:12] --- current target velocity: 10.184118384553956 (frenet_interface.py:259)
INFO     [2025-01-12 11:42:15] --- Sampled interval of velocity: 0.00 m/s - 11.87 m/s (planner.py:310)
INFO     [2025-01-12 11:42:15] --- current time step: 22 (frenet_interface.py:280)
INFO     [2025-01-12 11:42:15] --- current velocity: 5.518544560174147 (frenet_interface.py:281)
INFO     [2025-01-12 11:42:15] --- current target velocity: 10.214255873577471 (frenet_interface.py:282)
INFO     [2025-01-12 11:42:15] --- Sampled interval of velocity: 0.00 m/s - 11.27 m/s (planner.py:310)
INFO     [2025-01-12 11:42:15] --- current time step: 23 (frenet_interface.py:280)
INFO     [2025-01-12 11:42:15] --- current velocity: 4.804166615739878 (frenet_interface.py:281)
INFO     [2025-01-12 11:42:15] --- current target velocity: 10.249053283030339 (frenet_interface.py:282)
INFO     [2025-01-12 11:42:16] --- Sampled interval of velocity: 0.00 m/s - 10.55 m/s (planner.py:310)
WARNING  [2025-01-12 11:42:16] --- No optimal trajectory available. Select stopping trajectory! (reactive_planner_cpp.py:407)
INFO     [2025-01-12 11:42:16] --- current time step: 24 (frenet_interface.py:257)
INFO     [2025-01-12 11:42:16] --- current velocity: 4.410108457824462 (frenet_interface.py:258)
INFO     [2025-01-12 11:42:16] --- current target velocity: 9.804166615739877 (frenet_interface.py:259)
INFO     [2025-01-12 11:42:19] --- Sampled interval of velocity: 0.00 m/s - 10.16 m/s (planner.py:310)
INFO     [2025-01-12 11:42:19] --- current time step: 25 (frenet_interface.py:280)
INFO     [2025-01-12 11:42:19] --- current velocity: 3.9936134542086954 (frenet_interface.py:281)
INFO     [2025-01-12 11:42:19] --- current target velocity: 9.410108457824462 (frenet_interface.py:282)
INFO     [2025-01-12 11:42:19] --- Sampled interval of velocity: 0.00 m/s - 9.74 m/s (planner.py:310)
INFO     [2025-01-12 11:42:19] --- current time step: 26 (frenet_interface.py:280)
INFO     [2025-01-12 11:42:19] --- current velocity: 3.5673207732702505 (frenet_interface.py:281)
INFO     [2025-01-12 11:42:19] --- current target velocity: 8.993613454208695 (frenet_interface.py:282)
