CRITICAL [2025-01-12 11:30:35] --- Start Planner Vehicle ID: 20026 (frenet_interface.py:67)
INFO     [2025-01-12 11:30:38] --- Sampled interval of velocity: 0.00 m/s - 7.71 m/s (planner.py:310)
INFO     [2025-01-12 11:30:38] --- select trajectory 191 (reactive_planner_cpp.py:382)
INFO     [2025-01-12 11:30:38] --- current time step: 0 (frenet_interface.py:257)
INFO     [2025-01-12 11:30:38] --- current velocity: 1.79673007757064 (frenet_interface.py:258)
INFO     [2025-01-12 11:30:38] --- current target velocity: 6.9571000000000005 (frenet_interface.py:259)
INFO     [2025-01-12 11:30:39] --- Sampled interval of velocity: 0.00 m/s - 7.55 m/s (planner.py:310)
INFO     [2025-01-12 11:30:39] --- current time step: 1 (frenet_interface.py:280)
INFO     [2025-01-12 11:30:39] --- current velocity: 1.6006251921121395 (frenet_interface.py:281)
INFO     [2025-01-12 11:30:39] --- current target velocity: 6.79673007757064 (frenet_interface.py:282)
INFO     [2025-01-12 11:30:40] --- Sampled interval of velocity: 0.00 m/s - 7.35 m/s (planner.py:310)
INFO     [2025-01-12 11:30:40] --- current time step: 2 (frenet_interface.py:280)
INFO     [2025-01-12 11:30:40] --- current velocity: 1.3795442423085267 (frenet_interface.py:281)
INFO     [2025-01-12 11:30:40] --- current target velocity: 6.6006251921121395 (frenet_interface.py:282)
INFO     [2025-01-12 11:30:40] --- Sampled interval of velocity: 0.00 m/s - 7.13 m/s (planner.py:310)
INFO     [2025-01-12 11:30:40] --- select trajectory 216 (reactive_planner_cpp.py:382)
INFO     [2025-01-12 11:30:40] --- current time step: 3 (frenet_interface.py:257)
INFO     [2025-01-12 11:30:40] --- current velocity: 1.2786632133163902 (frenet_interface.py:258)
INFO     [2025-01-12 11:30:40] --- current target velocity: 6.379544242308526 (frenet_interface.py:259)
INFO     [2025-01-12 11:30:42] --- Sampled interval of velocity: 0.00 m/s - 7.03 m/s (planner.py:310)
INFO     [2025-01-12 11:30:42] --- current time step: 4 (frenet_interface.py:280)
INFO     [2025-01-12 11:30:42] --- current velocity: 1.2045002626893462 (frenet_interface.py:281)
INFO     [2025-01-12 11:30:42] --- current target velocity: 6.27866321331639 (frenet_interface.py:282)
INFO     [2025-01-12 11:30:42] --- Sampled interval of velocity: 0.00 m/s - 6.95 m/s (planner.py:310)
INFO     [2025-01-12 11:30:42] --- current time step: 5 (frenet_interface.py:280)
INFO     [2025-01-12 11:30:42] --- current velocity: 1.1547291583392987 (frenet_interface.py:281)
INFO     [2025-01-12 11:30:42] --- current target velocity: 6.204500262689346 (frenet_interface.py:282)
INFO     [2025-01-12 11:30:42] --- Sampled interval of velocity: 0.00 m/s - 6.90 m/s (planner.py:310)
INFO     [2025-01-12 11:30:42] --- select trajectory 161 (reactive_planner_cpp.py:382)
INFO     [2025-01-12 11:30:42] --- current time step: 6 (frenet_interface.py:257)
INFO     [2025-01-12 11:30:42] --- current velocity: 1.2526806340734882 (frenet_interface.py:258)
INFO     [2025-01-12 11:30:42] --- current target velocity: 6.154729158339299 (frenet_interface.py:259)
INFO     [2025-01-12 11:30:44] --- Sampled interval of velocity: 0.00 m/s - 7.00 m/s (planner.py:310)
INFO     [2025-01-12 11:30:44] --- current time step: 7 (frenet_interface.py:280)
INFO     [2025-01-12 11:30:44] --- current velocity: 1.554888958007819 (frenet_interface.py:281)
INFO     [2025-01-12 11:30:44] --- current target velocity: 6.252680634073489 (frenet_interface.py:282)
INFO     [2025-01-12 11:30:44] --- Sampled interval of velocity: 0.00 m/s - 7.30 m/s (planner.py:310)
INFO     [2025-01-12 11:30:44] --- current time step: 8 (frenet_interface.py:280)
INFO     [2025-01-12 11:30:44] --- current velocity: 2.016309362704594 (frenet_interface.py:281)
INFO     [2025-01-12 11:30:44] --- current target velocity: 6.554888958007819 (frenet_interface.py:282)
INFO     [2025-01-12 11:30:45] --- Sampled interval of velocity: 0.00 m/s - 7.77 m/s (planner.py:310)
INFO     [2025-01-12 11:30:45] --- select trajectory 161 (reactive_planner_cpp.py:382)
INFO     [2025-01-12 11:30:45] --- current time step: 9 (frenet_interface.py:257)
INFO     [2025-01-12 11:30:45] --- current velocity: 2.3449130267388294 (frenet_interface.py:258)
INFO     [2025-01-12 11:30:45] --- current target velocity: 7.016309362704594 (frenet_interface.py:259)
INFO     [2025-01-12 11:30:47] --- Sampled interval of velocity: 0.00 m/s - 8.09 m/s (planner.py:310)
INFO     [2025-01-12 11:30:47] --- current time step: 10 (frenet_interface.py:280)
INFO     [2025-01-12 11:30:47] --- current velocity: 2.7847540860488675 (frenet_interface.py:281)
INFO     [2025-01-12 11:30:47] --- current target velocity: 7.34491302673883 (frenet_interface.py:282)
INFO     [2025-01-12 11:30:47] --- Sampled interval of velocity: 0.00 m/s - 8.53 m/s (planner.py:310)
INFO     [2025-01-12 11:30:47] --- current time step: 11 (frenet_interface.py:280)
INFO     [2025-01-12 11:30:47] --- current velocity: 3.305809870006064 (frenet_interface.py:281)
INFO     [2025-01-12 11:30:47] --- current target velocity: 7.784754086048867 (frenet_interface.py:282)
INFO     [2025-01-12 11:30:47] --- Sampled interval of velocity: 0.00 m/s - 9.06 m/s (planner.py:310)
INFO     [2025-01-12 11:30:48] --- select trajectory 781 (reactive_planner_cpp.py:382)
INFO     [2025-01-12 11:30:48] --- current time step: 12 (frenet_interface.py:257)
INFO     [2025-01-12 11:30:48] --- current velocity: 3.5823035851646194 (frenet_interface.py:258)
INFO     [2025-01-12 11:30:48] --- current target velocity: 8.305809870006064 (frenet_interface.py:259)
INFO     [2025-01-12 11:30:50] --- Sampled interval of velocity: 0.00 m/s - 9.33 m/s (planner.py:310)
INFO     [2025-01-12 11:30:50] --- current time step: 13 (frenet_interface.py:280)
INFO     [2025-01-12 11:30:50] --- current velocity: 3.859659496361544 (frenet_interface.py:281)
INFO     [2025-01-12 11:30:50] --- current target velocity: 8.58230358516462 (frenet_interface.py:282)
INFO     [2025-01-12 11:30:50] --- Sampled interval of velocity: 0.00 m/s - 9.61 m/s (planner.py:310)
INFO     [2025-01-12 11:30:50] --- current time step: 14 (frenet_interface.py:280)
INFO     [2025-01-12 11:30:50] --- current velocity: 4.137187908288923 (frenet_interface.py:281)
INFO     [2025-01-12 11:30:50] --- current target velocity: 8.859659496361544 (frenet_interface.py:282)
INFO     [2025-01-12 11:30:51] --- Sampled interval of velocity: 0.00 m/s - 9.89 m/s (planner.py:310)
INFO     [2025-01-12 11:30:51] --- select trajectory 771 (reactive_planner_cpp.py:382)
INFO     [2025-01-12 11:30:51] --- current time step: 15 (frenet_interface.py:257)
INFO     [2025-01-12 11:30:51] --- current velocity: 4.281592905280157 (frenet_interface.py:258)
INFO     [2025-01-12 11:30:51] --- current target velocity: 9.137187908288922 (frenet_interface.py:259)
INFO     [2025-01-12 11:30:54] --- Sampled interval of velocity: 0.00 m/s - 10.03 m/s (planner.py:310)
INFO     [2025-01-12 11:30:54] --- current time step: 16 (frenet_interface.py:280)
INFO     [2025-01-12 11:30:54] --- current velocity: 4.43654088395771 (frenet_interface.py:281)
INFO     [2025-01-12 11:30:54] --- current target velocity: 9.281592905280156 (frenet_interface.py:282)
INFO     [2025-01-12 11:30:54] --- Sampled interval of velocity: 0.00 m/s - 10.19 m/s (planner.py:310)
INFO     [2025-01-12 11:30:54] --- current time step: 17 (frenet_interface.py:280)
INFO     [2025-01-12 11:30:54] --- current velocity: 4.6009612809986855 (frenet_interface.py:281)
INFO     [2025-01-12 11:30:54] --- current target velocity: 9.43654088395771 (frenet_interface.py:282)
INFO     [2025-01-12 11:30:55] --- Sampled interval of velocity: 0.00 m/s - 10.35 m/s (planner.py:310)
INFO     [2025-01-12 11:30:55] --- select trajectory 680 (reactive_planner_cpp.py:382)
INFO     [2025-01-12 11:30:55] --- current time step: 18 (frenet_interface.py:257)
INFO     [2025-01-12 11:30:55] --- current velocity: 4.699946811568611 (frenet_interface.py:258)
INFO     [2025-01-12 11:30:55] --- current target velocity: 9.600961280998686 (frenet_interface.py:259)
INFO     [2025-01-12 11:30:58] --- Sampled interval of velocity: 0.00 m/s - 10.45 m/s (planner.py:310)
INFO     [2025-01-12 11:30:58] --- current time step: 19 (frenet_interface.py:280)
INFO     [2025-01-12 11:30:58] --- current velocity: 4.827099703179566 (frenet_interface.py:281)
INFO     [2025-01-12 11:30:58] --- current target velocity: 9.699946811568612 (frenet_interface.py:282)
INFO     [2025-01-12 11:30:58] --- Sampled interval of velocity: 0.00 m/s - 10.58 m/s (planner.py:310)
INFO     [2025-01-12 11:30:58] --- current time step: 20 (frenet_interface.py:280)
INFO     [2025-01-12 11:30:58] --- current velocity: 4.9811620529604275 (frenet_interface.py:281)
INFO     [2025-01-12 11:30:58] --- current target velocity: 9.827099703179567 (frenet_interface.py:282)
INFO     [2025-01-12 11:30:59] --- Sampled interval of velocity: 0.00 m/s - 10.73 m/s (planner.py:310)
INFO     [2025-01-12 11:30:59] --- select trajectory 580 (reactive_planner_cpp.py:382)
INFO     [2025-01-12 11:30:59] --- current time step: 21 (frenet_interface.py:257)
INFO     [2025-01-12 11:30:59] --- current velocity: 5.086354591171582 (frenet_interface.py:258)
INFO     [2025-01-12 11:30:59] --- current target velocity: 9.981162052960428 (frenet_interface.py:259)
INFO     [2025-01-12 11:31:01] --- Sampled interval of velocity: 0.00 m/s - 10.84 m/s (planner.py:310)
INFO     [2025-01-12 11:31:01] --- current time step: 22 (frenet_interface.py:280)
INFO     [2025-01-12 11:31:01] --- current velocity: 5.229419961941752 (frenet_interface.py:281)
INFO     [2025-01-12 11:31:01] --- current target velocity: 10.086354591171581 (frenet_interface.py:282)
INFO     [2025-01-12 11:31:02] --- Sampled interval of velocity: 0.00 m/s - 10.98 m/s (planner.py:310)
INFO     [2025-01-12 11:31:02] --- current time step: 23 (frenet_interface.py:280)
INFO     [2025-01-12 11:31:02] --- current velocity: 5.407520271923385 (frenet_interface.py:281)
INFO     [2025-01-12 11:31:02] --- current target velocity: 10.229419961941751 (frenet_interface.py:282)
INFO     [2025-01-12 11:31:02] --- Sampled interval of velocity: 0.00 m/s - 11.16 m/s (planner.py:310)
INFO     [2025-01-12 11:31:03] --- select trajectory 370 (reactive_planner_cpp.py:382)
INFO     [2025-01-12 11:31:03] --- current time step: 24 (frenet_interface.py:257)
INFO     [2025-01-12 11:31:03] --- current velocity: 5.527156415859771 (frenet_interface.py:258)
INFO     [2025-01-12 11:31:03] --- current target velocity: 10.407520271923385 (frenet_interface.py:259)
INFO     [2025-01-12 11:31:05] --- Sampled interval of velocity: 0.00 m/s - 11.28 m/s (planner.py:310)
INFO     [2025-01-12 11:31:05] --- current time step: 25 (frenet_interface.py:280)
INFO     [2025-01-12 11:31:05] --- current velocity: 5.678801633504676 (frenet_interface.py:281)
INFO     [2025-01-12 11:31:05] --- current target velocity: 10.527156415859771 (frenet_interface.py:282)
INFO     [2025-01-12 11:31:06] --- Sampled interval of velocity: 0.00 m/s - 11.43 m/s (planner.py:310)
INFO     [2025-01-12 11:31:06] --- current time step: 26 (frenet_interface.py:280)
INFO     [2025-01-12 11:31:06] --- current velocity: 5.859655583286158 (frenet_interface.py:281)
INFO     [2025-01-12 11:31:06] --- current target velocity: 10.678801633504676 (frenet_interface.py:282)
INFO     [2025-01-12 11:31:06] --- Sampled interval of velocity: 0.00 m/s - 11.61 m/s (planner.py:310)
INFO     [2025-01-12 11:31:07] --- select trajectory 260 (reactive_planner_cpp.py:382)
INFO     [2025-01-12 11:31:07] --- current time step: 27 (frenet_interface.py:257)
INFO     [2025-01-12 11:31:07] --- current velocity: 5.975640685744845 (frenet_interface.py:258)
INFO     [2025-01-12 11:31:07] --- current target velocity: 10.859655583286159 (frenet_interface.py:259)
INFO     [2025-01-12 11:31:09] --- Sampled interval of velocity: 0.00 m/s - 11.73 m/s (planner.py:310)
INFO     [2025-01-12 11:31:09] --- current time step: 28 (frenet_interface.py:280)
INFO     [2025-01-12 11:31:09] --- current velocity: 6.115162523459519 (frenet_interface.py:281)
INFO     [2025-01-12 11:31:09] --- current target velocity: 10.975640685744846 (frenet_interface.py:282)
INFO     [2025-01-12 11:31:10] --- Sampled interval of velocity: 0.00 m/s - 11.87 m/s (planner.py:310)
INFO     [2025-01-12 11:31:10] --- current time step: 29 (frenet_interface.py:280)
INFO     [2025-01-12 11:31:10] --- current velocity: 6.274932238824213 (frenet_interface.py:281)
INFO     [2025-01-12 11:31:10] --- current target velocity: 11.115162523459519 (frenet_interface.py:282)
INFO     [2025-01-12 11:31:11] --- Sampled interval of velocity: 0.00 m/s - 12.02 m/s (planner.py:310)
INFO     [2025-01-12 11:31:11] --- select trajectory 186 (reactive_planner_cpp.py:382)
INFO     [2025-01-12 11:31:11] --- current time step: 30 (frenet_interface.py:257)
INFO     [2025-01-12 11:31:11] --- current velocity: 6.484410637422223 (frenet_interface.py:258)
INFO     [2025-01-12 11:31:11] --- current target velocity: 11.274932238824213 (frenet_interface.py:259)
INFO     [2025-01-12 11:31:14] --- Sampled interval of velocity: 0.00 m/s - 12.23 m/s (planner.py:310)
INFO     [2025-01-12 11:31:14] --- current time step: 31 (frenet_interface.py:280)
INFO     [2025-01-12 11:31:14] --- current velocity: 6.901901526671207 (frenet_interface.py:281)
INFO     [2025-01-12 11:31:14] --- current target velocity: 11.484410637422222 (frenet_interface.py:282)
INFO     [2025-01-12 11:31:14] --- Sampled interval of velocity: 0.00 m/s - 12.65 m/s (planner.py:310)
INFO     [2025-01-12 11:31:14] --- current time step: 32 (frenet_interface.py:280)
INFO     [2025-01-12 11:31:14] --- current velocity: 7.479016982783981 (frenet_interface.py:281)
INFO     [2025-01-12 11:31:14] --- current target velocity: 11.901901526671207 (frenet_interface.py:282)
INFO     [2025-01-12 11:31:15] --- Sampled interval of velocity: 0.00 m/s - 13.23 m/s (planner.py:310)
INFO     [2025-01-12 11:31:15] --- select trajectory 481 (reactive_planner_cpp.py:382)
INFO     [2025-01-12 11:31:15] --- current time step: 33 (frenet_interface.py:257)
INFO     [2025-01-12 11:31:15] --- current velocity: 7.831706008826222 (frenet_interface.py:258)
INFO     [2025-01-12 11:31:15] --- current target velocity: 12.479016982783982 (frenet_interface.py:259)
INFO     [2025-01-12 11:31:18] --- Sampled interval of velocity: 0.00 m/s - 13.58 m/s (planner.py:310)
INFO     [2025-01-12 11:31:18] --- current time step: 34 (frenet_interface.py:280)
INFO     [2025-01-12 11:31:18] --- current velocity: 8.252343587767873 (frenet_interface.py:281)
INFO     [2025-01-12 11:31:18] --- current target velocity: 12.831706008826222 (frenet_interface.py:282)
INFO     [2025-01-12 11:31:19] --- Sampled interval of velocity: 0.00 m/s - 14.00 m/s (planner.py:310)
INFO     [2025-01-12 11:31:19] --- current time step: 35 (frenet_interface.py:280)
INFO     [2025-01-12 11:31:19] --- current velocity: 8.725946716950398 (frenet_interface.py:281)
INFO     [2025-01-12 11:31:19] --- current target velocity: 13.252343587767873 (frenet_interface.py:282)
INFO     [2025-01-12 11:31:19] --- Sampled interval of velocity: 0.00 m/s - 14.48 m/s (planner.py:310)
WARNING  [2025-01-12 11:31:20] --- No optimal trajectory available. Select stopping trajectory! (reactive_planner_cpp.py:407)
INFO     [2025-01-12 11:31:20] --- current time step: 36 (frenet_interface.py:257)
INFO     [2025-01-12 11:31:20] --- current velocity: 8.824773726490513 (frenet_interface.py:258)
INFO     [2025-01-12 11:31:20] --- current target velocity: 13.725946716950398 (frenet_interface.py:259)
INFO     [2025-01-12 11:31:23] --- Sampled interval of velocity: 0.00 m/s - 14.57 m/s (planner.py:310)
INFO     [2025-01-12 11:31:23] --- current time step: 37 (frenet_interface.py:280)
INFO     [2025-01-12 11:31:23] --- current velocity: 8.679903816663472 (frenet_interface.py:281)
INFO     [2025-01-12 11:31:23] --- current target velocity: 13.824773726490513 (frenet_interface.py:282)
INFO     [2025-01-12 11:31:24] --- Sampled interval of velocity: 0.00 m/s - 14.43 m/s (planner.py:310)
INFO     [2025-01-12 11:31:24] --- current time step: 38 (frenet_interface.py:280)
INFO     [2025-01-12 11:31:24] --- current velocity: 8.33171090111112 (frenet_interface.py:281)
INFO     [2025-01-12 11:31:24] --- current target velocity: 8.679903816663472 (frenet_interface.py:282)
INFO     [2025-01-12 11:31:25] --- Sampled interval of velocity: 0.00 m/s - 14.08 m/s (planner.py:310)
WARNING  [2025-01-12 11:31:25] --- No optimal trajectory available. Select stopping trajectory! (reactive_planner_cpp.py:407)
INFO     [2025-01-12 11:31:25] --- current time step: 39 (frenet_interface.py:257)
INFO     [2025-01-12 11:31:25] --- current velocity: 7.993538639664272 (frenet_interface.py:258)
INFO     [2025-01-12 11:31:25] --- current target velocity: 8.33171090111112 (frenet_interface.py:259)
INFO     [2025-01-12 11:31:27] --- Sampled interval of velocity: 0.00 m/s - 13.74 m/s (planner.py:310)
INFO     [2025-01-12 11:31:27] --- current time step: 40 (frenet_interface.py:280)
INFO     [2025-01-12 11:31:27] --- current velocity: 7.461198217614691 (frenet_interface.py:281)
INFO     [2025-01-12 11:31:27] --- current target velocity: 7.993538639664272 (frenet_interface.py:282)
INFO     [2025-01-12 11:31:28] --- Sampled interval of velocity: 0.00 m/s - 13.21 m/s (planner.py:310)
INFO     [2025-01-12 11:31:28] --- current time step: 41 (frenet_interface.py:280)
INFO     [2025-01-12 11:31:28] --- current velocity: 6.781645050451146 (frenet_interface.py:281)
INFO     [2025-01-12 11:31:28] --- current target velocity: 7.461198217614691 (frenet_interface.py:282)
INFO     [2025-01-12 11:31:28] --- Sampled interval of velocity: 0.00 m/s - 12.53 m/s (planner.py:310)
WARNING  [2025-01-12 11:31:29] --- No optimal trajectory available. Select stopping trajectory! (reactive_planner_cpp.py:407)
INFO     [2025-01-12 11:31:29] --- current time step: 42 (frenet_interface.py:257)
INFO     [2025-01-12 11:31:29] --- current velocity: 6.355930437819458 (frenet_interface.py:258)
INFO     [2025-01-12 11:31:29] --- current target velocity: 6.781645050451146 (frenet_interface.py:259)
INFO     [2025-01-12 11:31:30] --- Sampled interval of velocity: 0.00 m/s - 12.11 m/s (planner.py:310)
INFO     [2025-01-12 11:31:30] --- current time step: 43 (frenet_interface.py:280)
INFO     [2025-01-12 11:31:30] --- current velocity: 5.834573035577745 (frenet_interface.py:281)
INFO     [2025-01-12 11:31:30] --- current target velocity: 6.355930437819458 (frenet_interface.py:282)
INFO     [2025-01-12 11:31:31] --- Sampled interval of velocity: 0.00 m/s - 11.58 m/s (planner.py:310)
INFO     [2025-01-12 11:31:31] --- current time step: 44 (frenet_interface.py:280)
INFO     [2025-01-12 11:31:31] --- current velocity: 5.246057504142144 (frenet_interface.py:281)
INFO     [2025-01-12 11:31:31] --- current target velocity: 5.834573035577745 (frenet_interface.py:282)
INFO     [2025-01-12 11:31:32] --- Sampled interval of velocity: 0.00 m/s - 11.00 m/s (planner.py:310)
WARNING  [2025-01-12 11:31:33] --- No optimal trajectory available. Select stopping trajectory! (reactive_planner_cpp.py:407)
INFO     [2025-01-12 11:31:33] --- current time step: 45 (frenet_interface.py:257)
INFO     [2025-01-12 11:31:33] --- current velocity: 4.870855359129321 (frenet_interface.py:258)
INFO     [2025-01-12 11:31:33] --- current target velocity: 5.246057504142144 (frenet_interface.py:259)
INFO     [2025-01-12 11:31:34] --- Sampled interval of velocity: 0.00 m/s - 10.62 m/s (planner.py:310)
INFO     [2025-01-12 11:31:34] --- current time step: 46 (frenet_interface.py:280)
INFO     [2025-01-12 11:31:34] --- current velocity: 4.379032933638837 (frenet_interface.py:281)
INFO     [2025-01-12 11:31:34] --- current target velocity: 4.870855359129321 (frenet_interface.py:282)
INFO     [2025-01-12 11:31:36] --- Sampled interval of velocity: 0.00 m/s - 10.13 m/s (planner.py:310)
INFO     [2025-01-12 11:31:36] --- current time step: 47 (frenet_interface.py:280)
INFO     [2025-01-12 11:31:36] --- current velocity: 3.8025753530779194 (frenet_interface.py:281)
INFO     [2025-01-12 11:31:36] --- current target velocity: 4.379032933638837 (frenet_interface.py:282)
INFO     [2025-01-12 11:31:36] --- Sampled interval of velocity: 0.00 m/s - 9.55 m/s (planner.py:310)
INFO     [2025-01-12 11:31:36] --- select trajectory 11 (reactive_planner_cpp.py:382)
INFO     [2025-01-12 11:31:36] --- current time step: 48 (frenet_interface.py:257)
INFO     [2025-01-12 11:31:36] --- current velocity: 3.519213750314496 (frenet_interface.py:258)
INFO     [2025-01-12 11:31:36] --- current target velocity: 3.8025753530779194 (frenet_interface.py:259)
INFO     [2025-01-12 11:31:38] --- Sampled interval of velocity: 0.00 m/s - 9.27 m/s (planner.py:310)
INFO     [2025-01-12 11:31:38] --- current time step: 49 (frenet_interface.py:280)
INFO     [2025-01-12 11:31:38] --- current velocity: 3.275363539360393 (frenet_interface.py:281)
INFO     [2025-01-12 11:31:38] --- current target velocity: 3.519213750314496 (frenet_interface.py:282)
INFO     [2025-01-12 11:31:39] --- Sampled interval of velocity: 0.00 m/s - 9.03 m/s (planner.py:310)
INFO     [2025-01-12 11:31:39] --- current time step: 50 (frenet_interface.py:280)
INFO     [2025-01-12 11:31:39] --- current velocity: 3.0684467125903105 (frenet_interface.py:281)
INFO     [2025-01-12 11:31:39] --- current target velocity: 3.275363539360393 (frenet_interface.py:282)
INFO     [2025-01-12 11:31:40] --- Sampled interval of velocity: 0.00 m/s - 8.82 m/s (planner.py:310)
INFO     [2025-01-12 11:31:40] --- select trajectory 701 (reactive_planner_cpp.py:382)
INFO     [2025-01-12 11:31:40] --- current time step: 51 (frenet_interface.py:257)
INFO     [2025-01-12 11:31:40] --- current velocity: 2.9736317192526527 (frenet_interface.py:258)
INFO     [2025-01-12 11:31:40] --- current target velocity: 3.0684467125903105 (frenet_interface.py:259)
INFO     [2025-01-12 11:31:41] --- Sampled interval of velocity: 0.00 m/s - 8.72 m/s (planner.py:310)
INFO     [2025-01-12 11:31:41] --- current time step: 52 (frenet_interface.py:280)
INFO     [2025-01-12 11:31:41] --- current velocity: 2.878634988342969 (frenet_interface.py:281)
INFO     [2025-01-12 11:31:41] --- current target velocity: 2.9736317192526527 (frenet_interface.py:282)
INFO     [2025-01-12 11:31:42] --- Sampled interval of velocity: 0.00 m/s - 8.63 m/s (planner.py:310)
INFO     [2025-01-12 11:31:42] --- current time step: 53 (frenet_interface.py:280)
INFO     [2025-01-12 11:31:42] --- current velocity: 2.783644730763807 (frenet_interface.py:281)
INFO     [2025-01-12 11:31:42] --- current target velocity: 2.878634988342969 (frenet_interface.py:282)
INFO     [2025-01-12 11:31:43] --- Sampled interval of velocity: 0.00 m/s - 8.53 m/s (planner.py:310)
INFO     [2025-01-12 11:31:43] --- select trajectory 301 (reactive_planner_cpp.py:382)
INFO     [2025-01-12 11:31:43] --- current time step: 54 (frenet_interface.py:257)
INFO     [2025-01-12 11:31:43] --- current velocity: 2.7307735807346374 (frenet_interface.py:258)
INFO     [2025-01-12 11:31:43] --- current target velocity: 2.783644730763807 (frenet_interface.py:259)
INFO     [2025-01-12 11:31:44] --- Sampled interval of velocity: 0.00 m/s - 8.48 m/s (planner.py:310)
INFO     [2025-01-12 11:31:44] --- current time step: 55 (frenet_interface.py:280)
INFO     [2025-01-12 11:31:44] --- current velocity: 2.667867942904271 (frenet_interface.py:281)
INFO     [2025-01-12 11:31:44] --- current target velocity: 2.7307735807346374 (frenet_interface.py:282)
INFO     [2025-01-12 11:31:45] --- Sampled interval of velocity: 0.00 m/s - 8.42 m/s (planner.py:310)
INFO     [2025-01-12 11:31:45] --- current time step: 56 (frenet_interface.py:280)
INFO     [2025-01-12 11:31:45] --- current velocity: 2.596073499048715 (frenet_interface.py:281)
INFO     [2025-01-12 11:31:45] --- current target velocity: 2.667867942904271 (frenet_interface.py:282)
INFO     [2025-01-12 11:31:46] --- Sampled interval of velocity: 0.00 m/s - 8.35 m/s (planner.py:310)
INFO     [2025-01-12 11:31:46] --- select trajectory 1 (reactive_planner_cpp.py:382)
INFO     [2025-01-12 11:31:46] --- current time step: 57 (frenet_interface.py:257)
INFO     [2025-01-12 11:31:46] --- current velocity: 2.5470462674076564 (frenet_interface.py:258)
INFO     [2025-01-12 11:31:46] --- current target velocity: 2.596073499048715 (frenet_interface.py:259)
INFO     [2025-01-12 11:31:47] --- Sampled interval of velocity: 0.00 m/s - 8.30 m/s (planner.py:310)
INFO     [2025-01-12 11:31:47] --- current time step: 58 (frenet_interface.py:280)
INFO     [2025-01-12 11:31:47] --- current velocity: 2.47780701210335 (frenet_interface.py:281)
INFO     [2025-01-12 11:31:47] --- current target velocity: 2.5470462674076564 (frenet_interface.py:282)
INFO     [2025-01-12 11:31:48] --- Sampled interval of velocity: 0.00 m/s - 8.23 m/s (planner.py:310)
INFO     [2025-01-12 11:31:48] --- current time step: 59 (frenet_interface.py:280)
INFO     [2025-01-12 11:31:48] --- current velocity: 2.391320582226286 (frenet_interface.py:281)
INFO     [2025-01-12 11:31:48] --- current target velocity: 2.47780701210335 (frenet_interface.py:282)
INFO     [2025-01-12 11:31:49] --- Sampled interval of velocity: 0.00 m/s - 8.14 m/s (planner.py:310)
INFO     [2025-01-12 11:31:49] --- select trajectory 6 (reactive_planner_cpp.py:382)
INFO     [2025-01-12 11:31:49] --- current time step: 60 (frenet_interface.py:257)
INFO     [2025-01-12 11:31:49] --- current velocity: 2.3356488325158224 (frenet_interface.py:258)
INFO     [2025-01-12 11:31:49] --- current target velocity: 2.391320582226286 (frenet_interface.py:259)
INFO     [2025-01-12 11:31:51] --- Sampled interval of velocity: 0.00 m/s - 8.09 m/s (planner.py:310)
INFO     [2025-01-12 11:31:51] --- current time step: 61 (frenet_interface.py:280)
INFO     [2025-01-12 11:31:51] --- current velocity: 2.2645444351719255 (frenet_interface.py:281)
INFO     [2025-01-12 11:31:51] --- current target velocity: 2.3356488325158224 (frenet_interface.py:282)
INFO     [2025-01-12 11:31:51] --- Sampled interval of velocity: 0.00 m/s - 8.01 m/s (planner.py:310)
INFO     [2025-01-12 11:31:51] --- current time step: 62 (frenet_interface.py:280)
INFO     [2025-01-12 11:31:51] --- current velocity: 2.1806955797507523 (frenet_interface.py:281)
INFO     [2025-01-12 11:31:51] --- current target velocity: 2.2645444351719255 (frenet_interface.py:282)
INFO     [2025-01-12 11:31:52] --- Sampled interval of velocity: 0.00 m/s - 7.93 m/s (planner.py:310)
INFO     [2025-01-12 11:31:52] --- select trajectory 701 (reactive_planner_cpp.py:382)
INFO     [2025-01-12 11:31:52] --- current time step: 63 (frenet_interface.py:257)
INFO     [2025-01-12 11:31:52] --- current velocity: 2.1351257539662014 (frenet_interface.py:258)
INFO     [2025-01-12 11:31:52] --- current target velocity: 2.1806955797507523 (frenet_interface.py:259)
INFO     [2025-01-12 11:31:54] --- Sampled interval of velocity: 0.00 m/s - 7.89 m/s (planner.py:310)
INFO     [2025-01-12 11:31:54] --- current time step: 64 (frenet_interface.py:280)
INFO     [2025-01-12 11:31:54] --- current velocity: 2.0878799000491135 (frenet_interface.py:281)
INFO     [2025-01-12 11:31:54] --- current target velocity: 2.1351257539662014 (frenet_interface.py:282)
INFO     [2025-01-12 11:31:54] --- Sampled interval of velocity: 0.00 m/s - 7.84 m/s (planner.py:310)
INFO     [2025-01-12 11:31:54] --- current time step: 65 (frenet_interface.py:280)
INFO     [2025-01-12 11:31:54] --- current velocity: 2.0391610697792735 (frenet_interface.py:281)
INFO     [2025-01-12 11:31:54] --- current target velocity: 2.0878799000491135 (frenet_interface.py:282)
INFO     [2025-01-12 11:31:55] --- Sampled interval of velocity: 0.00 m/s - 7.79 m/s (planner.py:310)
INFO     [2025-01-12 11:31:55] --- select trajectory 166 (reactive_planner_cpp.py:382)
INFO     [2025-01-12 11:31:55] --- current time step: 66 (frenet_interface.py:257)
INFO     [2025-01-12 11:31:55] --- current velocity: 2.129911041331714 (frenet_interface.py:258)
INFO     [2025-01-12 11:31:55] --- current target velocity: 2.0391610697792735 (frenet_interface.py:259)
INFO     [2025-01-12 11:31:57] --- Sampled interval of velocity: 0.00 m/s - 7.88 m/s (planner.py:310)
INFO     [2025-01-12 11:31:57] --- current time step: 67 (frenet_interface.py:280)
INFO     [2025-01-12 11:31:57] --- current velocity: 2.4221700773549943 (frenet_interface.py:281)
INFO     [2025-01-12 11:31:57] --- current target velocity: 2.129911041331714 (frenet_interface.py:282)
INFO     [2025-01-12 11:31:57] --- Sampled interval of velocity: 0.00 m/s - 8.17 m/s (planner.py:310)
INFO     [2025-01-12 11:31:57] --- current time step: 68 (frenet_interface.py:280)
INFO     [2025-01-12 11:31:57] --- current velocity: 2.8717731754015117 (frenet_interface.py:281)
INFO     [2025-01-12 11:31:57] --- current target velocity: 2.4221700773549943 (frenet_interface.py:282)
INFO     [2025-01-12 11:31:58] --- Sampled interval of velocity: 0.00 m/s - 8.62 m/s (planner.py:310)
INFO     [2025-01-12 11:31:58] --- select trajectory 51 (reactive_planner_cpp.py:382)
INFO     [2025-01-12 11:31:58] --- current time step: 69 (frenet_interface.py:257)
INFO     [2025-01-12 11:31:58] --- current velocity: 3.135075708684572 (frenet_interface.py:258)
INFO     [2025-01-12 11:31:58] --- current target velocity: 2.8717731754015117 (frenet_interface.py:259)
INFO     [2025-01-12 11:32:00] --- Sampled interval of velocity: 0.00 m/s - 8.89 m/s (planner.py:310)
INFO     [2025-01-12 11:32:00] --- current time step: 70 (frenet_interface.py:280)
INFO     [2025-01-12 11:32:00] --- current velocity: 3.4091538183083903 (frenet_interface.py:281)
INFO     [2025-01-12 11:32:00] --- current target velocity: 3.135075708684572 (frenet_interface.py:282)
INFO     [2025-01-12 11:32:00] --- Sampled interval of velocity: 0.00 m/s - 9.16 m/s (planner.py:310)
INFO     [2025-01-12 11:32:00] --- current time step: 71 (frenet_interface.py:280)
INFO     [2025-01-12 11:32:00] --- current velocity: 3.6905564102594375 (frenet_interface.py:281)
INFO     [2025-01-12 11:32:00] --- current target velocity: 3.4091538183083903 (frenet_interface.py:282)
INFO     [2025-01-12 11:32:01] --- Sampled interval of velocity: 0.00 m/s - 9.44 m/s (planner.py:310)
INFO     [2025-01-12 11:32:01] --- select trajectory 80 (reactive_planner_cpp.py:382)
INFO     [2025-01-12 11:32:01] --- current time step: 72 (frenet_interface.py:257)
INFO     [2025-01-12 11:32:01] --- current velocity: 3.8737243534667196 (frenet_interface.py:258)
INFO     [2025-01-12 11:32:01] --- current target velocity: 3.6905564102594375 (frenet_interface.py:259)
INFO     [2025-01-12 11:32:03] --- Sampled interval of velocity: 0.00 m/s - 9.62 m/s (planner.py:310)
INFO     [2025-01-12 11:32:03] --- current time step: 73 (frenet_interface.py:280)
INFO     [2025-01-12 11:32:03] --- current velocity: 4.133478380329869 (frenet_interface.py:281)
INFO     [2025-01-12 11:32:03] --- current target velocity: 3.8737243534667196 (frenet_interface.py:282)
INFO     [2025-01-12 11:32:03] --- Sampled interval of velocity: 0.00 m/s - 9.88 m/s (planner.py:310)
INFO     [2025-01-12 11:32:03] --- current time step: 74 (frenet_interface.py:280)
INFO     [2025-01-12 11:32:03] --- current velocity: 4.460770715744187 (frenet_interface.py:281)
INFO     [2025-01-12 11:32:03] --- current target velocity: 4.133478380329869 (frenet_interface.py:282)
INFO     [2025-01-12 11:32:04] --- Sampled interval of velocity: 0.00 m/s - 10.21 m/s (planner.py:310)
INFO     [2025-01-12 11:32:04] --- select trajectory 231 (reactive_planner_cpp.py:382)
INFO     [2025-01-12 11:32:04] --- current time step: 75 (frenet_interface.py:257)
INFO     [2025-01-12 11:32:04] --- current velocity: 4.621060932251849 (frenet_interface.py:258)
INFO     [2025-01-12 11:32:04] --- current target velocity: 4.460770715744187 (frenet_interface.py:259)
INFO     [2025-01-12 11:32:05] --- Sampled interval of velocity: 0.00 m/s - 10.37 m/s (planner.py:310)
INFO     [2025-01-12 11:32:05] --- current time step: 76 (frenet_interface.py:280)
INFO     [2025-01-12 11:32:05] --- current velocity: 4.746166576480506 (frenet_interface.py:281)
INFO     [2025-01-12 11:32:05] --- current target velocity: 4.621060932251849 (frenet_interface.py:282)
INFO     [2025-01-12 11:32:06] --- Sampled interval of velocity: 0.00 m/s - 10.50 m/s (planner.py:310)
INFO     [2025-01-12 11:32:06] --- current time step: 77 (frenet_interface.py:280)
INFO     [2025-01-12 11:32:06] --- current velocity: 4.839634510742996 (frenet_interface.py:281)
INFO     [2025-01-12 11:32:06] --- current target velocity: 4.746166576480506 (frenet_interface.py:282)
INFO     [2025-01-12 11:32:07] --- Sampled interval of velocity: 0.00 m/s - 10.59 m/s (planner.py:310)
WARNING  [2025-01-12 11:32:07] --- No optimal trajectory available. Select stopping trajectory! (reactive_planner_cpp.py:407)
INFO     [2025-01-12 11:32:07] --- current time step: 78 (frenet_interface.py:257)
INFO     [2025-01-12 11:32:07] --- current velocity: 4.821849285938966 (frenet_interface.py:258)
INFO     [2025-01-12 11:32:07] --- current target velocity: 4.839634510742996 (frenet_interface.py:259)
INFO     [2025-01-12 11:32:09] --- Sampled interval of velocity: 0.00 m/s - 10.57 m/s (planner.py:310)
INFO     [2025-01-12 11:32:09] --- current time step: 79 (frenet_interface.py:280)
INFO     [2025-01-12 11:32:09] --- current velocity: 4.701260395342294 (frenet_interface.py:281)
INFO     [2025-01-12 11:32:09] --- current target velocity: 4.821849285938966 (frenet_interface.py:282)
INFO     [2025-01-12 11:32:09] --- Sampled interval of velocity: 0.00 m/s - 10.45 m/s (planner.py:310)
INFO     [2025-01-12 11:32:09] --- current time step: 80 (frenet_interface.py:280)
INFO     [2025-01-12 11:32:09] --- current velocity: 4.4952348220855205 (frenet_interface.py:281)
INFO     [2025-01-12 11:32:09] --- current target velocity: 4.701260395342294 (frenet_interface.py:282)
INFO     [2025-01-12 11:32:10] --- Sampled interval of velocity: 0.00 m/s - 10.25 m/s (planner.py:310)
INFO     [2025-01-12 11:32:10] --- select trajectory 431 (reactive_planner_cpp.py:382)
INFO     [2025-01-12 11:32:10] --- current time step: 81 (frenet_interface.py:257)
INFO     [2025-01-12 11:32:10] --- current velocity: 4.390246303127177 (frenet_interface.py:258)
INFO     [2025-01-12 11:32:10] --- current target velocity: 4.4952348220855205 (frenet_interface.py:259)
INFO     [2025-01-12 11:32:11] --- Sampled interval of velocity: 0.00 m/s - 10.14 m/s (planner.py:310)
INFO     [2025-01-12 11:32:11] --- current time step: 82 (frenet_interface.py:280)
INFO     [2025-01-12 11:32:11] --- current velocity: 4.316727551112773 (frenet_interface.py:281)
INFO     [2025-01-12 11:32:11] --- current target velocity: 4.390246303127177 (frenet_interface.py:282)
INFO     [2025-01-12 11:32:12] --- Sampled interval of velocity: 0.00 m/s - 10.07 m/s (planner.py:310)
INFO     [2025-01-12 11:32:12] --- current time step: 83 (frenet_interface.py:280)
INFO     [2025-01-12 11:32:12] --- current velocity: 4.271774817392441 (frenet_interface.py:281)
INFO     [2025-01-12 11:32:12] --- current target velocity: 4.316727551112773 (frenet_interface.py:282)
INFO     [2025-01-12 11:32:13] --- Sampled interval of velocity: 0.00 m/s - 10.02 m/s (planner.py:310)
INFO     [2025-01-12 11:32:13] --- select trajectory 431 (reactive_planner_cpp.py:382)
INFO     [2025-01-12 11:32:13] --- current time step: 84 (frenet_interface.py:257)
INFO     [2025-01-12 11:32:13] --- current velocity: 4.258318809212673 (frenet_interface.py:258)
INFO     [2025-01-12 11:32:13] --- current target velocity: 4.271774817392441 (frenet_interface.py:259)
INFO     [2025-01-12 11:32:14] --- Sampled interval of velocity: 0.00 m/s - 10.01 m/s (planner.py:310)
INFO     [2025-01-12 11:32:14] --- current time step: 85 (frenet_interface.py:280)
INFO     [2025-01-12 11:32:14] --- current velocity: 4.2493549227388625 (frenet_interface.py:281)
INFO     [2025-01-12 11:32:14] --- current target velocity: 4.258318809212673 (frenet_interface.py:282)
INFO     [2025-01-12 11:32:15] --- Sampled interval of velocity: 0.00 m/s - 10.00 m/s (planner.py:310)
INFO     [2025-01-12 11:32:15] --- current time step: 86 (frenet_interface.py:280)
INFO     [2025-01-12 11:32:15] --- current velocity: 4.244092976084901 (frenet_interface.py:281)
INFO     [2025-01-12 11:32:15] --- current target velocity: 4.2493549227388625 (frenet_interface.py:282)
INFO     [2025-01-12 11:32:16] --- Sampled interval of velocity: 0.00 m/s - 9.99 m/s (planner.py:310)
INFO     [2025-01-12 11:32:16] --- select trajectory 141 (reactive_planner_cpp.py:382)
INFO     [2025-01-12 11:32:16] --- current time step: 87 (frenet_interface.py:257)
INFO     [2025-01-12 11:32:16] --- current velocity: 4.242619968987936 (frenet_interface.py:258)
INFO     [2025-01-12 11:32:16] --- current target velocity: 4.244092976084901 (frenet_interface.py:259)
INFO     [2025-01-12 11:32:18] --- Sampled interval of velocity: 0.00 m/s - 9.99 m/s (planner.py:310)
INFO     [2025-01-12 11:32:18] --- current time step: 88 (frenet_interface.py:280)
INFO     [2025-01-12 11:32:18] --- current velocity: 4.241662836462918 (frenet_interface.py:281)
INFO     [2025-01-12 11:32:18] --- current target velocity: 4.242619968987936 (frenet_interface.py:282)
INFO     [2025-01-12 11:32:18] --- Sampled interval of velocity: 0.00 m/s - 9.99 m/s (planner.py:310)
INFO     [2025-01-12 11:32:18] --- current time step: 89 (frenet_interface.py:280)
INFO     [2025-01-12 11:32:18] --- current velocity: 4.240923828783873 (frenet_interface.py:281)
INFO     [2025-01-12 11:32:18] --- current target velocity: 4.241662836462918 (frenet_interface.py:282)
INFO     [2025-01-12 11:32:20] --- Sampled interval of velocity: 0.00 m/s - 9.99 m/s (planner.py:310)
INFO     [2025-01-12 11:32:20] --- select trajectory 41 (reactive_planner_cpp.py:382)
INFO     [2025-01-12 11:32:20] --- current time step: 90 (frenet_interface.py:257)
INFO     [2025-01-12 11:32:20] --- current velocity: 4.240273567978283 (frenet_interface.py:258)
INFO     [2025-01-12 11:32:20] --- current target velocity: 4.240923828783873 (frenet_interface.py:259)
INFO     [2025-01-12 11:32:21] --- Sampled interval of velocity: 0.00 m/s - 9.99 m/s (planner.py:310)
INFO     [2025-01-12 11:32:21] --- current time step: 91 (frenet_interface.py:280)
INFO     [2025-01-12 11:32:21] --- current velocity: 4.239212836081994 (frenet_interface.py:281)
INFO     [2025-01-12 11:32:21] --- current target velocity: 4.240273567978283 (frenet_interface.py:282)
INFO     [2025-01-12 11:32:22] --- Sampled interval of velocity: 0.00 m/s - 9.99 m/s (planner.py:310)
INFO     [2025-01-12 11:32:22] --- current time step: 92 (frenet_interface.py:280)
INFO     [2025-01-12 11:32:22] --- current velocity: 4.237999586930613 (frenet_interface.py:281)
INFO     [2025-01-12 11:32:22] --- current target velocity: 4.239212836081994 (frenet_interface.py:282)
INFO     [2025-01-12 11:32:22] --- Sampled interval of velocity: 0.00 m/s - 9.99 m/s (planner.py:310)
INFO     [2025-01-12 11:32:22] --- select trajectory 141 (reactive_planner_cpp.py:382)
INFO     [2025-01-12 11:32:22] --- current time step: 93 (frenet_interface.py:257)
INFO     [2025-01-12 11:32:22] --- current velocity: 4.2371302663720884 (frenet_interface.py:258)
INFO     [2025-01-12 11:32:22] --- current target velocity: 4.237999586930613 (frenet_interface.py:259)
INFO     [2025-01-12 11:32:24] --- Sampled interval of velocity: 0.00 m/s - 9.99 m/s (planner.py:310)
INFO     [2025-01-12 11:32:24] --- current time step: 94 (frenet_interface.py:280)
INFO     [2025-01-12 11:32:24] --- current velocity: 4.236079011068121 (frenet_interface.py:281)
INFO     [2025-01-12 11:32:24] --- current target velocity: 4.2371302663720884 (frenet_interface.py:282)
INFO     [2025-01-12 11:32:24] --- Sampled interval of velocity: 0.00 m/s - 9.99 m/s (planner.py:310)
INFO     [2025-01-12 11:32:24] --- current time step: 95 (frenet_interface.py:280)
INFO     [2025-01-12 11:32:24] --- current velocity: 4.235273470986964 (frenet_interface.py:281)
INFO     [2025-01-12 11:32:24] --- current target velocity: 4.236079011068121 (frenet_interface.py:282)
INFO     [2025-01-12 11:32:25] --- Sampled interval of velocity: 0.00 m/s - 9.99 m/s (planner.py:310)
INFO     [2025-01-12 11:32:25] --- select trajectory 441 (reactive_planner_cpp.py:382)
INFO     [2025-01-12 11:32:25] --- current time step: 96 (frenet_interface.py:257)
INFO     [2025-01-12 11:32:25] --- current velocity: 4.234988995507914 (frenet_interface.py:258)
INFO     [2025-01-12 11:32:25] --- current target velocity: 4.235273470986964 (frenet_interface.py:259)
INFO     [2025-01-12 11:32:26] --- Sampled interval of velocity: 0.00 m/s - 9.98 m/s (planner.py:310)
INFO     [2025-01-12 11:32:26] --- current time step: 97 (frenet_interface.py:280)
INFO     [2025-01-12 11:32:26] --- current velocity: 4.234793787771361 (frenet_interface.py:281)
INFO     [2025-01-12 11:32:26] --- current target velocity: 4.234988995507914 (frenet_interface.py:282)
INFO     [2025-01-12 11:32:27] --- Sampled interval of velocity: 0.00 m/s - 9.98 m/s (planner.py:310)
INFO     [2025-01-12 11:32:27] --- current time step: 98 (frenet_interface.py:280)
INFO     [2025-01-12 11:32:27] --- current velocity: 4.234684620664868 (frenet_interface.py:281)
INFO     [2025-01-12 11:32:27] --- current target velocity: 4.234793787771361 (frenet_interface.py:282)
INFO     [2025-01-12 11:32:28] --- Sampled interval of velocity: 0.00 m/s - 9.98 m/s (planner.py:310)
INFO     [2025-01-12 11:32:28] --- select trajectory 441 (reactive_planner_cpp.py:382)
INFO     [2025-01-12 11:32:28] --- current time step: 99 (frenet_interface.py:257)
INFO     [2025-01-12 11:32:28] --- current velocity: 4.234639633412149 (frenet_interface.py:258)
INFO     [2025-01-12 11:32:28] --- current target velocity: 4.234684620664868 (frenet_interface.py:259)
INFO     [2025-01-12 11:32:29] --- Sampled interval of velocity: 0.00 m/s - 9.98 m/s (planner.py:310)
INFO     [2025-01-12 11:32:29] --- current time step: 100 (frenet_interface.py:280)
INFO     [2025-01-12 11:32:29] --- current velocity: 4.2346266894686435 (frenet_interface.py:281)
INFO     [2025-01-12 11:32:29] --- current target velocity: 4.234639633412149 (frenet_interface.py:282)
INFO     [2025-01-12 11:32:29] --- Sampled interval of velocity: 0.00 m/s - 9.98 m/s (planner.py:310)
INFO     [2025-01-12 11:32:29] --- current time step: 101 (frenet_interface.py:280)
INFO     [2025-01-12 11:32:29] --- current velocity: 4.234634712772341 (frenet_interface.py:281)
INFO     [2025-01-12 11:32:29] --- current target velocity: 4.2346266894686435 (frenet_interface.py:282)
INFO     [2025-01-12 11:32:30] --- Sampled interval of velocity: 0.00 m/s - 9.98 m/s (planner.py:310)
INFO     [2025-01-12 11:32:30] --- select trajectory 141 (reactive_planner_cpp.py:382)
INFO     [2025-01-12 11:32:30] --- current time step: 102 (frenet_interface.py:257)
INFO     [2025-01-12 11:32:30] --- current velocity: 4.23465907260917 (frenet_interface.py:258)
INFO     [2025-01-12 11:32:30] --- current target velocity: 4.234634712772341 (frenet_interface.py:259)
INFO     [2025-01-12 11:32:32] --- Sampled interval of velocity: 0.00 m/s - 9.98 m/s (planner.py:310)
INFO     [2025-01-12 11:32:32] --- current time step: 103 (frenet_interface.py:280)
INFO     [2025-01-12 11:32:32] --- current velocity: 4.23470073812111 (frenet_interface.py:281)
INFO     [2025-01-12 11:32:32] --- current target velocity: 4.23465907260917 (frenet_interface.py:282)
INFO     [2025-01-12 11:32:32] --- Sampled interval of velocity: 0.00 m/s - 9.98 m/s (planner.py:310)
INFO     [2025-01-12 11:32:32] --- current time step: 104 (frenet_interface.py:280)
INFO     [2025-01-12 11:32:32] --- current velocity: 4.23474327456474 (frenet_interface.py:281)
INFO     [2025-01-12 11:32:32] --- current target velocity: 4.23470073812111 (frenet_interface.py:282)
INFO     [2025-01-12 11:32:33] --- Sampled interval of velocity: 0.00 m/s - 9.98 m/s (planner.py:310)
INFO     [2025-01-12 11:32:33] --- select trajectory 41 (reactive_planner_cpp.py:382)
INFO     [2025-01-12 11:32:33] --- current time step: 105 (frenet_interface.py:257)
INFO     [2025-01-12 11:32:33] --- current velocity: 4.234782858733484 (frenet_interface.py:258)
INFO     [2025-01-12 11:32:33] --- current target velocity: 4.23474327456474 (frenet_interface.py:259)
INFO     [2025-01-12 11:32:34] --- Sampled interval of velocity: 0.00 m/s - 9.98 m/s (planner.py:310)
INFO     [2025-01-12 11:32:34] --- current time step: 106 (frenet_interface.py:280)
INFO     [2025-01-12 11:32:34] --- current velocity: 4.234809064796127 (frenet_interface.py:281)
INFO     [2025-01-12 11:32:34] --- current target velocity: 4.234782858733484 (frenet_interface.py:282)
INFO     [2025-01-12 11:32:35] --- Sampled interval of velocity: 0.00 m/s - 9.98 m/s (planner.py:310)
INFO     [2025-01-12 11:32:35] --- current time step: 107 (frenet_interface.py:280)
INFO     [2025-01-12 11:32:35] --- current velocity: 4.2348244910175925 (frenet_interface.py:281)
INFO     [2025-01-12 11:32:35] --- current target velocity: 4.234809064796127 (frenet_interface.py:282)
INFO     [2025-01-12 11:32:35] --- Sampled interval of velocity: 0.00 m/s - 9.98 m/s (planner.py:310)
INFO     [2025-01-12 11:32:35] --- select trajectory 41 (reactive_planner_cpp.py:382)
INFO     [2025-01-12 11:32:35] --- current time step: 108 (frenet_interface.py:257)
INFO     [2025-01-12 11:32:35] --- current velocity: 4.234834810118063 (frenet_interface.py:258)
INFO     [2025-01-12 11:32:35] --- current target velocity: 4.2348244910175925 (frenet_interface.py:259)
INFO     [2025-01-12 11:32:37] --- Sampled interval of velocity: 0.00 m/s - 9.98 m/s (planner.py:310)
INFO     [2025-01-12 11:32:37] --- current time step: 109 (frenet_interface.py:280)
INFO     [2025-01-12 11:32:37] --- current velocity: 4.23483678443315 (frenet_interface.py:281)
INFO     [2025-01-12 11:32:37] --- current target velocity: 4.234834810118063 (frenet_interface.py:282)
INFO     [2025-01-12 11:32:37] --- Sampled interval of velocity: 0.00 m/s - 9.98 m/s (planner.py:310)
INFO     [2025-01-12 11:32:37] --- current time step: 110 (frenet_interface.py:280)
INFO     [2025-01-12 11:32:37] --- current velocity: 4.234833730251301 (frenet_interface.py:281)
INFO     [2025-01-12 11:32:37] --- current target velocity: 4.23483678443315 (frenet_interface.py:282)
INFO     [2025-01-12 11:32:38] --- Sampled interval of velocity: 0.00 m/s - 9.98 m/s (planner.py:310)
INFO     [2025-01-12 11:32:38] --- select trajectory 41 (reactive_planner_cpp.py:382)
INFO     [2025-01-12 11:32:38] --- current time step: 111 (frenet_interface.py:257)
INFO     [2025-01-12 11:32:38] --- current velocity: 4.2348306156826485 (frenet_interface.py:258)
INFO     [2025-01-12 11:32:38] --- current target velocity: 4.234833730251301 (frenet_interface.py:259)
INFO     [2025-01-12 11:32:39] --- Sampled interval of velocity: 0.00 m/s - 9.98 m/s (planner.py:310)
INFO     [2025-01-12 11:32:39] --- current time step: 112 (frenet_interface.py:280)
INFO     [2025-01-12 11:32:39] --- current velocity: 4.234826521137134 (frenet_interface.py:281)
INFO     [2025-01-12 11:32:39] --- current target velocity: 4.2348306156826485 (frenet_interface.py:282)
INFO     [2025-01-12 11:32:40] --- Sampled interval of velocity: 0.00 m/s - 9.98 m/s (planner.py:310)
INFO     [2025-01-12 11:32:40] --- current time step: 113 (frenet_interface.py:280)
INFO     [2025-01-12 11:32:40] --- current velocity: 4.234822500404208 (frenet_interface.py:281)
INFO     [2025-01-12 11:32:40] --- current target velocity: 4.234826521137134 (frenet_interface.py:282)
INFO     [2025-01-12 11:32:40] --- Sampled interval of velocity: 0.00 m/s - 9.98 m/s (planner.py:310)
INFO     [2025-01-12 11:32:40] --- select trajectory 41 (reactive_planner_cpp.py:382)
INFO     [2025-01-12 11:32:40] --- current time step: 114 (frenet_interface.py:257)
INFO     [2025-01-12 11:32:40] --- current velocity: 4.2348208196671475 (frenet_interface.py:258)
INFO     [2025-01-12 11:32:40] --- current target velocity: 4.234822500404208 (frenet_interface.py:259)
INFO     [2025-01-12 11:32:42] --- Sampled interval of velocity: 0.00 m/s - 9.98 m/s (planner.py:310)
INFO     [2025-01-12 11:32:42] --- current time step: 115 (frenet_interface.py:280)
INFO     [2025-01-12 11:32:42] --- current velocity: 4.234820073019641 (frenet_interface.py:281)
INFO     [2025-01-12 11:32:42] --- current target velocity: 4.2348208196671475 (frenet_interface.py:282)
INFO     [2025-01-12 11:32:42] --- Sampled interval of velocity: 0.00 m/s - 9.98 m/s (planner.py:310)
INFO     [2025-01-12 11:32:42] --- current time step: 116 (frenet_interface.py:280)
INFO     [2025-01-12 11:32:42] --- current velocity: 4.234820023209462 (frenet_interface.py:281)
INFO     [2025-01-12 11:32:42] --- current target velocity: 4.234820073019641 (frenet_interface.py:282)
INFO     [2025-01-12 11:32:43] --- Sampled interval of velocity: 0.00 m/s - 9.98 m/s (planner.py:310)
INFO     [2025-01-12 11:32:43] --- select trajectory 41 (reactive_planner_cpp.py:382)
INFO     [2025-01-12 11:32:43] --- current time step: 117 (frenet_interface.py:257)
INFO     [2025-01-12 11:32:43] --- current velocity: 4.2348207540208715 (frenet_interface.py:258)
INFO     [2025-01-12 11:32:43] --- current target velocity: 4.234820023209462 (frenet_interface.py:259)
INFO     [2025-01-12 11:32:44] --- Sampled interval of velocity: 0.00 m/s - 9.98 m/s (planner.py:310)
INFO     [2025-01-12 11:32:44] --- current time step: 118 (frenet_interface.py:280)
INFO     [2025-01-12 11:32:44] --- current velocity: 4.2348216485316446 (frenet_interface.py:281)
INFO     [2025-01-12 11:32:44] --- current target velocity: 4.2348207540208715 (frenet_interface.py:282)
INFO     [2025-01-12 11:32:45] --- Sampled interval of velocity: 0.00 m/s - 9.98 m/s (planner.py:310)
INFO     [2025-01-12 11:32:45] --- current time step: 119 (frenet_interface.py:280)
INFO     [2025-01-12 11:32:45] --- current velocity: 4.234822427625124 (frenet_interface.py:281)
INFO     [2025-01-12 11:32:45] --- current target velocity: 4.2348216485316446 (frenet_interface.py:282)
INFO     [2025-01-12 11:32:45] --- Sampled interval of velocity: 0.00 m/s - 9.98 m/s (planner.py:310)
INFO     [2025-01-12 11:32:45] --- select trajectory 41 (reactive_planner_cpp.py:382)
INFO     [2025-01-12 11:32:45] --- current time step: 120 (frenet_interface.py:257)
INFO     [2025-01-12 11:32:45] --- current velocity: 4.234823097678535 (frenet_interface.py:258)
INFO     [2025-01-12 11:32:45] --- current target velocity: 4.234822427625124 (frenet_interface.py:259)
INFO     [2025-01-12 11:32:47] --- Sampled interval of velocity: 0.00 m/s - 9.98 m/s (planner.py:310)
INFO     [2025-01-12 11:32:47] --- current time step: 121 (frenet_interface.py:280)
INFO     [2025-01-12 11:32:47] --- current velocity: 4.234823484281347 (frenet_interface.py:281)
INFO     [2025-01-12 11:32:47] --- current target velocity: 4.234823097678535 (frenet_interface.py:282)
INFO     [2025-01-12 11:32:47] --- Sampled interval of velocity: 0.00 m/s - 9.98 m/s (planner.py:310)
INFO     [2025-01-12 11:32:47] --- current time step: 122 (frenet_interface.py:280)
INFO     [2025-01-12 11:32:47] --- current velocity: 4.234823667317019 (frenet_interface.py:281)
INFO     [2025-01-12 11:32:47] --- current target velocity: 4.234823484281347 (frenet_interface.py:282)
INFO     [2025-01-12 11:32:48] --- Sampled interval of velocity: 0.00 m/s - 9.98 m/s (planner.py:310)
INFO     [2025-01-12 11:32:48] --- select trajectory 441 (reactive_planner_cpp.py:382)
INFO     [2025-01-12 11:32:48] --- current time step: 123 (frenet_interface.py:257)
INFO     [2025-01-12 11:32:48] --- current velocity: 4.2348237069184185 (frenet_interface.py:258)
INFO     [2025-01-12 11:32:48] --- current target velocity: 4.234823667317019 (frenet_interface.py:259)
INFO     [2025-01-12 11:32:50] --- Sampled interval of velocity: 0.00 m/s - 9.98 m/s (planner.py:310)
INFO     [2025-01-12 11:32:50] --- current time step: 124 (frenet_interface.py:280)
INFO     [2025-01-12 11:32:50] --- current velocity: 4.234823573067656 (frenet_interface.py:281)
INFO     [2025-01-12 11:32:50] --- current target velocity: 4.2348237069184185 (frenet_interface.py:282)
INFO     [2025-01-12 11:32:50] --- Sampled interval of velocity: 0.00 m/s - 9.98 m/s (planner.py:310)
INFO     [2025-01-12 11:32:50] --- current time step: 125 (frenet_interface.py:280)
INFO     [2025-01-12 11:32:50] --- current velocity: 4.234823439443436 (frenet_interface.py:281)
INFO     [2025-01-12 11:32:50] --- current target velocity: 4.234823573067656 (frenet_interface.py:282)
INFO     [2025-01-12 11:32:51] --- Sampled interval of velocity: 0.00 m/s - 9.98 m/s (planner.py:310)
INFO     [2025-01-12 11:32:51] --- select trajectory 141 (reactive_planner_cpp.py:382)
INFO     [2025-01-12 11:32:51] --- current time step: 126 (frenet_interface.py:257)
INFO     [2025-01-12 11:32:51] --- current velocity: 4.234823270024068 (frenet_interface.py:258)
INFO     [2025-01-12 11:32:51] --- current target velocity: 4.234823439443436 (frenet_interface.py:259)
INFO     [2025-01-12 11:32:53] --- Sampled interval of velocity: 0.00 m/s - 9.98 m/s (planner.py:310)
INFO     [2025-01-12 11:32:53] --- current time step: 127 (frenet_interface.py:280)
INFO     [2025-01-12 11:32:53] --- current velocity: 4.234823096004279 (frenet_interface.py:281)
INFO     [2025-01-12 11:32:53] --- current target velocity: 4.234823270024068 (frenet_interface.py:282)
INFO     [2025-01-12 11:32:54] --- Sampled interval of velocity: 0.00 m/s - 9.98 m/s (planner.py:310)
INFO     [2025-01-12 11:32:54] --- current time step: 128 (frenet_interface.py:280)
INFO     [2025-01-12 11:32:54] --- current velocity: 4.234822930121896 (frenet_interface.py:281)
INFO     [2025-01-12 11:32:54] --- current target velocity: 4.234823096004279 (frenet_interface.py:282)
INFO     [2025-01-12 11:32:55] --- Sampled interval of velocity: 0.00 m/s - 9.98 m/s (planner.py:310)
INFO     [2025-01-12 11:32:55] --- select trajectory 41 (reactive_planner_cpp.py:382)
INFO     [2025-01-12 11:32:55] --- current time step: 129 (frenet_interface.py:257)
INFO     [2025-01-12 11:32:55] --- current velocity: 4.234822808864492 (frenet_interface.py:258)
INFO     [2025-01-12 11:32:55] --- current target velocity: 4.234822930121896 (frenet_interface.py:259)
INFO     [2025-01-12 11:32:57] --- Sampled interval of velocity: 0.00 m/s - 9.98 m/s (planner.py:310)
INFO     [2025-01-12 11:32:57] --- current time step: 130 (frenet_interface.py:280)
INFO     [2025-01-12 11:32:57] --- current velocity: 4.234822678148573 (frenet_interface.py:281)
INFO     [2025-01-12 11:32:57] --- current target velocity: 4.234822808864492 (frenet_interface.py:282)
INFO     [2025-01-12 11:32:58] --- Sampled interval of velocity: 0.00 m/s - 9.98 m/s (planner.py:310)
INFO     [2025-01-12 11:32:58] --- current time step: 131 (frenet_interface.py:280)
INFO     [2025-01-12 11:32:58] --- current velocity: 4.234822565292305 (frenet_interface.py:281)
INFO     [2025-01-12 11:32:58] --- current target velocity: 4.234822678148573 (frenet_interface.py:282)
