CRITICAL [2025-01-12 11:45:41] --- Start Planner Vehicle ID: 30657 (frenet_interface.py:67)
INFO     [2025-01-12 11:45:42] --- Sampled interval of velocity: 0.00 m/s - 23.31 m/s (planner.py:310)
INFO     [2025-01-12 11:45:42] --- select trajectory 31 (reactive_planner_cpp.py:382)
INFO     [2025-01-12 11:45:42] --- current time step: 0 (frenet_interface.py:257)
INFO     [2025-01-12 11:45:42] --- current velocity: 17.539451286281043 (frenet_interface.py:258)
INFO     [2025-01-12 11:45:42] --- current target velocity: 17.5611 (frenet_interface.py:259)
INFO     [2025-01-12 11:45:43] --- Sampled interval of velocity: 0.00 m/s - 23.29 m/s (planner.py:310)
INFO     [2025-01-12 11:45:43] --- current time step: 1 (frenet_interface.py:280)
INFO     [2025-01-12 11:45:43] --- current velocity: 17.416747355971275 (frenet_interface.py:281)
INFO     [2025-01-12 11:45:43] --- current target velocity: 17.539451286281043 (frenet_interface.py:282)
INFO     [2025-01-12 11:45:44] --- Sampled interval of velocity: 0.00 m/s - 23.17 m/s (planner.py:310)
INFO     [2025-01-12 11:45:44] --- current time step: 2 (frenet_interface.py:280)
INFO     [2025-01-12 11:45:44] --- current velocity: 17.13599487156746 (frenet_interface.py:281)
INFO     [2025-01-12 11:45:44] --- current target velocity: 17.416747355971275 (frenet_interface.py:282)
INFO     [2025-01-12 11:45:44] --- Sampled interval of velocity: 0.00 m/s - 22.89 m/s (planner.py:310)
INFO     [2025-01-12 11:45:44] --- select trajectory 451 (reactive_planner_cpp.py:382)
INFO     [2025-01-12 11:45:44] --- current time step: 3 (frenet_interface.py:257)
INFO     [2025-01-12 11:45:44] --- current velocity: 16.94087328905508 (frenet_interface.py:258)
INFO     [2025-01-12 11:45:44] --- current target velocity: 17.13599487156746 (frenet_interface.py:259)
INFO     [2025-01-12 11:45:45] --- Sampled interval of velocity: 0.00 m/s - 22.69 m/s (planner.py:310)
INFO     [2025-01-12 11:45:45] --- current time step: 4 (frenet_interface.py:280)
INFO     [2025-01-12 11:45:45] --- current velocity: 16.771808341910162 (frenet_interface.py:281)
INFO     [2025-01-12 11:45:45] --- current target velocity: 16.94087328905508 (frenet_interface.py:282)
INFO     [2025-01-12 11:45:45] --- Sampled interval of velocity: 0.00 m/s - 22.52 m/s (planner.py:310)
INFO     [2025-01-12 11:45:45] --- current time step: 5 (frenet_interface.py:280)
INFO     [2025-01-12 11:45:45] --- current velocity: 16.633896603404008 (frenet_interface.py:281)
INFO     [2025-01-12 11:45:45] --- current target velocity: 16.771808341910162 (frenet_interface.py:282)
INFO     [2025-01-12 11:45:45] --- Sampled interval of velocity: 0.00 m/s - 22.38 m/s (planner.py:310)
INFO     [2025-01-12 11:45:45] --- select trajectory 41 (reactive_planner_cpp.py:382)
INFO     [2025-01-12 11:45:45] --- current time step: 6 (frenet_interface.py:257)
INFO     [2025-01-12 11:45:45] --- current velocity: 16.432980247729486 (frenet_interface.py:258)
INFO     [2025-01-12 11:45:45] --- current target velocity: 16.633896603404008 (frenet_interface.py:259)
INFO     [2025-01-12 11:45:47] --- Sampled interval of velocity: 0.00 m/s - 22.18 m/s (planner.py:310)
INFO     [2025-01-12 11:45:47] --- current time step: 7 (frenet_interface.py:280)
INFO     [2025-01-12 11:45:47] --- current velocity: 16.13523411573943 (frenet_interface.py:281)
INFO     [2025-01-12 11:45:47] --- current target velocity: 16.432980247729486 (frenet_interface.py:282)
INFO     [2025-01-12 11:45:47] --- Sampled interval of velocity: 0.00 m/s - 21.89 m/s (planner.py:310)
INFO     [2025-01-12 11:45:47] --- current time step: 8 (frenet_interface.py:280)
INFO     [2025-01-12 11:45:47] --- current velocity: 15.815606271273996 (frenet_interface.py:281)
INFO     [2025-01-12 11:45:47] --- current target velocity: 16.13523411573943 (frenet_interface.py:282)
INFO     [2025-01-12 11:45:48] --- Sampled interval of velocity: 0.00 m/s - 21.57 m/s (planner.py:310)
INFO     [2025-01-12 11:45:48] --- select trajectory 141 (reactive_planner_cpp.py:382)
INFO     [2025-01-12 11:45:48] --- current time step: 9 (frenet_interface.py:257)
INFO     [2025-01-12 11:45:48] --- current velocity: 15.495833798731478 (frenet_interface.py:258)
INFO     [2025-01-12 11:45:48] --- current target velocity: 15.815606271273996 (frenet_interface.py:259)
INFO     [2025-01-12 11:45:49] --- Sampled interval of velocity: 0.00 m/s - 21.25 m/s (planner.py:310)
INFO     [2025-01-12 11:45:49] --- current time step: 10 (frenet_interface.py:280)
INFO     [2025-01-12 11:45:49] --- current velocity: 15.20199065678686 (frenet_interface.py:281)
INFO     [2025-01-12 11:45:49] --- current target velocity: 15.495833798731478 (frenet_interface.py:282)
INFO     [2025-01-12 11:45:50] --- Sampled interval of velocity: 0.00 m/s - 20.95 m/s (planner.py:310)
INFO     [2025-01-12 11:45:50] --- current time step: 11 (frenet_interface.py:280)
INFO     [2025-01-12 11:45:50] --- current velocity: 15.12897456920675 (frenet_interface.py:281)
INFO     [2025-01-12 11:45:50] --- current target velocity: 15.20199065678686 (frenet_interface.py:282)
INFO     [2025-01-12 11:45:50] --- Sampled interval of velocity: 0.00 m/s - 20.88 m/s (planner.py:310)
INFO     [2025-01-12 11:45:50] --- select trajectory 731 (reactive_planner_cpp.py:382)
INFO     [2025-01-12 11:45:50] --- current time step: 12 (frenet_interface.py:257)
INFO     [2025-01-12 11:45:50] --- current velocity: 15.241688464488721 (frenet_interface.py:258)
INFO     [2025-01-12 11:45:50] --- current target velocity: 15.12897456920675 (frenet_interface.py:259)
INFO     [2025-01-12 11:45:51] --- Sampled interval of velocity: 0.00 m/s - 20.99 m/s (planner.py:310)
INFO     [2025-01-12 11:45:51] --- current time step: 13 (frenet_interface.py:280)
INFO     [2025-01-12 11:45:51] --- current velocity: 15.223697985598076 (frenet_interface.py:281)
INFO     [2025-01-12 11:45:51] --- current target velocity: 15.241688464488721 (frenet_interface.py:282)
INFO     [2025-01-12 11:45:52] --- Sampled interval of velocity: 0.00 m/s - 20.97 m/s (planner.py:310)
INFO     [2025-01-12 11:45:52] --- current time step: 14 (frenet_interface.py:280)
INFO     [2025-01-12 11:45:52] --- current velocity: 15.108623278093031 (frenet_interface.py:281)
INFO     [2025-01-12 11:45:52] --- current target velocity: 15.223697985598076 (frenet_interface.py:282)
INFO     [2025-01-12 11:45:52] --- Sampled interval of velocity: 0.00 m/s - 20.86 m/s (planner.py:310)
INFO     [2025-01-12 11:45:52] --- select trajectory 431 (reactive_planner_cpp.py:382)
INFO     [2025-01-12 11:45:52] --- current time step: 15 (frenet_interface.py:257)
INFO     [2025-01-12 11:45:52] --- current velocity: 15.013364443339213 (frenet_interface.py:258)
INFO     [2025-01-12 11:45:52] --- current target velocity: 15.108623278093031 (frenet_interface.py:259)
INFO     [2025-01-12 11:45:54] --- Sampled interval of velocity: 0.00 m/s - 20.76 m/s (planner.py:310)
INFO     [2025-01-12 11:45:54] --- current time step: 16 (frenet_interface.py:280)
INFO     [2025-01-12 11:45:54] --- current velocity: 14.801567197061564 (frenet_interface.py:281)
INFO     [2025-01-12 11:45:54] --- current target velocity: 15.013364443339213 (frenet_interface.py:282)
INFO     [2025-01-12 11:45:54] --- Sampled interval of velocity: 0.00 m/s - 20.55 m/s (planner.py:310)
INFO     [2025-01-12 11:45:54] --- current time step: 17 (frenet_interface.py:280)
INFO     [2025-01-12 11:45:54] --- current velocity: 14.493856808375218 (frenet_interface.py:281)
INFO     [2025-01-12 11:45:54] --- current target velocity: 14.801567197061564 (frenet_interface.py:282)
INFO     [2025-01-12 11:45:54] --- Sampled interval of velocity: 0.00 m/s - 20.24 m/s (planner.py:310)
INFO     [2025-01-12 11:45:55] --- select trajectory 421 (reactive_planner_cpp.py:382)
INFO     [2025-01-12 11:45:55] --- current time step: 18 (frenet_interface.py:257)
INFO     [2025-01-12 11:45:55] --- current velocity: 14.256913929043764 (frenet_interface.py:258)
INFO     [2025-01-12 11:45:55] --- current target velocity: 14.493856808375218 (frenet_interface.py:259)
INFO     [2025-01-12 11:45:56] --- Sampled interval of velocity: 0.00 m/s - 20.01 m/s (planner.py:310)
INFO     [2025-01-12 11:45:56] --- current time step: 19 (frenet_interface.py:280)
INFO     [2025-01-12 11:45:56] --- current velocity: 13.874601487212558 (frenet_interface.py:281)
INFO     [2025-01-12 11:45:56] --- current target velocity: 14.256913929043764 (frenet_interface.py:282)
INFO     [2025-01-12 11:45:56] --- Sampled interval of velocity: 0.00 m/s - 19.62 m/s (planner.py:310)
INFO     [2025-01-12 11:45:56] --- current time step: 20 (frenet_interface.py:280)
INFO     [2025-01-12 11:45:56] --- current velocity: 13.371330332692244 (frenet_interface.py:281)
INFO     [2025-01-12 11:45:56] --- current target velocity: 13.874601487212558 (frenet_interface.py:282)
INFO     [2025-01-12 11:45:57] --- Sampled interval of velocity: 0.00 m/s - 19.12 m/s (planner.py:310)
INFO     [2025-01-12 11:45:57] --- select trajectory 411 (reactive_planner_cpp.py:382)
INFO     [2025-01-12 11:45:57] --- current time step: 21 (frenet_interface.py:257)
INFO     [2025-01-12 11:45:57] --- current velocity: 13.006915723284864 (frenet_interface.py:258)
INFO     [2025-01-12 11:45:57] --- current target velocity: 13.371330332692244 (frenet_interface.py:259)
INFO     [2025-01-12 11:45:59] --- Sampled interval of velocity: 0.00 m/s - 18.76 m/s (planner.py:310)
INFO     [2025-01-12 11:45:59] --- current time step: 22 (frenet_interface.py:280)
INFO     [2025-01-12 11:45:59] --- current velocity: 12.487418552562476 (frenet_interface.py:281)
INFO     [2025-01-12 11:45:59] --- current target velocity: 13.006915723284864 (frenet_interface.py:282)
INFO     [2025-01-12 11:45:59] --- Sampled interval of velocity: 0.00 m/s - 18.24 m/s (planner.py:310)
INFO     [2025-01-12 11:45:59] --- current time step: 23 (frenet_interface.py:280)
INFO     [2025-01-12 11:45:59] --- current velocity: 11.842072593283143 (frenet_interface.py:281)
INFO     [2025-01-12 11:45:59] --- current target velocity: 12.487418552562476 (frenet_interface.py:282)
INFO     [2025-01-12 11:45:59] --- Sampled interval of velocity: 0.00 m/s - 17.59 m/s (planner.py:310)
INFO     [2025-01-12 11:45:59] --- select trajectory 401 (reactive_planner_cpp.py:382)
INFO     [2025-01-12 11:45:59] --- current time step: 24 (frenet_interface.py:257)
INFO     [2025-01-12 11:45:59] --- current velocity: 11.398784228542326 (frenet_interface.py:258)
INFO     [2025-01-12 11:45:59] --- current target velocity: 11.842072593283143 (frenet_interface.py:259)
INFO     [2025-01-12 11:46:01] --- Sampled interval of velocity: 0.00 m/s - 17.15 m/s (planner.py:310)
INFO     [2025-01-12 11:46:01] --- current time step: 25 (frenet_interface.py:280)
INFO     [2025-01-12 11:46:01] --- current velocity: 10.791566722911343 (frenet_interface.py:281)
INFO     [2025-01-12 11:46:01] --- current target velocity: 11.398784228542326 (frenet_interface.py:282)
INFO     [2025-01-12 11:46:01] --- Sampled interval of velocity: 0.00 m/s - 16.54 m/s (planner.py:310)
INFO     [2025-01-12 11:46:01] --- current time step: 26 (frenet_interface.py:280)
INFO     [2025-01-12 11:46:01] --- current velocity: 10.052149404785247 (frenet_interface.py:281)
INFO     [2025-01-12 11:46:01] --- current target velocity: 10.791566722911343 (frenet_interface.py:282)
INFO     [2025-01-12 11:46:02] --- Sampled interval of velocity: 0.00 m/s - 15.80 m/s (planner.py:310)
INFO     [2025-01-12 11:46:02] --- select trajectory 491 (reactive_planner_cpp.py:382)
INFO     [2025-01-12 11:46:02] --- current time step: 27 (frenet_interface.py:257)
INFO     [2025-01-12 11:46:02] --- current velocity: 9.561499417894446 (frenet_interface.py:258)
INFO     [2025-01-12 11:46:02] --- current target velocity: 10.052149404785247 (frenet_interface.py:259)
INFO     [2025-01-12 11:46:03] --- Sampled interval of velocity: 0.00 m/s - 15.31 m/s (planner.py:310)
INFO     [2025-01-12 11:46:03] --- current time step: 28 (frenet_interface.py:280)
INFO     [2025-01-12 11:46:03] --- current velocity: 8.908486618006195 (frenet_interface.py:281)
INFO     [2025-01-12 11:46:03] --- current target velocity: 9.561499417894446 (frenet_interface.py:282)
INFO     [2025-01-12 11:46:04] --- Sampled interval of velocity: 0.00 m/s - 14.66 m/s (planner.py:310)
INFO     [2025-01-12 11:46:04] --- current time step: 29 (frenet_interface.py:280)
INFO     [2025-01-12 11:46:04] --- current velocity: 8.125156396955925 (frenet_interface.py:281)
INFO     [2025-01-12 11:46:04] --- current target velocity: 8.908486618006195 (frenet_interface.py:282)
INFO     [2025-01-12 11:46:04] --- Sampled interval of velocity: 0.00 m/s - 13.88 m/s (planner.py:310)
INFO     [2025-01-12 11:46:04] --- select trajectory 191 (reactive_planner_cpp.py:382)
INFO     [2025-01-12 11:46:04] --- current time step: 30 (frenet_interface.py:257)
INFO     [2025-01-12 11:46:04] --- current velocity: 7.5888289665484505 (frenet_interface.py:258)
INFO     [2025-01-12 11:46:04] --- current target velocity: 8.125156396955925 (frenet_interface.py:259)
INFO     [2025-01-12 11:46:05] --- Sampled interval of velocity: 0.00 m/s - 13.34 m/s (planner.py:310)
INFO     [2025-01-12 11:46:05] --- current time step: 31 (frenet_interface.py:280)
INFO     [2025-01-12 11:46:05] --- current velocity: 6.854863676419779 (frenet_interface.py:281)
INFO     [2025-01-12 11:46:05] --- current target velocity: 7.5888289665484505 (frenet_interface.py:282)
INFO     [2025-01-12 11:46:06] --- Sampled interval of velocity: 0.00 m/s - 12.60 m/s (planner.py:310)
INFO     [2025-01-12 11:46:06] --- current time step: 32 (frenet_interface.py:280)
INFO     [2025-01-12 11:46:06] --- current velocity: 5.975782302967339 (frenet_interface.py:281)
INFO     [2025-01-12 11:46:06] --- current target velocity: 6.854863676419779 (frenet_interface.py:282)
INFO     [2025-01-12 11:46:07] --- Sampled interval of velocity: 0.00 m/s - 11.73 m/s (planner.py:310)
INFO     [2025-01-12 11:46:07] --- select trajectory 235 (reactive_planner_cpp.py:382)
INFO     [2025-01-12 11:46:07] --- current time step: 33 (frenet_interface.py:257)
INFO     [2025-01-12 11:46:07] --- current velocity: 5.552947654141439 (frenet_interface.py:258)
INFO     [2025-01-12 11:46:07] --- current target velocity: 5.975782302967339 (frenet_interface.py:259)
INFO     [2025-01-12 11:46:08] --- Sampled interval of velocity: 0.00 m/s - 11.30 m/s (planner.py:310)
INFO     [2025-01-12 11:46:08] --- current time step: 34 (frenet_interface.py:280)
INFO     [2025-01-12 11:46:08] --- current velocity: 5.224370672525415 (frenet_interface.py:281)
INFO     [2025-01-12 11:46:08] --- current target velocity: 5.552947654141439 (frenet_interface.py:282)
INFO     [2025-01-12 11:46:08] --- Sampled interval of velocity: 0.00 m/s - 10.97 m/s (planner.py:310)
INFO     [2025-01-12 11:46:08] --- current time step: 35 (frenet_interface.py:280)
INFO     [2025-01-12 11:46:08] --- current velocity: 5.002605934063659 (frenet_interface.py:281)
INFO     [2025-01-12 11:46:08] --- current target velocity: 5.224370672525415 (frenet_interface.py:282)
INFO     [2025-01-12 11:46:08] --- Sampled interval of velocity: 0.00 m/s - 10.75 m/s (planner.py:310)
WARNING  [2025-01-12 11:46:09] --- No optimal trajectory available. Select stopping trajectory! (reactive_planner_cpp.py:407)
INFO     [2025-01-12 11:46:09] --- current time step: 36 (frenet_interface.py:257)
INFO     [2025-01-12 11:46:09] --- current velocity: 4.879216841637569 (frenet_interface.py:258)
INFO     [2025-01-12 11:46:09] --- current target velocity: 5.002605934063659 (frenet_interface.py:259)
INFO     [2025-01-12 11:46:10] --- Sampled interval of velocity: 0.00 m/s - 10.63 m/s (planner.py:310)
INFO     [2025-01-12 11:46:10] --- current time step: 37 (frenet_interface.py:280)
INFO     [2025-01-12 11:46:10] --- current velocity: 4.679180749779555 (frenet_interface.py:281)
INFO     [2025-01-12 11:46:10] --- current target velocity: 4.879216841637569 (frenet_interface.py:282)
INFO     [2025-01-12 11:46:10] --- Sampled interval of velocity: 0.00 m/s - 10.43 m/s (planner.py:310)
INFO     [2025-01-12 11:46:10] --- current time step: 38 (frenet_interface.py:280)
INFO     [2025-01-12 11:46:10] --- current velocity: 4.414334894462947 (frenet_interface.py:281)
INFO     [2025-01-12 11:46:10] --- current target velocity: 4.679180749779555 (frenet_interface.py:282)
INFO     [2025-01-12 11:46:11] --- Sampled interval of velocity: 0.00 m/s - 10.16 m/s (planner.py:310)
WARNING  [2025-01-12 11:46:11] --- No optimal trajectory available. Select stopping trajectory! (reactive_planner_cpp.py:407)
INFO     [2025-01-12 11:46:11] --- current time step: 39 (frenet_interface.py:257)
INFO     [2025-01-12 11:46:11] --- current velocity: 4.238496144691862 (frenet_interface.py:258)
INFO     [2025-01-12 11:46:11] --- current target velocity: 4.414334894462947 (frenet_interface.py:259)
INFO     [2025-01-12 11:46:12] --- Sampled interval of velocity: 0.00 m/s - 9.99 m/s (planner.py:310)
INFO     [2025-01-12 11:46:12] --- current time step: 40 (frenet_interface.py:280)
INFO     [2025-01-12 11:46:12] --- current velocity: 4.012275828037206 (frenet_interface.py:281)
INFO     [2025-01-12 11:46:12] --- current target velocity: 4.238496144691862 (frenet_interface.py:282)
INFO     [2025-01-12 11:46:12] --- Sampled interval of velocity: 0.00 m/s - 9.76 m/s (planner.py:310)
INFO     [2025-01-12 11:46:12] --- current time step: 41 (frenet_interface.py:280)
INFO     [2025-01-12 11:46:12] --- current velocity: 3.748540184206886 (frenet_interface.py:281)
INFO     [2025-01-12 11:46:12] --- current target velocity: 4.012275828037206 (frenet_interface.py:282)
