CRITICAL [2025-01-12 11:47:53] --- Start Planner Vehicle ID: 30230 (frenet_interface.py:67)
INFO     [2025-01-12 11:47:54] --- Sampled interval of velocity: 0.00 m/s - 6.83 m/s (planner.py:310)
INFO     [2025-01-12 11:47:54] --- select trajectory 121 (reactive_planner_cpp.py:382)
INFO     [2025-01-12 11:47:54] --- current time step: 0 (frenet_interface.py:257)
INFO     [2025-01-12 11:47:54] --- current velocity: 1.1145123592109665 (frenet_interface.py:258)
INFO     [2025-01-12 11:47:54] --- current target velocity: 2.402425710771023 (frenet_interface.py:259)
INFO     [2025-01-12 11:47:54] --- Sampled interval of velocity: 0.00 m/s - 6.86 m/s (planner.py:310)
INFO     [2025-01-12 11:47:54] --- current time step: 1 (frenet_interface.py:280)
INFO     [2025-01-12 11:47:54] --- current velocity: 1.2091456527955236 (frenet_interface.py:281)
INFO     [2025-01-12 11:47:54] --- current target velocity: 2.4112818797813533 (frenet_interface.py:282)
INFO     [2025-01-12 11:47:55] --- Sampled interval of velocity: 0.00 m/s - 6.96 m/s (planner.py:310)
INFO     [2025-01-12 11:47:55] --- current time step: 2 (frenet_interface.py:280)
INFO     [2025-01-12 11:47:55] --- current velocity: 1.3505435861188546 (frenet_interface.py:281)
INFO     [2025-01-12 11:47:55] --- current target velocity: 2.419811700851436 (frenet_interface.py:282)
INFO     [2025-01-12 11:47:56] --- Sampled interval of velocity: 0.00 m/s - 7.10 m/s (planner.py:310)
INFO     [2025-01-12 11:47:56] --- select trajectory 421 (reactive_planner_cpp.py:382)
INFO     [2025-01-12 11:47:56] --- current time step: 3 (frenet_interface.py:257)
INFO     [2025-01-12 11:47:56] --- current velocity: 1.438803915696534 (frenet_interface.py:258)
INFO     [2025-01-12 11:47:56] --- current target velocity: 2.4276424354858888 (frenet_interface.py:259)
INFO     [2025-01-12 11:47:56] --- Sampled interval of velocity: 0.00 m/s - 7.19 m/s (planner.py:310)
INFO     [2025-01-12 11:47:56] --- current time step: 4 (frenet_interface.py:280)
INFO     [2025-01-12 11:47:56] --- current velocity: 1.5410603822172326 (frenet_interface.py:281)
INFO     [2025-01-12 11:47:56] --- current target velocity: 2.4347752462548815 (frenet_interface.py:282)
INFO     [2025-01-12 11:47:57] --- Sampled interval of velocity: 0.00 m/s - 7.29 m/s (planner.py:310)
INFO     [2025-01-12 11:47:57] --- current time step: 5 (frenet_interface.py:280)
INFO     [2025-01-12 11:47:57] --- current velocity: 1.6540255350718365 (frenet_interface.py:281)
INFO     [2025-01-12 11:47:57] --- current target velocity: 2.4413437451748403 (frenet_interface.py:282)
INFO     [2025-01-12 11:47:58] --- Sampled interval of velocity: 0.00 m/s - 7.40 m/s (planner.py:310)
INFO     [2025-01-12 11:47:58] --- select trajectory 721 (reactive_planner_cpp.py:382)
INFO     [2025-01-12 11:47:58] --- current time step: 6 (frenet_interface.py:257)
INFO     [2025-01-12 11:47:58] --- current velocity: 1.7124582118326992 (frenet_interface.py:258)
INFO     [2025-01-12 11:47:58] --- current target velocity: 2.447249707189619 (frenet_interface.py:259)
INFO     [2025-01-12 11:47:58] --- Sampled interval of velocity: 0.00 m/s - 7.46 m/s (planner.py:310)
INFO     [2025-01-12 11:47:58] --- current time step: 7 (frenet_interface.py:280)
INFO     [2025-01-12 11:47:58] --- current velocity: 1.7704542548797157 (frenet_interface.py:281)
INFO     [2025-01-12 11:47:58] --- current target velocity: 2.4526298252377203 (frenet_interface.py:282)
INFO     [2025-01-12 11:47:59] --- Sampled interval of velocity: 0.00 m/s - 7.52 m/s (planner.py:310)
INFO     [2025-01-12 11:47:59] --- current time step: 8 (frenet_interface.py:280)
INFO     [2025-01-12 11:47:59] --- current velocity: 1.8279064328743355 (frenet_interface.py:281)
INFO     [2025-01-12 11:47:59] --- current target velocity: 2.4576733534130373 (frenet_interface.py:282)
INFO     [2025-01-12 11:48:00] --- Sampled interval of velocity: 0.00 m/s - 7.58 m/s (planner.py:310)
INFO     [2025-01-12 11:48:00] --- select trajectory 726 (reactive_planner_cpp.py:382)
INFO     [2025-01-12 11:48:00] --- current time step: 9 (frenet_interface.py:257)
INFO     [2025-01-12 11:48:00] --- current velocity: 1.8579137439998674 (frenet_interface.py:258)
INFO     [2025-01-12 11:48:00] --- current target velocity: 2.46237657845329 (frenet_interface.py:259)
INFO     [2025-01-12 11:48:00] --- Sampled interval of velocity: 0.00 m/s - 7.61 m/s (planner.py:310)
INFO     [2025-01-12 11:48:00] --- current time step: 10 (frenet_interface.py:280)
INFO     [2025-01-12 11:48:00] --- current velocity: 1.8906092490667306 (frenet_interface.py:281)
INFO     [2025-01-12 11:48:00] --- current target velocity: 2.4668349520293806 (frenet_interface.py:282)
INFO     [2025-01-12 11:48:01] --- Sampled interval of velocity: 0.00 m/s - 7.64 m/s (planner.py:310)
INFO     [2025-01-12 11:48:01] --- current time step: 11 (frenet_interface.py:280)
INFO     [2025-01-12 11:48:01] --- current velocity: 1.9257326059701316 (frenet_interface.py:281)
INFO     [2025-01-12 11:48:01] --- current target velocity: 2.4711306077589152 (frenet_interface.py:282)
INFO     [2025-01-12 11:48:01] --- Sampled interval of velocity: 0.00 m/s - 7.68 m/s (planner.py:310)
INFO     [2025-01-12 11:48:01] --- select trajectory 721 (reactive_planner_cpp.py:382)
INFO     [2025-01-12 11:48:01] --- current time step: 12 (frenet_interface.py:257)
INFO     [2025-01-12 11:48:01] --- current velocity: 1.9457705526644546 (frenet_interface.py:258)
INFO     [2025-01-12 11:48:01] --- current target velocity: 2.475241274322603 (frenet_interface.py:259)
INFO     [2025-01-12 11:48:03] --- Sampled interval of velocity: 0.00 m/s - 7.70 m/s (planner.py:310)
INFO     [2025-01-12 11:48:03] --- current time step: 13 (frenet_interface.py:280)
INFO     [2025-01-12 11:48:03] --- current velocity: 1.969438814488235 (frenet_interface.py:281)
INFO     [2025-01-12 11:48:03] --- current target velocity: 2.4792104421286734 (frenet_interface.py:282)
INFO     [2025-01-12 11:48:03] --- Sampled interval of velocity: 0.00 m/s - 7.72 m/s (planner.py:310)
INFO     [2025-01-12 11:48:03] --- current time step: 14 (frenet_interface.py:280)
INFO     [2025-01-12 11:48:03] --- current velocity: 1.9964303026832093 (frenet_interface.py:281)
INFO     [2025-01-12 11:48:03] --- current target velocity: 2.4830762570514504 (frenet_interface.py:282)
INFO     [2025-01-12 11:48:04] --- Sampled interval of velocity: 0.00 m/s - 7.75 m/s (planner.py:310)
INFO     [2025-01-12 11:48:04] --- select trajectory 721 (reactive_planner_cpp.py:382)
INFO     [2025-01-12 11:48:04] --- current time step: 15 (frenet_interface.py:257)
INFO     [2025-01-12 11:48:04] --- current velocity: 2.0127169250323935 (frenet_interface.py:258)
INFO     [2025-01-12 11:48:04] --- current target velocity: 2.4868104066237935 (frenet_interface.py:259)
INFO     [2025-01-12 11:48:04] --- Sampled interval of velocity: 0.00 m/s - 7.76 m/s (planner.py:310)
INFO     [2025-01-12 11:48:04] --- current time step: 16 (frenet_interface.py:280)
INFO     [2025-01-12 11:48:04] --- current velocity: 2.0328434295824778 (frenet_interface.py:281)
INFO     [2025-01-12 11:48:04] --- current target velocity: 2.490438318980374 (frenet_interface.py:282)
INFO     [2025-01-12 11:48:05] --- Sampled interval of velocity: 0.00 m/s - 7.78 m/s (planner.py:310)
INFO     [2025-01-12 11:48:05] --- current time step: 17 (frenet_interface.py:280)
INFO     [2025-01-12 11:48:05] --- current velocity: 2.0565016140582326 (frenet_interface.py:281)
INFO     [2025-01-12 11:48:05] --- current target velocity: 2.493982825338022 (frenet_interface.py:282)
INFO     [2025-01-12 11:48:05] --- Sampled interval of velocity: 0.00 m/s - 7.81 m/s (planner.py:310)
INFO     [2025-01-12 11:48:05] --- select trajectory 721 (reactive_planner_cpp.py:382)
INFO     [2025-01-12 11:48:05] --- current time step: 18 (frenet_interface.py:257)
INFO     [2025-01-12 11:48:05] --- current velocity: 2.0711545879394238 (frenet_interface.py:258)
INFO     [2025-01-12 11:48:05] --- current target velocity: 2.4974138333184768 (frenet_interface.py:259)
INFO     [2025-01-12 11:48:07] --- Sampled interval of velocity: 0.00 m/s - 7.82 m/s (planner.py:310)
INFO     [2025-01-12 11:48:07] --- current time step: 19 (frenet_interface.py:280)
INFO     [2025-01-12 11:48:07] --- current velocity: 2.0896220765213824 (frenet_interface.py:281)
INFO     [2025-01-12 11:48:07] --- current target velocity: 2.500750338340597 (frenet_interface.py:282)
INFO     [2025-01-12 11:48:07] --- Sampled interval of velocity: 0.00 m/s - 7.84 m/s (planner.py:310)
INFO     [2025-01-12 11:48:07] --- current time step: 20 (frenet_interface.py:280)
INFO     [2025-01-12 11:48:07] --- current velocity: 2.111600265015573 (frenet_interface.py:281)
INFO     [2025-01-12 11:48:07] --- current target velocity: 2.5040096976716666 (frenet_interface.py:282)
INFO     [2025-01-12 11:48:08] --- Sampled interval of velocity: 0.00 m/s - 7.86 m/s (planner.py:310)
INFO     [2025-01-12 11:48:08] --- select trajectory 721 (reactive_planner_cpp.py:382)
INFO     [2025-01-12 11:48:08] --- current time step: 21 (frenet_interface.py:257)
INFO     [2025-01-12 11:48:08] --- current velocity: 2.125347670963015 (frenet_interface.py:258)
INFO     [2025-01-12 11:48:08] --- current target velocity: 2.507161476528551 (frenet_interface.py:259)
INFO     [2025-01-12 11:48:08] --- Sampled interval of velocity: 0.00 m/s - 7.88 m/s (planner.py:310)
INFO     [2025-01-12 11:48:08] --- current time step: 22 (frenet_interface.py:280)
INFO     [2025-01-12 11:48:08] --- current velocity: 2.142801641505593 (frenet_interface.py:281)
INFO     [2025-01-12 11:48:08] --- current target velocity: 2.5102222304493793 (frenet_interface.py:282)
INFO     [2025-01-12 11:48:09] --- Sampled interval of velocity: 0.00 m/s - 7.89 m/s (planner.py:310)
INFO     [2025-01-12 11:48:09] --- current time step: 23 (frenet_interface.py:280)
INFO     [2025-01-12 11:48:09] --- current velocity: 2.163669250755561 (frenet_interface.py:281)
INFO     [2025-01-12 11:48:09] --- current target velocity: 2.5132072219447616 (frenet_interface.py:282)
INFO     [2025-01-12 11:48:10] --- Sampled interval of velocity: 0.00 m/s - 7.91 m/s (planner.py:310)
INFO     [2025-01-12 11:48:10] --- select trajectory 721 (reactive_planner_cpp.py:382)
INFO     [2025-01-12 11:48:10] --- current time step: 24 (frenet_interface.py:257)
INFO     [2025-01-12 11:48:10] --- current velocity: 2.1767695914213108 (frenet_interface.py:258)
INFO     [2025-01-12 11:48:10] --- current target velocity: 2.516086143802404 (frenet_interface.py:259)
INFO     [2025-01-12 11:48:10] --- Sampled interval of velocity: 0.00 m/s - 7.93 m/s (planner.py:310)
INFO     [2025-01-12 11:48:10] --- current time step: 25 (frenet_interface.py:280)
INFO     [2025-01-12 11:48:10] --- current velocity: 2.193447841098738 (frenet_interface.py:281)
INFO     [2025-01-12 11:48:10] --- current target velocity: 2.5188744840485544 (frenet_interface.py:282)
INFO     [2025-01-12 11:48:11] --- Sampled interval of velocity: 0.00 m/s - 7.94 m/s (planner.py:310)
INFO     [2025-01-12 11:48:11] --- current time step: 26 (frenet_interface.py:280)
INFO     [2025-01-12 11:48:11] --- current velocity: 2.2134225974301605 (frenet_interface.py:281)
INFO     [2025-01-12 11:48:11] --- current target velocity: 2.52158657215117 (frenet_interface.py:282)
INFO     [2025-01-12 11:48:12] --- Sampled interval of velocity: 0.00 m/s - 7.96 m/s (planner.py:310)
INFO     [2025-01-12 11:48:12] --- select trajectory 781 (reactive_planner_cpp.py:382)
INFO     [2025-01-12 11:48:12] --- current time step: 27 (frenet_interface.py:257)
INFO     [2025-01-12 11:48:12] --- current velocity: 2.223463906135533 (frenet_interface.py:258)
INFO     [2025-01-12 11:48:12] --- current target velocity: 2.5241923668485033 (frenet_interface.py:259)
INFO     [2025-01-12 11:48:13] --- Sampled interval of velocity: 0.00 m/s - 7.97 m/s (planner.py:310)
INFO     [2025-01-12 11:48:13] --- current time step: 28 (frenet_interface.py:280)
INFO     [2025-01-12 11:48:13] --- current velocity: 2.2321346283389984 (frenet_interface.py:281)
INFO     [2025-01-12 11:48:13] --- current target velocity: 2.5267137406321725 (frenet_interface.py:282)
INFO     [2025-01-12 11:48:13] --- Sampled interval of velocity: 0.00 m/s - 7.98 m/s (planner.py:310)
INFO     [2025-01-12 11:48:13] --- current time step: 29 (frenet_interface.py:280)
INFO     [2025-01-12 11:48:13] --- current velocity: 2.2395137655403765 (frenet_interface.py:281)
INFO     [2025-01-12 11:48:13] --- current target velocity: 2.529198898182173 (frenet_interface.py:282)
