CRITICAL [2025-01-12 11:27:25] --- Start Planner Vehicle ID: 30796 (frenet_interface.py:67)
INFO     [2025-01-12 11:27:28] --- Sampled interval of velocity: 0.00 m/s - 6.28 m/s (planner.py:310)
INFO     [2025-01-12 11:27:28] --- select trajectory 196 (reactive_planner_cpp.py:382)
INFO     [2025-01-12 11:27:28] --- current time step: 0 (frenet_interface.py:257)
INFO     [2025-01-12 11:27:28] --- current velocity: 0.5131859563042588 (frenet_interface.py:258)
INFO     [2025-01-12 11:27:28] --- current target velocity: 2.815540544891662 (frenet_interface.py:259)
INFO     [2025-01-12 11:27:29] --- Sampled interval of velocity: 0.00 m/s - 6.26 m/s (planner.py:310)
INFO     [2025-01-12 11:27:29] --- current time step: 1 (frenet_interface.py:280)
INFO     [2025-01-12 11:27:29] --- current velocity: 0.47969660798689073 (frenet_interface.py:281)
INFO     [2025-01-12 11:27:29] --- current target velocity: 2.8310423899738617 (frenet_interface.py:282)
INFO     [2025-01-12 11:27:30] --- Sampled interval of velocity: 0.00 m/s - 6.23 m/s (planner.py:310)
INFO     [2025-01-12 11:27:30] --- current time step: 2 (frenet_interface.py:280)
INFO     [2025-01-12 11:27:30] --- current velocity: 0.4296598602910845 (frenet_interface.py:281)
INFO     [2025-01-12 11:27:30] --- current target velocity: 2.8469132792270067 (frenet_interface.py:282)
INFO     [2025-01-12 11:27:30] --- Sampled interval of velocity: 0.00 m/s - 6.18 m/s (planner.py:310)
INFO     [2025-01-12 11:27:30] --- select trajectory 581 (reactive_planner_cpp.py:382)
INFO     [2025-01-12 11:27:30] --- current time step: 3 (frenet_interface.py:257)
INFO     [2025-01-12 11:27:30] --- current velocity: 0.4034326843530318 (frenet_interface.py:258)
INFO     [2025-01-12 11:27:30] --- current target velocity: 2.8632903270004535 (frenet_interface.py:259)
INFO     [2025-01-12 11:27:32] --- Sampled interval of velocity: 0.00 m/s - 6.15 m/s (planner.py:310)
INFO     [2025-01-12 11:27:32] --- current time step: 4 (frenet_interface.py:280)
INFO     [2025-01-12 11:27:32] --- current velocity: 0.3813180734344132 (frenet_interface.py:281)
INFO     [2025-01-12 11:27:32] --- current target velocity: 2.8801668336158204 (frenet_interface.py:282)
INFO     [2025-01-12 11:27:33] --- Sampled interval of velocity: 0.00 m/s - 6.13 m/s (planner.py:310)
INFO     [2025-01-12 11:27:33] --- current time step: 5 (frenet_interface.py:280)
INFO     [2025-01-12 11:27:33] --- current velocity: 0.363064535765979 (frenet_interface.py:281)
INFO     [2025-01-12 11:27:33] --- current target velocity: 2.897445445541339 (frenet_interface.py:282)
INFO     [2025-01-12 11:27:33] --- Sampled interval of velocity: 0.00 m/s - 6.11 m/s (planner.py:310)
INFO     [2025-01-12 11:27:33] --- select trajectory 581 (reactive_planner_cpp.py:382)
INFO     [2025-01-12 11:27:33] --- current time step: 6 (frenet_interface.py:257)
INFO     [2025-01-12 11:27:33] --- current velocity: 0.3554802315752562 (frenet_interface.py:258)
INFO     [2025-01-12 11:27:33] --- current target velocity: 2.915106720521651 (frenet_interface.py:259)
INFO     [2025-01-12 11:27:36] --- Sampled interval of velocity: 0.00 m/s - 6.11 m/s (planner.py:310)
INFO     [2025-01-12 11:27:36] --- current time step: 7 (frenet_interface.py:280)
INFO     [2025-01-12 11:27:36] --- current velocity: 0.34908569038368226 (frenet_interface.py:281)
INFO     [2025-01-12 11:27:36] --- current target velocity: 2.933106256595274 (frenet_interface.py:282)
INFO     [2025-01-12 11:27:36] --- Sampled interval of velocity: 0.00 m/s - 6.10 m/s (planner.py:310)
INFO     [2025-01-12 11:27:36] --- current time step: 8 (frenet_interface.py:280)
INFO     [2025-01-12 11:27:36] --- current velocity: 0.34380815059573666 (frenet_interface.py:281)
INFO     [2025-01-12 11:27:36] --- current target velocity: 2.951410638942096 (frenet_interface.py:282)
INFO     [2025-01-12 11:27:37] --- Sampled interval of velocity: 0.00 m/s - 6.09 m/s (planner.py:310)
INFO     [2025-01-12 11:27:37] --- select trajectory 791 (reactive_planner_cpp.py:382)
INFO     [2025-01-12 11:27:37] --- current time step: 9 (frenet_interface.py:257)
INFO     [2025-01-12 11:27:37] --- current velocity: 0.34047656124609804 (frenet_interface.py:258)
INFO     [2025-01-12 11:27:37] --- current target velocity: 2.9700181648578257 (frenet_interface.py:259)
INFO     [2025-01-12 11:27:38] --- Sampled interval of velocity: 0.00 m/s - 6.09 m/s (planner.py:310)
INFO     [2025-01-12 11:27:38] --- current time step: 10 (frenet_interface.py:280)
INFO     [2025-01-12 11:27:38] --- current velocity: 0.33531643729282123 (frenet_interface.py:281)
INFO     [2025-01-12 11:27:38] --- current target velocity: 2.9889226216560902 (frenet_interface.py:282)
INFO     [2025-01-12 11:27:38] --- Sampled interval of velocity: 0.00 m/s - 6.09 m/s (planner.py:310)
INFO     [2025-01-12 11:27:38] --- current time step: 11 (frenet_interface.py:280)
INFO     [2025-01-12 11:27:38] --- current velocity: 0.3284640801545916 (frenet_interface.py:281)
INFO     [2025-01-12 11:27:38] --- current target velocity: 3.008131939944233 (frenet_interface.py:282)
INFO     [2025-01-12 11:27:39] --- Sampled interval of velocity: 0.00 m/s - 6.08 m/s (planner.py:310)
INFO     [2025-01-12 11:27:39] --- select trajectory 391 (reactive_planner_cpp.py:382)
INFO     [2025-01-12 11:27:39] --- current time step: 12 (frenet_interface.py:257)
INFO     [2025-01-12 11:27:39] --- current velocity: 0.3231638324731784 (frenet_interface.py:258)
INFO     [2025-01-12 11:27:39] --- current target velocity: 3.0276656730843565 (frenet_interface.py:259)
INFO     [2025-01-12 11:27:41] --- Sampled interval of velocity: 0.00 m/s - 6.07 m/s (planner.py:310)
INFO     [2025-01-12 11:27:41] --- current time step: 13 (frenet_interface.py:280)
INFO     [2025-01-12 11:27:41] --- current velocity: 0.3150998836579395 (frenet_interface.py:281)
INFO     [2025-01-12 11:27:41] --- current target velocity: 3.04753063468518 (frenet_interface.py:282)
INFO     [2025-01-12 11:27:41] --- Sampled interval of velocity: 0.00 m/s - 6.07 m/s (planner.py:310)
INFO     [2025-01-12 11:27:41] --- current time step: 14 (frenet_interface.py:280)
INFO     [2025-01-12 11:27:41] --- current velocity: 0.30454661907104347 (frenet_interface.py:281)
INFO     [2025-01-12 11:27:41] --- current target velocity: 3.0677396473563867 (frenet_interface.py:282)
INFO     [2025-01-12 11:27:42] --- Sampled interval of velocity: 0.00 m/s - 6.05 m/s (planner.py:310)
INFO     [2025-01-12 11:27:42] --- select trajectory 91 (reactive_planner_cpp.py:382)
INFO     [2025-01-12 11:27:42] --- current time step: 15 (frenet_interface.py:257)
INFO     [2025-01-12 11:27:42] --- current velocity: 0.29633668268302255 (frenet_interface.py:258)
INFO     [2025-01-12 11:27:42] --- current target velocity: 3.0883200268073883 (frenet_interface.py:259)
INFO     [2025-01-12 11:27:44] --- Sampled interval of velocity: 0.00 m/s - 6.05 m/s (planner.py:310)
INFO     [2025-01-12 11:27:44] --- current time step: 16 (frenet_interface.py:280)
INFO     [2025-01-12 11:27:44] --- current velocity: 0.283820007607668 (frenet_interface.py:281)
INFO     [2025-01-12 11:27:44] --- current target velocity: 3.109279078034771 (frenet_interface.py:282)
INFO     [2025-01-12 11:27:44] --- Sampled interval of velocity: 0.00 m/s - 6.03 m/s (planner.py:310)
INFO     [2025-01-12 11:27:44] --- current time step: 17 (frenet_interface.py:280)
INFO     [2025-01-12 11:27:44] --- current velocity: 0.2676112559949972 (frenet_interface.py:281)
INFO     [2025-01-12 11:27:44] --- current target velocity: 3.1306346257594937 (frenet_interface.py:282)
INFO     [2025-01-12 11:27:45] --- Sampled interval of velocity: 0.00 m/s - 6.02 m/s (planner.py:310)
INFO     [2025-01-12 11:27:45] --- select trajectory 81 (reactive_planner_cpp.py:382)
INFO     [2025-01-12 11:27:45] --- current time step: 18 (frenet_interface.py:257)
INFO     [2025-01-12 11:27:45] --- current velocity: 0.25970230629114166 (frenet_interface.py:258)
INFO     [2025-01-12 11:27:45] --- current target velocity: 3.152426230095634 (frenet_interface.py:259)
INFO     [2025-01-12 11:27:46] --- Sampled interval of velocity: 0.00 m/s - 6.01 m/s (planner.py:310)
INFO     [2025-01-12 11:27:46] --- current time step: 19 (frenet_interface.py:280)
INFO     [2025-01-12 11:27:46] --- current velocity: 0.2537031165652464 (frenet_interface.py:281)
INFO     [2025-01-12 11:27:46] --- current target velocity: 3.174649239707105 (frenet_interface.py:282)
INFO     [2025-01-12 11:27:47] --- Sampled interval of velocity: 0.00 m/s - 6.00 m/s (planner.py:310)
INFO     [2025-01-12 11:27:47] --- current time step: 20 (frenet_interface.py:280)
INFO     [2025-01-12 11:27:47] --- current velocity: 0.24943199099654248 (frenet_interface.py:281)
INFO     [2025-01-12 11:27:47] --- current target velocity: 3.1972704984317724 (frenet_interface.py:282)
INFO     [2025-01-12 11:27:47] --- Sampled interval of velocity: 0.00 m/s - 6.00 m/s (planner.py:310)
INFO     [2025-01-12 11:27:47] --- select trajectory 201 (reactive_planner_cpp.py:382)
INFO     [2025-01-12 11:27:47] --- current time step: 21 (frenet_interface.py:257)
INFO     [2025-01-12 11:27:47] --- current velocity: 0.2515023070523134 (frenet_interface.py:258)
INFO     [2025-01-12 11:27:47] --- current target velocity: 3.2202851156067513 (frenet_interface.py:259)
INFO     [2025-01-12 11:27:49] --- Sampled interval of velocity: 0.00 m/s - 6.00 m/s (planner.py:310)
INFO     [2025-01-12 11:27:49] --- current time step: 22 (frenet_interface.py:280)
INFO     [2025-01-12 11:27:49] --- current velocity: 0.26066218994893 (frenet_interface.py:281)
INFO     [2025-01-12 11:27:49] --- current target velocity: 3.243674596506093 (frenet_interface.py:282)
