CRITICAL [2025-01-12 11:38:21] --- Start Planner Vehicle ID: 3665 (frenet_interface.py:67)
INFO     [2025-01-12 11:38:23] --- Sampled interval of velocity: 0.00 m/s - 19.81 m/s (planner.py:310)
INFO     [2025-01-12 11:38:23] --- select trajectory 191 (reactive_planner_cpp.py:382)
INFO     [2025-01-12 11:38:23] --- current time step: 0 (frenet_interface.py:257)
INFO     [2025-01-12 11:38:23] --- current velocity: 13.731480880294782 (frenet_interface.py:258)
INFO     [2025-01-12 11:38:23] --- current target velocity: 9.0589 (frenet_interface.py:259)
INFO     [2025-01-12 11:38:26] --- Sampled interval of velocity: 0.00 m/s - 19.48 m/s (planner.py:310)
INFO     [2025-01-12 11:38:26] --- current time step: 1 (frenet_interface.py:280)
INFO     [2025-01-12 11:38:26] --- current velocity: 12.833718896834009 (frenet_interface.py:281)
INFO     [2025-01-12 11:38:26] --- current target velocity: 8.731480880294782 (frenet_interface.py:282)
INFO     [2025-01-12 11:38:26] --- Sampled interval of velocity: 0.00 m/s - 18.58 m/s (planner.py:310)
INFO     [2025-01-12 11:38:26] --- current time step: 2 (frenet_interface.py:280)
INFO     [2025-01-12 11:38:26] --- current velocity: 11.49235706859852 (frenet_interface.py:281)
INFO     [2025-01-12 11:38:26] --- current target velocity: 7.833718896834009 (frenet_interface.py:282)
INFO     [2025-01-12 11:38:28] --- Sampled interval of velocity: 0.00 m/s - 17.24 m/s (planner.py:310)
INFO     [2025-01-12 11:38:28] --- select trajectory 121 (reactive_planner_cpp.py:382)
INFO     [2025-01-12 11:38:28] --- current time step: 3 (frenet_interface.py:257)
INFO     [2025-01-12 11:38:28] --- current velocity: 10.746824381056323 (frenet_interface.py:258)
INFO     [2025-01-12 11:38:28] --- current target velocity: 6.492357068598521 (frenet_interface.py:259)
INFO     [2025-01-12 11:38:30] --- Sampled interval of velocity: 0.00 m/s - 16.50 m/s (planner.py:310)
INFO     [2025-01-12 11:38:30] --- current time step: 4 (frenet_interface.py:280)
INFO     [2025-01-12 11:38:30] --- current velocity: 10.036209241353466 (frenet_interface.py:281)
INFO     [2025-01-12 11:38:30] --- current target velocity: 5.746824381056323 (frenet_interface.py:282)
INFO     [2025-01-12 11:38:31] --- Sampled interval of velocity: 0.00 m/s - 15.79 m/s (planner.py:310)
INFO     [2025-01-12 11:38:31] --- current time step: 5 (frenet_interface.py:280)
INFO     [2025-01-12 11:38:31] --- current velocity: 9.368114915017475 (frenet_interface.py:281)
INFO     [2025-01-12 11:38:31] --- current target velocity: 5.0362092413534665 (frenet_interface.py:282)
INFO     [2025-01-12 11:38:31] --- Sampled interval of velocity: 0.00 m/s - 15.12 m/s (planner.py:310)
INFO     [2025-01-12 11:38:32] --- select trajectory 401 (reactive_planner_cpp.py:382)
INFO     [2025-01-12 11:38:32] --- current time step: 6 (frenet_interface.py:257)
INFO     [2025-01-12 11:38:32] --- current velocity: 8.981341769770172 (frenet_interface.py:258)
INFO     [2025-01-12 11:38:32] --- current target velocity: 4.368114915017475 (frenet_interface.py:259)
INFO     [2025-01-12 11:38:34] --- Sampled interval of velocity: 0.00 m/s - 14.73 m/s (planner.py:310)
INFO     [2025-01-12 11:38:34] --- current time step: 7 (frenet_interface.py:280)
INFO     [2025-01-12 11:38:34] --- current velocity: 8.480547612424814 (frenet_interface.py:281)
INFO     [2025-01-12 11:38:34] --- current target velocity: 3.9813417697701716 (frenet_interface.py:282)
INFO     [2025-01-12 11:38:34] --- Sampled interval of velocity: 0.00 m/s - 14.23 m/s (planner.py:310)
INFO     [2025-01-12 11:38:34] --- current time step: 8 (frenet_interface.py:280)
INFO     [2025-01-12 11:38:34] --- current velocity: 7.888571115212028 (frenet_interface.py:281)
INFO     [2025-01-12 11:38:34] --- current target velocity: 3.4976737731113867 (frenet_interface.py:282)
INFO     [2025-01-12 11:38:35] --- Sampled interval of velocity: 0.00 m/s - 13.64 m/s (planner.py:310)
INFO     [2025-01-12 11:38:35] --- select trajectory 401 (reactive_planner_cpp.py:382)
INFO     [2025-01-12 11:38:35] --- current time step: 9 (frenet_interface.py:257)
INFO     [2025-01-12 11:38:35] --- current velocity: 7.526854064023621 (frenet_interface.py:258)
INFO     [2025-01-12 11:38:35] --- current target velocity: 3.4641485464836492 (frenet_interface.py:259)
INFO     [2025-01-12 11:38:37] --- Sampled interval of velocity: 0.00 m/s - 13.28 m/s (planner.py:310)
INFO     [2025-01-12 11:38:37] --- current time step: 10 (frenet_interface.py:280)
INFO     [2025-01-12 11:38:37] --- current velocity: 7.08325549010623 (frenet_interface.py:281)
INFO     [2025-01-12 11:38:37] --- current target velocity: 3.4335650083811 (frenet_interface.py:282)
INFO     [2025-01-12 11:38:37] --- Sampled interval of velocity: 0.00 m/s - 12.83 m/s (planner.py:310)
INFO     [2025-01-12 11:38:37] --- current time step: 11 (frenet_interface.py:280)
INFO     [2025-01-12 11:38:37] --- current velocity: 6.575172080038771 (frenet_interface.py:281)
INFO     [2025-01-12 11:38:37] --- current target velocity: 3.4054665448438364 (frenet_interface.py:282)
INFO     [2025-01-12 11:38:38] --- Sampled interval of velocity: 0.00 m/s - 12.33 m/s (planner.py:310)
INFO     [2025-01-12 11:38:38] --- select trajectory 401 (reactive_planner_cpp.py:382)
INFO     [2025-01-12 11:38:38] --- current time step: 12 (frenet_interface.py:257)
INFO     [2025-01-12 11:38:38] --- current velocity: 6.271348679590483 (frenet_interface.py:258)
INFO     [2025-01-12 11:38:38] --- current target velocity: 3.380441757381233 (frenet_interface.py:259)
INFO     [2025-01-12 11:38:40] --- Sampled interval of velocity: 0.00 m/s - 12.02 m/s (planner.py:310)
INFO     [2025-01-12 11:38:40] --- current time step: 13 (frenet_interface.py:280)
INFO     [2025-01-12 11:38:40] --- current velocity: 5.903626438904472 (frenet_interface.py:281)
INFO     [2025-01-12 11:38:40] --- current target velocity: 3.358024700667203 (frenet_interface.py:282)
INFO     [2025-01-12 11:38:40] --- Sampled interval of velocity: 0.00 m/s - 11.65 m/s (planner.py:310)
INFO     [2025-01-12 11:38:40] --- current time step: 14 (frenet_interface.py:280)
INFO     [2025-01-12 11:38:40] --- current velocity: 5.485836886080076 (frenet_interface.py:281)
INFO     [2025-01-12 11:38:40] --- current target velocity: 3.337771283006487 (frenet_interface.py:282)
INFO     [2025-01-12 11:38:40] --- Sampled interval of velocity: 0.00 m/s - 11.24 m/s (planner.py:310)
INFO     [2025-01-12 11:38:40] --- select trajectory 111 (reactive_planner_cpp.py:382)
INFO     [2025-01-12 11:38:40] --- current time step: 15 (frenet_interface.py:257)
INFO     [2025-01-12 11:38:40] --- current velocity: 5.242428214887137 (frenet_interface.py:258)
INFO     [2025-01-12 11:38:40] --- current target velocity: 3.320155191043983 (frenet_interface.py:259)
INFO     [2025-01-12 11:38:42] --- Sampled interval of velocity: 0.00 m/s - 10.99 m/s (planner.py:310)
INFO     [2025-01-12 11:38:42] --- current time step: 16 (frenet_interface.py:280)
INFO     [2025-01-12 11:38:42] --- current velocity: 4.959256639555423 (frenet_interface.py:281)
INFO     [2025-01-12 11:38:42] --- current target velocity: 3.304757871178494 (frenet_interface.py:282)
INFO     [2025-01-12 11:38:43] --- Sampled interval of velocity: 0.00 m/s - 10.71 m/s (planner.py:310)
INFO     [2025-01-12 11:38:43] --- current time step: 17 (frenet_interface.py:280)
INFO     [2025-01-12 11:38:43] --- current velocity: 4.649584756580725 (frenet_interface.py:281)
INFO     [2025-01-12 11:38:43] --- current target velocity: 3.2911302535858344 (frenet_interface.py:282)
INFO     [2025-01-12 11:38:43] --- Sampled interval of velocity: 0.00 m/s - 10.40 m/s (planner.py:310)
INFO     [2025-01-12 11:38:43] --- select trajectory 711 (reactive_planner_cpp.py:382)
INFO     [2025-01-12 11:38:43] --- current time step: 18 (frenet_interface.py:257)
INFO     [2025-01-12 11:38:43] --- current velocity: 4.494095909029805 (frenet_interface.py:258)
INFO     [2025-01-12 11:38:43] --- current target velocity: 3.2795657789287844 (frenet_interface.py:259)
INFO     [2025-01-12 11:38:45] --- Sampled interval of velocity: 0.00 m/s - 10.24 m/s (planner.py:310)
INFO     [2025-01-12 11:38:45] --- current time step: 19 (frenet_interface.py:280)
INFO     [2025-01-12 11:38:45] --- current velocity: 4.3460298493789615 (frenet_interface.py:281)
INFO     [2025-01-12 11:38:45] --- current target velocity: 3.2696300123079776 (frenet_interface.py:282)
INFO     [2025-01-12 11:38:45] --- Sampled interval of velocity: 0.00 m/s - 10.10 m/s (planner.py:310)
INFO     [2025-01-12 11:38:45] --- current time step: 20 (frenet_interface.py:280)
INFO     [2025-01-12 11:38:45] --- current velocity: 4.205235545360558 (frenet_interface.py:281)
INFO     [2025-01-12 11:38:45] --- current target velocity: 3.260716674725143 (frenet_interface.py:282)
INFO     [2025-01-12 11:38:46] --- Sampled interval of velocity: 0.00 m/s - 9.96 m/s (planner.py:310)
INFO     [2025-01-12 11:38:46] --- select trajectory 711 (reactive_planner_cpp.py:382)
INFO     [2025-01-12 11:38:46] --- current time step: 21 (frenet_interface.py:257)
INFO     [2025-01-12 11:38:46] --- current velocity: 4.135536722094852 (frenet_interface.py:258)
INFO     [2025-01-12 11:38:46] --- current target velocity: 3.2527923287657057 (frenet_interface.py:259)
INFO     [2025-01-12 11:38:47] --- Sampled interval of velocity: 0.00 m/s - 9.89 m/s (planner.py:310)
INFO     [2025-01-12 11:38:47] --- current time step: 22 (frenet_interface.py:280)
INFO     [2025-01-12 11:38:47] --- current velocity: 4.063852462883219 (frenet_interface.py:281)
INFO     [2025-01-12 11:38:47] --- current target velocity: 3.2455657782297394 (frenet_interface.py:282)
INFO     [2025-01-12 11:38:48] --- Sampled interval of velocity: 0.00 m/s - 9.81 m/s (planner.py:310)
INFO     [2025-01-12 11:38:48] --- current time step: 23 (frenet_interface.py:280)
INFO     [2025-01-12 11:38:48] --- current velocity: 3.9904879299394094 (frenet_interface.py:281)
INFO     [2025-01-12 11:38:48] --- current target velocity: 3.2387857663234976 (frenet_interface.py:282)
INFO     [2025-01-12 11:38:48] --- Sampled interval of velocity: 0.00 m/s - 9.74 m/s (planner.py:310)
INFO     [2025-01-12 11:38:48] --- select trajectory 121 (reactive_planner_cpp.py:382)
INFO     [2025-01-12 11:38:48] --- current time step: 24 (frenet_interface.py:257)
INFO     [2025-01-12 11:38:48] --- current velocity: 3.9520136916374224 (frenet_interface.py:258)
INFO     [2025-01-12 11:38:48] --- current target velocity: 3.2324776727901523 (frenet_interface.py:259)
INFO     [2025-01-12 11:38:51] --- Sampled interval of velocity: 0.00 m/s - 9.70 m/s (planner.py:310)
INFO     [2025-01-12 11:38:51] --- current time step: 25 (frenet_interface.py:280)
INFO     [2025-01-12 11:38:51] --- current velocity: 3.911495721605754 (frenet_interface.py:281)
INFO     [2025-01-12 11:38:51] --- current target velocity: 3.2265180476027813 (frenet_interface.py:282)
INFO     [2025-01-12 11:38:52] --- Sampled interval of velocity: 0.00 m/s - 9.66 m/s (planner.py:310)
INFO     [2025-01-12 11:38:52] --- current time step: 26 (frenet_interface.py:280)
INFO     [2025-01-12 11:38:52] --- current velocity: 3.8701367067409858 (frenet_interface.py:281)
INFO     [2025-01-12 11:38:52] --- current target velocity: 3.220783439184155 (frenet_interface.py:282)
INFO     [2025-01-12 11:38:53] --- Sampled interval of velocity: 0.00 m/s - 9.62 m/s (planner.py:310)
INFO     [2025-01-12 11:38:53] --- select trajectory 121 (reactive_planner_cpp.py:382)
INFO     [2025-01-12 11:38:53] --- current time step: 27 (frenet_interface.py:257)
INFO     [2025-01-12 11:38:53] --- current velocity: 3.8469368378646513 (frenet_interface.py:258)
INFO     [2025-01-12 11:38:53] --- current target velocity: 3.215291203592517 (frenet_interface.py:259)
INFO     [2025-01-12 11:38:54] --- Sampled interval of velocity: 0.00 m/s - 9.60 m/s (planner.py:310)
INFO     [2025-01-12 11:38:54] --- current time step: 28 (frenet_interface.py:280)
INFO     [2025-01-12 11:38:54] --- current velocity: 3.8196064465296486 (frenet_interface.py:281)
INFO     [2025-01-12 11:38:54] --- current target velocity: 3.2099718198160234 (frenet_interface.py:282)
INFO     [2025-01-12 11:38:55] --- Sampled interval of velocity: 0.00 m/s - 9.57 m/s (planner.py:310)
INFO     [2025-01-12 11:38:55] --- current time step: 29 (frenet_interface.py:280)
INFO     [2025-01-12 11:38:55] --- current velocity: 3.7894813920996193 (frenet_interface.py:281)
INFO     [2025-01-12 11:38:55] --- current target velocity: 3.2047752500764255 (frenet_interface.py:282)
INFO     [2025-01-12 11:38:55] --- Sampled interval of velocity: 0.00 m/s - 9.54 m/s (planner.py:310)
INFO     [2025-01-12 11:38:55] --- select trajectory 121 (reactive_planner_cpp.py:382)
INFO     [2025-01-12 11:38:55] --- current time step: 30 (frenet_interface.py:257)
INFO     [2025-01-12 11:38:55] --- current velocity: 3.7717124353810485 (frenet_interface.py:258)
INFO     [2025-01-12 11:38:55] --- current target velocity: 3.199733687958981 (frenet_interface.py:259)
INFO     [2025-01-12 11:38:57] --- Sampled interval of velocity: 0.00 m/s - 9.52 m/s (planner.py:310)
INFO     [2025-01-12 11:38:57] --- current time step: 31 (frenet_interface.py:280)
INFO     [2025-01-12 11:38:57] --- current velocity: 3.750240523425783 (frenet_interface.py:281)
INFO     [2025-01-12 11:38:57] --- current target velocity: 3.1948081018190457 (frenet_interface.py:282)
INFO     [2025-01-12 11:38:57] --- Sampled interval of velocity: 0.00 m/s - 9.50 m/s (planner.py:310)
INFO     [2025-01-12 11:38:57] --- current time step: 32 (frenet_interface.py:280)
INFO     [2025-01-12 11:38:57] --- current velocity: 3.7262024445263893 (frenet_interface.py:281)
INFO     [2025-01-12 11:38:57] --- current target velocity: 3.1899668233310234 (frenet_interface.py:282)
INFO     [2025-01-12 11:38:58] --- Sampled interval of velocity: 0.00 m/s - 9.48 m/s (planner.py:310)
INFO     [2025-01-12 11:38:58] --- select trajectory 121 (reactive_planner_cpp.py:382)
INFO     [2025-01-12 11:38:58] --- current time step: 33 (frenet_interface.py:257)
INFO     [2025-01-12 11:38:58] --- current velocity: 3.711889689968499 (frenet_interface.py:258)
INFO     [2025-01-12 11:38:58] --- current target velocity: 3.1852390549335285 (frenet_interface.py:259)
INFO     [2025-01-12 11:38:59] --- Sampled interval of velocity: 0.00 m/s - 9.46 m/s (planner.py:310)
INFO     [2025-01-12 11:38:59] --- current time step: 34 (frenet_interface.py:280)
INFO     [2025-01-12 11:38:59] --- current velocity: 3.69451521043592 (frenet_interface.py:281)
INFO     [2025-01-12 11:38:59] --- current target velocity: 3.180594698439372 (frenet_interface.py:282)
INFO     [2025-01-12 11:39:00] --- Sampled interval of velocity: 0.00 m/s - 9.44 m/s (planner.py:310)
INFO     [2025-01-12 11:39:00] --- current time step: 35 (frenet_interface.py:280)
INFO     [2025-01-12 11:39:00] --- current velocity: 3.6750113307786747 (frenet_interface.py:281)
INFO     [2025-01-12 11:39:00] --- current target velocity: 3.176008522613315 (frenet_interface.py:282)
INFO     [2025-01-12 11:39:01] --- Sampled interval of velocity: 0.00 m/s - 9.43 m/s (planner.py:310)
INFO     [2025-01-12 11:39:01] --- select trajectory 711 (reactive_planner_cpp.py:382)
INFO     [2025-01-12 11:39:01] --- current time step: 36 (frenet_interface.py:257)
INFO     [2025-01-12 11:39:01] --- current velocity: 3.6612507029411345 (frenet_interface.py:258)
INFO     [2025-01-12 11:39:01] --- current target velocity: 3.171505041653586 (frenet_interface.py:259)
INFO     [2025-01-12 11:39:03] --- Sampled interval of velocity: 0.00 m/s - 9.41 m/s (planner.py:310)
INFO     [2025-01-12 11:39:03] --- current time step: 37 (frenet_interface.py:280)
INFO     [2025-01-12 11:39:03] --- current velocity: 3.640572128067261 (frenet_interface.py:281)
INFO     [2025-01-12 11:39:03] --- current target velocity: 3.167065541086095 (frenet_interface.py:282)
INFO     [2025-01-12 11:39:03] --- Sampled interval of velocity: 0.00 m/s - 9.39 m/s (planner.py:310)
INFO     [2025-01-12 11:39:03] --- current time step: 38 (frenet_interface.py:280)
INFO     [2025-01-12 11:39:03] --- current velocity: 3.613493861683683 (frenet_interface.py:281)
INFO     [2025-01-12 11:39:03] --- current target velocity: 3.1627015701365346 (frenet_interface.py:282)
INFO     [2025-01-12 11:39:05] --- Sampled interval of velocity: 0.00 m/s - 9.36 m/s (planner.py:310)
INFO     [2025-01-12 11:39:05] --- select trajectory 211 (reactive_planner_cpp.py:382)
INFO     [2025-01-12 11:39:05] --- current time step: 39 (frenet_interface.py:257)
INFO     [2025-01-12 11:39:05] --- current velocity: 3.590687758037478 (frenet_interface.py:258)
INFO     [2025-01-12 11:39:05] --- current target velocity: 3.1584757234291616 (frenet_interface.py:259)
INFO     [2025-01-12 11:39:06] --- Sampled interval of velocity: 0.00 m/s - 9.34 m/s (planner.py:310)
INFO     [2025-01-12 11:39:06] --- current time step: 40 (frenet_interface.py:280)
INFO     [2025-01-12 11:39:06] --- current velocity: 3.5534961504737193 (frenet_interface.py:281)
INFO     [2025-01-12 11:39:06] --- current target velocity: 3.154394219196726 (frenet_interface.py:282)
INFO     [2025-01-12 11:39:07] --- Sampled interval of velocity: 0.00 m/s - 9.30 m/s (planner.py:310)
INFO     [2025-01-12 11:39:07] --- current time step: 41 (frenet_interface.py:280)
INFO     [2025-01-12 11:39:07] --- current velocity: 3.5036010544166816 (frenet_interface.py:281)
INFO     [2025-01-12 11:39:07] --- current target velocity: 3.1505161965951607 (frenet_interface.py:282)
INFO     [2025-01-12 11:39:08] --- Sampled interval of velocity: 0.00 m/s - 9.25 m/s (planner.py:310)
WARNING  [2025-01-12 11:39:09] --- No optimal trajectory available. Select stopping trajectory! (reactive_planner_cpp.py:407)
INFO     [2025-01-12 11:39:09] --- current time step: 42 (frenet_interface.py:257)
INFO     [2025-01-12 11:39:09] --- current velocity: 3.3990120057852984 (frenet_interface.py:258)
INFO     [2025-01-12 11:39:09] --- current target velocity: 3.146973944798926 (frenet_interface.py:259)
INFO     [2025-01-12 11:39:10] --- Sampled interval of velocity: 0.00 m/s - 9.15 m/s (planner.py:310)
INFO     [2025-01-12 11:39:10] --- current time step: 43 (frenet_interface.py:280)
INFO     [2025-01-12 11:39:10] --- current velocity: 3.1610630436831273 (frenet_interface.py:281)
INFO     [2025-01-12 11:39:10] --- current target velocity: 3.143986169734845 (frenet_interface.py:282)
INFO     [2025-01-12 11:39:11] --- Sampled interval of velocity: 0.00 m/s - 8.91 m/s (planner.py:310)
INFO     [2025-01-12 11:39:11] --- current time step: 44 (frenet_interface.py:280)
INFO     [2025-01-12 11:39:11] --- current velocity: 2.819952189565427 (frenet_interface.py:281)
INFO     [2025-01-12 11:39:11] --- current target velocity: 3.1425965847662396 (frenet_interface.py:282)
INFO     [2025-01-12 11:39:12] --- Sampled interval of velocity: 0.00 m/s - 8.57 m/s (planner.py:310)
INFO     [2025-01-12 11:39:12] --- select trajectory 710 (reactive_planner_cpp.py:382)
INFO     [2025-01-12 11:39:12] --- current time step: 45 (frenet_interface.py:257)
INFO     [2025-01-12 11:39:12] --- current velocity: 2.638986620419785 (frenet_interface.py:258)
INFO     [2025-01-12 11:39:12] --- current target velocity: 3.1439884156023434 (frenet_interface.py:259)
INFO     [2025-01-12 11:39:13] --- Sampled interval of velocity: 0.00 m/s - 8.39 m/s (planner.py:310)
INFO     [2025-01-12 11:39:13] --- current time step: 46 (frenet_interface.py:280)
INFO     [2025-01-12 11:39:13] --- current velocity: 2.4781891862257477 (frenet_interface.py:281)
INFO     [2025-01-12 11:39:13] --- current target velocity: 3.1480295205195787 (frenet_interface.py:282)
INFO     [2025-01-12 11:39:14] --- Sampled interval of velocity: 0.00 m/s - 8.23 m/s (planner.py:310)
INFO     [2025-01-12 11:39:14] --- current time step: 47 (frenet_interface.py:280)
INFO     [2025-01-12 11:39:14] --- current velocity: 2.3368966721373368 (frenet_interface.py:281)
INFO     [2025-01-12 11:39:14] --- current target velocity: 3.153825200917782 (frenet_interface.py:282)
INFO     [2025-01-12 11:39:15] --- Sampled interval of velocity: 0.00 m/s - 8.09 m/s (planner.py:310)
INFO     [2025-01-12 11:39:15] --- select trajectory 710 (reactive_planner_cpp.py:382)
INFO     [2025-01-12 11:39:15] --- current time step: 48 (frenet_interface.py:257)
INFO     [2025-01-12 11:39:15] --- current velocity: 2.274575106146049 (frenet_interface.py:258)
INFO     [2025-01-12 11:39:15] --- current target velocity: 3.1612341573296865 (frenet_interface.py:259)
INFO     [2025-01-12 11:39:17] --- Sampled interval of velocity: 0.00 m/s - 8.02 m/s (planner.py:310)
INFO     [2025-01-12 11:39:17] --- current time step: 49 (frenet_interface.py:280)
INFO     [2025-01-12 11:39:17] --- current velocity: 2.219274703063053 (frenet_interface.py:281)
INFO     [2025-01-12 11:39:17] --- current target velocity: 3.1698059962603025 (frenet_interface.py:282)
INFO     [2025-01-12 11:39:17] --- Sampled interval of velocity: 0.00 m/s - 7.97 m/s (planner.py:310)
INFO     [2025-01-12 11:39:17] --- current time step: 50 (frenet_interface.py:280)
INFO     [2025-01-12 11:39:17] --- current velocity: 2.1708564858378887 (frenet_interface.py:281)
INFO     [2025-01-12 11:39:17] --- current target velocity: 3.1791547859952165 (frenet_interface.py:282)
INFO     [2025-01-12 11:39:18] --- Sampled interval of velocity: 0.00 m/s - 7.92 m/s (planner.py:310)
WARNING  [2025-01-12 11:39:18] --- No optimal trajectory available. Select stopping trajectory! (reactive_planner_cpp.py:407)
INFO     [2025-01-12 11:39:18] --- current time step: 51 (frenet_interface.py:257)
INFO     [2025-01-12 11:39:18] --- current velocity: 2.1333680379385878 (frenet_interface.py:258)
INFO     [2025-01-12 11:39:18] --- current target velocity: 3.189240006449411 (frenet_interface.py:259)
INFO     [2025-01-12 11:39:19] --- Sampled interval of velocity: 0.00 m/s - 7.88 m/s (planner.py:310)
INFO     [2025-01-12 11:39:19] --- current time step: 52 (frenet_interface.py:280)
INFO     [2025-01-12 11:39:19] --- current velocity: 2.069515403587045 (frenet_interface.py:281)
INFO     [2025-01-12 11:39:19] --- current target velocity: 3.199958483504493 (frenet_interface.py:282)
INFO     [2025-01-12 11:39:20] --- Sampled interval of velocity: 0.00 m/s - 7.82 m/s (planner.py:310)
INFO     [2025-01-12 11:39:20] --- current time step: 53 (frenet_interface.py:280)
INFO     [2025-01-12 11:39:20] --- current velocity: 1.9848785104160434 (frenet_interface.py:281)
INFO     [2025-01-12 11:39:20] --- current target velocity: 3.2114246847338266 (frenet_interface.py:282)
INFO     [2025-01-12 11:39:20] --- Sampled interval of velocity: 0.00 m/s - 7.73 m/s (planner.py:310)
WARNING  [2025-01-12 11:39:21] --- No optimal trajectory available. Select stopping trajectory! (reactive_planner_cpp.py:407)
INFO     [2025-01-12 11:39:21] --- current time step: 54 (frenet_interface.py:257)
INFO     [2025-01-12 11:39:21] --- current velocity: 1.9161865216000873 (frenet_interface.py:258)
INFO     [2025-01-12 11:39:21] --- current target velocity: 3.2238998574063196 (frenet_interface.py:259)
INFO     [2025-01-12 11:39:23] --- Sampled interval of velocity: 0.00 m/s - 7.67 m/s (planner.py:310)
INFO     [2025-01-12 11:39:23] --- current time step: 55 (frenet_interface.py:280)
INFO     [2025-01-12 11:39:23] --- current velocity: 1.8061595972864064 (frenet_interface.py:281)
INFO     [2025-01-12 11:39:23] --- current target velocity: 3.237421080880668 (frenet_interface.py:282)
INFO     [2025-01-12 11:39:23] --- Sampled interval of velocity: 0.00 m/s - 7.56 m/s (planner.py:310)
INFO     [2025-01-12 11:39:23] --- current time step: 56 (frenet_interface.py:280)
INFO     [2025-01-12 11:39:23] --- current velocity: 1.664748178410537 (frenet_interface.py:281)
INFO     [2025-01-12 11:39:23] --- current target velocity: 3.25219121155798 (frenet_interface.py:282)
INFO     [2025-01-12 11:39:24] --- Sampled interval of velocity: 0.00 m/s - 7.41 m/s (planner.py:310)
WARNING  [2025-01-12 11:39:25] --- No optimal trajectory available. Select stopping trajectory! (reactive_planner_cpp.py:407)
INFO     [2025-01-12 11:39:25] --- current time step: 57 (frenet_interface.py:257)
INFO     [2025-01-12 11:39:25] --- current velocity: 1.5823344942640565 (frenet_interface.py:258)
INFO     [2025-01-12 11:39:25] --- current target velocity: 3.2686500721956615 (frenet_interface.py:259)
INFO     [2025-01-12 11:39:26] --- Sampled interval of velocity: 0.00 m/s - 7.33 m/s (planner.py:310)
INFO     [2025-01-12 11:39:26] --- current time step: 58 (frenet_interface.py:280)
INFO     [2025-01-12 11:39:26] --- current velocity: 1.4916846108412019 (frenet_interface.py:281)
INFO     [2025-01-12 11:39:26] --- current target velocity: 3.2867213027418423 (frenet_interface.py:282)
INFO     [2025-01-12 11:39:26] --- Sampled interval of velocity: 0.00 m/s - 7.24 m/s (planner.py:310)
INFO     [2025-01-12 11:39:26] --- current time step: 59 (frenet_interface.py:280)
INFO     [2025-01-12 11:39:26] --- current velocity: 1.3944317191635298 (frenet_interface.py:281)
INFO     [2025-01-12 11:39:26] --- current target velocity: 3.306155575357361 (frenet_interface.py:282)
INFO     [2025-01-12 11:39:27] --- Sampled interval of velocity: 0.00 m/s - 7.14 m/s (planner.py:310)
WARNING  [2025-01-12 11:39:27] --- No optimal trajectory available. Select stopping trajectory! (reactive_planner_cpp.py:407)
INFO     [2025-01-12 11:39:27] --- current time step: 60 (frenet_interface.py:257)
INFO     [2025-01-12 11:39:27] --- current velocity: 1.3206205043329207 (frenet_interface.py:258)
INFO     [2025-01-12 11:39:27] --- current target velocity: 3.327081727989413 (frenet_interface.py:259)
INFO     [2025-01-12 11:39:29] --- Sampled interval of velocity: 0.00 m/s - 7.07 m/s (planner.py:310)
INFO     [2025-01-12 11:39:29] --- current time step: 61 (frenet_interface.py:280)
INFO     [2025-01-12 11:39:29] --- current velocity: 1.2059922173952822 (frenet_interface.py:281)
INFO     [2025-01-12 11:39:29] --- current target velocity: 3.349417164511143 (frenet_interface.py:282)
INFO     [2025-01-12 11:39:29] --- Sampled interval of velocity: 0.00 m/s - 6.96 m/s (planner.py:310)
INFO     [2025-01-12 11:39:29] --- current time step: 62 (frenet_interface.py:280)
INFO     [2025-01-12 11:39:29] --- current velocity: 1.0606272595171697 (frenet_interface.py:281)
INFO     [2025-01-12 11:39:29] --- current target velocity: 3.37335875839042 (frenet_interface.py:282)
INFO     [2025-01-12 11:39:30] --- Sampled interval of velocity: 0.00 m/s - 6.81 m/s (planner.py:310)
WARNING  [2025-01-12 11:39:30] --- No optimal trajectory available. Select stopping trajectory! (reactive_planner_cpp.py:407)
INFO     [2025-01-12 11:39:30] --- current time step: 63 (frenet_interface.py:257)
INFO     [2025-01-12 11:39:30] --- current velocity: 0.9709168571367292 (frenet_interface.py:258)
INFO     [2025-01-12 11:39:30] --- current target velocity: 3.3993786572637097 (frenet_interface.py:259)
INFO     [2025-01-12 11:39:32] --- Sampled interval of velocity: 0.00 m/s - 6.72 m/s (planner.py:310)
INFO     [2025-01-12 11:39:32] --- current time step: 64 (frenet_interface.py:280)
INFO     [2025-01-12 11:39:32] --- current velocity: 0.8629287356420926 (frenet_interface.py:281)
INFO     [2025-01-12 11:39:32] --- current target velocity: 3.427398266114297 (frenet_interface.py:282)
INFO     [2025-01-12 11:39:32] --- Sampled interval of velocity: 0.00 m/s - 6.61 m/s (planner.py:310)
INFO     [2025-01-12 11:39:32] --- current time step: 65 (frenet_interface.py:280)
INFO     [2025-01-12 11:39:32] --- current velocity: 0.7423133591061511 (frenet_interface.py:281)
INFO     [2025-01-12 11:39:32] --- current target velocity: 3.457267570522785 (frenet_interface.py:282)
INFO     [2025-01-12 11:39:33] --- Sampled interval of velocity: 0.00 m/s - 6.49 m/s (planner.py:310)
WARNING  [2025-01-12 11:39:33] --- No optimal trajectory available. Select stopping trajectory! (reactive_planner_cpp.py:407)
INFO     [2025-01-12 11:39:33] --- current time step: 66 (frenet_interface.py:257)
INFO     [2025-01-12 11:39:33] --- current velocity: 0.6733754696022539 (frenet_interface.py:258)
INFO     [2025-01-12 11:39:33] --- current target velocity: 3.48923965128534 (frenet_interface.py:259)
INFO     [2025-01-12 11:39:35] --- Sampled interval of velocity: 0.00 m/s - 6.42 m/s (planner.py:310)
INFO     [2025-01-12 11:39:35] --- current time step: 67 (frenet_interface.py:280)
INFO     [2025-01-12 11:39:35] --- current velocity: 0.5939971015583912 (frenet_interface.py:281)
INFO     [2025-01-12 11:39:35] --- current target velocity: 3.523145076577065 (frenet_interface.py:282)
INFO     [2025-01-12 11:39:35] --- Sampled interval of velocity: 0.00 m/s - 6.34 m/s (planner.py:310)
INFO     [2025-01-12 11:39:35] --- current time step: 68 (frenet_interface.py:280)
INFO     [2025-01-12 11:39:35] --- current velocity: 0.507761512738745 (frenet_interface.py:281)
INFO     [2025-01-12 11:39:35] --- current target velocity: 3.558807049045014 (frenet_interface.py:282)
INFO     [2025-01-12 11:39:36] --- Sampled interval of velocity: 0.00 m/s - 6.26 m/s (planner.py:310)
WARNING  [2025-01-12 11:39:36] --- No optimal trajectory available. Select stopping trajectory! (reactive_planner_cpp.py:407)
INFO     [2025-01-12 11:39:36] --- current time step: 69 (frenet_interface.py:257)
INFO     [2025-01-12 11:39:36] --- current velocity: 0.45940060470341915 (frenet_interface.py:258)
INFO     [2025-01-12 11:39:36] --- current target velocity: 3.5963995744454316 (frenet_interface.py:259)
INFO     [2025-01-12 11:39:38] --- Sampled interval of velocity: 0.00 m/s - 6.21 m/s (planner.py:310)
INFO     [2025-01-12 11:39:38] --- current time step: 70 (frenet_interface.py:280)
INFO     [2025-01-12 11:39:38] --- current velocity: 0.40437189967460574 (frenet_interface.py:281)
INFO     [2025-01-12 11:39:38] --- current target velocity: 3.6357928948425835 (frenet_interface.py:282)
INFO     [2025-01-12 11:39:38] --- Sampled interval of velocity: 0.00 m/s - 6.15 m/s (planner.py:310)
INFO     [2025-01-12 11:39:38] --- current time step: 71 (frenet_interface.py:280)
INFO     [2025-01-12 11:39:38] --- current velocity: 0.3450507954781136 (frenet_interface.py:281)
INFO     [2025-01-12 11:39:38] --- current target velocity: 3.676861711845125 (frenet_interface.py:282)
INFO     [2025-01-12 11:39:38] --- Sampled interval of velocity: 0.00 m/s - 6.10 m/s (planner.py:310)
WARNING  [2025-01-12 11:39:39] --- No optimal trajectory available. Select stopping trajectory! (reactive_planner_cpp.py:407)
INFO     [2025-01-12 11:39:39] --- current time step: 72 (frenet_interface.py:257)
INFO     [2025-01-12 11:39:39] --- current velocity: 0.3119649338857545 (frenet_interface.py:258)
INFO     [2025-01-12 11:39:39] --- current target velocity: 3.719742490366169 (frenet_interface.py:259)
INFO     [2025-01-12 11:39:40] --- Sampled interval of velocity: 0.00 m/s - 6.06 m/s (planner.py:310)
INFO     [2025-01-12 11:39:40] --- current time step: 73 (frenet_interface.py:280)
INFO     [2025-01-12 11:39:40] --- current velocity: 0.27444817711844477 (frenet_interface.py:281)
INFO     [2025-01-12 11:39:40] --- current target velocity: 3.7643574331102436 (frenet_interface.py:282)
INFO     [2025-01-12 11:39:41] --- Sampled interval of velocity: 0.00 m/s - 6.02 m/s (planner.py:310)
INFO     [2025-01-12 11:39:41] --- current time step: 74 (frenet_interface.py:280)
INFO     [2025-01-12 11:39:41] --- current velocity: 0.23409806640816758 (frenet_interface.py:281)
INFO     [2025-01-12 11:39:41] --- current target velocity: 3.810634654633954 (frenet_interface.py:282)
INFO     [2025-01-12 11:39:41] --- Sampled interval of velocity: 0.00 m/s - 5.98 m/s (planner.py:310)
WARNING  [2025-01-12 11:39:42] --- No optimal trajectory available. Select stopping trajectory! (reactive_planner_cpp.py:407)
INFO     [2025-01-12 11:39:42] --- current time step: 75 (frenet_interface.py:257)
INFO     [2025-01-12 11:39:42] --- current velocity: 0.21163001486147975 (frenet_interface.py:258)
INFO     [2025-01-12 11:39:42] --- current target velocity: 3.8586906378982073 (frenet_interface.py:259)
INFO     [2025-01-12 11:39:43] --- Sampled interval of velocity: 0.00 m/s - 5.96 m/s (planner.py:310)
INFO     [2025-01-12 11:39:43] --- current time step: 76 (frenet_interface.py:280)
INFO     [2025-01-12 11:39:43] --- current velocity: 0.1861797550375013 (frenet_interface.py:281)
INFO     [2025-01-12 11:39:43] --- current target velocity: 3.9084918682192304 (frenet_interface.py:282)
INFO     [2025-01-12 11:39:44] --- Sampled interval of velocity: 0.00 m/s - 5.94 m/s (planner.py:310)
INFO     [2025-01-12 11:39:44] --- current time step: 77 (frenet_interface.py:280)
INFO     [2025-01-12 11:39:44] --- current velocity: 0.1588265141207997 (frenet_interface.py:281)
INFO     [2025-01-12 11:39:44] --- current target velocity: 3.9600105446108436 (frenet_interface.py:282)
INFO     [2025-01-12 11:39:44] --- Sampled interval of velocity: 0.00 m/s - 5.91 m/s (planner.py:310)
WARNING  [2025-01-12 11:39:45] --- No optimal trajectory available. Select stopping trajectory! (reactive_planner_cpp.py:407)
INFO     [2025-01-12 11:39:45] --- current time step: 78 (frenet_interface.py:257)
INFO     [2025-01-12 11:39:45] --- current velocity: 0.143603066515361 (frenet_interface.py:258)
INFO     [2025-01-12 11:39:45] --- current target velocity: 4.013353645156174 (frenet_interface.py:259)
INFO     [2025-01-12 11:39:47] --- Sampled interval of velocity: 0.00 m/s - 5.89 m/s (planner.py:310)
INFO     [2025-01-12 11:39:47] --- current time step: 79 (frenet_interface.py:280)
INFO     [2025-01-12 11:39:47] --- current velocity: 0.12636449588028176 (frenet_interface.py:281)
INFO     [2025-01-12 11:39:47] --- current target velocity: 4.068523801239883 (frenet_interface.py:282)
INFO     [2025-01-12 11:39:47] --- Sampled interval of velocity: 0.00 m/s - 5.88 m/s (planner.py:310)
INFO     [2025-01-12 11:39:47] --- current time step: 80 (frenet_interface.py:280)
INFO     [2025-01-12 11:39:47] --- current velocity: 0.107840882892081 (frenet_interface.py:281)
INFO     [2025-01-12 11:39:47] --- current target velocity: 4.125529251494602 (frenet_interface.py:282)
INFO     [2025-01-12 11:39:48] --- Sampled interval of velocity: 0.00 m/s - 5.86 m/s (planner.py:310)
WARNING  [2025-01-12 11:39:48] --- No optimal trajectory available. Select stopping trajectory! (reactive_planner_cpp.py:407)
INFO     [2025-01-12 11:39:48] --- current time step: 81 (frenet_interface.py:257)
INFO     [2025-01-12 11:39:48] --- current velocity: 0.0975331322635756 (frenet_interface.py:258)
INFO     [2025-01-12 11:39:48] --- current target velocity: 4.184475235694426 (frenet_interface.py:259)
INFO     [2025-01-12 11:39:50] --- Sampled interval of velocity: 0.00 m/s - 5.85 m/s (planner.py:310)
INFO     [2025-01-12 11:39:50] --- current time step: 82 (frenet_interface.py:280)
INFO     [2025-01-12 11:39:50] --- current velocity: 0.0858620806950727 (frenet_interface.py:281)
INFO     [2025-01-12 11:39:50] --- current target velocity: 4.245395143903003 (frenet_interface.py:282)
INFO     [2025-01-12 11:39:50] --- Sampled interval of velocity: 0.00 m/s - 5.84 m/s (planner.py:310)
INFO     [2025-01-12 11:39:50] --- current time step: 83 (frenet_interface.py:280)
INFO     [2025-01-12 11:39:50] --- current velocity: 0.07332182443759314 (frenet_interface.py:281)
INFO     [2025-01-12 11:39:50] --- current target velocity: 4.308328272352289 (frenet_interface.py:282)
INFO     [2025-01-12 11:39:52] --- Sampled interval of velocity: 0.00 m/s - 5.82 m/s (planner.py:310)
INFO     [2025-01-12 11:39:52] --- select trajectory 41 (reactive_planner_cpp.py:382)
INFO     [2025-01-12 11:39:52] --- current time step: 84 (frenet_interface.py:257)
INFO     [2025-01-12 11:39:52] --- current velocity: 0.10321288041376488 (frenet_interface.py:258)
INFO     [2025-01-12 11:39:52] --- current target velocity: 4.373384715511227 (frenet_interface.py:259)
INFO     [2025-01-12 11:39:53] --- Sampled interval of velocity: 0.00 m/s - 5.85 m/s (planner.py:310)
INFO     [2025-01-12 11:39:53] --- current time step: 85 (frenet_interface.py:280)
INFO     [2025-01-12 11:39:53] --- current velocity: 0.19980102221888835 (frenet_interface.py:281)
INFO     [2025-01-12 11:39:53] --- current target velocity: 4.440432023154021 (frenet_interface.py:282)
INFO     [2025-01-12 11:39:53] --- Sampled interval of velocity: 0.00 m/s - 5.95 m/s (planner.py:310)
INFO     [2025-01-12 11:39:53] --- current time step: 86 (frenet_interface.py:280)
INFO     [2025-01-12 11:39:53] --- current velocity: 0.35424338115150344 (frenet_interface.py:281)
INFO     [2025-01-12 11:39:53] --- current target velocity: 4.508592116136068 (frenet_interface.py:282)
INFO     [2025-01-12 11:39:54] --- Sampled interval of velocity: 0.00 m/s - 6.10 m/s (planner.py:310)
INFO     [2025-01-12 11:39:54] --- select trajectory 141 (reactive_planner_cpp.py:382)
INFO     [2025-01-12 11:39:54] --- current time step: 87 (frenet_interface.py:257)
INFO     [2025-01-12 11:39:54] --- current velocity: 0.5093958978004351 (frenet_interface.py:258)
INFO     [2025-01-12 11:39:54] --- current target velocity: 4.576914192895999 (frenet_interface.py:259)
INFO     [2025-01-12 11:39:56] --- Sampled interval of velocity: 0.00 m/s - 6.26 m/s (planner.py:310)
INFO     [2025-01-12 11:39:56] --- current time step: 88 (frenet_interface.py:280)
INFO     [2025-01-12 11:39:56] --- current velocity: 0.776615873699084 (frenet_interface.py:281)
INFO     [2025-01-12 11:39:56] --- current target velocity: 4.645036543213193 (frenet_interface.py:282)
INFO     [2025-01-12 11:39:56] --- Sampled interval of velocity: 0.00 m/s - 6.53 m/s (planner.py:310)
INFO     [2025-01-12 11:39:56] --- current time step: 89 (frenet_interface.py:280)
INFO     [2025-01-12 11:39:56] --- current velocity: 1.1291972737111395 (frenet_interface.py:281)
INFO     [2025-01-12 11:39:56] --- current target velocity: 4.711872046460613 (frenet_interface.py:282)
INFO     [2025-01-12 11:39:57] --- Sampled interval of velocity: 0.00 m/s - 6.88 m/s (planner.py:310)
INFO     [2025-01-12 11:39:57] --- select trajectory 141 (reactive_planner_cpp.py:382)
INFO     [2025-01-12 11:39:57] --- current time step: 90 (frenet_interface.py:257)
INFO     [2025-01-12 11:39:57] --- current velocity: 1.3627189030635285 (frenet_interface.py:258)
INFO     [2025-01-12 11:39:57] --- current target velocity: 4.775682000992562 (frenet_interface.py:259)
INFO     [2025-01-12 11:39:59] --- Sampled interval of velocity: 0.00 m/s - 7.11 m/s (planner.py:310)
INFO     [2025-01-12 11:39:59] --- current time step: 91 (frenet_interface.py:280)
INFO     [2025-01-12 11:39:59] --- current velocity: 1.6642702181356803 (frenet_interface.py:281)
INFO     [2025-01-12 11:39:59] --- current target velocity: 4.836647216891908 (frenet_interface.py:282)
INFO     [2025-01-12 11:39:59] --- Sampled interval of velocity: 0.00 m/s - 7.41 m/s (planner.py:310)
INFO     [2025-01-12 11:39:59] --- current time step: 92 (frenet_interface.py:280)
INFO     [2025-01-12 11:39:59] --- current velocity: 2.014944463919661 (frenet_interface.py:281)
INFO     [2025-01-12 11:39:59] --- current target velocity: 4.895030993154835 (frenet_interface.py:282)
INFO     [2025-01-12 11:40:00] --- Sampled interval of velocity: 0.00 m/s - 7.76 m/s (planner.py:310)
INFO     [2025-01-12 11:40:00] --- select trajectory 41 (reactive_planner_cpp.py:382)
INFO     [2025-01-12 11:40:00] --- current time step: 93 (frenet_interface.py:257)
INFO     [2025-01-12 11:40:00] --- current velocity: 2.206143023417255 (frenet_interface.py:258)
INFO     [2025-01-12 11:40:00] --- current target velocity: 4.949651230467629 (frenet_interface.py:259)
INFO     [2025-01-12 11:40:02] --- Sampled interval of velocity: 0.00 m/s - 7.96 m/s (planner.py:310)
INFO     [2025-01-12 11:40:02] --- current time step: 94 (frenet_interface.py:280)
INFO     [2025-01-12 11:40:02] --- current velocity: 2.4102344914867277 (frenet_interface.py:281)
INFO     [2025-01-12 11:40:02] --- current target velocity: 5.001292165081116 (frenet_interface.py:282)
INFO     [2025-01-12 11:40:02] --- Sampled interval of velocity: 0.00 m/s - 8.16 m/s (planner.py:310)
INFO     [2025-01-12 11:40:02] --- current time step: 95 (frenet_interface.py:280)
INFO     [2025-01-12 11:40:02] --- current velocity: 2.6237395457194204 (frenet_interface.py:281)
INFO     [2025-01-12 11:40:02] --- current target velocity: 5.051178300818859 (frenet_interface.py:282)
INFO     [2025-01-12 11:40:03] --- Sampled interval of velocity: 0.00 m/s - 8.37 m/s (planner.py:310)
INFO     [2025-01-12 11:40:03] --- select trajectory 106 (reactive_planner_cpp.py:382)
INFO     [2025-01-12 11:40:03] --- current time step: 96 (frenet_interface.py:257)
INFO     [2025-01-12 11:40:03] --- current velocity: 2.676712437363729 (frenet_interface.py:258)
INFO     [2025-01-12 11:40:03] --- current target velocity: 5.099004400890336 (frenet_interface.py:259)
INFO     [2025-01-12 11:40:05] --- Sampled interval of velocity: 0.00 m/s - 8.43 m/s (planner.py:310)
INFO     [2025-01-12 11:40:05] --- current time step: 97 (frenet_interface.py:280)
INFO     [2025-01-12 11:40:05] --- current velocity: 2.631556250414344 (frenet_interface.py:281)
INFO     [2025-01-12 11:40:05] --- current target velocity: 5.145923685987172 (frenet_interface.py:282)
INFO     [2025-01-12 11:40:05] --- Sampled interval of velocity: 0.00 m/s - 8.38 m/s (planner.py:310)
INFO     [2025-01-12 11:40:05] --- current time step: 98 (frenet_interface.py:280)
INFO     [2025-01-12 11:40:05] --- current velocity: 2.5079926059973663 (frenet_interface.py:281)
INFO     [2025-01-12 11:40:05] --- current target velocity: 5.19463738184934 (frenet_interface.py:282)
INFO     [2025-01-12 11:40:06] --- Sampled interval of velocity: 0.00 m/s - 8.26 m/s (planner.py:310)
INFO     [2025-01-12 11:40:06] --- select trajectory 106 (reactive_planner_cpp.py:382)
INFO     [2025-01-12 11:40:06] --- current time step: 99 (frenet_interface.py:257)
INFO     [2025-01-12 11:40:06] --- current velocity: 2.409116759168709 (frenet_interface.py:258)
INFO     [2025-01-12 11:40:06] --- current target velocity: 5.247017703692575 (frenet_interface.py:259)
INFO     [2025-01-12 11:40:08] --- Sampled interval of velocity: 0.00 m/s - 8.16 m/s (planner.py:310)
INFO     [2025-01-12 11:40:08] --- current time step: 100 (frenet_interface.py:280)
INFO     [2025-01-12 11:40:08] --- current velocity: 2.274934851415052 (frenet_interface.py:281)
INFO     [2025-01-12 11:40:08] --- current target velocity: 5.303853790046835 (frenet_interface.py:282)
INFO     [2025-01-12 11:40:08] --- Sampled interval of velocity: 0.00 m/s - 8.02 m/s (planner.py:310)
INFO     [2025-01-12 11:40:08] --- current time step: 101 (frenet_interface.py:280)
INFO     [2025-01-12 11:40:08] --- current velocity: 2.1148608354712963 (frenet_interface.py:281)
INFO     [2025-01-12 11:40:08] --- current target velocity: 5.365502522844041 (frenet_interface.py:282)
INFO     [2025-01-12 11:40:09] --- Sampled interval of velocity: 0.00 m/s - 7.86 m/s (planner.py:310)
INFO     [2025-01-12 11:40:09] --- select trajectory 106 (reactive_planner_cpp.py:382)
INFO     [2025-01-12 11:40:09] --- current time step: 102 (frenet_interface.py:257)
INFO     [2025-01-12 11:40:09] --- current velocity: 2.0183324405122893 (frenet_interface.py:258)
INFO     [2025-01-12 11:40:09] --- current target velocity: 5.432922310735188 (frenet_interface.py:259)
INFO     [2025-01-12 11:40:10] --- Sampled interval of velocity: 0.00 m/s - 7.77 m/s (planner.py:310)
INFO     [2025-01-12 11:40:10] --- current time step: 103 (frenet_interface.py:280)
INFO     [2025-01-12 11:40:10] --- current velocity: 1.9025955034453477 (frenet_interface.py:281)
INFO     [2025-01-12 11:40:10] --- current target velocity: 5.5060612801171365 (frenet_interface.py:282)
INFO     [2025-01-12 11:40:11] --- Sampled interval of velocity: 0.00 m/s - 7.65 m/s (planner.py:310)
INFO     [2025-01-12 11:40:11] --- current time step: 104 (frenet_interface.py:280)
INFO     [2025-01-12 11:40:11] --- current velocity: 1.7736331094695976 (frenet_interface.py:281)
INFO     [2025-01-12 11:40:11] --- current target velocity: 5.584820923992611 (frenet_interface.py:282)
INFO     [2025-01-12 11:40:11] --- Sampled interval of velocity: 0.00 m/s - 7.52 m/s (planner.py:310)
INFO     [2025-01-12 11:40:11] --- select trajectory 201 (reactive_planner_cpp.py:382)
INFO     [2025-01-12 11:40:11] --- current time step: 105 (frenet_interface.py:257)
INFO     [2025-01-12 11:40:11] --- current velocity: 1.7073321887675539 (frenet_interface.py:258)
INFO     [2025-01-12 11:40:11] --- current target velocity: 5.669952944562552 (frenet_interface.py:259)
INFO     [2025-01-12 11:40:14] --- Sampled interval of velocity: 0.00 m/s - 7.46 m/s (planner.py:310)
INFO     [2025-01-12 11:40:14] --- current time step: 106 (frenet_interface.py:280)
INFO     [2025-01-12 11:40:14] --- current velocity: 1.64220931545312 (frenet_interface.py:281)
INFO     [2025-01-12 11:40:14] --- current target velocity: 5.7613372260262325 (frenet_interface.py:282)
INFO     [2025-01-12 11:40:14] --- Sampled interval of velocity: 0.00 m/s - 7.39 m/s (planner.py:310)
INFO     [2025-01-12 11:40:14] --- current time step: 107 (frenet_interface.py:280)
INFO     [2025-01-12 11:40:14] --- current velocity: 1.5785493217494833 (frenet_interface.py:281)
INFO     [2025-01-12 11:40:14] --- current target velocity: 5.858639293056188 (frenet_interface.py:282)
INFO     [2025-01-12 11:40:15] --- Sampled interval of velocity: 0.00 m/s - 7.33 m/s (planner.py:310)
INFO     [2025-01-12 11:40:15] --- select trajectory 621 (reactive_planner_cpp.py:382)
INFO     [2025-01-12 11:40:15] --- current time step: 108 (frenet_interface.py:257)
INFO     [2025-01-12 11:40:15] --- current velocity: 1.5533394569900087 (frenet_interface.py:258)
INFO     [2025-01-12 11:40:15] --- current target velocity: 5.962261812793272 (frenet_interface.py:259)
INFO     [2025-01-12 11:40:17] --- Sampled interval of velocity: 0.00 m/s - 7.30 m/s (planner.py:310)
INFO     [2025-01-12 11:40:17] --- current time step: 109 (frenet_interface.py:280)
INFO     [2025-01-12 11:40:17] --- current velocity: 1.5400113436301024 (frenet_interface.py:281)
INFO     [2025-01-12 11:40:17] --- current target velocity: 6.0722023008674135 (frenet_interface.py:282)
INFO     [2025-01-12 11:40:18] --- Sampled interval of velocity: 0.00 m/s - 7.29 m/s (planner.py:310)
INFO     [2025-01-12 11:40:18] --- current time step: 110 (frenet_interface.py:280)
INFO     [2025-01-12 11:40:18] --- current velocity: 1.5377601464780422 (frenet_interface.py:281)
INFO     [2025-01-12 11:40:18] --- current target velocity: 6.1882756164774175 (frenet_interface.py:282)
INFO     [2025-01-12 11:40:18] --- Sampled interval of velocity: 0.00 m/s - 7.29 m/s (planner.py:310)
INFO     [2025-01-12 11:40:19] --- select trajectory 631 (reactive_planner_cpp.py:382)
INFO     [2025-01-12 11:40:19] --- current time step: 111 (frenet_interface.py:257)
INFO     [2025-01-12 11:40:19] --- current velocity: 1.546510509388903 (frenet_interface.py:258)
INFO     [2025-01-12 11:40:19] --- current target velocity: 6.310663331176652 (frenet_interface.py:259)
INFO     [2025-01-12 11:40:22] --- Sampled interval of velocity: 0.00 m/s - 7.30 m/s (planner.py:310)
INFO     [2025-01-12 11:40:22] --- current time step: 112 (frenet_interface.py:280)
INFO     [2025-01-12 11:40:22] --- current velocity: 1.5690544405009557 (frenet_interface.py:281)
INFO     [2025-01-12 11:40:22] --- current target velocity: 6.439588162757436 (frenet_interface.py:282)
INFO     [2025-01-12 11:40:22] --- Sampled interval of velocity: 0.00 m/s - 7.32 m/s (planner.py:310)
INFO     [2025-01-12 11:40:22] --- current time step: 113 (frenet_interface.py:280)
INFO     [2025-01-12 11:40:22] --- current velocity: 1.6043656527799934 (frenet_interface.py:281)
INFO     [2025-01-12 11:40:22] --- current target velocity: 6.569054440500956 (frenet_interface.py:282)
INFO     [2025-01-12 11:40:23] --- Sampled interval of velocity: 0.00 m/s - 7.35 m/s (planner.py:310)
INFO     [2025-01-12 11:40:23] --- select trajectory 331 (reactive_planner_cpp.py:382)
INFO     [2025-01-12 11:40:23] --- current time step: 114 (frenet_interface.py:257)
INFO     [2025-01-12 11:40:23] --- current velocity: 1.6346983003610016 (frenet_interface.py:258)
INFO     [2025-01-12 11:40:23] --- current target velocity: 6.604365652779993 (frenet_interface.py:259)
INFO     [2025-01-12 11:40:25] --- Sampled interval of velocity: 0.00 m/s - 7.38 m/s (planner.py:310)
INFO     [2025-01-12 11:40:25] --- current time step: 115 (frenet_interface.py:280)
INFO     [2025-01-12 11:40:25] --- current velocity: 1.683135595148552 (frenet_interface.py:281)
INFO     [2025-01-12 11:40:25] --- current target velocity: 6.634698300361002 (frenet_interface.py:282)
INFO     [2025-01-12 11:40:26] --- Sampled interval of velocity: 0.00 m/s - 7.43 m/s (planner.py:310)
INFO     [2025-01-12 11:40:26] --- current time step: 116 (frenet_interface.py:280)
INFO     [2025-01-12 11:40:26] --- current velocity: 1.7478650602299501 (frenet_interface.py:281)
INFO     [2025-01-12 11:40:26] --- current target velocity: 6.683135595148552 (frenet_interface.py:282)
