CRITICAL [2025-01-12 11:23:47] --- Start Planner Vehicle ID: 20044 (frenet_interface.py:67)
INFO     [2025-01-12 11:23:48] --- Sampled interval of velocity: 0.00 m/s - 13.52 m/s (planner.py:310)
INFO     [2025-01-12 11:23:48] --- select trajectory 111 (reactive_planner_cpp.py:382)
INFO     [2025-01-12 11:23:48] --- current time step: 0 (frenet_interface.py:257)
INFO     [2025-01-12 11:23:48] --- current velocity: 7.542191776091332 (frenet_interface.py:258)
INFO     [2025-01-12 11:23:48] --- current target velocity: 2.7672 (frenet_interface.py:259)
INFO     [2025-01-12 11:23:50] --- Sampled interval of velocity: 0.00 m/s - 13.29 m/s (planner.py:310)
INFO     [2025-01-12 11:23:50] --- current time step: 1 (frenet_interface.py:280)
INFO     [2025-01-12 11:23:50] --- current velocity: 7.185966139385749 (frenet_interface.py:281)
INFO     [2025-01-12 11:23:50] --- current target velocity: 2.5421917760913324 (frenet_interface.py:282)
INFO     [2025-01-12 11:23:50] --- Sampled interval of velocity: 0.00 m/s - 12.94 m/s (planner.py:310)
INFO     [2025-01-12 11:23:50] --- current time step: 2 (frenet_interface.py:280)
INFO     [2025-01-12 11:23:50] --- current velocity: 6.730663797299918 (frenet_interface.py:281)
INFO     [2025-01-12 11:23:50] --- current target velocity: 2.185966139385749 (frenet_interface.py:282)
INFO     [2025-01-12 11:23:50] --- Sampled interval of velocity: 0.00 m/s - 12.48 m/s (planner.py:310)
INFO     [2025-01-12 11:23:50] --- select trajectory 101 (reactive_planner_cpp.py:382)
INFO     [2025-01-12 11:23:50] --- current time step: 3 (frenet_interface.py:257)
INFO     [2025-01-12 11:23:50] --- current velocity: 6.406219337716699 (frenet_interface.py:258)
INFO     [2025-01-12 11:23:50] --- current target velocity: 1.7306637972999184 (frenet_interface.py:259)
INFO     [2025-01-12 11:23:52] --- Sampled interval of velocity: 0.00 m/s - 12.16 m/s (planner.py:310)
INFO     [2025-01-12 11:23:52] --- current time step: 4 (frenet_interface.py:280)
INFO     [2025-01-12 11:23:52] --- current velocity: 5.94962314166534 (frenet_interface.py:281)
INFO     [2025-01-12 11:23:52] --- current target velocity: 1.4062193377166992 (frenet_interface.py:282)
INFO     [2025-01-12 11:23:52] --- Sampled interval of velocity: 0.00 m/s - 11.70 m/s (planner.py:310)
INFO     [2025-01-12 11:23:52] --- current time step: 5 (frenet_interface.py:280)
INFO     [2025-01-12 11:23:52] --- current velocity: 5.395156616764797 (frenet_interface.py:281)
INFO     [2025-01-12 11:23:52] --- current target velocity: 1.2326047975497436 (frenet_interface.py:282)
INFO     [2025-01-12 11:23:52] --- Sampled interval of velocity: 0.00 m/s - 11.15 m/s (planner.py:310)
INFO     [2025-01-12 11:23:53] --- select trajectory 101 (reactive_planner_cpp.py:382)
INFO     [2025-01-12 11:23:53] --- current time step: 6 (frenet_interface.py:257)
INFO     [2025-01-12 11:23:53] --- current velocity: 5.057379462244792 (frenet_interface.py:258)
INFO     [2025-01-12 11:23:53] --- current target velocity: 1.2095696242177623 (frenet_interface.py:259)
INFO     [2025-01-12 11:23:54] --- Sampled interval of velocity: 0.00 m/s - 10.81 m/s (planner.py:310)
INFO     [2025-01-12 11:23:54] --- current time step: 7 (frenet_interface.py:280)
INFO     [2025-01-12 11:23:54] --- current velocity: 4.650146128891697 (frenet_interface.py:281)
INFO     [2025-01-12 11:23:54] --- current target velocity: 1.188618471064648 (frenet_interface.py:282)
INFO     [2025-01-12 11:23:54] --- Sampled interval of velocity: 0.00 m/s - 10.40 m/s (planner.py:310)
INFO     [2025-01-12 11:23:54] --- current time step: 8 (frenet_interface.py:280)
INFO     [2025-01-12 11:23:54] --- current velocity: 4.194927284183884 (frenet_interface.py:281)
INFO     [2025-01-12 11:23:54] --- current target velocity: 1.1694073049993472 (frenet_interface.py:282)
INFO     [2025-01-12 11:23:54] --- Sampled interval of velocity: 0.00 m/s - 9.94 m/s (planner.py:310)
INFO     [2025-01-12 11:23:54] --- select trajectory 101 (reactive_planner_cpp.py:382)
INFO     [2025-01-12 11:23:54] --- current time step: 9 (frenet_interface.py:257)
INFO     [2025-01-12 11:23:54] --- current velocity: 3.9310495651389297 (frenet_interface.py:258)
INFO     [2025-01-12 11:23:54] --- current target velocity: 1.1522722976413724 (frenet_interface.py:259)
INFO     [2025-01-12 11:23:56] --- Sampled interval of velocity: 0.00 m/s - 9.68 m/s (planner.py:310)
INFO     [2025-01-12 11:23:56] --- current time step: 10 (frenet_interface.py:280)
INFO     [2025-01-12 11:23:56] --- current velocity: 3.6215961739848517 (frenet_interface.py:281)
INFO     [2025-01-12 11:23:56] --- current target velocity: 1.1368506537976941 (frenet_interface.py:282)
INFO     [2025-01-12 11:23:57] --- Sampled interval of velocity: 0.00 m/s - 9.37 m/s (planner.py:310)
INFO     [2025-01-12 11:23:57] --- current time step: 11 (frenet_interface.py:280)
INFO     [2025-01-12 11:23:57] --- current velocity: 3.2814754730920312 (frenet_interface.py:281)
INFO     [2025-01-12 11:23:57] --- current target velocity: 1.1227956541878803 (frenet_interface.py:282)
INFO     [2025-01-12 11:23:57] --- Sampled interval of velocity: 0.00 m/s - 9.03 m/s (planner.py:310)
INFO     [2025-01-12 11:23:57] --- select trajectory 101 (reactive_planner_cpp.py:382)
INFO     [2025-01-12 11:23:57] --- current time step: 12 (frenet_interface.py:257)
INFO     [2025-01-12 11:23:57] --- current velocity: 3.0865024379495183 (frenet_interface.py:258)
INFO     [2025-01-12 11:23:57] --- current target velocity: 1.1103332118726899 (frenet_interface.py:259)
INFO     [2025-01-12 11:23:59] --- Sampled interval of velocity: 0.00 m/s - 8.84 m/s (planner.py:310)
INFO     [2025-01-12 11:23:59] --- current time step: 13 (frenet_interface.py:280)
INFO     [2025-01-12 11:23:59] --- current velocity: 2.8592852787646597 (frenet_interface.py:281)
INFO     [2025-01-12 11:23:59] --- current target velocity: 1.0991683109569397 (frenet_interface.py:282)
INFO     [2025-01-12 11:23:59] --- Sampled interval of velocity: 0.00 m/s - 8.61 m/s (planner.py:310)
INFO     [2025-01-12 11:23:59] --- current time step: 14 (frenet_interface.py:280)
INFO     [2025-01-12 11:23:59] --- current velocity: 2.6105299221975122 (frenet_interface.py:281)
INFO     [2025-01-12 11:23:59] --- current target velocity: 1.0890282874754844 (frenet_interface.py:282)
INFO     [2025-01-12 11:24:00] --- Sampled interval of velocity: 0.00 m/s - 8.36 m/s (planner.py:310)
INFO     [2025-01-12 11:24:00] --- select trajectory 191 (reactive_planner_cpp.py:382)
INFO     [2025-01-12 11:24:00] --- current time step: 15 (frenet_interface.py:257)
INFO     [2025-01-12 11:24:00] --- current velocity: 2.443979924730851 (frenet_interface.py:258)
INFO     [2025-01-12 11:24:00] --- current target velocity: 1.0800761104866814 (frenet_interface.py:259)
INFO     [2025-01-12 11:24:01] --- Sampled interval of velocity: 0.00 m/s - 8.19 m/s (planner.py:310)
INFO     [2025-01-12 11:24:01] --- current time step: 16 (frenet_interface.py:280)
INFO     [2025-01-12 11:24:01] --- current velocity: 2.211754890170562 (frenet_interface.py:281)
INFO     [2025-01-12 11:24:01] --- current target velocity: 1.072134260466826 (frenet_interface.py:282)
INFO     [2025-01-12 11:24:01] --- Sampled interval of velocity: 0.00 m/s - 7.96 m/s (planner.py:310)
INFO     [2025-01-12 11:24:01] --- current time step: 17 (frenet_interface.py:280)
INFO     [2025-01-12 11:24:01] --- current velocity: 1.9310337213511741 (frenet_interface.py:281)
INFO     [2025-01-12 11:24:01] --- current target velocity: 1.0652084882908068 (frenet_interface.py:282)
INFO     [2025-01-12 11:24:01] --- Sampled interval of velocity: 0.00 m/s - 7.68 m/s (planner.py:310)
INFO     [2025-01-12 11:24:01] --- select trajectory 191 (reactive_planner_cpp.py:382)
INFO     [2025-01-12 11:24:01] --- current time step: 18 (frenet_interface.py:257)
INFO     [2025-01-12 11:24:01] --- current velocity: 1.7624278382451395 (frenet_interface.py:258)
INFO     [2025-01-12 11:24:01] --- current target velocity: 1.0596310567825387 (frenet_interface.py:259)
INFO     [2025-01-12 11:24:03] --- Sampled interval of velocity: 0.00 m/s - 7.51 m/s (planner.py:310)
INFO     [2025-01-12 11:24:03] --- current time step: 19 (frenet_interface.py:280)
INFO     [2025-01-12 11:24:03] --- current velocity: 1.56250883003507 (frenet_interface.py:281)
INFO     [2025-01-12 11:24:03] --- current target velocity: 1.0552414503192762 (frenet_interface.py:282)
INFO     [2025-01-12 11:24:04] --- Sampled interval of velocity: 0.00 m/s - 7.31 m/s (planner.py:310)
INFO     [2025-01-12 11:24:04] --- current time step: 20 (frenet_interface.py:280)
INFO     [2025-01-12 11:24:04] --- current velocity: 1.3412556121599208 (frenet_interface.py:281)
INFO     [2025-01-12 11:24:04] --- current target velocity: 1.0518368510470066 (frenet_interface.py:282)
INFO     [2025-01-12 11:24:04] --- Sampled interval of velocity: 0.00 m/s - 7.09 m/s (planner.py:310)
INFO     [2025-01-12 11:24:04] --- select trajectory 501 (reactive_planner_cpp.py:382)
INFO     [2025-01-12 11:24:04] --- current time step: 21 (frenet_interface.py:257)
INFO     [2025-01-12 11:24:04] --- current velocity: 1.2336189545652736 (frenet_interface.py:258)
INFO     [2025-01-12 11:24:04] --- current target velocity: 1.0495817490248733 (frenet_interface.py:259)
INFO     [2025-01-12 11:24:06] --- Sampled interval of velocity: 0.00 m/s - 6.98 m/s (planner.py:310)
INFO     [2025-01-12 11:24:06] --- current time step: 22 (frenet_interface.py:280)
INFO     [2025-01-12 11:24:06] --- current velocity: 1.1388321753600381 (frenet_interface.py:281)
INFO     [2025-01-12 11:24:06] --- current target velocity: 1.0482441484922882 (frenet_interface.py:282)
INFO     [2025-01-12 11:24:06] --- Sampled interval of velocity: 0.00 m/s - 6.89 m/s (planner.py:310)
INFO     [2025-01-12 11:24:06] --- current time step: 23 (frenet_interface.py:280)
INFO     [2025-01-12 11:24:06] --- current velocity: 1.0561909644830865 (frenet_interface.py:281)
INFO     [2025-01-12 11:24:06] --- current target velocity: 1.0474660822881798 (frenet_interface.py:282)
INFO     [2025-01-12 11:24:07] --- Sampled interval of velocity: 0.00 m/s - 6.81 m/s (planner.py:310)
INFO     [2025-01-12 11:24:07] --- select trajectory 286 (reactive_planner_cpp.py:382)
INFO     [2025-01-12 11:24:07] --- current time step: 24 (frenet_interface.py:257)
INFO     [2025-01-12 11:24:07] --- current velocity: 1.0215333736871415 (frenet_interface.py:258)
INFO     [2025-01-12 11:24:07] --- current target velocity: 1.0471857251041368 (frenet_interface.py:259)
INFO     [2025-01-12 11:24:08] --- Sampled interval of velocity: 0.00 m/s - 6.77 m/s (planner.py:310)
INFO     [2025-01-12 11:24:08] --- current time step: 25 (frenet_interface.py:280)
INFO     [2025-01-12 11:24:08] --- current velocity: 0.9939799878565063 (frenet_interface.py:281)
INFO     [2025-01-12 11:24:08] --- current target velocity: 1.0472371018810656 (frenet_interface.py:282)
INFO     [2025-01-12 11:24:08] --- Sampled interval of velocity: 0.00 m/s - 6.74 m/s (planner.py:310)
INFO     [2025-01-12 11:24:08] --- current time step: 26 (frenet_interface.py:280)
INFO     [2025-01-12 11:24:08] --- current velocity: 0.9729548257995334 (frenet_interface.py:281)
INFO     [2025-01-12 11:24:08] --- current target velocity: 1.0474685940484247 (frenet_interface.py:282)
INFO     [2025-01-12 11:24:09] --- Sampled interval of velocity: 0.00 m/s - 6.72 m/s (planner.py:310)
INFO     [2025-01-12 11:24:09] --- select trajectory 186 (reactive_planner_cpp.py:382)
INFO     [2025-01-12 11:24:09] --- current time step: 27 (frenet_interface.py:257)
INFO     [2025-01-12 11:24:09] --- current velocity: 0.9655359986019937 (frenet_interface.py:258)
INFO     [2025-01-12 11:24:09] --- current target velocity: 1.0478437137040537 (frenet_interface.py:259)
INFO     [2025-01-12 11:24:10] --- Sampled interval of velocity: 0.00 m/s - 6.72 m/s (planner.py:310)
INFO     [2025-01-12 11:24:10] --- current time step: 28 (frenet_interface.py:280)
INFO     [2025-01-12 11:24:10] --- current velocity: 0.9609361866742065 (frenet_interface.py:281)
INFO     [2025-01-12 11:24:10] --- current target velocity: 1.0483048294298993 (frenet_interface.py:282)
INFO     [2025-01-12 11:24:11] --- Sampled interval of velocity: 0.00 m/s - 6.71 m/s (planner.py:310)
INFO     [2025-01-12 11:24:11] --- current time step: 29 (frenet_interface.py:280)
INFO     [2025-01-12 11:24:11] --- current velocity: 0.9587102762798432 (frenet_interface.py:281)
INFO     [2025-01-12 11:24:11] --- current target velocity: 1.0488064986868488 (frenet_interface.py:282)
INFO     [2025-01-12 11:24:11] --- Sampled interval of velocity: 0.00 m/s - 6.71 m/s (planner.py:310)
INFO     [2025-01-12 11:24:11] --- select trajectory 181 (reactive_planner_cpp.py:382)
INFO     [2025-01-12 11:24:11] --- current time step: 30 (frenet_interface.py:257)
INFO     [2025-01-12 11:24:11] --- current velocity: 0.9582194830192929 (frenet_interface.py:258)
INFO     [2025-01-12 11:24:11] --- current target velocity: 1.0493340776635527 (frenet_interface.py:259)
INFO     [2025-01-12 11:24:12] --- Sampled interval of velocity: 0.00 m/s - 6.71 m/s (planner.py:310)
INFO     [2025-01-12 11:24:12] --- current time step: 31 (frenet_interface.py:280)
INFO     [2025-01-12 11:24:12] --- current velocity: 0.9579151875833353 (frenet_interface.py:281)
INFO     [2025-01-12 11:24:12] --- current target velocity: 1.0498750533397379 (frenet_interface.py:282)
INFO     [2025-01-12 11:24:13] --- Sampled interval of velocity: 0.00 m/s - 6.71 m/s (planner.py:310)
INFO     [2025-01-12 11:24:13] --- current time step: 32 (frenet_interface.py:280)
INFO     [2025-01-12 11:24:13] --- current velocity: 0.9577680276379142 (frenet_interface.py:281)
INFO     [2025-01-12 11:24:13] --- current target velocity: 1.0504248720438012 (frenet_interface.py:282)
INFO     [2025-01-12 11:24:13] --- Sampled interval of velocity: 0.00 m/s - 6.71 m/s (planner.py:310)
INFO     [2025-01-12 11:24:13] --- select trajectory 181 (reactive_planner_cpp.py:382)
INFO     [2025-01-12 11:24:13] --- current time step: 33 (frenet_interface.py:257)
INFO     [2025-01-12 11:24:13] --- current velocity: 0.9577357224432994 (frenet_interface.py:258)
INFO     [2025-01-12 11:24:13] --- current target velocity: 1.0509826594504126 (frenet_interface.py:259)
INFO     [2025-01-12 11:24:14] --- Sampled interval of velocity: 0.00 m/s - 6.71 m/s (planner.py:310)
INFO     [2025-01-12 11:24:14] --- current time step: 34 (frenet_interface.py:280)
INFO     [2025-01-12 11:24:14] --- current velocity: 0.9577158432780336 (frenet_interface.py:281)
INFO     [2025-01-12 11:24:14] --- current target velocity: 1.0515476869498277 (frenet_interface.py:282)
INFO     [2025-01-12 11:24:15] --- Sampled interval of velocity: 0.00 m/s - 6.71 m/s (planner.py:310)
INFO     [2025-01-12 11:24:15] --- current time step: 35 (frenet_interface.py:280)
INFO     [2025-01-12 11:24:15] --- current velocity: 0.9577064170698328 (frenet_interface.py:281)
INFO     [2025-01-12 11:24:15] --- current target velocity: 1.0521197642037945 (frenet_interface.py:282)
