CRITICAL [2025-01-12 11:21:05] --- Start Planner Vehicle ID: 1 (frenet_interface.py:67)
INFO     [2025-01-12 11:21:06] --- Sampled interval of velocity: 0.00 m/s - 12.24 m/s (planner.py:310)
INFO     [2025-01-12 11:21:06] --- select trajectory 51 (reactive_planner_cpp.py:382)
INFO     [2025-01-12 11:21:06] --- current time step: 0 (frenet_interface.py:257)
INFO     [2025-01-12 11:21:06] --- current velocity: 6.494080593347971 (frenet_interface.py:258)
INFO     [2025-01-12 11:21:06] --- current target velocity: 6.4940806 (frenet_interface.py:259)
INFO     [2025-01-12 11:21:07] --- Sampled interval of velocity: 0.00 m/s - 12.24 m/s (planner.py:310)
INFO     [2025-01-12 11:21:07] --- current time step: 1 (frenet_interface.py:280)
INFO     [2025-01-12 11:21:07] --- current velocity: 6.494080626568809 (frenet_interface.py:281)
INFO     [2025-01-12 11:21:07] --- current target velocity: 6.494080593347971 (frenet_interface.py:282)
INFO     [2025-01-12 11:21:08] --- Sampled interval of velocity: 0.00 m/s - 12.24 m/s (planner.py:310)
INFO     [2025-01-12 11:21:08] --- current time step: 2 (frenet_interface.py:280)
INFO     [2025-01-12 11:21:08] --- current velocity: 6.494080710512459 (frenet_interface.py:281)
INFO     [2025-01-12 11:21:08] --- current target velocity: 6.494080626568809 (frenet_interface.py:282)
INFO     [2025-01-12 11:21:08] --- Sampled interval of velocity: 0.00 m/s - 12.24 m/s (planner.py:310)
INFO     [2025-01-12 11:21:08] --- select trajectory 321 (reactive_planner_cpp.py:382)
INFO     [2025-01-12 11:21:08] --- current time step: 3 (frenet_interface.py:257)
INFO     [2025-01-12 11:21:08] --- current velocity: 6.48360748520297 (frenet_interface.py:258)
INFO     [2025-01-12 11:21:08] --- current target velocity: 6.494080710512459 (frenet_interface.py:259)
INFO     [2025-01-12 11:21:10] --- Sampled interval of velocity: 0.00 m/s - 12.23 m/s (planner.py:310)
INFO     [2025-01-12 11:21:10] --- current time step: 4 (frenet_interface.py:280)
INFO     [2025-01-12 11:21:10] --- current velocity: 6.453438181043067 (frenet_interface.py:281)
INFO     [2025-01-12 11:21:10] --- current target velocity: 6.48360748520297 (frenet_interface.py:282)
INFO     [2025-01-12 11:21:10] --- Sampled interval of velocity: 0.00 m/s - 12.20 m/s (planner.py:310)
INFO     [2025-01-12 11:21:10] --- current time step: 5 (frenet_interface.py:280)
INFO     [2025-01-12 11:21:10] --- current velocity: 6.405448556243691 (frenet_interface.py:281)
INFO     [2025-01-12 11:21:10] --- current target velocity: 6.453438181043067 (frenet_interface.py:282)
INFO     [2025-01-12 11:21:11] --- Sampled interval of velocity: 0.00 m/s - 12.16 m/s (planner.py:310)
INFO     [2025-01-12 11:21:11] --- select trajectory 11 (reactive_planner_cpp.py:382)
INFO     [2025-01-12 11:21:11] --- current time step: 6 (frenet_interface.py:257)
INFO     [2025-01-12 11:21:11] --- current velocity: 6.346954941879086 (frenet_interface.py:258)
INFO     [2025-01-12 11:21:11] --- current target velocity: 6.405448556243691 (frenet_interface.py:259)
INFO     [2025-01-12 11:21:12] --- Sampled interval of velocity: 0.00 m/s - 12.10 m/s (planner.py:310)
INFO     [2025-01-12 11:21:12] --- current time step: 7 (frenet_interface.py:280)
INFO     [2025-01-12 11:21:12] --- current velocity: 6.232839677266487 (frenet_interface.py:281)
INFO     [2025-01-12 11:21:12] --- current target velocity: 6.346954941879086 (frenet_interface.py:282)
INFO     [2025-01-12 11:21:12] --- Sampled interval of velocity: 0.00 m/s - 11.98 m/s (planner.py:310)
INFO     [2025-01-12 11:21:12] --- current time step: 8 (frenet_interface.py:280)
INFO     [2025-01-12 11:21:12] --- current velocity: 6.070739719081679 (frenet_interface.py:281)
INFO     [2025-01-12 11:21:12] --- current target velocity: 6.232839677266487 (frenet_interface.py:282)
INFO     [2025-01-12 11:21:14] --- Sampled interval of velocity: 0.00 m/s - 11.82 m/s (planner.py:310)
INFO     [2025-01-12 11:21:14] --- select trajectory 501 (reactive_planner_cpp.py:382)
INFO     [2025-01-12 11:21:14] --- current time step: 9 (frenet_interface.py:257)
INFO     [2025-01-12 11:21:14] --- current velocity: 5.966032640055941 (frenet_interface.py:258)
INFO     [2025-01-12 11:21:14] --- current target velocity: 6.070739719081679 (frenet_interface.py:259)
INFO     [2025-01-12 11:21:15] --- Sampled interval of velocity: 0.00 m/s - 11.72 m/s (planner.py:310)
INFO     [2025-01-12 11:21:15] --- current time step: 10 (frenet_interface.py:280)
INFO     [2025-01-12 11:21:15] --- current velocity: 5.837005524321393 (frenet_interface.py:281)
INFO     [2025-01-12 11:21:15] --- current target velocity: 5.966032640055941 (frenet_interface.py:282)
INFO     [2025-01-12 11:21:16] --- Sampled interval of velocity: 0.00 m/s - 11.59 m/s (planner.py:310)
INFO     [2025-01-12 11:21:16] --- current time step: 11 (frenet_interface.py:280)
INFO     [2025-01-12 11:21:16] --- current velocity: 5.68597923301458 (frenet_interface.py:281)
INFO     [2025-01-12 11:21:16] --- current target velocity: 5.837005524321393 (frenet_interface.py:282)
INFO     [2025-01-12 11:21:16] --- Sampled interval of velocity: 0.00 m/s - 11.44 m/s (planner.py:310)
INFO     [2025-01-12 11:21:16] --- select trajectory 201 (reactive_planner_cpp.py:382)
INFO     [2025-01-12 11:21:16] --- current time step: 12 (frenet_interface.py:257)
INFO     [2025-01-12 11:21:16] --- current velocity: 5.582360976845424 (frenet_interface.py:258)
INFO     [2025-01-12 11:21:16] --- current target velocity: 5.68597923301458 (frenet_interface.py:259)
