CRITICAL [2025-01-12 11:23:33] --- Start Planner Vehicle ID: 30730 (frenet_interface.py:67)
INFO     [2025-01-12 11:23:36] --- Sampled interval of velocity: 0.00 m/s - 16.04 m/s (planner.py:310)
INFO     [2025-01-12 11:23:36] --- select trajectory 111 (reactive_planner_cpp.py:382)
INFO     [2025-01-12 11:23:36] --- current time step: 0 (frenet_interface.py:257)
INFO     [2025-01-12 11:23:36] --- current velocity: 10.141589520173563 (frenet_interface.py:258)
INFO     [2025-01-12 11:23:36] --- current target velocity: 8.035732715104766 (frenet_interface.py:259)
INFO     [2025-01-12 11:23:39] --- Sampled interval of velocity: 0.00 m/s - 15.89 m/s (planner.py:310)
INFO     [2025-01-12 11:23:39] --- current time step: 1 (frenet_interface.py:280)
INFO     [2025-01-12 11:23:39] --- current velocity: 9.740689744464483 (frenet_interface.py:281)
INFO     [2025-01-12 11:23:39] --- current target velocity: 8.020850666038113 (frenet_interface.py:282)
INFO     [2025-01-12 11:23:39] --- Sampled interval of velocity: 0.00 m/s - 15.49 m/s (planner.py:310)
INFO     [2025-01-12 11:23:39] --- current time step: 2 (frenet_interface.py:280)
INFO     [2025-01-12 11:23:39] --- current velocity: 9.141698987992834 (frenet_interface.py:281)
INFO     [2025-01-12 11:23:39] --- current target velocity: 8.007659139599049 (frenet_interface.py:282)
INFO     [2025-01-12 11:23:40] --- Sampled interval of velocity: 0.00 m/s - 14.89 m/s (planner.py:310)
INFO     [2025-01-12 11:23:40] --- select trajectory 101 (reactive_planner_cpp.py:382)
INFO     [2025-01-12 11:23:40] --- current time step: 3 (frenet_interface.py:257)
INFO     [2025-01-12 11:23:40] --- current velocity: 8.691508208341462 (frenet_interface.py:258)
INFO     [2025-01-12 11:23:40] --- current target velocity: 7.9977434866218635 (frenet_interface.py:259)
INFO     [2025-01-12 11:23:43] --- Sampled interval of velocity: 0.00 m/s - 14.44 m/s (planner.py:310)
INFO     [2025-01-12 11:23:43] --- current time step: 4 (frenet_interface.py:280)
INFO     [2025-01-12 11:23:43] --- current velocity: 8.052633840895888 (frenet_interface.py:281)
INFO     [2025-01-12 11:23:43] --- current target velocity: 7.9912840500182 (frenet_interface.py:282)
INFO     [2025-01-12 11:23:44] --- Sampled interval of velocity: 0.00 m/s - 13.80 m/s (planner.py:310)
INFO     [2025-01-12 11:23:44] --- current time step: 5 (frenet_interface.py:280)
INFO     [2025-01-12 11:23:44] --- current velocity: 7.273866010358695 (frenet_interface.py:281)
INFO     [2025-01-12 11:23:44] --- current target velocity: 7.988544610832886 (frenet_interface.py:282)
INFO     [2025-01-12 11:23:45] --- Sampled interval of velocity: 0.00 m/s - 13.02 m/s (planner.py:310)
INFO     [2025-01-12 11:23:45] --- select trajectory 111 (reactive_planner_cpp.py:382)
INFO     [2025-01-12 11:23:45] --- current time step: 6 (frenet_interface.py:257)
INFO     [2025-01-12 11:23:45] --- current velocity: 6.836315847367764 (frenet_interface.py:258)
INFO     [2025-01-12 11:23:45] --- current target velocity: 7.990752088664672 (frenet_interface.py:259)
INFO     [2025-01-12 11:23:47] --- Sampled interval of velocity: 0.00 m/s - 12.59 m/s (planner.py:310)
INFO     [2025-01-12 11:23:47] --- current time step: 7 (frenet_interface.py:280)
INFO     [2025-01-12 11:23:47] --- current velocity: 6.366501043623159 (frenet_interface.py:281)
INFO     [2025-01-12 11:23:47] --- current target velocity: 7.99731775309309 (frenet_interface.py:282)
INFO     [2025-01-12 11:23:48] --- Sampled interval of velocity: 0.00 m/s - 12.12 m/s (planner.py:310)
INFO     [2025-01-12 11:23:48] --- current time step: 8 (frenet_interface.py:280)
INFO     [2025-01-12 11:23:48] --- current velocity: 5.880000070825131 (frenet_interface.py:281)
INFO     [2025-01-12 11:23:48] --- current target velocity: 8.007203366990062 (frenet_interface.py:282)
INFO     [2025-01-12 11:23:49] --- Sampled interval of velocity: 0.00 m/s - 11.63 m/s (planner.py:310)
INFO     [2025-01-12 11:23:49] --- select trajectory 101 (reactive_planner_cpp.py:382)
INFO     [2025-01-12 11:23:49] --- current time step: 9 (frenet_interface.py:257)
INFO     [2025-01-12 11:23:49] --- current velocity: 5.574594132626913 (frenet_interface.py:258)
INFO     [2025-01-12 11:23:49] --- current target velocity: 8.020654891951605 (frenet_interface.py:259)
INFO     [2025-01-12 11:23:51] --- Sampled interval of velocity: 0.00 m/s - 11.32 m/s (planner.py:310)
INFO     [2025-01-12 11:23:51] --- current time step: 10 (frenet_interface.py:280)
INFO     [2025-01-12 11:23:51] --- current velocity: 5.166533674350443 (frenet_interface.py:281)
INFO     [2025-01-12 11:23:51] --- current target velocity: 8.03708401717629 (frenet_interface.py:282)
INFO     [2025-01-12 11:23:51] --- Sampled interval of velocity: 0.00 m/s - 10.92 m/s (planner.py:310)
INFO     [2025-01-12 11:23:51] --- current time step: 11 (frenet_interface.py:280)
INFO     [2025-01-12 11:23:51] --- current velocity: 4.683576847478315 (frenet_interface.py:281)
INFO     [2025-01-12 11:23:51] --- current target velocity: 8.056353026762135 (frenet_interface.py:282)
INFO     [2025-01-12 11:23:52] --- Sampled interval of velocity: 0.00 m/s - 10.43 m/s (planner.py:310)
INFO     [2025-01-12 11:23:52] --- select trajectory 496 (reactive_planner_cpp.py:382)
INFO     [2025-01-12 11:23:52] --- current time step: 12 (frenet_interface.py:257)
INFO     [2025-01-12 11:23:52] --- current velocity: 4.394948513921765 (frenet_interface.py:258)
INFO     [2025-01-12 11:23:52] --- current target velocity: 8.079172103847588 (frenet_interface.py:259)
INFO     [2025-01-12 11:23:55] --- Sampled interval of velocity: 0.00 m/s - 10.14 m/s (planner.py:310)
INFO     [2025-01-12 11:23:55] --- current time step: 13 (frenet_interface.py:280)
INFO     [2025-01-12 11:23:55] --- current velocity: 4.0486518618909315 (frenet_interface.py:281)
INFO     [2025-01-12 11:23:55] --- current target velocity: 8.105161638066686 (frenet_interface.py:282)
INFO     [2025-01-12 11:23:55] --- Sampled interval of velocity: 0.00 m/s - 9.80 m/s (planner.py:310)
INFO     [2025-01-12 11:23:55] --- current time step: 14 (frenet_interface.py:280)
INFO     [2025-01-12 11:23:55] --- current velocity: 3.6573408016510975 (frenet_interface.py:281)
INFO     [2025-01-12 11:23:55] --- current target velocity: 8.13389558678108 (frenet_interface.py:282)
INFO     [2025-01-12 11:23:56] --- Sampled interval of velocity: 0.00 m/s - 9.41 m/s (planner.py:310)
INFO     [2025-01-12 11:23:56] --- select trajectory 111 (reactive_planner_cpp.py:382)
INFO     [2025-01-12 11:23:56] --- current time step: 15 (frenet_interface.py:257)
INFO     [2025-01-12 11:23:56] --- current velocity: 3.4576958206803257 (frenet_interface.py:258)
INFO     [2025-01-12 11:23:56] --- current target velocity: 8.1658185377552 (frenet_interface.py:259)
INFO     [2025-01-12 11:23:59] --- Sampled interval of velocity: 0.00 m/s - 9.21 m/s (planner.py:310)
INFO     [2025-01-12 11:23:59] --- current time step: 16 (frenet_interface.py:280)
INFO     [2025-01-12 11:23:59] --- current velocity: 3.2694329953737675 (frenet_interface.py:281)
INFO     [2025-01-12 11:23:59] --- current target velocity: 8.200474041532642 (frenet_interface.py:282)
INFO     [2025-01-12 11:23:59] --- Sampled interval of velocity: 0.00 m/s - 9.02 m/s (planner.py:310)
INFO     [2025-01-12 11:23:59] --- current time step: 17 (frenet_interface.py:280)
INFO     [2025-01-12 11:23:59] --- current velocity: 3.094160312987231 (frenet_interface.py:281)
INFO     [2025-01-12 11:23:59] --- current target velocity: 8.237124992524237 (frenet_interface.py:282)
INFO     [2025-01-12 11:24:00] --- Sampled interval of velocity: 0.00 m/s - 8.84 m/s (planner.py:310)
INFO     [2025-01-12 11:24:00] --- select trajectory 111 (reactive_planner_cpp.py:382)
INFO     [2025-01-12 11:24:00] --- current time step: 18 (frenet_interface.py:257)
INFO     [2025-01-12 11:24:00] --- current velocity: 3.004087927959254 (frenet_interface.py:258)
INFO     [2025-01-12 11:24:00] --- current target velocity: 8.094160312987231 (frenet_interface.py:259)
INFO     [2025-01-12 11:24:03] --- Sampled interval of velocity: 0.00 m/s - 8.75 m/s (planner.py:310)
INFO     [2025-01-12 11:24:03] --- current time step: 19 (frenet_interface.py:280)
INFO     [2025-01-12 11:24:03] --- current velocity: 2.904634873956392 (frenet_interface.py:281)
INFO     [2025-01-12 11:24:03] --- current target velocity: 8.004087927959255 (frenet_interface.py:282)
INFO     [2025-01-12 11:24:03] --- Sampled interval of velocity: 0.00 m/s - 8.65 m/s (planner.py:310)
INFO     [2025-01-12 11:24:03] --- current time step: 20 (frenet_interface.py:280)
INFO     [2025-01-12 11:24:03] --- current velocity: 2.799585295901523 (frenet_interface.py:281)
INFO     [2025-01-12 11:24:03] --- current target velocity: 7.904634873956391 (frenet_interface.py:282)
INFO     [2025-01-12 11:24:04] --- Sampled interval of velocity: 0.00 m/s - 8.55 m/s (planner.py:310)
INFO     [2025-01-12 11:24:04] --- select trajectory 111 (reactive_planner_cpp.py:382)
INFO     [2025-01-12 11:24:04] --- current time step: 21 (frenet_interface.py:257)
INFO     [2025-01-12 11:24:04] --- current velocity: 2.740135824871177 (frenet_interface.py:258)
INFO     [2025-01-12 11:24:04] --- current target velocity: 7.799585295901522 (frenet_interface.py:259)
INFO     [2025-01-12 11:24:06] --- Sampled interval of velocity: 0.00 m/s - 8.49 m/s (planner.py:310)
INFO     [2025-01-12 11:24:06] --- current time step: 22 (frenet_interface.py:280)
INFO     [2025-01-12 11:24:06] --- current velocity: 2.670587814107163 (frenet_interface.py:281)
INFO     [2025-01-12 11:24:06] --- current target velocity: 7.740135824871177 (frenet_interface.py:282)
INFO     [2025-01-12 11:24:07] --- Sampled interval of velocity: 0.00 m/s - 8.42 m/s (planner.py:310)
INFO     [2025-01-12 11:24:07] --- current time step: 23 (frenet_interface.py:280)
INFO     [2025-01-12 11:24:07] --- current velocity: 2.594262050453767 (frenet_interface.py:281)
INFO     [2025-01-12 11:24:07] --- current target velocity: 7.670587814107163 (frenet_interface.py:282)
INFO     [2025-01-12 11:24:08] --- Sampled interval of velocity: 0.00 m/s - 8.34 m/s (planner.py:310)
INFO     [2025-01-12 11:24:08] --- select trajectory 701 (reactive_planner_cpp.py:382)
INFO     [2025-01-12 11:24:08] --- current time step: 24 (frenet_interface.py:257)
INFO     [2025-01-12 11:24:08] --- current velocity: 2.552481780050281 (frenet_interface.py:258)
INFO     [2025-01-12 11:24:08] --- current target velocity: 7.594262050453767 (frenet_interface.py:259)
INFO     [2025-01-12 11:24:09] --- Sampled interval of velocity: 0.00 m/s - 8.30 m/s (planner.py:310)
INFO     [2025-01-12 11:24:09] --- current time step: 25 (frenet_interface.py:280)
INFO     [2025-01-12 11:24:09] --- current velocity: 2.506033392031137 (frenet_interface.py:281)
INFO     [2025-01-12 11:24:09] --- current target velocity: 7.552481780050281 (frenet_interface.py:282)
INFO     [2025-01-12 11:24:10] --- Sampled interval of velocity: 0.00 m/s - 8.26 m/s (planner.py:310)
INFO     [2025-01-12 11:24:10] --- current time step: 26 (frenet_interface.py:280)
INFO     [2025-01-12 11:24:10] --- current velocity: 2.455343894684852 (frenet_interface.py:281)
INFO     [2025-01-12 11:24:10] --- current target velocity: 7.506033392031137 (frenet_interface.py:282)
INFO     [2025-01-12 11:24:11] --- Sampled interval of velocity: 0.00 m/s - 8.21 m/s (planner.py:310)
INFO     [2025-01-12 11:24:11] --- select trajectory 586 (reactive_planner_cpp.py:382)
INFO     [2025-01-12 11:24:11] --- current time step: 27 (frenet_interface.py:257)
INFO     [2025-01-12 11:24:11] --- current velocity: 2.430996830447752 (frenet_interface.py:258)
INFO     [2025-01-12 11:24:11] --- current target velocity: 7.455343894684852 (frenet_interface.py:259)
INFO     [2025-01-12 11:24:13] --- Sampled interval of velocity: 0.00 m/s - 8.18 m/s (planner.py:310)
INFO     [2025-01-12 11:24:13] --- current time step: 28 (frenet_interface.py:280)
INFO     [2025-01-12 11:24:13] --- current velocity: 2.410467438787067 (frenet_interface.py:281)
INFO     [2025-01-12 11:24:13] --- current target velocity: 7.430996830447752 (frenet_interface.py:282)
INFO     [2025-01-12 11:24:14] --- Sampled interval of velocity: 0.00 m/s - 8.16 m/s (planner.py:310)
INFO     [2025-01-12 11:24:14] --- current time step: 29 (frenet_interface.py:280)
INFO     [2025-01-12 11:24:14] --- current velocity: 2.393521975197537 (frenet_interface.py:281)
INFO     [2025-01-12 11:24:14] --- current target velocity: 7.410467438787067 (frenet_interface.py:282)
INFO     [2025-01-12 11:24:15] --- Sampled interval of velocity: 0.00 m/s - 8.14 m/s (planner.py:310)
INFO     [2025-01-12 11:24:15] --- select trajectory 491 (reactive_planner_cpp.py:382)
INFO     [2025-01-12 11:24:15] --- current time step: 30 (frenet_interface.py:257)
INFO     [2025-01-12 11:24:15] --- current velocity: 2.352079064070616 (frenet_interface.py:258)
INFO     [2025-01-12 11:24:15] --- current target velocity: 7.393521975197537 (frenet_interface.py:259)
INFO     [2025-01-12 11:24:17] --- Sampled interval of velocity: 0.00 m/s - 8.10 m/s (planner.py:310)
INFO     [2025-01-12 11:24:17] --- current time step: 31 (frenet_interface.py:280)
INFO     [2025-01-12 11:24:17] --- current velocity: 2.249801395872646 (frenet_interface.py:281)
INFO     [2025-01-12 11:24:17] --- current target velocity: 7.352079064070616 (frenet_interface.py:282)
INFO     [2025-01-12 11:24:17] --- Sampled interval of velocity: 0.00 m/s - 8.00 m/s (planner.py:310)
INFO     [2025-01-12 11:24:17] --- current time step: 32 (frenet_interface.py:280)
INFO     [2025-01-12 11:24:17] --- current velocity: 2.0969187160015017 (frenet_interface.py:281)
INFO     [2025-01-12 11:24:17] --- current target velocity: 7.249801395872646 (frenet_interface.py:282)
INFO     [2025-01-12 11:24:19] --- Sampled interval of velocity: 0.00 m/s - 7.85 m/s (planner.py:310)
INFO     [2025-01-12 11:24:19] --- select trajectory 780 (reactive_planner_cpp.py:382)
INFO     [2025-01-12 11:24:19] --- current time step: 33 (frenet_interface.py:257)
INFO     [2025-01-12 11:24:19] --- current velocity: 2.015267434554473 (frenet_interface.py:258)
INFO     [2025-01-12 11:24:19] --- current target velocity: 7.096918716001502 (frenet_interface.py:259)
INFO     [2025-01-12 11:24:21] --- Sampled interval of velocity: 0.00 m/s - 7.77 m/s (planner.py:310)
INFO     [2025-01-12 11:24:21] --- current time step: 34 (frenet_interface.py:280)
INFO     [2025-01-12 11:24:21] --- current velocity: 1.9448271279833413 (frenet_interface.py:281)
INFO     [2025-01-12 11:24:21] --- current target velocity: 7.015267434554473 (frenet_interface.py:282)
INFO     [2025-01-12 11:24:21] --- Sampled interval of velocity: 0.00 m/s - 7.69 m/s (planner.py:310)
INFO     [2025-01-12 11:24:21] --- current time step: 35 (frenet_interface.py:280)
INFO     [2025-01-12 11:24:21] --- current velocity: 1.8853463499567482 (frenet_interface.py:281)
INFO     [2025-01-12 11:24:21] --- current target velocity: 6.944827127983341 (frenet_interface.py:282)
INFO     [2025-01-12 11:24:22] --- Sampled interval of velocity: 0.00 m/s - 7.64 m/s (planner.py:310)
INFO     [2025-01-12 11:24:22] --- select trajectory 739 (reactive_planner_cpp.py:382)
INFO     [2025-01-12 11:24:22] --- current time step: 36 (frenet_interface.py:257)
INFO     [2025-01-12 11:24:22] --- current velocity: 1.872546983817303 (frenet_interface.py:258)
INFO     [2025-01-12 11:24:22] --- current target velocity: 6.885346349956748 (frenet_interface.py:259)
