CRITICAL [2025-01-12 11:43:14] --- Start Planner Vehicle ID: 3514 (frenet_interface.py:67)
INFO     [2025-01-12 11:43:15] --- Sampled interval of velocity: 0.00 m/s - 13.00 m/s (planner.py:310)
INFO     [2025-01-12 11:43:15] --- select trajectory 331 (reactive_planner_cpp.py:382)
INFO     [2025-01-12 11:43:15] --- current time step: 0 (frenet_interface.py:257)
INFO     [2025-01-12 11:43:15] --- current velocity: 7.244382962792475 (frenet_interface.py:258)
INFO     [2025-01-12 11:43:15] --- current target velocity: 8.811463635803324 (frenet_interface.py:259)
INFO     [2025-01-12 11:43:16] --- Sampled interval of velocity: 0.00 m/s - 12.99 m/s (planner.py:310)
INFO     [2025-01-12 11:43:16] --- current time step: 1 (frenet_interface.py:280)
INFO     [2025-01-12 11:43:16] --- current velocity: 7.232535656291343 (frenet_interface.py:281)
INFO     [2025-01-12 11:43:16] --- current target velocity: 8.822032710426184 (frenet_interface.py:282)
INFO     [2025-01-12 11:43:16] --- Sampled interval of velocity: 0.00 m/s - 12.98 m/s (planner.py:310)
INFO     [2025-01-12 11:43:16] --- current time step: 2 (frenet_interface.py:280)
INFO     [2025-01-12 11:43:16] --- current velocity: 7.213732190590178 (frenet_interface.py:281)
INFO     [2025-01-12 11:43:16] --- current target velocity: 8.832799626268287 (frenet_interface.py:282)
INFO     [2025-01-12 11:43:17] --- Sampled interval of velocity: 0.00 m/s - 12.96 m/s (planner.py:310)
INFO     [2025-01-12 11:43:17] --- select trajectory 111 (reactive_planner_cpp.py:382)
INFO     [2025-01-12 11:43:17] --- current time step: 3 (frenet_interface.py:257)
INFO     [2025-01-12 11:43:17] --- current velocity: 7.112143149731311 (frenet_interface.py:258)
INFO     [2025-01-12 11:43:17] --- current target velocity: 8.843819184866655 (frenet_interface.py:259)
INFO     [2025-01-12 11:43:18] --- Sampled interval of velocity: 0.00 m/s - 12.86 m/s (planner.py:310)
INFO     [2025-01-12 11:43:18] --- current time step: 4 (frenet_interface.py:280)
INFO     [2025-01-12 11:43:18] --- current velocity: 6.852887334792632 (frenet_interface.py:281)
INFO     [2025-01-12 11:43:18] --- current target velocity: 8.855309156679802 (frenet_interface.py:282)
INFO     [2025-01-12 11:43:18] --- Sampled interval of velocity: 0.00 m/s - 12.60 m/s (planner.py:310)
INFO     [2025-01-12 11:43:18] --- current time step: 5 (frenet_interface.py:280)
INFO     [2025-01-12 11:43:18] --- current velocity: 6.47120572107288 (frenet_interface.py:281)
INFO     [2025-01-12 11:43:18] --- current target velocity: 8.868232514230314 (frenet_interface.py:282)
INFO     [2025-01-12 11:43:19] --- Sampled interval of velocity: 0.00 m/s - 12.22 m/s (planner.py:310)
INFO     [2025-01-12 11:43:19] --- select trajectory 111 (reactive_planner_cpp.py:382)
INFO     [2025-01-12 11:43:19] --- current time step: 6 (frenet_interface.py:257)
INFO     [2025-01-12 11:43:19] --- current velocity: 6.213520092531239 (frenet_interface.py:258)
INFO     [2025-01-12 11:43:19] --- current target velocity: 8.883598768999441 (frenet_interface.py:259)
INFO     [2025-01-12 11:43:20] --- Sampled interval of velocity: 0.00 m/s - 11.96 m/s (planner.py:310)
INFO     [2025-01-12 11:43:20] --- current time step: 7 (frenet_interface.py:280)
INFO     [2025-01-12 11:43:20] --- current velocity: 5.884966710900256 (frenet_interface.py:281)
INFO     [2025-01-12 11:43:20] --- current target velocity: 8.901447218025277 (frenet_interface.py:282)
INFO     [2025-01-12 11:43:21] --- Sampled interval of velocity: 0.00 m/s - 11.63 m/s (planner.py:310)
INFO     [2025-01-12 11:43:21] --- current time step: 8 (frenet_interface.py:280)
INFO     [2025-01-12 11:43:21] --- current velocity: 5.505642272169323 (frenet_interface.py:281)
INFO     [2025-01-12 11:43:21] --- current target velocity: 8.92163983214404 (frenet_interface.py:282)
INFO     [2025-01-12 11:43:21] --- Sampled interval of velocity: 0.00 m/s - 11.26 m/s (planner.py:310)
INFO     [2025-01-12 11:43:21] --- select trajectory 201 (reactive_planner_cpp.py:382)
INFO     [2025-01-12 11:43:21] --- current time step: 9 (frenet_interface.py:257)
INFO     [2025-01-12 11:43:21] --- current velocity: 5.296332046740156 (frenet_interface.py:258)
INFO     [2025-01-12 11:43:21] --- current target velocity: 8.944661099694693 (frenet_interface.py:259)
INFO     [2025-01-12 11:43:22] --- Sampled interval of velocity: 0.00 m/s - 11.05 m/s (planner.py:310)
INFO     [2025-01-12 11:43:22] --- current time step: 10 (frenet_interface.py:280)
INFO     [2025-01-12 11:43:22] --- current velocity: 5.0685131565778185 (frenet_interface.py:281)
INFO     [2025-01-12 11:43:22] --- current target velocity: 8.970143338667972 (frenet_interface.py:282)
INFO     [2025-01-12 11:43:23] --- Sampled interval of velocity: 0.00 m/s - 10.82 m/s (planner.py:310)
INFO     [2025-01-12 11:43:23] --- current time step: 11 (frenet_interface.py:280)
INFO     [2025-01-12 11:43:23] --- current velocity: 4.825352514271094 (frenet_interface.py:281)
INFO     [2025-01-12 11:43:23] --- current target velocity: 8.9975805485277 (frenet_interface.py:282)
INFO     [2025-01-12 11:43:23] --- Sampled interval of velocity: 0.00 m/s - 10.58 m/s (planner.py:310)
INFO     [2025-01-12 11:43:23] --- select trajectory 266 (reactive_planner_cpp.py:382)
INFO     [2025-01-12 11:43:23] --- current time step: 12 (frenet_interface.py:257)
INFO     [2025-01-12 11:43:23] --- current velocity: 4.735161113470596 (frenet_interface.py:258)
INFO     [2025-01-12 11:43:23] --- current target velocity: 9.027139074371668 (frenet_interface.py:259)
INFO     [2025-01-12 11:43:24] --- Sampled interval of velocity: 0.00 m/s - 10.49 m/s (planner.py:310)
INFO     [2025-01-12 11:43:24] --- current time step: 13 (frenet_interface.py:280)
INFO     [2025-01-12 11:43:24] --- current velocity: 4.7100113136832835 (frenet_interface.py:281)
INFO     [2025-01-12 11:43:24] --- current target velocity: 9.058408095076958 (frenet_interface.py:282)
INFO     [2025-01-12 11:43:25] --- Sampled interval of velocity: 0.00 m/s - 10.46 m/s (planner.py:310)
INFO     [2025-01-12 11:43:25] --- current time step: 14 (frenet_interface.py:280)
INFO     [2025-01-12 11:43:25] --- current velocity: 4.743369912782074 (frenet_interface.py:281)
INFO     [2025-01-12 11:43:25] --- current target velocity: 9.090563496072775 (frenet_interface.py:282)
INFO     [2025-01-12 11:43:25] --- Sampled interval of velocity: 0.00 m/s - 10.49 m/s (planner.py:310)
INFO     [2025-01-12 11:43:25] --- select trajectory 101 (reactive_planner_cpp.py:382)
INFO     [2025-01-12 11:43:25] --- current time step: 15 (frenet_interface.py:257)
INFO     [2025-01-12 11:43:25] --- current velocity: 4.68843649204185 (frenet_interface.py:258)
INFO     [2025-01-12 11:43:25] --- current target velocity: 9.123164120225072 (frenet_interface.py:259)
INFO     [2025-01-12 11:43:27] --- Sampled interval of velocity: 0.00 m/s - 10.44 m/s (planner.py:310)
INFO     [2025-01-12 11:43:27] --- current time step: 16 (frenet_interface.py:280)
INFO     [2025-01-12 11:43:27] --- current velocity: 4.484819437559754 (frenet_interface.py:281)
INFO     [2025-01-12 11:43:27] --- current target velocity: 9.156198146739909 (frenet_interface.py:282)
INFO     [2025-01-12 11:43:27] --- Sampled interval of velocity: 0.00 m/s - 10.23 m/s (planner.py:310)
INFO     [2025-01-12 11:43:27] --- current time step: 17 (frenet_interface.py:280)
INFO     [2025-01-12 11:43:27] --- current velocity: 4.164951518794954 (frenet_interface.py:281)
INFO     [2025-01-12 11:43:27] --- current target velocity: 9.190732506228374 (frenet_interface.py:282)
INFO     [2025-01-12 11:43:28] --- Sampled interval of velocity: 0.00 m/s - 9.91 m/s (planner.py:310)
INFO     [2025-01-12 11:43:28] --- select trajectory 111 (reactive_planner_cpp.py:382)
INFO     [2025-01-12 11:43:28] --- current time step: 18 (frenet_interface.py:257)
INFO     [2025-01-12 11:43:28] --- current velocity: 3.9739658169328935 (frenet_interface.py:258)
INFO     [2025-01-12 11:43:28] --- current target velocity: 9.164951518794954 (frenet_interface.py:259)
INFO     [2025-01-12 11:43:30] --- Sampled interval of velocity: 0.00 m/s - 9.72 m/s (planner.py:310)
INFO     [2025-01-12 11:43:30] --- current time step: 19 (frenet_interface.py:280)
INFO     [2025-01-12 11:43:30] --- current velocity: 3.772256741959949 (frenet_interface.py:281)
INFO     [2025-01-12 11:43:30] --- current target velocity: 8.973965816932893 (frenet_interface.py:282)
INFO     [2025-01-12 11:43:30] --- Sampled interval of velocity: 0.00 m/s - 9.52 m/s (planner.py:310)
INFO     [2025-01-12 11:43:30] --- current time step: 20 (frenet_interface.py:280)
INFO     [2025-01-12 11:43:30] --- current velocity: 3.5659163340445272 (frenet_interface.py:281)
INFO     [2025-01-12 11:43:30] --- current target velocity: 8.77225674195995 (frenet_interface.py:282)
INFO     [2025-01-12 11:43:31] --- Sampled interval of velocity: 0.00 m/s - 9.32 m/s (planner.py:310)
INFO     [2025-01-12 11:43:31] --- select trajectory 761 (reactive_planner_cpp.py:382)
INFO     [2025-01-12 11:43:31] --- current time step: 21 (frenet_interface.py:257)
INFO     [2025-01-12 11:43:31] --- current velocity: 3.4693762415874616 (frenet_interface.py:258)
INFO     [2025-01-12 11:43:31] --- current target velocity: 8.565916334044527 (frenet_interface.py:259)
INFO     [2025-01-12 11:43:32] --- Sampled interval of velocity: 0.00 m/s - 9.22 m/s (planner.py:310)
INFO     [2025-01-12 11:43:32] --- current time step: 22 (frenet_interface.py:280)
INFO     [2025-01-12 11:43:32] --- current velocity: 3.385922833697237 (frenet_interface.py:281)
INFO     [2025-01-12 11:43:32] --- current target velocity: 8.469376241587462 (frenet_interface.py:282)
INFO     [2025-01-12 11:43:33] --- Sampled interval of velocity: 0.00 m/s - 9.14 m/s (planner.py:310)
INFO     [2025-01-12 11:43:33] --- current time step: 23 (frenet_interface.py:280)
INFO     [2025-01-12 11:43:33] --- current velocity: 3.3148675290422 (frenet_interface.py:281)
INFO     [2025-01-12 11:43:33] --- current target velocity: 8.385922833697236 (frenet_interface.py:282)
INFO     [2025-01-12 11:43:33] --- Sampled interval of velocity: 0.00 m/s - 9.06 m/s (planner.py:310)
INFO     [2025-01-12 11:43:33] --- select trajectory 41 (reactive_planner_cpp.py:382)
INFO     [2025-01-12 11:43:33] --- current time step: 24 (frenet_interface.py:257)
INFO     [2025-01-12 11:43:33] --- current velocity: 3.309489330212274 (frenet_interface.py:258)
INFO     [2025-01-12 11:43:33] --- current target velocity: 8.3148675290422 (frenet_interface.py:259)
INFO     [2025-01-12 11:43:34] --- Sampled interval of velocity: 0.00 m/s - 9.06 m/s (planner.py:310)
INFO     [2025-01-12 11:43:34] --- current time step: 25 (frenet_interface.py:280)
INFO     [2025-01-12 11:43:34] --- current velocity: 3.3541607401685134 (frenet_interface.py:281)
INFO     [2025-01-12 11:43:34] --- current target velocity: 8.309489330212275 (frenet_interface.py:282)
INFO     [2025-01-12 11:43:35] --- Sampled interval of velocity: 0.00 m/s - 9.10 m/s (planner.py:310)
INFO     [2025-01-12 11:43:35] --- current time step: 26 (frenet_interface.py:280)
INFO     [2025-01-12 11:43:35] --- current velocity: 3.4424636893629965 (frenet_interface.py:281)
INFO     [2025-01-12 11:43:35] --- current target velocity: 8.354160740168513 (frenet_interface.py:282)
INFO     [2025-01-12 11:43:35] --- Sampled interval of velocity: 0.00 m/s - 9.19 m/s (planner.py:310)
INFO     [2025-01-12 11:43:35] --- select trajectory 51 (reactive_planner_cpp.py:382)
INFO     [2025-01-12 11:43:35] --- current time step: 27 (frenet_interface.py:257)
INFO     [2025-01-12 11:43:35] --- current velocity: 3.524718239703447 (frenet_interface.py:258)
INFO     [2025-01-12 11:43:35] --- current target velocity: 8.442463689362997 (frenet_interface.py:259)
INFO     [2025-01-12 11:43:37] --- Sampled interval of velocity: 0.00 m/s - 9.27 m/s (planner.py:310)
INFO     [2025-01-12 11:43:37] --- current time step: 28 (frenet_interface.py:280)
INFO     [2025-01-12 11:43:37] --- current velocity: 3.658628404413829 (frenet_interface.py:281)
INFO     [2025-01-12 11:43:37] --- current target velocity: 8.524718239703446 (frenet_interface.py:282)
INFO     [2025-01-12 11:43:37] --- Sampled interval of velocity: 0.00 m/s - 9.41 m/s (planner.py:310)
INFO     [2025-01-12 11:43:37] --- current time step: 29 (frenet_interface.py:280)
INFO     [2025-01-12 11:43:37] --- current velocity: 3.8368828090019615 (frenet_interface.py:281)
INFO     [2025-01-12 11:43:37] --- current target velocity: 8.658628404413829 (frenet_interface.py:282)
INFO     [2025-01-12 11:43:38] --- Sampled interval of velocity: 0.00 m/s - 9.59 m/s (planner.py:310)
INFO     [2025-01-12 11:43:38] --- select trajectory 61 (reactive_planner_cpp.py:382)
INFO     [2025-01-12 11:43:38] --- current time step: 30 (frenet_interface.py:257)
INFO     [2025-01-12 11:43:38] --- current velocity: 3.9580186197417815 (frenet_interface.py:258)
INFO     [2025-01-12 11:43:38] --- current target velocity: 8.836882809001962 (frenet_interface.py:259)
INFO     [2025-01-12 11:43:39] --- Sampled interval of velocity: 0.00 m/s - 9.71 m/s (planner.py:310)
INFO     [2025-01-12 11:43:39] --- current time step: 31 (frenet_interface.py:280)
INFO     [2025-01-12 11:43:39] --- current velocity: 4.119348383048166 (frenet_interface.py:281)
INFO     [2025-01-12 11:43:39] --- current target velocity: 8.958018619741782 (frenet_interface.py:282)
INFO     [2025-01-12 11:43:40] --- Sampled interval of velocity: 0.00 m/s - 9.87 m/s (planner.py:310)
INFO     [2025-01-12 11:43:40] --- current time step: 32 (frenet_interface.py:280)
INFO     [2025-01-12 11:43:40] --- current velocity: 4.3147364146799365 (frenet_interface.py:281)
INFO     [2025-01-12 11:43:40] --- current target velocity: 9.119348383048166 (frenet_interface.py:282)
INFO     [2025-01-12 11:43:40] --- Sampled interval of velocity: 0.00 m/s - 10.06 m/s (planner.py:310)
INFO     [2025-01-12 11:43:40] --- select trajectory 661 (reactive_planner_cpp.py:382)
INFO     [2025-01-12 11:43:40] --- current time step: 33 (frenet_interface.py:257)
INFO     [2025-01-12 11:43:40] --- current velocity: 4.424062745159125 (frenet_interface.py:258)
INFO     [2025-01-12 11:43:40] --- current target velocity: 9.314736414679937 (frenet_interface.py:259)
INFO     [2025-01-12 11:43:42] --- Sampled interval of velocity: 0.00 m/s - 10.17 m/s (planner.py:310)
INFO     [2025-01-12 11:43:42] --- current time step: 34 (frenet_interface.py:280)
INFO     [2025-01-12 11:43:42] --- current velocity: 4.541113155067126 (frenet_interface.py:281)
INFO     [2025-01-12 11:43:42] --- current target velocity: 9.424062745159125 (frenet_interface.py:282)
INFO     [2025-01-12 11:43:42] --- Sampled interval of velocity: 0.00 m/s - 10.29 m/s (planner.py:310)
INFO     [2025-01-12 11:43:42] --- current time step: 35 (frenet_interface.py:280)
INFO     [2025-01-12 11:43:42] --- current velocity: 4.665046548617102 (frenet_interface.py:281)
INFO     [2025-01-12 11:43:42] --- current target velocity: 9.541113155067126 (frenet_interface.py:282)
INFO     [2025-01-12 11:43:43] --- Sampled interval of velocity: 0.00 m/s - 10.42 m/s (planner.py:310)
INFO     [2025-01-12 11:43:43] --- select trajectory 151 (reactive_planner_cpp.py:382)
INFO     [2025-01-12 11:43:43] --- current time step: 36 (frenet_interface.py:257)
INFO     [2025-01-12 11:43:43] --- current velocity: 4.760529431124603 (frenet_interface.py:258)
INFO     [2025-01-12 11:43:43] --- current target velocity: 9.665046548617102 (frenet_interface.py:259)
INFO     [2025-01-12 11:43:45] --- Sampled interval of velocity: 0.00 m/s - 10.51 m/s (planner.py:310)
INFO     [2025-01-12 11:43:45] --- current time step: 37 (frenet_interface.py:280)
INFO     [2025-01-12 11:43:45] --- current velocity: 4.9108977696850165 (frenet_interface.py:281)
INFO     [2025-01-12 11:43:45] --- current target velocity: 9.760529431124603 (frenet_interface.py:282)
INFO     [2025-01-12 11:43:45] --- Sampled interval of velocity: 0.00 m/s - 10.66 m/s (planner.py:310)
INFO     [2025-01-12 11:43:45] --- current time step: 38 (frenet_interface.py:280)
INFO     [2025-01-12 11:43:45] --- current velocity: 5.102671589222051 (frenet_interface.py:281)
INFO     [2025-01-12 11:43:45] --- current target velocity: 9.910897769685016 (frenet_interface.py:282)
INFO     [2025-01-12 11:43:46] --- Sampled interval of velocity: 0.00 m/s - 10.85 m/s (planner.py:310)
INFO     [2025-01-12 11:43:46] --- select trajectory 561 (reactive_planner_cpp.py:382)
INFO     [2025-01-12 11:43:46] --- current time step: 39 (frenet_interface.py:257)
INFO     [2025-01-12 11:43:46] --- current velocity: 5.211952009400967 (frenet_interface.py:258)
INFO     [2025-01-12 11:43:46] --- current target velocity: 10.102671589222052 (frenet_interface.py:259)
INFO     [2025-01-12 11:43:47] --- Sampled interval of velocity: 0.00 m/s - 10.96 m/s (planner.py:310)
INFO     [2025-01-12 11:43:47] --- current time step: 40 (frenet_interface.py:280)
INFO     [2025-01-12 11:43:47] --- current velocity: 5.331039939427184 (frenet_interface.py:281)
INFO     [2025-01-12 11:43:47] --- current target velocity: 10.211952009400967 (frenet_interface.py:282)
INFO     [2025-01-12 11:43:47] --- Sampled interval of velocity: 0.00 m/s - 11.08 m/s (planner.py:310)
INFO     [2025-01-12 11:43:47] --- current time step: 41 (frenet_interface.py:280)
INFO     [2025-01-12 11:43:47] --- current velocity: 5.45878461890156 (frenet_interface.py:281)
INFO     [2025-01-12 11:43:47] --- current target velocity: 10.328963230331059 (frenet_interface.py:282)
INFO     [2025-01-12 11:43:48] --- Sampled interval of velocity: 0.00 m/s - 11.21 m/s (planner.py:310)
INFO     [2025-01-12 11:43:48] --- select trajectory 151 (reactive_planner_cpp.py:382)
INFO     [2025-01-12 11:43:48] --- current time step: 42 (frenet_interface.py:257)
INFO     [2025-01-12 11:43:48] --- current velocity: 5.549236200005496 (frenet_interface.py:258)
INFO     [2025-01-12 11:43:48] --- current target velocity: 10.375082024515985 (frenet_interface.py:259)
INFO     [2025-01-12 11:43:50] --- Sampled interval of velocity: 0.00 m/s - 11.30 m/s (planner.py:310)
INFO     [2025-01-12 11:43:50] --- current time step: 43 (frenet_interface.py:280)
INFO     [2025-01-12 11:43:50] --- current velocity: 5.681775621477859 (frenet_interface.py:281)
INFO     [2025-01-12 11:43:50] --- current target velocity: 10.421072724166052 (frenet_interface.py:282)
INFO     [2025-01-12 11:43:51] --- Sampled interval of velocity: 0.00 m/s - 11.43 m/s (planner.py:310)
INFO     [2025-01-12 11:43:51] --- current time step: 44 (frenet_interface.py:280)
INFO     [2025-01-12 11:43:51] --- current velocity: 5.8457195380702505 (frenet_interface.py:281)
INFO     [2025-01-12 11:43:51] --- current target velocity: 10.466869128201647 (frenet_interface.py:282)
INFO     [2025-01-12 11:43:51] --- Sampled interval of velocity: 0.00 m/s - 11.60 m/s (planner.py:310)
INFO     [2025-01-12 11:43:51] --- select trajectory 261 (reactive_planner_cpp.py:382)
INFO     [2025-01-12 11:43:51] --- current time step: 45 (frenet_interface.py:257)
INFO     [2025-01-12 11:43:51] --- current velocity: 5.945851198746841 (frenet_interface.py:258)
INFO     [2025-01-12 11:43:51] --- current target velocity: 10.512112298898298 (frenet_interface.py:259)
INFO     [2025-01-12 11:43:54] --- Sampled interval of velocity: 0.00 m/s - 11.70 m/s (planner.py:310)
INFO     [2025-01-12 11:43:54] --- current time step: 46 (frenet_interface.py:280)
INFO     [2025-01-12 11:43:54] --- current velocity: 6.0681877704620835 (frenet_interface.py:281)
INFO     [2025-01-12 11:43:54] --- current target velocity: 10.556950154834835 (frenet_interface.py:282)
