CRITICAL [2025-01-12 11:28:10] --- Start Planner Vehicle ID: 30920 (frenet_interface.py:67)
INFO     [2025-01-12 11:28:10] --- Sampled interval of velocity: 0.00 m/s - 17.73 m/s (planner.py:310)
INFO     [2025-01-12 11:28:10] --- select trajectory 121 (reactive_planner_cpp.py:382)
INFO     [2025-01-12 11:28:10] --- current time step: 0 (frenet_interface.py:257)
INFO     [2025-01-12 11:28:10] --- current velocity: 11.852852500086557 (frenet_interface.py:258)
INFO     [2025-01-12 11:28:10] --- current target velocity: 6.9769000000000005 (frenet_interface.py:259)
INFO     [2025-01-12 11:28:11] --- Sampled interval of velocity: 0.00 m/s - 17.60 m/s (planner.py:310)
INFO     [2025-01-12 11:28:11] --- current time step: 1 (frenet_interface.py:280)
INFO     [2025-01-12 11:28:11] --- current velocity: 11.512755220175453 (frenet_interface.py:281)
INFO     [2025-01-12 11:28:11] --- current target velocity: 6.852852500086557 (frenet_interface.py:282)
INFO     [2025-01-12 11:28:11] --- Sampled interval of velocity: 0.00 m/s - 17.26 m/s (planner.py:310)
INFO     [2025-01-12 11:28:11] --- current time step: 2 (frenet_interface.py:280)
INFO     [2025-01-12 11:28:11] --- current velocity: 11.004608248840054 (frenet_interface.py:281)
INFO     [2025-01-12 11:28:11] --- current target velocity: 6.512755220175453 (frenet_interface.py:282)
INFO     [2025-01-12 11:28:11] --- Sampled interval of velocity: 0.00 m/s - 16.75 m/s (planner.py:310)
INFO     [2025-01-12 11:28:11] --- select trajectory 121 (reactive_planner_cpp.py:382)
INFO     [2025-01-12 11:28:11] --- current time step: 3 (frenet_interface.py:257)
INFO     [2025-01-12 11:28:11] --- current velocity: 10.656711621272292 (frenet_interface.py:258)
INFO     [2025-01-12 11:28:11] --- current target velocity: 6.004608248840054 (frenet_interface.py:259)
INFO     [2025-01-12 11:28:12] --- Sampled interval of velocity: 0.00 m/s - 16.41 m/s (planner.py:310)
INFO     [2025-01-12 11:28:12] --- current time step: 4 (frenet_interface.py:280)
INFO     [2025-01-12 11:28:12] --- current velocity: 10.207586386938742 (frenet_interface.py:281)
INFO     [2025-01-12 11:28:12] --- current target velocity: 5.656711621272292 (frenet_interface.py:282)
INFO     [2025-01-12 11:28:12] --- Sampled interval of velocity: 0.00 m/s - 15.96 m/s (planner.py:310)
INFO     [2025-01-12 11:28:12] --- current time step: 5 (frenet_interface.py:280)
INFO     [2025-01-12 11:28:12] --- current velocity: 9.685498515775679 (frenet_interface.py:281)
INFO     [2025-01-12 11:28:12] --- current target velocity: 5.2075863869387415 (frenet_interface.py:282)
INFO     [2025-01-12 11:28:12] --- Sampled interval of velocity: 0.00 m/s - 15.44 m/s (planner.py:310)
INFO     [2025-01-12 11:28:12] --- select trajectory 111 (reactive_planner_cpp.py:382)
INFO     [2025-01-12 11:28:12] --- current time step: 6 (frenet_interface.py:257)
INFO     [2025-01-12 11:28:12] --- current velocity: 9.322797155977625 (frenet_interface.py:258)
INFO     [2025-01-12 11:28:12] --- current target velocity: 4.685498515775679 (frenet_interface.py:259)
INFO     [2025-01-12 11:28:13] --- Sampled interval of velocity: 0.00 m/s - 15.07 m/s (planner.py:310)
INFO     [2025-01-12 11:28:13] --- current time step: 7 (frenet_interface.py:280)
INFO     [2025-01-12 11:28:13] --- current velocity: 8.810079627602764 (frenet_interface.py:281)
INFO     [2025-01-12 11:28:13] --- current target velocity: 4.418076217062041 (frenet_interface.py:282)
INFO     [2025-01-12 11:28:13] --- Sampled interval of velocity: 0.00 m/s - 14.56 m/s (planner.py:310)
INFO     [2025-01-12 11:28:13] --- current time step: 8 (frenet_interface.py:280)
INFO     [2025-01-12 11:28:13] --- current velocity: 8.186289385541114 (frenet_interface.py:281)
INFO     [2025-01-12 11:28:13] --- current target velocity: 4.3850346692915805 (frenet_interface.py:282)
INFO     [2025-01-12 11:28:13] --- Sampled interval of velocity: 0.00 m/s - 13.94 m/s (planner.py:310)
INFO     [2025-01-12 11:28:13] --- select trajectory 411 (reactive_planner_cpp.py:382)
INFO     [2025-01-12 11:28:13] --- current time step: 9 (frenet_interface.py:257)
INFO     [2025-01-12 11:28:13] --- current velocity: 7.83054169710936 (frenet_interface.py:258)
INFO     [2025-01-12 11:28:13] --- current target velocity: 4.355603073149952 (frenet_interface.py:259)
INFO     [2025-01-12 11:28:14] --- Sampled interval of velocity: 0.00 m/s - 13.58 m/s (planner.py:310)
INFO     [2025-01-12 11:28:14] --- current time step: 10 (frenet_interface.py:280)
INFO     [2025-01-12 11:28:14] --- current velocity: 7.436389465247195 (frenet_interface.py:281)
INFO     [2025-01-12 11:28:14] --- current target velocity: 4.329301152528142 (frenet_interface.py:282)
INFO     [2025-01-12 11:28:14] --- Sampled interval of velocity: 0.00 m/s - 13.19 m/s (planner.py:310)
INFO     [2025-01-12 11:28:14] --- current time step: 11 (frenet_interface.py:280)
INFO     [2025-01-12 11:28:14] --- current velocity: 7.014123336096335 (frenet_interface.py:281)
INFO     [2025-01-12 11:28:14] --- current target velocity: 4.3053420071620945 (frenet_interface.py:282)
INFO     [2025-01-12 11:28:15] --- Sampled interval of velocity: 0.00 m/s - 12.76 m/s (planner.py:310)
INFO     [2025-01-12 11:28:15] --- select trajectory 121 (reactive_planner_cpp.py:382)
INFO     [2025-01-12 11:28:15] --- current time step: 12 (frenet_interface.py:257)
INFO     [2025-01-12 11:28:15] --- current velocity: 6.7832897415341185 (frenet_interface.py:258)
INFO     [2025-01-12 11:28:15] --- current target velocity: 4.284018976820678 (frenet_interface.py:259)
INFO     [2025-01-12 11:28:15] --- Sampled interval of velocity: 0.00 m/s - 12.53 m/s (planner.py:310)
INFO     [2025-01-12 11:28:15] --- current time step: 13 (frenet_interface.py:280)
INFO     [2025-01-12 11:28:15] --- current velocity: 6.530053991965895 (frenet_interface.py:281)
INFO     [2025-01-12 11:28:15] --- current target velocity: 4.264780001578043 (frenet_interface.py:282)
INFO     [2025-01-12 11:28:16] --- Sampled interval of velocity: 0.00 m/s - 12.28 m/s (planner.py:310)
INFO     [2025-01-12 11:28:16] --- current time step: 14 (frenet_interface.py:280)
INFO     [2025-01-12 11:28:16] --- current velocity: 6.263820127586952 (frenet_interface.py:281)
INFO     [2025-01-12 11:28:16] --- current target velocity: 4.2470533228611265 (frenet_interface.py:282)
INFO     [2025-01-12 11:28:16] --- Sampled interval of velocity: 0.00 m/s - 12.01 m/s (planner.py:310)
INFO     [2025-01-12 11:28:16] --- select trajectory 121 (reactive_planner_cpp.py:382)
INFO     [2025-01-12 11:28:16] --- current time step: 15 (frenet_interface.py:257)
INFO     [2025-01-12 11:28:16] --- current velocity: 6.111451017768049 (frenet_interface.py:258)
INFO     [2025-01-12 11:28:16] --- current target velocity: 4.23100493859697 (frenet_interface.py:259)
INFO     [2025-01-12 11:28:16] --- Sampled interval of velocity: 0.00 m/s - 11.86 m/s (planner.py:310)
INFO     [2025-01-12 11:28:16] --- current time step: 16 (frenet_interface.py:280)
INFO     [2025-01-12 11:28:16] --- current velocity: 5.930139265349687 (frenet_interface.py:281)
INFO     [2025-01-12 11:28:16] --- current target velocity: 4.216272298943264 (frenet_interface.py:282)
INFO     [2025-01-12 11:28:17] --- Sampled interval of velocity: 0.00 m/s - 11.68 m/s (planner.py:310)
INFO     [2025-01-12 11:28:17] --- current time step: 17 (frenet_interface.py:280)
INFO     [2025-01-12 11:28:17] --- current velocity: 5.7290254948335475 (frenet_interface.py:281)
INFO     [2025-01-12 11:28:17] --- current target velocity: 4.202585911705825 (frenet_interface.py:282)
INFO     [2025-01-12 11:28:17] --- Sampled interval of velocity: 0.00 m/s - 11.48 m/s (planner.py:310)
INFO     [2025-01-12 11:28:17] --- select trajectory 121 (reactive_planner_cpp.py:382)
INFO     [2025-01-12 11:28:17] --- current time step: 18 (frenet_interface.py:257)
INFO     [2025-01-12 11:28:17] --- current velocity: 5.609953307402864 (frenet_interface.py:258)
INFO     [2025-01-12 11:28:17] --- current target velocity: 4.190156174504328 (frenet_interface.py:259)
INFO     [2025-01-12 11:28:18] --- Sampled interval of velocity: 0.00 m/s - 11.36 m/s (planner.py:310)
INFO     [2025-01-12 11:28:18] --- current time step: 19 (frenet_interface.py:280)
INFO     [2025-01-12 11:28:18] --- current velocity: 5.465776471402603 (frenet_interface.py:281)
INFO     [2025-01-12 11:28:18] --- current target velocity: 4.178758231029536 (frenet_interface.py:282)
INFO     [2025-01-12 11:28:18] --- Sampled interval of velocity: 0.00 m/s - 11.22 m/s (planner.py:310)
INFO     [2025-01-12 11:28:18] --- current time step: 20 (frenet_interface.py:280)
INFO     [2025-01-12 11:28:18] --- current velocity: 5.304164722045097 (frenet_interface.py:281)
INFO     [2025-01-12 11:28:18] --- current target velocity: 4.168209210679865 (frenet_interface.py:282)
INFO     [2025-01-12 11:28:18] --- Sampled interval of velocity: 0.00 m/s - 11.05 m/s (planner.py:310)
INFO     [2025-01-12 11:28:18] --- select trajectory 121 (reactive_planner_cpp.py:382)
INFO     [2025-01-12 11:28:18] --- current time step: 21 (frenet_interface.py:257)
INFO     [2025-01-12 11:28:18] --- current velocity: 5.207873031199836 (frenet_interface.py:258)
INFO     [2025-01-12 11:28:18] --- current target velocity: 4.158695113592823 (frenet_interface.py:259)
INFO     [2025-01-12 11:28:19] --- Sampled interval of velocity: 0.00 m/s - 10.96 m/s (planner.py:310)
INFO     [2025-01-12 11:28:19] --- current time step: 22 (frenet_interface.py:280)
INFO     [2025-01-12 11:28:19] --- current velocity: 5.090928002748991 (frenet_interface.py:281)
INFO     [2025-01-12 11:28:19] --- current target velocity: 4.1500400385998475 (frenet_interface.py:282)
INFO     [2025-01-12 11:28:19] --- Sampled interval of velocity: 0.00 m/s - 10.84 m/s (planner.py:310)
INFO     [2025-01-12 11:28:19] --- current time step: 23 (frenet_interface.py:280)
INFO     [2025-01-12 11:28:19] --- current velocity: 4.959614993295601 (frenet_interface.py:281)
INFO     [2025-01-12 11:28:19] --- current target velocity: 4.142097989643959 (frenet_interface.py:282)
INFO     [2025-01-12 11:28:19] --- Sampled interval of velocity: 0.00 m/s - 10.71 m/s (planner.py:310)
INFO     [2025-01-12 11:28:19] --- select trajectory 121 (reactive_planner_cpp.py:382)
INFO     [2025-01-12 11:28:19] --- current time step: 24 (frenet_interface.py:257)
INFO     [2025-01-12 11:28:19] --- current velocity: 4.881280217890454 (frenet_interface.py:258)
INFO     [2025-01-12 11:28:19] --- current target velocity: 4.135026066667682 (frenet_interface.py:259)
INFO     [2025-01-12 11:28:20] --- Sampled interval of velocity: 0.00 m/s - 10.63 m/s (planner.py:310)
INFO     [2025-01-12 11:28:20] --- current time step: 25 (frenet_interface.py:280)
INFO     [2025-01-12 11:28:20] --- current velocity: 4.786106731909124 (frenet_interface.py:281)
INFO     [2025-01-12 11:28:20] --- current target velocity: 4.1286798399840325 (frenet_interface.py:282)
INFO     [2025-01-12 11:28:20] --- Sampled interval of velocity: 0.00 m/s - 10.54 m/s (planner.py:310)
INFO     [2025-01-12 11:28:20] --- current time step: 26 (frenet_interface.py:280)
INFO     [2025-01-12 11:28:20] --- current velocity: 4.679216523978808 (frenet_interface.py:281)
INFO     [2025-01-12 11:28:20] --- current target velocity: 4.122939042559354 (frenet_interface.py:282)
INFO     [2025-01-12 11:28:20] --- Sampled interval of velocity: 0.00 m/s - 10.43 m/s (planner.py:310)
INFO     [2025-01-12 11:28:20] --- select trajectory 721 (reactive_planner_cpp.py:382)
INFO     [2025-01-12 11:28:20] --- current time step: 27 (frenet_interface.py:257)
INFO     [2025-01-12 11:28:20] --- current velocity: 4.624820289019215 (frenet_interface.py:258)
INFO     [2025-01-12 11:28:20] --- current target velocity: 4.117935556652968 (frenet_interface.py:259)
INFO     [2025-01-12 11:28:21] --- Sampled interval of velocity: 0.00 m/s - 10.37 m/s (planner.py:310)
INFO     [2025-01-12 11:28:21] --- current time step: 28 (frenet_interface.py:280)
INFO     [2025-01-12 11:28:21] --- current velocity: 4.572679833433775 (frenet_interface.py:281)
INFO     [2025-01-12 11:28:21] --- current target velocity: 4.113523495877914 (frenet_interface.py:282)
INFO     [2025-01-12 11:28:21] --- Sampled interval of velocity: 0.00 m/s - 10.32 m/s (planner.py:310)
INFO     [2025-01-12 11:28:21] --- current time step: 29 (frenet_interface.py:280)
INFO     [2025-01-12 11:28:21] --- current velocity: 4.522769148059772 (frenet_interface.py:281)
INFO     [2025-01-12 11:28:21] --- current target velocity: 4.1094815733922765 (frenet_interface.py:282)
INFO     [2025-01-12 11:28:21] --- Sampled interval of velocity: 0.00 m/s - 10.27 m/s (planner.py:310)
INFO     [2025-01-12 11:28:21] --- select trajectory 151 (reactive_planner_cpp.py:382)
INFO     [2025-01-12 11:28:21] --- current time step: 30 (frenet_interface.py:257)
INFO     [2025-01-12 11:28:21] --- current velocity: 4.546799851016524 (frenet_interface.py:258)
INFO     [2025-01-12 11:28:21] --- current target velocity: 4.105800293429051 (frenet_interface.py:259)
INFO     [2025-01-12 11:28:22] --- Sampled interval of velocity: 0.00 m/s - 10.30 m/s (planner.py:310)
INFO     [2025-01-12 11:28:22] --- current time step: 31 (frenet_interface.py:280)
INFO     [2025-01-12 11:28:22] --- current velocity: 4.655504954970034 (frenet_interface.py:281)
INFO     [2025-01-12 11:28:22] --- current target velocity: 4.10223082015626 (frenet_interface.py:282)
INFO     [2025-01-12 11:28:22] --- Sampled interval of velocity: 0.00 m/s - 10.41 m/s (planner.py:310)
INFO     [2025-01-12 11:28:22] --- current time step: 32 (frenet_interface.py:280)
INFO     [2025-01-12 11:28:22] --- current velocity: 4.830562421420639 (frenet_interface.py:281)
INFO     [2025-01-12 11:28:22] --- current target velocity: 4.0980199202385545 (frenet_interface.py:282)
INFO     [2025-01-12 11:28:23] --- Sampled interval of velocity: 0.00 m/s - 10.58 m/s (planner.py:310)
INFO     [2025-01-12 11:28:23] --- select trajectory 121 (reactive_planner_cpp.py:382)
INFO     [2025-01-12 11:28:23] --- current time step: 33 (frenet_interface.py:257)
INFO     [2025-01-12 11:28:23] --- current velocity: 4.894006406696364 (frenet_interface.py:258)
INFO     [2025-01-12 11:28:23] --- current target velocity: 4.092500091983873 (frenet_interface.py:259)
INFO     [2025-01-12 11:28:24] --- Sampled interval of velocity: 0.00 m/s - 10.64 m/s (planner.py:310)
INFO     [2025-01-12 11:28:24] --- current time step: 34 (frenet_interface.py:280)
INFO     [2025-01-12 11:28:24] --- current velocity: 4.890731358577877 (frenet_interface.py:281)
INFO     [2025-01-12 11:28:24] --- current target velocity: 4.0857528957012335 (frenet_interface.py:282)
INFO     [2025-01-12 11:28:24] --- Sampled interval of velocity: 0.00 m/s - 10.64 m/s (planner.py:310)
INFO     [2025-01-12 11:28:24] --- current time step: 35 (frenet_interface.py:280)
INFO     [2025-01-12 11:28:24] --- current velocity: 4.8335197163770935 (frenet_interface.py:281)
INFO     [2025-01-12 11:28:24] --- current target velocity: 4.0786328283824345 (frenet_interface.py:282)
INFO     [2025-01-12 11:28:25] --- Sampled interval of velocity: 0.00 m/s - 10.58 m/s (planner.py:310)
INFO     [2025-01-12 11:28:25] --- select trajectory 121 (reactive_planner_cpp.py:382)
INFO     [2025-01-12 11:28:25] --- current time step: 36 (frenet_interface.py:257)
INFO     [2025-01-12 11:28:25] --- current velocity: 4.78037399673074 (frenet_interface.py:258)
INFO     [2025-01-12 11:28:25] --- current target velocity: 4.071663878925159 (frenet_interface.py:259)
INFO     [2025-01-12 11:28:25] --- Sampled interval of velocity: 0.00 m/s - 10.53 m/s (planner.py:310)
INFO     [2025-01-12 11:28:25] --- current time step: 37 (frenet_interface.py:280)
INFO     [2025-01-12 11:28:25] --- current velocity: 4.704719097692296 (frenet_interface.py:281)
INFO     [2025-01-12 11:28:25] --- current target velocity: 4.065079684346439 (frenet_interface.py:282)
INFO     [2025-01-12 11:28:26] --- Sampled interval of velocity: 0.00 m/s - 10.45 m/s (planner.py:310)
INFO     [2025-01-12 11:28:26] --- current time step: 38 (frenet_interface.py:280)
INFO     [2025-01-12 11:28:26] --- current velocity: 4.6123649570259495 (frenet_interface.py:281)
INFO     [2025-01-12 11:28:26] --- current target velocity: 4.05896145634475 (frenet_interface.py:282)
INFO     [2025-01-12 11:28:26] --- Sampled interval of velocity: 0.00 m/s - 10.36 m/s (planner.py:310)
INFO     [2025-01-12 11:28:26] --- select trajectory 721 (reactive_planner_cpp.py:382)
INFO     [2025-01-12 11:28:26] --- current time step: 39 (frenet_interface.py:257)
INFO     [2025-01-12 11:28:26] --- current velocity: 4.563854829006494 (frenet_interface.py:258)
INFO     [2025-01-12 11:28:26] --- current target velocity: 4.053500111197965 (frenet_interface.py:259)
INFO     [2025-01-12 11:28:27] --- Sampled interval of velocity: 0.00 m/s - 10.31 m/s (planner.py:310)
INFO     [2025-01-12 11:28:27] --- current time step: 40 (frenet_interface.py:280)
INFO     [2025-01-12 11:28:27] --- current velocity: 4.5170838502983806 (frenet_interface.py:281)
INFO     [2025-01-12 11:28:27] --- current target velocity: 4.048596641070136 (frenet_interface.py:282)
INFO     [2025-01-12 11:28:28] --- Sampled interval of velocity: 0.00 m/s - 10.27 m/s (planner.py:310)
INFO     [2025-01-12 11:28:28] --- current time step: 41 (frenet_interface.py:280)
INFO     [2025-01-12 11:28:28] --- current velocity: 4.472045863793033 (frenet_interface.py:281)
INFO     [2025-01-12 11:28:28] --- current target velocity: 4.044043514150307 (frenet_interface.py:282)
INFO     [2025-01-12 11:28:28] --- Sampled interval of velocity: 0.00 m/s - 10.22 m/s (planner.py:310)
INFO     [2025-01-12 11:28:28] --- select trajectory 161 (reactive_planner_cpp.py:382)
INFO     [2025-01-12 11:28:28] --- current time step: 42 (frenet_interface.py:257)
INFO     [2025-01-12 11:28:28] --- current velocity: 4.52820324508368 (frenet_interface.py:258)
INFO     [2025-01-12 11:28:28] --- current target velocity: 4.0398343316385095 (frenet_interface.py:259)
INFO     [2025-01-12 11:28:29] --- Sampled interval of velocity: 0.00 m/s - 10.28 m/s (planner.py:310)
INFO     [2025-01-12 11:28:29] --- current time step: 43 (frenet_interface.py:280)
INFO     [2025-01-12 11:28:29] --- current velocity: 4.720911599233584 (frenet_interface.py:281)
INFO     [2025-01-12 11:28:29] --- current target velocity: 4.035611071696926 (frenet_interface.py:282)
INFO     [2025-01-12 11:28:29] --- Sampled interval of velocity: 0.00 m/s - 10.47 m/s (planner.py:310)
INFO     [2025-01-12 11:28:29] --- current time step: 44 (frenet_interface.py:280)
INFO     [2025-01-12 11:28:29] --- current velocity: 5.020271228030722 (frenet_interface.py:281)
INFO     [2025-01-12 11:28:29] --- current target velocity: 4.030098615613538 (frenet_interface.py:282)
INFO     [2025-01-12 11:28:29] --- Sampled interval of velocity: 0.00 m/s - 10.77 m/s (planner.py:310)
WARNING  [2025-01-12 11:28:29] --- No optimal trajectory available. Select stopping trajectory! (reactive_planner_cpp.py:407)
INFO     [2025-01-12 11:28:29] --- current time step: 45 (frenet_interface.py:257)
INFO     [2025-01-12 11:28:29] --- current velocity: 5.0449891186834135 (frenet_interface.py:258)
INFO     [2025-01-12 11:28:29] --- current target velocity: 4.02209052906198 (frenet_interface.py:259)
INFO     [2025-01-12 11:28:31] --- Sampled interval of velocity: 0.00 m/s - 10.79 m/s (planner.py:310)
INFO     [2025-01-12 11:28:31] --- current time step: 46 (frenet_interface.py:280)
INFO     [2025-01-12 11:28:31] --- current velocity: 4.812252699299303 (frenet_interface.py:281)
INFO     [2025-01-12 11:28:31] --- current target velocity: 4.012049555210739 (frenet_interface.py:282)
INFO     [2025-01-12 11:28:31] --- Sampled interval of velocity: 0.00 m/s - 10.56 m/s (planner.py:310)
INFO     [2025-01-12 11:28:31] --- current time step: 47 (frenet_interface.py:280)
INFO     [2025-01-12 11:28:31] --- current velocity: 4.375813672171732 (frenet_interface.py:281)
INFO     [2025-01-12 11:28:31] --- current target velocity: 4.002875318563901 (frenet_interface.py:282)
INFO     [2025-01-12 11:28:32] --- Sampled interval of velocity: 0.00 m/s - 10.13 m/s (planner.py:310)
WARNING  [2025-01-12 11:28:32] --- No optimal trajectory available. Select stopping trajectory! (reactive_planner_cpp.py:407)
INFO     [2025-01-12 11:28:32] --- current time step: 48 (frenet_interface.py:257)
INFO     [2025-01-12 11:28:32] --- current velocity: 4.058889679450966 (frenet_interface.py:258)
INFO     [2025-01-12 11:28:32] --- current target velocity: 3.996876498214362 (frenet_interface.py:259)
INFO     [2025-01-12 11:28:33] --- Sampled interval of velocity: 0.00 m/s - 9.81 m/s (planner.py:310)
INFO     [2025-01-12 11:28:33] --- current time step: 49 (frenet_interface.py:280)
INFO     [2025-01-12 11:28:33] --- current velocity: 3.646186876818541 (frenet_interface.py:281)
INFO     [2025-01-12 11:28:33] --- current target velocity: 3.994580978590707 (frenet_interface.py:282)
INFO     [2025-01-12 11:28:33] --- Sampled interval of velocity: 0.00 m/s - 9.40 m/s (planner.py:310)
INFO     [2025-01-12 11:28:33] --- current time step: 50 (frenet_interface.py:280)
INFO     [2025-01-12 11:28:33] --- current velocity: 3.1642459575572683 (frenet_interface.py:281)
INFO     [2025-01-12 11:28:33] --- current target velocity: 3.995946389049657 (frenet_interface.py:282)
