CRITICAL [2025-02-01 15:26:04] --- Simulating Scenario: BEL_Antwerp-1_14_T-1n (simulation.py:88)
CRITICAL [2025-02-01 15:26:05] --- Start Planner Vehicle ID: 30758 (frenet_interface.py:67)
CRITICAL [2025-02-01 15:26:07] --- Scenario BEL_Antwerp-1_14_T-1 in timestep 0 (simulation.py:686)
INFO     [2025-02-01 15:26:07] --- Sampled interval of velocity: 0.00 m/s - 13.43 m/s (planner.py:310)
INFO     [2025-02-01 15:26:07] --- select trajectory 101 (reactive_planner_cpp.py:382)
INFO     [2025-02-01 15:26:07] --- current time step: 0 (frenet_interface.py:257)
INFO     [2025-02-01 15:26:07] --- current velocity: 7.54186955531536 (frenet_interface.py:258)
INFO     [2025-02-01 15:26:07] --- current target velocity: 8.380289790262385 (frenet_interface.py:259)
CRITICAL [2025-02-01 15:26:09] --- Scenario BEL_Antwerp-1_14_T-1 in timestep 1 (simulation.py:686)
INFO     [2025-02-01 15:26:09] --- Sampled interval of velocity: 0.00 m/s - 13.29 m/s (planner.py:310)
INFO     [2025-02-01 15:26:09] --- current time step: 1 (frenet_interface.py:280)
INFO     [2025-02-01 15:26:09] --- current velocity: 7.170084427286572 (frenet_interface.py:281)
INFO     [2025-02-01 15:26:09] --- current target velocity: 8.387622799845374 (frenet_interface.py:282)
CRITICAL [2025-02-01 15:26:10] --- Scenario BEL_Antwerp-1_14_T-1 in timestep 2 (simulation.py:686)
INFO     [2025-02-01 15:26:10] --- Sampled interval of velocity: 0.00 m/s - 12.92 m/s (planner.py:310)
INFO     [2025-02-01 15:26:10] --- current time step: 2 (frenet_interface.py:280)
INFO     [2025-02-01 15:26:10] --- current velocity: 6.608898916191613 (frenet_interface.py:281)
INFO     [2025-02-01 15:26:10] --- current target velocity: 8.397711229055375 (frenet_interface.py:282)
CRITICAL [2025-02-01 15:26:11] --- Scenario BEL_Antwerp-1_14_T-1 in timestep 3 (simulation.py:686)
INFO     [2025-02-01 15:26:11] --- Sampled interval of velocity: 0.00 m/s - 12.36 m/s (planner.py:310)
INFO     [2025-02-01 15:26:11] --- select trajectory 101 (reactive_planner_cpp.py:382)
INFO     [2025-02-01 15:26:11] --- current time step: 3 (frenet_interface.py:257)
INFO     [2025-02-01 15:26:11] --- current velocity: 6.229533283033697 (frenet_interface.py:258)
INFO     [2025-02-01 15:26:11] --- current target velocity: 8.412967445877511 (frenet_interface.py:259)
CRITICAL [2025-02-01 15:26:13] --- Scenario BEL_Antwerp-1_14_T-1 in timestep 4 (simulation.py:686)
INFO     [2025-02-01 15:26:13] --- Sampled interval of velocity: 0.00 m/s - 11.98 m/s (planner.py:310)
INFO     [2025-02-01 15:26:13] --- current time step: 4 (frenet_interface.py:280)
INFO     [2025-02-01 15:26:13] --- current velocity: 5.744776522678492 (frenet_interface.py:281)
INFO     [2025-02-01 15:26:13] --- current target velocity: 8.433617084297593 (frenet_interface.py:282)
CRITICAL [2025-02-01 15:26:14] --- Scenario BEL_Antwerp-1_14_T-1 in timestep 5 (simulation.py:686)
INFO     [2025-02-01 15:26:14] --- Sampled interval of velocity: 0.00 m/s - 11.49 m/s (planner.py:310)
INFO     [2025-02-01 15:26:14] --- current time step: 5 (frenet_interface.py:280)
INFO     [2025-02-01 15:26:14] --- current velocity: 5.183900837009961 (frenet_interface.py:281)
INFO     [2025-02-01 15:26:14] --- current target velocity: 8.459400772738725 (frenet_interface.py:282)
CRITICAL [2025-02-01 15:26:15] --- Scenario BEL_Antwerp-1_14_T-1 in timestep 6 (simulation.py:686)
INFO     [2025-02-01 15:26:16] --- Sampled interval of velocity: 0.00 m/s - 10.93 m/s (planner.py:310)
INFO     [2025-02-01 15:26:16] --- select trajectory 615 (reactive_planner_cpp.py:382)
INFO     [2025-02-01 15:26:16] --- current time step: 6 (frenet_interface.py:257)
INFO     [2025-02-01 15:26:16] --- current velocity: 4.901041557230114 (frenet_interface.py:258)
INFO     [2025-02-01 15:26:16] --- current target velocity: 8.491448898634891 (frenet_interface.py:259)
CRITICAL [2025-02-01 15:26:18] --- Scenario BEL_Antwerp-1_14_T-1 in timestep 7 (simulation.py:686)
INFO     [2025-02-01 15:26:18] --- Sampled interval of velocity: 0.00 m/s - 10.65 m/s (planner.py:310)
INFO     [2025-02-01 15:26:18] --- current time step: 7 (frenet_interface.py:280)
INFO     [2025-02-01 15:26:18] --- current velocity: 4.6387630691191415 (frenet_interface.py:281)
INFO     [2025-02-01 15:26:18] --- current target velocity: 8.528894445447794 (frenet_interface.py:282)
CRITICAL [2025-02-01 15:26:19] --- Scenario BEL_Antwerp-1_14_T-1 in timestep 8 (simulation.py:686)
INFO     [2025-02-01 15:26:19] --- Sampled interval of velocity: 0.00 m/s - 10.39 m/s (planner.py:310)
INFO     [2025-02-01 15:26:19] --- current time step: 8 (frenet_interface.py:280)
INFO     [2025-02-01 15:26:19] --- current velocity: 4.39965241893701 (frenet_interface.py:281)
INFO     [2025-02-01 15:26:19] --- current target velocity: 8.57017227464182 (frenet_interface.py:282)
CRITICAL [2025-02-01 15:26:20] --- Scenario BEL_Antwerp-1_14_T-1 in timestep 9 (simulation.py:686)
INFO     [2025-02-01 15:26:20] --- Sampled interval of velocity: 0.00 m/s - 10.15 m/s (planner.py:310)
WARNING  [2025-02-01 15:26:21] --- No optimal trajectory available. Select stopping trajectory! (reactive_planner_cpp.py:407)
INFO     [2025-02-01 15:26:21] --- current time step: 9 (frenet_interface.py:257)
INFO     [2025-02-01 15:26:21] --- current velocity: 4.254566882003239 (frenet_interface.py:258)
INFO     [2025-02-01 15:26:21] --- current target velocity: 8.61516527357376 (frenet_interface.py:259)
CRITICAL [2025-02-01 15:26:23] --- Scenario BEL_Antwerp-1_14_T-1 in timestep 10 (simulation.py:686)
INFO     [2025-02-01 15:26:23] --- Sampled interval of velocity: 0.00 m/s - 10.00 m/s (planner.py:310)
INFO     [2025-02-01 15:26:23] --- current time step: 10 (frenet_interface.py:280)
INFO     [2025-02-01 15:26:23] --- current velocity: 4.054632315114303 (frenet_interface.py:281)
INFO     [2025-02-01 15:26:23] --- current target velocity: 8.663264912298834 (frenet_interface.py:282)
CRITICAL [2025-02-01 15:26:24] --- Scenario BEL_Antwerp-1_14_T-1 in timestep 11 (simulation.py:686)
INFO     [2025-02-01 15:26:24] --- Sampled interval of velocity: 0.00 m/s - 9.80 m/s (planner.py:310)
INFO     [2025-02-01 15:26:24] --- current time step: 11 (frenet_interface.py:280)
INFO     [2025-02-01 15:26:24] --- current velocity: 3.8114833723808785 (frenet_interface.py:281)
INFO     [2025-02-01 15:26:24] --- current target velocity: 8.714415882327863 (frenet_interface.py:282)
CRITICAL [2025-02-01 15:26:24] --- Scenario BEL_Antwerp-1_14_T-1 in timestep 12 (simulation.py:686)
CRITICAL [2025-02-01 15:26:26] --- Simulation completed (simulation.py:516)
