CRITICAL [2025-01-12 11:33:29] --- Start Planner Vehicle ID: 20038 (frenet_interface.py:67)
INFO     [2025-01-12 11:33:30] --- Sampled interval of velocity: 0.00 m/s - 16.37 m/s (planner.py:310)
INFO     [2025-01-12 11:33:31] --- select trajectory 121 (reactive_planner_cpp.py:382)
INFO     [2025-01-12 11:33:31] --- current time step: 0 (frenet_interface.py:257)
INFO     [2025-01-12 11:33:31] --- current velocity: 10.445050859730848 (frenet_interface.py:258)
INFO     [2025-01-12 11:33:31] --- current target velocity: 5.6182 (frenet_interface.py:259)
INFO     [2025-01-12 11:33:33] --- Sampled interval of velocity: 0.00 m/s - 16.20 m/s (planner.py:310)
INFO     [2025-01-12 11:33:33] --- current time step: 1 (frenet_interface.py:280)
INFO     [2025-01-12 11:33:33] --- current velocity: 10.116314833945381 (frenet_interface.py:281)
INFO     [2025-01-12 11:33:33] --- current target velocity: 5.4450508597308485 (frenet_interface.py:282)
INFO     [2025-01-12 11:33:35] --- Sampled interval of velocity: 0.00 m/s - 15.87 m/s (planner.py:310)
INFO     [2025-01-12 11:33:35] --- current time step: 2 (frenet_interface.py:280)
INFO     [2025-01-12 11:33:35] --- current velocity: 9.66824901336153 (frenet_interface.py:281)
INFO     [2025-01-12 11:33:35] --- current target velocity: 5.116314833945381 (frenet_interface.py:282)
INFO     [2025-01-12 11:33:37] --- Sampled interval of velocity: 0.00 m/s - 15.42 m/s (planner.py:310)
INFO     [2025-01-12 11:33:37] --- select trajectory 111 (reactive_planner_cpp.py:382)
INFO     [2025-01-12 11:33:37] --- current time step: 3 (frenet_interface.py:257)
INFO     [2025-01-12 11:33:37] --- current velocity: 9.328049312710355 (frenet_interface.py:258)
INFO     [2025-01-12 11:33:37] --- current target velocity: 4.66824901336153 (frenet_interface.py:259)
INFO     [2025-01-12 11:33:41] --- Sampled interval of velocity: 0.00 m/s - 15.08 m/s (planner.py:310)
INFO     [2025-01-12 11:33:41] --- current time step: 4 (frenet_interface.py:280)
INFO     [2025-01-12 11:33:41] --- current velocity: 8.829841516830616 (frenet_interface.py:281)
INFO     [2025-01-12 11:33:41] --- current target velocity: 4.328049312710355 (frenet_interface.py:282)
INFO     [2025-01-12 11:33:42] --- Sampled interval of velocity: 0.00 m/s - 14.58 m/s (planner.py:310)
INFO     [2025-01-12 11:33:42] --- current time step: 5 (frenet_interface.py:280)
INFO     [2025-01-12 11:33:42] --- current velocity: 8.213745051478336 (frenet_interface.py:281)
INFO     [2025-01-12 11:33:42] --- current target velocity: 3.8298415168306157 (frenet_interface.py:282)
INFO     [2025-01-12 11:33:43] --- Sampled interval of velocity: 0.00 m/s - 13.96 m/s (planner.py:310)
INFO     [2025-01-12 11:33:43] --- select trajectory 111 (reactive_planner_cpp.py:382)
INFO     [2025-01-12 11:33:43] --- current time step: 6 (frenet_interface.py:257)
INFO     [2025-01-12 11:33:43] --- current velocity: 7.830348331456413 (frenet_interface.py:258)
INFO     [2025-01-12 11:33:43] --- current target velocity: 3.2137450514783357 (frenet_interface.py:259)
INFO     [2025-01-12 11:33:46] --- Sampled interval of velocity: 0.00 m/s - 13.58 m/s (planner.py:310)
INFO     [2025-01-12 11:33:46] --- current time step: 7 (frenet_interface.py:280)
INFO     [2025-01-12 11:33:46] --- current velocity: 7.359271195353973 (frenet_interface.py:281)
INFO     [2025-01-12 11:33:46] --- current target velocity: 2.8303483314564133 (frenet_interface.py:282)
INFO     [2025-01-12 11:33:48] --- Sampled interval of velocity: 0.00 m/s - 13.11 m/s (planner.py:310)
INFO     [2025-01-12 11:33:48] --- current time step: 8 (frenet_interface.py:280)
INFO     [2025-01-12 11:33:48] --- current velocity: 6.82668169165072 (frenet_interface.py:281)
INFO     [2025-01-12 11:33:48] --- current target velocity: 2.3592711953539727 (frenet_interface.py:282)
INFO     [2025-01-12 11:33:50] --- Sampled interval of velocity: 0.00 m/s - 12.58 m/s (planner.py:310)
INFO     [2025-01-12 11:33:50] --- select trajectory 101 (reactive_planner_cpp.py:382)
INFO     [2025-01-12 11:33:50] --- current time step: 9 (frenet_interface.py:257)
INFO     [2025-01-12 11:33:50] --- current velocity: 6.475135471845775 (frenet_interface.py:258)
INFO     [2025-01-12 11:33:50] --- current target velocity: 1.8266816916507196 (frenet_interface.py:259)
INFO     [2025-01-12 11:33:52] --- Sampled interval of velocity: 0.00 m/s - 12.23 m/s (planner.py:310)
INFO     [2025-01-12 11:33:52] --- current time step: 10 (frenet_interface.py:280)
INFO     [2025-01-12 11:33:52] --- current velocity: 5.997530084423984 (frenet_interface.py:281)
INFO     [2025-01-12 11:33:52] --- current target velocity: 1.5143904206547325 (frenet_interface.py:282)
INFO     [2025-01-12 11:33:54] --- Sampled interval of velocity: 0.00 m/s - 11.75 m/s (planner.py:310)
INFO     [2025-01-12 11:33:54] --- current time step: 11 (frenet_interface.py:280)
INFO     [2025-01-12 11:33:54] --- current velocity: 5.42748093038232 (frenet_interface.py:281)
INFO     [2025-01-12 11:33:54] --- current target velocity: 1.4801074739519686 (frenet_interface.py:282)
INFO     [2025-01-12 11:33:57] --- Sampled interval of velocity: 0.00 m/s - 11.18 m/s (planner.py:310)
INFO     [2025-01-12 11:33:57] --- select trajectory 101 (reactive_planner_cpp.py:382)
INFO     [2025-01-12 11:33:57] --- current time step: 12 (frenet_interface.py:257)
INFO     [2025-01-12 11:33:57] --- current velocity: 5.083605428988206 (frenet_interface.py:258)
INFO     [2025-01-12 11:33:57] --- current target velocity: 1.4491680503182367 (frenet_interface.py:259)
INFO     [2025-01-12 11:34:00] --- Sampled interval of velocity: 0.00 m/s - 10.83 m/s (planner.py:310)
INFO     [2025-01-12 11:34:00] --- current time step: 13 (frenet_interface.py:280)
INFO     [2025-01-12 11:34:00] --- current velocity: 4.671262647226152 (frenet_interface.py:281)
INFO     [2025-01-12 11:34:00] --- current target velocity: 1.4211315109883222 (frenet_interface.py:282)
INFO     [2025-01-12 11:34:02] --- Sampled interval of velocity: 0.00 m/s - 10.42 m/s (planner.py:310)
INFO     [2025-01-12 11:34:02] --- current time step: 14 (frenet_interface.py:280)
INFO     [2025-01-12 11:34:02] --- current velocity: 4.211779313166554 (frenet_interface.py:281)
INFO     [2025-01-12 11:34:02] --- current target velocity: 1.3954935886213418 (frenet_interface.py:282)
INFO     [2025-01-12 11:34:03] --- Sampled interval of velocity: 0.00 m/s - 9.96 m/s (planner.py:310)
INFO     [2025-01-12 11:34:03] --- select trajectory 101 (reactive_planner_cpp.py:382)
INFO     [2025-01-12 11:34:03] --- current time step: 15 (frenet_interface.py:257)
INFO     [2025-01-12 11:34:03] --- current velocity: 3.9460349672909665 (frenet_interface.py:258)
INFO     [2025-01-12 11:34:03] --- current target velocity: 1.3727393561069854 (frenet_interface.py:259)
INFO     [2025-01-12 11:34:07] --- Sampled interval of velocity: 0.00 m/s - 9.70 m/s (planner.py:310)
INFO     [2025-01-12 11:34:07] --- current time step: 16 (frenet_interface.py:280)
INFO     [2025-01-12 11:34:07] --- current velocity: 3.6347050616339507 (frenet_interface.py:281)
INFO     [2025-01-12 11:34:07] --- current target velocity: 1.3523589878172328 (frenet_interface.py:282)
INFO     [2025-01-12 11:34:08] --- Sampled interval of velocity: 0.00 m/s - 9.38 m/s (planner.py:310)
INFO     [2025-01-12 11:34:08] --- current time step: 17 (frenet_interface.py:280)
INFO     [2025-01-12 11:34:08] --- current velocity: 3.2927272428423153 (frenet_interface.py:281)
INFO     [2025-01-12 11:34:08] --- current target velocity: 1.3338651437167464 (frenet_interface.py:282)
INFO     [2025-01-12 11:34:10] --- Sampled interval of velocity: 0.00 m/s - 9.04 m/s (planner.py:310)
INFO     [2025-01-12 11:34:10] --- select trajectory 101 (reactive_planner_cpp.py:382)
INFO     [2025-01-12 11:34:10] --- current time step: 18 (frenet_interface.py:257)
INFO     [2025-01-12 11:34:10] --- current velocity: 3.0967961689455583 (frenet_interface.py:258)
INFO     [2025-01-12 11:34:10] --- current target velocity: 1.3175919941036525 (frenet_interface.py:259)
INFO     [2025-01-12 11:34:12] --- Sampled interval of velocity: 0.00 m/s - 8.85 m/s (planner.py:310)
INFO     [2025-01-12 11:34:12] --- current time step: 19 (frenet_interface.py:280)
INFO     [2025-01-12 11:34:12] --- current velocity: 2.868493797365945 (frenet_interface.py:281)
INFO     [2025-01-12 11:34:12] --- current target velocity: 1.3031280299646397 (frenet_interface.py:282)
INFO     [2025-01-12 11:34:15] --- Sampled interval of velocity: 0.00 m/s - 8.62 m/s (planner.py:310)
INFO     [2025-01-12 11:34:15] --- current time step: 20 (frenet_interface.py:280)
INFO     [2025-01-12 11:34:15] --- current velocity: 2.6185725635453667 (frenet_interface.py:281)
INFO     [2025-01-12 11:34:15] --- current target velocity: 1.290091080017452 (frenet_interface.py:282)
INFO     [2025-01-12 11:34:16] --- Sampled interval of velocity: 0.00 m/s - 8.37 m/s (planner.py:310)
INFO     [2025-01-12 11:34:16] --- select trajectory 401 (reactive_planner_cpp.py:382)
INFO     [2025-01-12 11:34:16] --- current time step: 21 (frenet_interface.py:257)
INFO     [2025-01-12 11:34:16] --- current velocity: 2.484800926285347 (frenet_interface.py:258)
INFO     [2025-01-12 11:34:16] --- current target velocity: 1.2787254889694655 (frenet_interface.py:259)
INFO     [2025-01-12 11:34:19] --- Sampled interval of velocity: 0.00 m/s - 8.23 m/s (planner.py:310)
INFO     [2025-01-12 11:34:19] --- current time step: 22 (frenet_interface.py:280)
INFO     [2025-01-12 11:34:19] --- current velocity: 2.3425905901994866 (frenet_interface.py:281)
INFO     [2025-01-12 11:34:19] --- current target velocity: 1.2686956711794715 (frenet_interface.py:282)
INFO     [2025-01-12 11:34:21] --- Sampled interval of velocity: 0.00 m/s - 8.09 m/s (planner.py:310)
INFO     [2025-01-12 11:34:21] --- current time step: 23 (frenet_interface.py:280)
INFO     [2025-01-12 11:34:21] --- current velocity: 2.1948786391384134 (frenet_interface.py:281)
INFO     [2025-01-12 11:34:21] --- current target velocity: 1.2596037590091815 (frenet_interface.py:282)
INFO     [2025-01-12 11:34:23] --- Sampled interval of velocity: 0.00 m/s - 7.94 m/s (planner.py:310)
INFO     [2025-01-12 11:34:23] --- select trajectory 401 (reactive_planner_cpp.py:382)
INFO     [2025-01-12 11:34:23] --- current time step: 24 (frenet_interface.py:257)
INFO     [2025-01-12 11:34:23] --- current velocity: 2.1129271064599333 (frenet_interface.py:258)
INFO     [2025-01-12 11:34:23] --- current target velocity: 1.2515280234486557 (frenet_interface.py:259)
INFO     [2025-01-12 11:34:26] --- Sampled interval of velocity: 0.00 m/s - 7.86 m/s (planner.py:310)
INFO     [2025-01-12 11:34:26] --- current time step: 25 (frenet_interface.py:280)
INFO     [2025-01-12 11:34:26] --- current velocity: 2.018532042965538 (frenet_interface.py:281)
INFO     [2025-01-12 11:34:26] --- current target velocity: 1.244241448464907 (frenet_interface.py:282)
INFO     [2025-01-12 11:34:27] --- Sampled interval of velocity: 0.00 m/s - 7.77 m/s (planner.py:310)
INFO     [2025-01-12 11:34:27] --- current time step: 26 (frenet_interface.py:280)
INFO     [2025-01-12 11:34:27] --- current velocity: 1.9146571545692217 (frenet_interface.py:281)
INFO     [2025-01-12 11:34:27] --- current target velocity: 1.2375552565999348 (frenet_interface.py:282)
INFO     [2025-01-12 11:34:29] --- Sampled interval of velocity: 0.00 m/s - 7.66 m/s (planner.py:310)
INFO     [2025-01-12 11:34:29] --- select trajectory 701 (reactive_planner_cpp.py:382)
INFO     [2025-01-12 11:34:29] --- current time step: 27 (frenet_interface.py:257)
INFO     [2025-01-12 11:34:29] --- current velocity: 1.8612566016067769 (frenet_interface.py:258)
INFO     [2025-01-12 11:34:29] --- current target velocity: 1.2315740611915622 (frenet_interface.py:259)
INFO     [2025-01-12 11:34:34] --- Sampled interval of velocity: 0.00 m/s - 7.61 m/s (planner.py:310)
INFO     [2025-01-12 11:34:34] --- current time step: 28 (frenet_interface.py:280)
INFO     [2025-01-12 11:34:34] --- current velocity: 1.8087258410510636 (frenet_interface.py:281)
INFO     [2025-01-12 11:34:34] --- current target velocity: 1.2261499861159224 (frenet_interface.py:282)
INFO     [2025-01-12 11:34:35] --- Sampled interval of velocity: 0.00 m/s - 7.56 m/s (planner.py:310)
INFO     [2025-01-12 11:34:35] --- current time step: 29 (frenet_interface.py:280)
INFO     [2025-01-12 11:34:35] --- current velocity: 1.7571308721488836 (frenet_interface.py:281)
INFO     [2025-01-12 11:34:35] --- current target velocity: 1.2210769360948166 (frenet_interface.py:282)
INFO     [2025-01-12 11:34:36] --- Sampled interval of velocity: 0.00 m/s - 7.51 m/s (planner.py:310)
INFO     [2025-01-12 11:34:36] --- select trajectory 701 (reactive_planner_cpp.py:382)
INFO     [2025-01-12 11:34:36] --- current time step: 30 (frenet_interface.py:257)
INFO     [2025-01-12 11:34:36] --- current velocity: 1.7305878137325883 (frenet_interface.py:258)
INFO     [2025-01-12 11:34:36] --- current target velocity: 1.216356174011673 (frenet_interface.py:259)
INFO     [2025-01-12 11:34:39] --- Sampled interval of velocity: 0.00 m/s - 7.48 m/s (planner.py:310)
INFO     [2025-01-12 11:34:39] --- current time step: 31 (frenet_interface.py:280)
INFO     [2025-01-12 11:34:39] --- current velocity: 1.70219247521242 (frenet_interface.py:281)
INFO     [2025-01-12 11:34:39] --- current target velocity: 1.2118844318649482 (frenet_interface.py:282)
INFO     [2025-01-12 11:34:40] --- Sampled interval of velocity: 0.00 m/s - 7.45 m/s (planner.py:310)
INFO     [2025-01-12 11:34:40] --- current time step: 32 (frenet_interface.py:280)
INFO     [2025-01-12 11:34:40] --- current velocity: 1.6721380016831466 (frenet_interface.py:281)
INFO     [2025-01-12 11:34:40] --- current target velocity: 1.207571166723335 (frenet_interface.py:282)
INFO     [2025-01-12 11:34:41] --- Sampled interval of velocity: 0.00 m/s - 7.42 m/s (planner.py:310)
INFO     [2025-01-12 11:34:41] --- select trajectory 701 (reactive_planner_cpp.py:382)
INFO     [2025-01-12 11:34:41] --- current time step: 33 (frenet_interface.py:257)
INFO     [2025-01-12 11:34:41] --- current velocity: 1.6553151265480504 (frenet_interface.py:258)
INFO     [2025-01-12 11:34:41] --- current target velocity: 1.2034356125400423 (frenet_interface.py:259)
INFO     [2025-01-12 11:34:44] --- Sampled interval of velocity: 0.00 m/s - 7.41 m/s (planner.py:310)
INFO     [2025-01-12 11:34:44] --- current time step: 34 (frenet_interface.py:280)
INFO     [2025-01-12 11:34:44] --- current velocity: 1.6358179673839437 (frenet_interface.py:281)
INFO     [2025-01-12 11:34:44] --- current target velocity: 1.1994310621356157 (frenet_interface.py:282)
INFO     [2025-01-12 11:34:45] --- Sampled interval of velocity: 0.00 m/s - 7.39 m/s (planner.py:310)
INFO     [2025-01-12 11:34:45] --- current time step: 35 (frenet_interface.py:280)
INFO     [2025-01-12 11:34:45] --- current velocity: 1.6138742345492973 (frenet_interface.py:281)
INFO     [2025-01-12 11:34:45] --- current target velocity: 1.1955157213119225 (frenet_interface.py:282)
INFO     [2025-01-12 11:34:46] --- Sampled interval of velocity: 0.00 m/s - 7.36 m/s (planner.py:310)
INFO     [2025-01-12 11:34:46] --- select trajectory 701 (reactive_planner_cpp.py:382)
INFO     [2025-01-12 11:34:46] --- current time step: 36 (frenet_interface.py:257)
INFO     [2025-01-12 11:34:46] --- current velocity: 1.6008284661367527 (frenet_interface.py:258)
INFO     [2025-01-12 11:34:46] --- current target velocity: 1.1917146171273016 (frenet_interface.py:259)
