CRITICAL [2025-01-12 11:46:40] --- Start Planner Vehicle ID: 14 (frenet_interface.py:67)
INFO     [2025-01-12 11:46:44] --- Sampled interval of velocity: 0.00 m/s - 11.23 m/s (planner.py:310)
INFO     [2025-01-12 11:46:44] --- select trajectory 491 (reactive_planner_cpp.py:382)
INFO     [2025-01-12 11:46:44] --- current time step: 0 (frenet_interface.py:257)
INFO     [2025-01-12 11:46:44] --- current velocity: 5.623585938997277 (frenet_interface.py:258)
INFO     [2025-01-12 11:46:44] --- current target velocity: 1.9119669693593968 (frenet_interface.py:259)
INFO     [2025-01-12 11:46:46] --- Sampled interval of velocity: 0.00 m/s - 11.37 m/s (planner.py:310)
INFO     [2025-01-12 11:46:46] --- current time step: 1 (frenet_interface.py:280)
INFO     [2025-01-12 11:46:46] --- current velocity: 5.5536239572537776 (frenet_interface.py:281)
INFO     [2025-01-12 11:46:46] --- current target velocity: 1.874609553596461 (frenet_interface.py:282)
INFO     [2025-01-12 11:46:47] --- Sampled interval of velocity: 0.00 m/s - 11.30 m/s (planner.py:310)
INFO     [2025-01-12 11:46:47] --- current time step: 2 (frenet_interface.py:280)
INFO     [2025-01-12 11:46:47] --- current velocity: 5.306854578440863 (frenet_interface.py:281)
INFO     [2025-01-12 11:46:47] --- current target velocity: 1.836155428247698 (frenet_interface.py:282)
INFO     [2025-01-12 11:46:48] --- Sampled interval of velocity: 0.00 m/s - 11.06 m/s (planner.py:310)
INFO     [2025-01-12 11:46:48] --- select trajectory 191 (reactive_planner_cpp.py:382)
INFO     [2025-01-12 11:46:48] --- current time step: 3 (frenet_interface.py:257)
INFO     [2025-01-12 11:46:48] --- current velocity: 5.049148080604234 (frenet_interface.py:258)
INFO     [2025-01-12 11:46:48] --- current target velocity: 1.7985773782477419 (frenet_interface.py:259)
INFO     [2025-01-12 11:46:50] --- Sampled interval of velocity: 0.00 m/s - 10.80 m/s (planner.py:310)
INFO     [2025-01-12 11:46:50] --- current time step: 4 (frenet_interface.py:280)
INFO     [2025-01-12 11:46:50] --- current velocity: 4.627146305266263 (frenet_interface.py:281)
INFO     [2025-01-12 11:46:50] --- current target velocity: 1.7628429551213483 (frenet_interface.py:282)
INFO     [2025-01-12 11:46:50] --- Sampled interval of velocity: 0.00 m/s - 10.38 m/s (planner.py:310)
INFO     [2025-01-12 11:46:50] --- current time step: 5 (frenet_interface.py:280)
INFO     [2025-01-12 11:46:50] --- current velocity: 4.0806387049872095 (frenet_interface.py:281)
INFO     [2025-01-12 11:46:50] --- current target velocity: 1.7299989667950275 (frenet_interface.py:282)
INFO     [2025-01-12 11:46:52] --- Sampled interval of velocity: 0.00 m/s - 9.83 m/s (planner.py:310)
INFO     [2025-01-12 11:46:52] --- select trajectory 191 (reactive_planner_cpp.py:382)
INFO     [2025-01-12 11:46:52] --- current time step: 6 (frenet_interface.py:257)
INFO     [2025-01-12 11:46:52] --- current velocity: 3.739546896228483 (frenet_interface.py:258)
INFO     [2025-01-12 11:46:52] --- current target velocity: 1.7016913437074284 (frenet_interface.py:259)
INFO     [2025-01-12 11:46:54] --- Sampled interval of velocity: 0.00 m/s - 9.49 m/s (planner.py:310)
INFO     [2025-01-12 11:46:54] --- current time step: 7 (frenet_interface.py:280)
INFO     [2025-01-12 11:46:54] --- current velocity: 3.326448201973079 (frenet_interface.py:281)
INFO     [2025-01-12 11:46:54] --- current target velocity: 1.6776118029027773 (frenet_interface.py:282)
INFO     [2025-01-12 11:46:54] --- Sampled interval of velocity: 0.00 m/s - 9.08 m/s (planner.py:310)
INFO     [2025-01-12 11:46:54] --- current time step: 8 (frenet_interface.py:280)
INFO     [2025-01-12 11:46:54] --- current velocity: 2.8633593151435446 (frenet_interface.py:281)
INFO     [2025-01-12 11:46:54] --- current target velocity: 1.6571671003540032 (frenet_interface.py:282)
INFO     [2025-01-12 11:46:56] --- Sampled interval of velocity: 0.00 m/s - 8.61 m/s (planner.py:310)
INFO     [2025-01-12 11:46:56] --- select trajectory 196 (reactive_planner_cpp.py:382)
INFO     [2025-01-12 11:46:56] --- current time step: 9 (frenet_interface.py:257)
INFO     [2025-01-12 11:46:56] --- current velocity: 2.598037659839655 (frenet_interface.py:258)
INFO     [2025-01-12 11:46:56] --- current target velocity: 1.6411561612230483 (frenet_interface.py:259)
INFO     [2025-01-12 11:46:57] --- Sampled interval of velocity: 0.00 m/s - 8.35 m/s (planner.py:310)
INFO     [2025-01-12 11:46:57] --- current time step: 10 (frenet_interface.py:280)
INFO     [2025-01-12 11:46:57] --- current velocity: 2.2920761367538587 (frenet_interface.py:281)
INFO     [2025-01-12 11:46:57] --- current target velocity: 1.6288695630231969 (frenet_interface.py:282)
INFO     [2025-01-12 11:46:58] --- Sampled interval of velocity: 0.00 m/s - 8.04 m/s (planner.py:310)
INFO     [2025-01-12 11:46:58] --- current time step: 11 (frenet_interface.py:280)
INFO     [2025-01-12 11:46:58] --- current velocity: 1.9593619029348606 (frenet_interface.py:281)
INFO     [2025-01-12 11:46:58] --- current target velocity: 1.6195627992302712 (frenet_interface.py:282)
INFO     [2025-01-12 11:46:59] --- Sampled interval of velocity: 0.00 m/s - 7.71 m/s (planner.py:310)
INFO     [2025-01-12 11:46:59] --- select trajectory 191 (reactive_planner_cpp.py:382)
INFO     [2025-01-12 11:46:59] --- current time step: 12 (frenet_interface.py:257)
INFO     [2025-01-12 11:46:59] --- current velocity: 1.7726503851278885 (frenet_interface.py:258)
INFO     [2025-01-12 11:46:59] --- current target velocity: 1.6137259370469041 (frenet_interface.py:259)
INFO     [2025-01-12 11:47:01] --- Sampled interval of velocity: 0.00 m/s - 7.52 m/s (planner.py:310)
INFO     [2025-01-12 11:47:01] --- current time step: 13 (frenet_interface.py:280)
INFO     [2025-01-12 11:47:01] --- current velocity: 1.5601041114489775 (frenet_interface.py:281)
INFO     [2025-01-12 11:47:01] --- current target velocity: 1.6107629590137291 (frenet_interface.py:282)
INFO     [2025-01-12 11:47:01] --- Sampled interval of velocity: 0.00 m/s - 7.31 m/s (planner.py:310)
INFO     [2025-01-12 11:47:01] --- current time step: 14 (frenet_interface.py:280)
INFO     [2025-01-12 11:47:01] --- current velocity: 1.3309132270488255 (frenet_interface.py:281)
INFO     [2025-01-12 11:47:01] --- current target velocity: 1.6100878492512019 (frenet_interface.py:282)
INFO     [2025-01-12 11:47:03] --- Sampled interval of velocity: 0.00 m/s - 7.08 m/s (planner.py:310)
INFO     [2025-01-12 11:47:03] --- select trajectory 191 (reactive_planner_cpp.py:382)
INFO     [2025-01-12 11:47:03] --- current time step: 15 (frenet_interface.py:257)
INFO     [2025-01-12 11:47:03] --- current velocity: 1.203058449861687 (frenet_interface.py:258)
INFO     [2025-01-12 11:47:03] --- current target velocity: 1.6120351709208098 (frenet_interface.py:259)
INFO     [2025-01-12 11:47:05] --- Sampled interval of velocity: 0.00 m/s - 6.95 m/s (planner.py:310)
INFO     [2025-01-12 11:47:05] --- current time step: 16 (frenet_interface.py:280)
INFO     [2025-01-12 11:47:05] --- current velocity: 1.058062192855399 (frenet_interface.py:281)
INFO     [2025-01-12 11:47:05] --- current target velocity: 1.6161720802693522 (frenet_interface.py:282)
INFO     [2025-01-12 11:47:05] --- Sampled interval of velocity: 0.00 m/s - 6.81 m/s (planner.py:310)
INFO     [2025-01-12 11:47:05] --- current time step: 17 (frenet_interface.py:280)
INFO     [2025-01-12 11:47:05] --- current velocity: 0.902101859979764 (frenet_interface.py:281)
INFO     [2025-01-12 11:47:05] --- current target velocity: 1.622079893578308 (frenet_interface.py:282)
INFO     [2025-01-12 11:47:07] --- Sampled interval of velocity: 0.00 m/s - 6.65 m/s (planner.py:310)
INFO     [2025-01-12 11:47:07] --- select trajectory 191 (reactive_planner_cpp.py:382)
INFO     [2025-01-12 11:47:07] --- current time step: 18 (frenet_interface.py:257)
INFO     [2025-01-12 11:47:07] --- current velocity: 0.8152536718958403 (frenet_interface.py:258)
INFO     [2025-01-12 11:47:07] --- current target velocity: 1.6299976909147975 (frenet_interface.py:259)
INFO     [2025-01-12 11:47:08] --- Sampled interval of velocity: 0.00 m/s - 6.57 m/s (planner.py:310)
INFO     [2025-01-12 11:47:08] --- current time step: 19 (frenet_interface.py:280)
INFO     [2025-01-12 11:47:08] --- current velocity: 0.7168740004111651 (frenet_interface.py:281)
INFO     [2025-01-12 11:47:08] --- current target velocity: 1.639625004845179 (frenet_interface.py:282)
INFO     [2025-01-12 11:47:08] --- Sampled interval of velocity: 0.00 m/s - 6.47 m/s (planner.py:310)
INFO     [2025-01-12 11:47:08] --- current time step: 20 (frenet_interface.py:280)
INFO     [2025-01-12 11:47:08] --- current velocity: 0.6111353293774808 (frenet_interface.py:281)
INFO     [2025-01-12 11:47:08] --- current target velocity: 1.6506727778289658 (frenet_interface.py:282)
INFO     [2025-01-12 11:47:10] --- Sampled interval of velocity: 0.00 m/s - 6.36 m/s (planner.py:310)
INFO     [2025-01-12 11:47:10] --- select trajectory 191 (reactive_planner_cpp.py:382)
INFO     [2025-01-12 11:47:10] --- current time step: 21 (frenet_interface.py:257)
INFO     [2025-01-12 11:47:10] --- current velocity: 0.5522854166014622 (frenet_interface.py:258)
INFO     [2025-01-12 11:47:10] --- current target velocity: 1.6633167357383483 (frenet_interface.py:259)
INFO     [2025-01-12 11:47:12] --- Sampled interval of velocity: 0.00 m/s - 6.30 m/s (planner.py:310)
INFO     [2025-01-12 11:47:12] --- current time step: 22 (frenet_interface.py:280)
INFO     [2025-01-12 11:47:12] --- current velocity: 0.48564467508204917 (frenet_interface.py:281)
INFO     [2025-01-12 11:47:12] --- current target velocity: 1.6773536126725226 (frenet_interface.py:282)
INFO     [2025-01-12 11:47:12] --- Sampled interval of velocity: 0.00 m/s - 6.24 m/s (planner.py:310)
INFO     [2025-01-12 11:47:12] --- current time step: 23 (frenet_interface.py:280)
INFO     [2025-01-12 11:47:12] --- current velocity: 0.4140355853859343 (frenet_interface.py:281)
INFO     [2025-01-12 11:47:12] --- current target velocity: 1.6925885723380114 (frenet_interface.py:282)
INFO     [2025-01-12 11:47:14] --- Sampled interval of velocity: 0.00 m/s - 6.16 m/s (planner.py:310)
INFO     [2025-01-12 11:47:14] --- select trajectory 191 (reactive_planner_cpp.py:382)
INFO     [2025-01-12 11:47:14] --- current time step: 24 (frenet_interface.py:257)
INFO     [2025-01-12 11:47:14] --- current velocity: 0.37418739344711194 (frenet_interface.py:258)
INFO     [2025-01-12 11:47:14] --- current target velocity: 1.7091545992244506 (frenet_interface.py:259)
INFO     [2025-01-12 11:47:15] --- Sampled interval of velocity: 0.00 m/s - 6.12 m/s (planner.py:310)
INFO     [2025-01-12 11:47:15] --- current time step: 25 (frenet_interface.py:280)
INFO     [2025-01-12 11:47:15] --- current velocity: 0.32906868138899453 (frenet_interface.py:281)
INFO     [2025-01-12 11:47:15] --- current target velocity: 1.7269184412600065 (frenet_interface.py:282)
INFO     [2025-01-12 11:47:15] --- Sampled interval of velocity: 0.00 m/s - 6.08 m/s (planner.py:310)
INFO     [2025-01-12 11:47:15] --- current time step: 26 (frenet_interface.py:280)
INFO     [2025-01-12 11:47:15] --- current velocity: 0.2805895894045959 (frenet_interface.py:281)
INFO     [2025-01-12 11:47:15] --- current target velocity: 1.7457531095203493 (frenet_interface.py:282)
INFO     [2025-01-12 11:47:17] --- Sampled interval of velocity: 0.00 m/s - 6.03 m/s (planner.py:310)
INFO     [2025-01-12 11:47:17] --- select trajectory 191 (reactive_planner_cpp.py:382)
INFO     [2025-01-12 11:47:17] --- current time step: 27 (frenet_interface.py:257)
INFO     [2025-01-12 11:47:17] --- current velocity: 0.2536138644061325 (frenet_interface.py:258)
INFO     [2025-01-12 11:47:17] --- current target velocity: 1.7657631585708304 (frenet_interface.py:259)
INFO     [2025-01-12 11:47:18] --- Sampled interval of velocity: 0.00 m/s - 6.00 m/s (planner.py:310)
INFO     [2025-01-12 11:47:18] --- current time step: 28 (frenet_interface.py:280)
INFO     [2025-01-12 11:47:18] --- current velocity: 0.2230711814801718 (frenet_interface.py:281)
INFO     [2025-01-12 11:47:18] --- current target velocity: 1.7868661207532135 (frenet_interface.py:282)
INFO     [2025-01-12 11:47:18] --- Sampled interval of velocity: 0.00 m/s - 5.97 m/s (planner.py:310)
INFO     [2025-01-12 11:47:18] --- current time step: 29 (frenet_interface.py:280)
INFO     [2025-01-12 11:47:18] --- current velocity: 0.19025442590905842 (frenet_interface.py:281)
INFO     [2025-01-12 11:47:18] --- current target velocity: 1.8089844096322898 (frenet_interface.py:282)
INFO     [2025-01-12 11:47:20] --- Sampled interval of velocity: 0.00 m/s - 5.94 m/s (planner.py:310)
INFO     [2025-01-12 11:47:20] --- select trajectory 191 (reactive_planner_cpp.py:382)
INFO     [2025-01-12 11:47:20] --- current time step: 30 (frenet_interface.py:257)
INFO     [2025-01-12 11:47:20] --- current velocity: 0.17199413757235762 (frenet_interface.py:258)
INFO     [2025-01-12 11:47:20] --- current target velocity: 1.8322044961555333 (frenet_interface.py:259)
INFO     [2025-01-12 11:47:22] --- Sampled interval of velocity: 0.00 m/s - 5.92 m/s (planner.py:310)
INFO     [2025-01-12 11:47:22] --- current time step: 31 (frenet_interface.py:280)
INFO     [2025-01-12 11:47:23] --- current velocity: 0.15131952353959424 (frenet_interface.py:281)
INFO     [2025-01-12 11:47:23] --- current target velocity: 1.8564815925791118 (frenet_interface.py:282)
INFO     [2025-01-12 11:47:23] --- Sampled interval of velocity: 0.00 m/s - 5.90 m/s (planner.py:310)
INFO     [2025-01-12 11:47:23] --- current time step: 32 (frenet_interface.py:280)
INFO     [2025-01-12 11:47:23] --- current velocity: 0.1291057150779608 (frenet_interface.py:281)
INFO     [2025-01-12 11:47:23] --- current target velocity: 1.8817750258928123 (frenet_interface.py:282)
INFO     [2025-01-12 11:47:24] --- Sampled interval of velocity: 0.00 m/s - 5.88 m/s (planner.py:310)
INFO     [2025-01-12 11:47:24] --- select trajectory 191 (reactive_planner_cpp.py:382)
INFO     [2025-01-12 11:47:24] --- current time step: 33 (frenet_interface.py:257)
INFO     [2025-01-12 11:47:24] --- current velocity: 0.11674530218772541 (frenet_interface.py:258)
INFO     [2025-01-12 11:47:24] --- current target velocity: 1.9081609441380294 (frenet_interface.py:259)
INFO     [2025-01-12 11:47:27] --- Sampled interval of velocity: 0.00 m/s - 5.87 m/s (planner.py:310)
INFO     [2025-01-12 11:47:27] --- current time step: 34 (frenet_interface.py:280)
INFO     [2025-01-12 11:47:27] --- current velocity: 0.10275067118611743 (frenet_interface.py:281)
INFO     [2025-01-12 11:47:27] --- current target velocity: 1.9356236298093519 (frenet_interface.py:282)
INFO     [2025-01-12 11:47:28] --- Sampled interval of velocity: 0.00 m/s - 5.85 m/s (planner.py:310)
INFO     [2025-01-12 11:47:28] --- current time step: 35 (frenet_interface.py:280)
INFO     [2025-01-12 11:47:28] --- current velocity: 0.08771419069643513 (frenet_interface.py:281)
INFO     [2025-01-12 11:47:28] --- current target velocity: 1.964151194501631 (frenet_interface.py:282)
INFO     [2025-01-12 11:47:29] --- Sampled interval of velocity: 0.00 m/s - 5.84 m/s (planner.py:310)
INFO     [2025-01-12 11:47:29] --- select trajectory 191 (reactive_planner_cpp.py:382)
INFO     [2025-01-12 11:47:29] --- current time step: 36 (frenet_interface.py:257)
INFO     [2025-01-12 11:47:29] --- current velocity: 0.07934746501963082 (frenet_interface.py:258)
INFO     [2025-01-12 11:47:29] --- current target velocity: 1.9938155853714035 (frenet_interface.py:259)
INFO     [2025-01-12 11:47:31] --- Sampled interval of velocity: 0.00 m/s - 5.83 m/s (planner.py:310)
INFO     [2025-01-12 11:47:31] --- current time step: 37 (frenet_interface.py:280)
INFO     [2025-01-12 11:47:31] --- current velocity: 0.06987455079945416 (frenet_interface.py:281)
INFO     [2025-01-12 11:47:31] --- current target velocity: 2.024624873565314 (frenet_interface.py:282)
INFO     [2025-01-12 11:47:31] --- Sampled interval of velocity: 0.00 m/s - 5.82 m/s (planner.py:310)
INFO     [2025-01-12 11:47:31] --- current time step: 38 (frenet_interface.py:280)
INFO     [2025-01-12 11:47:31] --- current velocity: 0.05969641871249771 (frenet_interface.py:281)
INFO     [2025-01-12 11:47:31] --- current target velocity: 2.056591076686437 (frenet_interface.py:282)
INFO     [2025-01-12 11:47:32] --- Sampled interval of velocity: 0.00 m/s - 5.81 m/s (planner.py:310)
INFO     [2025-01-12 11:47:32] --- select trajectory 191 (reactive_planner_cpp.py:382)
INFO     [2025-01-12 11:47:32] --- current time step: 39 (frenet_interface.py:257)
INFO     [2025-01-12 11:47:33] --- current velocity: 0.05403301882477498 (frenet_interface.py:258)
INFO     [2025-01-12 11:47:33] --- current target velocity: 2.089787135534545 (frenet_interface.py:259)
INFO     [2025-01-12 11:47:34] --- Sampled interval of velocity: 0.00 m/s - 5.80 m/s (planner.py:310)
INFO     [2025-01-12 11:47:34] --- current time step: 40 (frenet_interface.py:280)
INFO     [2025-01-12 11:47:34] --- current velocity: 0.04762084656461909 (frenet_interface.py:281)
INFO     [2025-01-12 11:47:34] --- current target velocity: 2.1242421984178184 (frenet_interface.py:282)
INFO     [2025-01-12 11:47:34] --- Sampled interval of velocity: 0.00 m/s - 5.80 m/s (planner.py:310)
INFO     [2025-01-12 11:47:34] --- current time step: 41 (frenet_interface.py:280)
INFO     [2025-01-12 11:47:34] --- current velocity: 0.04073131684437999 (frenet_interface.py:281)
INFO     [2025-01-12 11:47:34] --- current target velocity: 2.159989856641617 (frenet_interface.py:282)
INFO     [2025-01-12 11:47:35] --- Sampled interval of velocity: 0.00 m/s - 5.79 m/s (planner.py:310)
INFO     [2025-01-12 11:47:35] --- select trajectory 191 (reactive_planner_cpp.py:382)
INFO     [2025-01-12 11:47:35] --- current time step: 42 (frenet_interface.py:257)
INFO     [2025-01-12 11:47:35] --- current velocity: 0.03689778861806569 (frenet_interface.py:258)
INFO     [2025-01-12 11:47:36] --- current target velocity: 2.1971088970644814 (frenet_interface.py:259)
INFO     [2025-01-12 11:47:37] --- Sampled interval of velocity: 0.00 m/s - 5.79 m/s (planner.py:310)
INFO     [2025-01-12 11:47:37] --- current time step: 43 (frenet_interface.py:280)
INFO     [2025-01-12 11:47:37] --- current velocity: 0.032557420334856674 (frenet_interface.py:281)
INFO     [2025-01-12 11:47:37] --- current target velocity: 2.235648976576766 (frenet_interface.py:282)
INFO     [2025-01-12 11:47:37] --- Sampled interval of velocity: 0.00 m/s - 5.78 m/s (planner.py:310)
INFO     [2025-01-12 11:47:37] --- current time step: 44 (frenet_interface.py:280)
INFO     [2025-01-12 11:47:37] --- current velocity: 0.027893931369148403 (frenet_interface.py:281)
INFO     [2025-01-12 11:47:37] --- current target velocity: 2.275665100038633 (frenet_interface.py:282)
INFO     [2025-01-12 11:47:38] --- Sampled interval of velocity: 0.00 m/s - 5.78 m/s (planner.py:310)
INFO     [2025-01-12 11:47:38] --- select trajectory 196 (reactive_planner_cpp.py:382)
INFO     [2025-01-12 11:47:38] --- current time step: 45 (frenet_interface.py:257)
INFO     [2025-01-12 11:47:38] --- current velocity: 0.025299034970982653 (frenet_interface.py:258)
INFO     [2025-01-12 11:47:38] --- current target velocity: 2.317246954713394 (frenet_interface.py:259)
INFO     [2025-01-12 11:47:39] --- Sampled interval of velocity: 0.00 m/s - 5.78 m/s (planner.py:310)
INFO     [2025-01-12 11:47:39] --- current time step: 46 (frenet_interface.py:280)
INFO     [2025-01-12 11:47:39] --- current velocity: 0.022361061108350698 (frenet_interface.py:281)
INFO     [2025-01-12 11:47:39] --- current target velocity: 2.3604661377349254 (frenet_interface.py:282)
INFO     [2025-01-12 11:47:40] --- Sampled interval of velocity: 0.00 m/s - 5.77 m/s (planner.py:310)
INFO     [2025-01-12 11:47:40] --- current time step: 47 (frenet_interface.py:280)
INFO     [2025-01-12 11:47:40] --- current velocity: 0.019204368505840428 (frenet_interface.py:281)
INFO     [2025-01-12 11:47:40] --- current target velocity: 2.4054009969949255 (frenet_interface.py:282)
INFO     [2025-01-12 11:47:40] --- Sampled interval of velocity: 0.00 m/s - 5.77 m/s (planner.py:310)
INFO     [2025-01-12 11:47:40] --- select trajectory 196 (reactive_planner_cpp.py:382)
INFO     [2025-01-12 11:47:40] --- current time step: 48 (frenet_interface.py:257)
INFO     [2025-01-12 11:47:41] --- current velocity: 0.017447895997205413 (frenet_interface.py:258)
INFO     [2025-01-12 11:47:41] --- current target velocity: 2.452157962430997 (frenet_interface.py:259)
INFO     [2025-01-12 11:47:42] --- Sampled interval of velocity: 0.00 m/s - 5.77 m/s (planner.py:310)
INFO     [2025-01-12 11:47:42] --- current time step: 49 (frenet_interface.py:280)
INFO     [2025-01-12 11:47:42] --- current velocity: 0.015459196069398903 (frenet_interface.py:281)
INFO     [2025-01-12 11:47:42] --- current target velocity: 2.5008341418407154 (frenet_interface.py:282)
INFO     [2025-01-12 11:47:43] --- Sampled interval of velocity: 0.00 m/s - 5.77 m/s (planner.py:310)
INFO     [2025-01-12 11:47:43] --- current time step: 50 (frenet_interface.py:280)
INFO     [2025-01-12 11:47:43] --- current velocity: 0.013322446523306268 (frenet_interface.py:281)
INFO     [2025-01-12 11:47:43] --- current target velocity: 2.551535463288283 (frenet_interface.py:282)
INFO     [2025-01-12 11:47:43] --- Sampled interval of velocity: 0.00 m/s - 5.76 m/s (planner.py:310)
INFO     [2025-01-12 11:47:43] --- select trajectory 196 (reactive_planner_cpp.py:382)
INFO     [2025-01-12 11:47:43] --- current time step: 51 (frenet_interface.py:257)
INFO     [2025-01-12 11:47:44] --- current velocity: 0.012133499009600776 (frenet_interface.py:258)
INFO     [2025-01-12 11:47:44] --- current target velocity: 2.6043924593701995 (frenet_interface.py:259)
INFO     [2025-01-12 11:47:45] --- Sampled interval of velocity: 0.00 m/s - 5.76 m/s (planner.py:310)
INFO     [2025-01-12 11:47:45] --- current time step: 52 (frenet_interface.py:280)
INFO     [2025-01-12 11:47:45] --- current velocity: 0.010787357912990871 (frenet_interface.py:281)
INFO     [2025-01-12 11:47:45] --- current target velocity: 2.659533927731716 (frenet_interface.py:282)
INFO     [2025-01-12 11:47:46] --- Sampled interval of velocity: 0.00 m/s - 5.76 m/s (planner.py:310)
INFO     [2025-01-12 11:47:46] --- current time step: 53 (frenet_interface.py:280)
INFO     [2025-01-12 11:47:46] --- current velocity: 0.009341002767963085 (frenet_interface.py:281)
INFO     [2025-01-12 11:47:46] --- current target velocity: 2.7171005097741596 (frenet_interface.py:282)
INFO     [2025-01-12 11:47:46] --- Sampled interval of velocity: 0.00 m/s - 5.76 m/s (planner.py:310)
INFO     [2025-01-12 11:47:46] --- select trajectory 196 (reactive_planner_cpp.py:382)
INFO     [2025-01-12 11:47:46] --- current time step: 54 (frenet_interface.py:257)
INFO     [2025-01-12 11:47:47] --- current velocity: 0.008536210107656718 (frenet_interface.py:258)
INFO     [2025-01-12 11:47:47] --- current target velocity: 2.7772567398277235 (frenet_interface.py:259)
INFO     [2025-01-12 11:47:49] --- Sampled interval of velocity: 0.00 m/s - 5.76 m/s (planner.py:310)
INFO     [2025-01-12 11:47:49] --- current time step: 55 (frenet_interface.py:280)
INFO     [2025-01-12 11:47:49] --- current velocity: 0.007625013893351996 (frenet_interface.py:281)
INFO     [2025-01-12 11:47:49] --- current target velocity: 2.8401728229954024 (frenet_interface.py:282)
INFO     [2025-01-12 11:47:49] --- Sampled interval of velocity: 0.00 m/s - 5.76 m/s (planner.py:310)
INFO     [2025-01-12 11:47:49] --- current time step: 56 (frenet_interface.py:280)
INFO     [2025-01-12 11:47:49] --- current velocity: 0.006645983288493738 (frenet_interface.py:281)
INFO     [2025-01-12 11:47:49] --- current target velocity: 2.9060352637182123 (frenet_interface.py:282)
INFO     [2025-01-12 11:47:50] --- Sampled interval of velocity: 0.00 m/s - 5.76 m/s (planner.py:310)
INFO     [2025-01-12 11:47:50] --- select trajectory 196 (reactive_planner_cpp.py:382)
INFO     [2025-01-12 11:47:50] --- current time step: 57 (frenet_interface.py:257)
INFO     [2025-01-12 11:47:51] --- current velocity: 0.006101223139219251 (frenet_interface.py:258)
INFO     [2025-01-12 11:47:51] --- current target velocity: 2.9750565903684456 (frenet_interface.py:259)
INFO     [2025-01-12 11:47:52] --- Sampled interval of velocity: 0.00 m/s - 5.76 m/s (planner.py:310)
INFO     [2025-01-12 11:47:52] --- current time step: 58 (frenet_interface.py:280)
INFO     [2025-01-12 11:47:52] --- current velocity: 0.005484438953547916 (frenet_interface.py:281)
INFO     [2025-01-12 11:47:52] --- current target velocity: 3.047463319572053 (frenet_interface.py:282)
INFO     [2025-01-12 11:47:52] --- Sampled interval of velocity: 0.00 m/s - 5.76 m/s (planner.py:310)
INFO     [2025-01-12 11:47:52] --- current time step: 59 (frenet_interface.py:280)
INFO     [2025-01-12 11:47:52] --- current velocity: 0.004821738006381769 (frenet_interface.py:281)
INFO     [2025-01-12 11:47:52] --- current target velocity: 3.123504958930198 (frenet_interface.py:282)
INFO     [2025-01-12 11:47:53] --- Sampled interval of velocity: 0.00 m/s - 5.75 m/s (planner.py:310)
INFO     [2025-01-12 11:47:53] --- select trajectory 196 (reactive_planner_cpp.py:382)
INFO     [2025-01-12 11:47:53] --- current time step: 60 (frenet_interface.py:257)
INFO     [2025-01-12 11:47:53] --- current velocity: 0.004452992570776761 (frenet_interface.py:258)
INFO     [2025-01-12 11:47:53] --- current target velocity: 3.2034626289777983 (frenet_interface.py:259)
INFO     [2025-01-12 11:47:55] --- Sampled interval of velocity: 0.00 m/s - 5.75 m/s (planner.py:310)
INFO     [2025-01-12 11:47:55] --- current time step: 61 (frenet_interface.py:280)
INFO     [2025-01-12 11:47:55] --- current velocity: 0.004035494423177854 (frenet_interface.py:281)
INFO     [2025-01-12 11:47:55] --- current target velocity: 3.2876421148892265 (frenet_interface.py:282)
INFO     [2025-01-12 11:47:55] --- Sampled interval of velocity: 0.00 m/s - 5.75 m/s (planner.py:310)
INFO     [2025-01-12 11:47:55] --- current time step: 62 (frenet_interface.py:280)
INFO     [2025-01-12 11:47:55] --- current velocity: 0.0035869154481177573 (frenet_interface.py:281)
INFO     [2025-01-12 11:47:55] --- current target velocity: 3.3763825079971928 (frenet_interface.py:282)
INFO     [2025-01-12 11:47:56] --- Sampled interval of velocity: 0.00 m/s - 5.75 m/s (planner.py:310)
INFO     [2025-01-12 11:47:56] --- select trajectory 196 (reactive_planner_cpp.py:382)
INFO     [2025-01-12 11:47:56] --- current time step: 63 (frenet_interface.py:257)
INFO     [2025-01-12 11:47:56] --- current velocity: 0.003337313496818919 (frenet_interface.py:258)
INFO     [2025-01-12 11:47:56] --- current target velocity: 3.4700649927005616 (frenet_interface.py:259)
INFO     [2025-01-12 11:47:58] --- Sampled interval of velocity: 0.00 m/s - 5.75 m/s (planner.py:310)
INFO     [2025-01-12 11:47:58] --- current time step: 64 (frenet_interface.py:280)
INFO     [2025-01-12 11:47:58] --- current velocity: 0.0030547110772345975 (frenet_interface.py:281)
INFO     [2025-01-12 11:47:58] --- current target velocity: 3.5691106964083184 (frenet_interface.py:282)
INFO     [2025-01-12 11:47:58] --- Sampled interval of velocity: 0.00 m/s - 5.75 m/s (planner.py:310)
INFO     [2025-01-12 11:47:58] --- current time step: 65 (frenet_interface.py:280)
INFO     [2025-01-12 11:47:58] --- current velocity: 0.0027510702001326236 (frenet_interface.py:281)
INFO     [2025-01-12 11:47:58] --- current target velocity: 3.673990473834771 (frenet_interface.py:282)
INFO     [2025-01-12 11:47:58] --- Sampled interval of velocity: 0.00 m/s - 5.75 m/s (planner.py:310)
INFO     [2025-01-12 11:47:58] --- select trajectory 196 (reactive_planner_cpp.py:382)
INFO     [2025-01-12 11:47:58] --- current time step: 66 (frenet_interface.py:257)
INFO     [2025-01-12 11:47:58] --- current velocity: 0.002582115880750156 (frenet_interface.py:258)
INFO     [2025-01-12 11:47:58] --- current target velocity: 3.7852355140895724 (frenet_interface.py:259)
INFO     [2025-01-12 11:48:00] --- Sampled interval of velocity: 0.00 m/s - 5.75 m/s (planner.py:310)
INFO     [2025-01-12 11:48:00] --- current time step: 67 (frenet_interface.py:280)
INFO     [2025-01-12 11:48:00] --- current velocity: 0.0023908237085277463 (frenet_interface.py:281)
INFO     [2025-01-12 11:48:00] --- current target velocity: 3.9034407241578517 (frenet_interface.py:282)
INFO     [2025-01-12 11:48:00] --- Sampled interval of velocity: 0.00 m/s - 5.75 m/s (planner.py:310)
INFO     [2025-01-12 11:48:00] --- current time step: 68 (frenet_interface.py:280)
INFO     [2025-01-12 11:48:00] --- current velocity: 0.0021852907090527474 (frenet_interface.py:281)
INFO     [2025-01-12 11:48:00] --- current target velocity: 4.029277909004679 (frenet_interface.py:282)
INFO     [2025-01-12 11:48:01] --- Sampled interval of velocity: 0.00 m/s - 5.75 m/s (planner.py:310)
INFO     [2025-01-12 11:48:01] --- select trajectory 196 (reactive_planner_cpp.py:382)
INFO     [2025-01-12 11:48:01] --- current time step: 69 (frenet_interface.py:257)
INFO     [2025-01-12 11:48:01] --- current velocity: 0.002070926370609543 (frenet_interface.py:258)
INFO     [2025-01-12 11:48:01] --- current target velocity: 4.1635108757525545 (frenet_interface.py:259)
INFO     [2025-01-12 11:48:02] --- Sampled interval of velocity: 0.00 m/s - 5.75 m/s (planner.py:310)
INFO     [2025-01-12 11:48:02] --- current time step: 70 (frenet_interface.py:280)
INFO     [2025-01-12 11:48:02] --- current velocity: 0.0019414416506734896 (frenet_interface.py:281)
INFO     [2025-01-12 11:48:02] --- current target velocity: 4.307006781918491 (frenet_interface.py:282)
INFO     [2025-01-12 11:48:03] --- Sampled interval of velocity: 0.00 m/s - 5.75 m/s (planner.py:310)
INFO     [2025-01-12 11:48:03] --- current time step: 71 (frenet_interface.py:280)
INFO     [2025-01-12 11:48:03] --- current velocity: 0.0018023173856005642 (frenet_interface.py:281)
INFO     [2025-01-12 11:48:03] --- current target velocity: 4.46075676642722 (frenet_interface.py:282)
INFO     [2025-01-12 11:48:03] --- Sampled interval of velocity: 0.00 m/s - 5.75 m/s (planner.py:310)
INFO     [2025-01-12 11:48:04] --- select trajectory 196 (reactive_planner_cpp.py:382)
INFO     [2025-01-12 11:48:04] --- current time step: 72 (frenet_interface.py:257)
INFO     [2025-01-12 11:48:04] --- current velocity: 0.001724904733738904 (frenet_interface.py:258)
INFO     [2025-01-12 11:48:04] --- current target velocity: 4.62590062983395 (frenet_interface.py:259)
INFO     [2025-01-12 11:48:05] --- Sampled interval of velocity: 0.00 m/s - 5.75 m/s (planner.py:310)
INFO     [2025-01-12 11:48:05] --- current time step: 73 (frenet_interface.py:280)
INFO     [2025-01-12 11:48:05] --- current velocity: 0.0016372571708396513 (frenet_interface.py:281)
INFO     [2025-01-12 11:48:05] --- current target velocity: 4.8037520148832975 (frenet_interface.py:282)
INFO     [2025-01-12 11:48:05] --- Sampled interval of velocity: 0.00 m/s - 5.75 m/s (planner.py:310)
INFO     [2025-01-12 11:48:05] --- current time step: 74 (frenet_interface.py:280)
INFO     [2025-01-12 11:48:05] --- current velocity: 0.0015430846477814532 (frenet_interface.py:281)
INFO     [2025-01-12 11:48:05] --- current target velocity: 4.995834824307428 (frenet_interface.py:282)
INFO     [2025-01-12 11:48:06] --- Sampled interval of velocity: 0.00 m/s - 5.75 m/s (planner.py:310)
INFO     [2025-01-12 11:48:06] --- select trajectory 186 (reactive_planner_cpp.py:382)
INFO     [2025-01-12 11:48:06] --- current time step: 75 (frenet_interface.py:257)
INFO     [2025-01-12 11:48:06] --- current velocity: 0.0014906844088014134 (frenet_interface.py:258)
INFO     [2025-01-12 11:48:06] --- current target velocity: 5.001543084647781 (frenet_interface.py:259)
INFO     [2025-01-12 11:48:08] --- Sampled interval of velocity: 0.00 m/s - 5.75 m/s (planner.py:310)
INFO     [2025-01-12 11:48:08] --- current time step: 76 (frenet_interface.py:280)
INFO     [2025-01-12 11:48:08] --- current velocity: 0.0014313562094089558 (frenet_interface.py:281)
INFO     [2025-01-12 11:48:08] --- current target velocity: 5.001490684408801 (frenet_interface.py:282)
INFO     [2025-01-12 11:48:08] --- Sampled interval of velocity: 0.00 m/s - 5.75 m/s (planner.py:310)
INFO     [2025-01-12 11:48:08] --- current time step: 77 (frenet_interface.py:280)
INFO     [2025-01-12 11:48:08] --- current velocity: 0.0013676112969356502 (frenet_interface.py:281)
INFO     [2025-01-12 11:48:08] --- current target velocity: 5.001431356209409 (frenet_interface.py:282)
INFO     [2025-01-12 11:48:09] --- Sampled interval of velocity: 0.00 m/s - 5.75 m/s (planner.py:310)
INFO     [2025-01-12 11:48:09] --- select trajectory 196 (reactive_planner_cpp.py:382)
INFO     [2025-01-12 11:48:09] --- current time step: 78 (frenet_interface.py:257)
INFO     [2025-01-12 11:48:09] --- current velocity: 0.0013321418357654688 (frenet_interface.py:258)
INFO     [2025-01-12 11:48:09] --- current target velocity: 5.001367611296936 (frenet_interface.py:259)
INFO     [2025-01-12 11:48:10] --- Sampled interval of velocity: 0.00 m/s - 5.75 m/s (planner.py:310)
INFO     [2025-01-12 11:48:10] --- current time step: 79 (frenet_interface.py:280)
INFO     [2025-01-12 11:48:10] --- current velocity: 0.0012919828726809044 (frenet_interface.py:281)
INFO     [2025-01-12 11:48:10] --- current target velocity: 5.001332141835766 (frenet_interface.py:282)
INFO     [2025-01-12 11:48:11] --- Sampled interval of velocity: 0.00 m/s - 5.75 m/s (planner.py:310)
INFO     [2025-01-12 11:48:11] --- current time step: 80 (frenet_interface.py:280)
INFO     [2025-01-12 11:48:11] --- current velocity: 0.0012488342584826052 (frenet_interface.py:281)
INFO     [2025-01-12 11:48:11] --- current target velocity: 5.001291982872681 (frenet_interface.py:282)
INFO     [2025-01-12 11:48:11] --- Sampled interval of velocity: 0.00 m/s - 5.75 m/s (planner.py:310)
INFO     [2025-01-12 11:48:11] --- select trajectory 196 (reactive_planner_cpp.py:382)
INFO     [2025-01-12 11:48:11] --- current time step: 81 (frenet_interface.py:257)
INFO     [2025-01-12 11:48:11] --- current velocity: 0.0012248251566511518 (frenet_interface.py:258)
INFO     [2025-01-12 11:48:11] --- current target velocity: 5.001248834258482 (frenet_interface.py:259)
INFO     [2025-01-12 11:48:14] --- Sampled interval of velocity: 0.00 m/s - 5.75 m/s (planner.py:310)
INFO     [2025-01-12 11:48:14] --- current time step: 82 (frenet_interface.py:280)
INFO     [2025-01-12 11:48:14] --- current velocity: 0.0011976417542783108 (frenet_interface.py:281)
INFO     [2025-01-12 11:48:14] --- current target velocity: 5.001224825156651 (frenet_interface.py:282)
INFO     [2025-01-12 11:48:14] --- Sampled interval of velocity: 0.00 m/s - 5.75 m/s (planner.py:310)
INFO     [2025-01-12 11:48:14] --- current time step: 83 (frenet_interface.py:280)
INFO     [2025-01-12 11:48:14] --- current velocity: 0.0011684346719337839 (frenet_interface.py:281)
INFO     [2025-01-12 11:48:14] --- current target velocity: 5.0011976417542785 (frenet_interface.py:282)
INFO     [2025-01-12 11:48:15] --- Sampled interval of velocity: 0.00 m/s - 5.75 m/s (planner.py:310)
INFO     [2025-01-12 11:48:15] --- select trajectory 196 (reactive_planner_cpp.py:382)
INFO     [2025-01-12 11:48:15] --- current time step: 84 (frenet_interface.py:257)
INFO     [2025-01-12 11:48:15] --- current velocity: 0.0011521830303275133 (frenet_interface.py:258)
INFO     [2025-01-12 11:48:15] --- current target velocity: 5.001168434671934 (frenet_interface.py:259)
INFO     [2025-01-12 11:48:17] --- Sampled interval of velocity: 0.00 m/s - 5.75 m/s (planner.py:310)
INFO     [2025-01-12 11:48:17] --- current time step: 85 (frenet_interface.py:280)
INFO     [2025-01-12 11:48:17] --- current velocity: 0.0011337827204624972 (frenet_interface.py:281)
INFO     [2025-01-12 11:48:17] --- current target velocity: 5.001152183030327 (frenet_interface.py:282)
INFO     [2025-01-12 11:48:18] --- Sampled interval of velocity: 0.00 m/s - 5.75 m/s (planner.py:310)
INFO     [2025-01-12 11:48:18] --- current time step: 86 (frenet_interface.py:280)
INFO     [2025-01-12 11:48:18] --- current velocity: 0.0011140125916896998 (frenet_interface.py:281)
INFO     [2025-01-12 11:48:18] --- current target velocity: 5.001133782720463 (frenet_interface.py:282)
INFO     [2025-01-12 11:48:18] --- Sampled interval of velocity: 0.00 m/s - 5.75 m/s (planner.py:310)
INFO     [2025-01-12 11:48:18] --- select trajectory 191 (reactive_planner_cpp.py:382)
INFO     [2025-01-12 11:48:18] --- current time step: 87 (frenet_interface.py:257)
INFO     [2025-01-12 11:48:18] --- current velocity: 0.0011030119363242808 (frenet_interface.py:258)
INFO     [2025-01-12 11:48:18] --- current target velocity: 5.00111401259169 (frenet_interface.py:259)
INFO     [2025-01-12 11:48:21] --- Sampled interval of velocity: 0.00 m/s - 5.75 m/s (planner.py:310)
INFO     [2025-01-12 11:48:21] --- current time step: 88 (frenet_interface.py:280)
INFO     [2025-01-12 11:48:21] --- current velocity: 0.0010905568580937795 (frenet_interface.py:281)
INFO     [2025-01-12 11:48:21] --- current target velocity: 5.0011030119363244 (frenet_interface.py:282)
INFO     [2025-01-12 11:48:21] --- Sampled interval of velocity: 0.00 m/s - 5.75 m/s (planner.py:310)
INFO     [2025-01-12 11:48:21] --- current time step: 89 (frenet_interface.py:280)
INFO     [2025-01-12 11:48:21] --- current velocity: 0.0010771745562574066 (frenet_interface.py:281)
INFO     [2025-01-12 11:48:21] --- current target velocity: 5.0010905568580934 (frenet_interface.py:282)
INFO     [2025-01-12 11:48:22] --- Sampled interval of velocity: 0.00 m/s - 5.75 m/s (planner.py:310)
INFO     [2025-01-12 11:48:22] --- select trajectory 191 (reactive_planner_cpp.py:382)
INFO     [2025-01-12 11:48:22] --- current time step: 90 (frenet_interface.py:257)
INFO     [2025-01-12 11:48:22] --- current velocity: 0.0010697282673716871 (frenet_interface.py:258)
INFO     [2025-01-12 11:48:22] --- current target velocity: 5.001077174556257 (frenet_interface.py:259)
INFO     [2025-01-12 11:48:24] --- Sampled interval of velocity: 0.00 m/s - 5.75 m/s (planner.py:310)
INFO     [2025-01-12 11:48:24] --- current time step: 91 (frenet_interface.py:280)
INFO     [2025-01-12 11:48:24] --- current velocity: 0.0010612974868630324 (frenet_interface.py:281)
INFO     [2025-01-12 11:48:24] --- current target velocity: 5.001069728267372 (frenet_interface.py:282)
INFO     [2025-01-12 11:48:24] --- Sampled interval of velocity: 0.00 m/s - 5.75 m/s (planner.py:310)
INFO     [2025-01-12 11:48:24] --- current time step: 92 (frenet_interface.py:280)
INFO     [2025-01-12 11:48:24] --- current velocity: 0.001052239073305728 (frenet_interface.py:281)
INFO     [2025-01-12 11:48:24] --- current target velocity: 5.001061297486863 (frenet_interface.py:282)
