CRITICAL [2025-01-12 11:32:44] --- Start Planner Vehicle ID: 30732 (frenet_interface.py:67)
INFO     [2025-01-12 11:32:44] --- Sampled interval of velocity: 0.00 m/s - 15.58 m/s (planner.py:310)
INFO     [2025-01-12 11:32:44] --- select trajectory 111 (reactive_planner_cpp.py:382)
INFO     [2025-01-12 11:32:44] --- current time step: 0 (frenet_interface.py:257)
INFO     [2025-01-12 11:32:44] --- current velocity: 9.692867615267005 (frenet_interface.py:258)
INFO     [2025-01-12 11:32:44] --- current target velocity: 4.831099999999999 (frenet_interface.py:259)
INFO     [2025-01-12 11:32:45] --- Sampled interval of velocity: 0.00 m/s - 15.44 m/s (planner.py:310)
INFO     [2025-01-12 11:32:45] --- current time step: 1 (frenet_interface.py:280)
INFO     [2025-01-12 11:32:45] --- current velocity: 9.313843333499754 (frenet_interface.py:281)
INFO     [2025-01-12 11:32:45] --- current target velocity: 4.692867615267005 (frenet_interface.py:282)
INFO     [2025-01-12 11:32:46] --- Sampled interval of velocity: 0.00 m/s - 15.06 m/s (planner.py:310)
INFO     [2025-01-12 11:32:46] --- current time step: 2 (frenet_interface.py:280)
INFO     [2025-01-12 11:32:46] --- current velocity: 8.747536464050823 (frenet_interface.py:281)
INFO     [2025-01-12 11:32:46] --- current target velocity: 4.313843333499754 (frenet_interface.py:282)
INFO     [2025-01-12 11:32:47] --- Sampled interval of velocity: 0.00 m/s - 14.50 m/s (planner.py:310)
INFO     [2025-01-12 11:32:47] --- select trajectory 111 (reactive_planner_cpp.py:382)
INFO     [2025-01-12 11:32:47] --- current time step: 3 (frenet_interface.py:257)
INFO     [2025-01-12 11:32:47] --- current velocity: 8.362896396219893 (frenet_interface.py:258)
INFO     [2025-01-12 11:32:47] --- current target velocity: 4.1651076286124455 (frenet_interface.py:259)
INFO     [2025-01-12 11:32:48] --- Sampled interval of velocity: 0.00 m/s - 14.11 m/s (planner.py:310)
INFO     [2025-01-12 11:32:48] --- current time step: 4 (frenet_interface.py:280)
INFO     [2025-01-12 11:32:48] --- current velocity: 7.871262803467414 (frenet_interface.py:281)
INFO     [2025-01-12 11:32:48] --- current target velocity: 4.134760830739916 (frenet_interface.py:282)
INFO     [2025-01-12 11:32:48] --- Sampled interval of velocity: 0.00 m/s - 13.62 m/s (planner.py:310)
INFO     [2025-01-12 11:32:48] --- current time step: 5 (frenet_interface.py:280)
INFO     [2025-01-12 11:32:48] --- current velocity: 7.302898003138725 (frenet_interface.py:281)
INFO     [2025-01-12 11:32:48] --- current target velocity: 4.107052679400794 (frenet_interface.py:282)
INFO     [2025-01-12 11:32:48] --- Sampled interval of velocity: 0.00 m/s - 13.05 m/s (planner.py:310)
INFO     [2025-01-12 11:32:49] --- select trajectory 411 (reactive_planner_cpp.py:382)
INFO     [2025-01-12 11:32:49] --- current time step: 6 (frenet_interface.py:257)
INFO     [2025-01-12 11:32:49] --- current velocity: 6.986795384468158 (frenet_interface.py:258)
INFO     [2025-01-12 11:32:49] --- current target velocity: 4.082680924858541 (frenet_interface.py:259)
INFO     [2025-01-12 11:32:50] --- Sampled interval of velocity: 0.00 m/s - 12.74 m/s (planner.py:310)
INFO     [2025-01-12 11:32:50] --- current time step: 7 (frenet_interface.py:280)
INFO     [2025-01-12 11:32:50] --- current velocity: 6.640817590056434 (frenet_interface.py:281)
INFO     [2025-01-12 11:32:50] --- current target velocity: 4.061096342690438 (frenet_interface.py:282)
INFO     [2025-01-12 11:32:50] --- Sampled interval of velocity: 0.00 m/s - 12.39 m/s (planner.py:310)
INFO     [2025-01-12 11:32:51] --- current time step: 8 (frenet_interface.py:280)
INFO     [2025-01-12 11:32:51] --- current velocity: 6.273495267890856 (frenet_interface.py:281)
INFO     [2025-01-12 11:32:51] --- current target velocity: 4.041558440692188 (frenet_interface.py:282)
INFO     [2025-01-12 11:32:51] --- Sampled interval of velocity: 0.00 m/s - 12.02 m/s (planner.py:310)
INFO     [2025-01-12 11:32:51] --- select trajectory 121 (reactive_planner_cpp.py:382)
INFO     [2025-01-12 11:32:51] --- current time step: 9 (frenet_interface.py:257)
INFO     [2025-01-12 11:32:51] --- current velocity: 6.077387886379348 (frenet_interface.py:258)
INFO     [2025-01-12 11:32:51] --- current target velocity: 4.024294003758203 (frenet_interface.py:259)
INFO     [2025-01-12 11:32:53] --- Sampled interval of velocity: 0.00 m/s - 11.83 m/s (planner.py:310)
INFO     [2025-01-12 11:32:53] --- current time step: 10 (frenet_interface.py:280)
INFO     [2025-01-12 11:32:53] --- current velocity: 5.868618855063616 (frenet_interface.py:281)
INFO     [2025-01-12 11:32:53] --- current target velocity: 4.00880855208244 (frenet_interface.py:282)
INFO     [2025-01-12 11:32:53] --- Sampled interval of velocity: 0.00 m/s - 11.62 m/s (planner.py:310)
INFO     [2025-01-12 11:32:53] --- current time step: 11 (frenet_interface.py:280)
INFO     [2025-01-12 11:32:53] --- current velocity: 5.653791287239706 (frenet_interface.py:281)
INFO     [2025-01-12 11:32:53] --- current target velocity: 3.9945696043088494 (frenet_interface.py:282)
INFO     [2025-01-12 11:32:54] --- Sampled interval of velocity: 0.00 m/s - 11.40 m/s (planner.py:310)
INFO     [2025-01-12 11:32:54] --- select trajectory 121 (reactive_planner_cpp.py:382)
INFO     [2025-01-12 11:32:54] --- current time step: 12 (frenet_interface.py:257)
INFO     [2025-01-12 11:32:54] --- current velocity: 5.532611894504345 (frenet_interface.py:258)
INFO     [2025-01-12 11:32:54] --- current target velocity: 3.9816727780048162 (frenet_interface.py:259)
INFO     [2025-01-12 11:32:55] --- Sampled interval of velocity: 0.00 m/s - 11.28 m/s (planner.py:310)
INFO     [2025-01-12 11:32:55] --- current time step: 13 (frenet_interface.py:280)
INFO     [2025-01-12 11:32:55] --- current velocity: 5.389439908544676 (frenet_interface.py:281)
INFO     [2025-01-12 11:32:55] --- current target velocity: 3.969807660887332 (frenet_interface.py:282)
INFO     [2025-01-12 11:32:56] --- Sampled interval of velocity: 0.00 m/s - 11.14 m/s (planner.py:310)
INFO     [2025-01-12 11:32:56] --- current time step: 14 (frenet_interface.py:280)
INFO     [2025-01-12 11:32:56] --- current velocity: 5.231340915429875 (frenet_interface.py:281)
INFO     [2025-01-12 11:32:56] --- current target velocity: 3.958750204879611 (frenet_interface.py:282)
INFO     [2025-01-12 11:32:56] --- Sampled interval of velocity: 0.00 m/s - 10.98 m/s (planner.py:310)
INFO     [2025-01-12 11:32:56] --- select trajectory 121 (reactive_planner_cpp.py:382)
INFO     [2025-01-12 11:32:56] --- current time step: 15 (frenet_interface.py:257)
INFO     [2025-01-12 11:32:56] --- current velocity: 5.137983950795202 (frenet_interface.py:258)
INFO     [2025-01-12 11:32:56] --- current target velocity: 3.948656251679785 (frenet_interface.py:259)
INFO     [2025-01-12 11:32:59] --- Sampled interval of velocity: 0.00 m/s - 10.89 m/s (planner.py:310)
INFO     [2025-01-12 11:32:59] --- current time step: 16 (frenet_interface.py:280)
INFO     [2025-01-12 11:32:59] --- current velocity: 5.025110698780043 (frenet_interface.py:281)
INFO     [2025-01-12 11:32:59] --- current target velocity: 3.939348868703149 (frenet_interface.py:282)
INFO     [2025-01-12 11:32:59] --- Sampled interval of velocity: 0.00 m/s - 10.78 m/s (planner.py:310)
INFO     [2025-01-12 11:32:59] --- current time step: 17 (frenet_interface.py:280)
INFO     [2025-01-12 11:32:59] --- current velocity: 4.898706669270569 (frenet_interface.py:281)
INFO     [2025-01-12 11:32:59] --- current target velocity: 3.9306854185905356 (frenet_interface.py:282)
INFO     [2025-01-12 11:33:00] --- Sampled interval of velocity: 0.00 m/s - 10.65 m/s (planner.py:310)
INFO     [2025-01-12 11:33:00] --- select trajectory 121 (reactive_planner_cpp.py:382)
INFO     [2025-01-12 11:33:00] --- current time step: 18 (frenet_interface.py:257)
INFO     [2025-01-12 11:33:00] --- current velocity: 4.823428567919857 (frenet_interface.py:258)
INFO     [2025-01-12 11:33:00] --- current target velocity: 3.922806781728302 (frenet_interface.py:259)
INFO     [2025-01-12 11:33:02] --- Sampled interval of velocity: 0.00 m/s - 10.57 m/s (planner.py:310)
INFO     [2025-01-12 11:33:02] --- current time step: 19 (frenet_interface.py:280)
INFO     [2025-01-12 11:33:02] --- current velocity: 4.732038758719207 (frenet_interface.py:281)
INFO     [2025-01-12 11:33:02] --- current target velocity: 3.9155774904709975 (frenet_interface.py:282)
INFO     [2025-01-12 11:33:02] --- Sampled interval of velocity: 0.00 m/s - 10.48 m/s (planner.py:310)
INFO     [2025-01-12 11:33:02] --- current time step: 20 (frenet_interface.py:280)
INFO     [2025-01-12 11:33:02] --- current velocity: 4.62944261324148 (frenet_interface.py:281)
INFO     [2025-01-12 11:33:02] --- current target velocity: 3.908885285676528 (frenet_interface.py:282)
INFO     [2025-01-12 11:33:03] --- Sampled interval of velocity: 0.00 m/s - 10.38 m/s (planner.py:310)
INFO     [2025-01-12 11:33:03] --- select trajectory 121 (reactive_planner_cpp.py:382)
INFO     [2025-01-12 11:33:03] --- current time step: 21 (frenet_interface.py:257)
INFO     [2025-01-12 11:33:03] --- current velocity: 4.568253559493017 (frenet_interface.py:258)
INFO     [2025-01-12 11:33:03] --- current target velocity: 3.9028494664097058 (frenet_interface.py:259)
INFO     [2025-01-12 11:33:04] --- Sampled interval of velocity: 0.00 m/s - 10.32 m/s (planner.py:310)
INFO     [2025-01-12 11:33:04] --- current time step: 22 (frenet_interface.py:280)
INFO     [2025-01-12 11:33:04] --- current velocity: 4.493916103921645 (frenet_interface.py:281)
INFO     [2025-01-12 11:33:04] --- current target velocity: 3.897359223011659 (frenet_interface.py:282)
INFO     [2025-01-12 11:33:04] --- Sampled interval of velocity: 0.00 m/s - 10.24 m/s (planner.py:310)
INFO     [2025-01-12 11:33:04] --- current time step: 23 (frenet_interface.py:280)
INFO     [2025-01-12 11:33:04] --- current velocity: 4.410428520258739 (frenet_interface.py:281)
INFO     [2025-01-12 11:33:04] --- current target velocity: 3.892322280849909 (frenet_interface.py:282)
INFO     [2025-01-12 11:33:05] --- Sampled interval of velocity: 0.00 m/s - 10.16 m/s (planner.py:310)
INFO     [2025-01-12 11:33:05] --- select trajectory 121 (reactive_planner_cpp.py:382)
INFO     [2025-01-12 11:33:05] --- current time step: 24 (frenet_interface.py:257)
INFO     [2025-01-12 11:33:05] --- current velocity: 4.360623586446295 (frenet_interface.py:258)
INFO     [2025-01-12 11:33:05] --- current target velocity: 3.887838713276717 (frenet_interface.py:259)
INFO     [2025-01-12 11:33:07] --- Sampled interval of velocity: 0.00 m/s - 10.11 m/s (planner.py:310)
INFO     [2025-01-12 11:33:07] --- current time step: 25 (frenet_interface.py:280)
INFO     [2025-01-12 11:33:07] --- current velocity: 4.300109287532111 (frenet_interface.py:281)
INFO     [2025-01-12 11:33:07] --- current target velocity: 3.883816814484264 (frenet_interface.py:282)
INFO     [2025-01-12 11:33:07] --- Sampled interval of velocity: 0.00 m/s - 10.05 m/s (planner.py:310)
INFO     [2025-01-12 11:33:07] --- current time step: 26 (frenet_interface.py:280)
INFO     [2025-01-12 11:33:07] --- current velocity: 4.2321415417015675 (frenet_interface.py:281)
INFO     [2025-01-12 11:33:07] --- current target velocity: 3.8801801770376967 (frenet_interface.py:282)
INFO     [2025-01-12 11:33:08] --- Sampled interval of velocity: 0.00 m/s - 9.98 m/s (planner.py:310)
INFO     [2025-01-12 11:33:08] --- select trajectory 721 (reactive_planner_cpp.py:382)
INFO     [2025-01-12 11:33:08] --- current time step: 27 (frenet_interface.py:257)
INFO     [2025-01-12 11:33:08] --- current velocity: 4.197560157600766 (frenet_interface.py:258)
INFO     [2025-01-12 11:33:08] --- current target velocity: 3.8770127123335802 (frenet_interface.py:259)
INFO     [2025-01-12 11:33:09] --- Sampled interval of velocity: 0.00 m/s - 9.95 m/s (planner.py:310)
INFO     [2025-01-12 11:33:09] --- current time step: 28 (frenet_interface.py:280)
INFO     [2025-01-12 11:33:09] --- current velocity: 4.164412914438262 (frenet_interface.py:281)
INFO     [2025-01-12 11:33:09] --- current target velocity: 3.874221655654954 (frenet_interface.py:282)
INFO     [2025-01-12 11:33:10] --- Sampled interval of velocity: 0.00 m/s - 9.91 m/s (planner.py:310)
INFO     [2025-01-12 11:33:10] --- current time step: 29 (frenet_interface.py:280)
INFO     [2025-01-12 11:33:10] --- current velocity: 4.132681431690454 (frenet_interface.py:281)
INFO     [2025-01-12 11:33:10] --- current target velocity: 3.871666271219046 (frenet_interface.py:282)
INFO     [2025-01-12 11:33:11] --- Sampled interval of velocity: 0.00 m/s - 9.88 m/s (planner.py:310)
INFO     [2025-01-12 11:33:11] --- select trajectory 721 (reactive_planner_cpp.py:382)
INFO     [2025-01-12 11:33:11] --- current time step: 30 (frenet_interface.py:257)
INFO     [2025-01-12 11:33:11] --- current velocity: 4.1167950421773085 (frenet_interface.py:258)
INFO     [2025-01-12 11:33:11] --- current target velocity: 3.8693405259647755 (frenet_interface.py:259)
INFO     [2025-01-12 11:33:13] --- Sampled interval of velocity: 0.00 m/s - 9.87 m/s (planner.py:310)
INFO     [2025-01-12 11:33:13] --- current time step: 31 (frenet_interface.py:280)
INFO     [2025-01-12 11:33:13] --- current velocity: 4.100222885285728 (frenet_interface.py:281)
INFO     [2025-01-12 11:33:13] --- current target velocity: 3.8671756239630426 (frenet_interface.py:282)
INFO     [2025-01-12 11:33:13] --- Sampled interval of velocity: 0.00 m/s - 9.85 m/s (planner.py:310)
INFO     [2025-01-12 11:33:13] --- current time step: 32 (frenet_interface.py:280)
INFO     [2025-01-12 11:33:13] --- current velocity: 4.083050884326677 (frenet_interface.py:281)
INFO     [2025-01-12 11:33:13] --- current target velocity: 3.8651124880219547 (frenet_interface.py:282)
INFO     [2025-01-12 11:33:14] --- Sampled interval of velocity: 0.00 m/s - 9.83 m/s (planner.py:310)
INFO     [2025-01-12 11:33:14] --- select trajectory 721 (reactive_planner_cpp.py:382)
INFO     [2025-01-12 11:33:14] --- current time step: 33 (frenet_interface.py:257)
INFO     [2025-01-12 11:33:14] --- current velocity: 4.073613484242461 (frenet_interface.py:258)
INFO     [2025-01-12 11:33:14] --- current target velocity: 3.863159291448287 (frenet_interface.py:259)
INFO     [2025-01-12 11:33:16] --- Sampled interval of velocity: 0.00 m/s - 9.82 m/s (planner.py:310)
INFO     [2025-01-12 11:33:16] --- current time step: 34 (frenet_interface.py:280)
INFO     [2025-01-12 11:33:16] --- current velocity: 4.062822849634855 (frenet_interface.py:281)
INFO     [2025-01-12 11:33:16] --- current target velocity: 3.8612871996670544 (frenet_interface.py:282)
INFO     [2025-01-12 11:33:17] --- Sampled interval of velocity: 0.00 m/s - 9.81 m/s (planner.py:310)
INFO     [2025-01-12 11:33:17] --- current time step: 35 (frenet_interface.py:280)
INFO     [2025-01-12 11:33:17] --- current velocity: 4.050796406237147 (frenet_interface.py:281)
INFO     [2025-01-12 11:33:17] --- current target velocity: 3.859471069452342 (frenet_interface.py:282)
INFO     [2025-01-12 11:33:17] --- Sampled interval of velocity: 0.00 m/s - 9.80 m/s (planner.py:310)
INFO     [2025-01-12 11:33:17] --- select trajectory 721 (reactive_planner_cpp.py:382)
INFO     [2025-01-12 11:33:17] --- current time step: 36 (frenet_interface.py:257)
INFO     [2025-01-12 11:33:17] --- current velocity: 4.043685166513511 (frenet_interface.py:258)
INFO     [2025-01-12 11:33:17] --- current target velocity: 3.8577238424549196 (frenet_interface.py:259)
INFO     [2025-01-12 11:33:18] --- Sampled interval of velocity: 0.00 m/s - 9.79 m/s (planner.py:310)
INFO     [2025-01-12 11:33:18] --- current time step: 37 (frenet_interface.py:280)
INFO     [2025-01-12 11:33:18] --- current velocity: 4.035039715249023 (frenet_interface.py:281)
INFO     [2025-01-12 11:33:18] --- current target velocity: 3.8560305389973095 (frenet_interface.py:282)
INFO     [2025-01-12 11:33:19] --- Sampled interval of velocity: 0.00 m/s - 9.79 m/s (planner.py:310)
INFO     [2025-01-12 11:33:19] --- current time step: 38 (frenet_interface.py:280)
INFO     [2025-01-12 11:33:19] --- current velocity: 4.024984645173902 (frenet_interface.py:281)
INFO     [2025-01-12 11:33:19] --- current target velocity: 3.8543777951932388 (frenet_interface.py:282)
INFO     [2025-01-12 11:33:19] --- Sampled interval of velocity: 0.00 m/s - 9.77 m/s (planner.py:310)
INFO     [2025-01-12 11:33:19] --- select trajectory 721 (reactive_planner_cpp.py:382)
INFO     [2025-01-12 11:33:19] --- current time step: 39 (frenet_interface.py:257)
INFO     [2025-01-12 11:33:19] --- current velocity: 4.018807567115573 (frenet_interface.py:258)
INFO     [2025-01-12 11:33:19] --- current target velocity: 3.852780098265095 (frenet_interface.py:259)
INFO     [2025-01-12 11:33:22] --- Sampled interval of velocity: 0.00 m/s - 9.77 m/s (planner.py:310)
INFO     [2025-01-12 11:33:22] --- current time step: 40 (frenet_interface.py:280)
INFO     [2025-01-12 11:33:22] --- current velocity: 4.011077155536648 (frenet_interface.py:281)
INFO     [2025-01-12 11:33:22] --- current target velocity: 3.8512273404083937 (frenet_interface.py:282)
INFO     [2025-01-12 11:33:22] --- Sampled interval of velocity: 0.00 m/s - 9.76 m/s (planner.py:310)
INFO     [2025-01-12 11:33:22] --- current time step: 41 (frenet_interface.py:280)
INFO     [2025-01-12 11:33:22] --- current velocity: 4.001917122677229 (frenet_interface.py:281)
INFO     [2025-01-12 11:33:22] --- current target velocity: 3.849710309769513 (frenet_interface.py:282)
INFO     [2025-01-12 11:33:23] --- Sampled interval of velocity: 0.00 m/s - 9.75 m/s (planner.py:310)
INFO     [2025-01-12 11:33:23] --- select trajectory 721 (reactive_planner_cpp.py:382)
INFO     [2025-01-12 11:33:23] --- current time step: 42 (frenet_interface.py:257)
INFO     [2025-01-12 11:33:23] --- current velocity: 3.996200405452515 (frenet_interface.py:258)
INFO     [2025-01-12 11:33:23] --- current target velocity: 3.8482439470885477 (frenet_interface.py:259)
INFO     [2025-01-12 11:33:24] --- Sampled interval of velocity: 0.00 m/s - 9.75 m/s (planner.py:310)
INFO     [2025-01-12 11:33:24] --- current time step: 43 (frenet_interface.py:280)
INFO     [2025-01-12 11:33:24] --- current velocity: 3.9889640279323637 (frenet_interface.py:281)
INFO     [2025-01-12 11:33:24] --- current target velocity: 3.8468199238641834 (frenet_interface.py:282)
INFO     [2025-01-12 11:33:26] --- Sampled interval of velocity: 0.00 m/s - 9.74 m/s (planner.py:310)
INFO     [2025-01-12 11:33:26] --- current time step: 44 (frenet_interface.py:280)
INFO     [2025-01-12 11:33:26] --- current velocity: 3.9803282437697467 (frenet_interface.py:281)
INFO     [2025-01-12 11:33:26] --- current target velocity: 3.8454305532427333 (frenet_interface.py:282)
INFO     [2025-01-12 11:33:26] --- Sampled interval of velocity: 0.00 m/s - 9.73 m/s (planner.py:310)
INFO     [2025-01-12 11:33:26] --- select trajectory 721 (reactive_planner_cpp.py:382)
INFO     [2025-01-12 11:33:26] --- current time step: 45 (frenet_interface.py:257)
INFO     [2025-01-12 11:33:26] --- current velocity: 3.9749069643219967 (frenet_interface.py:258)
INFO     [2025-01-12 11:33:26] --- current target velocity: 3.8440908687935504 (frenet_interface.py:259)
INFO     [2025-01-12 11:33:27] --- Sampled interval of velocity: 0.00 m/s - 9.72 m/s (planner.py:310)
INFO     [2025-01-12 11:33:27] --- current time step: 46 (frenet_interface.py:280)
INFO     [2025-01-12 11:33:27] --- current velocity: 3.968015895022628 (frenet_interface.py:281)
INFO     [2025-01-12 11:33:27] --- current target velocity: 3.8427932567002205 (frenet_interface.py:282)
INFO     [2025-01-12 11:33:27] --- Sampled interval of velocity: 0.00 m/s - 9.72 m/s (planner.py:310)
INFO     [2025-01-12 11:33:27] --- current time step: 47 (frenet_interface.py:280)
INFO     [2025-01-12 11:33:27] --- current velocity: 3.9597710867472338 (frenet_interface.py:281)
INFO     [2025-01-12 11:33:27] --- current target velocity: 3.8415306507057037 (frenet_interface.py:282)
INFO     [2025-01-12 11:33:28] --- Sampled interval of velocity: 0.00 m/s - 9.71 m/s (planner.py:310)
INFO     [2025-01-12 11:33:28] --- select trajectory 741 (reactive_planner_cpp.py:382)
INFO     [2025-01-12 11:33:28] --- current time step: 48 (frenet_interface.py:257)
INFO     [2025-01-12 11:33:28] --- current velocity: 3.9556207548854 (frenet_interface.py:258)
INFO     [2025-01-12 11:33:28] --- current target velocity: 3.8403180684594624 (frenet_interface.py:259)
INFO     [2025-01-12 11:33:29] --- Sampled interval of velocity: 0.00 m/s - 9.71 m/s (planner.py:310)
INFO     [2025-01-12 11:33:29] --- current time step: 49 (frenet_interface.py:280)
INFO     [2025-01-12 11:33:29] --- current velocity: 3.9520330122822407 (frenet_interface.py:281)
INFO     [2025-01-12 11:33:29] --- current target velocity: 3.8391447711999254 (frenet_interface.py:282)
INFO     [2025-01-12 11:33:30] --- Sampled interval of velocity: 0.00 m/s - 9.70 m/s (planner.py:310)
INFO     [2025-01-12 11:33:30] --- current time step: 50 (frenet_interface.py:280)
INFO     [2025-01-12 11:33:30] --- current velocity: 3.9489782491914216 (frenet_interface.py:281)
INFO     [2025-01-12 11:33:30] --- current target velocity: 3.8379868272306203 (frenet_interface.py:282)
INFO     [2025-01-12 11:33:30] --- Sampled interval of velocity: 0.00 m/s - 9.70 m/s (planner.py:310)
INFO     [2025-01-12 11:33:30] --- select trajectory 741 (reactive_planner_cpp.py:382)
INFO     [2025-01-12 11:33:30] --- current time step: 51 (frenet_interface.py:257)
INFO     [2025-01-12 11:33:30] --- current velocity: 3.9476708942163805 (frenet_interface.py:258)
INFO     [2025-01-12 11:33:30] --- current target velocity: 3.83683911691062 (frenet_interface.py:259)
INFO     [2025-01-12 11:33:31] --- Sampled interval of velocity: 0.00 m/s - 9.70 m/s (planner.py:310)
INFO     [2025-01-12 11:33:31] --- current time step: 52 (frenet_interface.py:280)
INFO     [2025-01-12 11:33:31] --- current velocity: 3.9465407543056505 (frenet_interface.py:281)
INFO     [2025-01-12 11:33:31] --- current target velocity: 3.8356899386910284 (frenet_interface.py:282)
INFO     [2025-01-12 11:33:32] --- Sampled interval of velocity: 0.00 m/s - 9.70 m/s (planner.py:310)
INFO     [2025-01-12 11:33:32] --- current time step: 53 (frenet_interface.py:280)
INFO     [2025-01-12 11:33:32] --- current velocity: 3.945578502911409 (frenet_interface.py:281)
INFO     [2025-01-12 11:33:32] --- current target velocity: 3.8345295064421676 (frenet_interface.py:282)
INFO     [2025-01-12 11:33:32] --- Sampled interval of velocity: 0.00 m/s - 9.70 m/s (planner.py:310)
INFO     [2025-01-12 11:33:32] --- select trajectory 121 (reactive_planner_cpp.py:382)
INFO     [2025-01-12 11:33:32] --- current time step: 54 (frenet_interface.py:257)
INFO     [2025-01-12 11:33:32] --- current velocity: 3.9380148375102992 (frenet_interface.py:258)
INFO     [2025-01-12 11:33:32] --- current target velocity: 3.833355648434959 (frenet_interface.py:259)
INFO     [2025-01-12 11:33:34] --- Sampled interval of velocity: 0.00 m/s - 9.69 m/s (planner.py:310)
INFO     [2025-01-12 11:33:34] --- current time step: 55 (frenet_interface.py:280)
INFO     [2025-01-12 11:33:34] --- current velocity: 3.918048611142372 (frenet_interface.py:281)
INFO     [2025-01-12 11:33:34] --- current target velocity: 3.832189799819357 (frenet_interface.py:282)
INFO     [2025-01-12 11:33:34] --- Sampled interval of velocity: 0.00 m/s - 9.67 m/s (planner.py:310)
INFO     [2025-01-12 11:33:34] --- current time step: 56 (frenet_interface.py:280)
INFO     [2025-01-12 11:33:34] --- current velocity: 3.8884448518521224 (frenet_interface.py:281)
INFO     [2025-01-12 11:33:34] --- current target velocity: 3.831149366966162 (frenet_interface.py:282)
INFO     [2025-01-12 11:33:35] --- Sampled interval of velocity: 0.00 m/s - 9.64 m/s (planner.py:310)
WARNING  [2025-01-12 11:33:35] --- No optimal trajectory available. Select stopping trajectory! (reactive_planner_cpp.py:407)
INFO     [2025-01-12 11:33:35] --- current time step: 57 (frenet_interface.py:257)
INFO     [2025-01-12 11:33:35] --- current velocity: 3.784059984117014 (frenet_interface.py:258)
INFO     [2025-01-12 11:33:35] --- current target velocity: 3.830358222636785 (frenet_interface.py:259)
