CRITICAL [2025-01-12 11:28:45] --- Start Planner Vehicle ID: 20151 (frenet_interface.py:67)
INFO     [2025-01-12 11:28:54] --- Sampled interval of velocity: 0.00 m/s - 19.05 m/s (planner.py:310)
INFO     [2025-01-12 11:28:54] --- select trajectory 191 (reactive_planner_cpp.py:382)
INFO     [2025-01-12 11:28:54] --- current time step: 0 (frenet_interface.py:257)
INFO     [2025-01-12 11:28:54] --- current velocity: 12.855155519792348 (frenet_interface.py:258)
INFO     [2025-01-12 11:28:54] --- current target velocity: 8.299 (frenet_interface.py:259)
INFO     [2025-01-12 11:28:58] --- Sampled interval of velocity: 0.00 m/s - 18.61 m/s (planner.py:310)
INFO     [2025-01-12 11:28:58] --- current time step: 1 (frenet_interface.py:280)
INFO     [2025-01-12 11:28:58] --- current velocity: 11.922764997057763 (frenet_interface.py:281)
INFO     [2025-01-12 11:28:58] --- current target velocity: 7.855155519792348 (frenet_interface.py:282)
INFO     [2025-01-12 11:29:00] --- Sampled interval of velocity: 0.00 m/s - 17.67 m/s (planner.py:310)
INFO     [2025-01-12 11:29:00] --- current time step: 2 (frenet_interface.py:280)
INFO     [2025-01-12 11:29:00] --- current velocity: 10.613672807500905 (frenet_interface.py:281)
INFO     [2025-01-12 11:29:00] --- current target velocity: 6.922764997057763 (frenet_interface.py:282)
INFO     [2025-01-12 11:29:03] --- Sampled interval of velocity: 0.00 m/s - 16.36 m/s (planner.py:310)
WARNING  [2025-01-12 11:29:04] --- No optimal trajectory available. Select stopping trajectory! (reactive_planner_cpp.py:407)
INFO     [2025-01-12 11:29:04] --- current time step: 3 (frenet_interface.py:257)
INFO     [2025-01-12 11:29:04] --- current velocity: 9.76312305733418 (frenet_interface.py:258)
INFO     [2025-01-12 11:29:04] --- current target velocity: 10.613672807500905 (frenet_interface.py:259)
INFO     [2025-01-12 11:29:08] --- Sampled interval of velocity: 0.00 m/s - 15.51 m/s (planner.py:310)
INFO     [2025-01-12 11:29:08] --- current time step: 4 (frenet_interface.py:280)
INFO     [2025-01-12 11:29:08] --- current velocity: 8.711288134892436 (frenet_interface.py:281)
INFO     [2025-01-12 11:29:08] --- current target velocity: 9.76312305733418 (frenet_interface.py:282)
INFO     [2025-01-12 11:29:09] --- Sampled interval of velocity: 0.00 m/s - 14.46 m/s (planner.py:310)
INFO     [2025-01-12 11:29:09] --- current time step: 5 (frenet_interface.py:280)
INFO     [2025-01-12 11:29:09] --- current velocity: 7.517647185128539 (frenet_interface.py:281)
INFO     [2025-01-12 11:29:09] --- current target velocity: 8.711288134892436 (frenet_interface.py:282)
INFO     [2025-01-12 11:29:12] --- Sampled interval of velocity: 0.00 m/s - 13.27 m/s (planner.py:310)
WARNING  [2025-01-12 11:29:14] --- No optimal trajectory available. Select stopping trajectory! (reactive_planner_cpp.py:407)
INFO     [2025-01-12 11:29:14] --- current time step: 6 (frenet_interface.py:257)
INFO     [2025-01-12 11:29:14] --- current velocity: 6.828232660193594 (frenet_interface.py:258)
INFO     [2025-01-12 11:29:14] --- current target velocity: 7.517647185128539 (frenet_interface.py:259)
INFO     [2025-01-12 11:29:17] --- Sampled interval of velocity: 0.00 m/s - 12.58 m/s (planner.py:310)
INFO     [2025-01-12 11:29:17] --- current time step: 7 (frenet_interface.py:280)
INFO     [2025-01-12 11:29:17] --- current velocity: 6.029311769059851 (frenet_interface.py:281)
INFO     [2025-01-12 11:29:17] --- current target velocity: 6.828232660193594 (frenet_interface.py:282)
