CRITICAL [2025-01-12 11:29:03] --- Start Planner Vehicle ID: 20049 (frenet_interface.py:67)
INFO     [2025-01-12 11:29:05] --- Sampled interval of velocity: 0.00 m/s - 16.03 m/s (planner.py:310)
INFO     [2025-01-12 11:29:05] --- select trajectory 121 (reactive_planner_cpp.py:382)
INFO     [2025-01-12 11:29:05] --- current time step: 0 (frenet_interface.py:257)
INFO     [2025-01-12 11:29:05] --- current velocity: 10.056413038433531 (frenet_interface.py:258)
INFO     [2025-01-12 11:29:05] --- current target velocity: 5.2835 (frenet_interface.py:259)
INFO     [2025-01-12 11:29:07] --- Sampled interval of velocity: 0.00 m/s - 15.81 m/s (planner.py:310)
INFO     [2025-01-12 11:29:07] --- current time step: 1 (frenet_interface.py:280)
INFO     [2025-01-12 11:29:07] --- current velocity: 9.704665059575497 (frenet_interface.py:281)
INFO     [2025-01-12 11:29:07] --- current target velocity: 5.056413038433531 (frenet_interface.py:282)
INFO     [2025-01-12 11:29:08] --- Sampled interval of velocity: 0.00 m/s - 15.45 m/s (planner.py:310)
INFO     [2025-01-12 11:29:08] --- current time step: 2 (frenet_interface.py:280)
INFO     [2025-01-12 11:29:08] --- current velocity: 9.259053585023587 (frenet_interface.py:281)
INFO     [2025-01-12 11:29:08] --- current target velocity: 4.704665059575497 (frenet_interface.py:282)
INFO     [2025-01-12 11:29:09] --- Sampled interval of velocity: 0.00 m/s - 15.01 m/s (planner.py:310)
INFO     [2025-01-12 11:29:09] --- select trajectory 111 (reactive_planner_cpp.py:382)
INFO     [2025-01-12 11:29:09] --- current time step: 3 (frenet_interface.py:257)
INFO     [2025-01-12 11:29:09] --- current velocity: 8.931588778186514 (frenet_interface.py:258)
INFO     [2025-01-12 11:29:09] --- current target velocity: 4.259053585023587 (frenet_interface.py:259)
INFO     [2025-01-12 11:29:11] --- Sampled interval of velocity: 0.00 m/s - 14.68 m/s (planner.py:310)
INFO     [2025-01-12 11:29:11] --- current time step: 4 (frenet_interface.py:280)
INFO     [2025-01-12 11:29:11] --- current velocity: 8.456369971839292 (frenet_interface.py:281)
INFO     [2025-01-12 11:29:11] --- current target velocity: 3.931588778186514 (frenet_interface.py:282)
INFO     [2025-01-12 11:29:12] --- Sampled interval of velocity: 0.00 m/s - 14.21 m/s (planner.py:310)
INFO     [2025-01-12 11:29:12] --- current time step: 5 (frenet_interface.py:280)
INFO     [2025-01-12 11:29:12] --- current velocity: 7.871091079373286 (frenet_interface.py:281)
INFO     [2025-01-12 11:29:12] --- current target velocity: 3.456369971839292 (frenet_interface.py:282)
INFO     [2025-01-12 11:29:12] --- Sampled interval of velocity: 0.00 m/s - 13.62 m/s (planner.py:310)
INFO     [2025-01-12 11:29:12] --- select trajectory 111 (reactive_planner_cpp.py:382)
INFO     [2025-01-12 11:29:12] --- current time step: 6 (frenet_interface.py:257)
INFO     [2025-01-12 11:29:12] --- current velocity: 7.507618831582927 (frenet_interface.py:258)
INFO     [2025-01-12 11:29:12] --- current target velocity: 2.8710910793732856 (frenet_interface.py:259)
INFO     [2025-01-12 11:29:15] --- Sampled interval of velocity: 0.00 m/s - 13.26 m/s (planner.py:310)
INFO     [2025-01-12 11:29:15] --- current time step: 7 (frenet_interface.py:280)
INFO     [2025-01-12 11:29:15] --- current velocity: 7.061586872361756 (frenet_interface.py:281)
INFO     [2025-01-12 11:29:15] --- current target velocity: 2.507618831582927 (frenet_interface.py:282)
INFO     [2025-01-12 11:29:16] --- Sampled interval of velocity: 0.00 m/s - 12.81 m/s (planner.py:310)
INFO     [2025-01-12 11:29:16] --- current time step: 8 (frenet_interface.py:280)
INFO     [2025-01-12 11:29:16] --- current velocity: 6.557716243428204 (frenet_interface.py:281)
INFO     [2025-01-12 11:29:16] --- current target velocity: 2.0615868723617563 (frenet_interface.py:282)
INFO     [2025-01-12 11:29:16] --- Sampled interval of velocity: 0.00 m/s - 12.31 m/s (planner.py:310)
INFO     [2025-01-12 11:29:16] --- select trajectory 101 (reactive_planner_cpp.py:382)
INFO     [2025-01-12 11:29:16] --- current time step: 9 (frenet_interface.py:257)
INFO     [2025-01-12 11:29:16] --- current velocity: 6.22406145051118 (frenet_interface.py:258)
INFO     [2025-01-12 11:29:16] --- current target velocity: 1.557716243428204 (frenet_interface.py:259)
INFO     [2025-01-12 11:29:19] --- Sampled interval of velocity: 0.00 m/s - 11.97 m/s (planner.py:310)
INFO     [2025-01-12 11:29:19] --- current time step: 10 (frenet_interface.py:280)
INFO     [2025-01-12 11:29:19] --- current velocity: 5.769206879462649 (frenet_interface.py:281)
INFO     [2025-01-12 11:29:19] --- current target velocity: 1.3299149930780272 (frenet_interface.py:282)
INFO     [2025-01-12 11:29:19] --- Sampled interval of velocity: 0.00 m/s - 11.52 m/s (planner.py:310)
INFO     [2025-01-12 11:29:19] --- current time step: 11 (frenet_interface.py:280)
INFO     [2025-01-12 11:29:19] --- current velocity: 5.225353319692765 (frenet_interface.py:281)
INFO     [2025-01-12 11:29:19] --- current target velocity: 1.2960346537724612 (frenet_interface.py:282)
INFO     [2025-01-12 11:29:20] --- Sampled interval of velocity: 0.00 m/s - 10.98 m/s (planner.py:310)
INFO     [2025-01-12 11:29:20] --- select trajectory 101 (reactive_planner_cpp.py:382)
INFO     [2025-01-12 11:29:20] --- current time step: 12 (frenet_interface.py:257)
INFO     [2025-01-12 11:29:20] --- current velocity: 4.896946477817923 (frenet_interface.py:258)
INFO     [2025-01-12 11:29:20] --- current target velocity: 1.2653242943519618 (frenet_interface.py:259)
INFO     [2025-01-12 11:29:21] --- Sampled interval of velocity: 0.00 m/s - 10.65 m/s (planner.py:310)
INFO     [2025-01-12 11:29:21] --- current time step: 13 (frenet_interface.py:280)
INFO     [2025-01-12 11:29:21] --- current velocity: 4.502930652000477 (frenet_interface.py:281)
INFO     [2025-01-12 11:29:21] --- current target velocity: 1.237367396342754 (frenet_interface.py:282)
INFO     [2025-01-12 11:29:22] --- Sampled interval of velocity: 0.00 m/s - 10.25 m/s (planner.py:310)
INFO     [2025-01-12 11:29:22] --- current time step: 14 (frenet_interface.py:280)
INFO     [2025-01-12 11:29:22] --- current velocity: 4.063722600399186 (frenet_interface.py:281)
INFO     [2025-01-12 11:29:22] --- current target velocity: 1.211684574049539 (frenet_interface.py:282)
INFO     [2025-01-12 11:29:24] --- Sampled interval of velocity: 0.00 m/s - 9.81 m/s (planner.py:310)
INFO     [2025-01-12 11:29:24] --- select trajectory 101 (reactive_planner_cpp.py:382)
INFO     [2025-01-12 11:29:24] --- current time step: 15 (frenet_interface.py:257)
INFO     [2025-01-12 11:29:24] --- current velocity: 3.8096489059400587 (frenet_interface.py:258)
INFO     [2025-01-12 11:29:24] --- current target velocity: 1.1887401444599945 (frenet_interface.py:259)
INFO     [2025-01-12 11:29:26] --- Sampled interval of velocity: 0.00 m/s - 9.56 m/s (planner.py:310)
INFO     [2025-01-12 11:29:26] --- current time step: 16 (frenet_interface.py:280)
INFO     [2025-01-12 11:29:26] --- current velocity: 3.5119568883954226 (frenet_interface.py:281)
INFO     [2025-01-12 11:29:26] --- current target velocity: 1.1680470920669284 (frenet_interface.py:282)
INFO     [2025-01-12 11:29:26] --- Sampled interval of velocity: 0.00 m/s - 9.26 m/s (planner.py:310)
INFO     [2025-01-12 11:29:26] --- current time step: 17 (frenet_interface.py:280)
INFO     [2025-01-12 11:29:26] --- current velocity: 3.1849362805875123 (frenet_interface.py:281)
INFO     [2025-01-12 11:29:26] --- current target velocity: 1.1491395263109916 (frenet_interface.py:282)
INFO     [2025-01-12 11:29:27] --- Sampled interval of velocity: 0.00 m/s - 8.93 m/s (planner.py:310)
INFO     [2025-01-12 11:29:27] --- select trajectory 101 (reactive_planner_cpp.py:382)
INFO     [2025-01-12 11:29:27] --- current time step: 18 (frenet_interface.py:257)
INFO     [2025-01-12 11:29:27] --- current velocity: 2.9975655096032767 (frenet_interface.py:258)
INFO     [2025-01-12 11:29:27] --- current target velocity: 1.1323367687225516 (frenet_interface.py:259)
INFO     [2025-01-12 11:29:28] --- Sampled interval of velocity: 0.00 m/s - 8.75 m/s (planner.py:310)
INFO     [2025-01-12 11:29:28] --- current time step: 19 (frenet_interface.py:280)
INFO     [2025-01-12 11:29:28] --- current velocity: 2.779232659486852 (frenet_interface.py:281)
INFO     [2025-01-12 11:29:28] --- current target velocity: 1.1172450060717027 (frenet_interface.py:282)
INFO     [2025-01-12 11:29:29] --- Sampled interval of velocity: 0.00 m/s - 8.53 m/s (planner.py:310)
INFO     [2025-01-12 11:29:29] --- current time step: 20 (frenet_interface.py:280)
INFO     [2025-01-12 11:29:29] --- current velocity: 2.5402207589303507 (frenet_interface.py:281)
INFO     [2025-01-12 11:29:29] --- current target velocity: 1.103498402537193 (frenet_interface.py:282)
INFO     [2025-01-12 11:29:30] --- Sampled interval of velocity: 0.00 m/s - 8.29 m/s (planner.py:310)
INFO     [2025-01-12 11:29:30] --- select trajectory 101 (reactive_planner_cpp.py:382)
INFO     [2025-01-12 11:29:30] --- current time step: 21 (frenet_interface.py:257)
INFO     [2025-01-12 11:29:30] --- current velocity: 2.4035922625804815 (frenet_interface.py:258)
INFO     [2025-01-12 11:29:30] --- current target velocity: 1.0913302147901272 (frenet_interface.py:259)
INFO     [2025-01-12 11:29:31] --- Sampled interval of velocity: 0.00 m/s - 8.15 m/s (planner.py:310)
INFO     [2025-01-12 11:29:31] --- current time step: 22 (frenet_interface.py:280)
INFO     [2025-01-12 11:29:31] --- current velocity: 2.24459883315195 (frenet_interface.py:281)
INFO     [2025-01-12 11:29:31] --- current target velocity: 1.0804423845321285 (frenet_interface.py:282)
INFO     [2025-01-12 11:29:32] --- Sampled interval of velocity: 0.00 m/s - 7.99 m/s (planner.py:310)
INFO     [2025-01-12 11:29:32] --- current time step: 23 (frenet_interface.py:280)
INFO     [2025-01-12 11:29:32] --- current velocity: 2.070694532573623 (frenet_interface.py:281)
INFO     [2025-01-12 11:29:32] --- current target velocity: 1.0705597722275346 (frenet_interface.py:282)
INFO     [2025-01-12 11:29:32] --- Sampled interval of velocity: 0.00 m/s - 7.82 m/s (planner.py:310)
INFO     [2025-01-12 11:29:32] --- select trajectory 101 (reactive_planner_cpp.py:382)
INFO     [2025-01-12 11:29:32] --- current time step: 24 (frenet_interface.py:257)
INFO     [2025-01-12 11:29:32] --- current velocity: 1.9713405016363394 (frenet_interface.py:258)
INFO     [2025-01-12 11:29:32] --- current target velocity: 1.06185560576312 (frenet_interface.py:259)
INFO     [2025-01-12 11:29:34] --- Sampled interval of velocity: 0.00 m/s - 7.72 m/s (planner.py:310)
INFO     [2025-01-12 11:29:34] --- current time step: 25 (frenet_interface.py:280)
INFO     [2025-01-12 11:29:34] --- current velocity: 1.8557612056938189 (frenet_interface.py:281)
INFO     [2025-01-12 11:29:34] --- current target velocity: 1.0541076969265912 (frenet_interface.py:282)
INFO     [2025-01-12 11:29:35] --- Sampled interval of velocity: 0.00 m/s - 7.61 m/s (planner.py:310)
INFO     [2025-01-12 11:29:35] --- current time step: 26 (frenet_interface.py:280)
INFO     [2025-01-12 11:29:35] --- current velocity: 1.7293690727714865 (frenet_interface.py:281)
INFO     [2025-01-12 11:29:35] --- current target velocity: 1.0471111895587522 (frenet_interface.py:282)
INFO     [2025-01-12 11:29:35] --- Sampled interval of velocity: 0.00 m/s - 7.48 m/s (planner.py:310)
INFO     [2025-01-12 11:29:35] --- select trajectory 101 (reactive_planner_cpp.py:382)
INFO     [2025-01-12 11:29:35] --- current time step: 27 (frenet_interface.py:257)
INFO     [2025-01-12 11:29:35] --- current velocity: 1.657169631953389 (frenet_interface.py:258)
INFO     [2025-01-12 11:29:35] --- current target velocity: 1.0409953712434432 (frenet_interface.py:259)
INFO     [2025-01-12 11:29:37] --- Sampled interval of velocity: 0.00 m/s - 7.41 m/s (planner.py:310)
INFO     [2025-01-12 11:29:37] --- current time step: 28 (frenet_interface.py:280)
INFO     [2025-01-12 11:29:37] --- current velocity: 1.5731863192212419 (frenet_interface.py:281)
INFO     [2025-01-12 11:29:37] --- current target velocity: 1.0355952070646715 (frenet_interface.py:282)
INFO     [2025-01-12 11:29:38] --- Sampled interval of velocity: 0.00 m/s - 7.32 m/s (planner.py:310)
INFO     [2025-01-12 11:29:38] --- current time step: 29 (frenet_interface.py:280)
INFO     [2025-01-12 11:29:38] --- current velocity: 1.4813509380668228 (frenet_interface.py:281)
INFO     [2025-01-12 11:29:38] --- current target velocity: 1.0307585332755889 (frenet_interface.py:282)
INFO     [2025-01-12 11:29:38] --- Sampled interval of velocity: 0.00 m/s - 7.23 m/s (planner.py:310)
INFO     [2025-01-12 11:29:38] --- select trajectory 401 (reactive_planner_cpp.py:382)
INFO     [2025-01-12 11:29:38] --- current time step: 30 (frenet_interface.py:257)
INFO     [2025-01-12 11:29:38] --- current velocity: 1.4322264295509155 (frenet_interface.py:258)
INFO     [2025-01-12 11:29:38] --- current target velocity: 1.0265820584203933 (frenet_interface.py:259)
INFO     [2025-01-12 11:29:40] --- Sampled interval of velocity: 0.00 m/s - 7.18 m/s (planner.py:310)
INFO     [2025-01-12 11:29:40] --- current time step: 31 (frenet_interface.py:280)
INFO     [2025-01-12 11:29:40] --- current velocity: 1.3800208976736055 (frenet_interface.py:281)
INFO     [2025-01-12 11:29:40] --- current target velocity: 1.0229336846879855 (frenet_interface.py:282)
INFO     [2025-01-12 11:29:41] --- Sampled interval of velocity: 0.00 m/s - 7.13 m/s (planner.py:310)
INFO     [2025-01-12 11:29:41] --- current time step: 32 (frenet_interface.py:280)
INFO     [2025-01-12 11:29:41] --- current velocity: 1.3258100589173707 (frenet_interface.py:281)
INFO     [2025-01-12 11:29:41] --- current target velocity: 1.0196567459843975 (frenet_interface.py:282)
INFO     [2025-01-12 11:29:41] --- Sampled interval of velocity: 0.00 m/s - 7.08 m/s (planner.py:310)
INFO     [2025-01-12 11:29:41] --- select trajectory 701 (reactive_planner_cpp.py:382)
INFO     [2025-01-12 11:29:41] --- current time step: 33 (frenet_interface.py:257)
INFO     [2025-01-12 11:29:41] --- current velocity: 1.2987450438971855 (frenet_interface.py:258)
INFO     [2025-01-12 11:29:41] --- current target velocity: 1.0167827721957703 (frenet_interface.py:259)
INFO     [2025-01-12 11:29:43] --- Sampled interval of velocity: 0.00 m/s - 7.05 m/s (planner.py:310)
INFO     [2025-01-12 11:29:43] --- current time step: 34 (frenet_interface.py:280)
INFO     [2025-01-12 11:29:43] --- current velocity: 1.2724135440712616 (frenet_interface.py:281)
INFO     [2025-01-12 11:29:43] --- current target velocity: 1.0142137795935222 (frenet_interface.py:282)
INFO     [2025-01-12 11:29:43] --- Sampled interval of velocity: 0.00 m/s - 7.02 m/s (planner.py:310)
INFO     [2025-01-12 11:29:43] --- current time step: 35 (frenet_interface.py:280)
INFO     [2025-01-12 11:29:43] --- current velocity: 1.2468284702669006 (frenet_interface.py:281)
INFO     [2025-01-12 11:29:43] --- current target velocity: 1.011833921492508 (frenet_interface.py:282)
INFO     [2025-01-12 11:29:44] --- Sampled interval of velocity: 0.00 m/s - 7.00 m/s (planner.py:310)
INFO     [2025-01-12 11:29:44] --- select trajectory 701 (reactive_planner_cpp.py:382)
INFO     [2025-01-12 11:29:44] --- current time step: 36 (frenet_interface.py:257)
INFO     [2025-01-12 11:29:44] --- current velocity: 1.2338406108245688 (frenet_interface.py:258)
INFO     [2025-01-12 11:29:44] --- current target velocity: 1.0096416707872236 (frenet_interface.py:259)
INFO     [2025-01-12 11:29:46] --- Sampled interval of velocity: 0.00 m/s - 6.98 m/s (planner.py:310)
INFO     [2025-01-12 11:29:46] --- current time step: 37 (frenet_interface.py:280)
INFO     [2025-01-12 11:29:46] --- current velocity: 1.2201386099707061 (frenet_interface.py:281)
INFO     [2025-01-12 11:29:46] --- current target velocity: 1.007581351606997 (frenet_interface.py:282)
INFO     [2025-01-12 11:29:46] --- Sampled interval of velocity: 0.00 m/s - 6.97 m/s (planner.py:310)
INFO     [2025-01-12 11:29:46] --- current time step: 38 (frenet_interface.py:280)
INFO     [2025-01-12 11:29:46] --- current velocity: 1.2058034867253826 (frenet_interface.py:281)
INFO     [2025-01-12 11:29:46] --- current target velocity: 1.0056041949380403 (frenet_interface.py:282)
INFO     [2025-01-12 11:29:47] --- Sampled interval of velocity: 0.00 m/s - 6.96 m/s (planner.py:310)
INFO     [2025-01-12 11:29:47] --- select trajectory 706 (reactive_planner_cpp.py:382)
INFO     [2025-01-12 11:29:47] --- current time step: 39 (frenet_interface.py:257)
INFO     [2025-01-12 11:29:47] --- current velocity: 1.1978771837410394 (frenet_interface.py:258)
INFO     [2025-01-12 11:29:47] --- current target velocity: 1.0037185927917343 (frenet_interface.py:259)
INFO     [2025-01-12 11:29:49] --- Sampled interval of velocity: 0.00 m/s - 6.95 m/s (planner.py:310)
INFO     [2025-01-12 11:29:49] --- current time step: 40 (frenet_interface.py:280)
INFO     [2025-01-12 11:29:49] --- current velocity: 1.188789848020477 (frenet_interface.py:281)
INFO     [2025-01-12 11:29:49] --- current target velocity: 1.0019000361356194 (frenet_interface.py:282)
INFO     [2025-01-12 11:29:49] --- Sampled interval of velocity: 0.00 m/s - 6.94 m/s (planner.py:310)
INFO     [2025-01-12 11:29:49] --- current time step: 41 (frenet_interface.py:280)
INFO     [2025-01-12 11:29:49] --- current velocity: 1.1786418206597187 (frenet_interface.py:281)
INFO     [2025-01-12 11:29:49] --- current target velocity: 1.000126646775029 (frenet_interface.py:282)
INFO     [2025-01-12 11:29:50] --- Sampled interval of velocity: 0.00 m/s - 6.93 m/s (planner.py:310)
INFO     [2025-01-12 11:29:50] --- select trajectory 701 (reactive_planner_cpp.py:382)
INFO     [2025-01-12 11:29:50] --- current time step: 42 (frenet_interface.py:257)
INFO     [2025-01-12 11:29:50] --- current velocity: 1.1726524086519625 (frenet_interface.py:258)
INFO     [2025-01-12 11:29:50] --- current target velocity: 0.9984100729820183 (frenet_interface.py:259)
INFO     [2025-01-12 11:29:52] --- Sampled interval of velocity: 0.00 m/s - 6.92 m/s (planner.py:310)
INFO     [2025-01-12 11:29:52] --- current time step: 43 (frenet_interface.py:280)
INFO     [2025-01-12 11:29:52] --- current velocity: 1.1653977915989775 (frenet_interface.py:281)
INFO     [2025-01-12 11:29:52] --- current target velocity: 0.9967369902930274 (frenet_interface.py:282)
INFO     [2025-01-12 11:29:52] --- Sampled interval of velocity: 0.00 m/s - 6.92 m/s (planner.py:310)
INFO     [2025-01-12 11:29:52] --- current time step: 44 (frenet_interface.py:280)
INFO     [2025-01-12 11:29:52] --- current velocity: 1.1569810133328704 (frenet_interface.py:281)
INFO     [2025-01-12 11:29:52] --- current target velocity: 0.9950951879683371 (frenet_interface.py:282)
INFO     [2025-01-12 11:29:53] --- Sampled interval of velocity: 0.00 m/s - 6.91 m/s (planner.py:310)
INFO     [2025-01-12 11:29:53] --- select trajectory 701 (reactive_planner_cpp.py:382)
INFO     [2025-01-12 11:29:53] --- current time step: 45 (frenet_interface.py:257)
INFO     [2025-01-12 11:29:53] --- current velocity: 1.1518389684556927 (frenet_interface.py:258)
INFO     [2025-01-12 11:29:53] --- current target velocity: 0.9934972383483384 (frenet_interface.py:259)
INFO     [2025-01-12 11:29:55] --- Sampled interval of velocity: 0.00 m/s - 6.90 m/s (planner.py:310)
INFO     [2025-01-12 11:29:55] --- current time step: 46 (frenet_interface.py:280)
INFO     [2025-01-12 11:29:55] --- current velocity: 1.1454431603285253 (frenet_interface.py:281)
INFO     [2025-01-12 11:29:55] --- current target velocity: 0.9919339237755447 (frenet_interface.py:282)
INFO     [2025-01-12 11:29:55] --- Sampled interval of velocity: 0.00 m/s - 6.90 m/s (planner.py:310)
INFO     [2025-01-12 11:29:55] --- current time step: 47 (frenet_interface.py:280)
INFO     [2025-01-12 11:29:55] --- current velocity: 1.1378938142945574 (frenet_interface.py:281)
INFO     [2025-01-12 11:29:55] --- current target velocity: 0.9903965959676563 (frenet_interface.py:282)
