CRITICAL [2025-01-12 11:50:09] --- Start Planner Vehicle ID: 20083 (frenet_interface.py:67)
INFO     [2025-01-12 11:50:17] --- Sampled interval of velocity: 0.00 m/s - 18.54 m/s (planner.py:310)
INFO     [2025-01-12 11:50:17] --- select trajectory 121 (reactive_planner_cpp.py:382)
INFO     [2025-01-12 11:50:17] --- current time step: 0 (frenet_interface.py:257)
INFO     [2025-01-12 11:50:17] --- current velocity: 12.557622365688172 (frenet_interface.py:258)
INFO     [2025-01-12 11:50:17] --- current target velocity: 7.7928 (frenet_interface.py:259)
INFO     [2025-01-12 11:50:19] --- Sampled interval of velocity: 0.00 m/s - 18.31 m/s (planner.py:310)
INFO     [2025-01-12 11:50:19] --- current time step: 1 (frenet_interface.py:280)
INFO     [2025-01-12 11:50:19] --- current velocity: 12.1230896110029 (frenet_interface.py:281)
INFO     [2025-01-12 11:50:19] --- current target velocity: 7.557622365688172 (frenet_interface.py:282)
INFO     [2025-01-12 11:50:19] --- Sampled interval of velocity: 0.00 m/s - 17.87 m/s (planner.py:310)
INFO     [2025-01-12 11:50:19] --- current time step: 2 (frenet_interface.py:280)
INFO     [2025-01-12 11:50:19] --- current velocity: 11.536246953277454 (frenet_interface.py:281)
INFO     [2025-01-12 11:50:19] --- current target velocity: 7.1230896110029 (frenet_interface.py:282)
INFO     [2025-01-12 11:50:22] --- Sampled interval of velocity: 0.00 m/s - 17.29 m/s (planner.py:310)
INFO     [2025-01-12 11:50:22] --- select trajectory 121 (reactive_planner_cpp.py:382)
INFO     [2025-01-12 11:50:22] --- current time step: 3 (frenet_interface.py:257)
INFO     [2025-01-12 11:50:22] --- current velocity: 11.151135298024927 (frenet_interface.py:258)
INFO     [2025-01-12 11:50:22] --- current target velocity: 6.536246953277454 (frenet_interface.py:259)
INFO     [2025-01-12 11:50:24] --- Sampled interval of velocity: 0.00 m/s - 16.90 m/s (planner.py:310)
INFO     [2025-01-12 11:50:24] --- current time step: 4 (frenet_interface.py:280)
INFO     [2025-01-12 11:50:24] --- current velocity: 10.662691903293217 (frenet_interface.py:281)
INFO     [2025-01-12 11:50:24] --- current target velocity: 6.151135298024927 (frenet_interface.py:282)
INFO     [2025-01-12 11:50:25] --- Sampled interval of velocity: 0.00 m/s - 16.41 m/s (planner.py:310)
INFO     [2025-01-12 11:50:25] --- current time step: 5 (frenet_interface.py:280)
INFO     [2025-01-12 11:50:25] --- current velocity: 10.100295041103491 (frenet_interface.py:281)
INFO     [2025-01-12 11:50:25] --- current target velocity: 5.662691903293217 (frenet_interface.py:282)
INFO     [2025-01-12 11:50:28] --- Sampled interval of velocity: 0.00 m/s - 15.85 m/s (planner.py:310)
INFO     [2025-01-12 11:50:28] --- select trajectory 121 (reactive_planner_cpp.py:382)
INFO     [2025-01-12 11:50:28] --- current time step: 6 (frenet_interface.py:257)
INFO     [2025-01-12 11:50:28] --- current velocity: 9.759864194059443 (frenet_interface.py:258)
INFO     [2025-01-12 11:50:28] --- current target velocity: 5.100295041103491 (frenet_interface.py:259)
INFO     [2025-01-12 11:50:30] --- Sampled interval of velocity: 0.00 m/s - 15.51 m/s (planner.py:310)
INFO     [2025-01-12 11:50:30] --- current time step: 7 (frenet_interface.py:280)
INFO     [2025-01-12 11:50:30] --- current velocity: 9.343389724059238 (frenet_interface.py:281)
INFO     [2025-01-12 11:50:30] --- current target velocity: 4.759864194059443 (frenet_interface.py:282)
INFO     [2025-01-12 11:50:31] --- Sampled interval of velocity: 0.00 m/s - 15.09 m/s (planner.py:310)
INFO     [2025-01-12 11:50:31] --- current time step: 8 (frenet_interface.py:280)
INFO     [2025-01-12 11:50:31] --- current velocity: 8.873772094546746 (frenet_interface.py:281)
INFO     [2025-01-12 11:50:31] --- current target velocity: 4.343389724059238 (frenet_interface.py:282)
INFO     [2025-01-12 11:50:33] --- Sampled interval of velocity: 0.00 m/s - 14.62 m/s (planner.py:310)
INFO     [2025-01-12 11:50:33] --- select trajectory 111 (reactive_planner_cpp.py:382)
INFO     [2025-01-12 11:50:33] --- current time step: 9 (frenet_interface.py:257)
INFO     [2025-01-12 11:50:33] --- current velocity: 8.550412139913234 (frenet_interface.py:258)
INFO     [2025-01-12 11:50:33] --- current target velocity: 3.873772094546746 (frenet_interface.py:259)
INFO     [2025-01-12 11:50:36] --- Sampled interval of velocity: 0.00 m/s - 14.30 m/s (planner.py:310)
INFO     [2025-01-12 11:50:36] --- current time step: 10 (frenet_interface.py:280)
INFO     [2025-01-12 11:50:36] --- current velocity: 8.09211960346445 (frenet_interface.py:281)
INFO     [2025-01-12 11:50:36] --- current target velocity: 3.5504121399132345 (frenet_interface.py:282)
INFO     [2025-01-12 11:50:37] --- Sampled interval of velocity: 0.00 m/s - 13.84 m/s (planner.py:310)
INFO     [2025-01-12 11:50:37] --- current time step: 11 (frenet_interface.py:280)
INFO     [2025-01-12 11:50:37] --- current velocity: 7.533789382184109 (frenet_interface.py:281)
INFO     [2025-01-12 11:50:37] --- current target velocity: 3.0921196034644503 (frenet_interface.py:282)
INFO     [2025-01-12 11:50:38] --- Sampled interval of velocity: 0.00 m/s - 13.28 m/s (planner.py:310)
INFO     [2025-01-12 11:50:38] --- select trajectory 101 (reactive_planner_cpp.py:382)
INFO     [2025-01-12 11:50:38] --- current time step: 12 (frenet_interface.py:257)
INFO     [2025-01-12 11:50:38] --- current velocity: 7.150462464272557 (frenet_interface.py:258)
INFO     [2025-01-12 11:50:38] --- current target velocity: 2.533789382184109 (frenet_interface.py:259)
INFO     [2025-01-12 11:50:41] --- Sampled interval of velocity: 0.00 m/s - 12.90 m/s (planner.py:310)
INFO     [2025-01-12 11:50:41] --- current time step: 13 (frenet_interface.py:280)
INFO     [2025-01-12 11:50:41] --- current velocity: 6.622572478260127 (frenet_interface.py:281)
INFO     [2025-01-12 11:50:41] --- current target velocity: 2.1504624642725574 (frenet_interface.py:282)
INFO     [2025-01-12 11:50:42] --- Sampled interval of velocity: 0.00 m/s - 12.37 m/s (planner.py:310)
INFO     [2025-01-12 11:50:42] --- current time step: 14 (frenet_interface.py:280)
INFO     [2025-01-12 11:50:42] --- current velocity: 5.988269391978791 (frenet_interface.py:281)
INFO     [2025-01-12 11:50:42] --- current target velocity: 2.0059858386999196 (frenet_interface.py:282)
INFO     [2025-01-12 11:50:43] --- Sampled interval of velocity: 0.00 m/s - 11.74 m/s (planner.py:310)
INFO     [2025-01-12 11:50:43] --- select trajectory 101 (reactive_planner_cpp.py:382)
INFO     [2025-01-12 11:50:43] --- current time step: 15 (frenet_interface.py:257)
INFO     [2025-01-12 11:50:43] --- current velocity: 5.604155259125688 (frenet_interface.py:258)
INFO     [2025-01-12 11:50:43] --- current target velocity: 1.9738464407757592 (frenet_interface.py:259)
INFO     [2025-01-12 11:50:46] --- Sampled interval of velocity: 0.00 m/s - 11.35 m/s (planner.py:310)
INFO     [2025-01-12 11:50:46] --- current time step: 16 (frenet_interface.py:280)
INFO     [2025-01-12 11:50:46] --- current velocity: 5.1426110723999106 (frenet_interface.py:281)
INFO     [2025-01-12 11:50:46] --- current target velocity: 1.945051110434316 (frenet_interface.py:282)
INFO     [2025-01-12 11:50:46] --- Sampled interval of velocity: 0.00 m/s - 10.89 m/s (planner.py:310)
INFO     [2025-01-12 11:50:46] --- current time step: 17 (frenet_interface.py:280)
INFO     [2025-01-12 11:50:46] --- current velocity: 4.6276605314344845 (frenet_interface.py:281)
INFO     [2025-01-12 11:50:46] --- current target velocity: 1.9190379051895712 (frenet_interface.py:282)
INFO     [2025-01-12 11:50:47] --- Sampled interval of velocity: 0.00 m/s - 10.38 m/s (planner.py:310)
INFO     [2025-01-12 11:50:47] --- select trajectory 401 (reactive_planner_cpp.py:382)
INFO     [2025-01-12 11:50:47] --- current time step: 18 (frenet_interface.py:257)
INFO     [2025-01-12 11:50:47] --- current velocity: 4.349055340265511 (frenet_interface.py:258)
INFO     [2025-01-12 11:50:47] --- current target velocity: 1.8963698766143218 (frenet_interface.py:259)
INFO     [2025-01-12 11:50:50] --- Sampled interval of velocity: 0.00 m/s - 10.10 m/s (planner.py:310)
INFO     [2025-01-12 11:50:50] --- current time step: 19 (frenet_interface.py:280)
INFO     [2025-01-12 11:50:50] --- current velocity: 4.05115214929132 (frenet_interface.py:281)
INFO     [2025-01-12 11:50:50] --- current target velocity: 1.8764173119636562 (frenet_interface.py:282)
INFO     [2025-01-12 11:50:50] --- Sampled interval of velocity: 0.00 m/s - 9.80 m/s (planner.py:310)
INFO     [2025-01-12 11:50:50] --- current time step: 20 (frenet_interface.py:280)
INFO     [2025-01-12 11:50:50] --- current velocity: 3.7403442792056136 (frenet_interface.py:281)
INFO     [2025-01-12 11:50:50] --- current target velocity: 1.8583940164127213 (frenet_interface.py:282)
INFO     [2025-01-12 11:50:52] --- Sampled interval of velocity: 0.00 m/s - 9.49 m/s (planner.py:310)
INFO     [2025-01-12 11:50:52] --- select trajectory 701 (reactive_planner_cpp.py:382)
INFO     [2025-01-12 11:50:52] --- current time step: 21 (frenet_interface.py:257)
INFO     [2025-01-12 11:50:52] --- current velocity: 3.584785753298739 (frenet_interface.py:258)
INFO     [2025-01-12 11:50:52] --- current target velocity: 1.842471001654724 (frenet_interface.py:259)
INFO     [2025-01-12 11:50:53] --- Sampled interval of velocity: 0.00 m/s - 9.33 m/s (planner.py:310)
INFO     [2025-01-12 11:50:53] --- current time step: 22 (frenet_interface.py:280)
INFO     [2025-01-12 11:50:53] --- current velocity: 3.4332993291356293 (frenet_interface.py:281)
INFO     [2025-01-12 11:50:53] --- current target velocity: 1.8281422961550926 (frenet_interface.py:282)
INFO     [2025-01-12 11:50:55] --- Sampled interval of velocity: 0.00 m/s - 9.18 m/s (planner.py:310)
INFO     [2025-01-12 11:50:55] --- current time step: 23 (frenet_interface.py:280)
INFO     [2025-01-12 11:50:55] --- current velocity: 3.285969315983737 (frenet_interface.py:281)
INFO     [2025-01-12 11:50:55] --- current target velocity: 1.8148046088463103 (frenet_interface.py:282)
INFO     [2025-01-12 11:50:56] --- Sampled interval of velocity: 0.00 m/s - 9.04 m/s (planner.py:310)
INFO     [2025-01-12 11:50:56] --- select trajectory 111 (reactive_planner_cpp.py:382)
INFO     [2025-01-12 11:50:56] --- current time step: 24 (frenet_interface.py:257)
INFO     [2025-01-12 11:50:56] --- current velocity: 3.202056736196391 (frenet_interface.py:258)
INFO     [2025-01-12 11:50:56] --- current target velocity: 1.8024488146535078 (frenet_interface.py:259)
INFO     [2025-01-12 11:50:57] --- Sampled interval of velocity: 0.00 m/s - 8.95 m/s (planner.py:310)
INFO     [2025-01-12 11:50:57] --- current time step: 25 (frenet_interface.py:280)
INFO     [2025-01-12 11:50:57] --- current velocity: 3.0993131646666106 (frenet_interface.py:281)
INFO     [2025-01-12 11:50:57] --- current target velocity: 1.7908087657976344 (frenet_interface.py:282)
INFO     [2025-01-12 11:50:59] --- Sampled interval of velocity: 0.00 m/s - 8.85 m/s (planner.py:310)
INFO     [2025-01-12 11:50:59] --- current time step: 26 (frenet_interface.py:280)
INFO     [2025-01-12 11:50:59] --- current velocity: 2.98339038863094 (frenet_interface.py:281)
INFO     [2025-01-12 11:50:59] --- current target velocity: 1.7797420247949522 (frenet_interface.py:282)
INFO     [2025-01-12 11:51:01] --- Sampled interval of velocity: 0.00 m/s - 8.73 m/s (planner.py:310)
INFO     [2025-01-12 11:51:01] --- select trajectory 111 (reactive_planner_cpp.py:382)
INFO     [2025-01-12 11:51:01] --- current time step: 27 (frenet_interface.py:257)
INFO     [2025-01-12 11:51:01] --- current velocity: 2.914927465141451 (frenet_interface.py:258)
INFO     [2025-01-12 11:51:01] --- current target velocity: 1.7693938840275607 (frenet_interface.py:259)
INFO     [2025-01-12 11:51:02] --- Sampled interval of velocity: 0.00 m/s - 8.66 m/s (planner.py:310)
INFO     [2025-01-12 11:51:02] --- current time step: 28 (frenet_interface.py:280)
INFO     [2025-01-12 11:51:02] --- current velocity: 2.8329782800591063 (frenet_interface.py:281)
INFO     [2025-01-12 11:51:02] --- current target velocity: 1.7596330081012246 (frenet_interface.py:282)
INFO     [2025-01-12 11:51:04] --- Sampled interval of velocity: 0.00 m/s - 8.58 m/s (planner.py:310)
INFO     [2025-01-12 11:51:04] --- current time step: 29 (frenet_interface.py:280)
INFO     [2025-01-12 11:51:04] --- current velocity: 2.741758267213913 (frenet_interface.py:281)
INFO     [2025-01-12 11:51:04] --- current target velocity: 1.750339092028734 (frenet_interface.py:282)
INFO     [2025-01-12 11:51:05] --- Sampled interval of velocity: 0.00 m/s - 8.49 m/s (planner.py:310)
INFO     [2025-01-12 11:51:05] --- select trajectory 111 (reactive_planner_cpp.py:382)
INFO     [2025-01-12 11:51:05] --- current time step: 30 (frenet_interface.py:257)
INFO     [2025-01-12 11:51:05] --- current velocity: 2.688334005098577 (frenet_interface.py:258)
INFO     [2025-01-12 11:51:05] --- current target velocity: 1.7416195285950173 (frenet_interface.py:259)
INFO     [2025-01-12 11:51:06] --- Sampled interval of velocity: 0.00 m/s - 8.44 m/s (planner.py:310)
INFO     [2025-01-12 11:51:06] --- current time step: 31 (frenet_interface.py:280)
INFO     [2025-01-12 11:51:06] --- current velocity: 2.6246651359573816 (frenet_interface.py:281)
INFO     [2025-01-12 11:51:06] --- current target velocity: 1.7333617596168849 (frenet_interface.py:282)
INFO     [2025-01-12 11:51:07] --- Sampled interval of velocity: 0.00 m/s - 8.37 m/s (planner.py:310)
INFO     [2025-01-12 11:51:07] --- current time step: 32 (frenet_interface.py:280)
INFO     [2025-01-12 11:51:07] --- current velocity: 2.553982262344445 (frenet_interface.py:281)
INFO     [2025-01-12 11:51:07] --- current target velocity: 1.7254655331233093 (frenet_interface.py:282)
INFO     [2025-01-12 11:51:08] --- Sampled interval of velocity: 0.00 m/s - 8.30 m/s (planner.py:310)
INFO     [2025-01-12 11:51:08] --- select trajectory 111 (reactive_planner_cpp.py:382)
INFO     [2025-01-12 11:51:08] --- current time step: 33 (frenet_interface.py:257)
INFO     [2025-01-12 11:51:08] --- current velocity: 2.51265519589156 (frenet_interface.py:258)
INFO     [2025-01-12 11:51:08] --- current target velocity: 1.718014590360663 (frenet_interface.py:259)
INFO     [2025-01-12 11:51:10] --- Sampled interval of velocity: 0.00 m/s - 8.26 m/s (planner.py:310)
INFO     [2025-01-12 11:51:10] --- current time step: 34 (frenet_interface.py:280)
INFO     [2025-01-12 11:51:10] --- current velocity: 2.4634466876331134 (frenet_interface.py:281)
INFO     [2025-01-12 11:51:10] --- current target velocity: 1.7109183669689352 (frenet_interface.py:282)
INFO     [2025-01-12 11:51:10] --- Sampled interval of velocity: 0.00 m/s - 8.21 m/s (planner.py:310)
INFO     [2025-01-12 11:51:10] --- current time step: 35 (frenet_interface.py:280)
INFO     [2025-01-12 11:51:10] --- current velocity: 2.408846665828759 (frenet_interface.py:281)
INFO     [2025-01-12 11:51:10] --- current target velocity: 1.704096556704811 (frenet_interface.py:282)
INFO     [2025-01-12 11:51:12] --- Sampled interval of velocity: 0.00 m/s - 8.16 m/s (planner.py:310)
INFO     [2025-01-12 11:51:12] --- select trajectory 111 (reactive_planner_cpp.py:382)
INFO     [2025-01-12 11:51:12] --- current time step: 36 (frenet_interface.py:257)
INFO     [2025-01-12 11:51:12] --- current velocity: 2.376933801275965 (frenet_interface.py:258)
INFO     [2025-01-12 11:51:12] --- current target velocity: 1.6976151744598857 (frenet_interface.py:259)
