CRITICAL [2025-01-12 11:24:40] --- Start Planner Vehicle ID: 30199 (frenet_interface.py:67)
INFO     [2025-01-12 11:24:43] --- Sampled interval of velocity: 0.00 m/s - 18.33 m/s (planner.py:310)
INFO     [2025-01-12 11:24:43] --- select trajectory 121 (reactive_planner_cpp.py:382)
INFO     [2025-01-12 11:24:43] --- current time step: 0 (frenet_interface.py:257)
INFO     [2025-01-12 11:24:43] --- current velocity: 12.447894626633262 (frenet_interface.py:258)
INFO     [2025-01-12 11:24:43] --- current target velocity: 7.684102728023552 (frenet_interface.py:259)
INFO     [2025-01-12 11:24:44] --- Sampled interval of velocity: 0.00 m/s - 18.20 m/s (planner.py:310)
INFO     [2025-01-12 11:24:44] --- current time step: 1 (frenet_interface.py:280)
INFO     [2025-01-12 11:24:44] --- current velocity: 12.083225828402135 (frenet_interface.py:281)
INFO     [2025-01-12 11:24:44] --- current target velocity: 7.651319978335319 (frenet_interface.py:282)
INFO     [2025-01-12 11:24:45] --- Sampled interval of velocity: 0.00 m/s - 17.83 m/s (planner.py:310)
INFO     [2025-01-12 11:24:45] --- current time step: 2 (frenet_interface.py:280)
INFO     [2025-01-12 11:24:45] --- current velocity: 11.538848592838075 (frenet_interface.py:281)
INFO     [2025-01-12 11:24:45] --- current target velocity: 7.619814991124117 (frenet_interface.py:282)
INFO     [2025-01-12 11:24:47] --- Sampled interval of velocity: 0.00 m/s - 17.29 m/s (planner.py:310)
INFO     [2025-01-12 11:24:47] --- select trajectory 421 (reactive_planner_cpp.py:382)
INFO     [2025-01-12 11:24:47] --- current time step: 3 (frenet_interface.py:257)
INFO     [2025-01-12 11:24:47] --- current velocity: 11.199467465010082 (frenet_interface.py:258)
INFO     [2025-01-12 11:24:47] --- current target velocity: 7.591022274162971 (frenet_interface.py:259)
INFO     [2025-01-12 11:24:49] --- Sampled interval of velocity: 0.00 m/s - 16.95 m/s (planner.py:310)
INFO     [2025-01-12 11:24:49] --- current time step: 4 (frenet_interface.py:280)
INFO     [2025-01-12 11:24:49] --- current velocity: 10.80599405959953 (frenet_interface.py:281)
INFO     [2025-01-12 11:24:49] --- current target velocity: 7.564936617733304 (frenet_interface.py:282)
INFO     [2025-01-12 11:24:50] --- Sampled interval of velocity: 0.00 m/s - 16.56 m/s (planner.py:310)
INFO     [2025-01-12 11:24:50] --- current time step: 5 (frenet_interface.py:280)
INFO     [2025-01-12 11:24:50] --- current velocity: 10.370879771174062 (frenet_interface.py:281)
INFO     [2025-01-12 11:24:50] --- current target velocity: 7.541043335996686 (frenet_interface.py:282)
INFO     [2025-01-12 11:24:51] --- Sampled interval of velocity: 0.00 m/s - 16.12 m/s (planner.py:310)
INFO     [2025-01-12 11:24:51] --- select trajectory 131 (reactive_planner_cpp.py:382)
INFO     [2025-01-12 11:24:51] --- current time step: 6 (frenet_interface.py:257)
INFO     [2025-01-12 11:24:51] --- current velocity: 10.130255275167872 (frenet_interface.py:258)
INFO     [2025-01-12 11:24:51] --- current target velocity: 7.519720853100238 (frenet_interface.py:259)
INFO     [2025-01-12 11:24:53] --- Sampled interval of velocity: 0.00 m/s - 15.88 m/s (planner.py:310)
INFO     [2025-01-12 11:24:53] --- current time step: 7 (frenet_interface.py:280)
INFO     [2025-01-12 11:24:53] --- current velocity: 9.866855165214288 (frenet_interface.py:281)
INFO     [2025-01-12 11:24:53] --- current target velocity: 7.500479944066297 (frenet_interface.py:282)
INFO     [2025-01-12 11:24:54] --- Sampled interval of velocity: 0.00 m/s - 15.62 m/s (planner.py:310)
INFO     [2025-01-12 11:24:54] --- current time step: 8 (frenet_interface.py:280)
INFO     [2025-01-12 11:24:54] --- current velocity: 9.590435440573216 (frenet_interface.py:281)
INFO     [2025-01-12 11:24:54] --- current target velocity: 7.482756780937581 (frenet_interface.py:282)
INFO     [2025-01-12 11:24:56] --- Sampled interval of velocity: 0.00 m/s - 15.34 m/s (planner.py:310)
INFO     [2025-01-12 11:24:56] --- select trajectory 131 (reactive_planner_cpp.py:382)
INFO     [2025-01-12 11:24:56] --- current time step: 9 (frenet_interface.py:257)
INFO     [2025-01-12 11:24:56] --- current velocity: 9.43014037360981 (frenet_interface.py:258)
INFO     [2025-01-12 11:24:56] --- current target velocity: 7.466712356275229 (frenet_interface.py:259)
INFO     [2025-01-12 11:24:58] --- Sampled interval of velocity: 0.00 m/s - 15.18 m/s (planner.py:310)
INFO     [2025-01-12 11:24:58] --- current time step: 10 (frenet_interface.py:280)
INFO     [2025-01-12 11:24:58] --- current velocity: 9.23591739686024 (frenet_interface.py:281)
INFO     [2025-01-12 11:24:58] --- current target velocity: 7.451988796022267 (frenet_interface.py:282)
INFO     [2025-01-12 11:24:59] --- Sampled interval of velocity: 0.00 m/s - 14.99 m/s (planner.py:310)
INFO     [2025-01-12 11:24:59] --- current time step: 11 (frenet_interface.py:280)
INFO     [2025-01-12 11:24:59] --- current velocity: 9.018091050506115 (frenet_interface.py:281)
INFO     [2025-01-12 11:24:59] --- current target velocity: 7.438342445152711 (frenet_interface.py:282)
INFO     [2025-01-12 11:25:00] --- Sampled interval of velocity: 0.00 m/s - 14.77 m/s (planner.py:310)
INFO     [2025-01-12 11:25:00] --- select trajectory 131 (reactive_planner_cpp.py:382)
INFO     [2025-01-12 11:25:00] --- current time step: 12 (frenet_interface.py:257)
INFO     [2025-01-12 11:25:00] --- current velocity: 8.886573268118983 (frenet_interface.py:258)
INFO     [2025-01-12 11:25:00] --- current target velocity: 7.426006951483802 (frenet_interface.py:259)
INFO     [2025-01-12 11:25:02] --- Sampled interval of velocity: 0.00 m/s - 14.64 m/s (planner.py:310)
INFO     [2025-01-12 11:25:02] --- current time step: 13 (frenet_interface.py:280)
INFO     [2025-01-12 11:25:02] --- current velocity: 8.72429033962506 (frenet_interface.py:281)
INFO     [2025-01-12 11:25:02] --- current target velocity: 7.414763898125319 (frenet_interface.py:282)
INFO     [2025-01-12 11:25:03] --- Sampled interval of velocity: 0.00 m/s - 14.47 m/s (planner.py:310)
INFO     [2025-01-12 11:25:03] --- current time step: 14 (frenet_interface.py:280)
INFO     [2025-01-12 11:25:03] --- current velocity: 8.540364897242002 (frenet_interface.py:281)
INFO     [2025-01-12 11:25:03] --- current target velocity: 7.404447827923014 (frenet_interface.py:282)
INFO     [2025-01-12 11:25:04] --- Sampled interval of velocity: 0.00 m/s - 14.29 m/s (planner.py:310)
INFO     [2025-01-12 11:25:04] --- select trajectory 431 (reactive_planner_cpp.py:382)
INFO     [2025-01-12 11:25:04] --- current time step: 15 (frenet_interface.py:257)
INFO     [2025-01-12 11:25:04] --- current velocity: 8.43736019596089 (frenet_interface.py:258)
INFO     [2025-01-12 11:25:04] --- current target velocity: 7.395274978445742 (frenet_interface.py:259)
INFO     [2025-01-12 11:25:05] --- Sampled interval of velocity: 0.00 m/s - 14.19 m/s (planner.py:310)
INFO     [2025-01-12 11:25:05] --- current time step: 16 (frenet_interface.py:280)
INFO     [2025-01-12 11:25:05] --- current velocity: 8.322206960508073 (frenet_interface.py:281)
INFO     [2025-01-12 11:25:05] --- current target velocity: 7.387044632826082 (frenet_interface.py:282)
INFO     [2025-01-12 11:25:06] --- Sampled interval of velocity: 0.00 m/s - 14.07 m/s (planner.py:310)
INFO     [2025-01-12 11:25:06] --- current time step: 17 (frenet_interface.py:280)
INFO     [2025-01-12 11:25:06] --- current velocity: 8.198084604146903 (frenet_interface.py:281)
INFO     [2025-01-12 11:25:06] --- current target velocity: 7.3795175725748345 (frenet_interface.py:282)
INFO     [2025-01-12 11:25:07] --- Sampled interval of velocity: 0.00 m/s - 13.95 m/s (planner.py:310)
INFO     [2025-01-12 11:25:07] --- select trajectory 731 (reactive_planner_cpp.py:382)
INFO     [2025-01-12 11:25:07] --- current time step: 18 (frenet_interface.py:257)
INFO     [2025-01-12 11:25:07] --- current velocity: 8.134496423695383 (frenet_interface.py:258)
INFO     [2025-01-12 11:25:07] --- current target velocity: 7.372790537641848 (frenet_interface.py:259)
INFO     [2025-01-12 11:25:09] --- Sampled interval of velocity: 0.00 m/s - 13.88 m/s (planner.py:310)
INFO     [2025-01-12 11:25:09] --- current time step: 19 (frenet_interface.py:280)
INFO     [2025-01-12 11:25:09] --- current velocity: 8.071387052462855 (frenet_interface.py:281)
INFO     [2025-01-12 11:25:09] --- current target velocity: 7.3666867478849465 (frenet_interface.py:282)
INFO     [2025-01-12 11:25:10] --- Sampled interval of velocity: 0.00 m/s - 13.82 m/s (planner.py:310)
INFO     [2025-01-12 11:25:10] --- current time step: 20 (frenet_interface.py:280)
INFO     [2025-01-12 11:25:10] --- current velocity: 8.00887076065076 (frenet_interface.py:281)
INFO     [2025-01-12 11:25:10] --- current target velocity: 7.3609793807484385 (frenet_interface.py:282)
INFO     [2025-01-12 11:25:11] --- Sampled interval of velocity: 0.00 m/s - 13.76 m/s (planner.py:310)
INFO     [2025-01-12 11:25:11] --- select trajectory 731 (reactive_planner_cpp.py:382)
INFO     [2025-01-12 11:25:11] --- current time step: 21 (frenet_interface.py:257)
INFO     [2025-01-12 11:25:11] --- current velocity: 7.976143872749715 (frenet_interface.py:258)
INFO     [2025-01-12 11:25:11] --- current target velocity: 7.355673646670136 (frenet_interface.py:259)
INFO     [2025-01-12 11:25:14] --- Sampled interval of velocity: 0.00 m/s - 13.73 m/s (planner.py:310)
INFO     [2025-01-12 11:25:14] --- current time step: 22 (frenet_interface.py:280)
INFO     [2025-01-12 11:25:14] --- current velocity: 7.940330101383069 (frenet_interface.py:281)
INFO     [2025-01-12 11:25:14] --- current target velocity: 7.3506568565258625 (frenet_interface.py:282)
INFO     [2025-01-12 11:25:15] --- Sampled interval of velocity: 0.00 m/s - 13.69 m/s (planner.py:310)
INFO     [2025-01-12 11:25:15] --- current time step: 23 (frenet_interface.py:280)
INFO     [2025-01-12 11:25:15] --- current velocity: 7.901722018763466 (frenet_interface.py:281)
INFO     [2025-01-12 11:25:15] --- current target velocity: 7.345832695283281 (frenet_interface.py:282)
INFO     [2025-01-12 11:25:17] --- Sampled interval of velocity: 0.00 m/s - 13.65 m/s (planner.py:310)
INFO     [2025-01-12 11:25:17] --- select trajectory 731 (reactive_planner_cpp.py:382)
INFO     [2025-01-12 11:25:17] --- current time step: 24 (frenet_interface.py:257)
INFO     [2025-01-12 11:25:17] --- current velocity: 7.879572914722374 (frenet_interface.py:258)
INFO     [2025-01-12 11:25:17] --- current target velocity: 7.3412292949127655 (frenet_interface.py:259)
INFO     [2025-01-12 11:25:19] --- Sampled interval of velocity: 0.00 m/s - 13.63 m/s (planner.py:310)
INFO     [2025-01-12 11:25:19] --- current time step: 25 (frenet_interface.py:280)
INFO     [2025-01-12 11:25:19] --- current velocity: 7.85325955390221 (frenet_interface.py:281)
INFO     [2025-01-12 11:25:19] --- current target velocity: 7.336795538768407 (frenet_interface.py:282)
INFO     [2025-01-12 11:25:20] --- Sampled interval of velocity: 0.00 m/s - 13.60 m/s (planner.py:310)
INFO     [2025-01-12 11:25:20] --- current time step: 26 (frenet_interface.py:280)
INFO     [2025-01-12 11:25:20] --- current velocity: 7.82312712485158 (frenet_interface.py:281)
INFO     [2025-01-12 11:25:20] --- current target velocity: 7.332486950721193 (frenet_interface.py:282)
INFO     [2025-01-12 11:25:21] --- Sampled interval of velocity: 0.00 m/s - 13.57 m/s (planner.py:310)
INFO     [2025-01-12 11:25:21] --- select trajectory 731 (reactive_planner_cpp.py:382)
INFO     [2025-01-12 11:25:21] --- current time step: 27 (frenet_interface.py:257)
INFO     [2025-01-12 11:25:21] --- current velocity: 7.804833677598805 (frenet_interface.py:258)
INFO     [2025-01-12 11:25:21] --- current target velocity: 7.328339321519078 (frenet_interface.py:259)
INFO     [2025-01-12 11:25:23] --- Sampled interval of velocity: 0.00 m/s - 13.55 m/s (planner.py:310)
INFO     [2025-01-12 11:25:23] --- current time step: 28 (frenet_interface.py:280)
INFO     [2025-01-12 11:25:23] --- current velocity: 7.782114711142586 (frenet_interface.py:281)
INFO     [2025-01-12 11:25:23] --- current target velocity: 7.324322599919077 (frenet_interface.py:282)
INFO     [2025-01-12 11:25:24] --- Sampled interval of velocity: 0.00 m/s - 13.53 m/s (planner.py:310)
INFO     [2025-01-12 11:25:24] --- current time step: 29 (frenet_interface.py:280)
INFO     [2025-01-12 11:25:24] --- current velocity: 7.755324473532153 (frenet_interface.py:281)
INFO     [2025-01-12 11:25:24] --- current target velocity: 7.320410070004467 (frenet_interface.py:282)
INFO     [2025-01-12 11:25:25] --- Sampled interval of velocity: 0.00 m/s - 13.51 m/s (planner.py:310)
INFO     [2025-01-12 11:25:25] --- select trajectory 731 (reactive_planner_cpp.py:382)
INFO     [2025-01-12 11:25:25] --- current time step: 30 (frenet_interface.py:257)
INFO     [2025-01-12 11:25:25] --- current velocity: 7.738644905385073 (frenet_interface.py:258)
INFO     [2025-01-12 11:25:25] --- current target velocity: 7.31664005110487 (frenet_interface.py:259)
INFO     [2025-01-12 11:25:27] --- Sampled interval of velocity: 0.00 m/s - 13.49 m/s (planner.py:310)
INFO     [2025-01-12 11:25:27] --- current time step: 31 (frenet_interface.py:280)
INFO     [2025-01-12 11:25:27] --- current velocity: 7.717547939632111 (frenet_interface.py:281)
INFO     [2025-01-12 11:25:27] --- current target velocity: 7.3129898276379635 (frenet_interface.py:282)
INFO     [2025-01-12 11:25:28] --- Sampled interval of velocity: 0.00 m/s - 13.47 m/s (planner.py:310)
INFO     [2025-01-12 11:25:28] --- current time step: 32 (frenet_interface.py:280)
INFO     [2025-01-12 11:25:28] --- current velocity: 7.692383394709793 (frenet_interface.py:281)
INFO     [2025-01-12 11:25:28] --- current target velocity: 7.309438888095931 (frenet_interface.py:282)
INFO     [2025-01-12 11:25:29] --- Sampled interval of velocity: 0.00 m/s - 13.44 m/s (planner.py:310)
INFO     [2025-01-12 11:25:29] --- select trajectory 741 (reactive_planner_cpp.py:382)
INFO     [2025-01-12 11:25:29] --- current time step: 33 (frenet_interface.py:257)
INFO     [2025-01-12 11:25:29] --- current velocity: 7.679730252565249 (frenet_interface.py:258)
INFO     [2025-01-12 11:25:29] --- current target velocity: 7.306026375296606 (frenet_interface.py:259)
INFO     [2025-01-12 11:25:33] --- Sampled interval of velocity: 0.00 m/s - 13.43 m/s (planner.py:310)
INFO     [2025-01-12 11:25:33] --- current time step: 34 (frenet_interface.py:280)
INFO     [2025-01-12 11:25:33] --- current velocity: 7.668792553595883 (frenet_interface.py:281)
INFO     [2025-01-12 11:25:33] --- current target velocity: 7.3027230338964 (frenet_interface.py:282)
INFO     [2025-01-12 11:25:33] --- Sampled interval of velocity: 0.00 m/s - 13.42 m/s (planner.py:310)
INFO     [2025-01-12 11:25:33] --- current time step: 35 (frenet_interface.py:280)
INFO     [2025-01-12 11:25:33] --- current velocity: 7.659479765676522 (frenet_interface.py:281)
INFO     [2025-01-12 11:25:33] --- current target velocity: 7.299465142519365 (frenet_interface.py:282)
INFO     [2025-01-12 11:25:34] --- Sampled interval of velocity: 0.00 m/s - 13.41 m/s (planner.py:310)
INFO     [2025-01-12 11:25:34] --- select trajectory 741 (reactive_planner_cpp.py:382)
INFO     [2025-01-12 11:25:35] --- current time step: 36 (frenet_interface.py:257)
INFO     [2025-01-12 11:25:35] --- current velocity: 7.655494232405214 (frenet_interface.py:258)
INFO     [2025-01-12 11:25:35] --- current target velocity: 7.296239128800688 (frenet_interface.py:259)
INFO     [2025-01-12 11:25:37] --- Sampled interval of velocity: 0.00 m/s - 13.41 m/s (planner.py:310)
INFO     [2025-01-12 11:25:37] --- current time step: 37 (frenet_interface.py:280)
INFO     [2025-01-12 11:25:37] --- current velocity: 7.652048876523128 (frenet_interface.py:281)
INFO     [2025-01-12 11:25:37] --- current target velocity: 7.293014114307742 (frenet_interface.py:282)
