CRITICAL [2025-01-12 11:40:56] --- Start Planner Vehicle ID: 30670 (frenet_interface.py:67)
INFO     [2025-01-12 11:40:57] --- Sampled interval of velocity: 0.00 m/s - 12.91 m/s (planner.py:310)
INFO     [2025-01-12 11:40:57] --- select trajectory 101 (reactive_planner_cpp.py:382)
INFO     [2025-01-12 11:40:57] --- current time step: 0 (frenet_interface.py:257)
INFO     [2025-01-12 11:40:57] --- current velocity: 7.032590289067619 (frenet_interface.py:258)
INFO     [2025-01-12 11:40:57] --- current target velocity: 9.132096642888921 (frenet_interface.py:259)
INFO     [2025-01-12 11:40:59] --- Sampled interval of velocity: 0.00 m/s - 12.78 m/s (planner.py:310)
INFO     [2025-01-12 11:40:59] --- current time step: 1 (frenet_interface.py:280)
INFO     [2025-01-12 11:40:59] --- current velocity: 6.683485504379072 (frenet_interface.py:281)
INFO     [2025-01-12 11:40:59] --- current target velocity: 9.152469658431954 (frenet_interface.py:282)
INFO     [2025-01-12 11:41:00] --- Sampled interval of velocity: 0.00 m/s - 12.43 m/s (planner.py:310)
INFO     [2025-01-12 11:41:00] --- current time step: 2 (frenet_interface.py:280)
INFO     [2025-01-12 11:41:00] --- current velocity: 6.160068776321204 (frenet_interface.py:281)
INFO     [2025-01-12 11:41:00] --- current target velocity: 9.175731262794363 (frenet_interface.py:282)
INFO     [2025-01-12 11:41:01] --- Sampled interval of velocity: 0.00 m/s - 11.91 m/s (planner.py:310)
INFO     [2025-01-12 11:41:01] --- select trajectory 621 (reactive_planner_cpp.py:382)
INFO     [2025-01-12 11:41:01] --- current time step: 3 (frenet_interface.py:257)
INFO     [2025-01-12 11:41:01] --- current velocity: 5.878645221621823 (frenet_interface.py:258)
INFO     [2025-01-12 11:41:01] --- current target velocity: 9.204092237691631 (frenet_interface.py:259)
INFO     [2025-01-12 11:41:03] --- Sampled interval of velocity: 0.00 m/s - 11.63 m/s (planner.py:310)
INFO     [2025-01-12 11:41:03] --- current time step: 4 (frenet_interface.py:280)
INFO     [2025-01-12 11:41:03] --- current velocity: 5.624823502352813 (frenet_interface.py:281)
INFO     [2025-01-12 11:41:03] --- current target velocity: 9.237491638871237 (frenet_interface.py:282)
INFO     [2025-01-12 11:41:03] --- Sampled interval of velocity: 0.00 m/s - 11.37 m/s (planner.py:310)
INFO     [2025-01-12 11:41:03] --- current time step: 5 (frenet_interface.py:280)
INFO     [2025-01-12 11:41:03] --- current velocity: 5.397116419344916 (frenet_interface.py:281)
INFO     [2025-01-12 11:41:03] --- current target velocity: 9.274491467428948 (frenet_interface.py:282)
INFO     [2025-01-12 11:41:04] --- Sampled interval of velocity: 0.00 m/s - 11.15 m/s (planner.py:310)
INFO     [2025-01-12 11:41:04] --- select trajectory 21 (reactive_planner_cpp.py:382)
INFO     [2025-01-12 11:41:04] --- current time step: 6 (frenet_interface.py:257)
INFO     [2025-01-12 11:41:04] --- current velocity: 5.290805103551344 (frenet_interface.py:258)
INFO     [2025-01-12 11:41:04] --- current target velocity: 9.314914916777928 (frenet_interface.py:259)
INFO     [2025-01-12 11:41:06] --- Sampled interval of velocity: 0.00 m/s - 11.04 m/s (planner.py:310)
INFO     [2025-01-12 11:41:06] --- current time step: 7 (frenet_interface.py:280)
INFO     [2025-01-12 11:41:06] --- current velocity: 5.185019502256122 (frenet_interface.py:281)
INFO     [2025-01-12 11:41:06] --- current target velocity: 9.358042587991408 (frenet_interface.py:282)
INFO     [2025-01-12 11:41:06] --- Sampled interval of velocity: 0.00 m/s - 10.94 m/s (planner.py:310)
INFO     [2025-01-12 11:41:06] --- current time step: 8 (frenet_interface.py:280)
INFO     [2025-01-12 11:41:06] --- current velocity: 5.080590545389798 (frenet_interface.py:281)
INFO     [2025-01-12 11:41:06] --- current target velocity: 9.403309483877385 (frenet_interface.py:282)
INFO     [2025-01-12 11:41:07] --- Sampled interval of velocity: 0.00 m/s - 10.83 m/s (planner.py:310)
INFO     [2025-01-12 11:41:07] --- select trajectory 171 (reactive_planner_cpp.py:382)
INFO     [2025-01-12 11:41:07] --- current time step: 9 (frenet_interface.py:257)
INFO     [2025-01-12 11:41:07] --- current velocity: 5.141336077646321 (frenet_interface.py:258)
INFO     [2025-01-12 11:41:07] --- current target velocity: 9.450771202740505 (frenet_interface.py:259)
INFO     [2025-01-12 11:41:08] --- Sampled interval of velocity: 0.00 m/s - 10.89 m/s (planner.py:310)
INFO     [2025-01-12 11:41:08] --- current time step: 10 (frenet_interface.py:280)
INFO     [2025-01-12 11:41:08] --- current velocity: 5.397041375886432 (frenet_interface.py:281)
INFO     [2025-01-12 11:41:08] --- current target velocity: 9.499763707210143 (frenet_interface.py:282)
INFO     [2025-01-12 11:41:10] --- Sampled interval of velocity: 0.00 m/s - 11.15 m/s (planner.py:310)
INFO     [2025-01-12 11:41:10] --- current time step: 11 (frenet_interface.py:280)
INFO     [2025-01-12 11:41:10] --- current velocity: 5.805466469053063 (frenet_interface.py:281)
INFO     [2025-01-12 11:41:10] --- current target velocity: 9.548050956356187 (frenet_interface.py:282)
INFO     [2025-01-12 11:41:10] --- Sampled interval of velocity: 0.00 m/s - 11.56 m/s (planner.py:310)
INFO     [2025-01-12 11:41:10] --- select trajectory 171 (reactive_planner_cpp.py:382)
INFO     [2025-01-12 11:41:10] --- current time step: 12 (frenet_interface.py:257)
INFO     [2025-01-12 11:41:10] --- current velocity: 6.101083752434577 (frenet_interface.py:258)
INFO     [2025-01-12 11:41:10] --- current target velocity: 9.59361114819355 (frenet_interface.py:259)
INFO     [2025-01-12 11:41:12] --- Sampled interval of velocity: 0.00 m/s - 11.85 m/s (planner.py:310)
INFO     [2025-01-12 11:41:12] --- current time step: 13 (frenet_interface.py:280)
INFO     [2025-01-12 11:41:12] --- current velocity: 6.497589948437434 (frenet_interface.py:281)
INFO     [2025-01-12 11:41:12] --- current target velocity: 9.636140246686706 (frenet_interface.py:282)
INFO     [2025-01-12 11:41:13] --- Sampled interval of velocity: 0.00 m/s - 12.25 m/s (planner.py:310)
INFO     [2025-01-12 11:41:13] --- current time step: 14 (frenet_interface.py:280)
INFO     [2025-01-12 11:41:13] --- current velocity: 6.967384768770117 (frenet_interface.py:281)
INFO     [2025-01-12 11:41:13] --- current target velocity: 9.675586085981976 (frenet_interface.py:282)
INFO     [2025-01-12 11:41:13] --- Sampled interval of velocity: 0.00 m/s - 12.72 m/s (planner.py:310)
INFO     [2025-01-12 11:41:13] --- select trajectory 161 (reactive_planner_cpp.py:382)
INFO     [2025-01-12 11:41:13] --- current time step: 15 (frenet_interface.py:257)
INFO     [2025-01-12 11:41:13] --- current velocity: 7.231778989344219 (frenet_interface.py:258)
INFO     [2025-01-12 11:41:13] --- current target velocity: 9.710794363394418 (frenet_interface.py:259)
INFO     [2025-01-12 11:41:16] --- Sampled interval of velocity: 0.00 m/s - 12.98 m/s (planner.py:310)
INFO     [2025-01-12 11:41:16] --- current time step: 16 (frenet_interface.py:280)
INFO     [2025-01-12 11:41:16] --- current velocity: 7.522327026740993 (frenet_interface.py:281)
INFO     [2025-01-12 11:41:16] --- current target velocity: 9.742392816126811 (frenet_interface.py:282)
INFO     [2025-01-12 11:41:16] --- Sampled interval of velocity: 0.00 m/s - 13.27 m/s (planner.py:310)
INFO     [2025-01-12 11:41:16] --- current time step: 17 (frenet_interface.py:280)
INFO     [2025-01-12 11:41:16] --- current velocity: 7.82841364061518 (frenet_interface.py:281)
INFO     [2025-01-12 11:41:16] --- current target velocity: 9.771348597521168 (frenet_interface.py:282)
INFO     [2025-01-12 11:41:17] --- Sampled interval of velocity: 0.00 m/s - 13.58 m/s (planner.py:310)
INFO     [2025-01-12 11:41:17] --- select trajectory 461 (reactive_planner_cpp.py:382)
INFO     [2025-01-12 11:41:17] --- current time step: 18 (frenet_interface.py:257)
INFO     [2025-01-12 11:41:17] --- current velocity: 7.99571404171319 (frenet_interface.py:258)
INFO     [2025-01-12 11:41:17] --- current target velocity: 9.797303431646348 (frenet_interface.py:259)
INFO     [2025-01-12 11:41:20] --- Sampled interval of velocity: 0.00 m/s - 13.75 m/s (planner.py:310)
INFO     [2025-01-12 11:41:20] --- current time step: 19 (frenet_interface.py:280)
INFO     [2025-01-12 11:41:20] --- current velocity: 8.185482578468655 (frenet_interface.py:281)
INFO     [2025-01-12 11:41:20] --- current target velocity: 9.820942260841935 (frenet_interface.py:282)
INFO     [2025-01-12 11:41:20] --- Sampled interval of velocity: 0.00 m/s - 13.94 m/s (planner.py:310)
INFO     [2025-01-12 11:41:20] --- current time step: 20 (frenet_interface.py:280)
INFO     [2025-01-12 11:41:20] --- current velocity: 8.392205368414857 (frenet_interface.py:281)
INFO     [2025-01-12 11:41:20] --- current target velocity: 9.842895117751505 (frenet_interface.py:282)
INFO     [2025-01-12 11:41:20] --- Sampled interval of velocity: 0.00 m/s - 14.14 m/s (planner.py:310)
INFO     [2025-01-12 11:41:20] --- select trajectory 761 (reactive_planner_cpp.py:382)
INFO     [2025-01-12 11:41:20] --- current time step: 21 (frenet_interface.py:257)
INFO     [2025-01-12 11:41:20] --- current velocity: 8.498889309453947 (frenet_interface.py:258)
INFO     [2025-01-12 11:41:20] --- current target velocity: 9.86284902550549 (frenet_interface.py:259)
INFO     [2025-01-12 11:41:23] --- Sampled interval of velocity: 0.00 m/s - 14.25 m/s (planner.py:310)
INFO     [2025-01-12 11:41:23] --- current time step: 22 (frenet_interface.py:280)
INFO     [2025-01-12 11:41:23] --- current velocity: 8.606133923459774 (frenet_interface.py:281)
INFO     [2025-01-12 11:41:23] --- current target velocity: 9.881261838202612 (frenet_interface.py:282)
INFO     [2025-01-12 11:41:23] --- Sampled interval of velocity: 0.00 m/s - 14.36 m/s (planner.py:310)
INFO     [2025-01-12 11:41:23] --- current time step: 23 (frenet_interface.py:280)
INFO     [2025-01-12 11:41:23] --- current velocity: 8.713617125969176 (frenet_interface.py:281)
INFO     [2025-01-12 11:41:23] --- current target velocity: 9.89874622609585 (frenet_interface.py:282)
INFO     [2025-01-12 11:41:24] --- Sampled interval of velocity: 0.00 m/s - 14.46 m/s (planner.py:310)
INFO     [2025-01-12 11:41:24] --- select trajectory 761 (reactive_planner_cpp.py:382)
INFO     [2025-01-12 11:41:24] --- current time step: 24 (frenet_interface.py:257)
INFO     [2025-01-12 11:41:24] --- current velocity: 8.770924571613397 (frenet_interface.py:258)
INFO     [2025-01-12 11:41:24] --- current target velocity: 9.915263850747449 (frenet_interface.py:259)
INFO     [2025-01-12 11:41:26] --- Sampled interval of velocity: 0.00 m/s - 14.52 m/s (planner.py:310)
INFO     [2025-01-12 11:41:26] --- current time step: 25 (frenet_interface.py:280)
INFO     [2025-01-12 11:41:26] --- current velocity: 8.834667348304583 (frenet_interface.py:281)
INFO     [2025-01-12 11:41:26] --- current target velocity: 9.931124057462524 (frenet_interface.py:282)
INFO     [2025-01-12 11:41:27] --- Sampled interval of velocity: 0.00 m/s - 14.58 m/s (planner.py:310)
INFO     [2025-01-12 11:41:27] --- current time step: 26 (frenet_interface.py:280)
INFO     [2025-01-12 11:41:27] --- current velocity: 8.90420948620645 (frenet_interface.py:281)
INFO     [2025-01-12 11:41:27] --- current target velocity: 9.946591549387668 (frenet_interface.py:282)
INFO     [2025-01-12 11:41:27] --- Sampled interval of velocity: 0.00 m/s - 14.65 m/s (planner.py:310)
INFO     [2025-01-12 11:41:27] --- select trajectory 151 (reactive_planner_cpp.py:382)
INFO     [2025-01-12 11:41:27] --- current time step: 27 (frenet_interface.py:257)
INFO     [2025-01-12 11:41:27] --- current velocity: 8.940011207516582 (frenet_interface.py:258)
INFO     [2025-01-12 11:41:27] --- current target velocity: 9.961564017532803 (frenet_interface.py:259)
INFO     [2025-01-12 11:41:29] --- Sampled interval of velocity: 0.00 m/s - 14.69 m/s (planner.py:310)
INFO     [2025-01-12 11:41:29] --- current time step: 28 (frenet_interface.py:280)
INFO     [2025-01-12 11:41:29] --- current velocity: 8.974813579745751 (frenet_interface.py:281)
INFO     [2025-01-12 11:41:29] --- current target velocity: 9.97620950483713 (frenet_interface.py:282)
INFO     [2025-01-12 11:41:30] --- Sampled interval of velocity: 0.00 m/s - 14.72 m/s (planner.py:310)
INFO     [2025-01-12 11:41:30] --- current time step: 29 (frenet_interface.py:280)
INFO     [2025-01-12 11:41:30] --- current velocity: 9.008135386763707 (frenet_interface.py:281)
INFO     [2025-01-12 11:41:30] --- current target velocity: 9.990768443173222 (frenet_interface.py:282)
INFO     [2025-01-12 11:41:31] --- Sampled interval of velocity: 0.00 m/s - 14.76 m/s (planner.py:310)
INFO     [2025-01-12 11:41:31] --- select trajectory 731 (reactive_planner_cpp.py:382)
INFO     [2025-01-12 11:41:31] --- current time step: 30 (frenet_interface.py:257)
INFO     [2025-01-12 11:41:31] --- current velocity: 9.017978464698505 (frenet_interface.py:258)
INFO     [2025-01-12 11:41:31] --- current target velocity: 10.005254926660134 (frenet_interface.py:259)
INFO     [2025-01-12 11:41:33] --- Sampled interval of velocity: 0.00 m/s - 14.77 m/s (planner.py:310)
INFO     [2025-01-12 11:41:33] --- current time step: 31 (frenet_interface.py:280)
INFO     [2025-01-12 11:41:33] --- current velocity: 9.015635474081389 (frenet_interface.py:281)
INFO     [2025-01-12 11:41:33] --- current target velocity: 10.019836763158908 (frenet_interface.py:282)
INFO     [2025-01-12 11:41:35] --- Sampled interval of velocity: 0.00 m/s - 14.77 m/s (planner.py:310)
INFO     [2025-01-12 11:41:35] --- current time step: 32 (frenet_interface.py:280)
INFO     [2025-01-12 11:41:35] --- current velocity: 9.001921329757696 (frenet_interface.py:281)
INFO     [2025-01-12 11:41:35] --- current target velocity: 10.034798992406198 (frenet_interface.py:282)
INFO     [2025-01-12 11:41:36] --- Sampled interval of velocity: 0.00 m/s - 14.75 m/s (planner.py:310)
INFO     [2025-01-12 11:41:36] --- select trajectory 471 (reactive_planner_cpp.py:382)
INFO     [2025-01-12 11:41:36] --- current time step: 33 (frenet_interface.py:257)
INFO     [2025-01-12 11:41:36] --- current velocity: 9.05060716261619 (frenet_interface.py:258)
INFO     [2025-01-12 11:41:36] --- current target velocity: 10.050337205795874 (frenet_interface.py:259)
INFO     [2025-01-12 11:41:38] --- Sampled interval of velocity: 0.00 m/s - 14.80 m/s (planner.py:310)
INFO     [2025-01-12 11:41:38] --- current time step: 34 (frenet_interface.py:280)
INFO     [2025-01-12 11:41:38] --- current velocity: 9.204228710910202 (frenet_interface.py:281)
INFO     [2025-01-12 11:41:38] --- current target velocity: 10.066243855979678 (frenet_interface.py:282)
INFO     [2025-01-12 11:41:38] --- Sampled interval of velocity: 0.00 m/s - 14.95 m/s (planner.py:310)
INFO     [2025-01-12 11:41:38] --- current time step: 35 (frenet_interface.py:280)
INFO     [2025-01-12 11:41:38] --- current velocity: 9.445398181600122 (frenet_interface.py:281)
INFO     [2025-01-12 11:41:38] --- current target velocity: 10.081043967410022 (frenet_interface.py:282)
INFO     [2025-01-12 11:41:40] --- Sampled interval of velocity: 0.00 m/s - 15.20 m/s (planner.py:310)
INFO     [2025-01-12 11:41:40] --- select trajectory 741 (reactive_planner_cpp.py:382)
INFO     [2025-01-12 11:41:40] --- current time step: 36 (frenet_interface.py:257)
INFO     [2025-01-12 11:41:40] --- current velocity: 9.575947962394144 (frenet_interface.py:258)
INFO     [2025-01-12 11:41:40] --- current target velocity: 10.093157045894818 (frenet_interface.py:259)
INFO     [2025-01-12 11:41:43] --- Sampled interval of velocity: 0.00 m/s - 15.33 m/s (planner.py:310)
INFO     [2025-01-12 11:41:43] --- current time step: 37 (frenet_interface.py:280)
INFO     [2025-01-12 11:41:43] --- current velocity: 9.689121862670113 (frenet_interface.py:281)
INFO     [2025-01-12 11:41:43] --- current target velocity: 10.10253221089778 (frenet_interface.py:282)
INFO     [2025-01-12 11:41:43] --- Sampled interval of velocity: 0.00 m/s - 15.44 m/s (planner.py:310)
INFO     [2025-01-12 11:41:43] --- current time step: 38 (frenet_interface.py:280)
INFO     [2025-01-12 11:41:43] --- current velocity: 9.785800204627806 (frenet_interface.py:281)
INFO     [2025-01-12 11:41:43] --- current target velocity: 10.110216919933835 (frenet_interface.py:282)
INFO     [2025-01-12 11:41:44] --- Sampled interval of velocity: 0.00 m/s - 15.54 m/s (planner.py:310)
INFO     [2025-01-12 11:41:44] --- select trajectory 751 (reactive_planner_cpp.py:382)
INFO     [2025-01-12 11:41:44] --- current time step: 39 (frenet_interface.py:257)
INFO     [2025-01-12 11:41:44] --- current velocity: 9.827100795503695 (frenet_interface.py:258)
INFO     [2025-01-12 11:41:44] --- current target velocity: 10.116408372763567 (frenet_interface.py:259)
INFO     [2025-01-12 11:41:45] --- Sampled interval of velocity: 0.00 m/s - 15.58 m/s (planner.py:310)
INFO     [2025-01-12 11:41:46] --- current time step: 40 (frenet_interface.py:280)
INFO     [2025-01-12 11:41:46] --- current velocity: 9.862666950621394 (frenet_interface.py:281)
INFO     [2025-01-12 11:41:46] --- current target velocity: 10.121651692751621 (frenet_interface.py:282)
INFO     [2025-01-12 11:41:47] --- Sampled interval of velocity: 0.00 m/s - 15.61 m/s (planner.py:310)
INFO     [2025-01-12 11:41:47] --- current time step: 41 (frenet_interface.py:280)
INFO     [2025-01-12 11:41:47] --- current velocity: 9.89289458875773 (frenet_interface.py:281)
INFO     [2025-01-12 11:41:47] --- current target velocity: 10.12640869198601 (frenet_interface.py:282)
INFO     [2025-01-12 11:41:48] --- Sampled interval of velocity: 0.00 m/s - 15.64 m/s (planner.py:310)
INFO     [2025-01-12 11:41:48] --- select trajectory 431 (reactive_planner_cpp.py:382)
INFO     [2025-01-12 11:41:48] --- current time step: 42 (frenet_interface.py:257)
INFO     [2025-01-12 11:41:48] --- current velocity: 9.874610129146923 (frenet_interface.py:258)
INFO     [2025-01-12 11:41:48] --- current target velocity: 10.130749945666127 (frenet_interface.py:259)
INFO     [2025-01-12 11:41:50] --- Sampled interval of velocity: 0.00 m/s - 15.62 m/s (planner.py:310)
INFO     [2025-01-12 11:41:50] --- current time step: 43 (frenet_interface.py:280)
INFO     [2025-01-12 11:41:50] --- current velocity: 9.798662041115614 (frenet_interface.py:281)
INFO     [2025-01-12 11:41:50] --- current target velocity: 10.135049621360913 (frenet_interface.py:282)
INFO     [2025-01-12 11:41:52] --- Sampled interval of velocity: 0.00 m/s - 15.55 m/s (planner.py:310)
INFO     [2025-01-12 11:41:52] --- current time step: 44 (frenet_interface.py:280)
INFO     [2025-01-12 11:41:52] --- current velocity: 9.67442953697872 (frenet_interface.py:281)
INFO     [2025-01-12 11:41:52] --- current target velocity: 10.140376348891122 (frenet_interface.py:282)
INFO     [2025-01-12 11:41:52] --- Sampled interval of velocity: 0.00 m/s - 15.42 m/s (planner.py:310)
WARNING  [2025-01-12 11:41:53] --- No optimal trajectory available. Select stopping trajectory! (reactive_planner_cpp.py:407)
INFO     [2025-01-12 11:41:53] --- current time step: 45 (frenet_interface.py:257)
INFO     [2025-01-12 11:41:53] --- current velocity: 9.38924000280083 (frenet_interface.py:258)
INFO     [2025-01-12 11:41:53] --- current target velocity: 9.67442953697872 (frenet_interface.py:259)
INFO     [2025-01-12 11:41:55] --- Sampled interval of velocity: 0.00 m/s - 15.14 m/s (planner.py:310)
INFO     [2025-01-12 11:41:55] --- current time step: 46 (frenet_interface.py:280)
INFO     [2025-01-12 11:41:55] --- current velocity: 8.734327548701605 (frenet_interface.py:281)
INFO     [2025-01-12 11:41:55] --- current target velocity: 9.38924000280083 (frenet_interface.py:282)
INFO     [2025-01-12 11:41:55] --- Sampled interval of velocity: 0.00 m/s - 14.48 m/s (planner.py:310)
INFO     [2025-01-12 11:41:55] --- current time step: 47 (frenet_interface.py:280)
INFO     [2025-01-12 11:41:55] --- current velocity: 7.7933090104222735 (frenet_interface.py:281)
INFO     [2025-01-12 11:41:55] --- current target velocity: 8.734327548701605 (frenet_interface.py:282)
INFO     [2025-01-12 11:41:57] --- Sampled interval of velocity: 0.00 m/s - 13.54 m/s (planner.py:310)
WARNING  [2025-01-12 11:41:58] --- No optimal trajectory available. Select stopping trajectory! (reactive_planner_cpp.py:407)
INFO     [2025-01-12 11:41:58] --- current time step: 48 (frenet_interface.py:257)
INFO     [2025-01-12 11:41:58] --- current velocity: 7.175398587226213 (frenet_interface.py:258)
INFO     [2025-01-12 11:41:58] --- current target velocity: 7.7933090104222735 (frenet_interface.py:259)
INFO     [2025-01-12 11:42:00] --- Sampled interval of velocity: 0.00 m/s - 12.93 m/s (planner.py:310)
INFO     [2025-01-12 11:42:00] --- current time step: 49 (frenet_interface.py:280)
INFO     [2025-01-12 11:42:00] --- current velocity: 6.407184232205193 (frenet_interface.py:281)
INFO     [2025-01-12 11:42:00] --- current target velocity: 7.175398587226213 (frenet_interface.py:282)
INFO     [2025-01-12 11:42:00] --- Sampled interval of velocity: 0.00 m/s - 12.16 m/s (planner.py:310)
INFO     [2025-01-12 11:42:00] --- current time step: 50 (frenet_interface.py:280)
INFO     [2025-01-12 11:42:00] --- current velocity: 5.5327336516430705 (frenet_interface.py:281)
INFO     [2025-01-12 11:42:00] --- current target velocity: 6.407184232205193 (frenet_interface.py:282)
INFO     [2025-01-12 11:42:00] --- Sampled interval of velocity: 0.00 m/s - 11.28 m/s (planner.py:310)
WARNING  [2025-01-12 11:42:01] --- No optimal trajectory available. Select stopping trajectory! (reactive_planner_cpp.py:407)
INFO     [2025-01-12 11:42:01] --- current time step: 51 (frenet_interface.py:257)
INFO     [2025-01-12 11:42:01] --- current velocity: 5.026678996394764 (frenet_interface.py:258)
INFO     [2025-01-12 11:42:01] --- current target velocity: 5.5327336516430705 (frenet_interface.py:259)
INFO     [2025-01-12 11:42:03] --- Sampled interval of velocity: 0.00 m/s - 10.78 m/s (planner.py:310)
INFO     [2025-01-12 11:42:03] --- current time step: 52 (frenet_interface.py:280)
INFO     [2025-01-12 11:42:03] --- current velocity: 4.439532389843429 (frenet_interface.py:281)
INFO     [2025-01-12 11:42:03] --- current target velocity: 5.026678996394764 (frenet_interface.py:282)
INFO     [2025-01-12 11:42:03] --- Sampled interval of velocity: 0.00 m/s - 10.19 m/s (planner.py:310)
INFO     [2025-01-12 11:42:03] --- current time step: 53 (frenet_interface.py:280)
INFO     [2025-01-12 11:42:03] --- current velocity: 3.7985418199723693 (frenet_interface.py:281)
INFO     [2025-01-12 11:42:03] --- current target velocity: 4.439532389843429 (frenet_interface.py:282)
INFO     [2025-01-12 11:42:03] --- Sampled interval of velocity: 0.00 m/s - 9.55 m/s (planner.py:310)
WARNING  [2025-01-12 11:42:04] --- No optimal trajectory available. Select stopping trajectory! (reactive_planner_cpp.py:407)
INFO     [2025-01-12 11:42:04] --- current time step: 54 (frenet_interface.py:257)
INFO     [2025-01-12 11:42:04] --- current velocity: 3.4378484238615945 (frenet_interface.py:258)
INFO     [2025-01-12 11:42:04] --- current target velocity: 3.7985418199723693 (frenet_interface.py:259)
INFO     [2025-01-12 11:42:06] --- Sampled interval of velocity: 0.00 m/s - 9.19 m/s (planner.py:310)
INFO     [2025-01-12 11:42:06] --- current time step: 55 (frenet_interface.py:280)
INFO     [2025-01-12 11:42:06] --- current velocity: 3.0265372337006196 (frenet_interface.py:281)
INFO     [2025-01-12 11:42:06] --- current target velocity: 3.4378484238615945 (frenet_interface.py:282)
INFO     [2025-01-12 11:42:06] --- Sampled interval of velocity: 0.00 m/s - 8.78 m/s (planner.py:310)
INFO     [2025-01-12 11:42:06] --- current time step: 56 (frenet_interface.py:280)
INFO     [2025-01-12 11:42:06] --- current velocity: 2.582512861455909 (frenet_interface.py:281)
INFO     [2025-01-12 11:42:06] --- current target velocity: 3.0265372337006196 (frenet_interface.py:282)
INFO     [2025-01-12 11:42:06] --- Sampled interval of velocity: 0.00 m/s - 8.33 m/s (planner.py:310)
WARNING  [2025-01-12 11:42:07] --- No optimal trajectory available. Select stopping trajectory! (reactive_planner_cpp.py:407)
INFO     [2025-01-12 11:42:07] --- current time step: 57 (frenet_interface.py:257)
INFO     [2025-01-12 11:42:07] --- current velocity: 2.33461286040734 (frenet_interface.py:258)
INFO     [2025-01-12 11:42:07] --- current target velocity: 2.582512861455909 (frenet_interface.py:259)
INFO     [2025-01-12 11:42:08] --- Sampled interval of velocity: 0.00 m/s - 8.08 m/s (planner.py:310)
INFO     [2025-01-12 11:42:08] --- current time step: 58 (frenet_interface.py:280)
INFO     [2025-01-12 11:42:08] --- current velocity: 2.0533325168947294 (frenet_interface.py:281)
INFO     [2025-01-12 11:42:08] --- current target velocity: 2.33461286040734 (frenet_interface.py:282)
INFO     [2025-01-12 11:42:09] --- Sampled interval of velocity: 0.00 m/s - 7.80 m/s (planner.py:310)
INFO     [2025-01-12 11:42:09] --- current time step: 59 (frenet_interface.py:280)
INFO     [2025-01-12 11:42:09] --- current velocity: 1.7506798850552001 (frenet_interface.py:281)
INFO     [2025-01-12 11:42:09] --- current target velocity: 2.0533325168947294 (frenet_interface.py:282)
INFO     [2025-01-12 11:42:09] --- Sampled interval of velocity: 0.00 m/s - 7.50 m/s (planner.py:310)
WARNING  [2025-01-12 11:42:10] --- No optimal trajectory available. Select stopping trajectory! (reactive_planner_cpp.py:407)
INFO     [2025-01-12 11:42:10] --- current time step: 60 (frenet_interface.py:257)
INFO     [2025-01-12 11:42:10] --- current velocity: 1.5821033956161985 (frenet_interface.py:258)
INFO     [2025-01-12 11:42:10] --- current target velocity: 1.7506798850552001 (frenet_interface.py:259)
INFO     [2025-01-12 11:42:12] --- Sampled interval of velocity: 0.00 m/s - 7.33 m/s (planner.py:310)
INFO     [2025-01-12 11:42:12] --- current time step: 61 (frenet_interface.py:280)
INFO     [2025-01-12 11:42:12] --- current velocity: 1.3911141674211618 (frenet_interface.py:281)
INFO     [2025-01-12 11:42:12] --- current target velocity: 1.5821033956161985 (frenet_interface.py:282)
INFO     [2025-01-12 11:42:12] --- Sampled interval of velocity: 0.00 m/s - 7.14 m/s (planner.py:310)
INFO     [2025-01-12 11:42:12] --- current time step: 62 (frenet_interface.py:280)
INFO     [2025-01-12 11:42:12] --- current velocity: 1.1858174451816532 (frenet_interface.py:281)
INFO     [2025-01-12 11:42:12] --- current target velocity: 1.3911141674211618 (frenet_interface.py:282)
INFO     [2025-01-12 11:42:13] --- Sampled interval of velocity: 0.00 m/s - 6.94 m/s (planner.py:310)
WARNING  [2025-01-12 11:42:13] --- No optimal trajectory available. Select stopping trajectory! (reactive_planner_cpp.py:407)
INFO     [2025-01-12 11:42:13] --- current time step: 63 (frenet_interface.py:257)
INFO     [2025-01-12 11:42:13] --- current velocity: 1.0715490025615009 (frenet_interface.py:258)
INFO     [2025-01-12 11:42:13] --- current target velocity: 1.1858174451816532 (frenet_interface.py:259)
INFO     [2025-01-12 11:42:15] --- Sampled interval of velocity: 0.00 m/s - 6.82 m/s (planner.py:310)
INFO     [2025-01-12 11:42:15] --- current time step: 64 (frenet_interface.py:280)
INFO     [2025-01-12 11:42:15] --- current velocity: 0.9421471952134073 (frenet_interface.py:281)
INFO     [2025-01-12 11:42:15] --- current target velocity: 1.0715490025615009 (frenet_interface.py:282)
INFO     [2025-01-12 11:42:15] --- Sampled interval of velocity: 0.00 m/s - 6.69 m/s (planner.py:310)
INFO     [2025-01-12 11:42:15] --- current time step: 65 (frenet_interface.py:280)
INFO     [2025-01-12 11:42:15] --- current velocity: 0.8030935877257676 (frenet_interface.py:281)
INFO     [2025-01-12 11:42:15] --- current target velocity: 0.9421471952134073 (frenet_interface.py:282)
INFO     [2025-01-12 11:42:16] --- Sampled interval of velocity: 0.00 m/s - 6.55 m/s (planner.py:310)
WARNING  [2025-01-12 11:42:16] --- No optimal trajectory available. Select stopping trajectory! (reactive_planner_cpp.py:407)
INFO     [2025-01-12 11:42:16] --- current time step: 66 (frenet_interface.py:257)
INFO     [2025-01-12 11:42:16] --- current velocity: 0.7257128973118765 (frenet_interface.py:258)
INFO     [2025-01-12 11:42:16] --- current target velocity: 0.8030935877257676 (frenet_interface.py:259)
INFO     [2025-01-12 11:42:19] --- Sampled interval of velocity: 0.00 m/s - 6.48 m/s (planner.py:310)
INFO     [2025-01-12 11:42:19] --- current time step: 67 (frenet_interface.py:280)
INFO     [2025-01-12 11:42:19] --- current velocity: 0.638096208334432 (frenet_interface.py:281)
INFO     [2025-01-12 11:42:19] --- current target velocity: 0.7257128973118765 (frenet_interface.py:282)
INFO     [2025-01-12 11:42:19] --- Sampled interval of velocity: 0.00 m/s - 6.39 m/s (planner.py:310)
INFO     [2025-01-12 11:42:19] --- current time step: 68 (frenet_interface.py:280)
INFO     [2025-01-12 11:42:19] --- current velocity: 0.5439530620667351 (frenet_interface.py:281)
INFO     [2025-01-12 11:42:19] --- current target velocity: 0.638096208334432 (frenet_interface.py:282)
INFO     [2025-01-12 11:42:20] --- Sampled interval of velocity: 0.00 m/s - 6.29 m/s (planner.py:310)
WARNING  [2025-01-12 11:42:20] --- No optimal trajectory available. Select stopping trajectory! (reactive_planner_cpp.py:407)
INFO     [2025-01-12 11:42:20] --- current time step: 69 (frenet_interface.py:257)
INFO     [2025-01-12 11:42:20] --- current velocity: 0.491567646646633 (frenet_interface.py:258)
INFO     [2025-01-12 11:42:20] --- current target velocity: 0.5439530620667351 (frenet_interface.py:259)
INFO     [2025-01-12 11:42:22] --- Sampled interval of velocity: 0.00 m/s - 6.24 m/s (planner.py:310)
INFO     [2025-01-12 11:42:22] --- current time step: 70 (frenet_interface.py:280)
INFO     [2025-01-12 11:42:22] --- current velocity: 0.4322551398365648 (frenet_interface.py:281)
INFO     [2025-01-12 11:42:22] --- current target velocity: 0.491567646646633 (frenet_interface.py:282)
INFO     [2025-01-12 11:42:23] --- Sampled interval of velocity: 0.00 m/s - 6.18 m/s (planner.py:310)
INFO     [2025-01-12 11:42:23] --- current time step: 71 (frenet_interface.py:280)
INFO     [2025-01-12 11:42:23] --- current velocity: 0.36852630956884563 (frenet_interface.py:281)
INFO     [2025-01-12 11:42:23] --- current target velocity: 0.4322551398365648 (frenet_interface.py:282)
INFO     [2025-01-12 11:42:23] --- Sampled interval of velocity: 0.00 m/s - 6.12 m/s (planner.py:310)
WARNING  [2025-01-12 11:42:23] --- No optimal trajectory available. Select stopping trajectory! (reactive_planner_cpp.py:407)
INFO     [2025-01-12 11:42:23] --- current time step: 72 (frenet_interface.py:257)
INFO     [2025-01-12 11:42:23] --- current velocity: 0.33306548113668794 (frenet_interface.py:258)
INFO     [2025-01-12 11:42:23] --- current target velocity: 0.36852630956884563 (frenet_interface.py:259)
INFO     [2025-01-12 11:42:25] --- Sampled interval of velocity: 0.00 m/s - 6.08 m/s (planner.py:310)
INFO     [2025-01-12 11:42:25] --- current time step: 73 (frenet_interface.py:280)
INFO     [2025-01-12 11:42:25] --- current velocity: 0.29291606997127234 (frenet_interface.py:281)
INFO     [2025-01-12 11:42:25] --- current target velocity: 0.33306548113668794 (frenet_interface.py:282)
