CRITICAL [2025-01-12 11:46:57] --- Start Planner Vehicle ID: 3518 (frenet_interface.py:67)
INFO     [2025-01-12 11:46:59] --- Sampled interval of velocity: 0.00 m/s - 14.52 m/s (planner.py:310)
INFO     [2025-01-12 11:46:59] --- select trajectory 31 (reactive_planner_cpp.py:382)
INFO     [2025-01-12 11:46:59] --- current time step: 0 (frenet_interface.py:257)
INFO     [2025-01-12 11:46:59] --- current velocity: 8.755304002764117 (frenet_interface.py:258)
INFO     [2025-01-12 11:46:59] --- current target velocity: 8.7705 (frenet_interface.py:259)
INFO     [2025-01-12 11:47:01] --- Sampled interval of velocity: 0.00 m/s - 14.51 m/s (planner.py:310)
INFO     [2025-01-12 11:47:01] --- current time step: 1 (frenet_interface.py:280)
INFO     [2025-01-12 11:47:01] --- current velocity: 8.712081251804374 (frenet_interface.py:281)
INFO     [2025-01-12 11:47:01] --- current target velocity: 8.755304002764117 (frenet_interface.py:282)
INFO     [2025-01-12 11:47:02] --- Sampled interval of velocity: 0.00 m/s - 14.46 m/s (planner.py:310)
INFO     [2025-01-12 11:47:02] --- current time step: 2 (frenet_interface.py:280)
INFO     [2025-01-12 11:47:02] --- current velocity: 8.644806554513982 (frenet_interface.py:281)
INFO     [2025-01-12 11:47:02] --- current target velocity: 8.712081251804374 (frenet_interface.py:282)
INFO     [2025-01-12 11:47:02] --- Sampled interval of velocity: 0.00 m/s - 14.39 m/s (planner.py:310)
INFO     [2025-01-12 11:47:02] --- select trajectory 511 (reactive_planner_cpp.py:382)
INFO     [2025-01-12 11:47:02] --- current time step: 3 (frenet_interface.py:257)
INFO     [2025-01-12 11:47:02] --- current velocity: 8.58690201158952 (frenet_interface.py:258)
INFO     [2025-01-12 11:47:02] --- current target velocity: 8.644806554513982 (frenet_interface.py:259)
INFO     [2025-01-12 11:47:04] --- Sampled interval of velocity: 0.00 m/s - 14.34 m/s (planner.py:310)
INFO     [2025-01-12 11:47:04] --- current time step: 4 (frenet_interface.py:280)
INFO     [2025-01-12 11:47:04] --- current velocity: 8.493503461866434 (frenet_interface.py:281)
INFO     [2025-01-12 11:47:04] --- current target velocity: 8.58690201158952 (frenet_interface.py:282)
INFO     [2025-01-12 11:47:05] --- Sampled interval of velocity: 0.00 m/s - 14.24 m/s (planner.py:310)
INFO     [2025-01-12 11:47:05] --- current time step: 5 (frenet_interface.py:280)
INFO     [2025-01-12 11:47:05] --- current velocity: 8.367641825767976 (frenet_interface.py:281)
INFO     [2025-01-12 11:47:05] --- current target velocity: 8.493503461866434 (frenet_interface.py:282)
INFO     [2025-01-12 11:47:05] --- Sampled interval of velocity: 0.00 m/s - 14.12 m/s (planner.py:310)
INFO     [2025-01-12 11:47:05] --- select trajectory 11 (reactive_planner_cpp.py:382)
INFO     [2025-01-12 11:47:05] --- current time step: 6 (frenet_interface.py:257)
INFO     [2025-01-12 11:47:05] --- current velocity: 8.257002736791131 (frenet_interface.py:258)
INFO     [2025-01-12 11:47:05] --- current target velocity: 8.367641825767976 (frenet_interface.py:259)
INFO     [2025-01-12 11:47:06] --- Sampled interval of velocity: 0.00 m/s - 14.01 m/s (planner.py:310)
INFO     [2025-01-12 11:47:06] --- current time step: 7 (frenet_interface.py:280)
INFO     [2025-01-12 11:47:06] --- current velocity: 8.072826284900126 (frenet_interface.py:281)
INFO     [2025-01-12 11:47:06] --- current target velocity: 8.257002736791131 (frenet_interface.py:282)
INFO     [2025-01-12 11:47:07] --- Sampled interval of velocity: 0.00 m/s - 13.82 m/s (planner.py:310)
INFO     [2025-01-12 11:47:07] --- current time step: 8 (frenet_interface.py:280)
INFO     [2025-01-12 11:47:07] --- current velocity: 7.825442117264085 (frenet_interface.py:281)
INFO     [2025-01-12 11:47:07] --- current target velocity: 8.072826284900126 (frenet_interface.py:282)
INFO     [2025-01-12 11:47:08] --- Sampled interval of velocity: 0.00 m/s - 13.58 m/s (planner.py:310)
INFO     [2025-01-12 11:47:08] --- select trajectory 301 (reactive_planner_cpp.py:382)
INFO     [2025-01-12 11:47:08] --- current time step: 9 (frenet_interface.py:257)
INFO     [2025-01-12 11:47:08] --- current velocity: 7.665637574229448 (frenet_interface.py:258)
INFO     [2025-01-12 11:47:08] --- current target velocity: 7.825442117264085 (frenet_interface.py:259)
INFO     [2025-01-12 11:47:10] --- Sampled interval of velocity: 0.00 m/s - 13.42 m/s (planner.py:310)
INFO     [2025-01-12 11:47:10] --- current time step: 10 (frenet_interface.py:280)
INFO     [2025-01-12 11:47:10] --- current velocity: 7.464750423768634 (frenet_interface.py:281)
INFO     [2025-01-12 11:47:10] --- current target velocity: 7.665637574229448 (frenet_interface.py:282)
INFO     [2025-01-12 11:47:10] --- Sampled interval of velocity: 0.00 m/s - 13.21 m/s (planner.py:310)
INFO     [2025-01-12 11:47:10] --- current time step: 11 (frenet_interface.py:280)
INFO     [2025-01-12 11:47:10] --- current velocity: 7.227279878047065 (frenet_interface.py:281)
INFO     [2025-01-12 11:47:10] --- current target velocity: 7.464750423768634 (frenet_interface.py:282)
INFO     [2025-01-12 11:47:11] --- Sampled interval of velocity: 0.00 m/s - 12.98 m/s (planner.py:310)
INFO     [2025-01-12 11:47:11] --- select trajectory 206 (reactive_planner_cpp.py:382)
INFO     [2025-01-12 11:47:11] --- current time step: 12 (frenet_interface.py:257)
INFO     [2025-01-12 11:47:11] --- current velocity: 7.071892300772575 (frenet_interface.py:258)
INFO     [2025-01-12 11:47:11] --- current target velocity: 7.227279878047065 (frenet_interface.py:259)
INFO     [2025-01-12 11:47:12] --- Sampled interval of velocity: 0.00 m/s - 12.82 m/s (planner.py:310)
INFO     [2025-01-12 11:47:12] --- current time step: 13 (frenet_interface.py:280)
INFO     [2025-01-12 11:47:12] --- current velocity: 6.86436878553957 (frenet_interface.py:281)
INFO     [2025-01-12 11:47:12] --- current target velocity: 7.071892300772575 (frenet_interface.py:282)
INFO     [2025-01-12 11:47:13] --- Sampled interval of velocity: 0.00 m/s - 12.61 m/s (planner.py:310)
INFO     [2025-01-12 11:47:13] --- current time step: 14 (frenet_interface.py:280)
INFO     [2025-01-12 11:47:13] --- current velocity: 6.611223692727903 (frenet_interface.py:281)
INFO     [2025-01-12 11:47:13] --- current target velocity: 6.86436878553957 (frenet_interface.py:282)
INFO     [2025-01-12 11:47:14] --- Sampled interval of velocity: 0.00 m/s - 12.36 m/s (planner.py:310)
INFO     [2025-01-12 11:47:14] --- select trajectory 401 (reactive_planner_cpp.py:382)
INFO     [2025-01-12 11:47:14] --- current time step: 15 (frenet_interface.py:257)
INFO     [2025-01-12 11:47:14] --- current velocity: 6.419360401823303 (frenet_interface.py:258)
INFO     [2025-01-12 11:47:14] --- current target velocity: 6.611223692727903 (frenet_interface.py:259)
INFO     [2025-01-12 11:47:15] --- Sampled interval of velocity: 0.00 m/s - 12.17 m/s (planner.py:310)
INFO     [2025-01-12 11:47:15] --- current time step: 16 (frenet_interface.py:280)
INFO     [2025-01-12 11:47:15] --- current velocity: 6.129580755855153 (frenet_interface.py:281)
INFO     [2025-01-12 11:47:15] --- current target velocity: 6.419360401823303 (frenet_interface.py:282)
INFO     [2025-01-12 11:47:15] --- Sampled interval of velocity: 0.00 m/s - 11.88 m/s (planner.py:310)
INFO     [2025-01-12 11:47:15] --- current time step: 17 (frenet_interface.py:280)
INFO     [2025-01-12 11:47:15] --- current velocity: 5.759781667330702 (frenet_interface.py:281)
INFO     [2025-01-12 11:47:15] --- current target velocity: 6.129580755855153 (frenet_interface.py:282)
INFO     [2025-01-12 11:47:16] --- Sampled interval of velocity: 0.00 m/s - 11.51 m/s (planner.py:310)
INFO     [2025-01-12 11:47:16] --- select trajectory 91 (reactive_planner_cpp.py:382)
INFO     [2025-01-12 11:47:16] --- current time step: 18 (frenet_interface.py:257)
INFO     [2025-01-12 11:47:16] --- current velocity: 5.523546232556624 (frenet_interface.py:258)
INFO     [2025-01-12 11:47:16] --- current target velocity: 5.759781667330702 (frenet_interface.py:259)
INFO     [2025-01-12 11:47:18] --- Sampled interval of velocity: 0.00 m/s - 11.27 m/s (planner.py:310)
INFO     [2025-01-12 11:47:18] --- current time step: 19 (frenet_interface.py:280)
INFO     [2025-01-12 11:47:18] --- current velocity: 5.22511538354498 (frenet_interface.py:281)
INFO     [2025-01-12 11:47:18] --- current target velocity: 5.523546232556624 (frenet_interface.py:282)
INFO     [2025-01-12 11:47:19] --- Sampled interval of velocity: 0.00 m/s - 10.98 m/s (planner.py:310)
INFO     [2025-01-12 11:47:19] --- current time step: 20 (frenet_interface.py:280)
INFO     [2025-01-12 11:47:19] --- current velocity: 4.874359494054061 (frenet_interface.py:281)
INFO     [2025-01-12 11:47:19] --- current target velocity: 5.22511538354498 (frenet_interface.py:282)
INFO     [2025-01-12 11:47:19] --- Sampled interval of velocity: 0.00 m/s - 10.62 m/s (planner.py:310)
INFO     [2025-01-12 11:47:19] --- select trajectory 491 (reactive_planner_cpp.py:382)
INFO     [2025-01-12 11:47:19] --- current time step: 21 (frenet_interface.py:257)
INFO     [2025-01-12 11:47:19] --- current velocity: 4.642237582220932 (frenet_interface.py:258)
INFO     [2025-01-12 11:47:19] --- current target velocity: 4.874359494054061 (frenet_interface.py:259)
INFO     [2025-01-12 11:47:21] --- Sampled interval of velocity: 0.00 m/s - 10.39 m/s (planner.py:310)
INFO     [2025-01-12 11:47:21] --- current time step: 22 (frenet_interface.py:280)
INFO     [2025-01-12 11:47:21] --- current velocity: 4.329881685013693 (frenet_interface.py:281)
INFO     [2025-01-12 11:47:21] --- current target velocity: 4.642237582220932 (frenet_interface.py:282)
INFO     [2025-01-12 11:47:22] --- Sampled interval of velocity: 0.00 m/s - 10.08 m/s (planner.py:310)
INFO     [2025-01-12 11:47:22] --- current time step: 23 (frenet_interface.py:280)
INFO     [2025-01-12 11:47:22] --- current velocity: 3.9528932365005094 (frenet_interface.py:281)
INFO     [2025-01-12 11:47:22] --- current target velocity: 4.329881685013693 (frenet_interface.py:282)
INFO     [2025-01-12 11:47:22] --- Sampled interval of velocity: 0.00 m/s - 9.70 m/s (planner.py:310)
INFO     [2025-01-12 11:47:22] --- select trajectory 191 (reactive_planner_cpp.py:382)
INFO     [2025-01-12 11:47:22] --- current time step: 24 (frenet_interface.py:257)
INFO     [2025-01-12 11:47:22] --- current velocity: 3.6938397044632665 (frenet_interface.py:258)
INFO     [2025-01-12 11:47:22] --- current target velocity: 3.9528932365005094 (frenet_interface.py:259)
INFO     [2025-01-12 11:47:24] --- Sampled interval of velocity: 0.00 m/s - 9.44 m/s (planner.py:310)
INFO     [2025-01-12 11:47:24] --- current time step: 25 (frenet_interface.py:280)
INFO     [2025-01-12 11:47:24] --- current velocity: 3.3379146460750126 (frenet_interface.py:281)
INFO     [2025-01-12 11:47:24] --- current target velocity: 3.6938397044632665 (frenet_interface.py:282)
INFO     [2025-01-12 11:47:25] --- Sampled interval of velocity: 0.00 m/s - 9.09 m/s (planner.py:310)
INFO     [2025-01-12 11:47:25] --- current time step: 26 (frenet_interface.py:280)
INFO     [2025-01-12 11:47:25] --- current velocity: 2.9107275577087606 (frenet_interface.py:281)
INFO     [2025-01-12 11:47:25] --- current target velocity: 3.3379146460750126 (frenet_interface.py:282)
INFO     [2025-01-12 11:47:25] --- Sampled interval of velocity: 0.00 m/s - 8.66 m/s (planner.py:310)
WARNING  [2025-01-12 11:47:26] --- No optimal trajectory available. Select stopping trajectory! (reactive_planner_cpp.py:407)
INFO     [2025-01-12 11:47:26] --- current time step: 27 (frenet_interface.py:257)
INFO     [2025-01-12 11:47:26] --- current velocity: 2.68043943531484 (frenet_interface.py:258)
INFO     [2025-01-12 11:47:26] --- current target velocity: 2.9107275577087606 (frenet_interface.py:259)
INFO     [2025-01-12 11:47:29] --- Sampled interval of velocity: 0.00 m/s - 8.43 m/s (planner.py:310)
INFO     [2025-01-12 11:47:29] --- current time step: 28 (frenet_interface.py:280)
INFO     [2025-01-12 11:47:29] --- current velocity: 2.4473565831157917 (frenet_interface.py:281)
INFO     [2025-01-12 11:47:29] --- current target velocity: 2.68043943531484 (frenet_interface.py:282)
INFO     [2025-01-12 11:47:29] --- Sampled interval of velocity: 0.00 m/s - 8.20 m/s (planner.py:310)
INFO     [2025-01-12 11:47:29] --- current time step: 29 (frenet_interface.py:280)
INFO     [2025-01-12 11:47:29] --- current velocity: 2.2166902414584624 (frenet_interface.py:281)
INFO     [2025-01-12 11:47:29] --- current target velocity: 2.4473565831157917 (frenet_interface.py:282)
INFO     [2025-01-12 11:47:30] --- Sampled interval of velocity: 0.00 m/s - 7.97 m/s (planner.py:310)
INFO     [2025-01-12 11:47:30] --- select trajectory 196 (reactive_planner_cpp.py:382)
INFO     [2025-01-12 11:47:30] --- current time step: 30 (frenet_interface.py:257)
INFO     [2025-01-12 11:47:30] --- current velocity: 2.070984359565993 (frenet_interface.py:258)
INFO     [2025-01-12 11:47:30] --- current target velocity: 2.2166902414584624 (frenet_interface.py:259)
INFO     [2025-01-12 11:47:31] --- Sampled interval of velocity: 0.00 m/s - 7.82 m/s (planner.py:310)
INFO     [2025-01-12 11:47:31] --- current time step: 31 (frenet_interface.py:280)
INFO     [2025-01-12 11:47:31] --- current velocity: 1.871144673525494 (frenet_interface.py:281)
INFO     [2025-01-12 11:47:31] --- current target velocity: 2.070984359565993 (frenet_interface.py:282)
INFO     [2025-01-12 11:47:32] --- Sampled interval of velocity: 0.00 m/s - 7.62 m/s (planner.py:310)
INFO     [2025-01-12 11:47:32] --- current time step: 32 (frenet_interface.py:280)
INFO     [2025-01-12 11:47:32] --- current velocity: 1.631500596879759 (frenet_interface.py:281)
INFO     [2025-01-12 11:47:32] --- current target velocity: 1.871144673525494 (frenet_interface.py:282)
INFO     [2025-01-12 11:47:32] --- Sampled interval of velocity: 0.00 m/s - 7.38 m/s (planner.py:310)
WARNING  [2025-01-12 11:47:32] --- No optimal trajectory available. Select stopping trajectory! (reactive_planner_cpp.py:407)
INFO     [2025-01-12 11:47:32] --- current time step: 33 (frenet_interface.py:257)
INFO     [2025-01-12 11:47:32] --- current velocity: 1.4882480048367928 (frenet_interface.py:258)
INFO     [2025-01-12 11:47:32] --- current target velocity: 1.631500596879759 (frenet_interface.py:259)
INFO     [2025-01-12 11:47:33] --- Sampled interval of velocity: 0.00 m/s - 7.24 m/s (planner.py:310)
INFO     [2025-01-12 11:47:33] --- current time step: 34 (frenet_interface.py:280)
INFO     [2025-01-12 11:47:33] --- current velocity: 1.3188494117233733 (frenet_interface.py:281)
INFO     [2025-01-12 11:47:33] --- current target velocity: 1.4882480048367928 (frenet_interface.py:282)
INFO     [2025-01-12 11:47:34] --- Sampled interval of velocity: 0.00 m/s - 7.07 m/s (planner.py:310)
INFO     [2025-01-12 11:47:34] --- current time step: 35 (frenet_interface.py:280)
INFO     [2025-01-12 11:47:34] --- current velocity: 1.1316886662491183 (frenet_interface.py:281)
INFO     [2025-01-12 11:47:34] --- current target velocity: 1.3188494117233733 (frenet_interface.py:282)
INFO     [2025-01-12 11:47:34] --- Sampled interval of velocity: 0.00 m/s - 6.88 m/s (planner.py:310)
WARNING  [2025-01-12 11:47:35] --- No optimal trajectory available. Select stopping trajectory! (reactive_planner_cpp.py:407)
INFO     [2025-01-12 11:47:35] --- current time step: 36 (frenet_interface.py:257)
INFO     [2025-01-12 11:47:35] --- current velocity: 1.025499688610334 (frenet_interface.py:258)
INFO     [2025-01-12 11:47:35] --- current target velocity: 1.1316886662491183 (frenet_interface.py:259)
INFO     [2025-01-12 11:47:37] --- Sampled interval of velocity: 0.00 m/s - 6.78 m/s (planner.py:310)
INFO     [2025-01-12 11:47:37] --- current time step: 37 (frenet_interface.py:280)
INFO     [2025-01-12 11:47:37] --- current velocity: 0.9037822830490142 (frenet_interface.py:281)
INFO     [2025-01-12 11:47:37] --- current target velocity: 1.025499688610334 (frenet_interface.py:282)
INFO     [2025-01-12 11:47:37] --- Sampled interval of velocity: 0.00 m/s - 6.65 m/s (planner.py:310)
INFO     [2025-01-12 11:47:37] --- current time step: 38 (frenet_interface.py:280)
INFO     [2025-01-12 11:47:37] --- current velocity: 0.7719391298582321 (frenet_interface.py:281)
INFO     [2025-01-12 11:47:37] --- current target velocity: 0.9037822830490142 (frenet_interface.py:282)
INFO     [2025-01-12 11:47:37] --- Sampled interval of velocity: 0.00 m/s - 6.52 m/s (planner.py:310)
WARNING  [2025-01-12 11:47:38] --- No optimal trajectory available. Select stopping trajectory! (reactive_planner_cpp.py:407)
INFO     [2025-01-12 11:47:38] --- current time step: 39 (frenet_interface.py:257)
INFO     [2025-01-12 11:47:38] --- current velocity: 0.6981547628429763 (frenet_interface.py:258)
INFO     [2025-01-12 11:47:38] --- current target velocity: 0.7719391298582321 (frenet_interface.py:259)
INFO     [2025-01-12 11:47:40] --- Sampled interval of velocity: 0.00 m/s - 6.45 m/s (planner.py:310)
INFO     [2025-01-12 11:47:40] --- current time step: 40 (frenet_interface.py:280)
INFO     [2025-01-12 11:47:40] --- current velocity: 0.6143074876095854 (frenet_interface.py:281)
INFO     [2025-01-12 11:47:40] --- current target velocity: 0.6981547628429763 (frenet_interface.py:282)
INFO     [2025-01-12 11:47:40] --- Sampled interval of velocity: 0.00 m/s - 6.36 m/s (planner.py:310)
INFO     [2025-01-12 11:47:40] --- current time step: 41 (frenet_interface.py:280)
INFO     [2025-01-12 11:47:40] --- current velocity: 0.523998213245135 (frenet_interface.py:281)
INFO     [2025-01-12 11:47:40] --- current target velocity: 0.6143074876095854 (frenet_interface.py:282)
INFO     [2025-01-12 11:47:40] --- Sampled interval of velocity: 0.00 m/s - 6.27 m/s (planner.py:310)
WARNING  [2025-01-12 11:47:41] --- No optimal trajectory available. Select stopping trajectory! (reactive_planner_cpp.py:407)
INFO     [2025-01-12 11:47:41] --- current time step: 42 (frenet_interface.py:257)
INFO     [2025-01-12 11:47:41] --- current velocity: 0.47366014889537084 (frenet_interface.py:258)
INFO     [2025-01-12 11:47:41] --- current target velocity: 0.523998213245135 (frenet_interface.py:259)
INFO     [2025-01-12 11:47:42] --- Sampled interval of velocity: 0.00 m/s - 6.22 m/s (planner.py:310)
INFO     [2025-01-12 11:47:42] --- current time step: 43 (frenet_interface.py:280)
INFO     [2025-01-12 11:47:42] --- current velocity: 0.41660319834937626 (frenet_interface.py:281)
INFO     [2025-01-12 11:47:42] --- current target velocity: 0.47366014889537084 (frenet_interface.py:282)
INFO     [2025-01-12 11:47:42] --- Sampled interval of velocity: 0.00 m/s - 6.17 m/s (planner.py:310)
INFO     [2025-01-12 11:47:42] --- current time step: 44 (frenet_interface.py:280)
INFO     [2025-01-12 11:47:42] --- current velocity: 0.3552531764694022 (frenet_interface.py:281)
INFO     [2025-01-12 11:47:42] --- current target velocity: 0.41660319834937626 (frenet_interface.py:282)
INFO     [2025-01-12 11:47:43] --- Sampled interval of velocity: 0.00 m/s - 6.11 m/s (planner.py:310)
WARNING  [2025-01-12 11:47:43] --- No optimal trajectory available. Select stopping trajectory! (reactive_planner_cpp.py:407)
INFO     [2025-01-12 11:47:43] --- current time step: 45 (frenet_interface.py:257)
INFO     [2025-01-12 11:47:43] --- current velocity: 0.3210982270357622 (frenet_interface.py:258)
INFO     [2025-01-12 11:47:43] --- current target velocity: 0.3552531764694022 (frenet_interface.py:259)
INFO     [2025-01-12 11:47:45] --- Sampled interval of velocity: 0.00 m/s - 6.07 m/s (planner.py:310)
INFO     [2025-01-12 11:47:45] --- current time step: 46 (frenet_interface.py:280)
INFO     [2025-01-12 11:47:45] --- current velocity: 0.2824144383490953 (frenet_interface.py:281)
INFO     [2025-01-12 11:47:45] --- current target velocity: 0.3210982270357622 (frenet_interface.py:282)
INFO     [2025-01-12 11:47:45] --- Sampled interval of velocity: 0.00 m/s - 6.03 m/s (planner.py:310)
INFO     [2025-01-12 11:47:45] --- current time step: 47 (frenet_interface.py:280)
INFO     [2025-01-12 11:47:45] --- current velocity: 0.24084143213305712 (frenet_interface.py:281)
INFO     [2025-01-12 11:47:45] --- current target velocity: 0.2824144383490953 (frenet_interface.py:282)
INFO     [2025-01-12 11:47:46] --- Sampled interval of velocity: 0.00 m/s - 5.99 m/s (planner.py:310)
WARNING  [2025-01-12 11:47:46] --- No optimal trajectory available. Select stopping trajectory! (reactive_planner_cpp.py:407)
INFO     [2025-01-12 11:47:46] --- current time step: 48 (frenet_interface.py:257)
INFO     [2025-01-12 11:47:46] --- current velocity: 0.21770530709911806 (frenet_interface.py:258)
INFO     [2025-01-12 11:47:46] --- current target velocity: 0.24084143213305712 (frenet_interface.py:259)
INFO     [2025-01-12 11:47:48] --- Sampled interval of velocity: 0.00 m/s - 5.97 m/s (planner.py:310)
INFO     [2025-01-12 11:47:48] --- current time step: 49 (frenet_interface.py:280)
INFO     [2025-01-12 11:47:48] --- current velocity: 0.19150758887668262 (frenet_interface.py:281)
INFO     [2025-01-12 11:47:48] --- current target velocity: 0.21770530709911806 (frenet_interface.py:282)
INFO     [2025-01-12 11:47:48] --- Sampled interval of velocity: 0.00 m/s - 5.94 m/s (planner.py:310)
INFO     [2025-01-12 11:47:48] --- current time step: 50 (frenet_interface.py:280)
INFO     [2025-01-12 11:47:48] --- current velocity: 0.16335763280163754 (frenet_interface.py:281)
INFO     [2025-01-12 11:47:48] --- current target velocity: 0.19150758887668262 (frenet_interface.py:282)
INFO     [2025-01-12 11:47:49] --- Sampled interval of velocity: 0.00 m/s - 5.91 m/s (planner.py:310)
WARNING  [2025-01-12 11:47:49] --- No optimal trajectory available. Select stopping trajectory! (reactive_planner_cpp.py:407)
INFO     [2025-01-12 11:47:49] --- current time step: 51 (frenet_interface.py:257)
INFO     [2025-01-12 11:47:49] --- current velocity: 0.14769343349716543 (frenet_interface.py:258)
INFO     [2025-01-12 11:47:49] --- current target velocity: 0.16335763280163754 (frenet_interface.py:259)
INFO     [2025-01-12 11:47:50] --- Sampled interval of velocity: 0.00 m/s - 5.90 m/s (planner.py:310)
INFO     [2025-01-12 11:47:50] --- current time step: 52 (frenet_interface.py:280)
INFO     [2025-01-12 11:47:50] --- current velocity: 0.12995767403558134 (frenet_interface.py:281)
INFO     [2025-01-12 11:47:50] --- current target velocity: 0.14769343349716543 (frenet_interface.py:282)
INFO     [2025-01-12 11:47:51] --- Sampled interval of velocity: 0.00 m/s - 5.88 m/s (planner.py:310)
INFO     [2025-01-12 11:47:51] --- current time step: 53 (frenet_interface.py:280)
INFO     [2025-01-12 11:47:51] --- current velocity: 0.11090116895911607 (frenet_interface.py:281)
INFO     [2025-01-12 11:47:51] --- current target velocity: 0.12995767403558134 (frenet_interface.py:282)
INFO     [2025-01-12 11:47:52] --- Sampled interval of velocity: 0.00 m/s - 5.86 m/s (planner.py:310)
WARNING  [2025-01-12 11:47:52] --- No optimal trajectory available. Select stopping trajectory! (reactive_planner_cpp.py:407)
INFO     [2025-01-12 11:47:52] --- current time step: 54 (frenet_interface.py:257)
INFO     [2025-01-12 11:47:52] --- current velocity: 0.10029743401420699 (frenet_interface.py:258)
INFO     [2025-01-12 11:47:52] --- current target velocity: 0.11090116895911607 (frenet_interface.py:259)
INFO     [2025-01-12 11:47:53] --- Sampled interval of velocity: 0.00 m/s - 5.85 m/s (planner.py:310)
INFO     [2025-01-12 11:47:53] --- current time step: 55 (frenet_interface.py:280)
INFO     [2025-01-12 11:47:53] --- current velocity: 0.08829163904973861 (frenet_interface.py:281)
INFO     [2025-01-12 11:47:53] --- current target velocity: 0.10029743401420699 (frenet_interface.py:282)
INFO     [2025-01-12 11:47:53] --- Sampled interval of velocity: 0.00 m/s - 5.84 m/s (planner.py:310)
INFO     [2025-01-12 11:47:53] --- current time step: 56 (frenet_interface.py:280)
INFO     [2025-01-12 11:47:53] --- current velocity: 0.07539198546555548 (frenet_interface.py:281)
INFO     [2025-01-12 11:47:53] --- current target velocity: 0.08829163904973861 (frenet_interface.py:282)
INFO     [2025-01-12 11:47:54] --- Sampled interval of velocity: 0.00 m/s - 5.83 m/s (planner.py:310)
WARNING  [2025-01-12 11:47:54] --- Planning standstill for the current scenario (reactive_planner_cpp.py:395)
INFO     [2025-01-12 11:47:54] --- current time step: 57 (frenet_interface.py:257)
INFO     [2025-01-12 11:47:54] --- current velocity: 0.0 (frenet_interface.py:258)
INFO     [2025-01-12 11:47:54] --- current target velocity: 0.07539198546555548 (frenet_interface.py:259)
INFO     [2025-01-12 11:47:55] --- Sampled interval of velocity: 0.00 m/s - 5.75 m/s (planner.py:310)
INFO     [2025-01-12 11:47:55] --- current time step: 58 (frenet_interface.py:280)
INFO     [2025-01-12 11:47:55] --- current velocity: 0.0 (frenet_interface.py:281)
INFO     [2025-01-12 11:47:55] --- current target velocity: 0.0 (frenet_interface.py:282)
INFO     [2025-01-12 11:47:56] --- Sampled interval of velocity: 0.00 m/s - 5.75 m/s (planner.py:310)
INFO     [2025-01-12 11:47:56] --- current time step: 59 (frenet_interface.py:280)
INFO     [2025-01-12 11:47:56] --- current velocity: 0.0 (frenet_interface.py:281)
INFO     [2025-01-12 11:47:56] --- current target velocity: 0.0 (frenet_interface.py:282)
INFO     [2025-01-12 11:47:56] --- Sampled interval of velocity: 0.00 m/s - 5.75 m/s (planner.py:310)
WARNING  [2025-01-12 11:47:56] --- Planning standstill for the current scenario (reactive_planner_cpp.py:395)
INFO     [2025-01-12 11:47:56] --- current time step: 60 (frenet_interface.py:257)
INFO     [2025-01-12 11:47:56] --- current velocity: 0.0 (frenet_interface.py:258)
INFO     [2025-01-12 11:47:56] --- current target velocity: 0.0 (frenet_interface.py:259)
INFO     [2025-01-12 11:47:58] --- Sampled interval of velocity: 0.00 m/s - 5.75 m/s (planner.py:310)
INFO     [2025-01-12 11:47:58] --- current time step: 61 (frenet_interface.py:280)
INFO     [2025-01-12 11:47:58] --- current velocity: 0.0 (frenet_interface.py:281)
INFO     [2025-01-12 11:47:58] --- current target velocity: 0.0 (frenet_interface.py:282)
INFO     [2025-01-12 11:47:58] --- Sampled interval of velocity: 0.00 m/s - 5.75 m/s (planner.py:310)
INFO     [2025-01-12 11:47:58] --- current time step: 62 (frenet_interface.py:280)
INFO     [2025-01-12 11:47:58] --- current velocity: 0.0 (frenet_interface.py:281)
INFO     [2025-01-12 11:47:58] --- current target velocity: 0.0 (frenet_interface.py:282)
INFO     [2025-01-12 11:47:59] --- Sampled interval of velocity: 0.00 m/s - 5.75 m/s (planner.py:310)
WARNING  [2025-01-12 11:47:59] --- Planning standstill for the current scenario (reactive_planner_cpp.py:395)
INFO     [2025-01-12 11:47:59] --- current time step: 63 (frenet_interface.py:257)
INFO     [2025-01-12 11:47:59] --- current velocity: 0.0 (frenet_interface.py:258)
INFO     [2025-01-12 11:47:59] --- current target velocity: 0.0 (frenet_interface.py:259)
INFO     [2025-01-12 11:48:00] --- Sampled interval of velocity: 0.00 m/s - 5.75 m/s (planner.py:310)
INFO     [2025-01-12 11:48:00] --- current time step: 64 (frenet_interface.py:280)
INFO     [2025-01-12 11:48:00] --- current velocity: 0.0 (frenet_interface.py:281)
INFO     [2025-01-12 11:48:00] --- current target velocity: 0.0 (frenet_interface.py:282)
INFO     [2025-01-12 11:48:00] --- Sampled interval of velocity: 0.00 m/s - 5.75 m/s (planner.py:310)
INFO     [2025-01-12 11:48:00] --- current time step: 65 (frenet_interface.py:280)
INFO     [2025-01-12 11:48:00] --- current velocity: 0.0 (frenet_interface.py:281)
INFO     [2025-01-12 11:48:00] --- current target velocity: 0.0 (frenet_interface.py:282)
INFO     [2025-01-12 11:48:01] --- Sampled interval of velocity: 0.00 m/s - 5.75 m/s (planner.py:310)
WARNING  [2025-01-12 11:48:01] --- Planning standstill for the current scenario (reactive_planner_cpp.py:395)
INFO     [2025-01-12 11:48:01] --- current time step: 66 (frenet_interface.py:257)
INFO     [2025-01-12 11:48:01] --- current velocity: 0.0 (frenet_interface.py:258)
INFO     [2025-01-12 11:48:01] --- current target velocity: 0.0 (frenet_interface.py:259)
INFO     [2025-01-12 11:48:02] --- Sampled interval of velocity: 0.00 m/s - 5.75 m/s (planner.py:310)
INFO     [2025-01-12 11:48:02] --- current time step: 67 (frenet_interface.py:280)
INFO     [2025-01-12 11:48:02] --- current velocity: 0.0 (frenet_interface.py:281)
INFO     [2025-01-12 11:48:02] --- current target velocity: 0.0 (frenet_interface.py:282)
INFO     [2025-01-12 11:48:03] --- Sampled interval of velocity: 0.00 m/s - 5.75 m/s (planner.py:310)
INFO     [2025-01-12 11:48:03] --- current time step: 68 (frenet_interface.py:280)
INFO     [2025-01-12 11:48:03] --- current velocity: 0.0 (frenet_interface.py:281)
INFO     [2025-01-12 11:48:03] --- current target velocity: 0.0 (frenet_interface.py:282)
INFO     [2025-01-12 11:48:03] --- Sampled interval of velocity: 0.00 m/s - 5.75 m/s (planner.py:310)
WARNING  [2025-01-12 11:48:03] --- Planning standstill for the current scenario (reactive_planner_cpp.py:395)
INFO     [2025-01-12 11:48:03] --- current time step: 69 (frenet_interface.py:257)
INFO     [2025-01-12 11:48:03] --- current velocity: 0.0 (frenet_interface.py:258)
INFO     [2025-01-12 11:48:03] --- current target velocity: 0.0 (frenet_interface.py:259)
INFO     [2025-01-12 11:48:04] --- Sampled interval of velocity: 0.00 m/s - 5.75 m/s (planner.py:310)
INFO     [2025-01-12 11:48:04] --- current time step: 70 (frenet_interface.py:280)
INFO     [2025-01-12 11:48:04] --- current velocity: 0.0 (frenet_interface.py:281)
INFO     [2025-01-12 11:48:04] --- current target velocity: 0.0 (frenet_interface.py:282)
INFO     [2025-01-12 11:48:05] --- Sampled interval of velocity: 0.00 m/s - 5.75 m/s (planner.py:310)
INFO     [2025-01-12 11:48:05] --- current time step: 71 (frenet_interface.py:280)
INFO     [2025-01-12 11:48:05] --- current velocity: 0.0 (frenet_interface.py:281)
INFO     [2025-01-12 11:48:05] --- current target velocity: 0.0 (frenet_interface.py:282)
INFO     [2025-01-12 11:48:05] --- Sampled interval of velocity: 0.00 m/s - 5.75 m/s (planner.py:310)
WARNING  [2025-01-12 11:48:05] --- Planning standstill for the current scenario (reactive_planner_cpp.py:395)
INFO     [2025-01-12 11:48:05] --- current time step: 72 (frenet_interface.py:257)
INFO     [2025-01-12 11:48:05] --- current velocity: 0.0 (frenet_interface.py:258)
INFO     [2025-01-12 11:48:05] --- current target velocity: 0.0 (frenet_interface.py:259)
INFO     [2025-01-12 11:48:06] --- Sampled interval of velocity: 0.00 m/s - 5.75 m/s (planner.py:310)
INFO     [2025-01-12 11:48:06] --- current time step: 73 (frenet_interface.py:280)
INFO     [2025-01-12 11:48:06] --- current velocity: 0.0 (frenet_interface.py:281)
INFO     [2025-01-12 11:48:06] --- current target velocity: 0.0 (frenet_interface.py:282)
INFO     [2025-01-12 11:48:07] --- Sampled interval of velocity: 0.00 m/s - 5.75 m/s (planner.py:310)
INFO     [2025-01-12 11:48:07] --- current time step: 74 (frenet_interface.py:280)
INFO     [2025-01-12 11:48:07] --- current velocity: 0.0 (frenet_interface.py:281)
INFO     [2025-01-12 11:48:07] --- current target velocity: 0.0 (frenet_interface.py:282)
INFO     [2025-01-12 11:48:07] --- Sampled interval of velocity: 0.00 m/s - 5.75 m/s (planner.py:310)
WARNING  [2025-01-12 11:48:07] --- Planning standstill for the current scenario (reactive_planner_cpp.py:395)
INFO     [2025-01-12 11:48:07] --- current time step: 75 (frenet_interface.py:257)
INFO     [2025-01-12 11:48:07] --- current velocity: 0.0 (frenet_interface.py:258)
INFO     [2025-01-12 11:48:07] --- current target velocity: 0.0 (frenet_interface.py:259)
INFO     [2025-01-12 11:48:08] --- Sampled interval of velocity: 0.00 m/s - 5.75 m/s (planner.py:310)
INFO     [2025-01-12 11:48:08] --- current time step: 76 (frenet_interface.py:280)
INFO     [2025-01-12 11:48:08] --- current velocity: 0.0 (frenet_interface.py:281)
INFO     [2025-01-12 11:48:08] --- current target velocity: 0.0 (frenet_interface.py:282)
INFO     [2025-01-12 11:48:09] --- Sampled interval of velocity: 0.00 m/s - 5.75 m/s (planner.py:310)
INFO     [2025-01-12 11:48:09] --- current time step: 77 (frenet_interface.py:280)
INFO     [2025-01-12 11:48:09] --- current velocity: 0.0 (frenet_interface.py:281)
INFO     [2025-01-12 11:48:09] --- current target velocity: 0.0 (frenet_interface.py:282)
INFO     [2025-01-12 11:48:09] --- Sampled interval of velocity: 0.00 m/s - 5.75 m/s (planner.py:310)
WARNING  [2025-01-12 11:48:10] --- Planning standstill for the current scenario (reactive_planner_cpp.py:395)
INFO     [2025-01-12 11:48:10] --- current time step: 78 (frenet_interface.py:257)
INFO     [2025-01-12 11:48:10] --- current velocity: 0.0 (frenet_interface.py:258)
INFO     [2025-01-12 11:48:10] --- current target velocity: 0.0 (frenet_interface.py:259)
INFO     [2025-01-12 11:48:11] --- Sampled interval of velocity: 0.00 m/s - 5.75 m/s (planner.py:310)
INFO     [2025-01-12 11:48:11] --- current time step: 79 (frenet_interface.py:280)
INFO     [2025-01-12 11:48:11] --- current velocity: 0.0 (frenet_interface.py:281)
INFO     [2025-01-12 11:48:11] --- current target velocity: 0.0 (frenet_interface.py:282)
INFO     [2025-01-12 11:48:11] --- Sampled interval of velocity: 0.00 m/s - 5.75 m/s (planner.py:310)
INFO     [2025-01-12 11:48:11] --- current time step: 80 (frenet_interface.py:280)
INFO     [2025-01-12 11:48:11] --- current velocity: 0.0 (frenet_interface.py:281)
INFO     [2025-01-12 11:48:11] --- current target velocity: 0.0 (frenet_interface.py:282)
INFO     [2025-01-12 11:48:11] --- Sampled interval of velocity: 0.00 m/s - 5.75 m/s (planner.py:310)
WARNING  [2025-01-12 11:48:11] --- Planning standstill for the current scenario (reactive_planner_cpp.py:395)
INFO     [2025-01-12 11:48:11] --- current time step: 81 (frenet_interface.py:257)
INFO     [2025-01-12 11:48:12] --- current velocity: 0.0 (frenet_interface.py:258)
INFO     [2025-01-12 11:48:12] --- current target velocity: 0.0 (frenet_interface.py:259)
INFO     [2025-01-12 11:48:14] --- Sampled interval of velocity: 0.00 m/s - 5.75 m/s (planner.py:310)
INFO     [2025-01-12 11:48:14] --- current time step: 82 (frenet_interface.py:280)
INFO     [2025-01-12 11:48:14] --- current velocity: 0.0 (frenet_interface.py:281)
INFO     [2025-01-12 11:48:14] --- current target velocity: 0.0 (frenet_interface.py:282)
INFO     [2025-01-12 11:48:14] --- Sampled interval of velocity: 0.00 m/s - 5.75 m/s (planner.py:310)
INFO     [2025-01-12 11:48:14] --- current time step: 83 (frenet_interface.py:280)
INFO     [2025-01-12 11:48:14] --- current velocity: 0.0 (frenet_interface.py:281)
INFO     [2025-01-12 11:48:14] --- current target velocity: 0.0 (frenet_interface.py:282)
INFO     [2025-01-12 11:48:15] --- Sampled interval of velocity: 0.00 m/s - 5.75 m/s (planner.py:310)
WARNING  [2025-01-12 11:48:15] --- Planning standstill for the current scenario (reactive_planner_cpp.py:395)
INFO     [2025-01-12 11:48:15] --- current time step: 84 (frenet_interface.py:257)
INFO     [2025-01-12 11:48:15] --- current velocity: 0.0 (frenet_interface.py:258)
INFO     [2025-01-12 11:48:15] --- current target velocity: 0.0 (frenet_interface.py:259)
INFO     [2025-01-12 11:48:16] --- Sampled interval of velocity: 0.00 m/s - 5.75 m/s (planner.py:310)
INFO     [2025-01-12 11:48:16] --- current time step: 85 (frenet_interface.py:280)
INFO     [2025-01-12 11:48:16] --- current velocity: 0.0 (frenet_interface.py:281)
INFO     [2025-01-12 11:48:16] --- current target velocity: 0.0 (frenet_interface.py:282)
INFO     [2025-01-12 11:48:16] --- Sampled interval of velocity: 0.00 m/s - 5.75 m/s (planner.py:310)
INFO     [2025-01-12 11:48:16] --- current time step: 86 (frenet_interface.py:280)
INFO     [2025-01-12 11:48:16] --- current velocity: 0.0 (frenet_interface.py:281)
INFO     [2025-01-12 11:48:16] --- current target velocity: 0.0 (frenet_interface.py:282)
INFO     [2025-01-12 11:48:17] --- Sampled interval of velocity: 0.00 m/s - 5.75 m/s (planner.py:310)
WARNING  [2025-01-12 11:48:17] --- Planning standstill for the current scenario (reactive_planner_cpp.py:395)
INFO     [2025-01-12 11:48:17] --- current time step: 87 (frenet_interface.py:257)
INFO     [2025-01-12 11:48:17] --- current velocity: 0.0 (frenet_interface.py:258)
INFO     [2025-01-12 11:48:17] --- current target velocity: 0.0 (frenet_interface.py:259)
INFO     [2025-01-12 11:48:19] --- Sampled interval of velocity: 0.00 m/s - 5.75 m/s (planner.py:310)
INFO     [2025-01-12 11:48:19] --- current time step: 88 (frenet_interface.py:280)
INFO     [2025-01-12 11:48:19] --- current velocity: 0.0 (frenet_interface.py:281)
INFO     [2025-01-12 11:48:19] --- current target velocity: 0.0 (frenet_interface.py:282)
INFO     [2025-01-12 11:48:19] --- Sampled interval of velocity: 0.00 m/s - 5.75 m/s (planner.py:310)
INFO     [2025-01-12 11:48:19] --- current time step: 89 (frenet_interface.py:280)
INFO     [2025-01-12 11:48:19] --- current velocity: 0.0 (frenet_interface.py:281)
INFO     [2025-01-12 11:48:19] --- current target velocity: 0.0 (frenet_interface.py:282)
INFO     [2025-01-12 11:48:20] --- Sampled interval of velocity: 0.00 m/s - 5.75 m/s (planner.py:310)
WARNING  [2025-01-12 11:48:20] --- Planning standstill for the current scenario (reactive_planner_cpp.py:395)
INFO     [2025-01-12 11:48:20] --- current time step: 90 (frenet_interface.py:257)
INFO     [2025-01-12 11:48:20] --- current velocity: 0.0 (frenet_interface.py:258)
INFO     [2025-01-12 11:48:20] --- current target velocity: 0.0 (frenet_interface.py:259)
INFO     [2025-01-12 11:48:21] --- Sampled interval of velocity: 0.00 m/s - 5.75 m/s (planner.py:310)
INFO     [2025-01-12 11:48:21] --- current time step: 91 (frenet_interface.py:280)
INFO     [2025-01-12 11:48:21] --- current velocity: 0.0 (frenet_interface.py:281)
INFO     [2025-01-12 11:48:21] --- current target velocity: 0.0 (frenet_interface.py:282)
INFO     [2025-01-12 11:48:22] --- Sampled interval of velocity: 0.00 m/s - 5.75 m/s (planner.py:310)
INFO     [2025-01-12 11:48:22] --- current time step: 92 (frenet_interface.py:280)
INFO     [2025-01-12 11:48:22] --- current velocity: 0.0 (frenet_interface.py:281)
INFO     [2025-01-12 11:48:22] --- current target velocity: 0.0 (frenet_interface.py:282)
INFO     [2025-01-12 11:48:22] --- Sampled interval of velocity: 0.00 m/s - 5.75 m/s (planner.py:310)
WARNING  [2025-01-12 11:48:22] --- Planning standstill for the current scenario (reactive_planner_cpp.py:395)
INFO     [2025-01-12 11:48:22] --- current time step: 93 (frenet_interface.py:257)
INFO     [2025-01-12 11:48:22] --- current velocity: 0.0 (frenet_interface.py:258)
INFO     [2025-01-12 11:48:22] --- current target velocity: 0.0 (frenet_interface.py:259)
INFO     [2025-01-12 11:48:23] --- Sampled interval of velocity: 0.00 m/s - 5.75 m/s (planner.py:310)
INFO     [2025-01-12 11:48:23] --- current time step: 94 (frenet_interface.py:280)
INFO     [2025-01-12 11:48:23] --- current velocity: 0.0 (frenet_interface.py:281)
INFO     [2025-01-12 11:48:23] --- current target velocity: 0.0 (frenet_interface.py:282)
INFO     [2025-01-12 11:48:24] --- Sampled interval of velocity: 0.00 m/s - 5.75 m/s (planner.py:310)
INFO     [2025-01-12 11:48:24] --- current time step: 95 (frenet_interface.py:280)
INFO     [2025-01-12 11:48:24] --- current velocity: 0.0 (frenet_interface.py:281)
INFO     [2025-01-12 11:48:24] --- current target velocity: 0.0 (frenet_interface.py:282)
INFO     [2025-01-12 11:48:24] --- Sampled interval of velocity: 0.00 m/s - 5.75 m/s (planner.py:310)
WARNING  [2025-01-12 11:48:24] --- Planning standstill for the current scenario (reactive_planner_cpp.py:395)
INFO     [2025-01-12 11:48:25] --- current time step: 96 (frenet_interface.py:257)
INFO     [2025-01-12 11:48:25] --- current velocity: 0.0 (frenet_interface.py:258)
INFO     [2025-01-12 11:48:25] --- current target velocity: 0.0 (frenet_interface.py:259)
INFO     [2025-01-12 11:48:26] --- Sampled interval of velocity: 0.00 m/s - 5.75 m/s (planner.py:310)
INFO     [2025-01-12 11:48:26] --- current time step: 97 (frenet_interface.py:280)
INFO     [2025-01-12 11:48:26] --- current velocity: 0.0 (frenet_interface.py:281)
INFO     [2025-01-12 11:48:26] --- current target velocity: 0.0 (frenet_interface.py:282)
INFO     [2025-01-12 11:48:26] --- Sampled interval of velocity: 0.00 m/s - 5.75 m/s (planner.py:310)
INFO     [2025-01-12 11:48:26] --- current time step: 98 (frenet_interface.py:280)
INFO     [2025-01-12 11:48:26] --- current velocity: 0.0 (frenet_interface.py:281)
INFO     [2025-01-12 11:48:26] --- current target velocity: 0.0 (frenet_interface.py:282)
INFO     [2025-01-12 11:48:27] --- Sampled interval of velocity: 0.00 m/s - 5.75 m/s (planner.py:310)
WARNING  [2025-01-12 11:48:27] --- Planning standstill for the current scenario (reactive_planner_cpp.py:395)
INFO     [2025-01-12 11:48:27] --- current time step: 99 (frenet_interface.py:257)
INFO     [2025-01-12 11:48:27] --- current velocity: 0.0 (frenet_interface.py:258)
INFO     [2025-01-12 11:48:27] --- current target velocity: 0.0 (frenet_interface.py:259)
INFO     [2025-01-12 11:48:28] --- Sampled interval of velocity: 0.00 m/s - 5.75 m/s (planner.py:310)
INFO     [2025-01-12 11:48:28] --- current time step: 100 (frenet_interface.py:280)
INFO     [2025-01-12 11:48:28] --- current velocity: 0.0 (frenet_interface.py:281)
INFO     [2025-01-12 11:48:28] --- current target velocity: 0.0 (frenet_interface.py:282)
INFO     [2025-01-12 11:48:29] --- Sampled interval of velocity: 0.00 m/s - 5.75 m/s (planner.py:310)
INFO     [2025-01-12 11:48:29] --- current time step: 101 (frenet_interface.py:280)
INFO     [2025-01-12 11:48:29] --- current velocity: 0.0 (frenet_interface.py:281)
INFO     [2025-01-12 11:48:29] --- current target velocity: 0.0 (frenet_interface.py:282)
INFO     [2025-01-12 11:48:29] --- Sampled interval of velocity: 0.00 m/s - 5.75 m/s (planner.py:310)
INFO     [2025-01-12 11:48:29] --- select trajectory 196 (reactive_planner_cpp.py:382)
INFO     [2025-01-12 11:48:29] --- current time step: 102 (frenet_interface.py:257)
INFO     [2025-01-12 11:48:29] --- current velocity: 0.0682142224708561 (frenet_interface.py:258)
INFO     [2025-01-12 11:48:29] --- current target velocity: 0.0 (frenet_interface.py:259)
INFO     [2025-01-12 11:48:31] --- Sampled interval of velocity: 0.00 m/s - 5.82 m/s (planner.py:310)
INFO     [2025-01-12 11:48:31] --- current time step: 103 (frenet_interface.py:280)
INFO     [2025-01-12 11:48:31] --- current velocity: 0.06008744683366934 (frenet_interface.py:281)
INFO     [2025-01-12 11:48:31] --- current target velocity: 0.0682142224708561 (frenet_interface.py:282)
INFO     [2025-01-12 11:48:31] --- Sampled interval of velocity: 0.00 m/s - 5.81 m/s (planner.py:310)
INFO     [2025-01-12 11:48:31] --- current time step: 104 (frenet_interface.py:280)
INFO     [2025-01-12 11:48:31] --- current velocity: 0.05135565316083321 (frenet_interface.py:281)
INFO     [2025-01-12 11:48:31] --- current target velocity: 0.06008744683366934 (frenet_interface.py:282)
INFO     [2025-01-12 11:48:32] --- Sampled interval of velocity: 0.00 m/s - 5.80 m/s (planner.py:310)
INFO     [2025-01-12 11:48:32] --- select trajectory 186 (reactive_planner_cpp.py:382)
INFO     [2025-01-12 11:48:32] --- current time step: 105 (frenet_interface.py:257)
INFO     [2025-01-12 11:48:32] --- current velocity: 0.04766985214952402 (frenet_interface.py:258)
INFO     [2025-01-12 11:48:32] --- current target velocity: 0.05135565316083321 (frenet_interface.py:259)
INFO     [2025-01-12 11:48:32] --- Sampled interval of velocity: 0.00 m/s - 5.80 m/s (planner.py:310)
INFO     [2025-01-12 11:48:32] --- current time step: 106 (frenet_interface.py:280)
INFO     [2025-01-12 11:48:32] --- current velocity: 0.04538465541472216 (frenet_interface.py:281)
INFO     [2025-01-12 11:48:32] --- current target velocity: 0.04766985214952402 (frenet_interface.py:282)
INFO     [2025-01-12 11:48:33] --- Sampled interval of velocity: 0.00 m/s - 5.80 m/s (planner.py:310)
INFO     [2025-01-12 11:48:33] --- current time step: 107 (frenet_interface.py:280)
INFO     [2025-01-12 11:48:33] --- current velocity: 0.044278914875510604 (frenet_interface.py:281)
INFO     [2025-01-12 11:48:33] --- current target velocity: 0.04538465541472216 (frenet_interface.py:282)
INFO     [2025-01-12 11:48:34] --- Sampled interval of velocity: 0.00 m/s - 5.79 m/s (planner.py:310)
INFO     [2025-01-12 11:48:34] --- select trajectory 186 (reactive_planner_cpp.py:382)
INFO     [2025-01-12 11:48:34] --- current time step: 108 (frenet_interface.py:257)
INFO     [2025-01-12 11:48:34] --- current velocity: 0.04403522519858932 (frenet_interface.py:258)
INFO     [2025-01-12 11:48:34] --- current target velocity: 0.044278914875510604 (frenet_interface.py:259)
INFO     [2025-01-12 11:48:35] --- Sampled interval of velocity: 0.00 m/s - 5.79 m/s (planner.py:310)
INFO     [2025-01-12 11:48:35] --- current time step: 109 (frenet_interface.py:280)
INFO     [2025-01-12 11:48:35] --- current velocity: 0.04388413745429925 (frenet_interface.py:281)
INFO     [2025-01-12 11:48:35] --- current target velocity: 0.04403522519858932 (frenet_interface.py:282)
INFO     [2025-01-12 11:48:35] --- Sampled interval of velocity: 0.00 m/s - 5.79 m/s (planner.py:310)
INFO     [2025-01-12 11:48:35] --- current time step: 110 (frenet_interface.py:280)
INFO     [2025-01-12 11:48:35] --- current velocity: 0.043811030282719994 (frenet_interface.py:281)
INFO     [2025-01-12 11:48:35] --- current target velocity: 0.04388413745429925 (frenet_interface.py:282)
INFO     [2025-01-12 11:48:36] --- Sampled interval of velocity: 0.00 m/s - 5.79 m/s (planner.py:310)
INFO     [2025-01-12 11:48:36] --- select trajectory 86 (reactive_planner_cpp.py:382)
INFO     [2025-01-12 11:48:36] --- current time step: 111 (frenet_interface.py:257)
INFO     [2025-01-12 11:48:36] --- current velocity: 0.043793760842422334 (frenet_interface.py:258)
INFO     [2025-01-12 11:48:36] --- current target velocity: 0.043811030282719994 (frenet_interface.py:259)
INFO     [2025-01-12 11:48:37] --- Sampled interval of velocity: 0.00 m/s - 5.79 m/s (planner.py:310)
INFO     [2025-01-12 11:48:37] --- current time step: 112 (frenet_interface.py:280)
INFO     [2025-01-12 11:48:37] --- current velocity: 0.043780673751350745 (frenet_interface.py:281)
INFO     [2025-01-12 11:48:37] --- current target velocity: 0.043793760842422334 (frenet_interface.py:282)
INFO     [2025-01-12 11:48:37] --- Sampled interval of velocity: 0.00 m/s - 5.79 m/s (planner.py:310)
INFO     [2025-01-12 11:48:37] --- current time step: 113 (frenet_interface.py:280)
INFO     [2025-01-12 11:48:37] --- current velocity: 0.04377136426592973 (frenet_interface.py:281)
INFO     [2025-01-12 11:48:37] --- current target velocity: 0.043780673751350745 (frenet_interface.py:282)
INFO     [2025-01-12 11:48:38] --- Sampled interval of velocity: 0.00 m/s - 5.79 m/s (planner.py:310)
INFO     [2025-01-12 11:48:38] --- select trajectory 86 (reactive_planner_cpp.py:382)
INFO     [2025-01-12 11:48:38] --- current time step: 114 (frenet_interface.py:257)
INFO     [2025-01-12 11:48:38] --- current velocity: 0.04376801762704056 (frenet_interface.py:258)
INFO     [2025-01-12 11:48:38] --- current target velocity: 0.04377136426592973 (frenet_interface.py:259)
INFO     [2025-01-12 11:48:39] --- Sampled interval of velocity: 0.00 m/s - 5.79 m/s (planner.py:310)
INFO     [2025-01-12 11:48:39] --- current time step: 115 (frenet_interface.py:280)
INFO     [2025-01-12 11:48:39] --- current velocity: 0.04376548140873471 (frenet_interface.py:281)
INFO     [2025-01-12 11:48:39] --- current target velocity: 0.04376801762704056 (frenet_interface.py:282)
INFO     [2025-01-12 11:48:39] --- Sampled interval of velocity: 0.00 m/s - 5.79 m/s (planner.py:310)
INFO     [2025-01-12 11:48:39] --- current time step: 116 (frenet_interface.py:280)
INFO     [2025-01-12 11:48:39] --- current velocity: 0.04376367718319874 (frenet_interface.py:281)
INFO     [2025-01-12 11:48:39] --- current target velocity: 0.04376548140873471 (frenet_interface.py:282)
INFO     [2025-01-12 11:48:40] --- Sampled interval of velocity: 0.00 m/s - 5.79 m/s (planner.py:310)
INFO     [2025-01-12 11:48:40] --- select trajectory 286 (reactive_planner_cpp.py:382)
INFO     [2025-01-12 11:48:40] --- current time step: 117 (frenet_interface.py:257)
INFO     [2025-01-12 11:48:40] --- current velocity: 0.04376301617345129 (frenet_interface.py:258)
INFO     [2025-01-12 11:48:40] --- current target velocity: 0.04376367718319874 (frenet_interface.py:259)
INFO     [2025-01-12 11:48:41] --- Sampled interval of velocity: 0.00 m/s - 5.79 m/s (planner.py:310)
INFO     [2025-01-12 11:48:41] --- current time step: 118 (frenet_interface.py:280)
INFO     [2025-01-12 11:48:41] --- current velocity: 0.043762490582364456 (frenet_interface.py:281)
INFO     [2025-01-12 11:48:41] --- current target velocity: 0.04376301617345129 (frenet_interface.py:282)
INFO     [2025-01-12 11:48:42] --- Sampled interval of velocity: 0.00 m/s - 5.79 m/s (planner.py:310)
INFO     [2025-01-12 11:48:42] --- current time step: 119 (frenet_interface.py:280)
INFO     [2025-01-12 11:48:42] --- current velocity: 0.04376208943004726 (frenet_interface.py:281)
INFO     [2025-01-12 11:48:42] --- current target velocity: 0.043762490582364456 (frenet_interface.py:282)
INFO     [2025-01-12 11:48:42] --- Sampled interval of velocity: 0.00 m/s - 5.79 m/s (planner.py:310)
INFO     [2025-01-12 11:48:42] --- select trajectory 286 (reactive_planner_cpp.py:382)
INFO     [2025-01-12 11:48:42] --- current time step: 120 (frenet_interface.py:257)
INFO     [2025-01-12 11:48:42] --- current velocity: 0.04376193462301532 (frenet_interface.py:258)
INFO     [2025-01-12 11:48:42] --- current target velocity: 0.04376208943004726 (frenet_interface.py:259)
INFO     [2025-01-12 11:48:43] --- Sampled interval of velocity: 0.00 m/s - 5.79 m/s (planner.py:310)
INFO     [2025-01-12 11:48:43] --- current time step: 121 (frenet_interface.py:280)
INFO     [2025-01-12 11:48:43] --- current velocity: 0.04376181147009361 (frenet_interface.py:281)
INFO     [2025-01-12 11:48:43] --- current target velocity: 0.04376193462301532 (frenet_interface.py:282)
INFO     [2025-01-12 11:48:43] --- Sampled interval of velocity: 0.00 m/s - 5.79 m/s (planner.py:310)
INFO     [2025-01-12 11:48:43] --- current time step: 122 (frenet_interface.py:280)
INFO     [2025-01-12 11:48:43] --- current velocity: 0.043761717404733384 (frenet_interface.py:281)
INFO     [2025-01-12 11:48:43] --- current target velocity: 0.04376181147009361 (frenet_interface.py:282)
INFO     [2025-01-12 11:48:44] --- Sampled interval of velocity: 0.00 m/s - 5.79 m/s (planner.py:310)
INFO     [2025-01-12 11:48:44] --- select trajectory 286 (reactive_planner_cpp.py:382)
INFO     [2025-01-12 11:48:44] --- current time step: 123 (frenet_interface.py:257)
INFO     [2025-01-12 11:48:44] --- current velocity: 0.043761680922587205 (frenet_interface.py:258)
INFO     [2025-01-12 11:48:44] --- current target velocity: 0.043761717404733384 (frenet_interface.py:259)
INFO     [2025-01-12 11:48:45] --- Sampled interval of velocity: 0.00 m/s - 5.79 m/s (planner.py:310)
INFO     [2025-01-12 11:48:45] --- current time step: 124 (frenet_interface.py:280)
INFO     [2025-01-12 11:48:45] --- current velocity: 0.0437616518395841 (frenet_interface.py:281)
INFO     [2025-01-12 11:48:45] --- current target velocity: 0.043761680922587205 (frenet_interface.py:282)
INFO     [2025-01-12 11:48:46] --- Sampled interval of velocity: 0.00 m/s - 5.79 m/s (planner.py:310)
INFO     [2025-01-12 11:48:46] --- current time step: 125 (frenet_interface.py:280)
INFO     [2025-01-12 11:48:46] --- current velocity: 0.043761629555798404 (frenet_interface.py:281)
INFO     [2025-01-12 11:48:46] --- current target velocity: 0.0437616518395841 (frenet_interface.py:282)
INFO     [2025-01-12 11:48:46] --- Sampled interval of velocity: 0.00 m/s - 5.79 m/s (planner.py:310)
INFO     [2025-01-12 11:48:46] --- select trajectory 386 (reactive_planner_cpp.py:382)
INFO     [2025-01-12 11:48:46] --- current time step: 126 (frenet_interface.py:257)
INFO     [2025-01-12 11:48:46] --- current velocity: 0.04376162061583314 (frenet_interface.py:258)
INFO     [2025-01-12 11:48:46] --- current target velocity: 0.043761629555798404 (frenet_interface.py:259)
INFO     [2025-01-12 11:48:47] --- Sampled interval of velocity: 0.00 m/s - 5.79 m/s (planner.py:310)
INFO     [2025-01-12 11:48:47] --- current time step: 127 (frenet_interface.py:280)
INFO     [2025-01-12 11:48:47] --- current velocity: 0.04376161319574189 (frenet_interface.py:281)
INFO     [2025-01-12 11:48:47] --- current target velocity: 0.04376162061583314 (frenet_interface.py:282)
INFO     [2025-01-12 11:48:47] --- Sampled interval of velocity: 0.00 m/s - 5.79 m/s (planner.py:310)
INFO     [2025-01-12 11:48:47] --- current time step: 128 (frenet_interface.py:280)
INFO     [2025-01-12 11:48:47] --- current velocity: 0.04376160718947655 (frenet_interface.py:281)
INFO     [2025-01-12 11:48:47] --- current target velocity: 0.04376161319574189 (frenet_interface.py:282)
INFO     [2025-01-12 11:48:48] --- Sampled interval of velocity: 0.00 m/s - 5.79 m/s (planner.py:310)
INFO     [2025-01-12 11:48:48] --- select trajectory 386 (reactive_planner_cpp.py:382)
INFO     [2025-01-12 11:48:48] --- current time step: 129 (frenet_interface.py:257)
INFO     [2025-01-12 11:48:48] --- current velocity: 0.04376160453943407 (frenet_interface.py:258)
INFO     [2025-01-12 11:48:48] --- current target velocity: 0.04376160718947655 (frenet_interface.py:259)
INFO     [2025-01-12 11:48:49] --- Sampled interval of velocity: 0.00 m/s - 5.79 m/s (planner.py:310)
INFO     [2025-01-12 11:48:49] --- current time step: 130 (frenet_interface.py:280)
INFO     [2025-01-12 11:48:49] --- current velocity: 0.04376160229163337 (frenet_interface.py:281)
INFO     [2025-01-12 11:48:49] --- current target velocity: 0.04376160453943407 (frenet_interface.py:282)
INFO     [2025-01-12 11:48:49] --- Sampled interval of velocity: 0.00 m/s - 5.79 m/s (planner.py:310)
INFO     [2025-01-12 11:48:49] --- current time step: 131 (frenet_interface.py:280)
INFO     [2025-01-12 11:48:49] --- current velocity: 0.04376160041800203 (frenet_interface.py:281)
INFO     [2025-01-12 11:48:49] --- current target velocity: 0.04376160229163337 (frenet_interface.py:282)
INFO     [2025-01-12 11:48:49] --- Sampled interval of velocity: 0.00 m/s - 5.79 m/s (planner.py:310)
INFO     [2025-01-12 11:48:49] --- select trajectory 586 (reactive_planner_cpp.py:382)
INFO     [2025-01-12 11:48:49] --- current time step: 132 (frenet_interface.py:257)
INFO     [2025-01-12 11:48:49] --- current velocity: 0.043761599426295116 (frenet_interface.py:258)
INFO     [2025-01-12 11:48:49] --- current target velocity: 0.04376160041800203 (frenet_interface.py:259)
INFO     [2025-01-12 11:48:51] --- Sampled interval of velocity: 0.00 m/s - 5.79 m/s (planner.py:310)
INFO     [2025-01-12 11:48:51] --- current time step: 133 (frenet_interface.py:280)
INFO     [2025-01-12 11:48:51] --- current velocity: 0.04376159852951714 (frenet_interface.py:281)
INFO     [2025-01-12 11:48:51] --- current target velocity: 0.043761599426295116 (frenet_interface.py:282)
INFO     [2025-01-12 11:48:52] --- Sampled interval of velocity: 0.00 m/s - 5.79 m/s (planner.py:310)
INFO     [2025-01-12 11:48:52] --- current time step: 134 (frenet_interface.py:280)
INFO     [2025-01-12 11:48:52] --- current velocity: 0.04376159772185349 (frenet_interface.py:281)
INFO     [2025-01-12 11:48:52] --- current target velocity: 0.04376159852951714 (frenet_interface.py:282)
INFO     [2025-01-12 11:48:52] --- Sampled interval of velocity: 0.00 m/s - 5.79 m/s (planner.py:310)
INFO     [2025-01-12 11:48:52] --- select trajectory 586 (reactive_planner_cpp.py:382)
INFO     [2025-01-12 11:48:52] --- current time step: 135 (frenet_interface.py:257)
INFO     [2025-01-12 11:48:52] --- current velocity: 0.04376159716047486 (frenet_interface.py:258)
INFO     [2025-01-12 11:48:52] --- current target velocity: 0.04376159772185349 (frenet_interface.py:259)
INFO     [2025-01-12 11:48:53] --- Sampled interval of velocity: 0.00 m/s - 5.79 m/s (planner.py:310)
INFO     [2025-01-12 11:48:53] --- current time step: 136 (frenet_interface.py:280)
INFO     [2025-01-12 11:48:53] --- current velocity: 0.043761596626538134 (frenet_interface.py:281)
INFO     [2025-01-12 11:48:53] --- current target velocity: 0.04376159716047486 (frenet_interface.py:282)
INFO     [2025-01-12 11:48:53] --- Sampled interval of velocity: 0.00 m/s - 5.79 m/s (planner.py:310)
INFO     [2025-01-12 11:48:53] --- current time step: 137 (frenet_interface.py:280)
INFO     [2025-01-12 11:48:53] --- current velocity: 0.04376159611837328 (frenet_interface.py:281)
INFO     [2025-01-12 11:48:53] --- current target velocity: 0.043761596626538134 (frenet_interface.py:282)
INFO     [2025-01-12 11:48:54] --- Sampled interval of velocity: 0.00 m/s - 5.79 m/s (planner.py:310)
INFO     [2025-01-12 11:48:54] --- select trajectory 786 (reactive_planner_cpp.py:382)
INFO     [2025-01-12 11:48:54] --- current time step: 138 (frenet_interface.py:257)
INFO     [2025-01-12 11:48:54] --- current velocity: 0.04376159568089014 (frenet_interface.py:258)
INFO     [2025-01-12 11:48:54] --- current target velocity: 0.04376159611837328 (frenet_interface.py:259)
INFO     [2025-01-12 11:48:55] --- Sampled interval of velocity: 0.00 m/s - 5.79 m/s (planner.py:310)
INFO     [2025-01-12 11:48:55] --- current time step: 139 (frenet_interface.py:280)
INFO     [2025-01-12 11:48:55] --- current velocity: 0.04376159525034359 (frenet_interface.py:281)
INFO     [2025-01-12 11:48:55] --- current target velocity: 0.04376159568089014 (frenet_interface.py:282)
INFO     [2025-01-12 11:48:55] --- Sampled interval of velocity: 0.00 m/s - 5.79 m/s (planner.py:310)
INFO     [2025-01-12 11:48:55] --- current time step: 140 (frenet_interface.py:280)
INFO     [2025-01-12 11:48:55] --- current velocity: 0.0437615948263689 (frenet_interface.py:281)
INFO     [2025-01-12 11:48:55] --- current target velocity: 0.04376159525034359 (frenet_interface.py:282)
INFO     [2025-01-12 11:48:56] --- Sampled interval of velocity: 0.00 m/s - 5.79 m/s (planner.py:310)
INFO     [2025-01-12 11:48:56] --- select trajectory 786 (reactive_planner_cpp.py:382)
INFO     [2025-01-12 11:48:56] --- current time step: 141 (frenet_interface.py:257)
INFO     [2025-01-12 11:48:56] --- current velocity: 0.043761594423950285 (frenet_interface.py:258)
INFO     [2025-01-12 11:48:56] --- current target velocity: 0.0437615948263689 (frenet_interface.py:259)
INFO     [2025-01-12 11:48:56] --- Sampled interval of velocity: 0.00 m/s - 5.79 m/s (planner.py:310)
INFO     [2025-01-12 11:48:56] --- current time step: 142 (frenet_interface.py:280)
INFO     [2025-01-12 11:48:56] --- current velocity: 0.04376159402370688 (frenet_interface.py:281)
INFO     [2025-01-12 11:48:56] --- current target velocity: 0.043761594423950285 (frenet_interface.py:282)
INFO     [2025-01-12 11:48:57] --- Sampled interval of velocity: 0.00 m/s - 5.79 m/s (planner.py:310)
INFO     [2025-01-12 11:48:57] --- current time step: 143 (frenet_interface.py:280)
INFO     [2025-01-12 11:48:57] --- current velocity: 0.04376159362553352 (frenet_interface.py:281)
INFO     [2025-01-12 11:48:57] --- current target velocity: 0.04376159402370688 (frenet_interface.py:282)
INFO     [2025-01-12 11:48:57] --- Sampled interval of velocity: 0.00 m/s - 5.79 m/s (planner.py:310)
INFO     [2025-01-12 11:48:57] --- select trajectory 786 (reactive_planner_cpp.py:382)
INFO     [2025-01-12 11:48:57] --- current time step: 144 (frenet_interface.py:257)
INFO     [2025-01-12 11:48:57] --- current velocity: 0.04376159323414618 (frenet_interface.py:258)
INFO     [2025-01-12 11:48:57] --- current target velocity: 0.04376159362553352 (frenet_interface.py:259)
INFO     [2025-01-12 11:48:58] --- Sampled interval of velocity: 0.00 m/s - 5.79 m/s (planner.py:310)
INFO     [2025-01-12 11:48:58] --- current time step: 145 (frenet_interface.py:280)
INFO     [2025-01-12 11:48:58] --- current velocity: 0.04376159284344839 (frenet_interface.py:281)
INFO     [2025-01-12 11:48:58] --- current target velocity: 0.04376159323414618 (frenet_interface.py:282)
